[2025-03-18T14:22:23.673+0000] {processor.py:161} INFO - Started process (PID=284) to work on /home/airflow/.local/lib/python3.12/site-packages/airflow/example_dags/example_branch_labels.py
[2025-03-18T14:22:23.674+0000] {processor.py:830} INFO - Processing file /home/airflow/.local/lib/python3.12/site-packages/airflow/example_dags/example_branch_labels.py for tasks to queue
[2025-03-18T14:22:23.676+0000] {logging_mixin.py:188} INFO - [2025-03-18T14:22:23.675+0000] {dagbag.py:545} INFO - Filling up the DagBag from /home/airflow/.local/lib/python3.12/site-packages/airflow/example_dags/example_branch_labels.py
[2025-03-18T14:22:23.695+0000] {processor.py:840} INFO - DAG(s) 'example_branch_labels' retrieved from /home/airflow/.local/lib/python3.12/site-packages/airflow/example_dags/example_branch_labels.py
[2025-03-18T14:22:23.724+0000] {logging_mixin.py:188} INFO - [2025-03-18T14:22:23.723+0000] {dag.py:3096} INFO - Sync 1 DAGs
[2025-03-18T14:22:23.749+0000] {logging_mixin.py:188} INFO - [2025-03-18T14:22:23.748+0000] {dag.py:3954} INFO - Setting next_dagrun for example_branch_labels to 2025-03-17 00:00:00+00:00, run_after=2025-03-18 00:00:00+00:00
[2025-03-18T14:22:23.774+0000] {processor.py:183} INFO - Processing /home/airflow/.local/lib/python3.12/site-packages/airflow/example_dags/example_branch_labels.py took 0.107 seconds
[2025-03-18T14:22:54.006+0000] {processor.py:161} INFO - Started process (PID=548) to work on /home/airflow/.local/lib/python3.12/site-packages/airflow/example_dags/example_branch_labels.py
[2025-03-18T14:22:54.007+0000] {processor.py:830} INFO - Processing file /home/airflow/.local/lib/python3.12/site-packages/airflow/example_dags/example_branch_labels.py for tasks to queue
[2025-03-18T14:22:54.008+0000] {logging_mixin.py:188} INFO - [2025-03-18T14:22:54.008+0000] {dagbag.py:545} INFO - Filling up the DagBag from /home/airflow/.local/lib/python3.12/site-packages/airflow/example_dags/example_branch_labels.py
[2025-03-18T14:22:54.014+0000] {processor.py:840} INFO - DAG(s) 'example_branch_labels' retrieved from /home/airflow/.local/lib/python3.12/site-packages/airflow/example_dags/example_branch_labels.py
[2025-03-18T14:22:54.034+0000] {logging_mixin.py:188} INFO - [2025-03-18T14:22:54.034+0000] {dag.py:3096} INFO - Sync 1 DAGs
[2025-03-18T14:22:54.055+0000] {logging_mixin.py:188} INFO - [2025-03-18T14:22:54.055+0000] {dag.py:3954} INFO - Setting next_dagrun for example_branch_labels to 2025-03-17 00:00:00+00:00, run_after=2025-03-18 00:00:00+00:00
[2025-03-18T14:22:54.075+0000] {processor.py:183} INFO - Processing /home/airflow/.local/lib/python3.12/site-packages/airflow/example_dags/example_branch_labels.py took 0.074 seconds
[2025-03-18T14:23:24.332+0000] {processor.py:161} INFO - Started process (PID=808) to work on /home/airflow/.local/lib/python3.12/site-packages/airflow/example_dags/example_branch_labels.py
[2025-03-18T14:23:24.334+0000] {processor.py:830} INFO - Processing file /home/airflow/.local/lib/python3.12/site-packages/airflow/example_dags/example_branch_labels.py for tasks to queue
[2025-03-18T14:23:24.336+0000] {logging_mixin.py:188} INFO - [2025-03-18T14:23:24.335+0000] {dagbag.py:545} INFO - Filling up the DagBag from /home/airflow/.local/lib/python3.12/site-packages/airflow/example_dags/example_branch_labels.py
[2025-03-18T14:23:24.344+0000] {processor.py:840} INFO - DAG(s) 'example_branch_labels' retrieved from /home/airflow/.local/lib/python3.12/site-packages/airflow/example_dags/example_branch_labels.py
[2025-03-18T14:23:24.369+0000] {logging_mixin.py:188} INFO - [2025-03-18T14:23:24.369+0000] {dag.py:3096} INFO - Sync 1 DAGs
[2025-03-18T14:23:24.411+0000] {logging_mixin.py:188} INFO - [2025-03-18T14:23:24.410+0000] {dag.py:3954} INFO - Setting next_dagrun for example_branch_labels to 2025-03-17 00:00:00+00:00, run_after=2025-03-18 00:00:00+00:00
[2025-03-18T14:23:24.440+0000] {processor.py:183} INFO - Processing /home/airflow/.local/lib/python3.12/site-packages/airflow/example_dags/example_branch_labels.py took 0.115 seconds
[2025-03-18T14:23:54.958+0000] {processor.py:161} INFO - Started process (PID=1072) to work on /home/airflow/.local/lib/python3.12/site-packages/airflow/example_dags/example_branch_labels.py
[2025-03-18T14:23:54.959+0000] {processor.py:830} INFO - Processing file /home/airflow/.local/lib/python3.12/site-packages/airflow/example_dags/example_branch_labels.py for tasks to queue
[2025-03-18T14:23:54.961+0000] {logging_mixin.py:188} INFO - [2025-03-18T14:23:54.960+0000] {dagbag.py:545} INFO - Filling up the DagBag from /home/airflow/.local/lib/python3.12/site-packages/airflow/example_dags/example_branch_labels.py
[2025-03-18T14:23:54.967+0000] {processor.py:840} INFO - DAG(s) 'example_branch_labels' retrieved from /home/airflow/.local/lib/python3.12/site-packages/airflow/example_dags/example_branch_labels.py
[2025-03-18T14:23:54.986+0000] {logging_mixin.py:188} INFO - [2025-03-18T14:23:54.986+0000] {dag.py:3096} INFO - Sync 1 DAGs
[2025-03-18T14:23:55.006+0000] {logging_mixin.py:188} INFO - [2025-03-18T14:23:55.005+0000] {dag.py:3954} INFO - Setting next_dagrun for example_branch_labels to 2025-03-17 00:00:00+00:00, run_after=2025-03-18 00:00:00+00:00
[2025-03-18T14:23:55.039+0000] {processor.py:183} INFO - Processing /home/airflow/.local/lib/python3.12/site-packages/airflow/example_dags/example_branch_labels.py took 0.087 seconds
[2025-03-18T14:24:25.242+0000] {processor.py:161} INFO - Started process (PID=1334) to work on /home/airflow/.local/lib/python3.12/site-packages/airflow/example_dags/example_branch_labels.py
[2025-03-18T14:24:25.243+0000] {processor.py:830} INFO - Processing file /home/airflow/.local/lib/python3.12/site-packages/airflow/example_dags/example_branch_labels.py for tasks to queue
[2025-03-18T14:24:25.245+0000] {logging_mixin.py:188} INFO - [2025-03-18T14:24:25.244+0000] {dagbag.py:545} INFO - Filling up the DagBag from /home/airflow/.local/lib/python3.12/site-packages/airflow/example_dags/example_branch_labels.py
[2025-03-18T14:24:25.251+0000] {processor.py:840} INFO - DAG(s) 'example_branch_labels' retrieved from /home/airflow/.local/lib/python3.12/site-packages/airflow/example_dags/example_branch_labels.py
[2025-03-18T14:24:25.271+0000] {logging_mixin.py:188} INFO - [2025-03-18T14:24:25.271+0000] {dag.py:3096} INFO - Sync 1 DAGs
[2025-03-18T14:24:25.289+0000] {logging_mixin.py:188} INFO - [2025-03-18T14:24:25.289+0000] {dag.py:3954} INFO - Setting next_dagrun for example_branch_labels to 2025-03-17 00:00:00+00:00, run_after=2025-03-18 00:00:00+00:00
[2025-03-18T14:24:25.320+0000] {processor.py:183} INFO - Processing /home/airflow/.local/lib/python3.12/site-packages/airflow/example_dags/example_branch_labels.py took 0.083 seconds
[2025-03-18T14:24:55.575+0000] {processor.py:161} INFO - Started process (PID=1602) to work on /home/airflow/.local/lib/python3.12/site-packages/airflow/example_dags/example_branch_labels.py
[2025-03-18T14:24:55.576+0000] {processor.py:830} INFO - Processing file /home/airflow/.local/lib/python3.12/site-packages/airflow/example_dags/example_branch_labels.py for tasks to queue
[2025-03-18T14:24:55.578+0000] {logging_mixin.py:188} INFO - [2025-03-18T14:24:55.578+0000] {dagbag.py:545} INFO - Filling up the DagBag from /home/airflow/.local/lib/python3.12/site-packages/airflow/example_dags/example_branch_labels.py
[2025-03-18T14:24:55.585+0000] {processor.py:840} INFO - DAG(s) 'example_branch_labels' retrieved from /home/airflow/.local/lib/python3.12/site-packages/airflow/example_dags/example_branch_labels.py
[2025-03-18T14:24:55.606+0000] {logging_mixin.py:188} INFO - [2025-03-18T14:24:55.605+0000] {dag.py:3096} INFO - Sync 1 DAGs
[2025-03-18T14:24:55.627+0000] {logging_mixin.py:188} INFO - [2025-03-18T14:24:55.627+0000] {dag.py:3954} INFO - Setting next_dagrun for example_branch_labels to 2025-03-17 00:00:00+00:00, run_after=2025-03-18 00:00:00+00:00
[2025-03-18T14:24:55.648+0000] {processor.py:183} INFO - Processing /home/airflow/.local/lib/python3.12/site-packages/airflow/example_dags/example_branch_labels.py took 0.078 seconds
[2025-03-18T14:25:25.922+0000] {processor.py:161} INFO - Started process (PID=1862) to work on /home/airflow/.local/lib/python3.12/site-packages/airflow/example_dags/example_branch_labels.py
[2025-03-18T14:25:25.923+0000] {processor.py:830} INFO - Processing file /home/airflow/.local/lib/python3.12/site-packages/airflow/example_dags/example_branch_labels.py for tasks to queue
[2025-03-18T14:25:25.925+0000] {logging_mixin.py:188} INFO - [2025-03-18T14:25:25.925+0000] {dagbag.py:545} INFO - Filling up the DagBag from /home/airflow/.local/lib/python3.12/site-packages/airflow/example_dags/example_branch_labels.py
[2025-03-18T14:25:25.931+0000] {processor.py:840} INFO - DAG(s) 'example_branch_labels' retrieved from /home/airflow/.local/lib/python3.12/site-packages/airflow/example_dags/example_branch_labels.py
[2025-03-18T14:25:25.949+0000] {logging_mixin.py:188} INFO - [2025-03-18T14:25:25.949+0000] {dag.py:3096} INFO - Sync 1 DAGs
[2025-03-18T14:25:25.971+0000] {logging_mixin.py:188} INFO - [2025-03-18T14:25:25.970+0000] {dag.py:3954} INFO - Setting next_dagrun for example_branch_labels to 2025-03-17 00:00:00+00:00, run_after=2025-03-18 00:00:00+00:00
[2025-03-18T14:25:25.997+0000] {processor.py:183} INFO - Processing /home/airflow/.local/lib/python3.12/site-packages/airflow/example_dags/example_branch_labels.py took 0.079 seconds
[2025-03-18T14:25:56.071+0000] {processor.py:161} INFO - Started process (PID=2124) to work on /home/airflow/.local/lib/python3.12/site-packages/airflow/example_dags/example_branch_labels.py
[2025-03-18T14:25:56.072+0000] {processor.py:830} INFO - Processing file /home/airflow/.local/lib/python3.12/site-packages/airflow/example_dags/example_branch_labels.py for tasks to queue
[2025-03-18T14:25:56.074+0000] {logging_mixin.py:188} INFO - [2025-03-18T14:25:56.074+0000] {dagbag.py:545} INFO - Filling up the DagBag from /home/airflow/.local/lib/python3.12/site-packages/airflow/example_dags/example_branch_labels.py
[2025-03-18T14:25:56.080+0000] {processor.py:840} INFO - DAG(s) 'example_branch_labels' retrieved from /home/airflow/.local/lib/python3.12/site-packages/airflow/example_dags/example_branch_labels.py
[2025-03-18T14:25:56.101+0000] {logging_mixin.py:188} INFO - [2025-03-18T14:25:56.101+0000] {dag.py:3096} INFO - Sync 1 DAGs
[2025-03-18T14:25:56.122+0000] {logging_mixin.py:188} INFO - [2025-03-18T14:25:56.122+0000] {dag.py:3954} INFO - Setting next_dagrun for example_branch_labels to 2025-03-17 00:00:00+00:00, run_after=2025-03-18 00:00:00+00:00
[2025-03-18T14:25:56.143+0000] {processor.py:183} INFO - Processing /home/airflow/.local/lib/python3.12/site-packages/airflow/example_dags/example_branch_labels.py took 0.077 seconds
[2025-03-18T14:26:26.238+0000] {processor.py:161} INFO - Started process (PID=2386) to work on /home/airflow/.local/lib/python3.12/site-packages/airflow/example_dags/example_branch_labels.py
[2025-03-18T14:26:26.239+0000] {processor.py:830} INFO - Processing file /home/airflow/.local/lib/python3.12/site-packages/airflow/example_dags/example_branch_labels.py for tasks to queue
[2025-03-18T14:26:26.241+0000] {logging_mixin.py:188} INFO - [2025-03-18T14:26:26.241+0000] {dagbag.py:545} INFO - Filling up the DagBag from /home/airflow/.local/lib/python3.12/site-packages/airflow/example_dags/example_branch_labels.py
[2025-03-18T14:26:26.252+0000] {processor.py:840} INFO - DAG(s) 'example_branch_labels' retrieved from /home/airflow/.local/lib/python3.12/site-packages/airflow/example_dags/example_branch_labels.py
[2025-03-18T14:26:26.280+0000] {logging_mixin.py:188} INFO - [2025-03-18T14:26:26.279+0000] {dag.py:3096} INFO - Sync 1 DAGs
[2025-03-18T14:26:26.299+0000] {logging_mixin.py:188} INFO - [2025-03-18T14:26:26.298+0000] {dag.py:3954} INFO - Setting next_dagrun for example_branch_labels to 2025-03-17 00:00:00+00:00, run_after=2025-03-18 00:00:00+00:00
[2025-03-18T14:26:26.317+0000] {processor.py:183} INFO - Processing /home/airflow/.local/lib/python3.12/site-packages/airflow/example_dags/example_branch_labels.py took 0.085 seconds
