[2025-03-18T14:22:22.836+0000] {processor.py:161} INFO - Started process (PID=234) to work on /home/airflow/.local/lib/python3.12/site-packages/airflow/example_dags/example_python_decorator.py
[2025-03-18T14:22:22.837+0000] {processor.py:830} INFO - Processing file /home/airflow/.local/lib/python3.12/site-packages/airflow/example_dags/example_python_decorator.py for tasks to queue
[2025-03-18T14:22:22.839+0000] {logging_mixin.py:188} INFO - [2025-03-18T14:22:22.838+0000] {dagbag.py:545} INFO - Filling up the DagBag from /home/airflow/.local/lib/python3.12/site-packages/airflow/example_dags/example_python_decorator.py
[2025-03-18T14:22:22.852+0000] {processor.py:840} INFO - DAG(s) 'example_python_decorator' retrieved from /home/airflow/.local/lib/python3.12/site-packages/airflow/example_dags/example_python_decorator.py
[2025-03-18T14:22:22.956+0000] {logging_mixin.py:188} INFO - [2025-03-18T14:22:22.956+0000] {dag.py:3096} INFO - Sync 1 DAGs
[2025-03-18T14:22:22.968+0000] {logging_mixin.py:188} INFO - [2025-03-18T14:22:22.968+0000] {dag.py:3954} INFO - Setting next_dagrun for example_python_decorator to None, run_after=None
[2025-03-18T14:22:22.989+0000] {processor.py:183} INFO - Processing /home/airflow/.local/lib/python3.12/site-packages/airflow/example_dags/example_python_decorator.py took 0.158 seconds
[2025-03-18T14:22:53.071+0000] {processor.py:161} INFO - Started process (PID=496) to work on /home/airflow/.local/lib/python3.12/site-packages/airflow/example_dags/example_python_decorator.py
[2025-03-18T14:22:53.074+0000] {processor.py:830} INFO - Processing file /home/airflow/.local/lib/python3.12/site-packages/airflow/example_dags/example_python_decorator.py for tasks to queue
[2025-03-18T14:22:53.076+0000] {logging_mixin.py:188} INFO - [2025-03-18T14:22:53.075+0000] {dagbag.py:545} INFO - Filling up the DagBag from /home/airflow/.local/lib/python3.12/site-packages/airflow/example_dags/example_python_decorator.py
[2025-03-18T14:22:53.087+0000] {processor.py:840} INFO - DAG(s) 'example_python_decorator' retrieved from /home/airflow/.local/lib/python3.12/site-packages/airflow/example_dags/example_python_decorator.py
[2025-03-18T14:22:53.107+0000] {logging_mixin.py:188} INFO - [2025-03-18T14:22:53.107+0000] {dag.py:3096} INFO - Sync 1 DAGs
[2025-03-18T14:22:53.118+0000] {logging_mixin.py:188} INFO - [2025-03-18T14:22:53.118+0000] {dag.py:3954} INFO - Setting next_dagrun for example_python_decorator to None, run_after=None
[2025-03-18T14:22:53.156+0000] {processor.py:183} INFO - Processing /home/airflow/.local/lib/python3.12/site-packages/airflow/example_dags/example_python_decorator.py took 0.090 seconds
[2025-03-18T14:23:23.507+0000] {processor.py:161} INFO - Started process (PID=758) to work on /home/airflow/.local/lib/python3.12/site-packages/airflow/example_dags/example_python_decorator.py
[2025-03-18T14:23:23.508+0000] {processor.py:830} INFO - Processing file /home/airflow/.local/lib/python3.12/site-packages/airflow/example_dags/example_python_decorator.py for tasks to queue
[2025-03-18T14:23:23.510+0000] {logging_mixin.py:188} INFO - [2025-03-18T14:23:23.509+0000] {dagbag.py:545} INFO - Filling up the DagBag from /home/airflow/.local/lib/python3.12/site-packages/airflow/example_dags/example_python_decorator.py
[2025-03-18T14:23:23.527+0000] {processor.py:840} INFO - DAG(s) 'example_python_decorator' retrieved from /home/airflow/.local/lib/python3.12/site-packages/airflow/example_dags/example_python_decorator.py
[2025-03-18T14:23:23.550+0000] {logging_mixin.py:188} INFO - [2025-03-18T14:23:23.549+0000] {dag.py:3096} INFO - Sync 1 DAGs
[2025-03-18T14:23:23.564+0000] {logging_mixin.py:188} INFO - [2025-03-18T14:23:23.564+0000] {dag.py:3954} INFO - Setting next_dagrun for example_python_decorator to None, run_after=None
[2025-03-18T14:23:23.590+0000] {processor.py:183} INFO - Processing /home/airflow/.local/lib/python3.12/site-packages/airflow/example_dags/example_python_decorator.py took 0.089 seconds
[2025-03-18T14:23:54.234+0000] {processor.py:161} INFO - Started process (PID=1020) to work on /home/airflow/.local/lib/python3.12/site-packages/airflow/example_dags/example_python_decorator.py
[2025-03-18T14:23:54.235+0000] {processor.py:830} INFO - Processing file /home/airflow/.local/lib/python3.12/site-packages/airflow/example_dags/example_python_decorator.py for tasks to queue
[2025-03-18T14:23:54.237+0000] {logging_mixin.py:188} INFO - [2025-03-18T14:23:54.236+0000] {dagbag.py:545} INFO - Filling up the DagBag from /home/airflow/.local/lib/python3.12/site-packages/airflow/example_dags/example_python_decorator.py
[2025-03-18T14:23:54.249+0000] {processor.py:840} INFO - DAG(s) 'example_python_decorator' retrieved from /home/airflow/.local/lib/python3.12/site-packages/airflow/example_dags/example_python_decorator.py
[2025-03-18T14:23:54.271+0000] {logging_mixin.py:188} INFO - [2025-03-18T14:23:54.271+0000] {dag.py:3096} INFO - Sync 1 DAGs
[2025-03-18T14:23:54.287+0000] {logging_mixin.py:188} INFO - [2025-03-18T14:23:54.286+0000] {dag.py:3954} INFO - Setting next_dagrun for example_python_decorator to None, run_after=None
[2025-03-18T14:23:54.311+0000] {processor.py:183} INFO - Processing /home/airflow/.local/lib/python3.12/site-packages/airflow/example_dags/example_python_decorator.py took 0.082 seconds
[2025-03-18T14:24:24.545+0000] {processor.py:161} INFO - Started process (PID=1282) to work on /home/airflow/.local/lib/python3.12/site-packages/airflow/example_dags/example_python_decorator.py
[2025-03-18T14:24:24.546+0000] {processor.py:830} INFO - Processing file /home/airflow/.local/lib/python3.12/site-packages/airflow/example_dags/example_python_decorator.py for tasks to queue
[2025-03-18T14:24:24.548+0000] {logging_mixin.py:188} INFO - [2025-03-18T14:24:24.548+0000] {dagbag.py:545} INFO - Filling up the DagBag from /home/airflow/.local/lib/python3.12/site-packages/airflow/example_dags/example_python_decorator.py
[2025-03-18T14:24:24.559+0000] {processor.py:840} INFO - DAG(s) 'example_python_decorator' retrieved from /home/airflow/.local/lib/python3.12/site-packages/airflow/example_dags/example_python_decorator.py
[2025-03-18T14:24:24.579+0000] {logging_mixin.py:188} INFO - [2025-03-18T14:24:24.579+0000] {dag.py:3096} INFO - Sync 1 DAGs
[2025-03-18T14:24:24.592+0000] {logging_mixin.py:188} INFO - [2025-03-18T14:24:24.592+0000] {dag.py:3954} INFO - Setting next_dagrun for example_python_decorator to None, run_after=None
[2025-03-18T14:24:24.613+0000] {processor.py:183} INFO - Processing /home/airflow/.local/lib/python3.12/site-packages/airflow/example_dags/example_python_decorator.py took 0.073 seconds
[2025-03-18T14:24:54.886+0000] {processor.py:161} INFO - Started process (PID=1544) to work on /home/airflow/.local/lib/python3.12/site-packages/airflow/example_dags/example_python_decorator.py
[2025-03-18T14:24:54.887+0000] {processor.py:830} INFO - Processing file /home/airflow/.local/lib/python3.12/site-packages/airflow/example_dags/example_python_decorator.py for tasks to queue
[2025-03-18T14:24:54.888+0000] {logging_mixin.py:188} INFO - [2025-03-18T14:24:54.888+0000] {dagbag.py:545} INFO - Filling up the DagBag from /home/airflow/.local/lib/python3.12/site-packages/airflow/example_dags/example_python_decorator.py
[2025-03-18T14:24:54.899+0000] {processor.py:840} INFO - DAG(s) 'example_python_decorator' retrieved from /home/airflow/.local/lib/python3.12/site-packages/airflow/example_dags/example_python_decorator.py
[2025-03-18T14:24:54.920+0000] {logging_mixin.py:188} INFO - [2025-03-18T14:24:54.920+0000] {dag.py:3096} INFO - Sync 1 DAGs
[2025-03-18T14:24:54.932+0000] {logging_mixin.py:188} INFO - [2025-03-18T14:24:54.932+0000] {dag.py:3954} INFO - Setting next_dagrun for example_python_decorator to None, run_after=None
[2025-03-18T14:24:54.959+0000] {processor.py:183} INFO - Processing /home/airflow/.local/lib/python3.12/site-packages/airflow/example_dags/example_python_decorator.py took 0.078 seconds
[2025-03-18T14:25:25.220+0000] {processor.py:161} INFO - Started process (PID=1806) to work on /home/airflow/.local/lib/python3.12/site-packages/airflow/example_dags/example_python_decorator.py
[2025-03-18T14:25:25.221+0000] {processor.py:830} INFO - Processing file /home/airflow/.local/lib/python3.12/site-packages/airflow/example_dags/example_python_decorator.py for tasks to queue
[2025-03-18T14:25:25.223+0000] {logging_mixin.py:188} INFO - [2025-03-18T14:25:25.223+0000] {dagbag.py:545} INFO - Filling up the DagBag from /home/airflow/.local/lib/python3.12/site-packages/airflow/example_dags/example_python_decorator.py
[2025-03-18T14:25:25.233+0000] {processor.py:840} INFO - DAG(s) 'example_python_decorator' retrieved from /home/airflow/.local/lib/python3.12/site-packages/airflow/example_dags/example_python_decorator.py
[2025-03-18T14:25:25.252+0000] {logging_mixin.py:188} INFO - [2025-03-18T14:25:25.252+0000] {dag.py:3096} INFO - Sync 1 DAGs
[2025-03-18T14:25:25.262+0000] {logging_mixin.py:188} INFO - [2025-03-18T14:25:25.262+0000] {dag.py:3954} INFO - Setting next_dagrun for example_python_decorator to None, run_after=None
[2025-03-18T14:25:25.294+0000] {processor.py:183} INFO - Processing /home/airflow/.local/lib/python3.12/site-packages/airflow/example_dags/example_python_decorator.py took 0.078 seconds
[2025-03-18T14:25:55.396+0000] {processor.py:161} INFO - Started process (PID=2068) to work on /home/airflow/.local/lib/python3.12/site-packages/airflow/example_dags/example_python_decorator.py
[2025-03-18T14:25:55.397+0000] {processor.py:830} INFO - Processing file /home/airflow/.local/lib/python3.12/site-packages/airflow/example_dags/example_python_decorator.py for tasks to queue
[2025-03-18T14:25:55.399+0000] {logging_mixin.py:188} INFO - [2025-03-18T14:25:55.399+0000] {dagbag.py:545} INFO - Filling up the DagBag from /home/airflow/.local/lib/python3.12/site-packages/airflow/example_dags/example_python_decorator.py
[2025-03-18T14:25:55.412+0000] {processor.py:840} INFO - DAG(s) 'example_python_decorator' retrieved from /home/airflow/.local/lib/python3.12/site-packages/airflow/example_dags/example_python_decorator.py
[2025-03-18T14:25:55.433+0000] {logging_mixin.py:188} INFO - [2025-03-18T14:25:55.433+0000] {dag.py:3096} INFO - Sync 1 DAGs
[2025-03-18T14:25:55.447+0000] {logging_mixin.py:188} INFO - [2025-03-18T14:25:55.447+0000] {dag.py:3954} INFO - Setting next_dagrun for example_python_decorator to None, run_after=None
[2025-03-18T14:25:55.470+0000] {processor.py:183} INFO - Processing /home/airflow/.local/lib/python3.12/site-packages/airflow/example_dags/example_python_decorator.py took 0.080 seconds
[2025-03-18T14:26:25.571+0000] {processor.py:161} INFO - Started process (PID=2336) to work on /home/airflow/.local/lib/python3.12/site-packages/airflow/example_dags/example_python_decorator.py
[2025-03-18T14:26:25.572+0000] {processor.py:830} INFO - Processing file /home/airflow/.local/lib/python3.12/site-packages/airflow/example_dags/example_python_decorator.py for tasks to queue
[2025-03-18T14:26:25.574+0000] {logging_mixin.py:188} INFO - [2025-03-18T14:26:25.574+0000] {dagbag.py:545} INFO - Filling up the DagBag from /home/airflow/.local/lib/python3.12/site-packages/airflow/example_dags/example_python_decorator.py
[2025-03-18T14:26:25.584+0000] {processor.py:840} INFO - DAG(s) 'example_python_decorator' retrieved from /home/airflow/.local/lib/python3.12/site-packages/airflow/example_dags/example_python_decorator.py
[2025-03-18T14:26:25.603+0000] {logging_mixin.py:188} INFO - [2025-03-18T14:26:25.602+0000] {dag.py:3096} INFO - Sync 1 DAGs
[2025-03-18T14:26:25.614+0000] {logging_mixin.py:188} INFO - [2025-03-18T14:26:25.613+0000] {dag.py:3954} INFO - Setting next_dagrun for example_python_decorator to None, run_after=None
[2025-03-18T14:26:25.632+0000] {processor.py:183} INFO - Processing /home/airflow/.local/lib/python3.12/site-packages/airflow/example_dags/example_python_decorator.py took 0.066 seconds
[2025-03-18T14:26:56.033+0000] {processor.py:161} INFO - Started process (PID=2658) to work on /home/airflow/.local/lib/python3.12/site-packages/airflow/example_dags/example_python_decorator.py
[2025-03-18T14:26:56.034+0000] {processor.py:830} INFO - Processing file /home/airflow/.local/lib/python3.12/site-packages/airflow/example_dags/example_python_decorator.py for tasks to queue
[2025-03-18T14:26:56.036+0000] {logging_mixin.py:188} INFO - [2025-03-18T14:26:56.036+0000] {dagbag.py:545} INFO - Filling up the DagBag from /home/airflow/.local/lib/python3.12/site-packages/airflow/example_dags/example_python_decorator.py
[2025-03-18T14:26:56.049+0000] {processor.py:840} INFO - DAG(s) 'example_python_decorator' retrieved from /home/airflow/.local/lib/python3.12/site-packages/airflow/example_dags/example_python_decorator.py
[2025-03-18T14:26:56.069+0000] {logging_mixin.py:188} INFO - [2025-03-18T14:26:56.069+0000] {dag.py:3096} INFO - Sync 1 DAGs
[2025-03-18T14:26:56.083+0000] {logging_mixin.py:188} INFO - [2025-03-18T14:26:56.082+0000] {dag.py:3954} INFO - Setting next_dagrun for example_python_decorator to None, run_after=None
[2025-03-18T14:26:56.102+0000] {processor.py:183} INFO - Processing /home/airflow/.local/lib/python3.12/site-packages/airflow/example_dags/example_python_decorator.py took 0.074 seconds
