[2025-03-18T14:22:23.310+0000] {processor.py:161} INFO - Started process (PID=259) to work on /home/airflow/.local/lib/python3.12/site-packages/airflow/example_dags/example_branch_day_of_week_operator.py
[2025-03-18T14:22:23.311+0000] {processor.py:830} INFO - Processing file /home/airflow/.local/lib/python3.12/site-packages/airflow/example_dags/example_branch_day_of_week_operator.py for tasks to queue
[2025-03-18T14:22:23.314+0000] {logging_mixin.py:188} INFO - [2025-03-18T14:22:23.313+0000] {dagbag.py:545} INFO - Filling up the DagBag from /home/airflow/.local/lib/python3.12/site-packages/airflow/example_dags/example_branch_day_of_week_operator.py
[2025-03-18T14:22:23.323+0000] {processor.py:840} INFO - DAG(s) 'example_weekday_branch_operator' retrieved from /home/airflow/.local/lib/python3.12/site-packages/airflow/example_dags/example_branch_day_of_week_operator.py
[2025-03-18T14:22:23.353+0000] {logging_mixin.py:188} INFO - [2025-03-18T14:22:23.353+0000] {dag.py:3096} INFO - Sync 1 DAGs
[2025-03-18T14:22:23.395+0000] {logging_mixin.py:188} INFO - [2025-03-18T14:22:23.395+0000] {dag.py:3954} INFO - Setting next_dagrun for example_weekday_branch_operator to 2025-03-17 00:00:00+00:00, run_after=2025-03-18 00:00:00+00:00
[2025-03-18T14:22:23.426+0000] {processor.py:183} INFO - Processing /home/airflow/.local/lib/python3.12/site-packages/airflow/example_dags/example_branch_day_of_week_operator.py took 0.121 seconds
[2025-03-18T14:22:53.539+0000] {processor.py:161} INFO - Started process (PID=523) to work on /home/airflow/.local/lib/python3.12/site-packages/airflow/example_dags/example_branch_day_of_week_operator.py
[2025-03-18T14:22:53.541+0000] {processor.py:830} INFO - Processing file /home/airflow/.local/lib/python3.12/site-packages/airflow/example_dags/example_branch_day_of_week_operator.py for tasks to queue
[2025-03-18T14:22:53.542+0000] {logging_mixin.py:188} INFO - [2025-03-18T14:22:53.542+0000] {dagbag.py:545} INFO - Filling up the DagBag from /home/airflow/.local/lib/python3.12/site-packages/airflow/example_dags/example_branch_day_of_week_operator.py
[2025-03-18T14:22:53.549+0000] {processor.py:840} INFO - DAG(s) 'example_weekday_branch_operator' retrieved from /home/airflow/.local/lib/python3.12/site-packages/airflow/example_dags/example_branch_day_of_week_operator.py
[2025-03-18T14:22:53.568+0000] {logging_mixin.py:188} INFO - [2025-03-18T14:22:53.568+0000] {dag.py:3096} INFO - Sync 1 DAGs
[2025-03-18T14:22:53.590+0000] {logging_mixin.py:188} INFO - [2025-03-18T14:22:53.590+0000] {dag.py:3954} INFO - Setting next_dagrun for example_weekday_branch_operator to 2025-03-17 00:00:00+00:00, run_after=2025-03-18 00:00:00+00:00
[2025-03-18T14:22:53.609+0000] {processor.py:183} INFO - Processing /home/airflow/.local/lib/python3.12/site-packages/airflow/example_dags/example_branch_day_of_week_operator.py took 0.075 seconds
[2025-03-18T14:23:23.955+0000] {processor.py:161} INFO - Started process (PID=785) to work on /home/airflow/.local/lib/python3.12/site-packages/airflow/example_dags/example_branch_day_of_week_operator.py
[2025-03-18T14:23:23.956+0000] {processor.py:830} INFO - Processing file /home/airflow/.local/lib/python3.12/site-packages/airflow/example_dags/example_branch_day_of_week_operator.py for tasks to queue
[2025-03-18T14:23:23.958+0000] {logging_mixin.py:188} INFO - [2025-03-18T14:23:23.958+0000] {dagbag.py:545} INFO - Filling up the DagBag from /home/airflow/.local/lib/python3.12/site-packages/airflow/example_dags/example_branch_day_of_week_operator.py
[2025-03-18T14:23:23.966+0000] {processor.py:840} INFO - DAG(s) 'example_weekday_branch_operator' retrieved from /home/airflow/.local/lib/python3.12/site-packages/airflow/example_dags/example_branch_day_of_week_operator.py
[2025-03-18T14:23:23.991+0000] {logging_mixin.py:188} INFO - [2025-03-18T14:23:23.991+0000] {dag.py:3096} INFO - Sync 1 DAGs
[2025-03-18T14:23:24.014+0000] {logging_mixin.py:188} INFO - [2025-03-18T14:23:24.013+0000] {dag.py:3954} INFO - Setting next_dagrun for example_weekday_branch_operator to 2025-03-17 00:00:00+00:00, run_after=2025-03-18 00:00:00+00:00
[2025-03-18T14:23:24.036+0000] {processor.py:183} INFO - Processing /home/airflow/.local/lib/python3.12/site-packages/airflow/example_dags/example_branch_day_of_week_operator.py took 0.085 seconds
[2025-03-18T14:23:54.606+0000] {processor.py:161} INFO - Started process (PID=1047) to work on /home/airflow/.local/lib/python3.12/site-packages/airflow/example_dags/example_branch_day_of_week_operator.py
[2025-03-18T14:23:54.607+0000] {processor.py:830} INFO - Processing file /home/airflow/.local/lib/python3.12/site-packages/airflow/example_dags/example_branch_day_of_week_operator.py for tasks to queue
[2025-03-18T14:23:54.609+0000] {logging_mixin.py:188} INFO - [2025-03-18T14:23:54.609+0000] {dagbag.py:545} INFO - Filling up the DagBag from /home/airflow/.local/lib/python3.12/site-packages/airflow/example_dags/example_branch_day_of_week_operator.py
[2025-03-18T14:23:54.615+0000] {processor.py:840} INFO - DAG(s) 'example_weekday_branch_operator' retrieved from /home/airflow/.local/lib/python3.12/site-packages/airflow/example_dags/example_branch_day_of_week_operator.py
[2025-03-18T14:23:54.633+0000] {logging_mixin.py:188} INFO - [2025-03-18T14:23:54.633+0000] {dag.py:3096} INFO - Sync 1 DAGs
[2025-03-18T14:23:54.655+0000] {logging_mixin.py:188} INFO - [2025-03-18T14:23:54.654+0000] {dag.py:3954} INFO - Setting next_dagrun for example_weekday_branch_operator to 2025-03-17 00:00:00+00:00, run_after=2025-03-18 00:00:00+00:00
[2025-03-18T14:23:54.680+0000] {processor.py:183} INFO - Processing /home/airflow/.local/lib/python3.12/site-packages/airflow/example_dags/example_branch_day_of_week_operator.py took 0.079 seconds
[2025-03-18T14:24:24.886+0000] {processor.py:161} INFO - Started process (PID=1307) to work on /home/airflow/.local/lib/python3.12/site-packages/airflow/example_dags/example_branch_day_of_week_operator.py
[2025-03-18T14:24:24.887+0000] {processor.py:830} INFO - Processing file /home/airflow/.local/lib/python3.12/site-packages/airflow/example_dags/example_branch_day_of_week_operator.py for tasks to queue
[2025-03-18T14:24:24.889+0000] {logging_mixin.py:188} INFO - [2025-03-18T14:24:24.888+0000] {dagbag.py:545} INFO - Filling up the DagBag from /home/airflow/.local/lib/python3.12/site-packages/airflow/example_dags/example_branch_day_of_week_operator.py
[2025-03-18T14:24:24.895+0000] {processor.py:840} INFO - DAG(s) 'example_weekday_branch_operator' retrieved from /home/airflow/.local/lib/python3.12/site-packages/airflow/example_dags/example_branch_day_of_week_operator.py
[2025-03-18T14:24:24.913+0000] {logging_mixin.py:188} INFO - [2025-03-18T14:24:24.913+0000] {dag.py:3096} INFO - Sync 1 DAGs
[2025-03-18T14:24:24.936+0000] {logging_mixin.py:188} INFO - [2025-03-18T14:24:24.936+0000] {dag.py:3954} INFO - Setting next_dagrun for example_weekday_branch_operator to 2025-03-17 00:00:00+00:00, run_after=2025-03-18 00:00:00+00:00
[2025-03-18T14:24:24.969+0000] {processor.py:183} INFO - Processing /home/airflow/.local/lib/python3.12/site-packages/airflow/example_dags/example_branch_day_of_week_operator.py took 0.088 seconds
[2025-03-18T14:24:55.232+0000] {processor.py:161} INFO - Started process (PID=1571) to work on /home/airflow/.local/lib/python3.12/site-packages/airflow/example_dags/example_branch_day_of_week_operator.py
[2025-03-18T14:24:55.233+0000] {processor.py:830} INFO - Processing file /home/airflow/.local/lib/python3.12/site-packages/airflow/example_dags/example_branch_day_of_week_operator.py for tasks to queue
[2025-03-18T14:24:55.234+0000] {logging_mixin.py:188} INFO - [2025-03-18T14:24:55.234+0000] {dagbag.py:545} INFO - Filling up the DagBag from /home/airflow/.local/lib/python3.12/site-packages/airflow/example_dags/example_branch_day_of_week_operator.py
[2025-03-18T14:24:55.241+0000] {processor.py:840} INFO - DAG(s) 'example_weekday_branch_operator' retrieved from /home/airflow/.local/lib/python3.12/site-packages/airflow/example_dags/example_branch_day_of_week_operator.py
[2025-03-18T14:24:55.259+0000] {logging_mixin.py:188} INFO - [2025-03-18T14:24:55.259+0000] {dag.py:3096} INFO - Sync 1 DAGs
[2025-03-18T14:24:55.280+0000] {logging_mixin.py:188} INFO - [2025-03-18T14:24:55.279+0000] {dag.py:3954} INFO - Setting next_dagrun for example_weekday_branch_operator to 2025-03-17 00:00:00+00:00, run_after=2025-03-18 00:00:00+00:00
[2025-03-18T14:24:55.312+0000] {processor.py:183} INFO - Processing /home/airflow/.local/lib/python3.12/site-packages/airflow/example_dags/example_branch_day_of_week_operator.py took 0.087 seconds
[2025-03-18T14:25:25.565+0000] {processor.py:161} INFO - Started process (PID=1839) to work on /home/airflow/.local/lib/python3.12/site-packages/airflow/example_dags/example_branch_day_of_week_operator.py
[2025-03-18T14:25:25.567+0000] {processor.py:830} INFO - Processing file /home/airflow/.local/lib/python3.12/site-packages/airflow/example_dags/example_branch_day_of_week_operator.py for tasks to queue
[2025-03-18T14:25:25.569+0000] {logging_mixin.py:188} INFO - [2025-03-18T14:25:25.569+0000] {dagbag.py:545} INFO - Filling up the DagBag from /home/airflow/.local/lib/python3.12/site-packages/airflow/example_dags/example_branch_day_of_week_operator.py
[2025-03-18T14:25:25.580+0000] {processor.py:840} INFO - DAG(s) 'example_weekday_branch_operator' retrieved from /home/airflow/.local/lib/python3.12/site-packages/airflow/example_dags/example_branch_day_of_week_operator.py
[2025-03-18T14:25:25.602+0000] {logging_mixin.py:188} INFO - [2025-03-18T14:25:25.601+0000] {dag.py:3096} INFO - Sync 1 DAGs
[2025-03-18T14:25:25.622+0000] {logging_mixin.py:188} INFO - [2025-03-18T14:25:25.622+0000] {dag.py:3954} INFO - Setting next_dagrun for example_weekday_branch_operator to 2025-03-17 00:00:00+00:00, run_after=2025-03-18 00:00:00+00:00
[2025-03-18T14:25:25.652+0000] {processor.py:183} INFO - Processing /home/airflow/.local/lib/python3.12/site-packages/airflow/example_dags/example_branch_day_of_week_operator.py took 0.092 seconds
[2025-03-18T14:25:55.744+0000] {processor.py:161} INFO - Started process (PID=2101) to work on /home/airflow/.local/lib/python3.12/site-packages/airflow/example_dags/example_branch_day_of_week_operator.py
[2025-03-18T14:25:55.745+0000] {processor.py:830} INFO - Processing file /home/airflow/.local/lib/python3.12/site-packages/airflow/example_dags/example_branch_day_of_week_operator.py for tasks to queue
[2025-03-18T14:25:55.747+0000] {logging_mixin.py:188} INFO - [2025-03-18T14:25:55.747+0000] {dagbag.py:545} INFO - Filling up the DagBag from /home/airflow/.local/lib/python3.12/site-packages/airflow/example_dags/example_branch_day_of_week_operator.py
[2025-03-18T14:25:55.754+0000] {processor.py:840} INFO - DAG(s) 'example_weekday_branch_operator' retrieved from /home/airflow/.local/lib/python3.12/site-packages/airflow/example_dags/example_branch_day_of_week_operator.py
[2025-03-18T14:25:55.773+0000] {logging_mixin.py:188} INFO - [2025-03-18T14:25:55.773+0000] {dag.py:3096} INFO - Sync 1 DAGs
[2025-03-18T14:25:55.795+0000] {logging_mixin.py:188} INFO - [2025-03-18T14:25:55.795+0000] {dag.py:3954} INFO - Setting next_dagrun for example_weekday_branch_operator to 2025-03-17 00:00:00+00:00, run_after=2025-03-18 00:00:00+00:00
[2025-03-18T14:25:55.814+0000] {processor.py:183} INFO - Processing /home/airflow/.local/lib/python3.12/site-packages/airflow/example_dags/example_branch_day_of_week_operator.py took 0.076 seconds
[2025-03-18T14:26:25.932+0000] {processor.py:161} INFO - Started process (PID=2361) to work on /home/airflow/.local/lib/python3.12/site-packages/airflow/example_dags/example_branch_day_of_week_operator.py
[2025-03-18T14:26:25.933+0000] {processor.py:830} INFO - Processing file /home/airflow/.local/lib/python3.12/site-packages/airflow/example_dags/example_branch_day_of_week_operator.py for tasks to queue
[2025-03-18T14:26:25.935+0000] {logging_mixin.py:188} INFO - [2025-03-18T14:26:25.935+0000] {dagbag.py:545} INFO - Filling up the DagBag from /home/airflow/.local/lib/python3.12/site-packages/airflow/example_dags/example_branch_day_of_week_operator.py
[2025-03-18T14:26:25.941+0000] {processor.py:840} INFO - DAG(s) 'example_weekday_branch_operator' retrieved from /home/airflow/.local/lib/python3.12/site-packages/airflow/example_dags/example_branch_day_of_week_operator.py
[2025-03-18T14:26:25.959+0000] {logging_mixin.py:188} INFO - [2025-03-18T14:26:25.959+0000] {dag.py:3096} INFO - Sync 1 DAGs
[2025-03-18T14:26:25.978+0000] {logging_mixin.py:188} INFO - [2025-03-18T14:26:25.978+0000] {dag.py:3954} INFO - Setting next_dagrun for example_weekday_branch_operator to 2025-03-17 00:00:00+00:00, run_after=2025-03-18 00:00:00+00:00
[2025-03-18T14:26:25.997+0000] {processor.py:183} INFO - Processing /home/airflow/.local/lib/python3.12/site-packages/airflow/example_dags/example_branch_day_of_week_operator.py took 0.070 seconds
[2025-03-18T14:26:56.452+0000] {processor.py:161} INFO - Started process (PID=2663) to work on /home/airflow/.local/lib/python3.12/site-packages/airflow/example_dags/example_branch_day_of_week_operator.py
[2025-03-18T14:26:56.453+0000] {processor.py:830} INFO - Processing file /home/airflow/.local/lib/python3.12/site-packages/airflow/example_dags/example_branch_day_of_week_operator.py for tasks to queue
[2025-03-18T14:26:56.455+0000] {logging_mixin.py:188} INFO - [2025-03-18T14:26:56.455+0000] {dagbag.py:545} INFO - Filling up the DagBag from /home/airflow/.local/lib/python3.12/site-packages/airflow/example_dags/example_branch_day_of_week_operator.py
[2025-03-18T14:26:56.463+0000] {processor.py:840} INFO - DAG(s) 'example_weekday_branch_operator' retrieved from /home/airflow/.local/lib/python3.12/site-packages/airflow/example_dags/example_branch_day_of_week_operator.py
[2025-03-18T14:26:56.488+0000] {logging_mixin.py:188} INFO - [2025-03-18T14:26:56.488+0000] {dag.py:3096} INFO - Sync 1 DAGs
[2025-03-18T14:26:56.510+0000] {logging_mixin.py:188} INFO - [2025-03-18T14:26:56.510+0000] {dag.py:3954} INFO - Setting next_dagrun for example_weekday_branch_operator to 2025-03-17 00:00:00+00:00, run_after=2025-03-18 00:00:00+00:00
[2025-03-18T14:26:56.535+0000] {processor.py:183} INFO - Processing /home/airflow/.local/lib/python3.12/site-packages/airflow/example_dags/example_branch_day_of_week_operator.py took 0.089 seconds
