[2025-03-18T14:22:24.695+0000] {processor.py:161} INFO - Started process (PID=354) to work on /home/airflow/.local/lib/python3.12/site-packages/airflow/example_dags/example_branch_python_dop_operator_3.py
[2025-03-18T14:22:24.696+0000] {processor.py:830} INFO - Processing file /home/airflow/.local/lib/python3.12/site-packages/airflow/example_dags/example_branch_python_dop_operator_3.py for tasks to queue
[2025-03-18T14:22:24.697+0000] {logging_mixin.py:188} INFO - [2025-03-18T14:22:24.697+0000] {dagbag.py:545} INFO - Filling up the DagBag from /home/airflow/.local/lib/python3.12/site-packages/airflow/example_dags/example_branch_python_dop_operator_3.py
[2025-03-18T14:22:24.720+0000] {processor.py:840} INFO - DAG(s) 'example_branch_dop_operator_v3' retrieved from /home/airflow/.local/lib/python3.12/site-packages/airflow/example_dags/example_branch_python_dop_operator_3.py
[2025-03-18T14:22:24.740+0000] {logging_mixin.py:188} INFO - [2025-03-18T14:22:24.739+0000] {dag.py:3096} INFO - Sync 1 DAGs
[2025-03-18T14:22:24.763+0000] {logging_mixin.py:188} INFO - [2025-03-18T14:22:24.762+0000] {dag.py:3954} INFO - Setting next_dagrun for example_branch_dop_operator_v3 to 2025-03-18 14:21:00+00:00, run_after=2025-03-18 14:22:00+00:00
[2025-03-18T14:22:24.788+0000] {processor.py:183} INFO - Processing /home/airflow/.local/lib/python3.12/site-packages/airflow/example_dags/example_branch_python_dop_operator_3.py took 0.099 seconds
[2025-03-18T14:22:54.951+0000] {processor.py:161} INFO - Started process (PID=618) to work on /home/airflow/.local/lib/python3.12/site-packages/airflow/example_dags/example_branch_python_dop_operator_3.py
[2025-03-18T14:22:54.953+0000] {processor.py:830} INFO - Processing file /home/airflow/.local/lib/python3.12/site-packages/airflow/example_dags/example_branch_python_dop_operator_3.py for tasks to queue
[2025-03-18T14:22:54.955+0000] {logging_mixin.py:188} INFO - [2025-03-18T14:22:54.954+0000] {dagbag.py:545} INFO - Filling up the DagBag from /home/airflow/.local/lib/python3.12/site-packages/airflow/example_dags/example_branch_python_dop_operator_3.py
[2025-03-18T14:22:54.962+0000] {processor.py:840} INFO - DAG(s) 'example_branch_dop_operator_v3' retrieved from /home/airflow/.local/lib/python3.12/site-packages/airflow/example_dags/example_branch_python_dop_operator_3.py
[2025-03-18T14:22:54.981+0000] {logging_mixin.py:188} INFO - [2025-03-18T14:22:54.981+0000] {dag.py:3096} INFO - Sync 1 DAGs
[2025-03-18T14:22:55.003+0000] {logging_mixin.py:188} INFO - [2025-03-18T14:22:55.003+0000] {dag.py:3954} INFO - Setting next_dagrun for example_branch_dop_operator_v3 to 2025-03-18 14:21:00+00:00, run_after=2025-03-18 14:22:00+00:00
[2025-03-18T14:22:55.023+0000] {processor.py:183} INFO - Processing /home/airflow/.local/lib/python3.12/site-packages/airflow/example_dags/example_branch_python_dop_operator_3.py took 0.077 seconds
[2025-03-18T14:23:25.487+0000] {processor.py:161} INFO - Started process (PID=886) to work on /home/airflow/.local/lib/python3.12/site-packages/airflow/example_dags/example_branch_python_dop_operator_3.py
[2025-03-18T14:23:25.488+0000] {processor.py:830} INFO - Processing file /home/airflow/.local/lib/python3.12/site-packages/airflow/example_dags/example_branch_python_dop_operator_3.py for tasks to queue
[2025-03-18T14:23:25.490+0000] {logging_mixin.py:188} INFO - [2025-03-18T14:23:25.489+0000] {dagbag.py:545} INFO - Filling up the DagBag from /home/airflow/.local/lib/python3.12/site-packages/airflow/example_dags/example_branch_python_dop_operator_3.py
[2025-03-18T14:23:25.500+0000] {processor.py:840} INFO - DAG(s) 'example_branch_dop_operator_v3' retrieved from /home/airflow/.local/lib/python3.12/site-packages/airflow/example_dags/example_branch_python_dop_operator_3.py
[2025-03-18T14:23:25.519+0000] {logging_mixin.py:188} INFO - [2025-03-18T14:23:25.519+0000] {dag.py:3096} INFO - Sync 1 DAGs
[2025-03-18T14:23:25.547+0000] {logging_mixin.py:188} INFO - [2025-03-18T14:23:25.547+0000] {dag.py:3954} INFO - Setting next_dagrun for example_branch_dop_operator_v3 to 2025-03-18 14:22:00+00:00, run_after=2025-03-18 14:23:00+00:00
[2025-03-18T14:23:25.584+0000] {processor.py:183} INFO - Processing /home/airflow/.local/lib/python3.12/site-packages/airflow/example_dags/example_branch_python_dop_operator_3.py took 0.104 seconds
[2025-03-18T14:23:55.816+0000] {processor.py:161} INFO - Started process (PID=1146) to work on /home/airflow/.local/lib/python3.12/site-packages/airflow/example_dags/example_branch_python_dop_operator_3.py
[2025-03-18T14:23:55.817+0000] {processor.py:830} INFO - Processing file /home/airflow/.local/lib/python3.12/site-packages/airflow/example_dags/example_branch_python_dop_operator_3.py for tasks to queue
[2025-03-18T14:23:55.819+0000] {logging_mixin.py:188} INFO - [2025-03-18T14:23:55.818+0000] {dagbag.py:545} INFO - Filling up the DagBag from /home/airflow/.local/lib/python3.12/site-packages/airflow/example_dags/example_branch_python_dop_operator_3.py
[2025-03-18T14:23:55.826+0000] {processor.py:840} INFO - DAG(s) 'example_branch_dop_operator_v3' retrieved from /home/airflow/.local/lib/python3.12/site-packages/airflow/example_dags/example_branch_python_dop_operator_3.py
[2025-03-18T14:23:55.844+0000] {logging_mixin.py:188} INFO - [2025-03-18T14:23:55.844+0000] {dag.py:3096} INFO - Sync 1 DAGs
[2025-03-18T14:23:55.867+0000] {logging_mixin.py:188} INFO - [2025-03-18T14:23:55.867+0000] {dag.py:3954} INFO - Setting next_dagrun for example_branch_dop_operator_v3 to 2025-03-18 14:22:00+00:00, run_after=2025-03-18 14:23:00+00:00
[2025-03-18T14:23:55.886+0000] {processor.py:183} INFO - Processing /home/airflow/.local/lib/python3.12/site-packages/airflow/example_dags/example_branch_python_dop_operator_3.py took 0.076 seconds
[2025-03-18T14:24:26.119+0000] {processor.py:161} INFO - Started process (PID=1408) to work on /home/airflow/.local/lib/python3.12/site-packages/airflow/example_dags/example_branch_python_dop_operator_3.py
[2025-03-18T14:24:26.120+0000] {processor.py:830} INFO - Processing file /home/airflow/.local/lib/python3.12/site-packages/airflow/example_dags/example_branch_python_dop_operator_3.py for tasks to queue
[2025-03-18T14:24:26.122+0000] {logging_mixin.py:188} INFO - [2025-03-18T14:24:26.122+0000] {dagbag.py:545} INFO - Filling up the DagBag from /home/airflow/.local/lib/python3.12/site-packages/airflow/example_dags/example_branch_python_dop_operator_3.py
[2025-03-18T14:24:26.129+0000] {processor.py:840} INFO - DAG(s) 'example_branch_dop_operator_v3' retrieved from /home/airflow/.local/lib/python3.12/site-packages/airflow/example_dags/example_branch_python_dop_operator_3.py
[2025-03-18T14:24:26.147+0000] {logging_mixin.py:188} INFO - [2025-03-18T14:24:26.146+0000] {dag.py:3096} INFO - Sync 1 DAGs
[2025-03-18T14:24:26.169+0000] {logging_mixin.py:188} INFO - [2025-03-18T14:24:26.169+0000] {dag.py:3954} INFO - Setting next_dagrun for example_branch_dop_operator_v3 to 2025-03-18 14:23:00+00:00, run_after=2025-03-18 14:24:00+00:00
[2025-03-18T14:24:26.199+0000] {processor.py:183} INFO - Processing /home/airflow/.local/lib/python3.12/site-packages/airflow/example_dags/example_branch_python_dop_operator_3.py took 0.084 seconds
[2025-03-18T14:24:56.329+0000] {processor.py:161} INFO - Started process (PID=1670) to work on /home/airflow/.local/lib/python3.12/site-packages/airflow/example_dags/example_branch_python_dop_operator_3.py
[2025-03-18T14:24:56.330+0000] {processor.py:830} INFO - Processing file /home/airflow/.local/lib/python3.12/site-packages/airflow/example_dags/example_branch_python_dop_operator_3.py for tasks to queue
[2025-03-18T14:24:56.332+0000] {logging_mixin.py:188} INFO - [2025-03-18T14:24:56.332+0000] {dagbag.py:545} INFO - Filling up the DagBag from /home/airflow/.local/lib/python3.12/site-packages/airflow/example_dags/example_branch_python_dop_operator_3.py
[2025-03-18T14:24:56.340+0000] {processor.py:840} INFO - DAG(s) 'example_branch_dop_operator_v3' retrieved from /home/airflow/.local/lib/python3.12/site-packages/airflow/example_dags/example_branch_python_dop_operator_3.py
[2025-03-18T14:24:56.358+0000] {logging_mixin.py:188} INFO - [2025-03-18T14:24:56.358+0000] {dag.py:3096} INFO - Sync 1 DAGs
[2025-03-18T14:24:56.382+0000] {logging_mixin.py:188} INFO - [2025-03-18T14:24:56.382+0000] {dag.py:3954} INFO - Setting next_dagrun for example_branch_dop_operator_v3 to 2025-03-18 14:23:00+00:00, run_after=2025-03-18 14:24:00+00:00
[2025-03-18T14:24:56.413+0000] {processor.py:183} INFO - Processing /home/airflow/.local/lib/python3.12/site-packages/airflow/example_dags/example_branch_python_dop_operator_3.py took 0.089 seconds
[2025-03-18T14:25:26.902+0000] {processor.py:161} INFO - Started process (PID=1932) to work on /home/airflow/.local/lib/python3.12/site-packages/airflow/example_dags/example_branch_python_dop_operator_3.py
[2025-03-18T14:25:26.903+0000] {processor.py:830} INFO - Processing file /home/airflow/.local/lib/python3.12/site-packages/airflow/example_dags/example_branch_python_dop_operator_3.py for tasks to queue
[2025-03-18T14:25:26.905+0000] {logging_mixin.py:188} INFO - [2025-03-18T14:25:26.905+0000] {dagbag.py:545} INFO - Filling up the DagBag from /home/airflow/.local/lib/python3.12/site-packages/airflow/example_dags/example_branch_python_dop_operator_3.py
[2025-03-18T14:25:26.913+0000] {processor.py:840} INFO - DAG(s) 'example_branch_dop_operator_v3' retrieved from /home/airflow/.local/lib/python3.12/site-packages/airflow/example_dags/example_branch_python_dop_operator_3.py
[2025-03-18T14:25:26.934+0000] {logging_mixin.py:188} INFO - [2025-03-18T14:25:26.934+0000] {dag.py:3096} INFO - Sync 1 DAGs
[2025-03-18T14:25:26.959+0000] {logging_mixin.py:188} INFO - [2025-03-18T14:25:26.958+0000] {dag.py:3954} INFO - Setting next_dagrun for example_branch_dop_operator_v3 to 2025-03-18 14:24:00+00:00, run_after=2025-03-18 14:25:00+00:00
[2025-03-18T14:25:26.981+0000] {processor.py:183} INFO - Processing /home/airflow/.local/lib/python3.12/site-packages/airflow/example_dags/example_branch_python_dop_operator_3.py took 0.084 seconds
[2025-03-18T14:25:57.098+0000] {processor.py:161} INFO - Started process (PID=2194) to work on /home/airflow/.local/lib/python3.12/site-packages/airflow/example_dags/example_branch_python_dop_operator_3.py
[2025-03-18T14:25:57.099+0000] {processor.py:830} INFO - Processing file /home/airflow/.local/lib/python3.12/site-packages/airflow/example_dags/example_branch_python_dop_operator_3.py for tasks to queue
[2025-03-18T14:25:57.101+0000] {logging_mixin.py:188} INFO - [2025-03-18T14:25:57.101+0000] {dagbag.py:545} INFO - Filling up the DagBag from /home/airflow/.local/lib/python3.12/site-packages/airflow/example_dags/example_branch_python_dop_operator_3.py
[2025-03-18T14:25:57.108+0000] {processor.py:840} INFO - DAG(s) 'example_branch_dop_operator_v3' retrieved from /home/airflow/.local/lib/python3.12/site-packages/airflow/example_dags/example_branch_python_dop_operator_3.py
[2025-03-18T14:25:57.128+0000] {logging_mixin.py:188} INFO - [2025-03-18T14:25:57.127+0000] {dag.py:3096} INFO - Sync 1 DAGs
[2025-03-18T14:25:57.150+0000] {logging_mixin.py:188} INFO - [2025-03-18T14:25:57.150+0000] {dag.py:3954} INFO - Setting next_dagrun for example_branch_dop_operator_v3 to 2025-03-18 14:24:00+00:00, run_after=2025-03-18 14:25:00+00:00
[2025-03-18T14:25:57.172+0000] {processor.py:183} INFO - Processing /home/airflow/.local/lib/python3.12/site-packages/airflow/example_dags/example_branch_python_dop_operator_3.py took 0.079 seconds
[2025-03-18T14:26:27.319+0000] {processor.py:161} INFO - Started process (PID=2456) to work on /home/airflow/.local/lib/python3.12/site-packages/airflow/example_dags/example_branch_python_dop_operator_3.py
[2025-03-18T14:26:27.320+0000] {processor.py:830} INFO - Processing file /home/airflow/.local/lib/python3.12/site-packages/airflow/example_dags/example_branch_python_dop_operator_3.py for tasks to queue
[2025-03-18T14:26:27.322+0000] {logging_mixin.py:188} INFO - [2025-03-18T14:26:27.322+0000] {dagbag.py:545} INFO - Filling up the DagBag from /home/airflow/.local/lib/python3.12/site-packages/airflow/example_dags/example_branch_python_dop_operator_3.py
[2025-03-18T14:26:27.330+0000] {processor.py:840} INFO - DAG(s) 'example_branch_dop_operator_v3' retrieved from /home/airflow/.local/lib/python3.12/site-packages/airflow/example_dags/example_branch_python_dop_operator_3.py
[2025-03-18T14:26:27.350+0000] {logging_mixin.py:188} INFO - [2025-03-18T14:26:27.349+0000] {dag.py:3096} INFO - Sync 1 DAGs
[2025-03-18T14:26:27.372+0000] {logging_mixin.py:188} INFO - [2025-03-18T14:26:27.372+0000] {dag.py:3954} INFO - Setting next_dagrun for example_branch_dop_operator_v3 to 2025-03-18 14:25:00+00:00, run_after=2025-03-18 14:26:00+00:00
[2025-03-18T14:26:27.392+0000] {processor.py:183} INFO - Processing /home/airflow/.local/lib/python3.12/site-packages/airflow/example_dags/example_branch_python_dop_operator_3.py took 0.078 seconds
