[2025-03-18T14:22:22.287+0000] {processor.py:161} INFO - Started process (PID=194) to work on /home/airflow/.local/lib/python3.12/site-packages/airflow/example_dags/example_bash_operator.py
[2025-03-18T14:22:22.288+0000] {processor.py:830} INFO - Processing file /home/airflow/.local/lib/python3.12/site-packages/airflow/example_dags/example_bash_operator.py for tasks to queue
[2025-03-18T14:22:22.289+0000] {logging_mixin.py:188} INFO - [2025-03-18T14:22:22.289+0000] {dagbag.py:545} INFO - Filling up the DagBag from /home/airflow/.local/lib/python3.12/site-packages/airflow/example_dags/example_bash_operator.py
[2025-03-18T14:22:22.303+0000] {processor.py:840} INFO - DAG(s) 'example_bash_operator' retrieved from /home/airflow/.local/lib/python3.12/site-packages/airflow/example_dags/example_bash_operator.py
[2025-03-18T14:22:22.336+0000] {logging_mixin.py:188} INFO - [2025-03-18T14:22:22.336+0000] {dag.py:3096} INFO - Sync 1 DAGs
[2025-03-18T14:22:22.358+0000] {logging_mixin.py:188} INFO - [2025-03-18T14:22:22.358+0000] {dag.py:3954} INFO - Setting next_dagrun for example_bash_operator to 2025-03-17 00:00:00+00:00, run_after=2025-03-18 00:00:00+00:00
[2025-03-18T14:22:22.377+0000] {processor.py:183} INFO - Processing /home/airflow/.local/lib/python3.12/site-packages/airflow/example_dags/example_bash_operator.py took 0.095 seconds
[2025-03-18T14:22:52.526+0000] {processor.py:161} INFO - Started process (PID=456) to work on /home/airflow/.local/lib/python3.12/site-packages/airflow/example_dags/example_bash_operator.py
[2025-03-18T14:22:52.527+0000] {processor.py:830} INFO - Processing file /home/airflow/.local/lib/python3.12/site-packages/airflow/example_dags/example_bash_operator.py for tasks to queue
[2025-03-18T14:22:52.529+0000] {logging_mixin.py:188} INFO - [2025-03-18T14:22:52.529+0000] {dagbag.py:545} INFO - Filling up the DagBag from /home/airflow/.local/lib/python3.12/site-packages/airflow/example_dags/example_bash_operator.py
[2025-03-18T14:22:52.540+0000] {processor.py:840} INFO - DAG(s) 'example_bash_operator' retrieved from /home/airflow/.local/lib/python3.12/site-packages/airflow/example_dags/example_bash_operator.py
[2025-03-18T14:22:52.570+0000] {logging_mixin.py:188} INFO - [2025-03-18T14:22:52.570+0000] {dag.py:3096} INFO - Sync 1 DAGs
[2025-03-18T14:22:52.592+0000] {logging_mixin.py:188} INFO - [2025-03-18T14:22:52.592+0000] {dag.py:3954} INFO - Setting next_dagrun for example_bash_operator to 2025-03-17 00:00:00+00:00, run_after=2025-03-18 00:00:00+00:00
[2025-03-18T14:22:52.613+0000] {processor.py:183} INFO - Processing /home/airflow/.local/lib/python3.12/site-packages/airflow/example_dags/example_bash_operator.py took 0.092 seconds
[2025-03-18T14:23:23.044+0000] {processor.py:161} INFO - Started process (PID=718) to work on /home/airflow/.local/lib/python3.12/site-packages/airflow/example_dags/example_bash_operator.py
[2025-03-18T14:23:23.045+0000] {processor.py:830} INFO - Processing file /home/airflow/.local/lib/python3.12/site-packages/airflow/example_dags/example_bash_operator.py for tasks to queue
[2025-03-18T14:23:23.047+0000] {logging_mixin.py:188} INFO - [2025-03-18T14:23:23.046+0000] {dagbag.py:545} INFO - Filling up the DagBag from /home/airflow/.local/lib/python3.12/site-packages/airflow/example_dags/example_bash_operator.py
[2025-03-18T14:23:23.057+0000] {processor.py:840} INFO - DAG(s) 'example_bash_operator' retrieved from /home/airflow/.local/lib/python3.12/site-packages/airflow/example_dags/example_bash_operator.py
[2025-03-18T14:23:23.085+0000] {logging_mixin.py:188} INFO - [2025-03-18T14:23:23.085+0000] {dag.py:3096} INFO - Sync 1 DAGs
[2025-03-18T14:23:23.108+0000] {logging_mixin.py:188} INFO - [2025-03-18T14:23:23.108+0000] {dag.py:3954} INFO - Setting next_dagrun for example_bash_operator to 2025-03-17 00:00:00+00:00, run_after=2025-03-18 00:00:00+00:00
[2025-03-18T14:23:23.128+0000] {processor.py:183} INFO - Processing /home/airflow/.local/lib/python3.12/site-packages/airflow/example_dags/example_bash_operator.py took 0.090 seconds
[2025-03-18T14:23:53.783+0000] {processor.py:161} INFO - Started process (PID=980) to work on /home/airflow/.local/lib/python3.12/site-packages/airflow/example_dags/example_bash_operator.py
[2025-03-18T14:23:53.784+0000] {processor.py:830} INFO - Processing file /home/airflow/.local/lib/python3.12/site-packages/airflow/example_dags/example_bash_operator.py for tasks to queue
[2025-03-18T14:23:53.786+0000] {logging_mixin.py:188} INFO - [2025-03-18T14:23:53.785+0000] {dagbag.py:545} INFO - Filling up the DagBag from /home/airflow/.local/lib/python3.12/site-packages/airflow/example_dags/example_bash_operator.py
[2025-03-18T14:23:53.799+0000] {processor.py:840} INFO - DAG(s) 'example_bash_operator' retrieved from /home/airflow/.local/lib/python3.12/site-packages/airflow/example_dags/example_bash_operator.py
[2025-03-18T14:23:53.827+0000] {logging_mixin.py:188} INFO - [2025-03-18T14:23:53.826+0000] {dag.py:3096} INFO - Sync 1 DAGs
[2025-03-18T14:23:53.851+0000] {logging_mixin.py:188} INFO - [2025-03-18T14:23:53.850+0000] {dag.py:3954} INFO - Setting next_dagrun for example_bash_operator to 2025-03-17 00:00:00+00:00, run_after=2025-03-18 00:00:00+00:00
[2025-03-18T14:23:53.873+0000] {processor.py:183} INFO - Processing /home/airflow/.local/lib/python3.12/site-packages/airflow/example_dags/example_bash_operator.py took 0.097 seconds
[2025-03-18T14:24:24.088+0000] {processor.py:161} INFO - Started process (PID=1242) to work on /home/airflow/.local/lib/python3.12/site-packages/airflow/example_dags/example_bash_operator.py
[2025-03-18T14:24:24.089+0000] {processor.py:830} INFO - Processing file /home/airflow/.local/lib/python3.12/site-packages/airflow/example_dags/example_bash_operator.py for tasks to queue
[2025-03-18T14:24:24.091+0000] {logging_mixin.py:188} INFO - [2025-03-18T14:24:24.091+0000] {dagbag.py:545} INFO - Filling up the DagBag from /home/airflow/.local/lib/python3.12/site-packages/airflow/example_dags/example_bash_operator.py
[2025-03-18T14:24:24.100+0000] {processor.py:840} INFO - DAG(s) 'example_bash_operator' retrieved from /home/airflow/.local/lib/python3.12/site-packages/airflow/example_dags/example_bash_operator.py
[2025-03-18T14:24:24.124+0000] {logging_mixin.py:188} INFO - [2025-03-18T14:24:24.124+0000] {dag.py:3096} INFO - Sync 1 DAGs
[2025-03-18T14:24:24.145+0000] {logging_mixin.py:188} INFO - [2025-03-18T14:24:24.145+0000] {dag.py:3954} INFO - Setting next_dagrun for example_bash_operator to 2025-03-17 00:00:00+00:00, run_after=2025-03-18 00:00:00+00:00
[2025-03-18T14:24:24.163+0000] {processor.py:183} INFO - Processing /home/airflow/.local/lib/python3.12/site-packages/airflow/example_dags/example_bash_operator.py took 0.080 seconds
[2025-03-18T14:24:54.400+0000] {processor.py:161} INFO - Started process (PID=1504) to work on /home/airflow/.local/lib/python3.12/site-packages/airflow/example_dags/example_bash_operator.py
[2025-03-18T14:24:54.401+0000] {processor.py:830} INFO - Processing file /home/airflow/.local/lib/python3.12/site-packages/airflow/example_dags/example_bash_operator.py for tasks to queue
[2025-03-18T14:24:54.403+0000] {logging_mixin.py:188} INFO - [2025-03-18T14:24:54.403+0000] {dagbag.py:545} INFO - Filling up the DagBag from /home/airflow/.local/lib/python3.12/site-packages/airflow/example_dags/example_bash_operator.py
[2025-03-18T14:24:54.414+0000] {processor.py:840} INFO - DAG(s) 'example_bash_operator' retrieved from /home/airflow/.local/lib/python3.12/site-packages/airflow/example_dags/example_bash_operator.py
[2025-03-18T14:24:54.438+0000] {logging_mixin.py:188} INFO - [2025-03-18T14:24:54.437+0000] {dag.py:3096} INFO - Sync 1 DAGs
[2025-03-18T14:24:54.457+0000] {logging_mixin.py:188} INFO - [2025-03-18T14:24:54.457+0000] {dag.py:3954} INFO - Setting next_dagrun for example_bash_operator to 2025-03-17 00:00:00+00:00, run_after=2025-03-18 00:00:00+00:00
[2025-03-18T14:24:54.477+0000] {processor.py:183} INFO - Processing /home/airflow/.local/lib/python3.12/site-packages/airflow/example_dags/example_bash_operator.py took 0.082 seconds
[2025-03-18T14:25:24.716+0000] {processor.py:161} INFO - Started process (PID=1766) to work on /home/airflow/.local/lib/python3.12/site-packages/airflow/example_dags/example_bash_operator.py
[2025-03-18T14:25:24.717+0000] {processor.py:830} INFO - Processing file /home/airflow/.local/lib/python3.12/site-packages/airflow/example_dags/example_bash_operator.py for tasks to queue
[2025-03-18T14:25:24.719+0000] {logging_mixin.py:188} INFO - [2025-03-18T14:25:24.719+0000] {dagbag.py:545} INFO - Filling up the DagBag from /home/airflow/.local/lib/python3.12/site-packages/airflow/example_dags/example_bash_operator.py
[2025-03-18T14:25:24.728+0000] {processor.py:840} INFO - DAG(s) 'example_bash_operator' retrieved from /home/airflow/.local/lib/python3.12/site-packages/airflow/example_dags/example_bash_operator.py
[2025-03-18T14:25:24.755+0000] {logging_mixin.py:188} INFO - [2025-03-18T14:25:24.755+0000] {dag.py:3096} INFO - Sync 1 DAGs
[2025-03-18T14:25:24.776+0000] {logging_mixin.py:188} INFO - [2025-03-18T14:25:24.775+0000] {dag.py:3954} INFO - Setting next_dagrun for example_bash_operator to 2025-03-17 00:00:00+00:00, run_after=2025-03-18 00:00:00+00:00
[2025-03-18T14:25:24.796+0000] {processor.py:183} INFO - Processing /home/airflow/.local/lib/python3.12/site-packages/airflow/example_dags/example_bash_operator.py took 0.084 seconds
[2025-03-18T14:25:54.928+0000] {processor.py:161} INFO - Started process (PID=2028) to work on /home/airflow/.local/lib/python3.12/site-packages/airflow/example_dags/example_bash_operator.py
[2025-03-18T14:25:54.929+0000] {processor.py:830} INFO - Processing file /home/airflow/.local/lib/python3.12/site-packages/airflow/example_dags/example_bash_operator.py for tasks to queue
[2025-03-18T14:25:54.931+0000] {logging_mixin.py:188} INFO - [2025-03-18T14:25:54.931+0000] {dagbag.py:545} INFO - Filling up the DagBag from /home/airflow/.local/lib/python3.12/site-packages/airflow/example_dags/example_bash_operator.py
[2025-03-18T14:25:54.941+0000] {processor.py:840} INFO - DAG(s) 'example_bash_operator' retrieved from /home/airflow/.local/lib/python3.12/site-packages/airflow/example_dags/example_bash_operator.py
[2025-03-18T14:25:54.967+0000] {logging_mixin.py:188} INFO - [2025-03-18T14:25:54.966+0000] {dag.py:3096} INFO - Sync 1 DAGs
[2025-03-18T14:25:54.989+0000] {logging_mixin.py:188} INFO - [2025-03-18T14:25:54.988+0000] {dag.py:3954} INFO - Setting next_dagrun for example_bash_operator to 2025-03-17 00:00:00+00:00, run_after=2025-03-18 00:00:00+00:00
[2025-03-18T14:25:55.009+0000] {processor.py:183} INFO - Processing /home/airflow/.local/lib/python3.12/site-packages/airflow/example_dags/example_bash_operator.py took 0.087 seconds
[2025-03-18T14:26:25.188+0000] {processor.py:161} INFO - Started process (PID=2290) to work on /home/airflow/.local/lib/python3.12/site-packages/airflow/example_dags/example_bash_operator.py
[2025-03-18T14:26:25.189+0000] {processor.py:830} INFO - Processing file /home/airflow/.local/lib/python3.12/site-packages/airflow/example_dags/example_bash_operator.py for tasks to queue
[2025-03-18T14:26:25.191+0000] {logging_mixin.py:188} INFO - [2025-03-18T14:26:25.191+0000] {dagbag.py:545} INFO - Filling up the DagBag from /home/airflow/.local/lib/python3.12/site-packages/airflow/example_dags/example_bash_operator.py
[2025-03-18T14:26:25.200+0000] {processor.py:840} INFO - DAG(s) 'example_bash_operator' retrieved from /home/airflow/.local/lib/python3.12/site-packages/airflow/example_dags/example_bash_operator.py
[2025-03-18T14:26:25.224+0000] {logging_mixin.py:188} INFO - [2025-03-18T14:26:25.223+0000] {dag.py:3096} INFO - Sync 1 DAGs
[2025-03-18T14:26:25.242+0000] {logging_mixin.py:188} INFO - [2025-03-18T14:26:25.242+0000] {dag.py:3954} INFO - Setting next_dagrun for example_bash_operator to 2025-03-17 00:00:00+00:00, run_after=2025-03-18 00:00:00+00:00
[2025-03-18T14:26:25.260+0000] {processor.py:183} INFO - Processing /home/airflow/.local/lib/python3.12/site-packages/airflow/example_dags/example_bash_operator.py took 0.076 seconds
[2025-03-18T14:26:55.412+0000] {processor.py:161} INFO - Started process (PID=2552) to work on /home/airflow/.local/lib/python3.12/site-packages/airflow/example_dags/example_bash_operator.py
[2025-03-18T14:26:55.413+0000] {processor.py:830} INFO - Processing file /home/airflow/.local/lib/python3.12/site-packages/airflow/example_dags/example_bash_operator.py for tasks to queue
[2025-03-18T14:26:55.414+0000] {logging_mixin.py:188} INFO - [2025-03-18T14:26:55.414+0000] {dagbag.py:545} INFO - Filling up the DagBag from /home/airflow/.local/lib/python3.12/site-packages/airflow/example_dags/example_bash_operator.py
[2025-03-18T14:26:55.426+0000] {processor.py:840} INFO - DAG(s) 'example_bash_operator' retrieved from /home/airflow/.local/lib/python3.12/site-packages/airflow/example_dags/example_bash_operator.py
[2025-03-18T14:26:55.451+0000] {logging_mixin.py:188} INFO - [2025-03-18T14:26:55.451+0000] {dag.py:3096} INFO - Sync 1 DAGs
[2025-03-18T14:26:55.477+0000] {logging_mixin.py:188} INFO - [2025-03-18T14:26:55.476+0000] {dag.py:3954} INFO - Setting next_dagrun for example_bash_operator to 2025-03-17 00:00:00+00:00, run_after=2025-03-18 00:00:00+00:00
[2025-03-18T14:26:55.500+0000] {processor.py:183} INFO - Processing /home/airflow/.local/lib/python3.12/site-packages/airflow/example_dags/example_bash_operator.py took 0.093 seconds
