[2025-03-18T14:22:22.692+0000] {processor.py:161} INFO - Started process (PID=219) to work on /home/airflow/.local/lib/python3.12/site-packages/airflow/example_dags/example_external_task_marker_dag.py
[2025-03-18T14:22:22.693+0000] {processor.py:830} INFO - Processing file /home/airflow/.local/lib/python3.12/site-packages/airflow/example_dags/example_external_task_marker_dag.py for tasks to queue
[2025-03-18T14:22:22.695+0000] {logging_mixin.py:188} INFO - [2025-03-18T14:22:22.695+0000] {dagbag.py:545} INFO - Filling up the DagBag from /home/airflow/.local/lib/python3.12/site-packages/airflow/example_dags/example_external_task_marker_dag.py
[2025-03-18T14:22:22.702+0000] {processor.py:840} INFO - DAG(s) 'example_external_task_marker_parent', 'example_external_task_marker_child' retrieved from /home/airflow/.local/lib/python3.12/site-packages/airflow/example_dags/example_external_task_marker_dag.py
[2025-03-18T14:22:22.724+0000] {logging_mixin.py:188} INFO - [2025-03-18T14:22:22.724+0000] {dag.py:3096} INFO - Sync 2 DAGs
[2025-03-18T14:22:22.735+0000] {logging_mixin.py:188} INFO - [2025-03-18T14:22:22.735+0000] {dag.py:3954} INFO - Setting next_dagrun for example_external_task_marker_child to None, run_after=None
[2025-03-18T14:22:22.739+0000] {logging_mixin.py:188} INFO - [2025-03-18T14:22:22.739+0000] {dag.py:3954} INFO - Setting next_dagrun for example_external_task_marker_parent to None, run_after=None
[2025-03-18T14:22:22.758+0000] {processor.py:183} INFO - Processing /home/airflow/.local/lib/python3.12/site-packages/airflow/example_dags/example_external_task_marker_dag.py took 0.070 seconds
[2025-03-18T14:22:52.837+0000] {processor.py:161} INFO - Started process (PID=483) to work on /home/airflow/.local/lib/python3.12/site-packages/airflow/example_dags/example_external_task_marker_dag.py
[2025-03-18T14:22:52.838+0000] {processor.py:830} INFO - Processing file /home/airflow/.local/lib/python3.12/site-packages/airflow/example_dags/example_external_task_marker_dag.py for tasks to queue
[2025-03-18T14:22:52.840+0000] {logging_mixin.py:188} INFO - [2025-03-18T14:22:52.839+0000] {dagbag.py:545} INFO - Filling up the DagBag from /home/airflow/.local/lib/python3.12/site-packages/airflow/example_dags/example_external_task_marker_dag.py
[2025-03-18T14:22:52.845+0000] {processor.py:840} INFO - DAG(s) 'example_external_task_marker_parent', 'example_external_task_marker_child' retrieved from /home/airflow/.local/lib/python3.12/site-packages/airflow/example_dags/example_external_task_marker_dag.py
[2025-03-18T14:22:52.866+0000] {logging_mixin.py:188} INFO - [2025-03-18T14:22:52.866+0000] {dag.py:3096} INFO - Sync 2 DAGs
[2025-03-18T14:22:52.877+0000] {logging_mixin.py:188} INFO - [2025-03-18T14:22:52.877+0000] {dag.py:3954} INFO - Setting next_dagrun for example_external_task_marker_child to None, run_after=None
[2025-03-18T14:22:52.881+0000] {logging_mixin.py:188} INFO - [2025-03-18T14:22:52.881+0000] {dag.py:3954} INFO - Setting next_dagrun for example_external_task_marker_parent to None, run_after=None
[2025-03-18T14:22:52.906+0000] {processor.py:183} INFO - Processing /home/airflow/.local/lib/python3.12/site-packages/airflow/example_dags/example_external_task_marker_dag.py took 0.074 seconds
[2025-03-18T14:23:23.335+0000] {processor.py:161} INFO - Started process (PID=743) to work on /home/airflow/.local/lib/python3.12/site-packages/airflow/example_dags/example_external_task_marker_dag.py
[2025-03-18T14:23:23.336+0000] {processor.py:830} INFO - Processing file /home/airflow/.local/lib/python3.12/site-packages/airflow/example_dags/example_external_task_marker_dag.py for tasks to queue
[2025-03-18T14:23:23.338+0000] {logging_mixin.py:188} INFO - [2025-03-18T14:23:23.338+0000] {dagbag.py:545} INFO - Filling up the DagBag from /home/airflow/.local/lib/python3.12/site-packages/airflow/example_dags/example_external_task_marker_dag.py
[2025-03-18T14:23:23.345+0000] {processor.py:840} INFO - DAG(s) 'example_external_task_marker_parent', 'example_external_task_marker_child' retrieved from /home/airflow/.local/lib/python3.12/site-packages/airflow/example_dags/example_external_task_marker_dag.py
[2025-03-18T14:23:23.369+0000] {logging_mixin.py:188} INFO - [2025-03-18T14:23:23.368+0000] {dag.py:3096} INFO - Sync 2 DAGs
[2025-03-18T14:23:23.382+0000] {logging_mixin.py:188} INFO - [2025-03-18T14:23:23.381+0000] {dag.py:3954} INFO - Setting next_dagrun for example_external_task_marker_child to None, run_after=None
[2025-03-18T14:23:23.386+0000] {logging_mixin.py:188} INFO - [2025-03-18T14:23:23.386+0000] {dag.py:3954} INFO - Setting next_dagrun for example_external_task_marker_parent to None, run_after=None
[2025-03-18T14:23:23.406+0000] {processor.py:183} INFO - Processing /home/airflow/.local/lib/python3.12/site-packages/airflow/example_dags/example_external_task_marker_dag.py took 0.076 seconds
[2025-03-18T14:23:54.097+0000] {processor.py:161} INFO - Started process (PID=1007) to work on /home/airflow/.local/lib/python3.12/site-packages/airflow/example_dags/example_external_task_marker_dag.py
[2025-03-18T14:23:54.098+0000] {processor.py:830} INFO - Processing file /home/airflow/.local/lib/python3.12/site-packages/airflow/example_dags/example_external_task_marker_dag.py for tasks to queue
[2025-03-18T14:23:54.099+0000] {logging_mixin.py:188} INFO - [2025-03-18T14:23:54.099+0000] {dagbag.py:545} INFO - Filling up the DagBag from /home/airflow/.local/lib/python3.12/site-packages/airflow/example_dags/example_external_task_marker_dag.py
[2025-03-18T14:23:54.106+0000] {processor.py:840} INFO - DAG(s) 'example_external_task_marker_child', 'example_external_task_marker_parent' retrieved from /home/airflow/.local/lib/python3.12/site-packages/airflow/example_dags/example_external_task_marker_dag.py
[2025-03-18T14:23:54.131+0000] {logging_mixin.py:188} INFO - [2025-03-18T14:23:54.130+0000] {dag.py:3096} INFO - Sync 2 DAGs
[2025-03-18T14:23:54.144+0000] {logging_mixin.py:188} INFO - [2025-03-18T14:23:54.143+0000] {dag.py:3954} INFO - Setting next_dagrun for example_external_task_marker_child to None, run_after=None
[2025-03-18T14:23:54.148+0000] {logging_mixin.py:188} INFO - [2025-03-18T14:23:54.147+0000] {dag.py:3954} INFO - Setting next_dagrun for example_external_task_marker_parent to None, run_after=None
[2025-03-18T14:23:54.168+0000] {processor.py:183} INFO - Processing /home/airflow/.local/lib/python3.12/site-packages/airflow/example_dags/example_external_task_marker_dag.py took 0.076 seconds
[2025-03-18T14:24:24.394+0000] {processor.py:161} INFO - Started process (PID=1269) to work on /home/airflow/.local/lib/python3.12/site-packages/airflow/example_dags/example_external_task_marker_dag.py
[2025-03-18T14:24:24.395+0000] {processor.py:830} INFO - Processing file /home/airflow/.local/lib/python3.12/site-packages/airflow/example_dags/example_external_task_marker_dag.py for tasks to queue
[2025-03-18T14:24:24.397+0000] {logging_mixin.py:188} INFO - [2025-03-18T14:24:24.396+0000] {dagbag.py:545} INFO - Filling up the DagBag from /home/airflow/.local/lib/python3.12/site-packages/airflow/example_dags/example_external_task_marker_dag.py
[2025-03-18T14:24:24.404+0000] {processor.py:840} INFO - DAG(s) 'example_external_task_marker_child', 'example_external_task_marker_parent' retrieved from /home/airflow/.local/lib/python3.12/site-packages/airflow/example_dags/example_external_task_marker_dag.py
[2025-03-18T14:24:24.435+0000] {logging_mixin.py:188} INFO - [2025-03-18T14:24:24.435+0000] {dag.py:3096} INFO - Sync 2 DAGs
[2025-03-18T14:24:24.461+0000] {logging_mixin.py:188} INFO - [2025-03-18T14:24:24.460+0000] {dag.py:3954} INFO - Setting next_dagrun for example_external_task_marker_child to None, run_after=None
[2025-03-18T14:24:24.465+0000] {logging_mixin.py:188} INFO - [2025-03-18T14:24:24.465+0000] {dag.py:3954} INFO - Setting next_dagrun for example_external_task_marker_parent to None, run_after=None
[2025-03-18T14:24:24.494+0000] {processor.py:183} INFO - Processing /home/airflow/.local/lib/python3.12/site-packages/airflow/example_dags/example_external_task_marker_dag.py took 0.108 seconds
[2025-03-18T14:24:54.706+0000] {processor.py:161} INFO - Started process (PID=1529) to work on /home/airflow/.local/lib/python3.12/site-packages/airflow/example_dags/example_external_task_marker_dag.py
[2025-03-18T14:24:54.708+0000] {processor.py:830} INFO - Processing file /home/airflow/.local/lib/python3.12/site-packages/airflow/example_dags/example_external_task_marker_dag.py for tasks to queue
[2025-03-18T14:24:54.711+0000] {logging_mixin.py:188} INFO - [2025-03-18T14:24:54.710+0000] {dagbag.py:545} INFO - Filling up the DagBag from /home/airflow/.local/lib/python3.12/site-packages/airflow/example_dags/example_external_task_marker_dag.py
[2025-03-18T14:24:54.717+0000] {processor.py:840} INFO - DAG(s) 'example_external_task_marker_child', 'example_external_task_marker_parent' retrieved from /home/airflow/.local/lib/python3.12/site-packages/airflow/example_dags/example_external_task_marker_dag.py
[2025-03-18T14:24:54.746+0000] {logging_mixin.py:188} INFO - [2025-03-18T14:24:54.746+0000] {dag.py:3096} INFO - Sync 2 DAGs
[2025-03-18T14:24:54.766+0000] {logging_mixin.py:188} INFO - [2025-03-18T14:24:54.765+0000] {dag.py:3954} INFO - Setting next_dagrun for example_external_task_marker_child to None, run_after=None
[2025-03-18T14:24:54.774+0000] {logging_mixin.py:188} INFO - [2025-03-18T14:24:54.773+0000] {dag.py:3954} INFO - Setting next_dagrun for example_external_task_marker_parent to None, run_after=None
[2025-03-18T14:24:54.808+0000] {processor.py:183} INFO - Processing /home/airflow/.local/lib/python3.12/site-packages/airflow/example_dags/example_external_task_marker_dag.py took 0.109 seconds
[2025-03-18T14:25:25.020+0000] {processor.py:161} INFO - Started process (PID=1793) to work on /home/airflow/.local/lib/python3.12/site-packages/airflow/example_dags/example_external_task_marker_dag.py
[2025-03-18T14:25:25.021+0000] {processor.py:830} INFO - Processing file /home/airflow/.local/lib/python3.12/site-packages/airflow/example_dags/example_external_task_marker_dag.py for tasks to queue
[2025-03-18T14:25:25.023+0000] {logging_mixin.py:188} INFO - [2025-03-18T14:25:25.023+0000] {dagbag.py:545} INFO - Filling up the DagBag from /home/airflow/.local/lib/python3.12/site-packages/airflow/example_dags/example_external_task_marker_dag.py
[2025-03-18T14:25:25.028+0000] {processor.py:840} INFO - DAG(s) 'example_external_task_marker_parent', 'example_external_task_marker_child' retrieved from /home/airflow/.local/lib/python3.12/site-packages/airflow/example_dags/example_external_task_marker_dag.py
[2025-03-18T14:25:25.050+0000] {logging_mixin.py:188} INFO - [2025-03-18T14:25:25.050+0000] {dag.py:3096} INFO - Sync 2 DAGs
[2025-03-18T14:25:25.063+0000] {logging_mixin.py:188} INFO - [2025-03-18T14:25:25.063+0000] {dag.py:3954} INFO - Setting next_dagrun for example_external_task_marker_child to None, run_after=None
[2025-03-18T14:25:25.067+0000] {logging_mixin.py:188} INFO - [2025-03-18T14:25:25.067+0000] {dag.py:3954} INFO - Setting next_dagrun for example_external_task_marker_parent to None, run_after=None
[2025-03-18T14:25:25.086+0000] {processor.py:183} INFO - Processing /home/airflow/.local/lib/python3.12/site-packages/airflow/example_dags/example_external_task_marker_dag.py took 0.071 seconds
[2025-03-18T14:25:55.234+0000] {processor.py:161} INFO - Started process (PID=2053) to work on /home/airflow/.local/lib/python3.12/site-packages/airflow/example_dags/example_external_task_marker_dag.py
[2025-03-18T14:25:55.235+0000] {processor.py:830} INFO - Processing file /home/airflow/.local/lib/python3.12/site-packages/airflow/example_dags/example_external_task_marker_dag.py for tasks to queue
[2025-03-18T14:25:55.237+0000] {logging_mixin.py:188} INFO - [2025-03-18T14:25:55.237+0000] {dagbag.py:545} INFO - Filling up the DagBag from /home/airflow/.local/lib/python3.12/site-packages/airflow/example_dags/example_external_task_marker_dag.py
[2025-03-18T14:25:55.246+0000] {processor.py:840} INFO - DAG(s) 'example_external_task_marker_child', 'example_external_task_marker_parent' retrieved from /home/airflow/.local/lib/python3.12/site-packages/airflow/example_dags/example_external_task_marker_dag.py
[2025-03-18T14:25:55.273+0000] {logging_mixin.py:188} INFO - [2025-03-18T14:25:55.273+0000] {dag.py:3096} INFO - Sync 2 DAGs
[2025-03-18T14:25:55.286+0000] {logging_mixin.py:188} INFO - [2025-03-18T14:25:55.285+0000] {dag.py:3954} INFO - Setting next_dagrun for example_external_task_marker_child to None, run_after=None
[2025-03-18T14:25:55.290+0000] {logging_mixin.py:188} INFO - [2025-03-18T14:25:55.290+0000] {dag.py:3954} INFO - Setting next_dagrun for example_external_task_marker_parent to None, run_after=None
[2025-03-18T14:25:55.310+0000] {processor.py:183} INFO - Processing /home/airflow/.local/lib/python3.12/site-packages/airflow/example_dags/example_external_task_marker_dag.py took 0.083 seconds
[2025-03-18T14:26:25.431+0000] {processor.py:161} INFO - Started process (PID=2315) to work on /home/airflow/.local/lib/python3.12/site-packages/airflow/example_dags/example_external_task_marker_dag.py
[2025-03-18T14:26:25.432+0000] {processor.py:830} INFO - Processing file /home/airflow/.local/lib/python3.12/site-packages/airflow/example_dags/example_external_task_marker_dag.py for tasks to queue
[2025-03-18T14:26:25.434+0000] {logging_mixin.py:188} INFO - [2025-03-18T14:26:25.434+0000] {dagbag.py:545} INFO - Filling up the DagBag from /home/airflow/.local/lib/python3.12/site-packages/airflow/example_dags/example_external_task_marker_dag.py
[2025-03-18T14:26:25.439+0000] {processor.py:840} INFO - DAG(s) 'example_external_task_marker_parent', 'example_external_task_marker_child' retrieved from /home/airflow/.local/lib/python3.12/site-packages/airflow/example_dags/example_external_task_marker_dag.py
[2025-03-18T14:26:25.460+0000] {logging_mixin.py:188} INFO - [2025-03-18T14:26:25.460+0000] {dag.py:3096} INFO - Sync 2 DAGs
[2025-03-18T14:26:25.472+0000] {logging_mixin.py:188} INFO - [2025-03-18T14:26:25.471+0000] {dag.py:3954} INFO - Setting next_dagrun for example_external_task_marker_child to None, run_after=None
[2025-03-18T14:26:25.475+0000] {logging_mixin.py:188} INFO - [2025-03-18T14:26:25.475+0000] {dag.py:3954} INFO - Setting next_dagrun for example_external_task_marker_parent to None, run_after=None
[2025-03-18T14:26:25.490+0000] {processor.py:183} INFO - Processing /home/airflow/.local/lib/python3.12/site-packages/airflow/example_dags/example_external_task_marker_dag.py took 0.063 seconds
[2025-03-18T14:26:55.800+0000] {processor.py:161} INFO - Started process (PID=2649) to work on /home/airflow/.local/lib/python3.12/site-packages/airflow/example_dags/example_external_task_marker_dag.py
[2025-03-18T14:26:55.802+0000] {processor.py:830} INFO - Processing file /home/airflow/.local/lib/python3.12/site-packages/airflow/example_dags/example_external_task_marker_dag.py for tasks to queue
[2025-03-18T14:26:55.803+0000] {logging_mixin.py:188} INFO - [2025-03-18T14:26:55.803+0000] {dagbag.py:545} INFO - Filling up the DagBag from /home/airflow/.local/lib/python3.12/site-packages/airflow/example_dags/example_external_task_marker_dag.py
[2025-03-18T14:26:55.809+0000] {processor.py:840} INFO - DAG(s) 'example_external_task_marker_child', 'example_external_task_marker_parent' retrieved from /home/airflow/.local/lib/python3.12/site-packages/airflow/example_dags/example_external_task_marker_dag.py
[2025-03-18T14:26:55.832+0000] {logging_mixin.py:188} INFO - [2025-03-18T14:26:55.832+0000] {dag.py:3096} INFO - Sync 2 DAGs
[2025-03-18T14:26:55.844+0000] {logging_mixin.py:188} INFO - [2025-03-18T14:26:55.844+0000] {dag.py:3954} INFO - Setting next_dagrun for example_external_task_marker_child to None, run_after=None
[2025-03-18T14:26:55.848+0000] {logging_mixin.py:188} INFO - [2025-03-18T14:26:55.848+0000] {dag.py:3954} INFO - Setting next_dagrun for example_external_task_marker_parent to None, run_after=None
[2025-03-18T14:26:55.867+0000] {processor.py:183} INFO - Processing /home/airflow/.local/lib/python3.12/site-packages/airflow/example_dags/example_external_task_marker_dag.py took 0.072 seconds
