[2025-03-18T14:22:23.603+0000] {processor.py:161} INFO - Started process (PID=279) to work on /home/airflow/.local/lib/python3.12/site-packages/airflow/example_dags/example_task_group_decorator.py
[2025-03-18T14:22:23.604+0000] {processor.py:830} INFO - Processing file /home/airflow/.local/lib/python3.12/site-packages/airflow/example_dags/example_task_group_decorator.py for tasks to queue
[2025-03-18T14:22:23.605+0000] {logging_mixin.py:188} INFO - [2025-03-18T14:22:23.605+0000] {dagbag.py:545} INFO - Filling up the DagBag from /home/airflow/.local/lib/python3.12/site-packages/airflow/example_dags/example_task_group_decorator.py
[2025-03-18T14:22:23.617+0000] {processor.py:840} INFO - DAG(s) 'example_task_group_decorator' retrieved from /home/airflow/.local/lib/python3.12/site-packages/airflow/example_dags/example_task_group_decorator.py
[2025-03-18T14:22:23.640+0000] {logging_mixin.py:188} INFO - [2025-03-18T14:22:23.640+0000] {dag.py:3096} INFO - Sync 1 DAGs
[2025-03-18T14:22:23.661+0000] {logging_mixin.py:188} INFO - [2025-03-18T14:22:23.661+0000] {dag.py:3954} INFO - Setting next_dagrun for example_task_group_decorator to 2025-03-17 00:00:00+00:00, run_after=2025-03-18 00:00:00+00:00
[2025-03-18T14:22:23.701+0000] {processor.py:183} INFO - Processing /home/airflow/.local/lib/python3.12/site-packages/airflow/example_dags/example_task_group_decorator.py took 0.104 seconds
[2025-03-18T14:22:53.887+0000] {processor.py:161} INFO - Started process (PID=543) to work on /home/airflow/.local/lib/python3.12/site-packages/airflow/example_dags/example_task_group_decorator.py
[2025-03-18T14:22:53.888+0000] {processor.py:830} INFO - Processing file /home/airflow/.local/lib/python3.12/site-packages/airflow/example_dags/example_task_group_decorator.py for tasks to queue
[2025-03-18T14:22:53.890+0000] {logging_mixin.py:188} INFO - [2025-03-18T14:22:53.890+0000] {dagbag.py:545} INFO - Filling up the DagBag from /home/airflow/.local/lib/python3.12/site-packages/airflow/example_dags/example_task_group_decorator.py
[2025-03-18T14:22:53.902+0000] {processor.py:840} INFO - DAG(s) 'example_task_group_decorator' retrieved from /home/airflow/.local/lib/python3.12/site-packages/airflow/example_dags/example_task_group_decorator.py
[2025-03-18T14:22:53.926+0000] {logging_mixin.py:188} INFO - [2025-03-18T14:22:53.926+0000] {dag.py:3096} INFO - Sync 1 DAGs
[2025-03-18T14:22:53.945+0000] {logging_mixin.py:188} INFO - [2025-03-18T14:22:53.945+0000] {dag.py:3954} INFO - Setting next_dagrun for example_task_group_decorator to 2025-03-17 00:00:00+00:00, run_after=2025-03-18 00:00:00+00:00
[2025-03-18T14:22:53.966+0000] {processor.py:183} INFO - Processing /home/airflow/.local/lib/python3.12/site-packages/airflow/example_dags/example_task_group_decorator.py took 0.084 seconds
[2025-03-18T14:23:24.331+0000] {processor.py:161} INFO - Started process (PID=805) to work on /home/airflow/.local/lib/python3.12/site-packages/airflow/example_dags/example_task_group_decorator.py
[2025-03-18T14:23:24.332+0000] {processor.py:830} INFO - Processing file /home/airflow/.local/lib/python3.12/site-packages/airflow/example_dags/example_task_group_decorator.py for tasks to queue
[2025-03-18T14:23:24.334+0000] {logging_mixin.py:188} INFO - [2025-03-18T14:23:24.334+0000] {dagbag.py:545} INFO - Filling up the DagBag from /home/airflow/.local/lib/python3.12/site-packages/airflow/example_dags/example_task_group_decorator.py
[2025-03-18T14:23:24.349+0000] {processor.py:840} INFO - DAG(s) 'example_task_group_decorator' retrieved from /home/airflow/.local/lib/python3.12/site-packages/airflow/example_dags/example_task_group_decorator.py
[2025-03-18T14:23:24.388+0000] {logging_mixin.py:188} INFO - [2025-03-18T14:23:24.387+0000] {dag.py:3096} INFO - Sync 1 DAGs
[2025-03-18T14:23:24.425+0000] {logging_mixin.py:188} INFO - [2025-03-18T14:23:24.425+0000] {dag.py:3954} INFO - Setting next_dagrun for example_task_group_decorator to 2025-03-17 00:00:00+00:00, run_after=2025-03-18 00:00:00+00:00
[2025-03-18T14:23:24.451+0000] {processor.py:183} INFO - Processing /home/airflow/.local/lib/python3.12/site-packages/airflow/example_dags/example_task_group_decorator.py took 0.125 seconds
[2025-03-18T14:23:54.834+0000] {processor.py:161} INFO - Started process (PID=1065) to work on /home/airflow/.local/lib/python3.12/site-packages/airflow/example_dags/example_task_group_decorator.py
[2025-03-18T14:23:54.835+0000] {processor.py:830} INFO - Processing file /home/airflow/.local/lib/python3.12/site-packages/airflow/example_dags/example_task_group_decorator.py for tasks to queue
[2025-03-18T14:23:54.837+0000] {logging_mixin.py:188} INFO - [2025-03-18T14:23:54.837+0000] {dagbag.py:545} INFO - Filling up the DagBag from /home/airflow/.local/lib/python3.12/site-packages/airflow/example_dags/example_task_group_decorator.py
[2025-03-18T14:23:54.852+0000] {processor.py:840} INFO - DAG(s) 'example_task_group_decorator' retrieved from /home/airflow/.local/lib/python3.12/site-packages/airflow/example_dags/example_task_group_decorator.py
[2025-03-18T14:23:54.876+0000] {logging_mixin.py:188} INFO - [2025-03-18T14:23:54.876+0000] {dag.py:3096} INFO - Sync 1 DAGs
[2025-03-18T14:23:54.897+0000] {logging_mixin.py:188} INFO - [2025-03-18T14:23:54.897+0000] {dag.py:3954} INFO - Setting next_dagrun for example_task_group_decorator to 2025-03-17 00:00:00+00:00, run_after=2025-03-18 00:00:00+00:00
[2025-03-18T14:23:54.926+0000] {processor.py:183} INFO - Processing /home/airflow/.local/lib/python3.12/site-packages/airflow/example_dags/example_task_group_decorator.py took 0.098 seconds
[2025-03-18T14:24:25.121+0000] {processor.py:161} INFO - Started process (PID=1327) to work on /home/airflow/.local/lib/python3.12/site-packages/airflow/example_dags/example_task_group_decorator.py
[2025-03-18T14:24:25.122+0000] {processor.py:830} INFO - Processing file /home/airflow/.local/lib/python3.12/site-packages/airflow/example_dags/example_task_group_decorator.py for tasks to queue
[2025-03-18T14:24:25.124+0000] {logging_mixin.py:188} INFO - [2025-03-18T14:24:25.123+0000] {dagbag.py:545} INFO - Filling up the DagBag from /home/airflow/.local/lib/python3.12/site-packages/airflow/example_dags/example_task_group_decorator.py
[2025-03-18T14:24:25.136+0000] {processor.py:840} INFO - DAG(s) 'example_task_group_decorator' retrieved from /home/airflow/.local/lib/python3.12/site-packages/airflow/example_dags/example_task_group_decorator.py
[2025-03-18T14:24:25.157+0000] {logging_mixin.py:188} INFO - [2025-03-18T14:24:25.157+0000] {dag.py:3096} INFO - Sync 1 DAGs
[2025-03-18T14:24:25.177+0000] {logging_mixin.py:188} INFO - [2025-03-18T14:24:25.177+0000] {dag.py:3954} INFO - Setting next_dagrun for example_task_group_decorator to 2025-03-17 00:00:00+00:00, run_after=2025-03-18 00:00:00+00:00
[2025-03-18T14:24:25.207+0000] {processor.py:183} INFO - Processing /home/airflow/.local/lib/python3.12/site-packages/airflow/example_dags/example_task_group_decorator.py took 0.090 seconds
[2025-03-18T14:24:55.452+0000] {processor.py:161} INFO - Started process (PID=1595) to work on /home/airflow/.local/lib/python3.12/site-packages/airflow/example_dags/example_task_group_decorator.py
[2025-03-18T14:24:55.453+0000] {processor.py:830} INFO - Processing file /home/airflow/.local/lib/python3.12/site-packages/airflow/example_dags/example_task_group_decorator.py for tasks to queue
[2025-03-18T14:24:55.455+0000] {logging_mixin.py:188} INFO - [2025-03-18T14:24:55.455+0000] {dagbag.py:545} INFO - Filling up the DagBag from /home/airflow/.local/lib/python3.12/site-packages/airflow/example_dags/example_task_group_decorator.py
[2025-03-18T14:24:55.466+0000] {processor.py:840} INFO - DAG(s) 'example_task_group_decorator' retrieved from /home/airflow/.local/lib/python3.12/site-packages/airflow/example_dags/example_task_group_decorator.py
[2025-03-18T14:24:55.487+0000] {logging_mixin.py:188} INFO - [2025-03-18T14:24:55.487+0000] {dag.py:3096} INFO - Sync 1 DAGs
[2025-03-18T14:24:55.508+0000] {logging_mixin.py:188} INFO - [2025-03-18T14:24:55.508+0000] {dag.py:3954} INFO - Setting next_dagrun for example_task_group_decorator to 2025-03-17 00:00:00+00:00, run_after=2025-03-18 00:00:00+00:00
[2025-03-18T14:24:55.533+0000] {processor.py:183} INFO - Processing /home/airflow/.local/lib/python3.12/site-packages/airflow/example_dags/example_task_group_decorator.py took 0.085 seconds
[2025-03-18T14:25:25.922+0000] {processor.py:161} INFO - Started process (PID=1859) to work on /home/airflow/.local/lib/python3.12/site-packages/airflow/example_dags/example_task_group_decorator.py
[2025-03-18T14:25:25.923+0000] {processor.py:830} INFO - Processing file /home/airflow/.local/lib/python3.12/site-packages/airflow/example_dags/example_task_group_decorator.py for tasks to queue
[2025-03-18T14:25:25.925+0000] {logging_mixin.py:188} INFO - [2025-03-18T14:25:25.925+0000] {dagbag.py:545} INFO - Filling up the DagBag from /home/airflow/.local/lib/python3.12/site-packages/airflow/example_dags/example_task_group_decorator.py
[2025-03-18T14:25:25.936+0000] {processor.py:840} INFO - DAG(s) 'example_task_group_decorator' retrieved from /home/airflow/.local/lib/python3.12/site-packages/airflow/example_dags/example_task_group_decorator.py
[2025-03-18T14:25:25.958+0000] {logging_mixin.py:188} INFO - [2025-03-18T14:25:25.958+0000] {dag.py:3096} INFO - Sync 1 DAGs
[2025-03-18T14:25:25.976+0000] {logging_mixin.py:188} INFO - [2025-03-18T14:25:25.976+0000] {dag.py:3954} INFO - Setting next_dagrun for example_task_group_decorator to 2025-03-17 00:00:00+00:00, run_after=2025-03-18 00:00:00+00:00
[2025-03-18T14:25:25.998+0000] {processor.py:183} INFO - Processing /home/airflow/.local/lib/python3.12/site-packages/airflow/example_dags/example_task_group_decorator.py took 0.081 seconds
[2025-03-18T14:25:56.070+0000] {processor.py:161} INFO - Started process (PID=2121) to work on /home/airflow/.local/lib/python3.12/site-packages/airflow/example_dags/example_task_group_decorator.py
[2025-03-18T14:25:56.071+0000] {processor.py:830} INFO - Processing file /home/airflow/.local/lib/python3.12/site-packages/airflow/example_dags/example_task_group_decorator.py for tasks to queue
[2025-03-18T14:25:56.073+0000] {logging_mixin.py:188} INFO - [2025-03-18T14:25:56.073+0000] {dagbag.py:545} INFO - Filling up the DagBag from /home/airflow/.local/lib/python3.12/site-packages/airflow/example_dags/example_task_group_decorator.py
[2025-03-18T14:25:56.085+0000] {processor.py:840} INFO - DAG(s) 'example_task_group_decorator' retrieved from /home/airflow/.local/lib/python3.12/site-packages/airflow/example_dags/example_task_group_decorator.py
[2025-03-18T14:25:56.110+0000] {logging_mixin.py:188} INFO - [2025-03-18T14:25:56.110+0000] {dag.py:3096} INFO - Sync 1 DAGs
[2025-03-18T14:25:56.130+0000] {logging_mixin.py:188} INFO - [2025-03-18T14:25:56.130+0000] {dag.py:3954} INFO - Setting next_dagrun for example_task_group_decorator to 2025-03-17 00:00:00+00:00, run_after=2025-03-18 00:00:00+00:00
[2025-03-18T14:25:56.151+0000] {processor.py:183} INFO - Processing /home/airflow/.local/lib/python3.12/site-packages/airflow/example_dags/example_task_group_decorator.py took 0.085 seconds
[2025-03-18T14:26:26.236+0000] {processor.py:161} INFO - Started process (PID=2383) to work on /home/airflow/.local/lib/python3.12/site-packages/airflow/example_dags/example_task_group_decorator.py
[2025-03-18T14:26:26.237+0000] {processor.py:830} INFO - Processing file /home/airflow/.local/lib/python3.12/site-packages/airflow/example_dags/example_task_group_decorator.py for tasks to queue
[2025-03-18T14:26:26.238+0000] {logging_mixin.py:188} INFO - [2025-03-18T14:26:26.238+0000] {dagbag.py:545} INFO - Filling up the DagBag from /home/airflow/.local/lib/python3.12/site-packages/airflow/example_dags/example_task_group_decorator.py
[2025-03-18T14:26:26.254+0000] {processor.py:840} INFO - DAG(s) 'example_task_group_decorator' retrieved from /home/airflow/.local/lib/python3.12/site-packages/airflow/example_dags/example_task_group_decorator.py
[2025-03-18T14:26:26.283+0000] {logging_mixin.py:188} INFO - [2025-03-18T14:26:26.283+0000] {dag.py:3096} INFO - Sync 1 DAGs
[2025-03-18T14:26:26.302+0000] {logging_mixin.py:188} INFO - [2025-03-18T14:26:26.302+0000] {dag.py:3954} INFO - Setting next_dagrun for example_task_group_decorator to 2025-03-17 00:00:00+00:00, run_after=2025-03-18 00:00:00+00:00
[2025-03-18T14:26:26.320+0000] {processor.py:183} INFO - Processing /home/airflow/.local/lib/python3.12/site-packages/airflow/example_dags/example_task_group_decorator.py took 0.089 seconds
[2025-03-18T14:26:56.679+0000] {processor.py:161} INFO - Started process (PID=2667) to work on /home/airflow/.local/lib/python3.12/site-packages/airflow/example_dags/example_task_group_decorator.py
[2025-03-18T14:26:56.680+0000] {processor.py:830} INFO - Processing file /home/airflow/.local/lib/python3.12/site-packages/airflow/example_dags/example_task_group_decorator.py for tasks to queue
[2025-03-18T14:26:56.682+0000] {logging_mixin.py:188} INFO - [2025-03-18T14:26:56.682+0000] {dagbag.py:545} INFO - Filling up the DagBag from /home/airflow/.local/lib/python3.12/site-packages/airflow/example_dags/example_task_group_decorator.py
[2025-03-18T14:26:56.699+0000] {processor.py:840} INFO - DAG(s) 'example_task_group_decorator' retrieved from /home/airflow/.local/lib/python3.12/site-packages/airflow/example_dags/example_task_group_decorator.py
[2025-03-18T14:26:56.988+0000] {logging_mixin.py:188} INFO - [2025-03-18T14:26:56.987+0000] {process_utils.py:263} INFO - Waiting up to 5 seconds for processes to exit...
