[2025-03-18T14:22:23.478+0000] {processor.py:161} INFO - Started process (PID=269) to work on /home/airflow/.local/lib/python3.12/site-packages/airflow/example_dags/example_sla_dag.py
[2025-03-18T14:22:23.480+0000] {processor.py:830} INFO - Processing file /home/airflow/.local/lib/python3.12/site-packages/airflow/example_dags/example_sla_dag.py for tasks to queue
[2025-03-18T14:22:23.482+0000] {logging_mixin.py:188} INFO - [2025-03-18T14:22:23.482+0000] {dagbag.py:545} INFO - Filling up the DagBag from /home/airflow/.local/lib/python3.12/site-packages/airflow/example_dags/example_sla_dag.py
[2025-03-18T14:22:23.493+0000] {processor.py:840} INFO - DAG(s) 'example_sla_dag' retrieved from /home/airflow/.local/lib/python3.12/site-packages/airflow/example_dags/example_sla_dag.py
[2025-03-18T14:22:23.518+0000] {logging_mixin.py:188} INFO - [2025-03-18T14:22:23.517+0000] {dag.py:3096} INFO - Sync 1 DAGs
[2025-03-18T14:22:23.541+0000] {logging_mixin.py:188} INFO - [2025-03-18T14:22:23.541+0000] {dag.py:3954} INFO - Setting next_dagrun for example_sla_dag to 2025-03-18 14:20:00+00:00, run_after=2025-03-18 14:22:00+00:00
[2025-03-18T14:22:23.573+0000] {processor.py:183} INFO - Processing /home/airflow/.local/lib/python3.12/site-packages/airflow/example_dags/example_sla_dag.py took 0.101 seconds
[2025-03-18T14:22:53.645+0000] {processor.py:161} INFO - Started process (PID=531) to work on /home/airflow/.local/lib/python3.12/site-packages/airflow/example_dags/example_sla_dag.py
[2025-03-18T14:22:53.647+0000] {processor.py:830} INFO - Processing file /home/airflow/.local/lib/python3.12/site-packages/airflow/example_dags/example_sla_dag.py for tasks to queue
[2025-03-18T14:22:53.649+0000] {logging_mixin.py:188} INFO - [2025-03-18T14:22:53.648+0000] {dagbag.py:545} INFO - Filling up the DagBag from /home/airflow/.local/lib/python3.12/site-packages/airflow/example_dags/example_sla_dag.py
[2025-03-18T14:22:53.657+0000] {processor.py:840} INFO - DAG(s) 'example_sla_dag' retrieved from /home/airflow/.local/lib/python3.12/site-packages/airflow/example_dags/example_sla_dag.py
[2025-03-18T14:22:53.678+0000] {logging_mixin.py:188} INFO - [2025-03-18T14:22:53.677+0000] {dag.py:3096} INFO - Sync 1 DAGs
[2025-03-18T14:22:53.702+0000] {logging_mixin.py:188} INFO - [2025-03-18T14:22:53.702+0000] {dag.py:3954} INFO - Setting next_dagrun for example_sla_dag to 2025-03-18 14:20:00+00:00, run_after=2025-03-18 14:22:00+00:00
[2025-03-18T14:22:53.730+0000] {processor.py:183} INFO - Processing /home/airflow/.local/lib/python3.12/site-packages/airflow/example_dags/example_sla_dag.py took 0.090 seconds
[2025-03-18T14:23:24.088+0000] {processor.py:161} INFO - Started process (PID=795) to work on /home/airflow/.local/lib/python3.12/site-packages/airflow/example_dags/example_sla_dag.py
[2025-03-18T14:23:24.090+0000] {processor.py:830} INFO - Processing file /home/airflow/.local/lib/python3.12/site-packages/airflow/example_dags/example_sla_dag.py for tasks to queue
[2025-03-18T14:23:24.091+0000] {logging_mixin.py:188} INFO - [2025-03-18T14:23:24.091+0000] {dagbag.py:545} INFO - Filling up the DagBag from /home/airflow/.local/lib/python3.12/site-packages/airflow/example_dags/example_sla_dag.py
[2025-03-18T14:23:24.103+0000] {processor.py:840} INFO - DAG(s) 'example_sla_dag' retrieved from /home/airflow/.local/lib/python3.12/site-packages/airflow/example_dags/example_sla_dag.py
[2025-03-18T14:23:24.122+0000] {logging_mixin.py:188} INFO - [2025-03-18T14:23:24.121+0000] {dag.py:3096} INFO - Sync 1 DAGs
[2025-03-18T14:23:24.143+0000] {logging_mixin.py:188} INFO - [2025-03-18T14:23:24.143+0000] {dag.py:3954} INFO - Setting next_dagrun for example_sla_dag to 2025-03-18 14:20:00+00:00, run_after=2025-03-18 14:22:00+00:00
[2025-03-18T14:23:24.165+0000] {processor.py:183} INFO - Processing /home/airflow/.local/lib/python3.12/site-packages/airflow/example_dags/example_sla_dag.py took 0.083 seconds
[2025-03-18T14:23:54.715+0000] {processor.py:161} INFO - Started process (PID=1057) to work on /home/airflow/.local/lib/python3.12/site-packages/airflow/example_dags/example_sla_dag.py
[2025-03-18T14:23:54.716+0000] {processor.py:830} INFO - Processing file /home/airflow/.local/lib/python3.12/site-packages/airflow/example_dags/example_sla_dag.py for tasks to queue
[2025-03-18T14:23:54.717+0000] {logging_mixin.py:188} INFO - [2025-03-18T14:23:54.717+0000] {dagbag.py:545} INFO - Filling up the DagBag from /home/airflow/.local/lib/python3.12/site-packages/airflow/example_dags/example_sla_dag.py
[2025-03-18T14:23:54.724+0000] {processor.py:840} INFO - DAG(s) 'example_sla_dag' retrieved from /home/airflow/.local/lib/python3.12/site-packages/airflow/example_dags/example_sla_dag.py
[2025-03-18T14:23:54.742+0000] {logging_mixin.py:188} INFO - [2025-03-18T14:23:54.742+0000] {dag.py:3096} INFO - Sync 1 DAGs
[2025-03-18T14:23:54.762+0000] {logging_mixin.py:188} INFO - [2025-03-18T14:23:54.761+0000] {dag.py:3954} INFO - Setting next_dagrun for example_sla_dag to 2025-03-18 14:20:00+00:00, run_after=2025-03-18 14:22:00+00:00
[2025-03-18T14:23:54.794+0000] {processor.py:183} INFO - Processing /home/airflow/.local/lib/python3.12/site-packages/airflow/example_dags/example_sla_dag.py took 0.084 seconds
[2025-03-18T14:24:25.004+0000] {processor.py:161} INFO - Started process (PID=1319) to work on /home/airflow/.local/lib/python3.12/site-packages/airflow/example_dags/example_sla_dag.py
[2025-03-18T14:24:25.005+0000] {processor.py:830} INFO - Processing file /home/airflow/.local/lib/python3.12/site-packages/airflow/example_dags/example_sla_dag.py for tasks to queue
[2025-03-18T14:24:25.006+0000] {logging_mixin.py:188} INFO - [2025-03-18T14:24:25.006+0000] {dagbag.py:545} INFO - Filling up the DagBag from /home/airflow/.local/lib/python3.12/site-packages/airflow/example_dags/example_sla_dag.py
[2025-03-18T14:24:25.013+0000] {processor.py:840} INFO - DAG(s) 'example_sla_dag' retrieved from /home/airflow/.local/lib/python3.12/site-packages/airflow/example_dags/example_sla_dag.py
[2025-03-18T14:24:25.030+0000] {logging_mixin.py:188} INFO - [2025-03-18T14:24:25.030+0000] {dag.py:3096} INFO - Sync 1 DAGs
[2025-03-18T14:24:25.050+0000] {logging_mixin.py:188} INFO - [2025-03-18T14:24:25.050+0000] {dag.py:3954} INFO - Setting next_dagrun for example_sla_dag to 2025-03-18 14:22:00+00:00, run_after=2025-03-18 14:24:00+00:00
[2025-03-18T14:24:25.084+0000] {processor.py:183} INFO - Processing /home/airflow/.local/lib/python3.12/site-packages/airflow/example_dags/example_sla_dag.py took 0.085 seconds
[2025-03-18T14:24:55.347+0000] {processor.py:161} INFO - Started process (PID=1581) to work on /home/airflow/.local/lib/python3.12/site-packages/airflow/example_dags/example_sla_dag.py
[2025-03-18T14:24:55.348+0000] {processor.py:830} INFO - Processing file /home/airflow/.local/lib/python3.12/site-packages/airflow/example_dags/example_sla_dag.py for tasks to queue
[2025-03-18T14:24:55.350+0000] {logging_mixin.py:188} INFO - [2025-03-18T14:24:55.349+0000] {dagbag.py:545} INFO - Filling up the DagBag from /home/airflow/.local/lib/python3.12/site-packages/airflow/example_dags/example_sla_dag.py
[2025-03-18T14:24:55.357+0000] {processor.py:840} INFO - DAG(s) 'example_sla_dag' retrieved from /home/airflow/.local/lib/python3.12/site-packages/airflow/example_dags/example_sla_dag.py
[2025-03-18T14:24:55.375+0000] {logging_mixin.py:188} INFO - [2025-03-18T14:24:55.374+0000] {dag.py:3096} INFO - Sync 1 DAGs
[2025-03-18T14:24:55.397+0000] {logging_mixin.py:188} INFO - [2025-03-18T14:24:55.397+0000] {dag.py:3954} INFO - Setting next_dagrun for example_sla_dag to 2025-03-18 14:22:00+00:00, run_after=2025-03-18 14:24:00+00:00
[2025-03-18T14:24:55.418+0000] {processor.py:183} INFO - Processing /home/airflow/.local/lib/python3.12/site-packages/airflow/example_dags/example_sla_dag.py took 0.076 seconds
[2025-03-18T14:25:25.696+0000] {processor.py:161} INFO - Started process (PID=1847) to work on /home/airflow/.local/lib/python3.12/site-packages/airflow/example_dags/example_sla_dag.py
[2025-03-18T14:25:25.698+0000] {processor.py:830} INFO - Processing file /home/airflow/.local/lib/python3.12/site-packages/airflow/example_dags/example_sla_dag.py for tasks to queue
[2025-03-18T14:25:25.700+0000] {logging_mixin.py:188} INFO - [2025-03-18T14:25:25.700+0000] {dagbag.py:545} INFO - Filling up the DagBag from /home/airflow/.local/lib/python3.12/site-packages/airflow/example_dags/example_sla_dag.py
[2025-03-18T14:25:25.713+0000] {processor.py:840} INFO - DAG(s) 'example_sla_dag' retrieved from /home/airflow/.local/lib/python3.12/site-packages/airflow/example_dags/example_sla_dag.py
[2025-03-18T14:25:25.736+0000] {logging_mixin.py:188} INFO - [2025-03-18T14:25:25.736+0000] {dag.py:3096} INFO - Sync 1 DAGs
[2025-03-18T14:25:25.757+0000] {logging_mixin.py:188} INFO - [2025-03-18T14:25:25.757+0000] {dag.py:3954} INFO - Setting next_dagrun for example_sla_dag to 2025-03-18 14:22:00+00:00, run_after=2025-03-18 14:24:00+00:00
[2025-03-18T14:25:25.776+0000] {processor.py:183} INFO - Processing /home/airflow/.local/lib/python3.12/site-packages/airflow/example_dags/example_sla_dag.py took 0.092 seconds
[2025-03-18T14:25:55.854+0000] {processor.py:161} INFO - Started process (PID=2109) to work on /home/airflow/.local/lib/python3.12/site-packages/airflow/example_dags/example_sla_dag.py
[2025-03-18T14:25:55.854+0000] {processor.py:830} INFO - Processing file /home/airflow/.local/lib/python3.12/site-packages/airflow/example_dags/example_sla_dag.py for tasks to queue
[2025-03-18T14:25:55.856+0000] {logging_mixin.py:188} INFO - [2025-03-18T14:25:55.855+0000] {dagbag.py:545} INFO - Filling up the DagBag from /home/airflow/.local/lib/python3.12/site-packages/airflow/example_dags/example_sla_dag.py
[2025-03-18T14:25:55.863+0000] {processor.py:840} INFO - DAG(s) 'example_sla_dag' retrieved from /home/airflow/.local/lib/python3.12/site-packages/airflow/example_dags/example_sla_dag.py
[2025-03-18T14:25:55.880+0000] {logging_mixin.py:188} INFO - [2025-03-18T14:25:55.880+0000] {dag.py:3096} INFO - Sync 1 DAGs
[2025-03-18T14:25:55.902+0000] {logging_mixin.py:188} INFO - [2025-03-18T14:25:55.902+0000] {dag.py:3954} INFO - Setting next_dagrun for example_sla_dag to 2025-03-18 14:22:00+00:00, run_after=2025-03-18 14:24:00+00:00
[2025-03-18T14:25:55.922+0000] {processor.py:183} INFO - Processing /home/airflow/.local/lib/python3.12/site-packages/airflow/example_dags/example_sla_dag.py took 0.074 seconds
[2025-03-18T14:26:26.026+0000] {processor.py:161} INFO - Started process (PID=2371) to work on /home/airflow/.local/lib/python3.12/site-packages/airflow/example_dags/example_sla_dag.py
[2025-03-18T14:26:26.027+0000] {processor.py:830} INFO - Processing file /home/airflow/.local/lib/python3.12/site-packages/airflow/example_dags/example_sla_dag.py for tasks to queue
[2025-03-18T14:26:26.028+0000] {logging_mixin.py:188} INFO - [2025-03-18T14:26:26.028+0000] {dagbag.py:545} INFO - Filling up the DagBag from /home/airflow/.local/lib/python3.12/site-packages/airflow/example_dags/example_sla_dag.py
[2025-03-18T14:26:26.036+0000] {processor.py:840} INFO - DAG(s) 'example_sla_dag' retrieved from /home/airflow/.local/lib/python3.12/site-packages/airflow/example_dags/example_sla_dag.py
[2025-03-18T14:26:26.053+0000] {logging_mixin.py:188} INFO - [2025-03-18T14:26:26.053+0000] {dag.py:3096} INFO - Sync 1 DAGs
[2025-03-18T14:26:26.074+0000] {logging_mixin.py:188} INFO - [2025-03-18T14:26:26.074+0000] {dag.py:3954} INFO - Setting next_dagrun for example_sla_dag to 2025-03-18 14:24:00+00:00, run_after=2025-03-18 14:26:00+00:00
[2025-03-18T14:26:26.093+0000] {processor.py:183} INFO - Processing /home/airflow/.local/lib/python3.12/site-packages/airflow/example_dags/example_sla_dag.py took 0.072 seconds
[2025-03-18T14:26:56.567+0000] {processor.py:161} INFO - Started process (PID=2665) to work on /home/airflow/.local/lib/python3.12/site-packages/airflow/example_dags/example_sla_dag.py
[2025-03-18T14:26:56.568+0000] {processor.py:830} INFO - Processing file /home/airflow/.local/lib/python3.12/site-packages/airflow/example_dags/example_sla_dag.py for tasks to queue
[2025-03-18T14:26:56.571+0000] {logging_mixin.py:188} INFO - [2025-03-18T14:26:56.570+0000] {dagbag.py:545} INFO - Filling up the DagBag from /home/airflow/.local/lib/python3.12/site-packages/airflow/example_dags/example_sla_dag.py
[2025-03-18T14:26:56.582+0000] {processor.py:840} INFO - DAG(s) 'example_sla_dag' retrieved from /home/airflow/.local/lib/python3.12/site-packages/airflow/example_dags/example_sla_dag.py
[2025-03-18T14:26:56.602+0000] {logging_mixin.py:188} INFO - [2025-03-18T14:26:56.602+0000] {dag.py:3096} INFO - Sync 1 DAGs
[2025-03-18T14:26:56.627+0000] {logging_mixin.py:188} INFO - [2025-03-18T14:26:56.626+0000] {dag.py:3954} INFO - Setting next_dagrun for example_sla_dag to 2025-03-18 14:24:00+00:00, run_after=2025-03-18 14:26:00+00:00
[2025-03-18T14:26:56.648+0000] {processor.py:183} INFO - Processing /home/airflow/.local/lib/python3.12/site-packages/airflow/example_dags/example_sla_dag.py took 0.087 seconds
