[2025-03-18T14:22:24.266+0000] {processor.py:161} INFO - Started process (PID=324) to work on /home/airflow/.local/lib/python3.12/site-packages/airflow/example_dags/example_latest_only.py
[2025-03-18T14:22:24.267+0000] {processor.py:830} INFO - Processing file /home/airflow/.local/lib/python3.12/site-packages/airflow/example_dags/example_latest_only.py for tasks to queue
[2025-03-18T14:22:24.269+0000] {logging_mixin.py:188} INFO - [2025-03-18T14:22:24.269+0000] {dagbag.py:545} INFO - Filling up the DagBag from /home/airflow/.local/lib/python3.12/site-packages/airflow/example_dags/example_latest_only.py
[2025-03-18T14:22:24.273+0000] {processor.py:840} INFO - DAG(s) 'latest_only' retrieved from /home/airflow/.local/lib/python3.12/site-packages/airflow/example_dags/example_latest_only.py
[2025-03-18T14:22:24.294+0000] {logging_mixin.py:188} INFO - [2025-03-18T14:22:24.294+0000] {dag.py:3096} INFO - Sync 1 DAGs
[2025-03-18T14:22:24.313+0000] {logging_mixin.py:188} INFO - [2025-03-18T14:22:24.313+0000] {dag.py:3954} INFO - Setting next_dagrun for latest_only to 2025-03-18 08:00:00+00:00, run_after=2025-03-18 12:00:00+00:00
[2025-03-18T14:22:24.343+0000] {processor.py:183} INFO - Processing /home/airflow/.local/lib/python3.12/site-packages/airflow/example_dags/example_latest_only.py took 0.081 seconds
[2025-03-18T14:22:54.546+0000] {processor.py:161} INFO - Started process (PID=588) to work on /home/airflow/.local/lib/python3.12/site-packages/airflow/example_dags/example_latest_only.py
[2025-03-18T14:22:54.547+0000] {processor.py:830} INFO - Processing file /home/airflow/.local/lib/python3.12/site-packages/airflow/example_dags/example_latest_only.py for tasks to queue
[2025-03-18T14:22:54.548+0000] {logging_mixin.py:188} INFO - [2025-03-18T14:22:54.548+0000] {dagbag.py:545} INFO - Filling up the DagBag from /home/airflow/.local/lib/python3.12/site-packages/airflow/example_dags/example_latest_only.py
[2025-03-18T14:22:54.552+0000] {processor.py:840} INFO - DAG(s) 'latest_only' retrieved from /home/airflow/.local/lib/python3.12/site-packages/airflow/example_dags/example_latest_only.py
[2025-03-18T14:22:54.570+0000] {logging_mixin.py:188} INFO - [2025-03-18T14:22:54.569+0000] {dag.py:3096} INFO - Sync 1 DAGs
[2025-03-18T14:22:54.590+0000] {logging_mixin.py:188} INFO - [2025-03-18T14:22:54.589+0000] {dag.py:3954} INFO - Setting next_dagrun for latest_only to 2025-03-18 08:00:00+00:00, run_after=2025-03-18 12:00:00+00:00
[2025-03-18T14:22:54.608+0000] {processor.py:183} INFO - Processing /home/airflow/.local/lib/python3.12/site-packages/airflow/example_dags/example_latest_only.py took 0.067 seconds
[2025-03-18T14:23:24.987+0000] {processor.py:161} INFO - Started process (PID=848) to work on /home/airflow/.local/lib/python3.12/site-packages/airflow/example_dags/example_latest_only.py
[2025-03-18T14:23:24.988+0000] {processor.py:830} INFO - Processing file /home/airflow/.local/lib/python3.12/site-packages/airflow/example_dags/example_latest_only.py for tasks to queue
[2025-03-18T14:23:24.990+0000] {logging_mixin.py:188} INFO - [2025-03-18T14:23:24.990+0000] {dagbag.py:545} INFO - Filling up the DagBag from /home/airflow/.local/lib/python3.12/site-packages/airflow/example_dags/example_latest_only.py
[2025-03-18T14:23:24.994+0000] {processor.py:840} INFO - DAG(s) 'latest_only' retrieved from /home/airflow/.local/lib/python3.12/site-packages/airflow/example_dags/example_latest_only.py
[2025-03-18T14:23:25.010+0000] {logging_mixin.py:188} INFO - [2025-03-18T14:23:25.010+0000] {dag.py:3096} INFO - Sync 1 DAGs
[2025-03-18T14:23:25.032+0000] {logging_mixin.py:188} INFO - [2025-03-18T14:23:25.032+0000] {dag.py:3954} INFO - Setting next_dagrun for latest_only to 2025-03-18 08:00:00+00:00, run_after=2025-03-18 12:00:00+00:00
[2025-03-18T14:23:25.053+0000] {processor.py:183} INFO - Processing /home/airflow/.local/lib/python3.12/site-packages/airflow/example_dags/example_latest_only.py took 0.071 seconds
[2025-03-18T14:23:55.477+0000] {processor.py:161} INFO - Started process (PID=1116) to work on /home/airflow/.local/lib/python3.12/site-packages/airflow/example_dags/example_latest_only.py
[2025-03-18T14:23:55.478+0000] {processor.py:830} INFO - Processing file /home/airflow/.local/lib/python3.12/site-packages/airflow/example_dags/example_latest_only.py for tasks to queue
[2025-03-18T14:23:55.480+0000] {logging_mixin.py:188} INFO - [2025-03-18T14:23:55.480+0000] {dagbag.py:545} INFO - Filling up the DagBag from /home/airflow/.local/lib/python3.12/site-packages/airflow/example_dags/example_latest_only.py
[2025-03-18T14:23:55.485+0000] {processor.py:840} INFO - DAG(s) 'latest_only' retrieved from /home/airflow/.local/lib/python3.12/site-packages/airflow/example_dags/example_latest_only.py
[2025-03-18T14:23:55.503+0000] {logging_mixin.py:188} INFO - [2025-03-18T14:23:55.503+0000] {dag.py:3096} INFO - Sync 1 DAGs
[2025-03-18T14:23:55.521+0000] {logging_mixin.py:188} INFO - [2025-03-18T14:23:55.521+0000] {dag.py:3954} INFO - Setting next_dagrun for latest_only to 2025-03-18 08:00:00+00:00, run_after=2025-03-18 12:00:00+00:00
[2025-03-18T14:23:55.548+0000] {processor.py:183} INFO - Processing /home/airflow/.local/lib/python3.12/site-packages/airflow/example_dags/example_latest_only.py took 0.075 seconds
[2025-03-18T14:24:25.800+0000] {processor.py:161} INFO - Started process (PID=1380) to work on /home/airflow/.local/lib/python3.12/site-packages/airflow/example_dags/example_latest_only.py
[2025-03-18T14:24:25.801+0000] {processor.py:830} INFO - Processing file /home/airflow/.local/lib/python3.12/site-packages/airflow/example_dags/example_latest_only.py for tasks to queue
[2025-03-18T14:24:25.803+0000] {logging_mixin.py:188} INFO - [2025-03-18T14:24:25.803+0000] {dagbag.py:545} INFO - Filling up the DagBag from /home/airflow/.local/lib/python3.12/site-packages/airflow/example_dags/example_latest_only.py
[2025-03-18T14:24:25.808+0000] {processor.py:840} INFO - DAG(s) 'latest_only' retrieved from /home/airflow/.local/lib/python3.12/site-packages/airflow/example_dags/example_latest_only.py
[2025-03-18T14:24:25.825+0000] {logging_mixin.py:188} INFO - [2025-03-18T14:24:25.824+0000] {dag.py:3096} INFO - Sync 1 DAGs
[2025-03-18T14:24:25.845+0000] {logging_mixin.py:188} INFO - [2025-03-18T14:24:25.845+0000] {dag.py:3954} INFO - Setting next_dagrun for latest_only to 2025-03-18 08:00:00+00:00, run_after=2025-03-18 12:00:00+00:00
[2025-03-18T14:24:25.872+0000] {processor.py:183} INFO - Processing /home/airflow/.local/lib/python3.12/site-packages/airflow/example_dags/example_latest_only.py took 0.077 seconds
[2025-03-18T14:24:56.100+0000] {processor.py:161} INFO - Started process (PID=1647) to work on /home/airflow/.local/lib/python3.12/site-packages/airflow/example_dags/example_latest_only.py
[2025-03-18T14:24:56.101+0000] {processor.py:830} INFO - Processing file /home/airflow/.local/lib/python3.12/site-packages/airflow/example_dags/example_latest_only.py for tasks to queue
[2025-03-18T14:24:56.103+0000] {logging_mixin.py:188} INFO - [2025-03-18T14:24:56.103+0000] {dagbag.py:545} INFO - Filling up the DagBag from /home/airflow/.local/lib/python3.12/site-packages/airflow/example_dags/example_latest_only.py
[2025-03-18T14:24:56.107+0000] {processor.py:840} INFO - DAG(s) 'latest_only' retrieved from /home/airflow/.local/lib/python3.12/site-packages/airflow/example_dags/example_latest_only.py
[2025-03-18T14:24:56.127+0000] {logging_mixin.py:188} INFO - [2025-03-18T14:24:56.126+0000] {dag.py:3096} INFO - Sync 1 DAGs
[2025-03-18T14:24:56.148+0000] {logging_mixin.py:188} INFO - [2025-03-18T14:24:56.147+0000] {dag.py:3954} INFO - Setting next_dagrun for latest_only to 2025-03-18 08:00:00+00:00, run_after=2025-03-18 12:00:00+00:00
[2025-03-18T14:24:56.169+0000] {processor.py:183} INFO - Processing /home/airflow/.local/lib/python3.12/site-packages/airflow/example_dags/example_latest_only.py took 0.074 seconds
[2025-03-18T14:25:26.592+0000] {processor.py:161} INFO - Started process (PID=1904) to work on /home/airflow/.local/lib/python3.12/site-packages/airflow/example_dags/example_latest_only.py
[2025-03-18T14:25:26.593+0000] {processor.py:830} INFO - Processing file /home/airflow/.local/lib/python3.12/site-packages/airflow/example_dags/example_latest_only.py for tasks to queue
[2025-03-18T14:25:26.595+0000] {logging_mixin.py:188} INFO - [2025-03-18T14:25:26.595+0000] {dagbag.py:545} INFO - Filling up the DagBag from /home/airflow/.local/lib/python3.12/site-packages/airflow/example_dags/example_latest_only.py
[2025-03-18T14:25:26.599+0000] {processor.py:840} INFO - DAG(s) 'latest_only' retrieved from /home/airflow/.local/lib/python3.12/site-packages/airflow/example_dags/example_latest_only.py
[2025-03-18T14:25:26.618+0000] {logging_mixin.py:188} INFO - [2025-03-18T14:25:26.618+0000] {dag.py:3096} INFO - Sync 1 DAGs
[2025-03-18T14:25:26.638+0000] {logging_mixin.py:188} INFO - [2025-03-18T14:25:26.637+0000] {dag.py:3954} INFO - Setting next_dagrun for latest_only to 2025-03-18 08:00:00+00:00, run_after=2025-03-18 12:00:00+00:00
[2025-03-18T14:25:26.658+0000] {processor.py:183} INFO - Processing /home/airflow/.local/lib/python3.12/site-packages/airflow/example_dags/example_latest_only.py took 0.071 seconds
[2025-03-18T14:25:56.760+0000] {processor.py:161} INFO - Started process (PID=2166) to work on /home/airflow/.local/lib/python3.12/site-packages/airflow/example_dags/example_latest_only.py
[2025-03-18T14:25:56.761+0000] {processor.py:830} INFO - Processing file /home/airflow/.local/lib/python3.12/site-packages/airflow/example_dags/example_latest_only.py for tasks to queue
[2025-03-18T14:25:56.763+0000] {logging_mixin.py:188} INFO - [2025-03-18T14:25:56.763+0000] {dagbag.py:545} INFO - Filling up the DagBag from /home/airflow/.local/lib/python3.12/site-packages/airflow/example_dags/example_latest_only.py
[2025-03-18T14:25:56.768+0000] {processor.py:840} INFO - DAG(s) 'latest_only' retrieved from /home/airflow/.local/lib/python3.12/site-packages/airflow/example_dags/example_latest_only.py
[2025-03-18T14:25:56.790+0000] {logging_mixin.py:188} INFO - [2025-03-18T14:25:56.790+0000] {dag.py:3096} INFO - Sync 1 DAGs
[2025-03-18T14:25:56.812+0000] {logging_mixin.py:188} INFO - [2025-03-18T14:25:56.811+0000] {dag.py:3954} INFO - Setting next_dagrun for latest_only to 2025-03-18 08:00:00+00:00, run_after=2025-03-18 12:00:00+00:00
[2025-03-18T14:25:56.833+0000] {processor.py:183} INFO - Processing /home/airflow/.local/lib/python3.12/site-packages/airflow/example_dags/example_latest_only.py took 0.079 seconds
[2025-03-18T14:26:27.011+0000] {processor.py:161} INFO - Started process (PID=2428) to work on /home/airflow/.local/lib/python3.12/site-packages/airflow/example_dags/example_latest_only.py
[2025-03-18T14:26:27.011+0000] {processor.py:830} INFO - Processing file /home/airflow/.local/lib/python3.12/site-packages/airflow/example_dags/example_latest_only.py for tasks to queue
[2025-03-18T14:26:27.013+0000] {logging_mixin.py:188} INFO - [2025-03-18T14:26:27.013+0000] {dagbag.py:545} INFO - Filling up the DagBag from /home/airflow/.local/lib/python3.12/site-packages/airflow/example_dags/example_latest_only.py
[2025-03-18T14:26:27.018+0000] {processor.py:840} INFO - DAG(s) 'latest_only' retrieved from /home/airflow/.local/lib/python3.12/site-packages/airflow/example_dags/example_latest_only.py
[2025-03-18T14:26:27.037+0000] {logging_mixin.py:188} INFO - [2025-03-18T14:26:27.036+0000] {dag.py:3096} INFO - Sync 1 DAGs
[2025-03-18T14:26:27.058+0000] {logging_mixin.py:188} INFO - [2025-03-18T14:26:27.058+0000] {dag.py:3954} INFO - Setting next_dagrun for latest_only to 2025-03-18 08:00:00+00:00, run_after=2025-03-18 12:00:00+00:00
[2025-03-18T14:26:27.081+0000] {processor.py:183} INFO - Processing /home/airflow/.local/lib/python3.12/site-packages/airflow/example_dags/example_latest_only.py took 0.075 seconds
