[2025-03-18T14:22:22.504+0000] {processor.py:161} INFO - Started process (PID=204) to work on /home/airflow/.local/lib/python3.12/site-packages/airflow/example_dags/example_complex.py
[2025-03-18T14:22:22.505+0000] {processor.py:830} INFO - Processing file /home/airflow/.local/lib/python3.12/site-packages/airflow/example_dags/example_complex.py for tasks to queue
[2025-03-18T14:22:22.506+0000] {logging_mixin.py:188} INFO - [2025-03-18T14:22:22.506+0000] {dagbag.py:545} INFO - Filling up the DagBag from /home/airflow/.local/lib/python3.12/site-packages/airflow/example_dags/example_complex.py
[2025-03-18T14:22:22.516+0000] {processor.py:840} INFO - DAG(s) 'example_complex' retrieved from /home/airflow/.local/lib/python3.12/site-packages/airflow/example_dags/example_complex.py
[2025-03-18T14:22:22.549+0000] {logging_mixin.py:188} INFO - [2025-03-18T14:22:22.549+0000] {dag.py:3096} INFO - Sync 1 DAGs
[2025-03-18T14:22:22.560+0000] {logging_mixin.py:188} INFO - [2025-03-18T14:22:22.560+0000] {dag.py:3954} INFO - Setting next_dagrun for example_complex to None, run_after=None
[2025-03-18T14:22:22.585+0000] {processor.py:183} INFO - Processing /home/airflow/.local/lib/python3.12/site-packages/airflow/example_dags/example_complex.py took 0.086 seconds
[2025-03-18T14:22:52.645+0000] {processor.py:161} INFO - Started process (PID=466) to work on /home/airflow/.local/lib/python3.12/site-packages/airflow/example_dags/example_complex.py
[2025-03-18T14:22:52.646+0000] {processor.py:830} INFO - Processing file /home/airflow/.local/lib/python3.12/site-packages/airflow/example_dags/example_complex.py for tasks to queue
[2025-03-18T14:22:52.648+0000] {logging_mixin.py:188} INFO - [2025-03-18T14:22:52.647+0000] {dagbag.py:545} INFO - Filling up the DagBag from /home/airflow/.local/lib/python3.12/site-packages/airflow/example_dags/example_complex.py
[2025-03-18T14:22:52.656+0000] {processor.py:840} INFO - DAG(s) 'example_complex' retrieved from /home/airflow/.local/lib/python3.12/site-packages/airflow/example_dags/example_complex.py
[2025-03-18T14:22:52.683+0000] {logging_mixin.py:188} INFO - [2025-03-18T14:22:52.683+0000] {dag.py:3096} INFO - Sync 1 DAGs
[2025-03-18T14:22:52.694+0000] {logging_mixin.py:188} INFO - [2025-03-18T14:22:52.694+0000] {dag.py:3954} INFO - Setting next_dagrun for example_complex to None, run_after=None
[2025-03-18T14:22:52.714+0000] {processor.py:183} INFO - Processing /home/airflow/.local/lib/python3.12/site-packages/airflow/example_dags/example_complex.py took 0.074 seconds
[2025-03-18T14:23:23.167+0000] {processor.py:161} INFO - Started process (PID=728) to work on /home/airflow/.local/lib/python3.12/site-packages/airflow/example_dags/example_complex.py
[2025-03-18T14:23:23.168+0000] {processor.py:830} INFO - Processing file /home/airflow/.local/lib/python3.12/site-packages/airflow/example_dags/example_complex.py for tasks to queue
[2025-03-18T14:23:23.170+0000] {logging_mixin.py:188} INFO - [2025-03-18T14:23:23.170+0000] {dagbag.py:545} INFO - Filling up the DagBag from /home/airflow/.local/lib/python3.12/site-packages/airflow/example_dags/example_complex.py
[2025-03-18T14:23:23.179+0000] {processor.py:840} INFO - DAG(s) 'example_complex' retrieved from /home/airflow/.local/lib/python3.12/site-packages/airflow/example_dags/example_complex.py
[2025-03-18T14:23:23.208+0000] {logging_mixin.py:188} INFO - [2025-03-18T14:23:23.208+0000] {dag.py:3096} INFO - Sync 1 DAGs
[2025-03-18T14:23:23.221+0000] {logging_mixin.py:188} INFO - [2025-03-18T14:23:23.220+0000] {dag.py:3954} INFO - Setting next_dagrun for example_complex to None, run_after=None
[2025-03-18T14:23:23.240+0000] {processor.py:183} INFO - Processing /home/airflow/.local/lib/python3.12/site-packages/airflow/example_dags/example_complex.py took 0.079 seconds
[2025-03-18T14:23:53.906+0000] {processor.py:161} INFO - Started process (PID=990) to work on /home/airflow/.local/lib/python3.12/site-packages/airflow/example_dags/example_complex.py
[2025-03-18T14:23:53.907+0000] {processor.py:830} INFO - Processing file /home/airflow/.local/lib/python3.12/site-packages/airflow/example_dags/example_complex.py for tasks to queue
[2025-03-18T14:23:53.909+0000] {logging_mixin.py:188} INFO - [2025-03-18T14:23:53.909+0000] {dagbag.py:545} INFO - Filling up the DagBag from /home/airflow/.local/lib/python3.12/site-packages/airflow/example_dags/example_complex.py
[2025-03-18T14:23:53.918+0000] {processor.py:840} INFO - DAG(s) 'example_complex' retrieved from /home/airflow/.local/lib/python3.12/site-packages/airflow/example_dags/example_complex.py
[2025-03-18T14:23:53.946+0000] {logging_mixin.py:188} INFO - [2025-03-18T14:23:53.946+0000] {dag.py:3096} INFO - Sync 1 DAGs
[2025-03-18T14:23:53.958+0000] {logging_mixin.py:188} INFO - [2025-03-18T14:23:53.958+0000] {dag.py:3954} INFO - Setting next_dagrun for example_complex to None, run_after=None
[2025-03-18T14:23:53.979+0000] {processor.py:183} INFO - Processing /home/airflow/.local/lib/python3.12/site-packages/airflow/example_dags/example_complex.py took 0.078 seconds
[2025-03-18T14:24:24.194+0000] {processor.py:161} INFO - Started process (PID=1252) to work on /home/airflow/.local/lib/python3.12/site-packages/airflow/example_dags/example_complex.py
[2025-03-18T14:24:24.195+0000] {processor.py:830} INFO - Processing file /home/airflow/.local/lib/python3.12/site-packages/airflow/example_dags/example_complex.py for tasks to queue
[2025-03-18T14:24:24.197+0000] {logging_mixin.py:188} INFO - [2025-03-18T14:24:24.197+0000] {dagbag.py:545} INFO - Filling up the DagBag from /home/airflow/.local/lib/python3.12/site-packages/airflow/example_dags/example_complex.py
[2025-03-18T14:24:24.205+0000] {processor.py:840} INFO - DAG(s) 'example_complex' retrieved from /home/airflow/.local/lib/python3.12/site-packages/airflow/example_dags/example_complex.py
[2025-03-18T14:24:24.233+0000] {logging_mixin.py:188} INFO - [2025-03-18T14:24:24.233+0000] {dag.py:3096} INFO - Sync 1 DAGs
[2025-03-18T14:24:24.245+0000] {logging_mixin.py:188} INFO - [2025-03-18T14:24:24.244+0000] {dag.py:3954} INFO - Setting next_dagrun for example_complex to None, run_after=None
[2025-03-18T14:24:24.264+0000] {processor.py:183} INFO - Processing /home/airflow/.local/lib/python3.12/site-packages/airflow/example_dags/example_complex.py took 0.075 seconds
[2025-03-18T14:24:54.509+0000] {processor.py:161} INFO - Started process (PID=1514) to work on /home/airflow/.local/lib/python3.12/site-packages/airflow/example_dags/example_complex.py
[2025-03-18T14:24:54.510+0000] {processor.py:830} INFO - Processing file /home/airflow/.local/lib/python3.12/site-packages/airflow/example_dags/example_complex.py for tasks to queue
[2025-03-18T14:24:54.512+0000] {logging_mixin.py:188} INFO - [2025-03-18T14:24:54.511+0000] {dagbag.py:545} INFO - Filling up the DagBag from /home/airflow/.local/lib/python3.12/site-packages/airflow/example_dags/example_complex.py
[2025-03-18T14:24:54.520+0000] {processor.py:840} INFO - DAG(s) 'example_complex' retrieved from /home/airflow/.local/lib/python3.12/site-packages/airflow/example_dags/example_complex.py
[2025-03-18T14:24:54.548+0000] {logging_mixin.py:188} INFO - [2025-03-18T14:24:54.548+0000] {dag.py:3096} INFO - Sync 1 DAGs
[2025-03-18T14:24:54.560+0000] {logging_mixin.py:188} INFO - [2025-03-18T14:24:54.559+0000] {dag.py:3954} INFO - Setting next_dagrun for example_complex to None, run_after=None
[2025-03-18T14:24:54.580+0000] {processor.py:183} INFO - Processing /home/airflow/.local/lib/python3.12/site-packages/airflow/example_dags/example_complex.py took 0.076 seconds
[2025-03-18T14:25:24.828+0000] {processor.py:161} INFO - Started process (PID=1776) to work on /home/airflow/.local/lib/python3.12/site-packages/airflow/example_dags/example_complex.py
[2025-03-18T14:25:24.829+0000] {processor.py:830} INFO - Processing file /home/airflow/.local/lib/python3.12/site-packages/airflow/example_dags/example_complex.py for tasks to queue
[2025-03-18T14:25:24.831+0000] {logging_mixin.py:188} INFO - [2025-03-18T14:25:24.830+0000] {dagbag.py:545} INFO - Filling up the DagBag from /home/airflow/.local/lib/python3.12/site-packages/airflow/example_dags/example_complex.py
[2025-03-18T14:25:24.839+0000] {processor.py:840} INFO - DAG(s) 'example_complex' retrieved from /home/airflow/.local/lib/python3.12/site-packages/airflow/example_dags/example_complex.py
[2025-03-18T14:25:24.866+0000] {logging_mixin.py:188} INFO - [2025-03-18T14:25:24.866+0000] {dag.py:3096} INFO - Sync 1 DAGs
[2025-03-18T14:25:24.877+0000] {logging_mixin.py:188} INFO - [2025-03-18T14:25:24.876+0000] {dag.py:3954} INFO - Setting next_dagrun for example_complex to None, run_after=None
[2025-03-18T14:25:24.896+0000] {processor.py:183} INFO - Processing /home/airflow/.local/lib/python3.12/site-packages/airflow/example_dags/example_complex.py took 0.073 seconds
[2025-03-18T14:25:55.044+0000] {processor.py:161} INFO - Started process (PID=2038) to work on /home/airflow/.local/lib/python3.12/site-packages/airflow/example_dags/example_complex.py
[2025-03-18T14:25:55.045+0000] {processor.py:830} INFO - Processing file /home/airflow/.local/lib/python3.12/site-packages/airflow/example_dags/example_complex.py for tasks to queue
[2025-03-18T14:25:55.048+0000] {logging_mixin.py:188} INFO - [2025-03-18T14:25:55.047+0000] {dagbag.py:545} INFO - Filling up the DagBag from /home/airflow/.local/lib/python3.12/site-packages/airflow/example_dags/example_complex.py
[2025-03-18T14:25:55.056+0000] {processor.py:840} INFO - DAG(s) 'example_complex' retrieved from /home/airflow/.local/lib/python3.12/site-packages/airflow/example_dags/example_complex.py
[2025-03-18T14:25:55.086+0000] {logging_mixin.py:188} INFO - [2025-03-18T14:25:55.085+0000] {dag.py:3096} INFO - Sync 1 DAGs
[2025-03-18T14:25:55.099+0000] {logging_mixin.py:188} INFO - [2025-03-18T14:25:55.099+0000] {dag.py:3954} INFO - Setting next_dagrun for example_complex to None, run_after=None
[2025-03-18T14:25:55.120+0000] {processor.py:183} INFO - Processing /home/airflow/.local/lib/python3.12/site-packages/airflow/example_dags/example_complex.py took 0.082 seconds
[2025-03-18T14:26:25.288+0000] {processor.py:161} INFO - Started process (PID=2300) to work on /home/airflow/.local/lib/python3.12/site-packages/airflow/example_dags/example_complex.py
[2025-03-18T14:26:25.288+0000] {processor.py:830} INFO - Processing file /home/airflow/.local/lib/python3.12/site-packages/airflow/example_dags/example_complex.py for tasks to queue
[2025-03-18T14:26:25.290+0000] {logging_mixin.py:188} INFO - [2025-03-18T14:26:25.290+0000] {dagbag.py:545} INFO - Filling up the DagBag from /home/airflow/.local/lib/python3.12/site-packages/airflow/example_dags/example_complex.py
[2025-03-18T14:26:25.298+0000] {processor.py:840} INFO - DAG(s) 'example_complex' retrieved from /home/airflow/.local/lib/python3.12/site-packages/airflow/example_dags/example_complex.py
[2025-03-18T14:26:25.324+0000] {logging_mixin.py:188} INFO - [2025-03-18T14:26:25.323+0000] {dag.py:3096} INFO - Sync 1 DAGs
[2025-03-18T14:26:25.334+0000] {logging_mixin.py:188} INFO - [2025-03-18T14:26:25.334+0000] {dag.py:3954} INFO - Setting next_dagrun for example_complex to None, run_after=None
[2025-03-18T14:26:25.352+0000] {processor.py:183} INFO - Processing /home/airflow/.local/lib/python3.12/site-packages/airflow/example_dags/example_complex.py took 0.069 seconds
[2025-03-18T14:26:55.534+0000] {processor.py:161} INFO - Started process (PID=2562) to work on /home/airflow/.local/lib/python3.12/site-packages/airflow/example_dags/example_complex.py
[2025-03-18T14:26:55.535+0000] {processor.py:830} INFO - Processing file /home/airflow/.local/lib/python3.12/site-packages/airflow/example_dags/example_complex.py for tasks to queue
[2025-03-18T14:26:55.537+0000] {logging_mixin.py:188} INFO - [2025-03-18T14:26:55.537+0000] {dagbag.py:545} INFO - Filling up the DagBag from /home/airflow/.local/lib/python3.12/site-packages/airflow/example_dags/example_complex.py
[2025-03-18T14:26:55.547+0000] {processor.py:840} INFO - DAG(s) 'example_complex' retrieved from /home/airflow/.local/lib/python3.12/site-packages/airflow/example_dags/example_complex.py
[2025-03-18T14:26:55.581+0000] {logging_mixin.py:188} INFO - [2025-03-18T14:26:55.581+0000] {dag.py:3096} INFO - Sync 1 DAGs
[2025-03-18T14:26:55.601+0000] {logging_mixin.py:188} INFO - [2025-03-18T14:26:55.600+0000] {dag.py:3954} INFO - Setting next_dagrun for example_complex to None, run_after=None
[2025-03-18T14:26:55.634+0000] {processor.py:183} INFO - Processing /home/airflow/.local/lib/python3.12/site-packages/airflow/example_dags/example_complex.py took 0.105 seconds
