[2025-03-18T14:22:25.282+0000] {processor.py:161} INFO - Started process (PID=405) to work on /home/airflow/.local/lib/python3.12/site-packages/airflow/example_dags/example_xcomargs.py
[2025-03-18T14:22:25.283+0000] {processor.py:830} INFO - Processing file /home/airflow/.local/lib/python3.12/site-packages/airflow/example_dags/example_xcomargs.py for tasks to queue
[2025-03-18T14:22:25.286+0000] {logging_mixin.py:188} INFO - [2025-03-18T14:22:25.285+0000] {dagbag.py:545} INFO - Filling up the DagBag from /home/airflow/.local/lib/python3.12/site-packages/airflow/example_dags/example_xcomargs.py
[2025-03-18T14:22:25.294+0000] {processor.py:840} INFO - DAG(s) 'example_xcom_args', 'example_xcom_args_with_operators' retrieved from /home/airflow/.local/lib/python3.12/site-packages/airflow/example_dags/example_xcomargs.py
[2025-03-18T14:22:25.319+0000] {logging_mixin.py:188} INFO - [2025-03-18T14:22:25.319+0000] {dag.py:3096} INFO - Sync 2 DAGs
[2025-03-18T14:22:25.331+0000] {logging_mixin.py:188} INFO - [2025-03-18T14:22:25.331+0000] {dag.py:3954} INFO - Setting next_dagrun for example_xcom_args to None, run_after=None
[2025-03-18T14:22:25.335+0000] {logging_mixin.py:188} INFO - [2025-03-18T14:22:25.334+0000] {dag.py:3954} INFO - Setting next_dagrun for example_xcom_args_with_operators to None, run_after=None
[2025-03-18T14:22:25.352+0000] {processor.py:183} INFO - Processing /home/airflow/.local/lib/python3.12/site-packages/airflow/example_dags/example_xcomargs.py took 0.075 seconds
[2025-03-18T14:22:55.535+0000] {processor.py:161} INFO - Started process (PID=667) to work on /home/airflow/.local/lib/python3.12/site-packages/airflow/example_dags/example_xcomargs.py
[2025-03-18T14:22:55.536+0000] {processor.py:830} INFO - Processing file /home/airflow/.local/lib/python3.12/site-packages/airflow/example_dags/example_xcomargs.py for tasks to queue
[2025-03-18T14:22:55.539+0000] {logging_mixin.py:188} INFO - [2025-03-18T14:22:55.538+0000] {dagbag.py:545} INFO - Filling up the DagBag from /home/airflow/.local/lib/python3.12/site-packages/airflow/example_dags/example_xcomargs.py
[2025-03-18T14:22:55.546+0000] {processor.py:840} INFO - DAG(s) 'example_xcom_args_with_operators', 'example_xcom_args' retrieved from /home/airflow/.local/lib/python3.12/site-packages/airflow/example_dags/example_xcomargs.py
[2025-03-18T14:22:55.570+0000] {logging_mixin.py:188} INFO - [2025-03-18T14:22:55.570+0000] {dag.py:3096} INFO - Sync 2 DAGs
[2025-03-18T14:22:55.583+0000] {logging_mixin.py:188} INFO - [2025-03-18T14:22:55.583+0000] {dag.py:3954} INFO - Setting next_dagrun for example_xcom_args to None, run_after=None
[2025-03-18T14:22:55.587+0000] {logging_mixin.py:188} INFO - [2025-03-18T14:22:55.586+0000] {dag.py:3954} INFO - Setting next_dagrun for example_xcom_args_with_operators to None, run_after=None
[2025-03-18T14:22:55.604+0000] {processor.py:183} INFO - Processing /home/airflow/.local/lib/python3.12/site-packages/airflow/example_dags/example_xcomargs.py took 0.074 seconds
[2025-03-18T14:23:26.156+0000] {processor.py:161} INFO - Started process (PID=929) to work on /home/airflow/.local/lib/python3.12/site-packages/airflow/example_dags/example_xcomargs.py
[2025-03-18T14:23:26.157+0000] {processor.py:830} INFO - Processing file /home/airflow/.local/lib/python3.12/site-packages/airflow/example_dags/example_xcomargs.py for tasks to queue
[2025-03-18T14:23:26.159+0000] {logging_mixin.py:188} INFO - [2025-03-18T14:23:26.159+0000] {dagbag.py:545} INFO - Filling up the DagBag from /home/airflow/.local/lib/python3.12/site-packages/airflow/example_dags/example_xcomargs.py
[2025-03-18T14:23:26.167+0000] {processor.py:840} INFO - DAG(s) 'example_xcom_args_with_operators', 'example_xcom_args' retrieved from /home/airflow/.local/lib/python3.12/site-packages/airflow/example_dags/example_xcomargs.py
[2025-03-18T14:23:26.190+0000] {logging_mixin.py:188} INFO - [2025-03-18T14:23:26.190+0000] {dag.py:3096} INFO - Sync 2 DAGs
[2025-03-18T14:23:26.204+0000] {logging_mixin.py:188} INFO - [2025-03-18T14:23:26.204+0000] {dag.py:3954} INFO - Setting next_dagrun for example_xcom_args to None, run_after=None
[2025-03-18T14:23:26.208+0000] {logging_mixin.py:188} INFO - [2025-03-18T14:23:26.208+0000] {dag.py:3954} INFO - Setting next_dagrun for example_xcom_args_with_operators to None, run_after=None
[2025-03-18T14:23:26.226+0000] {processor.py:183} INFO - Processing /home/airflow/.local/lib/python3.12/site-packages/airflow/example_dags/example_xcomargs.py took 0.075 seconds
[2025-03-18T14:23:56.543+0000] {processor.py:161} INFO - Started process (PID=1191) to work on /home/airflow/.local/lib/python3.12/site-packages/airflow/example_dags/example_xcomargs.py
[2025-03-18T14:23:56.544+0000] {processor.py:830} INFO - Processing file /home/airflow/.local/lib/python3.12/site-packages/airflow/example_dags/example_xcomargs.py for tasks to queue
[2025-03-18T14:23:56.546+0000] {logging_mixin.py:188} INFO - [2025-03-18T14:23:56.546+0000] {dagbag.py:545} INFO - Filling up the DagBag from /home/airflow/.local/lib/python3.12/site-packages/airflow/example_dags/example_xcomargs.py
[2025-03-18T14:23:56.554+0000] {processor.py:840} INFO - DAG(s) 'example_xcom_args_with_operators', 'example_xcom_args' retrieved from /home/airflow/.local/lib/python3.12/site-packages/airflow/example_dags/example_xcomargs.py
[2025-03-18T14:23:56.576+0000] {logging_mixin.py:188} INFO - [2025-03-18T14:23:56.576+0000] {dag.py:3096} INFO - Sync 2 DAGs
[2025-03-18T14:23:56.590+0000] {logging_mixin.py:188} INFO - [2025-03-18T14:23:56.590+0000] {dag.py:3954} INFO - Setting next_dagrun for example_xcom_args to None, run_after=None
[2025-03-18T14:23:56.594+0000] {logging_mixin.py:188} INFO - [2025-03-18T14:23:56.594+0000] {dag.py:3954} INFO - Setting next_dagrun for example_xcom_args_with_operators to None, run_after=None
[2025-03-18T14:23:56.613+0000] {processor.py:183} INFO - Processing /home/airflow/.local/lib/python3.12/site-packages/airflow/example_dags/example_xcomargs.py took 0.075 seconds
[2025-03-18T14:24:26.885+0000] {processor.py:161} INFO - Started process (PID=1455) to work on /home/airflow/.local/lib/python3.12/site-packages/airflow/example_dags/example_xcomargs.py
[2025-03-18T14:24:26.886+0000] {processor.py:830} INFO - Processing file /home/airflow/.local/lib/python3.12/site-packages/airflow/example_dags/example_xcomargs.py for tasks to queue
[2025-03-18T14:24:26.888+0000] {logging_mixin.py:188} INFO - [2025-03-18T14:24:26.887+0000] {dagbag.py:545} INFO - Filling up the DagBag from /home/airflow/.local/lib/python3.12/site-packages/airflow/example_dags/example_xcomargs.py
[2025-03-18T14:24:26.895+0000] {processor.py:840} INFO - DAG(s) 'example_xcom_args', 'example_xcom_args_with_operators' retrieved from /home/airflow/.local/lib/python3.12/site-packages/airflow/example_dags/example_xcomargs.py
[2025-03-18T14:24:26.918+0000] {logging_mixin.py:188} INFO - [2025-03-18T14:24:26.918+0000] {dag.py:3096} INFO - Sync 2 DAGs
[2025-03-18T14:24:26.929+0000] {logging_mixin.py:188} INFO - [2025-03-18T14:24:26.929+0000] {dag.py:3954} INFO - Setting next_dagrun for example_xcom_args to None, run_after=None
[2025-03-18T14:24:26.933+0000] {logging_mixin.py:188} INFO - [2025-03-18T14:24:26.933+0000] {dag.py:3954} INFO - Setting next_dagrun for example_xcom_args_with_operators to None, run_after=None
[2025-03-18T14:24:26.959+0000] {processor.py:183} INFO - Processing /home/airflow/.local/lib/python3.12/site-packages/airflow/example_dags/example_xcomargs.py took 0.079 seconds
[2025-03-18T14:24:57.750+0000] {processor.py:161} INFO - Started process (PID=1715) to work on /home/airflow/.local/lib/python3.12/site-packages/airflow/example_dags/example_xcomargs.py
[2025-03-18T14:24:57.751+0000] {processor.py:830} INFO - Processing file /home/airflow/.local/lib/python3.12/site-packages/airflow/example_dags/example_xcomargs.py for tasks to queue
[2025-03-18T14:24:57.752+0000] {logging_mixin.py:188} INFO - [2025-03-18T14:24:57.752+0000] {dagbag.py:545} INFO - Filling up the DagBag from /home/airflow/.local/lib/python3.12/site-packages/airflow/example_dags/example_xcomargs.py
[2025-03-18T14:24:57.760+0000] {processor.py:840} INFO - DAG(s) 'example_xcom_args', 'example_xcom_args_with_operators' retrieved from /home/airflow/.local/lib/python3.12/site-packages/airflow/example_dags/example_xcomargs.py
[2025-03-18T14:24:57.782+0000] {logging_mixin.py:188} INFO - [2025-03-18T14:24:57.782+0000] {dag.py:3096} INFO - Sync 2 DAGs
[2025-03-18T14:24:57.794+0000] {logging_mixin.py:188} INFO - [2025-03-18T14:24:57.794+0000] {dag.py:3954} INFO - Setting next_dagrun for example_xcom_args to None, run_after=None
[2025-03-18T14:24:57.798+0000] {logging_mixin.py:188} INFO - [2025-03-18T14:24:57.798+0000] {dag.py:3954} INFO - Setting next_dagrun for example_xcom_args_with_operators to None, run_after=None
[2025-03-18T14:24:57.822+0000] {processor.py:183} INFO - Processing /home/airflow/.local/lib/python3.12/site-packages/airflow/example_dags/example_xcomargs.py took 0.077 seconds
[2025-03-18T14:25:28.333+0000] {processor.py:161} INFO - Started process (PID=1977) to work on /home/airflow/.local/lib/python3.12/site-packages/airflow/example_dags/example_xcomargs.py
[2025-03-18T14:25:28.334+0000] {processor.py:830} INFO - Processing file /home/airflow/.local/lib/python3.12/site-packages/airflow/example_dags/example_xcomargs.py for tasks to queue
[2025-03-18T14:25:28.336+0000] {logging_mixin.py:188} INFO - [2025-03-18T14:25:28.335+0000] {dagbag.py:545} INFO - Filling up the DagBag from /home/airflow/.local/lib/python3.12/site-packages/airflow/example_dags/example_xcomargs.py
[2025-03-18T14:25:28.344+0000] {processor.py:840} INFO - DAG(s) 'example_xcom_args_with_operators', 'example_xcom_args' retrieved from /home/airflow/.local/lib/python3.12/site-packages/airflow/example_dags/example_xcomargs.py
[2025-03-18T14:25:28.368+0000] {logging_mixin.py:188} INFO - [2025-03-18T14:25:28.368+0000] {dag.py:3096} INFO - Sync 2 DAGs
[2025-03-18T14:25:28.381+0000] {logging_mixin.py:188} INFO - [2025-03-18T14:25:28.381+0000] {dag.py:3954} INFO - Setting next_dagrun for example_xcom_args to None, run_after=None
[2025-03-18T14:25:28.385+0000] {logging_mixin.py:188} INFO - [2025-03-18T14:25:28.385+0000] {dag.py:3954} INFO - Setting next_dagrun for example_xcom_args_with_operators to None, run_after=None
[2025-03-18T14:25:28.405+0000] {processor.py:183} INFO - Processing /home/airflow/.local/lib/python3.12/site-packages/airflow/example_dags/example_xcomargs.py took 0.078 seconds
[2025-03-18T14:25:58.541+0000] {processor.py:161} INFO - Started process (PID=2236) to work on /home/airflow/.local/lib/python3.12/site-packages/airflow/example_dags/example_xcomargs.py
[2025-03-18T14:25:58.542+0000] {processor.py:830} INFO - Processing file /home/airflow/.local/lib/python3.12/site-packages/airflow/example_dags/example_xcomargs.py for tasks to queue
[2025-03-18T14:25:58.544+0000] {logging_mixin.py:188} INFO - [2025-03-18T14:25:58.544+0000] {dagbag.py:545} INFO - Filling up the DagBag from /home/airflow/.local/lib/python3.12/site-packages/airflow/example_dags/example_xcomargs.py
[2025-03-18T14:25:58.551+0000] {processor.py:840} INFO - DAG(s) 'example_xcom_args', 'example_xcom_args_with_operators' retrieved from /home/airflow/.local/lib/python3.12/site-packages/airflow/example_dags/example_xcomargs.py
[2025-03-18T14:25:58.574+0000] {logging_mixin.py:188} INFO - [2025-03-18T14:25:58.574+0000] {dag.py:3096} INFO - Sync 2 DAGs
[2025-03-18T14:25:58.586+0000] {logging_mixin.py:188} INFO - [2025-03-18T14:25:58.585+0000] {dag.py:3954} INFO - Setting next_dagrun for example_xcom_args to None, run_after=None
[2025-03-18T14:25:58.590+0000] {logging_mixin.py:188} INFO - [2025-03-18T14:25:58.590+0000] {dag.py:3954} INFO - Setting next_dagrun for example_xcom_args_with_operators to None, run_after=None
[2025-03-18T14:25:58.611+0000] {processor.py:183} INFO - Processing /home/airflow/.local/lib/python3.12/site-packages/airflow/example_dags/example_xcomargs.py took 0.075 seconds
[2025-03-18T14:26:28.734+0000] {processor.py:161} INFO - Started process (PID=2498) to work on /home/airflow/.local/lib/python3.12/site-packages/airflow/example_dags/example_xcomargs.py
[2025-03-18T14:26:28.735+0000] {processor.py:830} INFO - Processing file /home/airflow/.local/lib/python3.12/site-packages/airflow/example_dags/example_xcomargs.py for tasks to queue
[2025-03-18T14:26:28.737+0000] {logging_mixin.py:188} INFO - [2025-03-18T14:26:28.737+0000] {dagbag.py:545} INFO - Filling up the DagBag from /home/airflow/.local/lib/python3.12/site-packages/airflow/example_dags/example_xcomargs.py
[2025-03-18T14:26:28.744+0000] {processor.py:840} INFO - DAG(s) 'example_xcom_args_with_operators', 'example_xcom_args' retrieved from /home/airflow/.local/lib/python3.12/site-packages/airflow/example_dags/example_xcomargs.py
[2025-03-18T14:26:28.765+0000] {logging_mixin.py:188} INFO - [2025-03-18T14:26:28.765+0000] {dag.py:3096} INFO - Sync 2 DAGs
[2025-03-18T14:26:28.777+0000] {logging_mixin.py:188} INFO - [2025-03-18T14:26:28.776+0000] {dag.py:3954} INFO - Setting next_dagrun for example_xcom_args to None, run_after=None
[2025-03-18T14:26:28.780+0000] {logging_mixin.py:188} INFO - [2025-03-18T14:26:28.780+0000] {dag.py:3954} INFO - Setting next_dagrun for example_xcom_args_with_operators to None, run_after=None
[2025-03-18T14:26:28.801+0000] {processor.py:183} INFO - Processing /home/airflow/.local/lib/python3.12/site-packages/airflow/example_dags/example_xcomargs.py took 0.071 seconds
