[2025-03-18T14:22:22.109+0000] {processor.py:161} INFO - Started process (PID=181) to work on /home/airflow/.local/lib/python3.12/site-packages/airflow/example_dags/example_setup_teardown.py
[2025-03-18T14:22:22.110+0000] {processor.py:830} INFO - Processing file /home/airflow/.local/lib/python3.12/site-packages/airflow/example_dags/example_setup_teardown.py for tasks to queue
[2025-03-18T14:22:22.112+0000] {logging_mixin.py:188} INFO - [2025-03-18T14:22:22.112+0000] {dagbag.py:545} INFO - Filling up the DagBag from /home/airflow/.local/lib/python3.12/site-packages/airflow/example_dags/example_setup_teardown.py
[2025-03-18T14:22:22.126+0000] {processor.py:840} INFO - DAG(s) 'example_setup_teardown' retrieved from /home/airflow/.local/lib/python3.12/site-packages/airflow/example_dags/example_setup_teardown.py
[2025-03-18T14:22:22.186+0000] {logging_mixin.py:188} INFO - [2025-03-18T14:22:22.186+0000] {dag.py:3096} INFO - Sync 1 DAGs
[2025-03-18T14:22:22.215+0000] {logging_mixin.py:188} INFO - [2025-03-18T14:22:22.215+0000] {dag.py:3954} INFO - Setting next_dagrun for example_setup_teardown to 2025-03-17 00:00:00+00:00, run_after=2025-03-18 00:00:00+00:00
[2025-03-18T14:22:22.238+0000] {processor.py:183} INFO - Processing /home/airflow/.local/lib/python3.12/site-packages/airflow/example_dags/example_setup_teardown.py took 0.135 seconds
[2025-03-18T14:22:52.285+0000] {processor.py:161} INFO - Started process (PID=443) to work on /home/airflow/.local/lib/python3.12/site-packages/airflow/example_dags/example_setup_teardown.py
[2025-03-18T14:22:52.286+0000] {processor.py:830} INFO - Processing file /home/airflow/.local/lib/python3.12/site-packages/airflow/example_dags/example_setup_teardown.py for tasks to queue
[2025-03-18T14:22:52.288+0000] {logging_mixin.py:188} INFO - [2025-03-18T14:22:52.288+0000] {dagbag.py:545} INFO - Filling up the DagBag from /home/airflow/.local/lib/python3.12/site-packages/airflow/example_dags/example_setup_teardown.py
[2025-03-18T14:22:52.294+0000] {processor.py:840} INFO - DAG(s) 'example_setup_teardown' retrieved from /home/airflow/.local/lib/python3.12/site-packages/airflow/example_dags/example_setup_teardown.py
[2025-03-18T14:22:52.313+0000] {logging_mixin.py:188} INFO - [2025-03-18T14:22:52.312+0000] {dag.py:3096} INFO - Sync 1 DAGs
[2025-03-18T14:22:52.332+0000] {logging_mixin.py:188} INFO - [2025-03-18T14:22:52.332+0000] {dag.py:3954} INFO - Setting next_dagrun for example_setup_teardown to 2025-03-17 00:00:00+00:00, run_after=2025-03-18 00:00:00+00:00
[2025-03-18T14:22:52.365+0000] {processor.py:183} INFO - Processing /home/airflow/.local/lib/python3.12/site-packages/airflow/example_dags/example_setup_teardown.py took 0.086 seconds
[2025-03-18T14:23:22.912+0000] {processor.py:161} INFO - Started process (PID=705) to work on /home/airflow/.local/lib/python3.12/site-packages/airflow/example_dags/example_setup_teardown.py
[2025-03-18T14:23:22.913+0000] {processor.py:830} INFO - Processing file /home/airflow/.local/lib/python3.12/site-packages/airflow/example_dags/example_setup_teardown.py for tasks to queue
[2025-03-18T14:23:22.915+0000] {logging_mixin.py:188} INFO - [2025-03-18T14:23:22.915+0000] {dagbag.py:545} INFO - Filling up the DagBag from /home/airflow/.local/lib/python3.12/site-packages/airflow/example_dags/example_setup_teardown.py
[2025-03-18T14:23:22.921+0000] {processor.py:840} INFO - DAG(s) 'example_setup_teardown' retrieved from /home/airflow/.local/lib/python3.12/site-packages/airflow/example_dags/example_setup_teardown.py
[2025-03-18T14:23:22.943+0000] {logging_mixin.py:188} INFO - [2025-03-18T14:23:22.942+0000] {dag.py:3096} INFO - Sync 1 DAGs
[2025-03-18T14:23:22.965+0000] {logging_mixin.py:188} INFO - [2025-03-18T14:23:22.965+0000] {dag.py:3954} INFO - Setting next_dagrun for example_setup_teardown to 2025-03-17 00:00:00+00:00, run_after=2025-03-18 00:00:00+00:00
[2025-03-18T14:23:22.988+0000] {processor.py:183} INFO - Processing /home/airflow/.local/lib/python3.12/site-packages/airflow/example_dags/example_setup_teardown.py took 0.081 seconds
[2025-03-18T14:23:53.627+0000] {processor.py:161} INFO - Started process (PID=967) to work on /home/airflow/.local/lib/python3.12/site-packages/airflow/example_dags/example_setup_teardown.py
[2025-03-18T14:23:53.629+0000] {processor.py:830} INFO - Processing file /home/airflow/.local/lib/python3.12/site-packages/airflow/example_dags/example_setup_teardown.py for tasks to queue
[2025-03-18T14:23:53.632+0000] {logging_mixin.py:188} INFO - [2025-03-18T14:23:53.631+0000] {dagbag.py:545} INFO - Filling up the DagBag from /home/airflow/.local/lib/python3.12/site-packages/airflow/example_dags/example_setup_teardown.py
[2025-03-18T14:23:53.639+0000] {processor.py:840} INFO - DAG(s) 'example_setup_teardown' retrieved from /home/airflow/.local/lib/python3.12/site-packages/airflow/example_dags/example_setup_teardown.py
[2025-03-18T14:23:53.668+0000] {logging_mixin.py:188} INFO - [2025-03-18T14:23:53.668+0000] {dag.py:3096} INFO - Sync 1 DAGs
[2025-03-18T14:23:53.692+0000] {logging_mixin.py:188} INFO - [2025-03-18T14:23:53.692+0000] {dag.py:3954} INFO - Setting next_dagrun for example_setup_teardown to 2025-03-17 00:00:00+00:00, run_after=2025-03-18 00:00:00+00:00
[2025-03-18T14:23:53.730+0000] {processor.py:183} INFO - Processing /home/airflow/.local/lib/python3.12/site-packages/airflow/example_dags/example_setup_teardown.py took 0.109 seconds
[2025-03-18T14:24:23.967+0000] {processor.py:161} INFO - Started process (PID=1229) to work on /home/airflow/.local/lib/python3.12/site-packages/airflow/example_dags/example_setup_teardown.py
[2025-03-18T14:24:23.968+0000] {processor.py:830} INFO - Processing file /home/airflow/.local/lib/python3.12/site-packages/airflow/example_dags/example_setup_teardown.py for tasks to queue
[2025-03-18T14:24:23.969+0000] {logging_mixin.py:188} INFO - [2025-03-18T14:24:23.969+0000] {dagbag.py:545} INFO - Filling up the DagBag from /home/airflow/.local/lib/python3.12/site-packages/airflow/example_dags/example_setup_teardown.py
[2025-03-18T14:24:23.975+0000] {processor.py:840} INFO - DAG(s) 'example_setup_teardown' retrieved from /home/airflow/.local/lib/python3.12/site-packages/airflow/example_dags/example_setup_teardown.py
[2025-03-18T14:24:23.995+0000] {logging_mixin.py:188} INFO - [2025-03-18T14:24:23.995+0000] {dag.py:3096} INFO - Sync 1 DAGs
[2025-03-18T14:24:24.014+0000] {logging_mixin.py:188} INFO - [2025-03-18T14:24:24.014+0000] {dag.py:3954} INFO - Setting next_dagrun for example_setup_teardown to 2025-03-17 00:00:00+00:00, run_after=2025-03-18 00:00:00+00:00
[2025-03-18T14:24:24.036+0000] {processor.py:183} INFO - Processing /home/airflow/.local/lib/python3.12/site-packages/airflow/example_dags/example_setup_teardown.py took 0.075 seconds
[2025-03-18T14:24:54.278+0000] {processor.py:161} INFO - Started process (PID=1491) to work on /home/airflow/.local/lib/python3.12/site-packages/airflow/example_dags/example_setup_teardown.py
[2025-03-18T14:24:54.280+0000] {processor.py:830} INFO - Processing file /home/airflow/.local/lib/python3.12/site-packages/airflow/example_dags/example_setup_teardown.py for tasks to queue
[2025-03-18T14:24:54.282+0000] {logging_mixin.py:188} INFO - [2025-03-18T14:24:54.281+0000] {dagbag.py:545} INFO - Filling up the DagBag from /home/airflow/.local/lib/python3.12/site-packages/airflow/example_dags/example_setup_teardown.py
[2025-03-18T14:24:54.288+0000] {processor.py:840} INFO - DAG(s) 'example_setup_teardown' retrieved from /home/airflow/.local/lib/python3.12/site-packages/airflow/example_dags/example_setup_teardown.py
[2025-03-18T14:24:54.308+0000] {logging_mixin.py:188} INFO - [2025-03-18T14:24:54.307+0000] {dag.py:3096} INFO - Sync 1 DAGs
[2025-03-18T14:24:54.330+0000] {logging_mixin.py:188} INFO - [2025-03-18T14:24:54.330+0000] {dag.py:3954} INFO - Setting next_dagrun for example_setup_teardown to 2025-03-17 00:00:00+00:00, run_after=2025-03-18 00:00:00+00:00
[2025-03-18T14:24:54.350+0000] {processor.py:183} INFO - Processing /home/airflow/.local/lib/python3.12/site-packages/airflow/example_dags/example_setup_teardown.py took 0.076 seconds
[2025-03-18T14:25:24.602+0000] {processor.py:161} INFO - Started process (PID=1753) to work on /home/airflow/.local/lib/python3.12/site-packages/airflow/example_dags/example_setup_teardown.py
[2025-03-18T14:25:24.603+0000] {processor.py:830} INFO - Processing file /home/airflow/.local/lib/python3.12/site-packages/airflow/example_dags/example_setup_teardown.py for tasks to queue
[2025-03-18T14:25:24.605+0000] {logging_mixin.py:188} INFO - [2025-03-18T14:25:24.605+0000] {dagbag.py:545} INFO - Filling up the DagBag from /home/airflow/.local/lib/python3.12/site-packages/airflow/example_dags/example_setup_teardown.py
[2025-03-18T14:25:24.611+0000] {processor.py:840} INFO - DAG(s) 'example_setup_teardown' retrieved from /home/airflow/.local/lib/python3.12/site-packages/airflow/example_dags/example_setup_teardown.py
[2025-03-18T14:25:24.629+0000] {logging_mixin.py:188} INFO - [2025-03-18T14:25:24.629+0000] {dag.py:3096} INFO - Sync 1 DAGs
[2025-03-18T14:25:24.651+0000] {logging_mixin.py:188} INFO - [2025-03-18T14:25:24.650+0000] {dag.py:3954} INFO - Setting next_dagrun for example_setup_teardown to 2025-03-17 00:00:00+00:00, run_after=2025-03-18 00:00:00+00:00
[2025-03-18T14:25:24.671+0000] {processor.py:183} INFO - Processing /home/airflow/.local/lib/python3.12/site-packages/airflow/example_dags/example_setup_teardown.py took 0.074 seconds
[2025-03-18T14:25:54.807+0000] {processor.py:161} INFO - Started process (PID=2015) to work on /home/airflow/.local/lib/python3.12/site-packages/airflow/example_dags/example_setup_teardown.py
[2025-03-18T14:25:54.808+0000] {processor.py:830} INFO - Processing file /home/airflow/.local/lib/python3.12/site-packages/airflow/example_dags/example_setup_teardown.py for tasks to queue
[2025-03-18T14:25:54.811+0000] {logging_mixin.py:188} INFO - [2025-03-18T14:25:54.810+0000] {dagbag.py:545} INFO - Filling up the DagBag from /home/airflow/.local/lib/python3.12/site-packages/airflow/example_dags/example_setup_teardown.py
[2025-03-18T14:25:54.817+0000] {processor.py:840} INFO - DAG(s) 'example_setup_teardown' retrieved from /home/airflow/.local/lib/python3.12/site-packages/airflow/example_dags/example_setup_teardown.py
[2025-03-18T14:25:54.838+0000] {logging_mixin.py:188} INFO - [2025-03-18T14:25:54.838+0000] {dag.py:3096} INFO - Sync 1 DAGs
[2025-03-18T14:25:54.861+0000] {logging_mixin.py:188} INFO - [2025-03-18T14:25:54.861+0000] {dag.py:3954} INFO - Setting next_dagrun for example_setup_teardown to 2025-03-17 00:00:00+00:00, run_after=2025-03-18 00:00:00+00:00
[2025-03-18T14:25:54.882+0000] {processor.py:183} INFO - Processing /home/airflow/.local/lib/python3.12/site-packages/airflow/example_dags/example_setup_teardown.py took 0.082 seconds
[2025-03-18T14:26:25.076+0000] {processor.py:161} INFO - Started process (PID=2277) to work on /home/airflow/.local/lib/python3.12/site-packages/airflow/example_dags/example_setup_teardown.py
[2025-03-18T14:26:25.077+0000] {processor.py:830} INFO - Processing file /home/airflow/.local/lib/python3.12/site-packages/airflow/example_dags/example_setup_teardown.py for tasks to queue
[2025-03-18T14:26:25.079+0000] {logging_mixin.py:188} INFO - [2025-03-18T14:26:25.079+0000] {dagbag.py:545} INFO - Filling up the DagBag from /home/airflow/.local/lib/python3.12/site-packages/airflow/example_dags/example_setup_teardown.py
[2025-03-18T14:26:25.085+0000] {processor.py:840} INFO - DAG(s) 'example_setup_teardown' retrieved from /home/airflow/.local/lib/python3.12/site-packages/airflow/example_dags/example_setup_teardown.py
[2025-03-18T14:26:25.104+0000] {logging_mixin.py:188} INFO - [2025-03-18T14:26:25.104+0000] {dag.py:3096} INFO - Sync 1 DAGs
[2025-03-18T14:26:25.124+0000] {logging_mixin.py:188} INFO - [2025-03-18T14:26:25.123+0000] {dag.py:3954} INFO - Setting next_dagrun for example_setup_teardown to 2025-03-17 00:00:00+00:00, run_after=2025-03-18 00:00:00+00:00
[2025-03-18T14:26:25.144+0000] {processor.py:183} INFO - Processing /home/airflow/.local/lib/python3.12/site-packages/airflow/example_dags/example_setup_teardown.py took 0.074 seconds
[2025-03-18T14:26:55.279+0000] {processor.py:161} INFO - Started process (PID=2539) to work on /home/airflow/.local/lib/python3.12/site-packages/airflow/example_dags/example_setup_teardown.py
[2025-03-18T14:26:55.280+0000] {processor.py:830} INFO - Processing file /home/airflow/.local/lib/python3.12/site-packages/airflow/example_dags/example_setup_teardown.py for tasks to queue
[2025-03-18T14:26:55.282+0000] {logging_mixin.py:188} INFO - [2025-03-18T14:26:55.282+0000] {dagbag.py:545} INFO - Filling up the DagBag from /home/airflow/.local/lib/python3.12/site-packages/airflow/example_dags/example_setup_teardown.py
[2025-03-18T14:26:55.288+0000] {processor.py:840} INFO - DAG(s) 'example_setup_teardown' retrieved from /home/airflow/.local/lib/python3.12/site-packages/airflow/example_dags/example_setup_teardown.py
[2025-03-18T14:26:55.309+0000] {logging_mixin.py:188} INFO - [2025-03-18T14:26:55.308+0000] {dag.py:3096} INFO - Sync 1 DAGs
[2025-03-18T14:26:55.331+0000] {logging_mixin.py:188} INFO - [2025-03-18T14:26:55.330+0000] {dag.py:3954} INFO - Setting next_dagrun for example_setup_teardown to 2025-03-17 00:00:00+00:00, run_after=2025-03-18 00:00:00+00:00
[2025-03-18T14:26:55.352+0000] {processor.py:183} INFO - Processing /home/airflow/.local/lib/python3.12/site-packages/airflow/example_dags/example_setup_teardown.py took 0.078 seconds
