[2025-03-18T14:22:23.171+0000] {processor.py:161} INFO - Started process (PID=254) to work on /home/airflow/.local/lib/python3.12/site-packages/airflow/example_dags/example_task_group.py
[2025-03-18T14:22:23.172+0000] {processor.py:830} INFO - Processing file /home/airflow/.local/lib/python3.12/site-packages/airflow/example_dags/example_task_group.py for tasks to queue
[2025-03-18T14:22:23.174+0000] {logging_mixin.py:188} INFO - [2025-03-18T14:22:23.174+0000] {dagbag.py:545} INFO - Filling up the DagBag from /home/airflow/.local/lib/python3.12/site-packages/airflow/example_dags/example_task_group.py
[2025-03-18T14:22:23.185+0000] {processor.py:840} INFO - DAG(s) 'example_task_group' retrieved from /home/airflow/.local/lib/python3.12/site-packages/airflow/example_dags/example_task_group.py
[2025-03-18T14:22:23.207+0000] {logging_mixin.py:188} INFO - [2025-03-18T14:22:23.206+0000] {dag.py:3096} INFO - Sync 1 DAGs
[2025-03-18T14:22:23.230+0000] {logging_mixin.py:188} INFO - [2025-03-18T14:22:23.230+0000] {dag.py:3954} INFO - Setting next_dagrun for example_task_group to 2025-03-17 00:00:00+00:00, run_after=2025-03-18 00:00:00+00:00
[2025-03-18T14:22:23.267+0000] {processor.py:183} INFO - Processing /home/airflow/.local/lib/python3.12/site-packages/airflow/example_dags/example_task_group.py took 0.101 seconds
[2025-03-18T14:22:53.306+0000] {processor.py:161} INFO - Started process (PID=511) to work on /home/airflow/.local/lib/python3.12/site-packages/airflow/example_dags/example_task_group.py
[2025-03-18T14:22:53.307+0000] {processor.py:830} INFO - Processing file /home/airflow/.local/lib/python3.12/site-packages/airflow/example_dags/example_task_group.py for tasks to queue
[2025-03-18T14:22:53.309+0000] {logging_mixin.py:188} INFO - [2025-03-18T14:22:53.309+0000] {dagbag.py:545} INFO - Filling up the DagBag from /home/airflow/.local/lib/python3.12/site-packages/airflow/example_dags/example_task_group.py
[2025-03-18T14:22:53.315+0000] {processor.py:840} INFO - DAG(s) 'example_task_group' retrieved from /home/airflow/.local/lib/python3.12/site-packages/airflow/example_dags/example_task_group.py
[2025-03-18T14:22:53.334+0000] {logging_mixin.py:188} INFO - [2025-03-18T14:22:53.334+0000] {dag.py:3096} INFO - Sync 1 DAGs
[2025-03-18T14:22:53.354+0000] {logging_mixin.py:188} INFO - [2025-03-18T14:22:53.354+0000] {dag.py:3954} INFO - Setting next_dagrun for example_task_group to 2025-03-17 00:00:00+00:00, run_after=2025-03-18 00:00:00+00:00
[2025-03-18T14:22:53.374+0000] {processor.py:183} INFO - Processing /home/airflow/.local/lib/python3.12/site-packages/airflow/example_dags/example_task_group.py took 0.074 seconds
[2025-03-18T14:23:23.841+0000] {processor.py:161} INFO - Started process (PID=780) to work on /home/airflow/.local/lib/python3.12/site-packages/airflow/example_dags/example_task_group.py
[2025-03-18T14:23:23.843+0000] {processor.py:830} INFO - Processing file /home/airflow/.local/lib/python3.12/site-packages/airflow/example_dags/example_task_group.py for tasks to queue
[2025-03-18T14:23:23.845+0000] {logging_mixin.py:188} INFO - [2025-03-18T14:23:23.845+0000] {dagbag.py:545} INFO - Filling up the DagBag from /home/airflow/.local/lib/python3.12/site-packages/airflow/example_dags/example_task_group.py
[2025-03-18T14:23:23.854+0000] {processor.py:840} INFO - DAG(s) 'example_task_group' retrieved from /home/airflow/.local/lib/python3.12/site-packages/airflow/example_dags/example_task_group.py
[2025-03-18T14:23:23.878+0000] {logging_mixin.py:188} INFO - [2025-03-18T14:23:23.878+0000] {dag.py:3096} INFO - Sync 1 DAGs
[2025-03-18T14:23:23.899+0000] {logging_mixin.py:188} INFO - [2025-03-18T14:23:23.899+0000] {dag.py:3954} INFO - Setting next_dagrun for example_task_group to 2025-03-17 00:00:00+00:00, run_after=2025-03-18 00:00:00+00:00
[2025-03-18T14:23:23.919+0000] {processor.py:183} INFO - Processing /home/airflow/.local/lib/python3.12/site-packages/airflow/example_dags/example_task_group.py took 0.083 seconds
[2025-03-18T14:23:54.511+0000] {processor.py:161} INFO - Started process (PID=1040) to work on /home/airflow/.local/lib/python3.12/site-packages/airflow/example_dags/example_task_group.py
[2025-03-18T14:23:54.512+0000] {processor.py:830} INFO - Processing file /home/airflow/.local/lib/python3.12/site-packages/airflow/example_dags/example_task_group.py for tasks to queue
[2025-03-18T14:23:54.514+0000] {logging_mixin.py:188} INFO - [2025-03-18T14:23:54.514+0000] {dagbag.py:545} INFO - Filling up the DagBag from /home/airflow/.local/lib/python3.12/site-packages/airflow/example_dags/example_task_group.py
[2025-03-18T14:23:54.520+0000] {processor.py:840} INFO - DAG(s) 'example_task_group' retrieved from /home/airflow/.local/lib/python3.12/site-packages/airflow/example_dags/example_task_group.py
[2025-03-18T14:23:54.540+0000] {logging_mixin.py:188} INFO - [2025-03-18T14:23:54.540+0000] {dag.py:3096} INFO - Sync 1 DAGs
[2025-03-18T14:23:54.561+0000] {logging_mixin.py:188} INFO - [2025-03-18T14:23:54.561+0000] {dag.py:3954} INFO - Setting next_dagrun for example_task_group to 2025-03-17 00:00:00+00:00, run_after=2025-03-18 00:00:00+00:00
[2025-03-18T14:23:54.581+0000] {processor.py:183} INFO - Processing /home/airflow/.local/lib/python3.12/site-packages/airflow/example_dags/example_task_group.py took 0.075 seconds
[2025-03-18T14:24:24.812+0000] {processor.py:161} INFO - Started process (PID=1302) to work on /home/airflow/.local/lib/python3.12/site-packages/airflow/example_dags/example_task_group.py
[2025-03-18T14:24:24.813+0000] {processor.py:830} INFO - Processing file /home/airflow/.local/lib/python3.12/site-packages/airflow/example_dags/example_task_group.py for tasks to queue
[2025-03-18T14:24:24.814+0000] {logging_mixin.py:188} INFO - [2025-03-18T14:24:24.814+0000] {dagbag.py:545} INFO - Filling up the DagBag from /home/airflow/.local/lib/python3.12/site-packages/airflow/example_dags/example_task_group.py
[2025-03-18T14:24:24.821+0000] {processor.py:840} INFO - DAG(s) 'example_task_group' retrieved from /home/airflow/.local/lib/python3.12/site-packages/airflow/example_dags/example_task_group.py
[2025-03-18T14:24:24.841+0000] {logging_mixin.py:188} INFO - [2025-03-18T14:24:24.840+0000] {dag.py:3096} INFO - Sync 1 DAGs
[2025-03-18T14:24:24.860+0000] {logging_mixin.py:188} INFO - [2025-03-18T14:24:24.860+0000] {dag.py:3954} INFO - Setting next_dagrun for example_task_group to 2025-03-17 00:00:00+00:00, run_after=2025-03-18 00:00:00+00:00
[2025-03-18T14:24:24.879+0000] {processor.py:183} INFO - Processing /home/airflow/.local/lib/python3.12/site-packages/airflow/example_dags/example_task_group.py took 0.073 seconds
[2025-03-18T14:24:55.129+0000] {processor.py:161} INFO - Started process (PID=1564) to work on /home/airflow/.local/lib/python3.12/site-packages/airflow/example_dags/example_task_group.py
[2025-03-18T14:24:55.130+0000] {processor.py:830} INFO - Processing file /home/airflow/.local/lib/python3.12/site-packages/airflow/example_dags/example_task_group.py for tasks to queue
[2025-03-18T14:24:55.132+0000] {logging_mixin.py:188} INFO - [2025-03-18T14:24:55.132+0000] {dagbag.py:545} INFO - Filling up the DagBag from /home/airflow/.local/lib/python3.12/site-packages/airflow/example_dags/example_task_group.py
[2025-03-18T14:24:55.138+0000] {processor.py:840} INFO - DAG(s) 'example_task_group' retrieved from /home/airflow/.local/lib/python3.12/site-packages/airflow/example_dags/example_task_group.py
[2025-03-18T14:24:55.157+0000] {logging_mixin.py:188} INFO - [2025-03-18T14:24:55.157+0000] {dag.py:3096} INFO - Sync 1 DAGs
[2025-03-18T14:24:55.177+0000] {logging_mixin.py:188} INFO - [2025-03-18T14:24:55.177+0000] {dag.py:3954} INFO - Setting next_dagrun for example_task_group to 2025-03-17 00:00:00+00:00, run_after=2025-03-18 00:00:00+00:00
[2025-03-18T14:24:55.196+0000] {processor.py:183} INFO - Processing /home/airflow/.local/lib/python3.12/site-packages/airflow/example_dags/example_task_group.py took 0.073 seconds
[2025-03-18T14:25:25.429+0000] {processor.py:161} INFO - Started process (PID=1826) to work on /home/airflow/.local/lib/python3.12/site-packages/airflow/example_dags/example_task_group.py
[2025-03-18T14:25:25.430+0000] {processor.py:830} INFO - Processing file /home/airflow/.local/lib/python3.12/site-packages/airflow/example_dags/example_task_group.py for tasks to queue
[2025-03-18T14:25:25.432+0000] {logging_mixin.py:188} INFO - [2025-03-18T14:25:25.432+0000] {dagbag.py:545} INFO - Filling up the DagBag from /home/airflow/.local/lib/python3.12/site-packages/airflow/example_dags/example_task_group.py
[2025-03-18T14:25:25.442+0000] {processor.py:840} INFO - DAG(s) 'example_task_group' retrieved from /home/airflow/.local/lib/python3.12/site-packages/airflow/example_dags/example_task_group.py
[2025-03-18T14:25:25.469+0000] {logging_mixin.py:188} INFO - [2025-03-18T14:25:25.469+0000] {dag.py:3096} INFO - Sync 1 DAGs
[2025-03-18T14:25:25.494+0000] {logging_mixin.py:188} INFO - [2025-03-18T14:25:25.494+0000] {dag.py:3954} INFO - Setting next_dagrun for example_task_group to 2025-03-17 00:00:00+00:00, run_after=2025-03-18 00:00:00+00:00
[2025-03-18T14:25:25.523+0000] {processor.py:183} INFO - Processing /home/airflow/.local/lib/python3.12/site-packages/airflow/example_dags/example_task_group.py took 0.099 seconds
[2025-03-18T14:25:55.636+0000] {processor.py:161} INFO - Started process (PID=2094) to work on /home/airflow/.local/lib/python3.12/site-packages/airflow/example_dags/example_task_group.py
[2025-03-18T14:25:55.637+0000] {processor.py:830} INFO - Processing file /home/airflow/.local/lib/python3.12/site-packages/airflow/example_dags/example_task_group.py for tasks to queue
[2025-03-18T14:25:55.638+0000] {logging_mixin.py:188} INFO - [2025-03-18T14:25:55.638+0000] {dagbag.py:545} INFO - Filling up the DagBag from /home/airflow/.local/lib/python3.12/site-packages/airflow/example_dags/example_task_group.py
[2025-03-18T14:25:55.645+0000] {processor.py:840} INFO - DAG(s) 'example_task_group' retrieved from /home/airflow/.local/lib/python3.12/site-packages/airflow/example_dags/example_task_group.py
[2025-03-18T14:25:55.666+0000] {logging_mixin.py:188} INFO - [2025-03-18T14:25:55.666+0000] {dag.py:3096} INFO - Sync 1 DAGs
[2025-03-18T14:25:55.687+0000] {logging_mixin.py:188} INFO - [2025-03-18T14:25:55.687+0000] {dag.py:3954} INFO - Setting next_dagrun for example_task_group to 2025-03-17 00:00:00+00:00, run_after=2025-03-18 00:00:00+00:00
[2025-03-18T14:25:55.706+0000] {processor.py:183} INFO - Processing /home/airflow/.local/lib/python3.12/site-packages/airflow/example_dags/example_task_group.py took 0.075 seconds
[2025-03-18T14:26:25.833+0000] {processor.py:161} INFO - Started process (PID=2356) to work on /home/airflow/.local/lib/python3.12/site-packages/airflow/example_dags/example_task_group.py
[2025-03-18T14:26:25.834+0000] {processor.py:830} INFO - Processing file /home/airflow/.local/lib/python3.12/site-packages/airflow/example_dags/example_task_group.py for tasks to queue
[2025-03-18T14:26:25.836+0000] {logging_mixin.py:188} INFO - [2025-03-18T14:26:25.835+0000] {dagbag.py:545} INFO - Filling up the DagBag from /home/airflow/.local/lib/python3.12/site-packages/airflow/example_dags/example_task_group.py
[2025-03-18T14:26:25.841+0000] {processor.py:840} INFO - DAG(s) 'example_task_group' retrieved from /home/airflow/.local/lib/python3.12/site-packages/airflow/example_dags/example_task_group.py
[2025-03-18T14:26:25.863+0000] {logging_mixin.py:188} INFO - [2025-03-18T14:26:25.863+0000] {dag.py:3096} INFO - Sync 1 DAGs
[2025-03-18T14:26:25.882+0000] {logging_mixin.py:188} INFO - [2025-03-18T14:26:25.882+0000] {dag.py:3954} INFO - Setting next_dagrun for example_task_group to 2025-03-17 00:00:00+00:00, run_after=2025-03-18 00:00:00+00:00
[2025-03-18T14:26:25.901+0000] {processor.py:183} INFO - Processing /home/airflow/.local/lib/python3.12/site-packages/airflow/example_dags/example_task_group.py took 0.075 seconds
[2025-03-18T14:26:56.432+0000] {processor.py:161} INFO - Started process (PID=2662) to work on /home/airflow/.local/lib/python3.12/site-packages/airflow/example_dags/example_task_group.py
[2025-03-18T14:26:56.433+0000] {processor.py:830} INFO - Processing file /home/airflow/.local/lib/python3.12/site-packages/airflow/example_dags/example_task_group.py for tasks to queue
[2025-03-18T14:26:56.435+0000] {logging_mixin.py:188} INFO - [2025-03-18T14:26:56.434+0000] {dagbag.py:545} INFO - Filling up the DagBag from /home/airflow/.local/lib/python3.12/site-packages/airflow/example_dags/example_task_group.py
[2025-03-18T14:26:56.443+0000] {processor.py:840} INFO - DAG(s) 'example_task_group' retrieved from /home/airflow/.local/lib/python3.12/site-packages/airflow/example_dags/example_task_group.py
[2025-03-18T14:26:56.463+0000] {logging_mixin.py:188} INFO - [2025-03-18T14:26:56.463+0000] {dag.py:3096} INFO - Sync 1 DAGs
[2025-03-18T14:26:56.489+0000] {logging_mixin.py:188} INFO - [2025-03-18T14:26:56.489+0000] {dag.py:3954} INFO - Setting next_dagrun for example_task_group to 2025-03-17 00:00:00+00:00, run_after=2025-03-18 00:00:00+00:00
[2025-03-18T14:26:56.510+0000] {processor.py:183} INFO - Processing /home/airflow/.local/lib/python3.12/site-packages/airflow/example_dags/example_task_group.py took 0.084 seconds
