[2025-03-18T14:22:24.877+0000] {processor.py:161} INFO - Started process (PID=369) to work on /home/airflow/.local/lib/python3.12/site-packages/airflow/example_dags/example_short_circuit_decorator.py
[2025-03-18T14:22:24.878+0000] {processor.py:830} INFO - Processing file /home/airflow/.local/lib/python3.12/site-packages/airflow/example_dags/example_short_circuit_decorator.py for tasks to queue
[2025-03-18T14:22:24.880+0000] {logging_mixin.py:188} INFO - [2025-03-18T14:22:24.880+0000] {dagbag.py:545} INFO - Filling up the DagBag from /home/airflow/.local/lib/python3.12/site-packages/airflow/example_dags/example_short_circuit_decorator.py
[2025-03-18T14:22:24.888+0000] {processor.py:840} INFO - DAG(s) 'example_short_circuit_decorator' retrieved from /home/airflow/.local/lib/python3.12/site-packages/airflow/example_dags/example_short_circuit_decorator.py
[2025-03-18T14:22:24.912+0000] {logging_mixin.py:188} INFO - [2025-03-18T14:22:24.912+0000] {dag.py:3096} INFO - Sync 1 DAGs
[2025-03-18T14:22:24.933+0000] {logging_mixin.py:188} INFO - [2025-03-18T14:22:24.933+0000] {dag.py:3954} INFO - Setting next_dagrun for example_short_circuit_decorator to 2025-03-17 00:00:00+00:00, run_after=2025-03-18 00:00:00+00:00
[2025-03-18T14:22:24.954+0000] {processor.py:183} INFO - Processing /home/airflow/.local/lib/python3.12/site-packages/airflow/example_dags/example_short_circuit_decorator.py took 0.082 seconds
[2025-03-18T14:22:55.176+0000] {processor.py:161} INFO - Started process (PID=633) to work on /home/airflow/.local/lib/python3.12/site-packages/airflow/example_dags/example_short_circuit_decorator.py
[2025-03-18T14:22:55.177+0000] {processor.py:830} INFO - Processing file /home/airflow/.local/lib/python3.12/site-packages/airflow/example_dags/example_short_circuit_decorator.py for tasks to queue
[2025-03-18T14:22:55.179+0000] {logging_mixin.py:188} INFO - [2025-03-18T14:22:55.178+0000] {dagbag.py:545} INFO - Filling up the DagBag from /home/airflow/.local/lib/python3.12/site-packages/airflow/example_dags/example_short_circuit_decorator.py
[2025-03-18T14:22:55.187+0000] {processor.py:840} INFO - DAG(s) 'example_short_circuit_decorator' retrieved from /home/airflow/.local/lib/python3.12/site-packages/airflow/example_dags/example_short_circuit_decorator.py
[2025-03-18T14:22:55.209+0000] {logging_mixin.py:188} INFO - [2025-03-18T14:22:55.209+0000] {dag.py:3096} INFO - Sync 1 DAGs
[2025-03-18T14:22:55.231+0000] {logging_mixin.py:188} INFO - [2025-03-18T14:22:55.230+0000] {dag.py:3954} INFO - Setting next_dagrun for example_short_circuit_decorator to 2025-03-17 00:00:00+00:00, run_after=2025-03-18 00:00:00+00:00
[2025-03-18T14:22:55.249+0000] {processor.py:183} INFO - Processing /home/airflow/.local/lib/python3.12/site-packages/airflow/example_dags/example_short_circuit_decorator.py took 0.078 seconds
[2025-03-18T14:23:25.727+0000] {processor.py:161} INFO - Started process (PID=901) to work on /home/airflow/.local/lib/python3.12/site-packages/airflow/example_dags/example_short_circuit_decorator.py
[2025-03-18T14:23:25.729+0000] {processor.py:830} INFO - Processing file /home/airflow/.local/lib/python3.12/site-packages/airflow/example_dags/example_short_circuit_decorator.py for tasks to queue
[2025-03-18T14:23:25.731+0000] {logging_mixin.py:188} INFO - [2025-03-18T14:23:25.730+0000] {dagbag.py:545} INFO - Filling up the DagBag from /home/airflow/.local/lib/python3.12/site-packages/airflow/example_dags/example_short_circuit_decorator.py
[2025-03-18T14:23:25.738+0000] {processor.py:840} INFO - DAG(s) 'example_short_circuit_decorator' retrieved from /home/airflow/.local/lib/python3.12/site-packages/airflow/example_dags/example_short_circuit_decorator.py
[2025-03-18T14:23:25.762+0000] {logging_mixin.py:188} INFO - [2025-03-18T14:23:25.762+0000] {dag.py:3096} INFO - Sync 1 DAGs
[2025-03-18T14:23:25.781+0000] {logging_mixin.py:188} INFO - [2025-03-18T14:23:25.781+0000] {dag.py:3954} INFO - Setting next_dagrun for example_short_circuit_decorator to 2025-03-17 00:00:00+00:00, run_after=2025-03-18 00:00:00+00:00
[2025-03-18T14:23:25.801+0000] {processor.py:183} INFO - Processing /home/airflow/.local/lib/python3.12/site-packages/airflow/example_dags/example_short_circuit_decorator.py took 0.079 seconds
[2025-03-18T14:23:56.019+0000] {processor.py:161} INFO - Started process (PID=1161) to work on /home/airflow/.local/lib/python3.12/site-packages/airflow/example_dags/example_short_circuit_decorator.py
[2025-03-18T14:23:56.020+0000] {processor.py:830} INFO - Processing file /home/airflow/.local/lib/python3.12/site-packages/airflow/example_dags/example_short_circuit_decorator.py for tasks to queue
[2025-03-18T14:23:56.022+0000] {logging_mixin.py:188} INFO - [2025-03-18T14:23:56.021+0000] {dagbag.py:545} INFO - Filling up the DagBag from /home/airflow/.local/lib/python3.12/site-packages/airflow/example_dags/example_short_circuit_decorator.py
[2025-03-18T14:23:56.030+0000] {processor.py:840} INFO - DAG(s) 'example_short_circuit_decorator' retrieved from /home/airflow/.local/lib/python3.12/site-packages/airflow/example_dags/example_short_circuit_decorator.py
[2025-03-18T14:23:56.054+0000] {logging_mixin.py:188} INFO - [2025-03-18T14:23:56.053+0000] {dag.py:3096} INFO - Sync 1 DAGs
[2025-03-18T14:23:56.076+0000] {logging_mixin.py:188} INFO - [2025-03-18T14:23:56.075+0000] {dag.py:3954} INFO - Setting next_dagrun for example_short_circuit_decorator to 2025-03-17 00:00:00+00:00, run_after=2025-03-18 00:00:00+00:00
[2025-03-18T14:23:56.100+0000] {processor.py:183} INFO - Processing /home/airflow/.local/lib/python3.12/site-packages/airflow/example_dags/example_short_circuit_decorator.py took 0.087 seconds
[2025-03-18T14:24:26.302+0000] {processor.py:161} INFO - Started process (PID=1423) to work on /home/airflow/.local/lib/python3.12/site-packages/airflow/example_dags/example_short_circuit_decorator.py
[2025-03-18T14:24:26.304+0000] {processor.py:830} INFO - Processing file /home/airflow/.local/lib/python3.12/site-packages/airflow/example_dags/example_short_circuit_decorator.py for tasks to queue
[2025-03-18T14:24:26.305+0000] {logging_mixin.py:188} INFO - [2025-03-18T14:24:26.305+0000] {dagbag.py:545} INFO - Filling up the DagBag from /home/airflow/.local/lib/python3.12/site-packages/airflow/example_dags/example_short_circuit_decorator.py
[2025-03-18T14:24:26.314+0000] {processor.py:840} INFO - DAG(s) 'example_short_circuit_decorator' retrieved from /home/airflow/.local/lib/python3.12/site-packages/airflow/example_dags/example_short_circuit_decorator.py
[2025-03-18T14:24:26.334+0000] {logging_mixin.py:188} INFO - [2025-03-18T14:24:26.334+0000] {dag.py:3096} INFO - Sync 1 DAGs
[2025-03-18T14:24:26.353+0000] {logging_mixin.py:188} INFO - [2025-03-18T14:24:26.353+0000] {dag.py:3954} INFO - Setting next_dagrun for example_short_circuit_decorator to 2025-03-17 00:00:00+00:00, run_after=2025-03-18 00:00:00+00:00
[2025-03-18T14:24:26.389+0000] {processor.py:183} INFO - Processing /home/airflow/.local/lib/python3.12/site-packages/airflow/example_dags/example_short_circuit_decorator.py took 0.092 seconds
[2025-03-18T14:24:56.517+0000] {processor.py:161} INFO - Started process (PID=1685) to work on /home/airflow/.local/lib/python3.12/site-packages/airflow/example_dags/example_short_circuit_decorator.py
[2025-03-18T14:24:56.518+0000] {processor.py:830} INFO - Processing file /home/airflow/.local/lib/python3.12/site-packages/airflow/example_dags/example_short_circuit_decorator.py for tasks to queue
[2025-03-18T14:24:56.520+0000] {logging_mixin.py:188} INFO - [2025-03-18T14:24:56.520+0000] {dagbag.py:545} INFO - Filling up the DagBag from /home/airflow/.local/lib/python3.12/site-packages/airflow/example_dags/example_short_circuit_decorator.py
[2025-03-18T14:24:56.529+0000] {processor.py:840} INFO - DAG(s) 'example_short_circuit_decorator' retrieved from /home/airflow/.local/lib/python3.12/site-packages/airflow/example_dags/example_short_circuit_decorator.py
[2025-03-18T14:24:56.550+0000] {logging_mixin.py:188} INFO - [2025-03-18T14:24:56.550+0000] {dag.py:3096} INFO - Sync 1 DAGs
[2025-03-18T14:24:56.570+0000] {logging_mixin.py:188} INFO - [2025-03-18T14:24:56.570+0000] {dag.py:3954} INFO - Setting next_dagrun for example_short_circuit_decorator to 2025-03-17 00:00:00+00:00, run_after=2025-03-18 00:00:00+00:00
[2025-03-18T14:24:56.592+0000] {processor.py:183} INFO - Processing /home/airflow/.local/lib/python3.12/site-packages/airflow/example_dags/example_short_circuit_decorator.py took 0.080 seconds
[2025-03-18T14:25:27.087+0000] {processor.py:161} INFO - Started process (PID=1947) to work on /home/airflow/.local/lib/python3.12/site-packages/airflow/example_dags/example_short_circuit_decorator.py
[2025-03-18T14:25:27.088+0000] {processor.py:830} INFO - Processing file /home/airflow/.local/lib/python3.12/site-packages/airflow/example_dags/example_short_circuit_decorator.py for tasks to queue
[2025-03-18T14:25:27.090+0000] {logging_mixin.py:188} INFO - [2025-03-18T14:25:27.090+0000] {dagbag.py:545} INFO - Filling up the DagBag from /home/airflow/.local/lib/python3.12/site-packages/airflow/example_dags/example_short_circuit_decorator.py
[2025-03-18T14:25:27.098+0000] {processor.py:840} INFO - DAG(s) 'example_short_circuit_decorator' retrieved from /home/airflow/.local/lib/python3.12/site-packages/airflow/example_dags/example_short_circuit_decorator.py
[2025-03-18T14:25:27.120+0000] {logging_mixin.py:188} INFO - [2025-03-18T14:25:27.120+0000] {dag.py:3096} INFO - Sync 1 DAGs
[2025-03-18T14:25:27.141+0000] {logging_mixin.py:188} INFO - [2025-03-18T14:25:27.141+0000] {dag.py:3954} INFO - Setting next_dagrun for example_short_circuit_decorator to 2025-03-17 00:00:00+00:00, run_after=2025-03-18 00:00:00+00:00
[2025-03-18T14:25:27.162+0000] {processor.py:183} INFO - Processing /home/airflow/.local/lib/python3.12/site-packages/airflow/example_dags/example_short_circuit_decorator.py took 0.080 seconds
[2025-03-18T14:25:57.292+0000] {processor.py:161} INFO - Started process (PID=2209) to work on /home/airflow/.local/lib/python3.12/site-packages/airflow/example_dags/example_short_circuit_decorator.py
[2025-03-18T14:25:57.293+0000] {processor.py:830} INFO - Processing file /home/airflow/.local/lib/python3.12/site-packages/airflow/example_dags/example_short_circuit_decorator.py for tasks to queue
[2025-03-18T14:25:57.295+0000] {logging_mixin.py:188} INFO - [2025-03-18T14:25:57.295+0000] {dagbag.py:545} INFO - Filling up the DagBag from /home/airflow/.local/lib/python3.12/site-packages/airflow/example_dags/example_short_circuit_decorator.py
[2025-03-18T14:25:57.304+0000] {processor.py:840} INFO - DAG(s) 'example_short_circuit_decorator' retrieved from /home/airflow/.local/lib/python3.12/site-packages/airflow/example_dags/example_short_circuit_decorator.py
[2025-03-18T14:25:57.326+0000] {logging_mixin.py:188} INFO - [2025-03-18T14:25:57.326+0000] {dag.py:3096} INFO - Sync 1 DAGs
[2025-03-18T14:25:57.347+0000] {logging_mixin.py:188} INFO - [2025-03-18T14:25:57.347+0000] {dag.py:3954} INFO - Setting next_dagrun for example_short_circuit_decorator to 2025-03-17 00:00:00+00:00, run_after=2025-03-18 00:00:00+00:00
[2025-03-18T14:25:57.367+0000] {processor.py:183} INFO - Processing /home/airflow/.local/lib/python3.12/site-packages/airflow/example_dags/example_short_circuit_decorator.py took 0.080 seconds
[2025-03-18T14:26:27.491+0000] {processor.py:161} INFO - Started process (PID=2471) to work on /home/airflow/.local/lib/python3.12/site-packages/airflow/example_dags/example_short_circuit_decorator.py
[2025-03-18T14:26:27.492+0000] {processor.py:830} INFO - Processing file /home/airflow/.local/lib/python3.12/site-packages/airflow/example_dags/example_short_circuit_decorator.py for tasks to queue
[2025-03-18T14:26:27.494+0000] {logging_mixin.py:188} INFO - [2025-03-18T14:26:27.494+0000] {dagbag.py:545} INFO - Filling up the DagBag from /home/airflow/.local/lib/python3.12/site-packages/airflow/example_dags/example_short_circuit_decorator.py
[2025-03-18T14:26:27.501+0000] {processor.py:840} INFO - DAG(s) 'example_short_circuit_decorator' retrieved from /home/airflow/.local/lib/python3.12/site-packages/airflow/example_dags/example_short_circuit_decorator.py
[2025-03-18T14:26:27.522+0000] {logging_mixin.py:188} INFO - [2025-03-18T14:26:27.522+0000] {dag.py:3096} INFO - Sync 1 DAGs
[2025-03-18T14:26:27.542+0000] {logging_mixin.py:188} INFO - [2025-03-18T14:26:27.542+0000] {dag.py:3954} INFO - Setting next_dagrun for example_short_circuit_decorator to 2025-03-17 00:00:00+00:00, run_after=2025-03-18 00:00:00+00:00
[2025-03-18T14:26:27.562+0000] {processor.py:183} INFO - Processing /home/airflow/.local/lib/python3.12/site-packages/airflow/example_dags/example_short_circuit_decorator.py took 0.076 seconds
