[2025-03-18T14:22:22.892+0000] {processor.py:161} INFO - Started process (PID=239) to work on /home/airflow/.local/lib/python3.12/site-packages/airflow/example_dags/example_datasets.py
[2025-03-18T14:22:22.893+0000] {processor.py:830} INFO - Processing file /home/airflow/.local/lib/python3.12/site-packages/airflow/example_dags/example_datasets.py for tasks to queue
[2025-03-18T14:22:22.895+0000] {logging_mixin.py:188} INFO - [2025-03-18T14:22:22.895+0000] {dagbag.py:545} INFO - Filling up the DagBag from /home/airflow/.local/lib/python3.12/site-packages/airflow/example_dags/example_datasets.py
[2025-03-18T14:22:22.913+0000] {processor.py:840} INFO - DAG(s) 'consume_1_or_2_with_dataset_expressions', 'consume_1_or_both_2_and_3_with_dataset_expressions', 'consume_1_and_2_with_dataset_expressions', 'conditional_dataset_and_time_based_timetable', 'dataset_produces_2', 'dataset_produces_1', 'dataset_consumes_1_never_scheduled', 'dataset_consumes_1_and_2', 'dataset_consumes_unknown_never_scheduled', 'dataset_consumes_1' retrieved from /home/airflow/.local/lib/python3.12/site-packages/airflow/example_dags/example_datasets.py
[2025-03-18T14:22:22.966+0000] {logging_mixin.py:188} INFO - [2025-03-18T14:22:22.966+0000] {dag.py:3096} INFO - Sync 10 DAGs
[2025-03-18T14:22:22.990+0000] {logging_mixin.py:188} INFO - [2025-03-18T14:22:22.990+0000] {dag.py:3954} INFO - Setting next_dagrun for conditional_dataset_and_time_based_timetable to 2025-03-12 01:00:00+00:00, run_after=2025-03-12 01:00:00+00:00
[2025-03-18T14:22:22.998+0000] {logging_mixin.py:188} INFO - [2025-03-18T14:22:22.998+0000] {dag.py:3954} INFO - Setting next_dagrun for consume_1_and_2_with_dataset_expressions to None, run_after=None
[2025-03-18T14:22:23.000+0000] {logging_mixin.py:188} INFO - [2025-03-18T14:22:23.000+0000] {dag.py:3954} INFO - Setting next_dagrun for consume_1_or_2_with_dataset_expressions to None, run_after=None
[2025-03-18T14:22:23.003+0000] {logging_mixin.py:188} INFO - [2025-03-18T14:22:23.002+0000] {dag.py:3954} INFO - Setting next_dagrun for consume_1_or_both_2_and_3_with_dataset_expressions to None, run_after=None
[2025-03-18T14:22:23.005+0000] {logging_mixin.py:188} INFO - [2025-03-18T14:22:23.004+0000] {dag.py:3954} INFO - Setting next_dagrun for dataset_consumes_1 to None, run_after=None
[2025-03-18T14:22:23.006+0000] {logging_mixin.py:188} INFO - [2025-03-18T14:22:23.006+0000] {dag.py:3954} INFO - Setting next_dagrun for dataset_consumes_1_and_2 to None, run_after=None
[2025-03-18T14:22:23.009+0000] {logging_mixin.py:188} INFO - [2025-03-18T14:22:23.008+0000] {dag.py:3954} INFO - Setting next_dagrun for dataset_consumes_1_never_scheduled to None, run_after=None
[2025-03-18T14:22:23.010+0000] {logging_mixin.py:188} INFO - [2025-03-18T14:22:23.010+0000] {dag.py:3954} INFO - Setting next_dagrun for dataset_consumes_unknown_never_scheduled to None, run_after=None
[2025-03-18T14:22:23.014+0000] {logging_mixin.py:188} INFO - [2025-03-18T14:22:23.014+0000] {dag.py:3954} INFO - Setting next_dagrun for dataset_produces_1 to 2025-03-17 00:00:00+00:00, run_after=2025-03-18 00:00:00+00:00
[2025-03-18T14:22:23.017+0000] {logging_mixin.py:188} INFO - [2025-03-18T14:22:23.017+0000] {dag.py:3954} INFO - Setting next_dagrun for dataset_produces_2 to None, run_after=None
[2025-03-18T14:22:23.078+0000] {processor.py:183} INFO - Processing /home/airflow/.local/lib/python3.12/site-packages/airflow/example_dags/example_datasets.py took 0.190 seconds
[2025-03-18T14:22:53.194+0000] {processor.py:161} INFO - Started process (PID=503) to work on /home/airflow/.local/lib/python3.12/site-packages/airflow/example_dags/example_datasets.py
[2025-03-18T14:22:53.194+0000] {processor.py:830} INFO - Processing file /home/airflow/.local/lib/python3.12/site-packages/airflow/example_dags/example_datasets.py for tasks to queue
[2025-03-18T14:22:53.196+0000] {logging_mixin.py:188} INFO - [2025-03-18T14:22:53.196+0000] {dagbag.py:545} INFO - Filling up the DagBag from /home/airflow/.local/lib/python3.12/site-packages/airflow/example_dags/example_datasets.py
[2025-03-18T14:22:53.208+0000] {processor.py:840} INFO - DAG(s) 'dataset_consumes_1', 'consume_1_and_2_with_dataset_expressions', 'dataset_produces_1', 'consume_1_or_both_2_and_3_with_dataset_expressions', 'dataset_consumes_unknown_never_scheduled', 'conditional_dataset_and_time_based_timetable', 'dataset_consumes_1_never_scheduled', 'dataset_consumes_1_and_2', 'consume_1_or_2_with_dataset_expressions', 'dataset_produces_2' retrieved from /home/airflow/.local/lib/python3.12/site-packages/airflow/example_dags/example_datasets.py
[2025-03-18T14:22:53.255+0000] {logging_mixin.py:188} INFO - [2025-03-18T14:22:53.255+0000] {dag.py:3096} INFO - Sync 10 DAGs
[2025-03-18T14:22:53.280+0000] {logging_mixin.py:188} INFO - [2025-03-18T14:22:53.279+0000] {dag.py:3954} INFO - Setting next_dagrun for conditional_dataset_and_time_based_timetable to 2025-03-12 01:00:00+00:00, run_after=2025-03-12 01:00:00+00:00
[2025-03-18T14:22:53.284+0000] {logging_mixin.py:188} INFO - [2025-03-18T14:22:53.284+0000] {dag.py:3954} INFO - Setting next_dagrun for consume_1_and_2_with_dataset_expressions to None, run_after=None
[2025-03-18T14:22:53.285+0000] {logging_mixin.py:188} INFO - [2025-03-18T14:22:53.285+0000] {dag.py:3954} INFO - Setting next_dagrun for consume_1_or_2_with_dataset_expressions to None, run_after=None
[2025-03-18T14:22:53.287+0000] {logging_mixin.py:188} INFO - [2025-03-18T14:22:53.287+0000] {dag.py:3954} INFO - Setting next_dagrun for consume_1_or_both_2_and_3_with_dataset_expressions to None, run_after=None
[2025-03-18T14:22:53.289+0000] {logging_mixin.py:188} INFO - [2025-03-18T14:22:53.289+0000] {dag.py:3954} INFO - Setting next_dagrun for dataset_consumes_1 to None, run_after=None
[2025-03-18T14:22:53.291+0000] {logging_mixin.py:188} INFO - [2025-03-18T14:22:53.291+0000] {dag.py:3954} INFO - Setting next_dagrun for dataset_consumes_1_and_2 to None, run_after=None
[2025-03-18T14:22:53.292+0000] {logging_mixin.py:188} INFO - [2025-03-18T14:22:53.292+0000] {dag.py:3954} INFO - Setting next_dagrun for dataset_consumes_1_never_scheduled to None, run_after=None
[2025-03-18T14:22:53.294+0000] {logging_mixin.py:188} INFO - [2025-03-18T14:22:53.294+0000] {dag.py:3954} INFO - Setting next_dagrun for dataset_consumes_unknown_never_scheduled to None, run_after=None
[2025-03-18T14:22:53.296+0000] {logging_mixin.py:188} INFO - [2025-03-18T14:22:53.296+0000] {dag.py:3954} INFO - Setting next_dagrun for dataset_produces_1 to 2025-03-17 00:00:00+00:00, run_after=2025-03-18 00:00:00+00:00
[2025-03-18T14:22:53.298+0000] {logging_mixin.py:188} INFO - [2025-03-18T14:22:53.298+0000] {dag.py:3954} INFO - Setting next_dagrun for dataset_produces_2 to None, run_after=None
[2025-03-18T14:22:53.346+0000] {processor.py:183} INFO - Processing /home/airflow/.local/lib/python3.12/site-packages/airflow/example_dags/example_datasets.py took 0.158 seconds
[2025-03-18T14:23:23.629+0000] {processor.py:161} INFO - Started process (PID=768) to work on /home/airflow/.local/lib/python3.12/site-packages/airflow/example_dags/example_datasets.py
[2025-03-18T14:23:23.630+0000] {processor.py:830} INFO - Processing file /home/airflow/.local/lib/python3.12/site-packages/airflow/example_dags/example_datasets.py for tasks to queue
[2025-03-18T14:23:23.633+0000] {logging_mixin.py:188} INFO - [2025-03-18T14:23:23.632+0000] {dagbag.py:545} INFO - Filling up the DagBag from /home/airflow/.local/lib/python3.12/site-packages/airflow/example_dags/example_datasets.py
[2025-03-18T14:23:23.648+0000] {processor.py:840} INFO - DAG(s) 'consume_1_and_2_with_dataset_expressions', 'consume_1_or_2_with_dataset_expressions', 'dataset_consumes_unknown_never_scheduled', 'consume_1_or_both_2_and_3_with_dataset_expressions', 'dataset_consumes_1', 'dataset_produces_1', 'dataset_produces_2', 'dataset_consumes_1_and_2', 'dataset_consumes_1_never_scheduled', 'conditional_dataset_and_time_based_timetable' retrieved from /home/airflow/.local/lib/python3.12/site-packages/airflow/example_dags/example_datasets.py
[2025-03-18T14:23:23.710+0000] {logging_mixin.py:188} INFO - [2025-03-18T14:23:23.710+0000] {dag.py:3096} INFO - Sync 10 DAGs
[2025-03-18T14:23:23.735+0000] {logging_mixin.py:188} INFO - [2025-03-18T14:23:23.735+0000] {dag.py:3954} INFO - Setting next_dagrun for conditional_dataset_and_time_based_timetable to 2025-03-12 01:00:00+00:00, run_after=2025-03-12 01:00:00+00:00
[2025-03-18T14:23:23.739+0000] {logging_mixin.py:188} INFO - [2025-03-18T14:23:23.739+0000] {dag.py:3954} INFO - Setting next_dagrun for consume_1_and_2_with_dataset_expressions to None, run_after=None
[2025-03-18T14:23:23.741+0000] {logging_mixin.py:188} INFO - [2025-03-18T14:23:23.741+0000] {dag.py:3954} INFO - Setting next_dagrun for consume_1_or_2_with_dataset_expressions to None, run_after=None
[2025-03-18T14:23:23.743+0000] {logging_mixin.py:188} INFO - [2025-03-18T14:23:23.743+0000] {dag.py:3954} INFO - Setting next_dagrun for consume_1_or_both_2_and_3_with_dataset_expressions to None, run_after=None
[2025-03-18T14:23:23.745+0000] {logging_mixin.py:188} INFO - [2025-03-18T14:23:23.744+0000] {dag.py:3954} INFO - Setting next_dagrun for dataset_consumes_1 to None, run_after=None
[2025-03-18T14:23:23.747+0000] {logging_mixin.py:188} INFO - [2025-03-18T14:23:23.747+0000] {dag.py:3954} INFO - Setting next_dagrun for dataset_consumes_1_and_2 to None, run_after=None
[2025-03-18T14:23:23.749+0000] {logging_mixin.py:188} INFO - [2025-03-18T14:23:23.749+0000] {dag.py:3954} INFO - Setting next_dagrun for dataset_consumes_1_never_scheduled to None, run_after=None
[2025-03-18T14:23:23.751+0000] {logging_mixin.py:188} INFO - [2025-03-18T14:23:23.750+0000] {dag.py:3954} INFO - Setting next_dagrun for dataset_consumes_unknown_never_scheduled to None, run_after=None
[2025-03-18T14:23:23.754+0000] {logging_mixin.py:188} INFO - [2025-03-18T14:23:23.753+0000] {dag.py:3954} INFO - Setting next_dagrun for dataset_produces_1 to 2025-03-17 00:00:00+00:00, run_after=2025-03-18 00:00:00+00:00
[2025-03-18T14:23:23.756+0000] {logging_mixin.py:188} INFO - [2025-03-18T14:23:23.756+0000] {dag.py:3954} INFO - Setting next_dagrun for dataset_produces_2 to None, run_after=None
[2025-03-18T14:23:23.805+0000] {processor.py:183} INFO - Processing /home/airflow/.local/lib/python3.12/site-packages/airflow/example_dags/example_datasets.py took 0.182 seconds
[2025-03-18T14:23:54.322+0000] {processor.py:161} INFO - Started process (PID=1025) to work on /home/airflow/.local/lib/python3.12/site-packages/airflow/example_dags/example_datasets.py
[2025-03-18T14:23:54.323+0000] {processor.py:830} INFO - Processing file /home/airflow/.local/lib/python3.12/site-packages/airflow/example_dags/example_datasets.py for tasks to queue
[2025-03-18T14:23:54.325+0000] {logging_mixin.py:188} INFO - [2025-03-18T14:23:54.325+0000] {dagbag.py:545} INFO - Filling up the DagBag from /home/airflow/.local/lib/python3.12/site-packages/airflow/example_dags/example_datasets.py
[2025-03-18T14:23:54.340+0000] {processor.py:840} INFO - DAG(s) 'dataset_produces_2', 'conditional_dataset_and_time_based_timetable', 'dataset_consumes_1_and_2', 'consume_1_and_2_with_dataset_expressions', 'dataset_consumes_1_never_scheduled', 'consume_1_or_both_2_and_3_with_dataset_expressions', 'consume_1_or_2_with_dataset_expressions', 'dataset_consumes_unknown_never_scheduled', 'dataset_produces_1', 'dataset_consumes_1' retrieved from /home/airflow/.local/lib/python3.12/site-packages/airflow/example_dags/example_datasets.py
[2025-03-18T14:23:54.392+0000] {logging_mixin.py:188} INFO - [2025-03-18T14:23:54.392+0000] {dag.py:3096} INFO - Sync 10 DAGs
[2025-03-18T14:23:54.416+0000] {logging_mixin.py:188} INFO - [2025-03-18T14:23:54.415+0000] {dag.py:3954} INFO - Setting next_dagrun for conditional_dataset_and_time_based_timetable to 2025-03-12 01:00:00+00:00, run_after=2025-03-12 01:00:00+00:00
[2025-03-18T14:23:54.420+0000] {logging_mixin.py:188} INFO - [2025-03-18T14:23:54.419+0000] {dag.py:3954} INFO - Setting next_dagrun for consume_1_and_2_with_dataset_expressions to None, run_after=None
[2025-03-18T14:23:54.421+0000] {logging_mixin.py:188} INFO - [2025-03-18T14:23:54.421+0000] {dag.py:3954} INFO - Setting next_dagrun for consume_1_or_2_with_dataset_expressions to None, run_after=None
[2025-03-18T14:23:54.423+0000] {logging_mixin.py:188} INFO - [2025-03-18T14:23:54.423+0000] {dag.py:3954} INFO - Setting next_dagrun for consume_1_or_both_2_and_3_with_dataset_expressions to None, run_after=None
[2025-03-18T14:23:54.425+0000] {logging_mixin.py:188} INFO - [2025-03-18T14:23:54.424+0000] {dag.py:3954} INFO - Setting next_dagrun for dataset_consumes_1 to None, run_after=None
[2025-03-18T14:23:54.426+0000] {logging_mixin.py:188} INFO - [2025-03-18T14:23:54.426+0000] {dag.py:3954} INFO - Setting next_dagrun for dataset_consumes_1_and_2 to None, run_after=None
[2025-03-18T14:23:54.428+0000] {logging_mixin.py:188} INFO - [2025-03-18T14:23:54.427+0000] {dag.py:3954} INFO - Setting next_dagrun for dataset_consumes_1_never_scheduled to None, run_after=None
[2025-03-18T14:23:54.430+0000] {logging_mixin.py:188} INFO - [2025-03-18T14:23:54.429+0000] {dag.py:3954} INFO - Setting next_dagrun for dataset_consumes_unknown_never_scheduled to None, run_after=None
[2025-03-18T14:23:54.432+0000] {logging_mixin.py:188} INFO - [2025-03-18T14:23:54.432+0000] {dag.py:3954} INFO - Setting next_dagrun for dataset_produces_1 to 2025-03-17 00:00:00+00:00, run_after=2025-03-18 00:00:00+00:00
[2025-03-18T14:23:54.434+0000] {logging_mixin.py:188} INFO - [2025-03-18T14:23:54.434+0000] {dag.py:3954} INFO - Setting next_dagrun for dataset_produces_2 to None, run_after=None
[2025-03-18T14:23:54.478+0000] {processor.py:183} INFO - Processing /home/airflow/.local/lib/python3.12/site-packages/airflow/example_dags/example_datasets.py took 0.163 seconds
[2025-03-18T14:24:24.637+0000] {processor.py:161} INFO - Started process (PID=1289) to work on /home/airflow/.local/lib/python3.12/site-packages/airflow/example_dags/example_datasets.py
[2025-03-18T14:24:24.638+0000] {processor.py:830} INFO - Processing file /home/airflow/.local/lib/python3.12/site-packages/airflow/example_dags/example_datasets.py for tasks to queue
[2025-03-18T14:24:24.640+0000] {logging_mixin.py:188} INFO - [2025-03-18T14:24:24.639+0000] {dagbag.py:545} INFO - Filling up the DagBag from /home/airflow/.local/lib/python3.12/site-packages/airflow/example_dags/example_datasets.py
[2025-03-18T14:24:24.651+0000] {processor.py:840} INFO - DAG(s) 'consume_1_or_2_with_dataset_expressions', 'dataset_consumes_1_never_scheduled', 'dataset_consumes_unknown_never_scheduled', 'dataset_consumes_1', 'dataset_consumes_1_and_2', 'consume_1_and_2_with_dataset_expressions', 'dataset_produces_1', 'dataset_produces_2', 'consume_1_or_both_2_and_3_with_dataset_expressions', 'conditional_dataset_and_time_based_timetable' retrieved from /home/airflow/.local/lib/python3.12/site-packages/airflow/example_dags/example_datasets.py
[2025-03-18T14:24:24.697+0000] {logging_mixin.py:188} INFO - [2025-03-18T14:24:24.697+0000] {dag.py:3096} INFO - Sync 10 DAGs
[2025-03-18T14:24:24.720+0000] {logging_mixin.py:188} INFO - [2025-03-18T14:24:24.720+0000] {dag.py:3954} INFO - Setting next_dagrun for conditional_dataset_and_time_based_timetable to 2025-03-12 01:00:00+00:00, run_after=2025-03-12 01:00:00+00:00
[2025-03-18T14:24:24.724+0000] {logging_mixin.py:188} INFO - [2025-03-18T14:24:24.724+0000] {dag.py:3954} INFO - Setting next_dagrun for consume_1_and_2_with_dataset_expressions to None, run_after=None
[2025-03-18T14:24:24.726+0000] {logging_mixin.py:188} INFO - [2025-03-18T14:24:24.726+0000] {dag.py:3954} INFO - Setting next_dagrun for consume_1_or_2_with_dataset_expressions to None, run_after=None
[2025-03-18T14:24:24.728+0000] {logging_mixin.py:188} INFO - [2025-03-18T14:24:24.728+0000] {dag.py:3954} INFO - Setting next_dagrun for consume_1_or_both_2_and_3_with_dataset_expressions to None, run_after=None
[2025-03-18T14:24:24.730+0000] {logging_mixin.py:188} INFO - [2025-03-18T14:24:24.730+0000] {dag.py:3954} INFO - Setting next_dagrun for dataset_consumes_1 to None, run_after=None
[2025-03-18T14:24:24.732+0000] {logging_mixin.py:188} INFO - [2025-03-18T14:24:24.731+0000] {dag.py:3954} INFO - Setting next_dagrun for dataset_consumes_1_and_2 to None, run_after=None
[2025-03-18T14:24:24.735+0000] {logging_mixin.py:188} INFO - [2025-03-18T14:24:24.734+0000] {dag.py:3954} INFO - Setting next_dagrun for dataset_consumes_1_never_scheduled to None, run_after=None
[2025-03-18T14:24:24.736+0000] {logging_mixin.py:188} INFO - [2025-03-18T14:24:24.736+0000] {dag.py:3954} INFO - Setting next_dagrun for dataset_consumes_unknown_never_scheduled to None, run_after=None
[2025-03-18T14:24:24.739+0000] {logging_mixin.py:188} INFO - [2025-03-18T14:24:24.739+0000] {dag.py:3954} INFO - Setting next_dagrun for dataset_produces_1 to 2025-03-17 00:00:00+00:00, run_after=2025-03-18 00:00:00+00:00
[2025-03-18T14:24:24.741+0000] {logging_mixin.py:188} INFO - [2025-03-18T14:24:24.741+0000] {dag.py:3954} INFO - Setting next_dagrun for dataset_produces_2 to None, run_after=None
[2025-03-18T14:24:24.784+0000] {processor.py:183} INFO - Processing /home/airflow/.local/lib/python3.12/site-packages/airflow/example_dags/example_datasets.py took 0.151 seconds
[2025-03-18T14:24:54.948+0000] {processor.py:161} INFO - Started process (PID=1549) to work on /home/airflow/.local/lib/python3.12/site-packages/airflow/example_dags/example_datasets.py
[2025-03-18T14:24:54.949+0000] {processor.py:830} INFO - Processing file /home/airflow/.local/lib/python3.12/site-packages/airflow/example_dags/example_datasets.py for tasks to queue
[2025-03-18T14:24:54.951+0000] {logging_mixin.py:188} INFO - [2025-03-18T14:24:54.951+0000] {dagbag.py:545} INFO - Filling up the DagBag from /home/airflow/.local/lib/python3.12/site-packages/airflow/example_dags/example_datasets.py
[2025-03-18T14:24:54.963+0000] {processor.py:840} INFO - DAG(s) 'dataset_consumes_unknown_never_scheduled', 'consume_1_or_2_with_dataset_expressions', 'dataset_produces_2', 'consume_1_or_both_2_and_3_with_dataset_expressions', 'conditional_dataset_and_time_based_timetable', 'dataset_produces_1', 'dataset_consumes_1_and_2', 'dataset_consumes_1', 'consume_1_and_2_with_dataset_expressions', 'dataset_consumes_1_never_scheduled' retrieved from /home/airflow/.local/lib/python3.12/site-packages/airflow/example_dags/example_datasets.py
[2025-03-18T14:24:55.012+0000] {logging_mixin.py:188} INFO - [2025-03-18T14:24:55.012+0000] {dag.py:3096} INFO - Sync 10 DAGs
[2025-03-18T14:24:55.037+0000] {logging_mixin.py:188} INFO - [2025-03-18T14:24:55.037+0000] {dag.py:3954} INFO - Setting next_dagrun for conditional_dataset_and_time_based_timetable to 2025-03-12 01:00:00+00:00, run_after=2025-03-12 01:00:00+00:00
[2025-03-18T14:24:55.043+0000] {logging_mixin.py:188} INFO - [2025-03-18T14:24:55.042+0000] {dag.py:3954} INFO - Setting next_dagrun for consume_1_and_2_with_dataset_expressions to None, run_after=None
[2025-03-18T14:24:55.045+0000] {logging_mixin.py:188} INFO - [2025-03-18T14:24:55.045+0000] {dag.py:3954} INFO - Setting next_dagrun for consume_1_or_2_with_dataset_expressions to None, run_after=None
[2025-03-18T14:24:55.047+0000] {logging_mixin.py:188} INFO - [2025-03-18T14:24:55.047+0000] {dag.py:3954} INFO - Setting next_dagrun for consume_1_or_both_2_and_3_with_dataset_expressions to None, run_after=None
[2025-03-18T14:24:55.049+0000] {logging_mixin.py:188} INFO - [2025-03-18T14:24:55.049+0000] {dag.py:3954} INFO - Setting next_dagrun for dataset_consumes_1 to None, run_after=None
[2025-03-18T14:24:55.051+0000] {logging_mixin.py:188} INFO - [2025-03-18T14:24:55.051+0000] {dag.py:3954} INFO - Setting next_dagrun for dataset_consumes_1_and_2 to None, run_after=None
[2025-03-18T14:24:55.053+0000] {logging_mixin.py:188} INFO - [2025-03-18T14:24:55.053+0000] {dag.py:3954} INFO - Setting next_dagrun for dataset_consumes_1_never_scheduled to None, run_after=None
[2025-03-18T14:24:55.055+0000] {logging_mixin.py:188} INFO - [2025-03-18T14:24:55.055+0000] {dag.py:3954} INFO - Setting next_dagrun for dataset_consumes_unknown_never_scheduled to None, run_after=None
[2025-03-18T14:24:55.058+0000] {logging_mixin.py:188} INFO - [2025-03-18T14:24:55.058+0000] {dag.py:3954} INFO - Setting next_dagrun for dataset_produces_1 to 2025-03-17 00:00:00+00:00, run_after=2025-03-18 00:00:00+00:00
[2025-03-18T14:24:55.060+0000] {logging_mixin.py:188} INFO - [2025-03-18T14:24:55.060+0000] {dag.py:3954} INFO - Setting next_dagrun for dataset_produces_2 to None, run_after=None
[2025-03-18T14:24:55.099+0000] {processor.py:183} INFO - Processing /home/airflow/.local/lib/python3.12/site-packages/airflow/example_dags/example_datasets.py took 0.156 seconds
[2025-03-18T14:25:25.240+0000] {processor.py:161} INFO - Started process (PID=1811) to work on /home/airflow/.local/lib/python3.12/site-packages/airflow/example_dags/example_datasets.py
[2025-03-18T14:25:25.241+0000] {processor.py:830} INFO - Processing file /home/airflow/.local/lib/python3.12/site-packages/airflow/example_dags/example_datasets.py for tasks to queue
[2025-03-18T14:25:25.243+0000] {logging_mixin.py:188} INFO - [2025-03-18T14:25:25.243+0000] {dagbag.py:545} INFO - Filling up the DagBag from /home/airflow/.local/lib/python3.12/site-packages/airflow/example_dags/example_datasets.py
[2025-03-18T14:25:25.255+0000] {processor.py:840} INFO - DAG(s) 'dataset_produces_2', 'conditional_dataset_and_time_based_timetable', 'consume_1_or_2_with_dataset_expressions', 'dataset_consumes_1', 'dataset_consumes_1_never_scheduled', 'dataset_consumes_1_and_2', 'consume_1_or_both_2_and_3_with_dataset_expressions', 'dataset_consumes_unknown_never_scheduled', 'dataset_produces_1', 'consume_1_and_2_with_dataset_expressions' retrieved from /home/airflow/.local/lib/python3.12/site-packages/airflow/example_dags/example_datasets.py
[2025-03-18T14:25:25.300+0000] {logging_mixin.py:188} INFO - [2025-03-18T14:25:25.300+0000] {dag.py:3096} INFO - Sync 10 DAGs
[2025-03-18T14:25:25.321+0000] {logging_mixin.py:188} INFO - [2025-03-18T14:25:25.321+0000] {dag.py:3954} INFO - Setting next_dagrun for conditional_dataset_and_time_based_timetable to 2025-03-12 01:00:00+00:00, run_after=2025-03-12 01:00:00+00:00
[2025-03-18T14:25:25.325+0000] {logging_mixin.py:188} INFO - [2025-03-18T14:25:25.324+0000] {dag.py:3954} INFO - Setting next_dagrun for consume_1_and_2_with_dataset_expressions to None, run_after=None
[2025-03-18T14:25:25.326+0000] {logging_mixin.py:188} INFO - [2025-03-18T14:25:25.326+0000] {dag.py:3954} INFO - Setting next_dagrun for consume_1_or_2_with_dataset_expressions to None, run_after=None
[2025-03-18T14:25:25.328+0000] {logging_mixin.py:188} INFO - [2025-03-18T14:25:25.328+0000] {dag.py:3954} INFO - Setting next_dagrun for consume_1_or_both_2_and_3_with_dataset_expressions to None, run_after=None
[2025-03-18T14:25:25.330+0000] {logging_mixin.py:188} INFO - [2025-03-18T14:25:25.330+0000] {dag.py:3954} INFO - Setting next_dagrun for dataset_consumes_1 to None, run_after=None
[2025-03-18T14:25:25.331+0000] {logging_mixin.py:188} INFO - [2025-03-18T14:25:25.331+0000] {dag.py:3954} INFO - Setting next_dagrun for dataset_consumes_1_and_2 to None, run_after=None
[2025-03-18T14:25:25.332+0000] {logging_mixin.py:188} INFO - [2025-03-18T14:25:25.332+0000] {dag.py:3954} INFO - Setting next_dagrun for dataset_consumes_1_never_scheduled to None, run_after=None
[2025-03-18T14:25:25.334+0000] {logging_mixin.py:188} INFO - [2025-03-18T14:25:25.333+0000] {dag.py:3954} INFO - Setting next_dagrun for dataset_consumes_unknown_never_scheduled to None, run_after=None
[2025-03-18T14:25:25.336+0000] {logging_mixin.py:188} INFO - [2025-03-18T14:25:25.336+0000] {dag.py:3954} INFO - Setting next_dagrun for dataset_produces_1 to 2025-03-17 00:00:00+00:00, run_after=2025-03-18 00:00:00+00:00
[2025-03-18T14:25:25.338+0000] {logging_mixin.py:188} INFO - [2025-03-18T14:25:25.338+0000] {dag.py:3954} INFO - Setting next_dagrun for dataset_produces_2 to None, run_after=None
[2025-03-18T14:25:25.370+0000] {processor.py:183} INFO - Processing /home/airflow/.local/lib/python3.12/site-packages/airflow/example_dags/example_datasets.py took 0.134 seconds
[2025-03-18T14:25:55.450+0000] {processor.py:161} INFO - Started process (PID=2073) to work on /home/airflow/.local/lib/python3.12/site-packages/airflow/example_dags/example_datasets.py
[2025-03-18T14:25:55.451+0000] {processor.py:830} INFO - Processing file /home/airflow/.local/lib/python3.12/site-packages/airflow/example_dags/example_datasets.py for tasks to queue
[2025-03-18T14:25:55.453+0000] {logging_mixin.py:188} INFO - [2025-03-18T14:25:55.453+0000] {dagbag.py:545} INFO - Filling up the DagBag from /home/airflow/.local/lib/python3.12/site-packages/airflow/example_dags/example_datasets.py
[2025-03-18T14:25:55.468+0000] {processor.py:840} INFO - DAG(s) 'dataset_produces_2', 'conditional_dataset_and_time_based_timetable', 'dataset_consumes_1', 'consume_1_and_2_with_dataset_expressions', 'consume_1_or_2_with_dataset_expressions', 'dataset_produces_1', 'dataset_consumes_unknown_never_scheduled', 'dataset_consumes_1_and_2', 'dataset_consumes_1_never_scheduled', 'consume_1_or_both_2_and_3_with_dataset_expressions' retrieved from /home/airflow/.local/lib/python3.12/site-packages/airflow/example_dags/example_datasets.py
[2025-03-18T14:25:55.526+0000] {logging_mixin.py:188} INFO - [2025-03-18T14:25:55.526+0000] {dag.py:3096} INFO - Sync 10 DAGs
[2025-03-18T14:25:55.549+0000] {logging_mixin.py:188} INFO - [2025-03-18T14:25:55.549+0000] {dag.py:3954} INFO - Setting next_dagrun for conditional_dataset_and_time_based_timetable to 2025-03-12 01:00:00+00:00, run_after=2025-03-12 01:00:00+00:00
[2025-03-18T14:25:55.553+0000] {logging_mixin.py:188} INFO - [2025-03-18T14:25:55.553+0000] {dag.py:3954} INFO - Setting next_dagrun for consume_1_and_2_with_dataset_expressions to None, run_after=None
[2025-03-18T14:25:55.554+0000] {logging_mixin.py:188} INFO - [2025-03-18T14:25:55.554+0000] {dag.py:3954} INFO - Setting next_dagrun for consume_1_or_2_with_dataset_expressions to None, run_after=None
[2025-03-18T14:25:55.556+0000] {logging_mixin.py:188} INFO - [2025-03-18T14:25:55.556+0000] {dag.py:3954} INFO - Setting next_dagrun for consume_1_or_both_2_and_3_with_dataset_expressions to None, run_after=None
[2025-03-18T14:25:55.558+0000] {logging_mixin.py:188} INFO - [2025-03-18T14:25:55.557+0000] {dag.py:3954} INFO - Setting next_dagrun for dataset_consumes_1 to None, run_after=None
[2025-03-18T14:25:55.560+0000] {logging_mixin.py:188} INFO - [2025-03-18T14:25:55.559+0000] {dag.py:3954} INFO - Setting next_dagrun for dataset_consumes_1_and_2 to None, run_after=None
[2025-03-18T14:25:55.561+0000] {logging_mixin.py:188} INFO - [2025-03-18T14:25:55.561+0000] {dag.py:3954} INFO - Setting next_dagrun for dataset_consumes_1_never_scheduled to None, run_after=None
[2025-03-18T14:25:55.563+0000] {logging_mixin.py:188} INFO - [2025-03-18T14:25:55.563+0000] {dag.py:3954} INFO - Setting next_dagrun for dataset_consumes_unknown_never_scheduled to None, run_after=None
[2025-03-18T14:25:55.565+0000] {logging_mixin.py:188} INFO - [2025-03-18T14:25:55.565+0000] {dag.py:3954} INFO - Setting next_dagrun for dataset_produces_1 to 2025-03-17 00:00:00+00:00, run_after=2025-03-18 00:00:00+00:00
[2025-03-18T14:25:55.567+0000] {logging_mixin.py:188} INFO - [2025-03-18T14:25:55.566+0000] {dag.py:3954} INFO - Setting next_dagrun for dataset_produces_2 to None, run_after=None
[2025-03-18T14:25:55.604+0000] {processor.py:183} INFO - Processing /home/airflow/.local/lib/python3.12/site-packages/airflow/example_dags/example_datasets.py took 0.160 seconds
[2025-03-18T14:26:25.663+0000] {processor.py:161} INFO - Started process (PID=2346) to work on /home/airflow/.local/lib/python3.12/site-packages/airflow/example_dags/example_datasets.py
[2025-03-18T14:26:25.664+0000] {processor.py:830} INFO - Processing file /home/airflow/.local/lib/python3.12/site-packages/airflow/example_dags/example_datasets.py for tasks to queue
[2025-03-18T14:26:25.666+0000] {logging_mixin.py:188} INFO - [2025-03-18T14:26:25.666+0000] {dagbag.py:545} INFO - Filling up the DagBag from /home/airflow/.local/lib/python3.12/site-packages/airflow/example_dags/example_datasets.py
[2025-03-18T14:26:25.679+0000] {processor.py:840} INFO - DAG(s) 'dataset_consumes_unknown_never_scheduled', 'consume_1_or_both_2_and_3_with_dataset_expressions', 'conditional_dataset_and_time_based_timetable', 'consume_1_or_2_with_dataset_expressions', 'dataset_consumes_1_and_2', 'dataset_produces_2', 'dataset_produces_1', 'dataset_consumes_1', 'dataset_consumes_1_never_scheduled', 'consume_1_and_2_with_dataset_expressions' retrieved from /home/airflow/.local/lib/python3.12/site-packages/airflow/example_dags/example_datasets.py
[2025-03-18T14:26:25.721+0000] {logging_mixin.py:188} INFO - [2025-03-18T14:26:25.721+0000] {dag.py:3096} INFO - Sync 10 DAGs
[2025-03-18T14:26:25.748+0000] {logging_mixin.py:188} INFO - [2025-03-18T14:26:25.747+0000] {dag.py:3954} INFO - Setting next_dagrun for conditional_dataset_and_time_based_timetable to 2025-03-12 01:00:00+00:00, run_after=2025-03-12 01:00:00+00:00
[2025-03-18T14:26:25.752+0000] {logging_mixin.py:188} INFO - [2025-03-18T14:26:25.751+0000] {dag.py:3954} INFO - Setting next_dagrun for consume_1_and_2_with_dataset_expressions to None, run_after=None
[2025-03-18T14:26:25.753+0000] {logging_mixin.py:188} INFO - [2025-03-18T14:26:25.753+0000] {dag.py:3954} INFO - Setting next_dagrun for consume_1_or_2_with_dataset_expressions to None, run_after=None
[2025-03-18T14:26:25.755+0000] {logging_mixin.py:188} INFO - [2025-03-18T14:26:25.754+0000] {dag.py:3954} INFO - Setting next_dagrun for consume_1_or_both_2_and_3_with_dataset_expressions to None, run_after=None
[2025-03-18T14:26:25.756+0000] {logging_mixin.py:188} INFO - [2025-03-18T14:26:25.756+0000] {dag.py:3954} INFO - Setting next_dagrun for dataset_consumes_1 to None, run_after=None
[2025-03-18T14:26:25.757+0000] {logging_mixin.py:188} INFO - [2025-03-18T14:26:25.757+0000] {dag.py:3954} INFO - Setting next_dagrun for dataset_consumes_1_and_2 to None, run_after=None
[2025-03-18T14:26:25.759+0000] {logging_mixin.py:188} INFO - [2025-03-18T14:26:25.759+0000] {dag.py:3954} INFO - Setting next_dagrun for dataset_consumes_1_never_scheduled to None, run_after=None
[2025-03-18T14:26:25.760+0000] {logging_mixin.py:188} INFO - [2025-03-18T14:26:25.760+0000] {dag.py:3954} INFO - Setting next_dagrun for dataset_consumes_unknown_never_scheduled to None, run_after=None
[2025-03-18T14:26:25.762+0000] {logging_mixin.py:188} INFO - [2025-03-18T14:26:25.762+0000] {dag.py:3954} INFO - Setting next_dagrun for dataset_produces_1 to 2025-03-17 00:00:00+00:00, run_after=2025-03-18 00:00:00+00:00
[2025-03-18T14:26:25.763+0000] {logging_mixin.py:188} INFO - [2025-03-18T14:26:25.763+0000] {dag.py:3954} INFO - Setting next_dagrun for dataset_produces_2 to None, run_after=None
[2025-03-18T14:26:25.793+0000] {processor.py:183} INFO - Processing /home/airflow/.local/lib/python3.12/site-packages/airflow/example_dags/example_datasets.py took 0.136 seconds
[2025-03-18T14:26:56.137+0000] {processor.py:161} INFO - Started process (PID=2659) to work on /home/airflow/.local/lib/python3.12/site-packages/airflow/example_dags/example_datasets.py
[2025-03-18T14:26:56.138+0000] {processor.py:830} INFO - Processing file /home/airflow/.local/lib/python3.12/site-packages/airflow/example_dags/example_datasets.py for tasks to queue
[2025-03-18T14:26:56.140+0000] {logging_mixin.py:188} INFO - [2025-03-18T14:26:56.140+0000] {dagbag.py:545} INFO - Filling up the DagBag from /home/airflow/.local/lib/python3.12/site-packages/airflow/example_dags/example_datasets.py
[2025-03-18T14:26:56.153+0000] {processor.py:840} INFO - DAG(s) 'dataset_produces_2', 'dataset_consumes_1_never_scheduled', 'dataset_consumes_1', 'consume_1_and_2_with_dataset_expressions', 'consume_1_or_2_with_dataset_expressions', 'consume_1_or_both_2_and_3_with_dataset_expressions', 'conditional_dataset_and_time_based_timetable', 'dataset_consumes_unknown_never_scheduled', 'dataset_consumes_1_and_2', 'dataset_produces_1' retrieved from /home/airflow/.local/lib/python3.12/site-packages/airflow/example_dags/example_datasets.py
[2025-03-18T14:26:56.203+0000] {logging_mixin.py:188} INFO - [2025-03-18T14:26:56.203+0000] {dag.py:3096} INFO - Sync 10 DAGs
[2025-03-18T14:26:56.227+0000] {logging_mixin.py:188} INFO - [2025-03-18T14:26:56.226+0000] {dag.py:3954} INFO - Setting next_dagrun for conditional_dataset_and_time_based_timetable to 2025-03-12 01:00:00+00:00, run_after=2025-03-12 01:00:00+00:00
[2025-03-18T14:26:56.231+0000] {logging_mixin.py:188} INFO - [2025-03-18T14:26:56.231+0000] {dag.py:3954} INFO - Setting next_dagrun for consume_1_and_2_with_dataset_expressions to None, run_after=None
[2025-03-18T14:26:56.233+0000] {logging_mixin.py:188} INFO - [2025-03-18T14:26:56.233+0000] {dag.py:3954} INFO - Setting next_dagrun for consume_1_or_2_with_dataset_expressions to None, run_after=None
[2025-03-18T14:26:56.235+0000] {logging_mixin.py:188} INFO - [2025-03-18T14:26:56.235+0000] {dag.py:3954} INFO - Setting next_dagrun for consume_1_or_both_2_and_3_with_dataset_expressions to None, run_after=None
[2025-03-18T14:26:56.237+0000] {logging_mixin.py:188} INFO - [2025-03-18T14:26:56.237+0000] {dag.py:3954} INFO - Setting next_dagrun for dataset_consumes_1 to None, run_after=None
[2025-03-18T14:26:56.239+0000] {logging_mixin.py:188} INFO - [2025-03-18T14:26:56.239+0000] {dag.py:3954} INFO - Setting next_dagrun for dataset_consumes_1_and_2 to None, run_after=None
[2025-03-18T14:26:56.240+0000] {logging_mixin.py:188} INFO - [2025-03-18T14:26:56.240+0000] {dag.py:3954} INFO - Setting next_dagrun for dataset_consumes_1_never_scheduled to None, run_after=None
[2025-03-18T14:26:56.242+0000] {logging_mixin.py:188} INFO - [2025-03-18T14:26:56.242+0000] {dag.py:3954} INFO - Setting next_dagrun for dataset_consumes_unknown_never_scheduled to None, run_after=None
[2025-03-18T14:26:56.245+0000] {logging_mixin.py:188} INFO - [2025-03-18T14:26:56.245+0000] {dag.py:3954} INFO - Setting next_dagrun for dataset_produces_1 to 2025-03-17 00:00:00+00:00, run_after=2025-03-18 00:00:00+00:00
[2025-03-18T14:26:56.246+0000] {logging_mixin.py:188} INFO - [2025-03-18T14:26:56.246+0000] {dag.py:3954} INFO - Setting next_dagrun for dataset_produces_2 to None, run_after=None
[2025-03-18T14:26:56.283+0000] {processor.py:183} INFO - Processing /home/airflow/.local/lib/python3.12/site-packages/airflow/example_dags/example_datasets.py took 0.151 seconds
