[2025-03-18T14:22:24.383+0000] {processor.py:161} INFO - Started process (PID=334) to work on /home/airflow/.local/lib/python3.12/site-packages/airflow/example_dags/example_python_operator.py
[2025-03-18T14:22:24.384+0000] {processor.py:830} INFO - Processing file /home/airflow/.local/lib/python3.12/site-packages/airflow/example_dags/example_python_operator.py for tasks to queue
[2025-03-18T14:22:24.385+0000] {logging_mixin.py:188} INFO - [2025-03-18T14:22:24.385+0000] {dagbag.py:545} INFO - Filling up the DagBag from /home/airflow/.local/lib/python3.12/site-packages/airflow/example_dags/example_python_operator.py
[2025-03-18T14:22:24.406+0000] {processor.py:840} INFO - DAG(s) 'example_python_operator' retrieved from /home/airflow/.local/lib/python3.12/site-packages/airflow/example_dags/example_python_operator.py
[2025-03-18T14:22:24.497+0000] {logging_mixin.py:188} INFO - [2025-03-18T14:22:24.497+0000] {dag.py:3096} INFO - Sync 1 DAGs
[2025-03-18T14:22:24.507+0000] {logging_mixin.py:188} INFO - [2025-03-18T14:22:24.506+0000] {dag.py:3954} INFO - Setting next_dagrun for example_python_operator to None, run_after=None
[2025-03-18T14:22:24.528+0000] {processor.py:183} INFO - Processing /home/airflow/.local/lib/python3.12/site-packages/airflow/example_dags/example_python_operator.py took 0.150 seconds
[2025-03-18T14:22:54.641+0000] {processor.py:161} INFO - Started process (PID=598) to work on /home/airflow/.local/lib/python3.12/site-packages/airflow/example_dags/example_python_operator.py
[2025-03-18T14:22:54.642+0000] {processor.py:830} INFO - Processing file /home/airflow/.local/lib/python3.12/site-packages/airflow/example_dags/example_python_operator.py for tasks to queue
[2025-03-18T14:22:54.644+0000] {logging_mixin.py:188} INFO - [2025-03-18T14:22:54.644+0000] {dagbag.py:545} INFO - Filling up the DagBag from /home/airflow/.local/lib/python3.12/site-packages/airflow/example_dags/example_python_operator.py
[2025-03-18T14:22:54.654+0000] {processor.py:840} INFO - DAG(s) 'example_python_operator' retrieved from /home/airflow/.local/lib/python3.12/site-packages/airflow/example_dags/example_python_operator.py
[2025-03-18T14:22:54.674+0000] {logging_mixin.py:188} INFO - [2025-03-18T14:22:54.674+0000] {dag.py:3096} INFO - Sync 1 DAGs
[2025-03-18T14:22:54.685+0000] {logging_mixin.py:188} INFO - [2025-03-18T14:22:54.684+0000] {dag.py:3954} INFO - Setting next_dagrun for example_python_operator to None, run_after=None
[2025-03-18T14:22:54.717+0000] {processor.py:183} INFO - Processing /home/airflow/.local/lib/python3.12/site-packages/airflow/example_dags/example_python_operator.py took 0.081 seconds
[2025-03-18T14:23:25.092+0000] {processor.py:161} INFO - Started process (PID=860) to work on /home/airflow/.local/lib/python3.12/site-packages/airflow/example_dags/example_python_operator.py
[2025-03-18T14:23:25.093+0000] {processor.py:830} INFO - Processing file /home/airflow/.local/lib/python3.12/site-packages/airflow/example_dags/example_python_operator.py for tasks to queue
[2025-03-18T14:23:25.095+0000] {logging_mixin.py:188} INFO - [2025-03-18T14:23:25.095+0000] {dagbag.py:545} INFO - Filling up the DagBag from /home/airflow/.local/lib/python3.12/site-packages/airflow/example_dags/example_python_operator.py
[2025-03-18T14:23:25.106+0000] {processor.py:840} INFO - DAG(s) 'example_python_operator' retrieved from /home/airflow/.local/lib/python3.12/site-packages/airflow/example_dags/example_python_operator.py
[2025-03-18T14:23:25.127+0000] {logging_mixin.py:188} INFO - [2025-03-18T14:23:25.126+0000] {dag.py:3096} INFO - Sync 1 DAGs
[2025-03-18T14:23:25.138+0000] {logging_mixin.py:188} INFO - [2025-03-18T14:23:25.138+0000] {dag.py:3954} INFO - Setting next_dagrun for example_python_operator to None, run_after=None
[2025-03-18T14:23:25.170+0000] {processor.py:183} INFO - Processing /home/airflow/.local/lib/python3.12/site-packages/airflow/example_dags/example_python_operator.py took 0.082 seconds
[2025-03-18T14:23:55.582+0000] {processor.py:161} INFO - Started process (PID=1128) to work on /home/airflow/.local/lib/python3.12/site-packages/airflow/example_dags/example_python_operator.py
[2025-03-18T14:23:55.583+0000] {processor.py:830} INFO - Processing file /home/airflow/.local/lib/python3.12/site-packages/airflow/example_dags/example_python_operator.py for tasks to queue
[2025-03-18T14:23:55.584+0000] {logging_mixin.py:188} INFO - [2025-03-18T14:23:55.584+0000] {dagbag.py:545} INFO - Filling up the DagBag from /home/airflow/.local/lib/python3.12/site-packages/airflow/example_dags/example_python_operator.py
[2025-03-18T14:23:55.593+0000] {processor.py:840} INFO - DAG(s) 'example_python_operator' retrieved from /home/airflow/.local/lib/python3.12/site-packages/airflow/example_dags/example_python_operator.py
[2025-03-18T14:23:55.613+0000] {logging_mixin.py:188} INFO - [2025-03-18T14:23:55.613+0000] {dag.py:3096} INFO - Sync 1 DAGs
[2025-03-18T14:23:55.626+0000] {logging_mixin.py:188} INFO - [2025-03-18T14:23:55.625+0000] {dag.py:3954} INFO - Setting next_dagrun for example_python_operator to None, run_after=None
[2025-03-18T14:23:55.651+0000] {processor.py:183} INFO - Processing /home/airflow/.local/lib/python3.12/site-packages/airflow/example_dags/example_python_operator.py took 0.074 seconds
[2025-03-18T14:24:25.906+0000] {processor.py:161} INFO - Started process (PID=1390) to work on /home/airflow/.local/lib/python3.12/site-packages/airflow/example_dags/example_python_operator.py
[2025-03-18T14:24:25.907+0000] {processor.py:830} INFO - Processing file /home/airflow/.local/lib/python3.12/site-packages/airflow/example_dags/example_python_operator.py for tasks to queue
[2025-03-18T14:24:25.909+0000] {logging_mixin.py:188} INFO - [2025-03-18T14:24:25.908+0000] {dagbag.py:545} INFO - Filling up the DagBag from /home/airflow/.local/lib/python3.12/site-packages/airflow/example_dags/example_python_operator.py
[2025-03-18T14:24:25.917+0000] {processor.py:840} INFO - DAG(s) 'example_python_operator' retrieved from /home/airflow/.local/lib/python3.12/site-packages/airflow/example_dags/example_python_operator.py
[2025-03-18T14:24:25.937+0000] {logging_mixin.py:188} INFO - [2025-03-18T14:24:25.936+0000] {dag.py:3096} INFO - Sync 1 DAGs
[2025-03-18T14:24:25.948+0000] {logging_mixin.py:188} INFO - [2025-03-18T14:24:25.948+0000] {dag.py:3954} INFO - Setting next_dagrun for example_python_operator to None, run_after=None
[2025-03-18T14:24:25.973+0000] {processor.py:183} INFO - Processing /home/airflow/.local/lib/python3.12/site-packages/airflow/example_dags/example_python_operator.py took 0.073 seconds
[2025-03-18T14:24:56.104+0000] {processor.py:161} INFO - Started process (PID=1650) to work on /home/airflow/.local/lib/python3.12/site-packages/airflow/example_dags/example_python_operator.py
[2025-03-18T14:24:56.105+0000] {processor.py:830} INFO - Processing file /home/airflow/.local/lib/python3.12/site-packages/airflow/example_dags/example_python_operator.py for tasks to queue
[2025-03-18T14:24:56.107+0000] {logging_mixin.py:188} INFO - [2025-03-18T14:24:56.107+0000] {dagbag.py:545} INFO - Filling up the DagBag from /home/airflow/.local/lib/python3.12/site-packages/airflow/example_dags/example_python_operator.py
[2025-03-18T14:24:56.121+0000] {processor.py:840} INFO - DAG(s) 'example_python_operator' retrieved from /home/airflow/.local/lib/python3.12/site-packages/airflow/example_dags/example_python_operator.py
[2025-03-18T14:24:56.144+0000] {logging_mixin.py:188} INFO - [2025-03-18T14:24:56.144+0000] {dag.py:3096} INFO - Sync 1 DAGs
[2025-03-18T14:24:56.158+0000] {logging_mixin.py:188} INFO - [2025-03-18T14:24:56.158+0000] {dag.py:3954} INFO - Setting next_dagrun for example_python_operator to None, run_after=None
[2025-03-18T14:24:56.179+0000] {processor.py:183} INFO - Processing /home/airflow/.local/lib/python3.12/site-packages/airflow/example_dags/example_python_operator.py took 0.082 seconds
[2025-03-18T14:25:26.683+0000] {processor.py:161} INFO - Started process (PID=1914) to work on /home/airflow/.local/lib/python3.12/site-packages/airflow/example_dags/example_python_operator.py
[2025-03-18T14:25:26.684+0000] {processor.py:830} INFO - Processing file /home/airflow/.local/lib/python3.12/site-packages/airflow/example_dags/example_python_operator.py for tasks to queue
[2025-03-18T14:25:26.686+0000] {logging_mixin.py:188} INFO - [2025-03-18T14:25:26.686+0000] {dagbag.py:545} INFO - Filling up the DagBag from /home/airflow/.local/lib/python3.12/site-packages/airflow/example_dags/example_python_operator.py
[2025-03-18T14:25:26.695+0000] {processor.py:840} INFO - DAG(s) 'example_python_operator' retrieved from /home/airflow/.local/lib/python3.12/site-packages/airflow/example_dags/example_python_operator.py
[2025-03-18T14:25:26.717+0000] {logging_mixin.py:188} INFO - [2025-03-18T14:25:26.716+0000] {dag.py:3096} INFO - Sync 1 DAGs
[2025-03-18T14:25:26.728+0000] {logging_mixin.py:188} INFO - [2025-03-18T14:25:26.728+0000] {dag.py:3954} INFO - Setting next_dagrun for example_python_operator to None, run_after=None
[2025-03-18T14:25:26.753+0000] {processor.py:183} INFO - Processing /home/airflow/.local/lib/python3.12/site-packages/airflow/example_dags/example_python_operator.py took 0.075 seconds
[2025-03-18T14:25:56.867+0000] {processor.py:161} INFO - Started process (PID=2176) to work on /home/airflow/.local/lib/python3.12/site-packages/airflow/example_dags/example_python_operator.py
[2025-03-18T14:25:56.868+0000] {processor.py:830} INFO - Processing file /home/airflow/.local/lib/python3.12/site-packages/airflow/example_dags/example_python_operator.py for tasks to queue
[2025-03-18T14:25:56.870+0000] {logging_mixin.py:188} INFO - [2025-03-18T14:25:56.869+0000] {dagbag.py:545} INFO - Filling up the DagBag from /home/airflow/.local/lib/python3.12/site-packages/airflow/example_dags/example_python_operator.py
[2025-03-18T14:25:56.882+0000] {processor.py:840} INFO - DAG(s) 'example_python_operator' retrieved from /home/airflow/.local/lib/python3.12/site-packages/airflow/example_dags/example_python_operator.py
[2025-03-18T14:25:56.903+0000] {logging_mixin.py:188} INFO - [2025-03-18T14:25:56.903+0000] {dag.py:3096} INFO - Sync 1 DAGs
[2025-03-18T14:25:56.915+0000] {logging_mixin.py:188} INFO - [2025-03-18T14:25:56.914+0000] {dag.py:3954} INFO - Setting next_dagrun for example_python_operator to None, run_after=None
[2025-03-18T14:25:56.937+0000] {processor.py:183} INFO - Processing /home/airflow/.local/lib/python3.12/site-packages/airflow/example_dags/example_python_operator.py took 0.075 seconds
[2025-03-18T14:26:27.111+0000] {processor.py:161} INFO - Started process (PID=2438) to work on /home/airflow/.local/lib/python3.12/site-packages/airflow/example_dags/example_python_operator.py
[2025-03-18T14:26:27.112+0000] {processor.py:830} INFO - Processing file /home/airflow/.local/lib/python3.12/site-packages/airflow/example_dags/example_python_operator.py for tasks to queue
[2025-03-18T14:26:27.114+0000] {logging_mixin.py:188} INFO - [2025-03-18T14:26:27.114+0000] {dagbag.py:545} INFO - Filling up the DagBag from /home/airflow/.local/lib/python3.12/site-packages/airflow/example_dags/example_python_operator.py
[2025-03-18T14:26:27.123+0000] {processor.py:840} INFO - DAG(s) 'example_python_operator' retrieved from /home/airflow/.local/lib/python3.12/site-packages/airflow/example_dags/example_python_operator.py
[2025-03-18T14:26:27.142+0000] {logging_mixin.py:188} INFO - [2025-03-18T14:26:27.141+0000] {dag.py:3096} INFO - Sync 1 DAGs
[2025-03-18T14:26:27.153+0000] {logging_mixin.py:188} INFO - [2025-03-18T14:26:27.152+0000] {dag.py:3954} INFO - Setting next_dagrun for example_python_operator to None, run_after=None
[2025-03-18T14:26:27.171+0000] {processor.py:183} INFO - Processing /home/airflow/.local/lib/python3.12/site-packages/airflow/example_dags/example_python_operator.py took 0.065 seconds
