[2025-03-18T14:22:23.990+0000] {processor.py:161} INFO - Started process (PID=309) to work on /home/airflow/.local/lib/python3.12/site-packages/airflow/example_dags/tutorial.py
[2025-03-18T14:22:23.991+0000] {processor.py:830} INFO - Processing file /home/airflow/.local/lib/python3.12/site-packages/airflow/example_dags/tutorial.py for tasks to queue
[2025-03-18T14:22:23.993+0000] {logging_mixin.py:188} INFO - [2025-03-18T14:22:23.993+0000] {dagbag.py:545} INFO - Filling up the DagBag from /home/airflow/.local/lib/python3.12/site-packages/airflow/example_dags/tutorial.py
[2025-03-18T14:22:23.999+0000] {processor.py:840} INFO - DAG(s) 'tutorial' retrieved from /home/airflow/.local/lib/python3.12/site-packages/airflow/example_dags/tutorial.py
[2025-03-18T14:22:24.018+0000] {logging_mixin.py:188} INFO - [2025-03-18T14:22:24.018+0000] {dag.py:3096} INFO - Sync 1 DAGs
[2025-03-18T14:22:24.041+0000] {logging_mixin.py:188} INFO - [2025-03-18T14:22:24.041+0000] {dag.py:3954} INFO - Setting next_dagrun for tutorial to 2025-03-17 00:00:00+00:00, run_after=2025-03-18 00:00:00+00:00
[2025-03-18T14:22:24.067+0000] {processor.py:183} INFO - Processing /home/airflow/.local/lib/python3.12/site-packages/airflow/example_dags/tutorial.py took 0.084 seconds
[2025-03-18T14:22:54.341+0000] {processor.py:161} INFO - Started process (PID=571) to work on /home/airflow/.local/lib/python3.12/site-packages/airflow/example_dags/tutorial.py
[2025-03-18T14:22:54.342+0000] {processor.py:830} INFO - Processing file /home/airflow/.local/lib/python3.12/site-packages/airflow/example_dags/tutorial.py for tasks to queue
[2025-03-18T14:22:54.344+0000] {logging_mixin.py:188} INFO - [2025-03-18T14:22:54.344+0000] {dagbag.py:545} INFO - Filling up the DagBag from /home/airflow/.local/lib/python3.12/site-packages/airflow/example_dags/tutorial.py
[2025-03-18T14:22:54.349+0000] {processor.py:840} INFO - DAG(s) 'tutorial' retrieved from /home/airflow/.local/lib/python3.12/site-packages/airflow/example_dags/tutorial.py
[2025-03-18T14:22:54.368+0000] {logging_mixin.py:188} INFO - [2025-03-18T14:22:54.367+0000] {dag.py:3096} INFO - Sync 1 DAGs
[2025-03-18T14:22:54.387+0000] {logging_mixin.py:188} INFO - [2025-03-18T14:22:54.387+0000] {dag.py:3954} INFO - Setting next_dagrun for tutorial to 2025-03-17 00:00:00+00:00, run_after=2025-03-18 00:00:00+00:00
[2025-03-18T14:22:54.414+0000] {processor.py:183} INFO - Processing /home/airflow/.local/lib/python3.12/site-packages/airflow/example_dags/tutorial.py took 0.077 seconds
[2025-03-18T14:23:24.742+0000] {processor.py:161} INFO - Started process (PID=833) to work on /home/airflow/.local/lib/python3.12/site-packages/airflow/example_dags/tutorial.py
[2025-03-18T14:23:24.743+0000] {processor.py:830} INFO - Processing file /home/airflow/.local/lib/python3.12/site-packages/airflow/example_dags/tutorial.py for tasks to queue
[2025-03-18T14:23:24.746+0000] {logging_mixin.py:188} INFO - [2025-03-18T14:23:24.745+0000] {dagbag.py:545} INFO - Filling up the DagBag from /home/airflow/.local/lib/python3.12/site-packages/airflow/example_dags/tutorial.py
[2025-03-18T14:23:24.752+0000] {processor.py:840} INFO - DAG(s) 'tutorial' retrieved from /home/airflow/.local/lib/python3.12/site-packages/airflow/example_dags/tutorial.py
[2025-03-18T14:23:24.778+0000] {logging_mixin.py:188} INFO - [2025-03-18T14:23:24.777+0000] {dag.py:3096} INFO - Sync 1 DAGs
[2025-03-18T14:23:24.805+0000] {logging_mixin.py:188} INFO - [2025-03-18T14:23:24.805+0000] {dag.py:3954} INFO - Setting next_dagrun for tutorial to 2025-03-17 00:00:00+00:00, run_after=2025-03-18 00:00:00+00:00
[2025-03-18T14:23:24.831+0000] {processor.py:183} INFO - Processing /home/airflow/.local/lib/python3.12/site-packages/airflow/example_dags/tutorial.py took 0.095 seconds
[2025-03-18T14:23:55.284+0000] {processor.py:161} INFO - Started process (PID=1095) to work on /home/airflow/.local/lib/python3.12/site-packages/airflow/example_dags/tutorial.py
[2025-03-18T14:23:55.284+0000] {processor.py:830} INFO - Processing file /home/airflow/.local/lib/python3.12/site-packages/airflow/example_dags/tutorial.py for tasks to queue
[2025-03-18T14:23:55.286+0000] {logging_mixin.py:188} INFO - [2025-03-18T14:23:55.286+0000] {dagbag.py:545} INFO - Filling up the DagBag from /home/airflow/.local/lib/python3.12/site-packages/airflow/example_dags/tutorial.py
[2025-03-18T14:23:55.292+0000] {processor.py:840} INFO - DAG(s) 'tutorial' retrieved from /home/airflow/.local/lib/python3.12/site-packages/airflow/example_dags/tutorial.py
[2025-03-18T14:23:55.313+0000] {logging_mixin.py:188} INFO - [2025-03-18T14:23:55.312+0000] {dag.py:3096} INFO - Sync 1 DAGs
[2025-03-18T14:23:55.333+0000] {logging_mixin.py:188} INFO - [2025-03-18T14:23:55.333+0000] {dag.py:3954} INFO - Setting next_dagrun for tutorial to 2025-03-17 00:00:00+00:00, run_after=2025-03-18 00:00:00+00:00
[2025-03-18T14:23:55.353+0000] {processor.py:183} INFO - Processing /home/airflow/.local/lib/python3.12/site-packages/airflow/example_dags/tutorial.py took 0.074 seconds
[2025-03-18T14:24:25.590+0000] {processor.py:161} INFO - Started process (PID=1363) to work on /home/airflow/.local/lib/python3.12/site-packages/airflow/example_dags/tutorial.py
[2025-03-18T14:24:25.591+0000] {processor.py:830} INFO - Processing file /home/airflow/.local/lib/python3.12/site-packages/airflow/example_dags/tutorial.py for tasks to queue
[2025-03-18T14:24:25.594+0000] {logging_mixin.py:188} INFO - [2025-03-18T14:24:25.593+0000] {dagbag.py:545} INFO - Filling up the DagBag from /home/airflow/.local/lib/python3.12/site-packages/airflow/example_dags/tutorial.py
[2025-03-18T14:24:25.598+0000] {processor.py:840} INFO - DAG(s) 'tutorial' retrieved from /home/airflow/.local/lib/python3.12/site-packages/airflow/example_dags/tutorial.py
[2025-03-18T14:24:25.617+0000] {logging_mixin.py:188} INFO - [2025-03-18T14:24:25.617+0000] {dag.py:3096} INFO - Sync 1 DAGs
[2025-03-18T14:24:25.636+0000] {logging_mixin.py:188} INFO - [2025-03-18T14:24:25.635+0000] {dag.py:3954} INFO - Setting next_dagrun for tutorial to 2025-03-17 00:00:00+00:00, run_after=2025-03-18 00:00:00+00:00
[2025-03-18T14:24:25.663+0000] {processor.py:183} INFO - Processing /home/airflow/.local/lib/python3.12/site-packages/airflow/example_dags/tutorial.py took 0.078 seconds
[2025-03-18T14:24:55.882+0000] {processor.py:161} INFO - Started process (PID=1625) to work on /home/airflow/.local/lib/python3.12/site-packages/airflow/example_dags/tutorial.py
[2025-03-18T14:24:55.883+0000] {processor.py:830} INFO - Processing file /home/airflow/.local/lib/python3.12/site-packages/airflow/example_dags/tutorial.py for tasks to queue
[2025-03-18T14:24:55.885+0000] {logging_mixin.py:188} INFO - [2025-03-18T14:24:55.884+0000] {dagbag.py:545} INFO - Filling up the DagBag from /home/airflow/.local/lib/python3.12/site-packages/airflow/example_dags/tutorial.py
[2025-03-18T14:24:55.890+0000] {processor.py:840} INFO - DAG(s) 'tutorial' retrieved from /home/airflow/.local/lib/python3.12/site-packages/airflow/example_dags/tutorial.py
[2025-03-18T14:24:55.909+0000] {logging_mixin.py:188} INFO - [2025-03-18T14:24:55.908+0000] {dag.py:3096} INFO - Sync 1 DAGs
[2025-03-18T14:24:55.933+0000] {logging_mixin.py:188} INFO - [2025-03-18T14:24:55.933+0000] {dag.py:3954} INFO - Setting next_dagrun for tutorial to 2025-03-17 00:00:00+00:00, run_after=2025-03-18 00:00:00+00:00
[2025-03-18T14:24:55.956+0000] {processor.py:183} INFO - Processing /home/airflow/.local/lib/python3.12/site-packages/airflow/example_dags/tutorial.py took 0.079 seconds
[2025-03-18T14:25:26.379+0000] {processor.py:161} INFO - Started process (PID=1889) to work on /home/airflow/.local/lib/python3.12/site-packages/airflow/example_dags/tutorial.py
[2025-03-18T14:25:26.380+0000] {processor.py:830} INFO - Processing file /home/airflow/.local/lib/python3.12/site-packages/airflow/example_dags/tutorial.py for tasks to queue
[2025-03-18T14:25:26.382+0000] {logging_mixin.py:188} INFO - [2025-03-18T14:25:26.382+0000] {dagbag.py:545} INFO - Filling up the DagBag from /home/airflow/.local/lib/python3.12/site-packages/airflow/example_dags/tutorial.py
[2025-03-18T14:25:26.387+0000] {processor.py:840} INFO - DAG(s) 'tutorial' retrieved from /home/airflow/.local/lib/python3.12/site-packages/airflow/example_dags/tutorial.py
[2025-03-18T14:25:26.406+0000] {logging_mixin.py:188} INFO - [2025-03-18T14:25:26.406+0000] {dag.py:3096} INFO - Sync 1 DAGs
[2025-03-18T14:25:26.425+0000] {logging_mixin.py:188} INFO - [2025-03-18T14:25:26.425+0000] {dag.py:3954} INFO - Setting next_dagrun for tutorial to 2025-03-17 00:00:00+00:00, run_after=2025-03-18 00:00:00+00:00
[2025-03-18T14:25:26.451+0000] {processor.py:183} INFO - Processing /home/airflow/.local/lib/python3.12/site-packages/airflow/example_dags/tutorial.py took 0.077 seconds
[2025-03-18T14:25:56.533+0000] {processor.py:161} INFO - Started process (PID=2149) to work on /home/airflow/.local/lib/python3.12/site-packages/airflow/example_dags/tutorial.py
[2025-03-18T14:25:56.534+0000] {processor.py:830} INFO - Processing file /home/airflow/.local/lib/python3.12/site-packages/airflow/example_dags/tutorial.py for tasks to queue
[2025-03-18T14:25:56.536+0000] {logging_mixin.py:188} INFO - [2025-03-18T14:25:56.535+0000] {dagbag.py:545} INFO - Filling up the DagBag from /home/airflow/.local/lib/python3.12/site-packages/airflow/example_dags/tutorial.py
[2025-03-18T14:25:56.542+0000] {processor.py:840} INFO - DAG(s) 'tutorial' retrieved from /home/airflow/.local/lib/python3.12/site-packages/airflow/example_dags/tutorial.py
[2025-03-18T14:25:56.562+0000] {logging_mixin.py:188} INFO - [2025-03-18T14:25:56.562+0000] {dag.py:3096} INFO - Sync 1 DAGs
[2025-03-18T14:25:56.585+0000] {logging_mixin.py:188} INFO - [2025-03-18T14:25:56.585+0000] {dag.py:3954} INFO - Setting next_dagrun for tutorial to 2025-03-17 00:00:00+00:00, run_after=2025-03-18 00:00:00+00:00
[2025-03-18T14:25:56.606+0000] {processor.py:183} INFO - Processing /home/airflow/.local/lib/python3.12/site-packages/airflow/example_dags/tutorial.py took 0.080 seconds
[2025-03-18T14:26:26.790+0000] {processor.py:161} INFO - Started process (PID=2411) to work on /home/airflow/.local/lib/python3.12/site-packages/airflow/example_dags/tutorial.py
[2025-03-18T14:26:26.791+0000] {processor.py:830} INFO - Processing file /home/airflow/.local/lib/python3.12/site-packages/airflow/example_dags/tutorial.py for tasks to queue
[2025-03-18T14:26:26.794+0000] {logging_mixin.py:188} INFO - [2025-03-18T14:26:26.794+0000] {dagbag.py:545} INFO - Filling up the DagBag from /home/airflow/.local/lib/python3.12/site-packages/airflow/example_dags/tutorial.py
[2025-03-18T14:26:26.800+0000] {processor.py:840} INFO - DAG(s) 'tutorial' retrieved from /home/airflow/.local/lib/python3.12/site-packages/airflow/example_dags/tutorial.py
[2025-03-18T14:26:26.821+0000] {logging_mixin.py:188} INFO - [2025-03-18T14:26:26.821+0000] {dag.py:3096} INFO - Sync 1 DAGs
[2025-03-18T14:26:26.841+0000] {logging_mixin.py:188} INFO - [2025-03-18T14:26:26.841+0000] {dag.py:3954} INFO - Setting next_dagrun for tutorial to 2025-03-17 00:00:00+00:00, run_after=2025-03-18 00:00:00+00:00
[2025-03-18T14:26:26.863+0000] {processor.py:183} INFO - Processing /home/airflow/.local/lib/python3.12/site-packages/airflow/example_dags/tutorial.py took 0.079 seconds
