[2025-03-18T14:22:24.487+0000] {processor.py:161} INFO - Started process (PID=339) to work on /home/airflow/.local/lib/python3.12/site-packages/airflow/example_dags/tutorial_dag.py
[2025-03-18T14:22:24.488+0000] {processor.py:830} INFO - Processing file /home/airflow/.local/lib/python3.12/site-packages/airflow/example_dags/tutorial_dag.py for tasks to queue
[2025-03-18T14:22:24.490+0000] {logging_mixin.py:188} INFO - [2025-03-18T14:22:24.489+0000] {dagbag.py:545} INFO - Filling up the DagBag from /home/airflow/.local/lib/python3.12/site-packages/airflow/example_dags/tutorial_dag.py
[2025-03-18T14:22:24.495+0000] {processor.py:840} INFO - DAG(s) 'tutorial_dag' retrieved from /home/airflow/.local/lib/python3.12/site-packages/airflow/example_dags/tutorial_dag.py
[2025-03-18T14:22:24.522+0000] {logging_mixin.py:188} INFO - [2025-03-18T14:22:24.522+0000] {dag.py:3096} INFO - Sync 1 DAGs
[2025-03-18T14:22:24.534+0000] {logging_mixin.py:188} INFO - [2025-03-18T14:22:24.534+0000] {dag.py:3954} INFO - Setting next_dagrun for tutorial_dag to None, run_after=None
[2025-03-18T14:22:24.554+0000] {processor.py:183} INFO - Processing /home/airflow/.local/lib/python3.12/site-packages/airflow/example_dags/tutorial_dag.py took 0.072 seconds
[2025-03-18T14:22:54.752+0000] {processor.py:161} INFO - Started process (PID=603) to work on /home/airflow/.local/lib/python3.12/site-packages/airflow/example_dags/tutorial_dag.py
[2025-03-18T14:22:54.754+0000] {processor.py:830} INFO - Processing file /home/airflow/.local/lib/python3.12/site-packages/airflow/example_dags/tutorial_dag.py for tasks to queue
[2025-03-18T14:22:54.755+0000] {logging_mixin.py:188} INFO - [2025-03-18T14:22:54.755+0000] {dagbag.py:545} INFO - Filling up the DagBag from /home/airflow/.local/lib/python3.12/site-packages/airflow/example_dags/tutorial_dag.py
[2025-03-18T14:22:54.760+0000] {processor.py:840} INFO - DAG(s) 'tutorial_dag' retrieved from /home/airflow/.local/lib/python3.12/site-packages/airflow/example_dags/tutorial_dag.py
[2025-03-18T14:22:54.778+0000] {logging_mixin.py:188} INFO - [2025-03-18T14:22:54.778+0000] {dag.py:3096} INFO - Sync 1 DAGs
[2025-03-18T14:22:54.789+0000] {logging_mixin.py:188} INFO - [2025-03-18T14:22:54.789+0000] {dag.py:3954} INFO - Setting next_dagrun for tutorial_dag to None, run_after=None
[2025-03-18T14:22:54.809+0000] {processor.py:183} INFO - Processing /home/airflow/.local/lib/python3.12/site-packages/airflow/example_dags/tutorial_dag.py took 0.062 seconds
[2025-03-18T14:23:25.099+0000] {processor.py:161} INFO - Started process (PID=863) to work on /home/airflow/.local/lib/python3.12/site-packages/airflow/example_dags/tutorial_dag.py
[2025-03-18T14:23:25.101+0000] {processor.py:830} INFO - Processing file /home/airflow/.local/lib/python3.12/site-packages/airflow/example_dags/tutorial_dag.py for tasks to queue
[2025-03-18T14:23:25.103+0000] {logging_mixin.py:188} INFO - [2025-03-18T14:23:25.103+0000] {dagbag.py:545} INFO - Filling up the DagBag from /home/airflow/.local/lib/python3.12/site-packages/airflow/example_dags/tutorial_dag.py
[2025-03-18T14:23:25.108+0000] {processor.py:840} INFO - DAG(s) 'tutorial_dag' retrieved from /home/airflow/.local/lib/python3.12/site-packages/airflow/example_dags/tutorial_dag.py
[2025-03-18T14:23:25.127+0000] {logging_mixin.py:188} INFO - [2025-03-18T14:23:25.126+0000] {dag.py:3096} INFO - Sync 1 DAGs
[2025-03-18T14:23:25.138+0000] {logging_mixin.py:188} INFO - [2025-03-18T14:23:25.138+0000] {dag.py:3954} INFO - Setting next_dagrun for tutorial_dag to None, run_after=None
[2025-03-18T14:23:25.172+0000] {processor.py:183} INFO - Processing /home/airflow/.local/lib/python3.12/site-packages/airflow/example_dags/tutorial_dag.py took 0.078 seconds
[2025-03-18T14:23:55.582+0000] {processor.py:161} INFO - Started process (PID=1131) to work on /home/airflow/.local/lib/python3.12/site-packages/airflow/example_dags/tutorial_dag.py
[2025-03-18T14:23:55.583+0000] {processor.py:830} INFO - Processing file /home/airflow/.local/lib/python3.12/site-packages/airflow/example_dags/tutorial_dag.py for tasks to queue
[2025-03-18T14:23:55.584+0000] {logging_mixin.py:188} INFO - [2025-03-18T14:23:55.584+0000] {dagbag.py:545} INFO - Filling up the DagBag from /home/airflow/.local/lib/python3.12/site-packages/airflow/example_dags/tutorial_dag.py
[2025-03-18T14:23:55.588+0000] {processor.py:840} INFO - DAG(s) 'tutorial_dag' retrieved from /home/airflow/.local/lib/python3.12/site-packages/airflow/example_dags/tutorial_dag.py
[2025-03-18T14:23:55.608+0000] {logging_mixin.py:188} INFO - [2025-03-18T14:23:55.608+0000] {dag.py:3096} INFO - Sync 1 DAGs
[2025-03-18T14:23:55.620+0000] {logging_mixin.py:188} INFO - [2025-03-18T14:23:55.619+0000] {dag.py:3954} INFO - Setting next_dagrun for tutorial_dag to None, run_after=None
[2025-03-18T14:23:55.642+0000] {processor.py:183} INFO - Processing /home/airflow/.local/lib/python3.12/site-packages/airflow/example_dags/tutorial_dag.py took 0.065 seconds
[2025-03-18T14:24:26.007+0000] {processor.py:161} INFO - Started process (PID=1395) to work on /home/airflow/.local/lib/python3.12/site-packages/airflow/example_dags/tutorial_dag.py
[2025-03-18T14:24:26.008+0000] {processor.py:830} INFO - Processing file /home/airflow/.local/lib/python3.12/site-packages/airflow/example_dags/tutorial_dag.py for tasks to queue
[2025-03-18T14:24:26.009+0000] {logging_mixin.py:188} INFO - [2025-03-18T14:24:26.009+0000] {dagbag.py:545} INFO - Filling up the DagBag from /home/airflow/.local/lib/python3.12/site-packages/airflow/example_dags/tutorial_dag.py
[2025-03-18T14:24:26.013+0000] {processor.py:840} INFO - DAG(s) 'tutorial_dag' retrieved from /home/airflow/.local/lib/python3.12/site-packages/airflow/example_dags/tutorial_dag.py
[2025-03-18T14:24:26.032+0000] {logging_mixin.py:188} INFO - [2025-03-18T14:24:26.032+0000] {dag.py:3096} INFO - Sync 1 DAGs
[2025-03-18T14:24:26.043+0000] {logging_mixin.py:188} INFO - [2025-03-18T14:24:26.042+0000] {dag.py:3954} INFO - Setting next_dagrun for tutorial_dag to None, run_after=None
[2025-03-18T14:24:26.061+0000] {processor.py:183} INFO - Processing /home/airflow/.local/lib/python3.12/site-packages/airflow/example_dags/tutorial_dag.py took 0.059 seconds
[2025-03-18T14:24:56.206+0000] {processor.py:161} INFO - Started process (PID=1657) to work on /home/airflow/.local/lib/python3.12/site-packages/airflow/example_dags/tutorial_dag.py
[2025-03-18T14:24:56.207+0000] {processor.py:830} INFO - Processing file /home/airflow/.local/lib/python3.12/site-packages/airflow/example_dags/tutorial_dag.py for tasks to queue
[2025-03-18T14:24:56.209+0000] {logging_mixin.py:188} INFO - [2025-03-18T14:24:56.209+0000] {dagbag.py:545} INFO - Filling up the DagBag from /home/airflow/.local/lib/python3.12/site-packages/airflow/example_dags/tutorial_dag.py
[2025-03-18T14:24:56.215+0000] {processor.py:840} INFO - DAG(s) 'tutorial_dag' retrieved from /home/airflow/.local/lib/python3.12/site-packages/airflow/example_dags/tutorial_dag.py
[2025-03-18T14:24:56.232+0000] {logging_mixin.py:188} INFO - [2025-03-18T14:24:56.232+0000] {dag.py:3096} INFO - Sync 1 DAGs
[2025-03-18T14:24:56.244+0000] {logging_mixin.py:188} INFO - [2025-03-18T14:24:56.244+0000] {dag.py:3954} INFO - Setting next_dagrun for tutorial_dag to None, run_after=None
[2025-03-18T14:24:56.272+0000] {processor.py:183} INFO - Processing /home/airflow/.local/lib/python3.12/site-packages/airflow/example_dags/tutorial_dag.py took 0.071 seconds
[2025-03-18T14:25:26.788+0000] {processor.py:161} INFO - Started process (PID=1919) to work on /home/airflow/.local/lib/python3.12/site-packages/airflow/example_dags/tutorial_dag.py
[2025-03-18T14:25:26.789+0000] {processor.py:830} INFO - Processing file /home/airflow/.local/lib/python3.12/site-packages/airflow/example_dags/tutorial_dag.py for tasks to queue
[2025-03-18T14:25:26.791+0000] {logging_mixin.py:188} INFO - [2025-03-18T14:25:26.791+0000] {dagbag.py:545} INFO - Filling up the DagBag from /home/airflow/.local/lib/python3.12/site-packages/airflow/example_dags/tutorial_dag.py
[2025-03-18T14:25:26.796+0000] {processor.py:840} INFO - DAG(s) 'tutorial_dag' retrieved from /home/airflow/.local/lib/python3.12/site-packages/airflow/example_dags/tutorial_dag.py
[2025-03-18T14:25:26.816+0000] {logging_mixin.py:188} INFO - [2025-03-18T14:25:26.815+0000] {dag.py:3096} INFO - Sync 1 DAGs
[2025-03-18T14:25:26.827+0000] {logging_mixin.py:188} INFO - [2025-03-18T14:25:26.827+0000] {dag.py:3954} INFO - Setting next_dagrun for tutorial_dag to None, run_after=None
[2025-03-18T14:25:26.847+0000] {processor.py:183} INFO - Processing /home/airflow/.local/lib/python3.12/site-packages/airflow/example_dags/tutorial_dag.py took 0.064 seconds
[2025-03-18T14:25:56.978+0000] {processor.py:161} INFO - Started process (PID=2181) to work on /home/airflow/.local/lib/python3.12/site-packages/airflow/example_dags/tutorial_dag.py
[2025-03-18T14:25:56.980+0000] {processor.py:830} INFO - Processing file /home/airflow/.local/lib/python3.12/site-packages/airflow/example_dags/tutorial_dag.py for tasks to queue
[2025-03-18T14:25:56.982+0000] {logging_mixin.py:188} INFO - [2025-03-18T14:25:56.982+0000] {dagbag.py:545} INFO - Filling up the DagBag from /home/airflow/.local/lib/python3.12/site-packages/airflow/example_dags/tutorial_dag.py
[2025-03-18T14:25:56.987+0000] {processor.py:840} INFO - DAG(s) 'tutorial_dag' retrieved from /home/airflow/.local/lib/python3.12/site-packages/airflow/example_dags/tutorial_dag.py
[2025-03-18T14:25:57.007+0000] {logging_mixin.py:188} INFO - [2025-03-18T14:25:57.007+0000] {dag.py:3096} INFO - Sync 1 DAGs
[2025-03-18T14:25:57.020+0000] {logging_mixin.py:188} INFO - [2025-03-18T14:25:57.019+0000] {dag.py:3954} INFO - Setting next_dagrun for tutorial_dag to None, run_after=None
[2025-03-18T14:25:57.041+0000] {processor.py:183} INFO - Processing /home/airflow/.local/lib/python3.12/site-packages/airflow/example_dags/tutorial_dag.py took 0.069 seconds
[2025-03-18T14:26:27.208+0000] {processor.py:161} INFO - Started process (PID=2443) to work on /home/airflow/.local/lib/python3.12/site-packages/airflow/example_dags/tutorial_dag.py
[2025-03-18T14:26:27.209+0000] {processor.py:830} INFO - Processing file /home/airflow/.local/lib/python3.12/site-packages/airflow/example_dags/tutorial_dag.py for tasks to queue
[2025-03-18T14:26:27.211+0000] {logging_mixin.py:188} INFO - [2025-03-18T14:26:27.211+0000] {dagbag.py:545} INFO - Filling up the DagBag from /home/airflow/.local/lib/python3.12/site-packages/airflow/example_dags/tutorial_dag.py
[2025-03-18T14:26:27.216+0000] {processor.py:840} INFO - DAG(s) 'tutorial_dag' retrieved from /home/airflow/.local/lib/python3.12/site-packages/airflow/example_dags/tutorial_dag.py
[2025-03-18T14:26:27.235+0000] {logging_mixin.py:188} INFO - [2025-03-18T14:26:27.235+0000] {dag.py:3096} INFO - Sync 1 DAGs
[2025-03-18T14:26:27.246+0000] {logging_mixin.py:188} INFO - [2025-03-18T14:26:27.246+0000] {dag.py:3954} INFO - Setting next_dagrun for tutorial_dag to None, run_after=None
[2025-03-18T14:26:27.266+0000] {processor.py:183} INFO - Processing /home/airflow/.local/lib/python3.12/site-packages/airflow/example_dags/tutorial_dag.py took 0.063 seconds
