[2025-03-11T03:05:10.774+0000] {processor.py:161} INFO - Started process (PID=59363) to work on /home/airflow/.local/lib/python3.12/site-packages/airflow/example_dags/example_external_task_marker_dag.py
[2025-03-11T03:05:10.779+0000] {processor.py:830} INFO - Processing file /home/airflow/.local/lib/python3.12/site-packages/airflow/example_dags/example_external_task_marker_dag.py for tasks to queue
[2025-03-11T03:05:10.824+0000] {logging_mixin.py:188} INFO - [2025-03-11T03:05:10.823+0000] {dagbag.py:545} INFO - Filling up the DagBag from /home/airflow/.local/lib/python3.12/site-packages/airflow/example_dags/example_external_task_marker_dag.py
[2025-03-11T03:05:10.853+0000] {processor.py:840} INFO - DAG(s) 'example_external_task_marker_parent', 'example_external_task_marker_child' retrieved from /home/airflow/.local/lib/python3.12/site-packages/airflow/example_dags/example_external_task_marker_dag.py
[2025-03-11T03:05:10.891+0000] {logging_mixin.py:188} INFO - [2025-03-11T03:05:10.890+0000] {dag.py:3096} INFO - Sync 2 DAGs
[2025-03-11T03:05:10.929+0000] {logging_mixin.py:188} INFO - [2025-03-11T03:05:10.929+0000] {dag.py:3954} INFO - Setting next_dagrun for example_external_task_marker_child to None, run_after=None
[2025-03-11T03:05:10.944+0000] {logging_mixin.py:188} INFO - [2025-03-11T03:05:10.944+0000] {dag.py:3954} INFO - Setting next_dagrun for example_external_task_marker_parent to None, run_after=None
[2025-03-11T03:05:11.049+0000] {processor.py:183} INFO - Processing /home/airflow/.local/lib/python3.12/site-packages/airflow/example_dags/example_external_task_marker_dag.py took 0.283 seconds
[2025-03-11T03:05:41.733+0000] {processor.py:161} INFO - Started process (PID=59627) to work on /home/airflow/.local/lib/python3.12/site-packages/airflow/example_dags/example_external_task_marker_dag.py
[2025-03-11T03:05:41.734+0000] {processor.py:830} INFO - Processing file /home/airflow/.local/lib/python3.12/site-packages/airflow/example_dags/example_external_task_marker_dag.py for tasks to queue
[2025-03-11T03:05:41.736+0000] {logging_mixin.py:188} INFO - [2025-03-11T03:05:41.735+0000] {dagbag.py:545} INFO - Filling up the DagBag from /home/airflow/.local/lib/python3.12/site-packages/airflow/example_dags/example_external_task_marker_dag.py
[2025-03-11T03:05:41.742+0000] {processor.py:840} INFO - DAG(s) 'example_external_task_marker_parent', 'example_external_task_marker_child' retrieved from /home/airflow/.local/lib/python3.12/site-packages/airflow/example_dags/example_external_task_marker_dag.py
[2025-03-11T03:05:41.767+0000] {logging_mixin.py:188} INFO - [2025-03-11T03:05:41.766+0000] {dag.py:3096} INFO - Sync 2 DAGs
[2025-03-11T03:05:41.780+0000] {logging_mixin.py:188} INFO - [2025-03-11T03:05:41.780+0000] {dag.py:3954} INFO - Setting next_dagrun for example_external_task_marker_child to None, run_after=None
[2025-03-11T03:05:41.784+0000] {logging_mixin.py:188} INFO - [2025-03-11T03:05:41.784+0000] {dag.py:3954} INFO - Setting next_dagrun for example_external_task_marker_parent to None, run_after=None
[2025-03-11T03:05:41.801+0000] {processor.py:183} INFO - Processing /home/airflow/.local/lib/python3.12/site-packages/airflow/example_dags/example_external_task_marker_dag.py took 0.074 seconds
[2025-03-11T03:06:11.998+0000] {processor.py:161} INFO - Started process (PID=59883) to work on /home/airflow/.local/lib/python3.12/site-packages/airflow/example_dags/example_external_task_marker_dag.py
[2025-03-11T03:06:11.999+0000] {processor.py:830} INFO - Processing file /home/airflow/.local/lib/python3.12/site-packages/airflow/example_dags/example_external_task_marker_dag.py for tasks to queue
[2025-03-11T03:06:12.001+0000] {logging_mixin.py:188} INFO - [2025-03-11T03:06:12.001+0000] {dagbag.py:545} INFO - Filling up the DagBag from /home/airflow/.local/lib/python3.12/site-packages/airflow/example_dags/example_external_task_marker_dag.py
[2025-03-11T03:06:12.007+0000] {processor.py:840} INFO - DAG(s) 'example_external_task_marker_parent', 'example_external_task_marker_child' retrieved from /home/airflow/.local/lib/python3.12/site-packages/airflow/example_dags/example_external_task_marker_dag.py
[2025-03-11T03:06:12.033+0000] {logging_mixin.py:188} INFO - [2025-03-11T03:06:12.030+0000] {dag.py:3096} INFO - Sync 2 DAGs
[2025-03-11T03:06:12.057+0000] {logging_mixin.py:188} INFO - [2025-03-11T03:06:12.057+0000] {dag.py:3954} INFO - Setting next_dagrun for example_external_task_marker_child to None, run_after=None
[2025-03-11T03:06:12.065+0000] {logging_mixin.py:188} INFO - [2025-03-11T03:06:12.065+0000] {dag.py:3954} INFO - Setting next_dagrun for example_external_task_marker_parent to None, run_after=None
[2025-03-11T03:06:12.092+0000] {processor.py:183} INFO - Processing /home/airflow/.local/lib/python3.12/site-packages/airflow/example_dags/example_external_task_marker_dag.py took 0.099 seconds
[2025-03-11T03:06:42.911+0000] {processor.py:161} INFO - Started process (PID=60145) to work on /home/airflow/.local/lib/python3.12/site-packages/airflow/example_dags/example_external_task_marker_dag.py
[2025-03-11T03:06:42.914+0000] {processor.py:830} INFO - Processing file /home/airflow/.local/lib/python3.12/site-packages/airflow/example_dags/example_external_task_marker_dag.py for tasks to queue
[2025-03-11T03:06:42.917+0000] {logging_mixin.py:188} INFO - [2025-03-11T03:06:42.917+0000] {dagbag.py:545} INFO - Filling up the DagBag from /home/airflow/.local/lib/python3.12/site-packages/airflow/example_dags/example_external_task_marker_dag.py
[2025-03-11T03:06:42.928+0000] {processor.py:840} INFO - DAG(s) 'example_external_task_marker_parent', 'example_external_task_marker_child' retrieved from /home/airflow/.local/lib/python3.12/site-packages/airflow/example_dags/example_external_task_marker_dag.py
[2025-03-11T03:06:42.955+0000] {logging_mixin.py:188} INFO - [2025-03-11T03:06:42.955+0000] {dag.py:3096} INFO - Sync 2 DAGs
[2025-03-11T03:06:42.970+0000] {logging_mixin.py:188} INFO - [2025-03-11T03:06:42.970+0000] {dag.py:3954} INFO - Setting next_dagrun for example_external_task_marker_child to None, run_after=None
[2025-03-11T03:06:42.975+0000] {logging_mixin.py:188} INFO - [2025-03-11T03:06:42.975+0000] {dag.py:3954} INFO - Setting next_dagrun for example_external_task_marker_parent to None, run_after=None
[2025-03-11T03:06:43.001+0000] {processor.py:183} INFO - Processing /home/airflow/.local/lib/python3.12/site-packages/airflow/example_dags/example_external_task_marker_dag.py took 0.103 seconds
[2025-03-11T03:07:13.393+0000] {processor.py:161} INFO - Started process (PID=60407) to work on /home/airflow/.local/lib/python3.12/site-packages/airflow/example_dags/example_external_task_marker_dag.py
[2025-03-11T03:07:13.401+0000] {processor.py:830} INFO - Processing file /home/airflow/.local/lib/python3.12/site-packages/airflow/example_dags/example_external_task_marker_dag.py for tasks to queue
[2025-03-11T03:07:13.405+0000] {logging_mixin.py:188} INFO - [2025-03-11T03:07:13.404+0000] {dagbag.py:545} INFO - Filling up the DagBag from /home/airflow/.local/lib/python3.12/site-packages/airflow/example_dags/example_external_task_marker_dag.py
[2025-03-11T03:07:13.418+0000] {processor.py:840} INFO - DAG(s) 'example_external_task_marker_parent', 'example_external_task_marker_child' retrieved from /home/airflow/.local/lib/python3.12/site-packages/airflow/example_dags/example_external_task_marker_dag.py
[2025-03-11T03:07:13.451+0000] {logging_mixin.py:188} INFO - [2025-03-11T03:07:13.451+0000] {dag.py:3096} INFO - Sync 2 DAGs
[2025-03-11T03:07:13.468+0000] {logging_mixin.py:188} INFO - [2025-03-11T03:07:13.468+0000] {dag.py:3954} INFO - Setting next_dagrun for example_external_task_marker_child to None, run_after=None
[2025-03-11T03:07:13.474+0000] {logging_mixin.py:188} INFO - [2025-03-11T03:07:13.473+0000] {dag.py:3954} INFO - Setting next_dagrun for example_external_task_marker_parent to None, run_after=None
[2025-03-11T03:07:13.509+0000] {processor.py:183} INFO - Processing /home/airflow/.local/lib/python3.12/site-packages/airflow/example_dags/example_external_task_marker_dag.py took 0.126 seconds
[2025-03-11T03:07:43.635+0000] {processor.py:161} INFO - Started process (PID=60669) to work on /home/airflow/.local/lib/python3.12/site-packages/airflow/example_dags/example_external_task_marker_dag.py
[2025-03-11T03:07:43.637+0000] {processor.py:830} INFO - Processing file /home/airflow/.local/lib/python3.12/site-packages/airflow/example_dags/example_external_task_marker_dag.py for tasks to queue
[2025-03-11T03:07:43.641+0000] {logging_mixin.py:188} INFO - [2025-03-11T03:07:43.640+0000] {dagbag.py:545} INFO - Filling up the DagBag from /home/airflow/.local/lib/python3.12/site-packages/airflow/example_dags/example_external_task_marker_dag.py
[2025-03-11T03:07:43.649+0000] {processor.py:840} INFO - DAG(s) 'example_external_task_marker_child', 'example_external_task_marker_parent' retrieved from /home/airflow/.local/lib/python3.12/site-packages/airflow/example_dags/example_external_task_marker_dag.py
[2025-03-11T03:07:43.680+0000] {logging_mixin.py:188} INFO - [2025-03-11T03:07:43.680+0000] {dag.py:3096} INFO - Sync 2 DAGs
[2025-03-11T03:07:43.694+0000] {logging_mixin.py:188} INFO - [2025-03-11T03:07:43.694+0000] {dag.py:3954} INFO - Setting next_dagrun for example_external_task_marker_child to None, run_after=None
[2025-03-11T03:07:43.699+0000] {logging_mixin.py:188} INFO - [2025-03-11T03:07:43.699+0000] {dag.py:3954} INFO - Setting next_dagrun for example_external_task_marker_parent to None, run_after=None
[2025-03-11T03:07:43.719+0000] {processor.py:183} INFO - Processing /home/airflow/.local/lib/python3.12/site-packages/airflow/example_dags/example_external_task_marker_dag.py took 0.092 seconds
[2025-03-11T03:08:14.042+0000] {processor.py:161} INFO - Started process (PID=60931) to work on /home/airflow/.local/lib/python3.12/site-packages/airflow/example_dags/example_external_task_marker_dag.py
[2025-03-11T03:08:14.043+0000] {processor.py:830} INFO - Processing file /home/airflow/.local/lib/python3.12/site-packages/airflow/example_dags/example_external_task_marker_dag.py for tasks to queue
[2025-03-11T03:08:14.046+0000] {logging_mixin.py:188} INFO - [2025-03-11T03:08:14.045+0000] {dagbag.py:545} INFO - Filling up the DagBag from /home/airflow/.local/lib/python3.12/site-packages/airflow/example_dags/example_external_task_marker_dag.py
[2025-03-11T03:08:14.053+0000] {processor.py:840} INFO - DAG(s) 'example_external_task_marker_parent', 'example_external_task_marker_child' retrieved from /home/airflow/.local/lib/python3.12/site-packages/airflow/example_dags/example_external_task_marker_dag.py
[2025-03-11T03:08:14.084+0000] {logging_mixin.py:188} INFO - [2025-03-11T03:08:14.084+0000] {dag.py:3096} INFO - Sync 2 DAGs
[2025-03-11T03:08:14.098+0000] {logging_mixin.py:188} INFO - [2025-03-11T03:08:14.098+0000] {dag.py:3954} INFO - Setting next_dagrun for example_external_task_marker_child to None, run_after=None
[2025-03-11T03:08:14.103+0000] {logging_mixin.py:188} INFO - [2025-03-11T03:08:14.102+0000] {dag.py:3954} INFO - Setting next_dagrun for example_external_task_marker_parent to None, run_after=None
[2025-03-11T03:08:14.124+0000] {processor.py:183} INFO - Processing /home/airflow/.local/lib/python3.12/site-packages/airflow/example_dags/example_external_task_marker_dag.py took 0.090 seconds
[2025-03-11T03:08:44.366+0000] {processor.py:161} INFO - Started process (PID=61193) to work on /home/airflow/.local/lib/python3.12/site-packages/airflow/example_dags/example_external_task_marker_dag.py
[2025-03-11T03:08:44.370+0000] {processor.py:830} INFO - Processing file /home/airflow/.local/lib/python3.12/site-packages/airflow/example_dags/example_external_task_marker_dag.py for tasks to queue
[2025-03-11T03:08:44.375+0000] {logging_mixin.py:188} INFO - [2025-03-11T03:08:44.374+0000] {dagbag.py:545} INFO - Filling up the DagBag from /home/airflow/.local/lib/python3.12/site-packages/airflow/example_dags/example_external_task_marker_dag.py
[2025-03-11T03:08:44.384+0000] {processor.py:840} INFO - DAG(s) 'example_external_task_marker_child', 'example_external_task_marker_parent' retrieved from /home/airflow/.local/lib/python3.12/site-packages/airflow/example_dags/example_external_task_marker_dag.py
[2025-03-11T03:08:44.414+0000] {logging_mixin.py:188} INFO - [2025-03-11T03:08:44.414+0000] {dag.py:3096} INFO - Sync 2 DAGs
[2025-03-11T03:08:44.434+0000] {logging_mixin.py:188} INFO - [2025-03-11T03:08:44.434+0000] {dag.py:3954} INFO - Setting next_dagrun for example_external_task_marker_child to None, run_after=None
[2025-03-11T03:08:44.441+0000] {logging_mixin.py:188} INFO - [2025-03-11T03:08:44.441+0000] {dag.py:3954} INFO - Setting next_dagrun for example_external_task_marker_parent to None, run_after=None
[2025-03-11T03:08:44.464+0000] {processor.py:183} INFO - Processing /home/airflow/.local/lib/python3.12/site-packages/airflow/example_dags/example_external_task_marker_dag.py took 0.120 seconds
[2025-03-11T03:09:14.570+0000] {processor.py:161} INFO - Started process (PID=61455) to work on /home/airflow/.local/lib/python3.12/site-packages/airflow/example_dags/example_external_task_marker_dag.py
[2025-03-11T03:09:14.572+0000] {processor.py:830} INFO - Processing file /home/airflow/.local/lib/python3.12/site-packages/airflow/example_dags/example_external_task_marker_dag.py for tasks to queue
[2025-03-11T03:09:14.584+0000] {logging_mixin.py:188} INFO - [2025-03-11T03:09:14.583+0000] {dagbag.py:545} INFO - Filling up the DagBag from /home/airflow/.local/lib/python3.12/site-packages/airflow/example_dags/example_external_task_marker_dag.py
[2025-03-11T03:09:14.609+0000] {processor.py:840} INFO - DAG(s) 'example_external_task_marker_parent', 'example_external_task_marker_child' retrieved from /home/airflow/.local/lib/python3.12/site-packages/airflow/example_dags/example_external_task_marker_dag.py
[2025-03-11T03:09:14.651+0000] {logging_mixin.py:188} INFO - [2025-03-11T03:09:14.651+0000] {dag.py:3096} INFO - Sync 2 DAGs
[2025-03-11T03:09:14.668+0000] {logging_mixin.py:188} INFO - [2025-03-11T03:09:14.667+0000] {dag.py:3954} INFO - Setting next_dagrun for example_external_task_marker_child to None, run_after=None
[2025-03-11T03:09:14.672+0000] {logging_mixin.py:188} INFO - [2025-03-11T03:09:14.672+0000] {dag.py:3954} INFO - Setting next_dagrun for example_external_task_marker_parent to None, run_after=None
[2025-03-11T03:09:14.699+0000] {processor.py:183} INFO - Processing /home/airflow/.local/lib/python3.12/site-packages/airflow/example_dags/example_external_task_marker_dag.py took 0.140 seconds
[2025-03-11T03:09:45.372+0000] {processor.py:161} INFO - Started process (PID=61718) to work on /home/airflow/.local/lib/python3.12/site-packages/airflow/example_dags/example_external_task_marker_dag.py
[2025-03-11T03:09:45.373+0000] {processor.py:830} INFO - Processing file /home/airflow/.local/lib/python3.12/site-packages/airflow/example_dags/example_external_task_marker_dag.py for tasks to queue
[2025-03-11T03:09:45.376+0000] {logging_mixin.py:188} INFO - [2025-03-11T03:09:45.375+0000] {dagbag.py:545} INFO - Filling up the DagBag from /home/airflow/.local/lib/python3.12/site-packages/airflow/example_dags/example_external_task_marker_dag.py
[2025-03-11T03:09:45.383+0000] {processor.py:840} INFO - DAG(s) 'example_external_task_marker_parent', 'example_external_task_marker_child' retrieved from /home/airflow/.local/lib/python3.12/site-packages/airflow/example_dags/example_external_task_marker_dag.py
[2025-03-11T03:09:45.409+0000] {logging_mixin.py:188} INFO - [2025-03-11T03:09:45.409+0000] {dag.py:3096} INFO - Sync 2 DAGs
[2025-03-11T03:09:45.426+0000] {logging_mixin.py:188} INFO - [2025-03-11T03:09:45.426+0000] {dag.py:3954} INFO - Setting next_dagrun for example_external_task_marker_child to None, run_after=None
[2025-03-11T03:09:45.431+0000] {logging_mixin.py:188} INFO - [2025-03-11T03:09:45.431+0000] {dag.py:3954} INFO - Setting next_dagrun for example_external_task_marker_parent to None, run_after=None
[2025-03-11T03:09:45.451+0000] {processor.py:183} INFO - Processing /home/airflow/.local/lib/python3.12/site-packages/airflow/example_dags/example_external_task_marker_dag.py took 0.087 seconds
[2025-03-11T03:10:16.208+0000] {processor.py:161} INFO - Started process (PID=61980) to work on /home/airflow/.local/lib/python3.12/site-packages/airflow/example_dags/example_external_task_marker_dag.py
[2025-03-11T03:10:16.210+0000] {processor.py:830} INFO - Processing file /home/airflow/.local/lib/python3.12/site-packages/airflow/example_dags/example_external_task_marker_dag.py for tasks to queue
[2025-03-11T03:10:16.212+0000] {logging_mixin.py:188} INFO - [2025-03-11T03:10:16.212+0000] {dagbag.py:545} INFO - Filling up the DagBag from /home/airflow/.local/lib/python3.12/site-packages/airflow/example_dags/example_external_task_marker_dag.py
[2025-03-11T03:10:16.221+0000] {processor.py:840} INFO - DAG(s) 'example_external_task_marker_parent', 'example_external_task_marker_child' retrieved from /home/airflow/.local/lib/python3.12/site-packages/airflow/example_dags/example_external_task_marker_dag.py
[2025-03-11T03:10:16.248+0000] {logging_mixin.py:188} INFO - [2025-03-11T03:10:16.248+0000] {dag.py:3096} INFO - Sync 2 DAGs
[2025-03-11T03:10:16.263+0000] {logging_mixin.py:188} INFO - [2025-03-11T03:10:16.262+0000] {dag.py:3954} INFO - Setting next_dagrun for example_external_task_marker_child to None, run_after=None
[2025-03-11T03:10:16.268+0000] {logging_mixin.py:188} INFO - [2025-03-11T03:10:16.267+0000] {dag.py:3954} INFO - Setting next_dagrun for example_external_task_marker_parent to None, run_after=None
[2025-03-11T03:10:16.291+0000] {processor.py:183} INFO - Processing /home/airflow/.local/lib/python3.12/site-packages/airflow/example_dags/example_external_task_marker_dag.py took 0.089 seconds
[2025-03-11T03:10:46.565+0000] {processor.py:161} INFO - Started process (PID=62242) to work on /home/airflow/.local/lib/python3.12/site-packages/airflow/example_dags/example_external_task_marker_dag.py
[2025-03-11T03:10:46.566+0000] {processor.py:830} INFO - Processing file /home/airflow/.local/lib/python3.12/site-packages/airflow/example_dags/example_external_task_marker_dag.py for tasks to queue
[2025-03-11T03:10:46.568+0000] {logging_mixin.py:188} INFO - [2025-03-11T03:10:46.568+0000] {dagbag.py:545} INFO - Filling up the DagBag from /home/airflow/.local/lib/python3.12/site-packages/airflow/example_dags/example_external_task_marker_dag.py
[2025-03-11T03:10:46.574+0000] {processor.py:840} INFO - DAG(s) 'example_external_task_marker_parent', 'example_external_task_marker_child' retrieved from /home/airflow/.local/lib/python3.12/site-packages/airflow/example_dags/example_external_task_marker_dag.py
[2025-03-11T03:10:46.599+0000] {logging_mixin.py:188} INFO - [2025-03-11T03:10:46.599+0000] {dag.py:3096} INFO - Sync 2 DAGs
[2025-03-11T03:10:46.612+0000] {logging_mixin.py:188} INFO - [2025-03-11T03:10:46.612+0000] {dag.py:3954} INFO - Setting next_dagrun for example_external_task_marker_child to None, run_after=None
[2025-03-11T03:10:46.617+0000] {logging_mixin.py:188} INFO - [2025-03-11T03:10:46.616+0000] {dag.py:3954} INFO - Setting next_dagrun for example_external_task_marker_parent to None, run_after=None
[2025-03-11T03:10:46.636+0000] {processor.py:183} INFO - Processing /home/airflow/.local/lib/python3.12/site-packages/airflow/example_dags/example_external_task_marker_dag.py took 0.076 seconds
[2025-03-11T03:11:16.934+0000] {processor.py:161} INFO - Started process (PID=62502) to work on /home/airflow/.local/lib/python3.12/site-packages/airflow/example_dags/example_external_task_marker_dag.py
[2025-03-11T03:11:16.935+0000] {processor.py:830} INFO - Processing file /home/airflow/.local/lib/python3.12/site-packages/airflow/example_dags/example_external_task_marker_dag.py for tasks to queue
[2025-03-11T03:11:16.939+0000] {logging_mixin.py:188} INFO - [2025-03-11T03:11:16.938+0000] {dagbag.py:545} INFO - Filling up the DagBag from /home/airflow/.local/lib/python3.12/site-packages/airflow/example_dags/example_external_task_marker_dag.py
[2025-03-11T03:11:16.946+0000] {processor.py:840} INFO - DAG(s) 'example_external_task_marker_parent', 'example_external_task_marker_child' retrieved from /home/airflow/.local/lib/python3.12/site-packages/airflow/example_dags/example_external_task_marker_dag.py
[2025-03-11T03:11:16.973+0000] {logging_mixin.py:188} INFO - [2025-03-11T03:11:16.972+0000] {dag.py:3096} INFO - Sync 2 DAGs
[2025-03-11T03:11:16.990+0000] {logging_mixin.py:188} INFO - [2025-03-11T03:11:16.990+0000] {dag.py:3954} INFO - Setting next_dagrun for example_external_task_marker_child to None, run_after=None
[2025-03-11T03:11:16.995+0000] {logging_mixin.py:188} INFO - [2025-03-11T03:11:16.994+0000] {dag.py:3954} INFO - Setting next_dagrun for example_external_task_marker_parent to None, run_after=None
[2025-03-11T03:11:17.014+0000] {processor.py:183} INFO - Processing /home/airflow/.local/lib/python3.12/site-packages/airflow/example_dags/example_external_task_marker_dag.py took 0.088 seconds
[2025-03-11T03:11:48.820+0000] {processor.py:161} INFO - Started process (PID=62766) to work on /home/airflow/.local/lib/python3.12/site-packages/airflow/example_dags/example_external_task_marker_dag.py
[2025-03-11T03:11:48.822+0000] {processor.py:830} INFO - Processing file /home/airflow/.local/lib/python3.12/site-packages/airflow/example_dags/example_external_task_marker_dag.py for tasks to queue
[2025-03-11T03:11:48.824+0000] {logging_mixin.py:188} INFO - [2025-03-11T03:11:48.824+0000] {dagbag.py:545} INFO - Filling up the DagBag from /home/airflow/.local/lib/python3.12/site-packages/airflow/example_dags/example_external_task_marker_dag.py
[2025-03-11T03:11:48.830+0000] {processor.py:840} INFO - DAG(s) 'example_external_task_marker_parent', 'example_external_task_marker_child' retrieved from /home/airflow/.local/lib/python3.12/site-packages/airflow/example_dags/example_external_task_marker_dag.py
[2025-03-11T03:11:48.868+0000] {logging_mixin.py:188} INFO - [2025-03-11T03:11:48.867+0000] {dag.py:3096} INFO - Sync 2 DAGs
[2025-03-11T03:11:48.890+0000] {logging_mixin.py:188} INFO - [2025-03-11T03:11:48.890+0000] {dag.py:3954} INFO - Setting next_dagrun for example_external_task_marker_child to None, run_after=None
[2025-03-11T03:11:48.897+0000] {logging_mixin.py:188} INFO - [2025-03-11T03:11:48.896+0000] {dag.py:3954} INFO - Setting next_dagrun for example_external_task_marker_parent to None, run_after=None
[2025-03-11T03:11:48.920+0000] {processor.py:183} INFO - Processing /home/airflow/.local/lib/python3.12/site-packages/airflow/example_dags/example_external_task_marker_dag.py took 0.111 seconds
[2025-03-11T03:12:21.483+0000] {processor.py:161} INFO - Started process (PID=63028) to work on /home/airflow/.local/lib/python3.12/site-packages/airflow/example_dags/example_external_task_marker_dag.py
[2025-03-11T03:12:21.486+0000] {processor.py:830} INFO - Processing file /home/airflow/.local/lib/python3.12/site-packages/airflow/example_dags/example_external_task_marker_dag.py for tasks to queue
[2025-03-11T03:12:21.491+0000] {logging_mixin.py:188} INFO - [2025-03-11T03:12:21.491+0000] {dagbag.py:545} INFO - Filling up the DagBag from /home/airflow/.local/lib/python3.12/site-packages/airflow/example_dags/example_external_task_marker_dag.py
[2025-03-11T03:12:21.500+0000] {processor.py:840} INFO - DAG(s) 'example_external_task_marker_parent', 'example_external_task_marker_child' retrieved from /home/airflow/.local/lib/python3.12/site-packages/airflow/example_dags/example_external_task_marker_dag.py
[2025-03-11T03:12:21.526+0000] {logging_mixin.py:188} INFO - [2025-03-11T03:12:21.526+0000] {dag.py:3096} INFO - Sync 2 DAGs
[2025-03-11T03:12:21.549+0000] {logging_mixin.py:188} INFO - [2025-03-11T03:12:21.549+0000] {dag.py:3954} INFO - Setting next_dagrun for example_external_task_marker_child to None, run_after=None
[2025-03-11T03:12:21.554+0000] {logging_mixin.py:188} INFO - [2025-03-11T03:12:21.554+0000] {dag.py:3954} INFO - Setting next_dagrun for example_external_task_marker_parent to None, run_after=None
[2025-03-11T03:12:21.584+0000] {processor.py:183} INFO - Processing /home/airflow/.local/lib/python3.12/site-packages/airflow/example_dags/example_external_task_marker_dag.py took 0.112 seconds
[2025-03-11T03:12:53.336+0000] {processor.py:161} INFO - Started process (PID=63289) to work on /home/airflow/.local/lib/python3.12/site-packages/airflow/example_dags/example_external_task_marker_dag.py
[2025-03-11T03:12:53.337+0000] {processor.py:830} INFO - Processing file /home/airflow/.local/lib/python3.12/site-packages/airflow/example_dags/example_external_task_marker_dag.py for tasks to queue
[2025-03-11T03:12:53.340+0000] {logging_mixin.py:188} INFO - [2025-03-11T03:12:53.339+0000] {dagbag.py:545} INFO - Filling up the DagBag from /home/airflow/.local/lib/python3.12/site-packages/airflow/example_dags/example_external_task_marker_dag.py
[2025-03-11T03:12:53.347+0000] {processor.py:840} INFO - DAG(s) 'example_external_task_marker_child', 'example_external_task_marker_parent' retrieved from /home/airflow/.local/lib/python3.12/site-packages/airflow/example_dags/example_external_task_marker_dag.py
[2025-03-11T03:12:53.372+0000] {logging_mixin.py:188} INFO - [2025-03-11T03:12:53.372+0000] {dag.py:3096} INFO - Sync 2 DAGs
[2025-03-11T03:12:53.389+0000] {logging_mixin.py:188} INFO - [2025-03-11T03:12:53.388+0000] {dag.py:3954} INFO - Setting next_dagrun for example_external_task_marker_child to None, run_after=None
[2025-03-11T03:12:53.394+0000] {logging_mixin.py:188} INFO - [2025-03-11T03:12:53.394+0000] {dag.py:3954} INFO - Setting next_dagrun for example_external_task_marker_parent to None, run_after=None
[2025-03-11T03:12:53.419+0000] {processor.py:183} INFO - Processing /home/airflow/.local/lib/python3.12/site-packages/airflow/example_dags/example_external_task_marker_dag.py took 0.091 seconds
[2025-03-11T03:13:25.094+0000] {processor.py:161} INFO - Started process (PID=63551) to work on /home/airflow/.local/lib/python3.12/site-packages/airflow/example_dags/example_external_task_marker_dag.py
[2025-03-11T03:13:25.095+0000] {processor.py:830} INFO - Processing file /home/airflow/.local/lib/python3.12/site-packages/airflow/example_dags/example_external_task_marker_dag.py for tasks to queue
[2025-03-11T03:13:25.097+0000] {logging_mixin.py:188} INFO - [2025-03-11T03:13:25.097+0000] {dagbag.py:545} INFO - Filling up the DagBag from /home/airflow/.local/lib/python3.12/site-packages/airflow/example_dags/example_external_task_marker_dag.py
[2025-03-11T03:13:25.104+0000] {processor.py:840} INFO - DAG(s) 'example_external_task_marker_child', 'example_external_task_marker_parent' retrieved from /home/airflow/.local/lib/python3.12/site-packages/airflow/example_dags/example_external_task_marker_dag.py
[2025-03-11T03:13:25.128+0000] {logging_mixin.py:188} INFO - [2025-03-11T03:13:25.128+0000] {dag.py:3096} INFO - Sync 2 DAGs
[2025-03-11T03:13:25.143+0000] {logging_mixin.py:188} INFO - [2025-03-11T03:13:25.142+0000] {dag.py:3954} INFO - Setting next_dagrun for example_external_task_marker_child to None, run_after=None
[2025-03-11T03:13:25.147+0000] {logging_mixin.py:188} INFO - [2025-03-11T03:13:25.147+0000] {dag.py:3954} INFO - Setting next_dagrun for example_external_task_marker_parent to None, run_after=None
[2025-03-11T03:13:25.167+0000] {processor.py:183} INFO - Processing /home/airflow/.local/lib/python3.12/site-packages/airflow/example_dags/example_external_task_marker_dag.py took 0.078 seconds
[2025-03-11T03:13:57.285+0000] {processor.py:161} INFO - Started process (PID=63813) to work on /home/airflow/.local/lib/python3.12/site-packages/airflow/example_dags/example_external_task_marker_dag.py
[2025-03-11T03:13:57.287+0000] {processor.py:830} INFO - Processing file /home/airflow/.local/lib/python3.12/site-packages/airflow/example_dags/example_external_task_marker_dag.py for tasks to queue
[2025-03-11T03:13:57.289+0000] {logging_mixin.py:188} INFO - [2025-03-11T03:13:57.288+0000] {dagbag.py:545} INFO - Filling up the DagBag from /home/airflow/.local/lib/python3.12/site-packages/airflow/example_dags/example_external_task_marker_dag.py
[2025-03-11T03:13:57.295+0000] {processor.py:840} INFO - DAG(s) 'example_external_task_marker_child', 'example_external_task_marker_parent' retrieved from /home/airflow/.local/lib/python3.12/site-packages/airflow/example_dags/example_external_task_marker_dag.py
[2025-03-11T03:13:57.323+0000] {logging_mixin.py:188} INFO - [2025-03-11T03:13:57.323+0000] {dag.py:3096} INFO - Sync 2 DAGs
[2025-03-11T03:13:57.338+0000] {logging_mixin.py:188} INFO - [2025-03-11T03:13:57.337+0000] {dag.py:3954} INFO - Setting next_dagrun for example_external_task_marker_child to None, run_after=None
[2025-03-11T03:13:57.342+0000] {logging_mixin.py:188} INFO - [2025-03-11T03:13:57.342+0000] {dag.py:3954} INFO - Setting next_dagrun for example_external_task_marker_parent to None, run_after=None
[2025-03-11T03:13:57.360+0000] {processor.py:183} INFO - Processing /home/airflow/.local/lib/python3.12/site-packages/airflow/example_dags/example_external_task_marker_dag.py took 0.081 seconds
[2025-03-11T03:14:29.466+0000] {processor.py:161} INFO - Started process (PID=64075) to work on /home/airflow/.local/lib/python3.12/site-packages/airflow/example_dags/example_external_task_marker_dag.py
[2025-03-11T03:14:29.470+0000] {processor.py:830} INFO - Processing file /home/airflow/.local/lib/python3.12/site-packages/airflow/example_dags/example_external_task_marker_dag.py for tasks to queue
[2025-03-11T03:14:29.480+0000] {logging_mixin.py:188} INFO - [2025-03-11T03:14:29.477+0000] {dagbag.py:545} INFO - Filling up the DagBag from /home/airflow/.local/lib/python3.12/site-packages/airflow/example_dags/example_external_task_marker_dag.py
[2025-03-11T03:14:29.515+0000] {processor.py:840} INFO - DAG(s) 'example_external_task_marker_child', 'example_external_task_marker_parent' retrieved from /home/airflow/.local/lib/python3.12/site-packages/airflow/example_dags/example_external_task_marker_dag.py
[2025-03-11T03:14:29.585+0000] {logging_mixin.py:188} INFO - [2025-03-11T03:14:29.585+0000] {dag.py:3096} INFO - Sync 2 DAGs
[2025-03-11T03:14:29.613+0000] {logging_mixin.py:188} INFO - [2025-03-11T03:14:29.613+0000] {dag.py:3954} INFO - Setting next_dagrun for example_external_task_marker_child to None, run_after=None
[2025-03-11T03:14:29.621+0000] {logging_mixin.py:188} INFO - [2025-03-11T03:14:29.621+0000] {dag.py:3954} INFO - Setting next_dagrun for example_external_task_marker_parent to None, run_after=None
[2025-03-11T03:14:29.651+0000] {processor.py:183} INFO - Processing /home/airflow/.local/lib/python3.12/site-packages/airflow/example_dags/example_external_task_marker_dag.py took 0.202 seconds
[2025-03-11T03:15:02.423+0000] {processor.py:161} INFO - Started process (PID=64345) to work on /home/airflow/.local/lib/python3.12/site-packages/airflow/example_dags/example_external_task_marker_dag.py
[2025-03-11T03:15:02.424+0000] {processor.py:830} INFO - Processing file /home/airflow/.local/lib/python3.12/site-packages/airflow/example_dags/example_external_task_marker_dag.py for tasks to queue
[2025-03-11T03:15:02.426+0000] {logging_mixin.py:188} INFO - [2025-03-11T03:15:02.426+0000] {dagbag.py:545} INFO - Filling up the DagBag from /home/airflow/.local/lib/python3.12/site-packages/airflow/example_dags/example_external_task_marker_dag.py
[2025-03-11T03:15:02.433+0000] {processor.py:840} INFO - DAG(s) 'example_external_task_marker_child', 'example_external_task_marker_parent' retrieved from /home/airflow/.local/lib/python3.12/site-packages/airflow/example_dags/example_external_task_marker_dag.py
[2025-03-11T03:15:02.457+0000] {logging_mixin.py:188} INFO - [2025-03-11T03:15:02.456+0000] {dag.py:3096} INFO - Sync 2 DAGs
[2025-03-11T03:15:02.470+0000] {logging_mixin.py:188} INFO - [2025-03-11T03:15:02.470+0000] {dag.py:3954} INFO - Setting next_dagrun for example_external_task_marker_child to None, run_after=None
[2025-03-11T03:15:02.476+0000] {logging_mixin.py:188} INFO - [2025-03-11T03:15:02.476+0000] {dag.py:3954} INFO - Setting next_dagrun for example_external_task_marker_parent to None, run_after=None
[2025-03-11T03:15:02.496+0000] {processor.py:183} INFO - Processing /home/airflow/.local/lib/python3.12/site-packages/airflow/example_dags/example_external_task_marker_dag.py took 0.080 seconds
[2025-03-11T03:15:34.498+0000] {processor.py:161} INFO - Started process (PID=64609) to work on /home/airflow/.local/lib/python3.12/site-packages/airflow/example_dags/example_external_task_marker_dag.py
[2025-03-11T03:15:34.499+0000] {processor.py:830} INFO - Processing file /home/airflow/.local/lib/python3.12/site-packages/airflow/example_dags/example_external_task_marker_dag.py for tasks to queue
[2025-03-11T03:15:34.503+0000] {logging_mixin.py:188} INFO - [2025-03-11T03:15:34.503+0000] {dagbag.py:545} INFO - Filling up the DagBag from /home/airflow/.local/lib/python3.12/site-packages/airflow/example_dags/example_external_task_marker_dag.py
[2025-03-11T03:15:34.518+0000] {processor.py:840} INFO - DAG(s) 'example_external_task_marker_child', 'example_external_task_marker_parent' retrieved from /home/airflow/.local/lib/python3.12/site-packages/airflow/example_dags/example_external_task_marker_dag.py
[2025-03-11T03:15:34.591+0000] {logging_mixin.py:188} INFO - [2025-03-11T03:15:34.591+0000] {dag.py:3096} INFO - Sync 2 DAGs
[2025-03-11T03:15:34.605+0000] {logging_mixin.py:188} INFO - [2025-03-11T03:15:34.605+0000] {dag.py:3954} INFO - Setting next_dagrun for example_external_task_marker_child to None, run_after=None
[2025-03-11T03:15:34.610+0000] {logging_mixin.py:188} INFO - [2025-03-11T03:15:34.609+0000] {dag.py:3954} INFO - Setting next_dagrun for example_external_task_marker_parent to None, run_after=None
[2025-03-11T03:15:34.627+0000] {processor.py:183} INFO - Processing /home/airflow/.local/lib/python3.12/site-packages/airflow/example_dags/example_external_task_marker_dag.py took 0.140 seconds
[2025-03-11T03:16:06.107+0000] {processor.py:161} INFO - Started process (PID=64869) to work on /home/airflow/.local/lib/python3.12/site-packages/airflow/example_dags/example_external_task_marker_dag.py
[2025-03-11T03:16:06.109+0000] {processor.py:830} INFO - Processing file /home/airflow/.local/lib/python3.12/site-packages/airflow/example_dags/example_external_task_marker_dag.py for tasks to queue
[2025-03-11T03:16:06.111+0000] {logging_mixin.py:188} INFO - [2025-03-11T03:16:06.111+0000] {dagbag.py:545} INFO - Filling up the DagBag from /home/airflow/.local/lib/python3.12/site-packages/airflow/example_dags/example_external_task_marker_dag.py
[2025-03-11T03:16:06.119+0000] {processor.py:840} INFO - DAG(s) 'example_external_task_marker_child', 'example_external_task_marker_parent' retrieved from /home/airflow/.local/lib/python3.12/site-packages/airflow/example_dags/example_external_task_marker_dag.py
[2025-03-11T03:16:06.146+0000] {logging_mixin.py:188} INFO - [2025-03-11T03:16:06.146+0000] {dag.py:3096} INFO - Sync 2 DAGs
[2025-03-11T03:16:06.161+0000] {logging_mixin.py:188} INFO - [2025-03-11T03:16:06.161+0000] {dag.py:3954} INFO - Setting next_dagrun for example_external_task_marker_child to None, run_after=None
[2025-03-11T03:16:06.166+0000] {logging_mixin.py:188} INFO - [2025-03-11T03:16:06.166+0000] {dag.py:3954} INFO - Setting next_dagrun for example_external_task_marker_parent to None, run_after=None
[2025-03-11T03:16:06.189+0000] {processor.py:183} INFO - Processing /home/airflow/.local/lib/python3.12/site-packages/airflow/example_dags/example_external_task_marker_dag.py took 0.088 seconds
[2025-03-11T03:16:39.335+0000] {processor.py:161} INFO - Started process (PID=65133) to work on /home/airflow/.local/lib/python3.12/site-packages/airflow/example_dags/example_external_task_marker_dag.py
[2025-03-11T03:16:39.337+0000] {processor.py:830} INFO - Processing file /home/airflow/.local/lib/python3.12/site-packages/airflow/example_dags/example_external_task_marker_dag.py for tasks to queue
[2025-03-11T03:16:39.342+0000] {logging_mixin.py:188} INFO - [2025-03-11T03:16:39.342+0000] {dagbag.py:545} INFO - Filling up the DagBag from /home/airflow/.local/lib/python3.12/site-packages/airflow/example_dags/example_external_task_marker_dag.py
[2025-03-11T03:16:39.351+0000] {processor.py:840} INFO - DAG(s) 'example_external_task_marker_parent', 'example_external_task_marker_child' retrieved from /home/airflow/.local/lib/python3.12/site-packages/airflow/example_dags/example_external_task_marker_dag.py
[2025-03-11T03:16:39.376+0000] {logging_mixin.py:188} INFO - [2025-03-11T03:16:39.375+0000] {dag.py:3096} INFO - Sync 2 DAGs
[2025-03-11T03:16:39.397+0000] {logging_mixin.py:188} INFO - [2025-03-11T03:16:39.396+0000] {dag.py:3954} INFO - Setting next_dagrun for example_external_task_marker_child to None, run_after=None
[2025-03-11T03:16:39.403+0000] {logging_mixin.py:188} INFO - [2025-03-11T03:16:39.403+0000] {dag.py:3954} INFO - Setting next_dagrun for example_external_task_marker_parent to None, run_after=None
[2025-03-11T03:16:39.567+0000] {processor.py:183} INFO - Processing /home/airflow/.local/lib/python3.12/site-packages/airflow/example_dags/example_external_task_marker_dag.py took 0.240 seconds
[2025-03-11T03:17:10.898+0000] {processor.py:161} INFO - Started process (PID=65393) to work on /home/airflow/.local/lib/python3.12/site-packages/airflow/example_dags/example_external_task_marker_dag.py
[2025-03-11T03:17:10.900+0000] {processor.py:830} INFO - Processing file /home/airflow/.local/lib/python3.12/site-packages/airflow/example_dags/example_external_task_marker_dag.py for tasks to queue
[2025-03-11T03:17:10.902+0000] {logging_mixin.py:188} INFO - [2025-03-11T03:17:10.902+0000] {dagbag.py:545} INFO - Filling up the DagBag from /home/airflow/.local/lib/python3.12/site-packages/airflow/example_dags/example_external_task_marker_dag.py
[2025-03-11T03:17:10.910+0000] {processor.py:840} INFO - DAG(s) 'example_external_task_marker_parent', 'example_external_task_marker_child' retrieved from /home/airflow/.local/lib/python3.12/site-packages/airflow/example_dags/example_external_task_marker_dag.py
[2025-03-11T03:17:10.939+0000] {logging_mixin.py:188} INFO - [2025-03-11T03:17:10.938+0000] {dag.py:3096} INFO - Sync 2 DAGs
[2025-03-11T03:17:10.953+0000] {logging_mixin.py:188} INFO - [2025-03-11T03:17:10.952+0000] {dag.py:3954} INFO - Setting next_dagrun for example_external_task_marker_child to None, run_after=None
[2025-03-11T03:17:10.958+0000] {logging_mixin.py:188} INFO - [2025-03-11T03:17:10.958+0000] {dag.py:3954} INFO - Setting next_dagrun for example_external_task_marker_parent to None, run_after=None
[2025-03-11T03:17:10.980+0000] {processor.py:183} INFO - Processing /home/airflow/.local/lib/python3.12/site-packages/airflow/example_dags/example_external_task_marker_dag.py took 0.094 seconds
[2025-03-11T03:17:43.074+0000] {processor.py:161} INFO - Started process (PID=65655) to work on /home/airflow/.local/lib/python3.12/site-packages/airflow/example_dags/example_external_task_marker_dag.py
[2025-03-11T03:17:43.075+0000] {processor.py:830} INFO - Processing file /home/airflow/.local/lib/python3.12/site-packages/airflow/example_dags/example_external_task_marker_dag.py for tasks to queue
[2025-03-11T03:17:43.078+0000] {logging_mixin.py:188} INFO - [2025-03-11T03:17:43.077+0000] {dagbag.py:545} INFO - Filling up the DagBag from /home/airflow/.local/lib/python3.12/site-packages/airflow/example_dags/example_external_task_marker_dag.py
[2025-03-11T03:17:43.086+0000] {processor.py:840} INFO - DAG(s) 'example_external_task_marker_child', 'example_external_task_marker_parent' retrieved from /home/airflow/.local/lib/python3.12/site-packages/airflow/example_dags/example_external_task_marker_dag.py
[2025-03-11T03:17:43.113+0000] {logging_mixin.py:188} INFO - [2025-03-11T03:17:43.113+0000] {dag.py:3096} INFO - Sync 2 DAGs
[2025-03-11T03:17:43.130+0000] {logging_mixin.py:188} INFO - [2025-03-11T03:17:43.130+0000] {dag.py:3954} INFO - Setting next_dagrun for example_external_task_marker_child to None, run_after=None
[2025-03-11T03:17:43.135+0000] {logging_mixin.py:188} INFO - [2025-03-11T03:17:43.134+0000] {dag.py:3954} INFO - Setting next_dagrun for example_external_task_marker_parent to None, run_after=None
[2025-03-11T03:17:43.155+0000] {processor.py:183} INFO - Processing /home/airflow/.local/lib/python3.12/site-packages/airflow/example_dags/example_external_task_marker_dag.py took 0.089 seconds
[2025-03-11T03:18:15.708+0000] {processor.py:161} INFO - Started process (PID=65917) to work on /home/airflow/.local/lib/python3.12/site-packages/airflow/example_dags/example_external_task_marker_dag.py
[2025-03-11T03:18:15.709+0000] {processor.py:830} INFO - Processing file /home/airflow/.local/lib/python3.12/site-packages/airflow/example_dags/example_external_task_marker_dag.py for tasks to queue
[2025-03-11T03:18:15.712+0000] {logging_mixin.py:188} INFO - [2025-03-11T03:18:15.711+0000] {dagbag.py:545} INFO - Filling up the DagBag from /home/airflow/.local/lib/python3.12/site-packages/airflow/example_dags/example_external_task_marker_dag.py
[2025-03-11T03:18:15.718+0000] {processor.py:840} INFO - DAG(s) 'example_external_task_marker_parent', 'example_external_task_marker_child' retrieved from /home/airflow/.local/lib/python3.12/site-packages/airflow/example_dags/example_external_task_marker_dag.py
[2025-03-11T03:18:15.746+0000] {logging_mixin.py:188} INFO - [2025-03-11T03:18:15.745+0000] {dag.py:3096} INFO - Sync 2 DAGs
[2025-03-11T03:18:15.760+0000] {logging_mixin.py:188} INFO - [2025-03-11T03:18:15.760+0000] {dag.py:3954} INFO - Setting next_dagrun for example_external_task_marker_child to None, run_after=None
[2025-03-11T03:18:15.765+0000] {logging_mixin.py:188} INFO - [2025-03-11T03:18:15.765+0000] {dag.py:3954} INFO - Setting next_dagrun for example_external_task_marker_parent to None, run_after=None
[2025-03-11T03:18:15.908+0000] {processor.py:183} INFO - Processing /home/airflow/.local/lib/python3.12/site-packages/airflow/example_dags/example_external_task_marker_dag.py took 0.206 seconds
[2025-03-11T03:18:47.848+0000] {processor.py:161} INFO - Started process (PID=66181) to work on /home/airflow/.local/lib/python3.12/site-packages/airflow/example_dags/example_external_task_marker_dag.py
[2025-03-11T03:18:47.849+0000] {processor.py:830} INFO - Processing file /home/airflow/.local/lib/python3.12/site-packages/airflow/example_dags/example_external_task_marker_dag.py for tasks to queue
[2025-03-11T03:18:47.852+0000] {logging_mixin.py:188} INFO - [2025-03-11T03:18:47.852+0000] {dagbag.py:545} INFO - Filling up the DagBag from /home/airflow/.local/lib/python3.12/site-packages/airflow/example_dags/example_external_task_marker_dag.py
[2025-03-11T03:18:47.858+0000] {processor.py:840} INFO - DAG(s) 'example_external_task_marker_parent', 'example_external_task_marker_child' retrieved from /home/airflow/.local/lib/python3.12/site-packages/airflow/example_dags/example_external_task_marker_dag.py
[2025-03-11T03:18:47.882+0000] {logging_mixin.py:188} INFO - [2025-03-11T03:18:47.882+0000] {dag.py:3096} INFO - Sync 2 DAGs
[2025-03-11T03:18:47.897+0000] {logging_mixin.py:188} INFO - [2025-03-11T03:18:47.897+0000] {dag.py:3954} INFO - Setting next_dagrun for example_external_task_marker_child to None, run_after=None
[2025-03-11T03:18:47.901+0000] {logging_mixin.py:188} INFO - [2025-03-11T03:18:47.901+0000] {dag.py:3954} INFO - Setting next_dagrun for example_external_task_marker_parent to None, run_after=None
[2025-03-11T03:18:47.923+0000] {processor.py:183} INFO - Processing /home/airflow/.local/lib/python3.12/site-packages/airflow/example_dags/example_external_task_marker_dag.py took 0.082 seconds
[2025-03-11T03:19:20.075+0000] {processor.py:161} INFO - Started process (PID=66443) to work on /home/airflow/.local/lib/python3.12/site-packages/airflow/example_dags/example_external_task_marker_dag.py
[2025-03-11T03:19:20.077+0000] {processor.py:830} INFO - Processing file /home/airflow/.local/lib/python3.12/site-packages/airflow/example_dags/example_external_task_marker_dag.py for tasks to queue
[2025-03-11T03:19:20.081+0000] {logging_mixin.py:188} INFO - [2025-03-11T03:19:20.080+0000] {dagbag.py:545} INFO - Filling up the DagBag from /home/airflow/.local/lib/python3.12/site-packages/airflow/example_dags/example_external_task_marker_dag.py
[2025-03-11T03:19:20.091+0000] {processor.py:840} INFO - DAG(s) 'example_external_task_marker_parent', 'example_external_task_marker_child' retrieved from /home/airflow/.local/lib/python3.12/site-packages/airflow/example_dags/example_external_task_marker_dag.py
[2025-03-11T03:19:20.121+0000] {logging_mixin.py:188} INFO - [2025-03-11T03:19:20.121+0000] {dag.py:3096} INFO - Sync 2 DAGs
[2025-03-11T03:19:20.136+0000] {logging_mixin.py:188} INFO - [2025-03-11T03:19:20.136+0000] {dag.py:3954} INFO - Setting next_dagrun for example_external_task_marker_child to None, run_after=None
[2025-03-11T03:19:20.141+0000] {logging_mixin.py:188} INFO - [2025-03-11T03:19:20.141+0000] {dag.py:3954} INFO - Setting next_dagrun for example_external_task_marker_parent to None, run_after=None
[2025-03-11T03:19:20.160+0000] {processor.py:183} INFO - Processing /home/airflow/.local/lib/python3.12/site-packages/airflow/example_dags/example_external_task_marker_dag.py took 0.113 seconds
[2025-03-11T03:19:51.167+0000] {processor.py:161} INFO - Started process (PID=66703) to work on /home/airflow/.local/lib/python3.12/site-packages/airflow/example_dags/example_external_task_marker_dag.py
[2025-03-11T03:19:51.169+0000] {processor.py:830} INFO - Processing file /home/airflow/.local/lib/python3.12/site-packages/airflow/example_dags/example_external_task_marker_dag.py for tasks to queue
[2025-03-11T03:19:51.171+0000] {logging_mixin.py:188} INFO - [2025-03-11T03:19:51.171+0000] {dagbag.py:545} INFO - Filling up the DagBag from /home/airflow/.local/lib/python3.12/site-packages/airflow/example_dags/example_external_task_marker_dag.py
[2025-03-11T03:19:51.179+0000] {processor.py:840} INFO - DAG(s) 'example_external_task_marker_parent', 'example_external_task_marker_child' retrieved from /home/airflow/.local/lib/python3.12/site-packages/airflow/example_dags/example_external_task_marker_dag.py
[2025-03-11T03:19:51.203+0000] {logging_mixin.py:188} INFO - [2025-03-11T03:19:51.203+0000] {dag.py:3096} INFO - Sync 2 DAGs
[2025-03-11T03:19:51.218+0000] {logging_mixin.py:188} INFO - [2025-03-11T03:19:51.218+0000] {dag.py:3954} INFO - Setting next_dagrun for example_external_task_marker_child to None, run_after=None
[2025-03-11T03:19:51.223+0000] {logging_mixin.py:188} INFO - [2025-03-11T03:19:51.223+0000] {dag.py:3954} INFO - Setting next_dagrun for example_external_task_marker_parent to None, run_after=None
[2025-03-11T03:19:51.243+0000] {processor.py:183} INFO - Processing /home/airflow/.local/lib/python3.12/site-packages/airflow/example_dags/example_external_task_marker_dag.py took 0.082 seconds
[2025-03-11T03:20:23.715+0000] {processor.py:161} INFO - Started process (PID=66964) to work on /home/airflow/.local/lib/python3.12/site-packages/airflow/example_dags/example_external_task_marker_dag.py
[2025-03-11T03:20:23.716+0000] {processor.py:830} INFO - Processing file /home/airflow/.local/lib/python3.12/site-packages/airflow/example_dags/example_external_task_marker_dag.py for tasks to queue
[2025-03-11T03:20:23.718+0000] {logging_mixin.py:188} INFO - [2025-03-11T03:20:23.718+0000] {dagbag.py:545} INFO - Filling up the DagBag from /home/airflow/.local/lib/python3.12/site-packages/airflow/example_dags/example_external_task_marker_dag.py
[2025-03-11T03:20:23.724+0000] {processor.py:840} INFO - DAG(s) 'example_external_task_marker_child', 'example_external_task_marker_parent' retrieved from /home/airflow/.local/lib/python3.12/site-packages/airflow/example_dags/example_external_task_marker_dag.py
[2025-03-11T03:20:23.747+0000] {logging_mixin.py:188} INFO - [2025-03-11T03:20:23.746+0000] {dag.py:3096} INFO - Sync 2 DAGs
[2025-03-11T03:20:23.760+0000] {logging_mixin.py:188} INFO - [2025-03-11T03:20:23.760+0000] {dag.py:3954} INFO - Setting next_dagrun for example_external_task_marker_child to None, run_after=None
[2025-03-11T03:20:23.764+0000] {logging_mixin.py:188} INFO - [2025-03-11T03:20:23.764+0000] {dag.py:3954} INFO - Setting next_dagrun for example_external_task_marker_parent to None, run_after=None
[2025-03-11T03:20:23.782+0000] {processor.py:183} INFO - Processing /home/airflow/.local/lib/python3.12/site-packages/airflow/example_dags/example_external_task_marker_dag.py took 0.073 seconds
[2025-03-11T03:20:55.410+0000] {processor.py:161} INFO - Started process (PID=67226) to work on /home/airflow/.local/lib/python3.12/site-packages/airflow/example_dags/example_external_task_marker_dag.py
[2025-03-11T03:20:55.412+0000] {processor.py:830} INFO - Processing file /home/airflow/.local/lib/python3.12/site-packages/airflow/example_dags/example_external_task_marker_dag.py for tasks to queue
[2025-03-11T03:20:55.414+0000] {logging_mixin.py:188} INFO - [2025-03-11T03:20:55.414+0000] {dagbag.py:545} INFO - Filling up the DagBag from /home/airflow/.local/lib/python3.12/site-packages/airflow/example_dags/example_external_task_marker_dag.py
[2025-03-11T03:20:55.421+0000] {processor.py:840} INFO - DAG(s) 'example_external_task_marker_parent', 'example_external_task_marker_child' retrieved from /home/airflow/.local/lib/python3.12/site-packages/airflow/example_dags/example_external_task_marker_dag.py
[2025-03-11T03:20:55.444+0000] {logging_mixin.py:188} INFO - [2025-03-11T03:20:55.444+0000] {dag.py:3096} INFO - Sync 2 DAGs
[2025-03-11T03:20:55.458+0000] {logging_mixin.py:188} INFO - [2025-03-11T03:20:55.458+0000] {dag.py:3954} INFO - Setting next_dagrun for example_external_task_marker_child to None, run_after=None
[2025-03-11T03:20:55.463+0000] {logging_mixin.py:188} INFO - [2025-03-11T03:20:55.463+0000] {dag.py:3954} INFO - Setting next_dagrun for example_external_task_marker_parent to None, run_after=None
[2025-03-11T03:20:55.480+0000] {processor.py:183} INFO - Processing /home/airflow/.local/lib/python3.12/site-packages/airflow/example_dags/example_external_task_marker_dag.py took 0.077 seconds
[2025-03-11T03:21:27.830+0000] {processor.py:161} INFO - Started process (PID=67490) to work on /home/airflow/.local/lib/python3.12/site-packages/airflow/example_dags/example_external_task_marker_dag.py
[2025-03-11T03:21:27.832+0000] {processor.py:830} INFO - Processing file /home/airflow/.local/lib/python3.12/site-packages/airflow/example_dags/example_external_task_marker_dag.py for tasks to queue
[2025-03-11T03:21:27.834+0000] {logging_mixin.py:188} INFO - [2025-03-11T03:21:27.834+0000] {dagbag.py:545} INFO - Filling up the DagBag from /home/airflow/.local/lib/python3.12/site-packages/airflow/example_dags/example_external_task_marker_dag.py
[2025-03-11T03:21:27.840+0000] {processor.py:840} INFO - DAG(s) 'example_external_task_marker_child', 'example_external_task_marker_parent' retrieved from /home/airflow/.local/lib/python3.12/site-packages/airflow/example_dags/example_external_task_marker_dag.py
[2025-03-11T03:21:27.869+0000] {logging_mixin.py:188} INFO - [2025-03-11T03:21:27.869+0000] {dag.py:3096} INFO - Sync 2 DAGs
[2025-03-11T03:21:27.883+0000] {logging_mixin.py:188} INFO - [2025-03-11T03:21:27.883+0000] {dag.py:3954} INFO - Setting next_dagrun for example_external_task_marker_child to None, run_after=None
[2025-03-11T03:21:27.888+0000] {logging_mixin.py:188} INFO - [2025-03-11T03:21:27.888+0000] {dag.py:3954} INFO - Setting next_dagrun for example_external_task_marker_parent to None, run_after=None
[2025-03-11T03:21:27.913+0000] {processor.py:183} INFO - Processing /home/airflow/.local/lib/python3.12/site-packages/airflow/example_dags/example_external_task_marker_dag.py took 0.089 seconds
[2025-03-11T03:22:00.720+0000] {processor.py:161} INFO - Started process (PID=67755) to work on /home/airflow/.local/lib/python3.12/site-packages/airflow/example_dags/example_external_task_marker_dag.py
[2025-03-11T03:22:00.721+0000] {processor.py:830} INFO - Processing file /home/airflow/.local/lib/python3.12/site-packages/airflow/example_dags/example_external_task_marker_dag.py for tasks to queue
[2025-03-11T03:22:00.723+0000] {logging_mixin.py:188} INFO - [2025-03-11T03:22:00.723+0000] {dagbag.py:545} INFO - Filling up the DagBag from /home/airflow/.local/lib/python3.12/site-packages/airflow/example_dags/example_external_task_marker_dag.py
[2025-03-11T03:22:00.733+0000] {processor.py:840} INFO - DAG(s) 'example_external_task_marker_child', 'example_external_task_marker_parent' retrieved from /home/airflow/.local/lib/python3.12/site-packages/airflow/example_dags/example_external_task_marker_dag.py
[2025-03-11T03:22:00.759+0000] {logging_mixin.py:188} INFO - [2025-03-11T03:22:00.758+0000] {dag.py:3096} INFO - Sync 2 DAGs
[2025-03-11T03:22:00.773+0000] {logging_mixin.py:188} INFO - [2025-03-11T03:22:00.773+0000] {dag.py:3954} INFO - Setting next_dagrun for example_external_task_marker_child to None, run_after=None
[2025-03-11T03:22:00.778+0000] {logging_mixin.py:188} INFO - [2025-03-11T03:22:00.778+0000] {dag.py:3954} INFO - Setting next_dagrun for example_external_task_marker_parent to None, run_after=None
[2025-03-11T03:22:00.798+0000] {processor.py:183} INFO - Processing /home/airflow/.local/lib/python3.12/site-packages/airflow/example_dags/example_external_task_marker_dag.py took 0.087 seconds
[2025-03-11T03:22:32.863+0000] {processor.py:161} INFO - Started process (PID=68017) to work on /home/airflow/.local/lib/python3.12/site-packages/airflow/example_dags/example_external_task_marker_dag.py
[2025-03-11T03:22:32.867+0000] {processor.py:830} INFO - Processing file /home/airflow/.local/lib/python3.12/site-packages/airflow/example_dags/example_external_task_marker_dag.py for tasks to queue
[2025-03-11T03:22:32.875+0000] {logging_mixin.py:188} INFO - [2025-03-11T03:22:32.874+0000] {dagbag.py:545} INFO - Filling up the DagBag from /home/airflow/.local/lib/python3.12/site-packages/airflow/example_dags/example_external_task_marker_dag.py
[2025-03-11T03:22:32.889+0000] {processor.py:840} INFO - DAG(s) 'example_external_task_marker_parent', 'example_external_task_marker_child' retrieved from /home/airflow/.local/lib/python3.12/site-packages/airflow/example_dags/example_external_task_marker_dag.py
[2025-03-11T03:22:32.932+0000] {logging_mixin.py:188} INFO - [2025-03-11T03:22:32.932+0000] {dag.py:3096} INFO - Sync 2 DAGs
[2025-03-11T03:22:32.952+0000] {logging_mixin.py:188} INFO - [2025-03-11T03:22:32.952+0000] {dag.py:3954} INFO - Setting next_dagrun for example_external_task_marker_child to None, run_after=None
[2025-03-11T03:22:32.966+0000] {logging_mixin.py:188} INFO - [2025-03-11T03:22:32.965+0000] {dag.py:3954} INFO - Setting next_dagrun for example_external_task_marker_parent to None, run_after=None
[2025-03-11T03:22:32.997+0000] {processor.py:183} INFO - Processing /home/airflow/.local/lib/python3.12/site-packages/airflow/example_dags/example_external_task_marker_dag.py took 0.144 seconds
[2025-03-11T03:23:04.738+0000] {processor.py:161} INFO - Started process (PID=68281) to work on /home/airflow/.local/lib/python3.12/site-packages/airflow/example_dags/example_external_task_marker_dag.py
[2025-03-11T03:23:04.740+0000] {processor.py:830} INFO - Processing file /home/airflow/.local/lib/python3.12/site-packages/airflow/example_dags/example_external_task_marker_dag.py for tasks to queue
[2025-03-11T03:23:04.742+0000] {logging_mixin.py:188} INFO - [2025-03-11T03:23:04.742+0000] {dagbag.py:545} INFO - Filling up the DagBag from /home/airflow/.local/lib/python3.12/site-packages/airflow/example_dags/example_external_task_marker_dag.py
[2025-03-11T03:23:04.751+0000] {processor.py:840} INFO - DAG(s) 'example_external_task_marker_parent', 'example_external_task_marker_child' retrieved from /home/airflow/.local/lib/python3.12/site-packages/airflow/example_dags/example_external_task_marker_dag.py
[2025-03-11T03:23:04.782+0000] {logging_mixin.py:188} INFO - [2025-03-11T03:23:04.781+0000] {dag.py:3096} INFO - Sync 2 DAGs
[2025-03-11T03:23:04.803+0000] {logging_mixin.py:188} INFO - [2025-03-11T03:23:04.802+0000] {dag.py:3954} INFO - Setting next_dagrun for example_external_task_marker_child to None, run_after=None
[2025-03-11T03:23:04.808+0000] {logging_mixin.py:188} INFO - [2025-03-11T03:23:04.808+0000] {dag.py:3954} INFO - Setting next_dagrun for example_external_task_marker_parent to None, run_after=None
[2025-03-11T03:23:04.838+0000] {processor.py:183} INFO - Processing /home/airflow/.local/lib/python3.12/site-packages/airflow/example_dags/example_external_task_marker_dag.py took 0.108 seconds
[2025-03-11T03:23:37.018+0000] {processor.py:161} INFO - Started process (PID=68551) to work on /home/airflow/.local/lib/python3.12/site-packages/airflow/example_dags/example_external_task_marker_dag.py
[2025-03-11T03:23:37.019+0000] {processor.py:830} INFO - Processing file /home/airflow/.local/lib/python3.12/site-packages/airflow/example_dags/example_external_task_marker_dag.py for tasks to queue
[2025-03-11T03:23:37.021+0000] {logging_mixin.py:188} INFO - [2025-03-11T03:23:37.021+0000] {dagbag.py:545} INFO - Filling up the DagBag from /home/airflow/.local/lib/python3.12/site-packages/airflow/example_dags/example_external_task_marker_dag.py
[2025-03-11T03:23:37.027+0000] {processor.py:840} INFO - DAG(s) 'example_external_task_marker_parent', 'example_external_task_marker_child' retrieved from /home/airflow/.local/lib/python3.12/site-packages/airflow/example_dags/example_external_task_marker_dag.py
[2025-03-11T03:23:37.052+0000] {logging_mixin.py:188} INFO - [2025-03-11T03:23:37.052+0000] {dag.py:3096} INFO - Sync 2 DAGs
[2025-03-11T03:23:37.067+0000] {logging_mixin.py:188} INFO - [2025-03-11T03:23:37.066+0000] {dag.py:3954} INFO - Setting next_dagrun for example_external_task_marker_child to None, run_after=None
[2025-03-11T03:23:37.071+0000] {logging_mixin.py:188} INFO - [2025-03-11T03:23:37.071+0000] {dag.py:3954} INFO - Setting next_dagrun for example_external_task_marker_parent to None, run_after=None
[2025-03-11T03:23:37.088+0000] {processor.py:183} INFO - Processing /home/airflow/.local/lib/python3.12/site-packages/airflow/example_dags/example_external_task_marker_dag.py took 0.076 seconds
[2025-03-11T03:24:09.099+0000] {processor.py:161} INFO - Started process (PID=68813) to work on /home/airflow/.local/lib/python3.12/site-packages/airflow/example_dags/example_external_task_marker_dag.py
[2025-03-11T03:24:09.101+0000] {processor.py:830} INFO - Processing file /home/airflow/.local/lib/python3.12/site-packages/airflow/example_dags/example_external_task_marker_dag.py for tasks to queue
[2025-03-11T03:24:09.103+0000] {logging_mixin.py:188} INFO - [2025-03-11T03:24:09.103+0000] {dagbag.py:545} INFO - Filling up the DagBag from /home/airflow/.local/lib/python3.12/site-packages/airflow/example_dags/example_external_task_marker_dag.py
[2025-03-11T03:24:09.112+0000] {processor.py:840} INFO - DAG(s) 'example_external_task_marker_child', 'example_external_task_marker_parent' retrieved from /home/airflow/.local/lib/python3.12/site-packages/airflow/example_dags/example_external_task_marker_dag.py
[2025-03-11T03:24:09.148+0000] {logging_mixin.py:188} INFO - [2025-03-11T03:24:09.147+0000] {dag.py:3096} INFO - Sync 2 DAGs
[2025-03-11T03:24:09.168+0000] {logging_mixin.py:188} INFO - [2025-03-11T03:24:09.167+0000] {dag.py:3954} INFO - Setting next_dagrun for example_external_task_marker_child to None, run_after=None
[2025-03-11T03:24:09.173+0000] {logging_mixin.py:188} INFO - [2025-03-11T03:24:09.172+0000] {dag.py:3954} INFO - Setting next_dagrun for example_external_task_marker_parent to None, run_after=None
[2025-03-11T03:24:09.197+0000] {processor.py:183} INFO - Processing /home/airflow/.local/lib/python3.12/site-packages/airflow/example_dags/example_external_task_marker_dag.py took 0.105 seconds
[2025-03-11T03:24:40.880+0000] {processor.py:161} INFO - Started process (PID=69075) to work on /home/airflow/.local/lib/python3.12/site-packages/airflow/example_dags/example_external_task_marker_dag.py
[2025-03-11T03:24:40.882+0000] {processor.py:830} INFO - Processing file /home/airflow/.local/lib/python3.12/site-packages/airflow/example_dags/example_external_task_marker_dag.py for tasks to queue
[2025-03-11T03:24:40.884+0000] {logging_mixin.py:188} INFO - [2025-03-11T03:24:40.884+0000] {dagbag.py:545} INFO - Filling up the DagBag from /home/airflow/.local/lib/python3.12/site-packages/airflow/example_dags/example_external_task_marker_dag.py
[2025-03-11T03:24:40.890+0000] {processor.py:840} INFO - DAG(s) 'example_external_task_marker_child', 'example_external_task_marker_parent' retrieved from /home/airflow/.local/lib/python3.12/site-packages/airflow/example_dags/example_external_task_marker_dag.py
[2025-03-11T03:24:40.913+0000] {logging_mixin.py:188} INFO - [2025-03-11T03:24:40.913+0000] {dag.py:3096} INFO - Sync 2 DAGs
[2025-03-11T03:24:40.926+0000] {logging_mixin.py:188} INFO - [2025-03-11T03:24:40.926+0000] {dag.py:3954} INFO - Setting next_dagrun for example_external_task_marker_child to None, run_after=None
[2025-03-11T03:24:40.930+0000] {logging_mixin.py:188} INFO - [2025-03-11T03:24:40.930+0000] {dag.py:3954} INFO - Setting next_dagrun for example_external_task_marker_parent to None, run_after=None
[2025-03-11T03:24:40.948+0000] {processor.py:183} INFO - Processing /home/airflow/.local/lib/python3.12/site-packages/airflow/example_dags/example_external_task_marker_dag.py took 0.073 seconds
[2025-03-11T03:25:12.975+0000] {processor.py:161} INFO - Started process (PID=69337) to work on /home/airflow/.local/lib/python3.12/site-packages/airflow/example_dags/example_external_task_marker_dag.py
[2025-03-11T03:25:12.977+0000] {processor.py:830} INFO - Processing file /home/airflow/.local/lib/python3.12/site-packages/airflow/example_dags/example_external_task_marker_dag.py for tasks to queue
[2025-03-11T03:25:12.979+0000] {logging_mixin.py:188} INFO - [2025-03-11T03:25:12.979+0000] {dagbag.py:545} INFO - Filling up the DagBag from /home/airflow/.local/lib/python3.12/site-packages/airflow/example_dags/example_external_task_marker_dag.py
[2025-03-11T03:25:12.986+0000] {processor.py:840} INFO - DAG(s) 'example_external_task_marker_parent', 'example_external_task_marker_child' retrieved from /home/airflow/.local/lib/python3.12/site-packages/airflow/example_dags/example_external_task_marker_dag.py
[2025-03-11T03:25:13.014+0000] {logging_mixin.py:188} INFO - [2025-03-11T03:25:13.014+0000] {dag.py:3096} INFO - Sync 2 DAGs
[2025-03-11T03:25:13.032+0000] {logging_mixin.py:188} INFO - [2025-03-11T03:25:13.031+0000] {dag.py:3954} INFO - Setting next_dagrun for example_external_task_marker_child to None, run_after=None
[2025-03-11T03:25:13.037+0000] {logging_mixin.py:188} INFO - [2025-03-11T03:25:13.037+0000] {dag.py:3954} INFO - Setting next_dagrun for example_external_task_marker_parent to None, run_after=None
[2025-03-11T03:25:13.060+0000] {processor.py:183} INFO - Processing /home/airflow/.local/lib/python3.12/site-packages/airflow/example_dags/example_external_task_marker_dag.py took 0.092 seconds
[2025-03-11T03:25:44.958+0000] {processor.py:161} INFO - Started process (PID=69599) to work on /home/airflow/.local/lib/python3.12/site-packages/airflow/example_dags/example_external_task_marker_dag.py
[2025-03-11T03:25:44.959+0000] {processor.py:830} INFO - Processing file /home/airflow/.local/lib/python3.12/site-packages/airflow/example_dags/example_external_task_marker_dag.py for tasks to queue
[2025-03-11T03:25:44.962+0000] {logging_mixin.py:188} INFO - [2025-03-11T03:25:44.962+0000] {dagbag.py:545} INFO - Filling up the DagBag from /home/airflow/.local/lib/python3.12/site-packages/airflow/example_dags/example_external_task_marker_dag.py
[2025-03-11T03:25:44.969+0000] {processor.py:840} INFO - DAG(s) 'example_external_task_marker_child', 'example_external_task_marker_parent' retrieved from /home/airflow/.local/lib/python3.12/site-packages/airflow/example_dags/example_external_task_marker_dag.py
[2025-03-11T03:25:44.993+0000] {logging_mixin.py:188} INFO - [2025-03-11T03:25:44.993+0000] {dag.py:3096} INFO - Sync 2 DAGs
[2025-03-11T03:25:45.006+0000] {logging_mixin.py:188} INFO - [2025-03-11T03:25:45.005+0000] {dag.py:3954} INFO - Setting next_dagrun for example_external_task_marker_child to None, run_after=None
[2025-03-11T03:25:45.010+0000] {logging_mixin.py:188} INFO - [2025-03-11T03:25:45.010+0000] {dag.py:3954} INFO - Setting next_dagrun for example_external_task_marker_parent to None, run_after=None
[2025-03-11T03:25:45.028+0000] {processor.py:183} INFO - Processing /home/airflow/.local/lib/python3.12/site-packages/airflow/example_dags/example_external_task_marker_dag.py took 0.076 seconds
[2025-03-11T03:26:17.728+0000] {processor.py:161} INFO - Started process (PID=69861) to work on /home/airflow/.local/lib/python3.12/site-packages/airflow/example_dags/example_external_task_marker_dag.py
[2025-03-11T03:26:17.729+0000] {processor.py:830} INFO - Processing file /home/airflow/.local/lib/python3.12/site-packages/airflow/example_dags/example_external_task_marker_dag.py for tasks to queue
[2025-03-11T03:26:17.732+0000] {logging_mixin.py:188} INFO - [2025-03-11T03:26:17.731+0000] {dagbag.py:545} INFO - Filling up the DagBag from /home/airflow/.local/lib/python3.12/site-packages/airflow/example_dags/example_external_task_marker_dag.py
[2025-03-11T03:26:17.739+0000] {processor.py:840} INFO - DAG(s) 'example_external_task_marker_parent', 'example_external_task_marker_child' retrieved from /home/airflow/.local/lib/python3.12/site-packages/airflow/example_dags/example_external_task_marker_dag.py
[2025-03-11T03:26:17.764+0000] {logging_mixin.py:188} INFO - [2025-03-11T03:26:17.763+0000] {dag.py:3096} INFO - Sync 2 DAGs
[2025-03-11T03:26:17.777+0000] {logging_mixin.py:188} INFO - [2025-03-11T03:26:17.777+0000] {dag.py:3954} INFO - Setting next_dagrun for example_external_task_marker_child to None, run_after=None
[2025-03-11T03:26:17.782+0000] {logging_mixin.py:188} INFO - [2025-03-11T03:26:17.781+0000] {dag.py:3954} INFO - Setting next_dagrun for example_external_task_marker_parent to None, run_after=None
[2025-03-11T03:26:17.800+0000] {processor.py:183} INFO - Processing /home/airflow/.local/lib/python3.12/site-packages/airflow/example_dags/example_external_task_marker_dag.py took 0.078 seconds
[2025-03-11T03:26:49.212+0000] {processor.py:161} INFO - Started process (PID=70123) to work on /home/airflow/.local/lib/python3.12/site-packages/airflow/example_dags/example_external_task_marker_dag.py
[2025-03-11T03:26:49.214+0000] {processor.py:830} INFO - Processing file /home/airflow/.local/lib/python3.12/site-packages/airflow/example_dags/example_external_task_marker_dag.py for tasks to queue
[2025-03-11T03:26:49.216+0000] {logging_mixin.py:188} INFO - [2025-03-11T03:26:49.215+0000] {dagbag.py:545} INFO - Filling up the DagBag from /home/airflow/.local/lib/python3.12/site-packages/airflow/example_dags/example_external_task_marker_dag.py
[2025-03-11T03:26:49.223+0000] {processor.py:840} INFO - DAG(s) 'example_external_task_marker_child', 'example_external_task_marker_parent' retrieved from /home/airflow/.local/lib/python3.12/site-packages/airflow/example_dags/example_external_task_marker_dag.py
[2025-03-11T03:26:49.247+0000] {logging_mixin.py:188} INFO - [2025-03-11T03:26:49.246+0000] {dag.py:3096} INFO - Sync 2 DAGs
[2025-03-11T03:26:49.261+0000] {logging_mixin.py:188} INFO - [2025-03-11T03:26:49.261+0000] {dag.py:3954} INFO - Setting next_dagrun for example_external_task_marker_child to None, run_after=None
[2025-03-11T03:26:49.266+0000] {logging_mixin.py:188} INFO - [2025-03-11T03:26:49.266+0000] {dag.py:3954} INFO - Setting next_dagrun for example_external_task_marker_parent to None, run_after=None
[2025-03-11T03:26:49.283+0000] {processor.py:183} INFO - Processing /home/airflow/.local/lib/python3.12/site-packages/airflow/example_dags/example_external_task_marker_dag.py took 0.077 seconds
[2025-03-11T03:27:21.813+0000] {processor.py:161} INFO - Started process (PID=70385) to work on /home/airflow/.local/lib/python3.12/site-packages/airflow/example_dags/example_external_task_marker_dag.py
[2025-03-11T03:27:21.815+0000] {processor.py:830} INFO - Processing file /home/airflow/.local/lib/python3.12/site-packages/airflow/example_dags/example_external_task_marker_dag.py for tasks to queue
[2025-03-11T03:27:21.817+0000] {logging_mixin.py:188} INFO - [2025-03-11T03:27:21.816+0000] {dagbag.py:545} INFO - Filling up the DagBag from /home/airflow/.local/lib/python3.12/site-packages/airflow/example_dags/example_external_task_marker_dag.py
[2025-03-11T03:27:21.824+0000] {processor.py:840} INFO - DAG(s) 'example_external_task_marker_child', 'example_external_task_marker_parent' retrieved from /home/airflow/.local/lib/python3.12/site-packages/airflow/example_dags/example_external_task_marker_dag.py
[2025-03-11T03:27:21.850+0000] {logging_mixin.py:188} INFO - [2025-03-11T03:27:21.849+0000] {dag.py:3096} INFO - Sync 2 DAGs
[2025-03-11T03:27:21.864+0000] {logging_mixin.py:188} INFO - [2025-03-11T03:27:21.863+0000] {dag.py:3954} INFO - Setting next_dagrun for example_external_task_marker_child to None, run_after=None
[2025-03-11T03:27:21.868+0000] {logging_mixin.py:188} INFO - [2025-03-11T03:27:21.868+0000] {dag.py:3954} INFO - Setting next_dagrun for example_external_task_marker_parent to None, run_after=None
[2025-03-11T03:27:21.889+0000] {processor.py:183} INFO - Processing /home/airflow/.local/lib/python3.12/site-packages/airflow/example_dags/example_external_task_marker_dag.py took 0.081 seconds
[2025-03-11T03:27:53.332+0000] {processor.py:161} INFO - Started process (PID=70647) to work on /home/airflow/.local/lib/python3.12/site-packages/airflow/example_dags/example_external_task_marker_dag.py
[2025-03-11T03:27:53.334+0000] {processor.py:830} INFO - Processing file /home/airflow/.local/lib/python3.12/site-packages/airflow/example_dags/example_external_task_marker_dag.py for tasks to queue
[2025-03-11T03:27:53.336+0000] {logging_mixin.py:188} INFO - [2025-03-11T03:27:53.336+0000] {dagbag.py:545} INFO - Filling up the DagBag from /home/airflow/.local/lib/python3.12/site-packages/airflow/example_dags/example_external_task_marker_dag.py
[2025-03-11T03:27:53.346+0000] {processor.py:840} INFO - DAG(s) 'example_external_task_marker_child', 'example_external_task_marker_parent' retrieved from /home/airflow/.local/lib/python3.12/site-packages/airflow/example_dags/example_external_task_marker_dag.py
[2025-03-11T03:27:53.396+0000] {logging_mixin.py:188} INFO - [2025-03-11T03:27:53.395+0000] {dag.py:3096} INFO - Sync 2 DAGs
[2025-03-11T03:27:53.418+0000] {logging_mixin.py:188} INFO - [2025-03-11T03:27:53.418+0000] {dag.py:3954} INFO - Setting next_dagrun for example_external_task_marker_child to None, run_after=None
[2025-03-11T03:27:53.424+0000] {logging_mixin.py:188} INFO - [2025-03-11T03:27:53.424+0000] {dag.py:3954} INFO - Setting next_dagrun for example_external_task_marker_parent to None, run_after=None
[2025-03-11T03:27:53.445+0000] {processor.py:183} INFO - Processing /home/airflow/.local/lib/python3.12/site-packages/airflow/example_dags/example_external_task_marker_dag.py took 0.124 seconds
[2025-03-11T03:28:26.197+0000] {processor.py:161} INFO - Started process (PID=70911) to work on /home/airflow/.local/lib/python3.12/site-packages/airflow/example_dags/example_external_task_marker_dag.py
[2025-03-11T03:28:26.199+0000] {processor.py:830} INFO - Processing file /home/airflow/.local/lib/python3.12/site-packages/airflow/example_dags/example_external_task_marker_dag.py for tasks to queue
[2025-03-11T03:28:26.203+0000] {logging_mixin.py:188} INFO - [2025-03-11T03:28:26.203+0000] {dagbag.py:545} INFO - Filling up the DagBag from /home/airflow/.local/lib/python3.12/site-packages/airflow/example_dags/example_external_task_marker_dag.py
[2025-03-11T03:28:26.211+0000] {processor.py:840} INFO - DAG(s) 'example_external_task_marker_parent', 'example_external_task_marker_child' retrieved from /home/airflow/.local/lib/python3.12/site-packages/airflow/example_dags/example_external_task_marker_dag.py
[2025-03-11T03:28:26.238+0000] {logging_mixin.py:188} INFO - [2025-03-11T03:28:26.238+0000] {dag.py:3096} INFO - Sync 2 DAGs
[2025-03-11T03:28:26.253+0000] {logging_mixin.py:188} INFO - [2025-03-11T03:28:26.252+0000] {dag.py:3954} INFO - Setting next_dagrun for example_external_task_marker_child to None, run_after=None
[2025-03-11T03:28:26.257+0000] {logging_mixin.py:188} INFO - [2025-03-11T03:28:26.257+0000] {dag.py:3954} INFO - Setting next_dagrun for example_external_task_marker_parent to None, run_after=None
[2025-03-11T03:28:26.278+0000] {processor.py:183} INFO - Processing /home/airflow/.local/lib/python3.12/site-packages/airflow/example_dags/example_external_task_marker_dag.py took 0.090 seconds
[2025-03-11T03:28:57.958+0000] {processor.py:161} INFO - Started process (PID=71171) to work on /home/airflow/.local/lib/python3.12/site-packages/airflow/example_dags/example_external_task_marker_dag.py
[2025-03-11T03:28:57.959+0000] {processor.py:830} INFO - Processing file /home/airflow/.local/lib/python3.12/site-packages/airflow/example_dags/example_external_task_marker_dag.py for tasks to queue
[2025-03-11T03:28:57.961+0000] {logging_mixin.py:188} INFO - [2025-03-11T03:28:57.961+0000] {dagbag.py:545} INFO - Filling up the DagBag from /home/airflow/.local/lib/python3.12/site-packages/airflow/example_dags/example_external_task_marker_dag.py
[2025-03-11T03:28:57.969+0000] {processor.py:840} INFO - DAG(s) 'example_external_task_marker_parent', 'example_external_task_marker_child' retrieved from /home/airflow/.local/lib/python3.12/site-packages/airflow/example_dags/example_external_task_marker_dag.py
[2025-03-11T03:28:57.997+0000] {logging_mixin.py:188} INFO - [2025-03-11T03:28:57.997+0000] {dag.py:3096} INFO - Sync 2 DAGs
[2025-03-11T03:28:58.015+0000] {logging_mixin.py:188} INFO - [2025-03-11T03:28:58.015+0000] {dag.py:3954} INFO - Setting next_dagrun for example_external_task_marker_child to None, run_after=None
[2025-03-11T03:28:58.020+0000] {logging_mixin.py:188} INFO - [2025-03-11T03:28:58.020+0000] {dag.py:3954} INFO - Setting next_dagrun for example_external_task_marker_parent to None, run_after=None
[2025-03-11T03:28:58.041+0000] {processor.py:183} INFO - Processing /home/airflow/.local/lib/python3.12/site-packages/airflow/example_dags/example_external_task_marker_dag.py took 0.089 seconds
[2025-03-11T03:29:30.199+0000] {processor.py:161} INFO - Started process (PID=71433) to work on /home/airflow/.local/lib/python3.12/site-packages/airflow/example_dags/example_external_task_marker_dag.py
[2025-03-11T03:29:30.201+0000] {processor.py:830} INFO - Processing file /home/airflow/.local/lib/python3.12/site-packages/airflow/example_dags/example_external_task_marker_dag.py for tasks to queue
[2025-03-11T03:29:30.205+0000] {logging_mixin.py:188} INFO - [2025-03-11T03:29:30.204+0000] {dagbag.py:545} INFO - Filling up the DagBag from /home/airflow/.local/lib/python3.12/site-packages/airflow/example_dags/example_external_task_marker_dag.py
[2025-03-11T03:29:30.214+0000] {processor.py:840} INFO - DAG(s) 'example_external_task_marker_child', 'example_external_task_marker_parent' retrieved from /home/airflow/.local/lib/python3.12/site-packages/airflow/example_dags/example_external_task_marker_dag.py
[2025-03-11T03:29:30.243+0000] {logging_mixin.py:188} INFO - [2025-03-11T03:29:30.242+0000] {dag.py:3096} INFO - Sync 2 DAGs
[2025-03-11T03:29:30.258+0000] {logging_mixin.py:188} INFO - [2025-03-11T03:29:30.257+0000] {dag.py:3954} INFO - Setting next_dagrun for example_external_task_marker_child to None, run_after=None
[2025-03-11T03:29:30.264+0000] {logging_mixin.py:188} INFO - [2025-03-11T03:29:30.263+0000] {dag.py:3954} INFO - Setting next_dagrun for example_external_task_marker_parent to None, run_after=None
[2025-03-11T03:29:30.286+0000] {processor.py:183} INFO - Processing /home/airflow/.local/lib/python3.12/site-packages/airflow/example_dags/example_external_task_marker_dag.py took 0.101 seconds
[2025-03-11T03:30:01.983+0000] {processor.py:161} INFO - Started process (PID=71695) to work on /home/airflow/.local/lib/python3.12/site-packages/airflow/example_dags/example_external_task_marker_dag.py
[2025-03-11T03:30:01.984+0000] {processor.py:830} INFO - Processing file /home/airflow/.local/lib/python3.12/site-packages/airflow/example_dags/example_external_task_marker_dag.py for tasks to queue
[2025-03-11T03:30:01.987+0000] {logging_mixin.py:188} INFO - [2025-03-11T03:30:01.986+0000] {dagbag.py:545} INFO - Filling up the DagBag from /home/airflow/.local/lib/python3.12/site-packages/airflow/example_dags/example_external_task_marker_dag.py
[2025-03-11T03:30:01.994+0000] {processor.py:840} INFO - DAG(s) 'example_external_task_marker_parent', 'example_external_task_marker_child' retrieved from /home/airflow/.local/lib/python3.12/site-packages/airflow/example_dags/example_external_task_marker_dag.py
[2025-03-11T03:30:02.019+0000] {logging_mixin.py:188} INFO - [2025-03-11T03:30:02.018+0000] {dag.py:3096} INFO - Sync 2 DAGs
[2025-03-11T03:30:02.034+0000] {logging_mixin.py:188} INFO - [2025-03-11T03:30:02.033+0000] {dag.py:3954} INFO - Setting next_dagrun for example_external_task_marker_child to None, run_after=None
[2025-03-11T03:30:02.038+0000] {logging_mixin.py:188} INFO - [2025-03-11T03:30:02.038+0000] {dag.py:3954} INFO - Setting next_dagrun for example_external_task_marker_parent to None, run_after=None
[2025-03-11T03:30:02.058+0000] {processor.py:183} INFO - Processing /home/airflow/.local/lib/python3.12/site-packages/airflow/example_dags/example_external_task_marker_dag.py took 0.082 seconds
[2025-03-11T03:30:34.638+0000] {processor.py:161} INFO - Started process (PID=71957) to work on /home/airflow/.local/lib/python3.12/site-packages/airflow/example_dags/example_external_task_marker_dag.py
[2025-03-11T03:30:34.639+0000] {processor.py:830} INFO - Processing file /home/airflow/.local/lib/python3.12/site-packages/airflow/example_dags/example_external_task_marker_dag.py for tasks to queue
[2025-03-11T03:30:34.644+0000] {logging_mixin.py:188} INFO - [2025-03-11T03:30:34.643+0000] {dagbag.py:545} INFO - Filling up the DagBag from /home/airflow/.local/lib/python3.12/site-packages/airflow/example_dags/example_external_task_marker_dag.py
[2025-03-11T03:30:34.655+0000] {processor.py:840} INFO - DAG(s) 'example_external_task_marker_child', 'example_external_task_marker_parent' retrieved from /home/airflow/.local/lib/python3.12/site-packages/airflow/example_dags/example_external_task_marker_dag.py
[2025-03-11T03:30:34.683+0000] {logging_mixin.py:188} INFO - [2025-03-11T03:30:34.683+0000] {dag.py:3096} INFO - Sync 2 DAGs
[2025-03-11T03:30:34.697+0000] {logging_mixin.py:188} INFO - [2025-03-11T03:30:34.697+0000] {dag.py:3954} INFO - Setting next_dagrun for example_external_task_marker_child to None, run_after=None
[2025-03-11T03:30:34.704+0000] {logging_mixin.py:188} INFO - [2025-03-11T03:30:34.704+0000] {dag.py:3954} INFO - Setting next_dagrun for example_external_task_marker_parent to None, run_after=None
[2025-03-11T03:30:34.730+0000] {processor.py:183} INFO - Processing /home/airflow/.local/lib/python3.12/site-packages/airflow/example_dags/example_external_task_marker_dag.py took 0.099 seconds
[2025-03-11T03:31:05.758+0000] {processor.py:161} INFO - Started process (PID=72219) to work on /home/airflow/.local/lib/python3.12/site-packages/airflow/example_dags/example_external_task_marker_dag.py
[2025-03-11T03:31:05.759+0000] {processor.py:830} INFO - Processing file /home/airflow/.local/lib/python3.12/site-packages/airflow/example_dags/example_external_task_marker_dag.py for tasks to queue
[2025-03-11T03:31:05.762+0000] {logging_mixin.py:188} INFO - [2025-03-11T03:31:05.762+0000] {dagbag.py:545} INFO - Filling up the DagBag from /home/airflow/.local/lib/python3.12/site-packages/airflow/example_dags/example_external_task_marker_dag.py
[2025-03-11T03:31:05.768+0000] {processor.py:840} INFO - DAG(s) 'example_external_task_marker_parent', 'example_external_task_marker_child' retrieved from /home/airflow/.local/lib/python3.12/site-packages/airflow/example_dags/example_external_task_marker_dag.py
[2025-03-11T03:31:05.791+0000] {logging_mixin.py:188} INFO - [2025-03-11T03:31:05.791+0000] {dag.py:3096} INFO - Sync 2 DAGs
[2025-03-11T03:31:05.805+0000] {logging_mixin.py:188} INFO - [2025-03-11T03:31:05.805+0000] {dag.py:3954} INFO - Setting next_dagrun for example_external_task_marker_child to None, run_after=None
[2025-03-11T03:31:05.809+0000] {logging_mixin.py:188} INFO - [2025-03-11T03:31:05.809+0000] {dag.py:3954} INFO - Setting next_dagrun for example_external_task_marker_parent to None, run_after=None
[2025-03-11T03:31:05.826+0000] {processor.py:183} INFO - Processing /home/airflow/.local/lib/python3.12/site-packages/airflow/example_dags/example_external_task_marker_dag.py took 0.075 seconds
[2025-03-11T03:31:38.220+0000] {processor.py:161} INFO - Started process (PID=72481) to work on /home/airflow/.local/lib/python3.12/site-packages/airflow/example_dags/example_external_task_marker_dag.py
[2025-03-11T03:31:38.221+0000] {processor.py:830} INFO - Processing file /home/airflow/.local/lib/python3.12/site-packages/airflow/example_dags/example_external_task_marker_dag.py for tasks to queue
[2025-03-11T03:31:38.224+0000] {logging_mixin.py:188} INFO - [2025-03-11T03:31:38.224+0000] {dagbag.py:545} INFO - Filling up the DagBag from /home/airflow/.local/lib/python3.12/site-packages/airflow/example_dags/example_external_task_marker_dag.py
[2025-03-11T03:31:38.230+0000] {processor.py:840} INFO - DAG(s) 'example_external_task_marker_child', 'example_external_task_marker_parent' retrieved from /home/airflow/.local/lib/python3.12/site-packages/airflow/example_dags/example_external_task_marker_dag.py
[2025-03-11T03:31:38.256+0000] {logging_mixin.py:188} INFO - [2025-03-11T03:31:38.256+0000] {dag.py:3096} INFO - Sync 2 DAGs
[2025-03-11T03:31:38.270+0000] {logging_mixin.py:188} INFO - [2025-03-11T03:31:38.269+0000] {dag.py:3954} INFO - Setting next_dagrun for example_external_task_marker_child to None, run_after=None
[2025-03-11T03:31:38.274+0000] {logging_mixin.py:188} INFO - [2025-03-11T03:31:38.273+0000] {dag.py:3954} INFO - Setting next_dagrun for example_external_task_marker_parent to None, run_after=None
[2025-03-11T03:31:38.291+0000] {processor.py:183} INFO - Processing /home/airflow/.local/lib/python3.12/site-packages/airflow/example_dags/example_external_task_marker_dag.py took 0.078 seconds
[2025-03-11T03:32:09.916+0000] {processor.py:161} INFO - Started process (PID=72743) to work on /home/airflow/.local/lib/python3.12/site-packages/airflow/example_dags/example_external_task_marker_dag.py
[2025-03-11T03:32:09.918+0000] {processor.py:830} INFO - Processing file /home/airflow/.local/lib/python3.12/site-packages/airflow/example_dags/example_external_task_marker_dag.py for tasks to queue
[2025-03-11T03:32:09.920+0000] {logging_mixin.py:188} INFO - [2025-03-11T03:32:09.920+0000] {dagbag.py:545} INFO - Filling up the DagBag from /home/airflow/.local/lib/python3.12/site-packages/airflow/example_dags/example_external_task_marker_dag.py
[2025-03-11T03:32:09.927+0000] {processor.py:840} INFO - DAG(s) 'example_external_task_marker_parent', 'example_external_task_marker_child' retrieved from /home/airflow/.local/lib/python3.12/site-packages/airflow/example_dags/example_external_task_marker_dag.py
[2025-03-11T03:32:09.952+0000] {logging_mixin.py:188} INFO - [2025-03-11T03:32:09.952+0000] {dag.py:3096} INFO - Sync 2 DAGs
[2025-03-11T03:32:09.968+0000] {logging_mixin.py:188} INFO - [2025-03-11T03:32:09.968+0000] {dag.py:3954} INFO - Setting next_dagrun for example_external_task_marker_child to None, run_after=None
[2025-03-11T03:32:09.974+0000] {logging_mixin.py:188} INFO - [2025-03-11T03:32:09.973+0000] {dag.py:3954} INFO - Setting next_dagrun for example_external_task_marker_parent to None, run_after=None
[2025-03-11T03:32:09.997+0000] {processor.py:183} INFO - Processing /home/airflow/.local/lib/python3.12/site-packages/airflow/example_dags/example_external_task_marker_dag.py took 0.089 seconds
[2025-03-11T03:32:42.002+0000] {processor.py:161} INFO - Started process (PID=73005) to work on /home/airflow/.local/lib/python3.12/site-packages/airflow/example_dags/example_external_task_marker_dag.py
[2025-03-11T03:32:42.003+0000] {processor.py:830} INFO - Processing file /home/airflow/.local/lib/python3.12/site-packages/airflow/example_dags/example_external_task_marker_dag.py for tasks to queue
[2025-03-11T03:32:42.005+0000] {logging_mixin.py:188} INFO - [2025-03-11T03:32:42.005+0000] {dagbag.py:545} INFO - Filling up the DagBag from /home/airflow/.local/lib/python3.12/site-packages/airflow/example_dags/example_external_task_marker_dag.py
[2025-03-11T03:32:42.012+0000] {processor.py:840} INFO - DAG(s) 'example_external_task_marker_parent', 'example_external_task_marker_child' retrieved from /home/airflow/.local/lib/python3.12/site-packages/airflow/example_dags/example_external_task_marker_dag.py
[2025-03-11T03:32:42.045+0000] {logging_mixin.py:188} INFO - [2025-03-11T03:32:42.044+0000] {dag.py:3096} INFO - Sync 2 DAGs
[2025-03-11T03:32:42.064+0000] {logging_mixin.py:188} INFO - [2025-03-11T03:32:42.064+0000] {dag.py:3954} INFO - Setting next_dagrun for example_external_task_marker_child to None, run_after=None
[2025-03-11T03:32:42.070+0000] {logging_mixin.py:188} INFO - [2025-03-11T03:32:42.070+0000] {dag.py:3954} INFO - Setting next_dagrun for example_external_task_marker_parent to None, run_after=None
[2025-03-11T03:32:42.092+0000] {processor.py:183} INFO - Processing /home/airflow/.local/lib/python3.12/site-packages/airflow/example_dags/example_external_task_marker_dag.py took 0.096 seconds
