[2025-03-11T03:05:14.449+0000] {processor.py:161} INFO - Started process (PID=59445) to work on /home/airflow/.local/lib/python3.12/site-packages/airflow/example_dags/example_skip_dag.py
[2025-03-11T03:05:14.451+0000] {processor.py:830} INFO - Processing file /home/airflow/.local/lib/python3.12/site-packages/airflow/example_dags/example_skip_dag.py for tasks to queue
[2025-03-11T03:05:14.454+0000] {logging_mixin.py:188} INFO - [2025-03-11T03:05:14.453+0000] {dagbag.py:545} INFO - Filling up the DagBag from /home/airflow/.local/lib/python3.12/site-packages/airflow/example_dags/example_skip_dag.py
[2025-03-11T03:05:14.462+0000] {processor.py:840} INFO - DAG(s) 'example_skip_dag' retrieved from /home/airflow/.local/lib/python3.12/site-packages/airflow/example_dags/example_skip_dag.py
[2025-03-11T03:05:14.492+0000] {logging_mixin.py:188} INFO - [2025-03-11T03:05:14.492+0000] {dag.py:3096} INFO - Sync 1 DAGs
[2025-03-11T03:05:14.522+0000] {logging_mixin.py:188} INFO - [2025-03-11T03:05:14.522+0000] {dag.py:3954} INFO - Setting next_dagrun for example_skip_dag to 2025-03-10 00:00:00+00:00, run_after=2025-03-11 00:00:00+00:00
[2025-03-11T03:05:14.639+0000] {processor.py:183} INFO - Processing /home/airflow/.local/lib/python3.12/site-packages/airflow/example_dags/example_skip_dag.py took 0.198 seconds
[2025-03-11T03:05:44.883+0000] {processor.py:161} INFO - Started process (PID=59707) to work on /home/airflow/.local/lib/python3.12/site-packages/airflow/example_dags/example_skip_dag.py
[2025-03-11T03:05:44.884+0000] {processor.py:830} INFO - Processing file /home/airflow/.local/lib/python3.12/site-packages/airflow/example_dags/example_skip_dag.py for tasks to queue
[2025-03-11T03:05:44.886+0000] {logging_mixin.py:188} INFO - [2025-03-11T03:05:44.886+0000] {dagbag.py:545} INFO - Filling up the DagBag from /home/airflow/.local/lib/python3.12/site-packages/airflow/example_dags/example_skip_dag.py
[2025-03-11T03:05:44.893+0000] {processor.py:840} INFO - DAG(s) 'example_skip_dag' retrieved from /home/airflow/.local/lib/python3.12/site-packages/airflow/example_dags/example_skip_dag.py
[2025-03-11T03:05:44.913+0000] {logging_mixin.py:188} INFO - [2025-03-11T03:05:44.913+0000] {dag.py:3096} INFO - Sync 1 DAGs
[2025-03-11T03:05:44.933+0000] {logging_mixin.py:188} INFO - [2025-03-11T03:05:44.932+0000] {dag.py:3954} INFO - Setting next_dagrun for example_skip_dag to 2025-03-10 00:00:00+00:00, run_after=2025-03-11 00:00:00+00:00
[2025-03-11T03:05:44.950+0000] {processor.py:183} INFO - Processing /home/airflow/.local/lib/python3.12/site-packages/airflow/example_dags/example_skip_dag.py took 0.074 seconds
[2025-03-11T03:06:15.064+0000] {processor.py:161} INFO - Started process (PID=59969) to work on /home/airflow/.local/lib/python3.12/site-packages/airflow/example_dags/example_skip_dag.py
[2025-03-11T03:06:15.065+0000] {processor.py:830} INFO - Processing file /home/airflow/.local/lib/python3.12/site-packages/airflow/example_dags/example_skip_dag.py for tasks to queue
[2025-03-11T03:06:15.067+0000] {logging_mixin.py:188} INFO - [2025-03-11T03:06:15.067+0000] {dagbag.py:545} INFO - Filling up the DagBag from /home/airflow/.local/lib/python3.12/site-packages/airflow/example_dags/example_skip_dag.py
[2025-03-11T03:06:15.073+0000] {processor.py:840} INFO - DAG(s) 'example_skip_dag' retrieved from /home/airflow/.local/lib/python3.12/site-packages/airflow/example_dags/example_skip_dag.py
[2025-03-11T03:06:15.093+0000] {logging_mixin.py:188} INFO - [2025-03-11T03:06:15.092+0000] {dag.py:3096} INFO - Sync 1 DAGs
[2025-03-11T03:06:15.111+0000] {logging_mixin.py:188} INFO - [2025-03-11T03:06:15.111+0000] {dag.py:3954} INFO - Setting next_dagrun for example_skip_dag to 2025-03-10 00:00:00+00:00, run_after=2025-03-11 00:00:00+00:00
[2025-03-11T03:06:15.128+0000] {processor.py:183} INFO - Processing /home/airflow/.local/lib/python3.12/site-packages/airflow/example_dags/example_skip_dag.py took 0.068 seconds
[2025-03-11T03:06:46.411+0000] {processor.py:161} INFO - Started process (PID=60231) to work on /home/airflow/.local/lib/python3.12/site-packages/airflow/example_dags/example_skip_dag.py
[2025-03-11T03:06:46.412+0000] {processor.py:830} INFO - Processing file /home/airflow/.local/lib/python3.12/site-packages/airflow/example_dags/example_skip_dag.py for tasks to queue
[2025-03-11T03:06:46.416+0000] {logging_mixin.py:188} INFO - [2025-03-11T03:06:46.414+0000] {dagbag.py:545} INFO - Filling up the DagBag from /home/airflow/.local/lib/python3.12/site-packages/airflow/example_dags/example_skip_dag.py
[2025-03-11T03:06:46.426+0000] {processor.py:840} INFO - DAG(s) 'example_skip_dag' retrieved from /home/airflow/.local/lib/python3.12/site-packages/airflow/example_dags/example_skip_dag.py
[2025-03-11T03:06:46.490+0000] {logging_mixin.py:188} INFO - [2025-03-11T03:06:46.489+0000] {dag.py:3096} INFO - Sync 1 DAGs
[2025-03-11T03:06:46.537+0000] {logging_mixin.py:188} INFO - [2025-03-11T03:06:46.536+0000] {dag.py:3954} INFO - Setting next_dagrun for example_skip_dag to 2025-03-10 00:00:00+00:00, run_after=2025-03-11 00:00:00+00:00
[2025-03-11T03:06:46.572+0000] {processor.py:183} INFO - Processing /home/airflow/.local/lib/python3.12/site-packages/airflow/example_dags/example_skip_dag.py took 0.168 seconds
[2025-03-11T03:07:17.115+0000] {processor.py:161} INFO - Started process (PID=60493) to work on /home/airflow/.local/lib/python3.12/site-packages/airflow/example_dags/example_skip_dag.py
[2025-03-11T03:07:17.120+0000] {processor.py:830} INFO - Processing file /home/airflow/.local/lib/python3.12/site-packages/airflow/example_dags/example_skip_dag.py for tasks to queue
[2025-03-11T03:07:17.130+0000] {logging_mixin.py:188} INFO - [2025-03-11T03:07:17.128+0000] {dagbag.py:545} INFO - Filling up the DagBag from /home/airflow/.local/lib/python3.12/site-packages/airflow/example_dags/example_skip_dag.py
[2025-03-11T03:07:17.142+0000] {processor.py:840} INFO - DAG(s) 'example_skip_dag' retrieved from /home/airflow/.local/lib/python3.12/site-packages/airflow/example_dags/example_skip_dag.py
[2025-03-11T03:07:17.167+0000] {logging_mixin.py:188} INFO - [2025-03-11T03:07:17.166+0000] {dag.py:3096} INFO - Sync 1 DAGs
[2025-03-11T03:07:17.196+0000] {logging_mixin.py:188} INFO - [2025-03-11T03:07:17.195+0000] {dag.py:3954} INFO - Setting next_dagrun for example_skip_dag to 2025-03-10 00:00:00+00:00, run_after=2025-03-11 00:00:00+00:00
[2025-03-11T03:07:17.265+0000] {processor.py:183} INFO - Processing /home/airflow/.local/lib/python3.12/site-packages/airflow/example_dags/example_skip_dag.py took 0.185 seconds
[2025-03-11T03:07:47.738+0000] {processor.py:161} INFO - Started process (PID=60747) to work on /home/airflow/.local/lib/python3.12/site-packages/airflow/example_dags/example_skip_dag.py
[2025-03-11T03:07:47.739+0000] {processor.py:830} INFO - Processing file /home/airflow/.local/lib/python3.12/site-packages/airflow/example_dags/example_skip_dag.py for tasks to queue
[2025-03-11T03:07:47.741+0000] {logging_mixin.py:188} INFO - [2025-03-11T03:07:47.740+0000] {dagbag.py:545} INFO - Filling up the DagBag from /home/airflow/.local/lib/python3.12/site-packages/airflow/example_dags/example_skip_dag.py
[2025-03-11T03:07:47.746+0000] {processor.py:840} INFO - DAG(s) 'example_skip_dag' retrieved from /home/airflow/.local/lib/python3.12/site-packages/airflow/example_dags/example_skip_dag.py
[2025-03-11T03:07:47.764+0000] {logging_mixin.py:188} INFO - [2025-03-11T03:07:47.764+0000] {dag.py:3096} INFO - Sync 1 DAGs
[2025-03-11T03:07:47.783+0000] {logging_mixin.py:188} INFO - [2025-03-11T03:07:47.783+0000] {dag.py:3954} INFO - Setting next_dagrun for example_skip_dag to 2025-03-10 00:00:00+00:00, run_after=2025-03-11 00:00:00+00:00
[2025-03-11T03:07:47.799+0000] {processor.py:183} INFO - Processing /home/airflow/.local/lib/python3.12/site-packages/airflow/example_dags/example_skip_dag.py took 0.066 seconds
[2025-03-11T03:08:18.210+0000] {processor.py:161} INFO - Started process (PID=61009) to work on /home/airflow/.local/lib/python3.12/site-packages/airflow/example_dags/example_skip_dag.py
[2025-03-11T03:08:18.212+0000] {processor.py:830} INFO - Processing file /home/airflow/.local/lib/python3.12/site-packages/airflow/example_dags/example_skip_dag.py for tasks to queue
[2025-03-11T03:08:18.215+0000] {logging_mixin.py:188} INFO - [2025-03-11T03:08:18.214+0000] {dagbag.py:545} INFO - Filling up the DagBag from /home/airflow/.local/lib/python3.12/site-packages/airflow/example_dags/example_skip_dag.py
[2025-03-11T03:08:18.227+0000] {processor.py:840} INFO - DAG(s) 'example_skip_dag' retrieved from /home/airflow/.local/lib/python3.12/site-packages/airflow/example_dags/example_skip_dag.py
[2025-03-11T03:08:18.257+0000] {logging_mixin.py:188} INFO - [2025-03-11T03:08:18.257+0000] {dag.py:3096} INFO - Sync 1 DAGs
[2025-03-11T03:08:18.280+0000] {logging_mixin.py:188} INFO - [2025-03-11T03:08:18.280+0000] {dag.py:3954} INFO - Setting next_dagrun for example_skip_dag to 2025-03-10 00:00:00+00:00, run_after=2025-03-11 00:00:00+00:00
[2025-03-11T03:08:18.301+0000] {processor.py:183} INFO - Processing /home/airflow/.local/lib/python3.12/site-packages/airflow/example_dags/example_skip_dag.py took 0.098 seconds
[2025-03-11T03:08:48.610+0000] {processor.py:161} INFO - Started process (PID=61271) to work on /home/airflow/.local/lib/python3.12/site-packages/airflow/example_dags/example_skip_dag.py
[2025-03-11T03:08:48.611+0000] {processor.py:830} INFO - Processing file /home/airflow/.local/lib/python3.12/site-packages/airflow/example_dags/example_skip_dag.py for tasks to queue
[2025-03-11T03:08:48.614+0000] {logging_mixin.py:188} INFO - [2025-03-11T03:08:48.614+0000] {dagbag.py:545} INFO - Filling up the DagBag from /home/airflow/.local/lib/python3.12/site-packages/airflow/example_dags/example_skip_dag.py
[2025-03-11T03:08:48.623+0000] {processor.py:840} INFO - DAG(s) 'example_skip_dag' retrieved from /home/airflow/.local/lib/python3.12/site-packages/airflow/example_dags/example_skip_dag.py
[2025-03-11T03:08:48.642+0000] {logging_mixin.py:188} INFO - [2025-03-11T03:08:48.642+0000] {dag.py:3096} INFO - Sync 1 DAGs
[2025-03-11T03:08:48.665+0000] {logging_mixin.py:188} INFO - [2025-03-11T03:08:48.665+0000] {dag.py:3954} INFO - Setting next_dagrun for example_skip_dag to 2025-03-10 00:00:00+00:00, run_after=2025-03-11 00:00:00+00:00
[2025-03-11T03:08:48.685+0000] {processor.py:183} INFO - Processing /home/airflow/.local/lib/python3.12/site-packages/airflow/example_dags/example_skip_dag.py took 0.088 seconds
[2025-03-11T03:09:18.731+0000] {processor.py:161} INFO - Started process (PID=61528) to work on /home/airflow/.local/lib/python3.12/site-packages/airflow/example_dags/example_skip_dag.py
[2025-03-11T03:09:18.733+0000] {processor.py:830} INFO - Processing file /home/airflow/.local/lib/python3.12/site-packages/airflow/example_dags/example_skip_dag.py for tasks to queue
[2025-03-11T03:09:18.735+0000] {logging_mixin.py:188} INFO - [2025-03-11T03:09:18.735+0000] {dagbag.py:545} INFO - Filling up the DagBag from /home/airflow/.local/lib/python3.12/site-packages/airflow/example_dags/example_skip_dag.py
[2025-03-11T03:09:18.741+0000] {processor.py:840} INFO - DAG(s) 'example_skip_dag' retrieved from /home/airflow/.local/lib/python3.12/site-packages/airflow/example_dags/example_skip_dag.py
[2025-03-11T03:09:18.763+0000] {logging_mixin.py:188} INFO - [2025-03-11T03:09:18.762+0000] {dag.py:3096} INFO - Sync 1 DAGs
[2025-03-11T03:09:18.787+0000] {logging_mixin.py:188} INFO - [2025-03-11T03:09:18.787+0000] {dag.py:3954} INFO - Setting next_dagrun for example_skip_dag to 2025-03-10 00:00:00+00:00, run_after=2025-03-11 00:00:00+00:00
[2025-03-11T03:09:18.810+0000] {processor.py:183} INFO - Processing /home/airflow/.local/lib/python3.12/site-packages/airflow/example_dags/example_skip_dag.py took 0.085 seconds
[2025-03-11T03:09:49.549+0000] {processor.py:161} INFO - Started process (PID=61796) to work on /home/airflow/.local/lib/python3.12/site-packages/airflow/example_dags/example_skip_dag.py
[2025-03-11T03:09:49.551+0000] {processor.py:830} INFO - Processing file /home/airflow/.local/lib/python3.12/site-packages/airflow/example_dags/example_skip_dag.py for tasks to queue
[2025-03-11T03:09:49.552+0000] {logging_mixin.py:188} INFO - [2025-03-11T03:09:49.552+0000] {dagbag.py:545} INFO - Filling up the DagBag from /home/airflow/.local/lib/python3.12/site-packages/airflow/example_dags/example_skip_dag.py
[2025-03-11T03:09:49.559+0000] {processor.py:840} INFO - DAG(s) 'example_skip_dag' retrieved from /home/airflow/.local/lib/python3.12/site-packages/airflow/example_dags/example_skip_dag.py
[2025-03-11T03:09:49.580+0000] {logging_mixin.py:188} INFO - [2025-03-11T03:09:49.580+0000] {dag.py:3096} INFO - Sync 1 DAGs
[2025-03-11T03:09:49.601+0000] {logging_mixin.py:188} INFO - [2025-03-11T03:09:49.601+0000] {dag.py:3954} INFO - Setting next_dagrun for example_skip_dag to 2025-03-10 00:00:00+00:00, run_after=2025-03-11 00:00:00+00:00
[2025-03-11T03:09:49.620+0000] {processor.py:183} INFO - Processing /home/airflow/.local/lib/python3.12/site-packages/airflow/example_dags/example_skip_dag.py took 0.077 seconds
[2025-03-11T03:10:20.534+0000] {processor.py:161} INFO - Started process (PID=62058) to work on /home/airflow/.local/lib/python3.12/site-packages/airflow/example_dags/example_skip_dag.py
[2025-03-11T03:10:20.536+0000] {processor.py:830} INFO - Processing file /home/airflow/.local/lib/python3.12/site-packages/airflow/example_dags/example_skip_dag.py for tasks to queue
[2025-03-11T03:10:20.538+0000] {logging_mixin.py:188} INFO - [2025-03-11T03:10:20.538+0000] {dagbag.py:545} INFO - Filling up the DagBag from /home/airflow/.local/lib/python3.12/site-packages/airflow/example_dags/example_skip_dag.py
[2025-03-11T03:10:20.544+0000] {processor.py:840} INFO - DAG(s) 'example_skip_dag' retrieved from /home/airflow/.local/lib/python3.12/site-packages/airflow/example_dags/example_skip_dag.py
[2025-03-11T03:10:20.568+0000] {logging_mixin.py:188} INFO - [2025-03-11T03:10:20.568+0000] {dag.py:3096} INFO - Sync 1 DAGs
[2025-03-11T03:10:20.590+0000] {logging_mixin.py:188} INFO - [2025-03-11T03:10:20.589+0000] {dag.py:3954} INFO - Setting next_dagrun for example_skip_dag to 2025-03-10 00:00:00+00:00, run_after=2025-03-11 00:00:00+00:00
[2025-03-11T03:10:20.609+0000] {processor.py:183} INFO - Processing /home/airflow/.local/lib/python3.12/site-packages/airflow/example_dags/example_skip_dag.py took 0.084 seconds
[2025-03-11T03:10:51.393+0000] {processor.py:161} INFO - Started process (PID=62322) to work on /home/airflow/.local/lib/python3.12/site-packages/airflow/example_dags/example_skip_dag.py
[2025-03-11T03:10:51.394+0000] {processor.py:830} INFO - Processing file /home/airflow/.local/lib/python3.12/site-packages/airflow/example_dags/example_skip_dag.py for tasks to queue
[2025-03-11T03:10:51.396+0000] {logging_mixin.py:188} INFO - [2025-03-11T03:10:51.395+0000] {dagbag.py:545} INFO - Filling up the DagBag from /home/airflow/.local/lib/python3.12/site-packages/airflow/example_dags/example_skip_dag.py
[2025-03-11T03:10:51.402+0000] {processor.py:840} INFO - DAG(s) 'example_skip_dag' retrieved from /home/airflow/.local/lib/python3.12/site-packages/airflow/example_dags/example_skip_dag.py
[2025-03-11T03:10:51.426+0000] {logging_mixin.py:188} INFO - [2025-03-11T03:10:51.426+0000] {dag.py:3096} INFO - Sync 1 DAGs
[2025-03-11T03:10:51.451+0000] {logging_mixin.py:188} INFO - [2025-03-11T03:10:51.450+0000] {dag.py:3954} INFO - Setting next_dagrun for example_skip_dag to 2025-03-10 00:00:00+00:00, run_after=2025-03-11 00:00:00+00:00
[2025-03-11T03:10:51.483+0000] {processor.py:183} INFO - Processing /home/airflow/.local/lib/python3.12/site-packages/airflow/example_dags/example_skip_dag.py took 0.096 seconds
[2025-03-11T03:11:22.226+0000] {processor.py:161} INFO - Started process (PID=62584) to work on /home/airflow/.local/lib/python3.12/site-packages/airflow/example_dags/example_skip_dag.py
[2025-03-11T03:11:22.230+0000] {processor.py:830} INFO - Processing file /home/airflow/.local/lib/python3.12/site-packages/airflow/example_dags/example_skip_dag.py for tasks to queue
[2025-03-11T03:11:22.240+0000] {logging_mixin.py:188} INFO - [2025-03-11T03:11:22.239+0000] {dagbag.py:545} INFO - Filling up the DagBag from /home/airflow/.local/lib/python3.12/site-packages/airflow/example_dags/example_skip_dag.py
[2025-03-11T03:11:22.254+0000] {processor.py:840} INFO - DAG(s) 'example_skip_dag' retrieved from /home/airflow/.local/lib/python3.12/site-packages/airflow/example_dags/example_skip_dag.py
[2025-03-11T03:11:22.291+0000] {logging_mixin.py:188} INFO - [2025-03-11T03:11:22.291+0000] {dag.py:3096} INFO - Sync 1 DAGs
[2025-03-11T03:11:22.325+0000] {logging_mixin.py:188} INFO - [2025-03-11T03:11:22.324+0000] {dag.py:3954} INFO - Setting next_dagrun for example_skip_dag to 2025-03-10 00:00:00+00:00, run_after=2025-03-11 00:00:00+00:00
[2025-03-11T03:11:22.396+0000] {processor.py:183} INFO - Processing /home/airflow/.local/lib/python3.12/site-packages/airflow/example_dags/example_skip_dag.py took 0.187 seconds
[2025-03-11T03:11:53.034+0000] {processor.py:161} INFO - Started process (PID=62846) to work on /home/airflow/.local/lib/python3.12/site-packages/airflow/example_dags/example_skip_dag.py
[2025-03-11T03:11:53.036+0000] {processor.py:830} INFO - Processing file /home/airflow/.local/lib/python3.12/site-packages/airflow/example_dags/example_skip_dag.py for tasks to queue
[2025-03-11T03:11:53.039+0000] {logging_mixin.py:188} INFO - [2025-03-11T03:11:53.038+0000] {dagbag.py:545} INFO - Filling up the DagBag from /home/airflow/.local/lib/python3.12/site-packages/airflow/example_dags/example_skip_dag.py
[2025-03-11T03:11:53.046+0000] {processor.py:840} INFO - DAG(s) 'example_skip_dag' retrieved from /home/airflow/.local/lib/python3.12/site-packages/airflow/example_dags/example_skip_dag.py
[2025-03-11T03:11:53.076+0000] {logging_mixin.py:188} INFO - [2025-03-11T03:11:53.076+0000] {dag.py:3096} INFO - Sync 1 DAGs
[2025-03-11T03:11:53.100+0000] {logging_mixin.py:188} INFO - [2025-03-11T03:11:53.100+0000] {dag.py:3954} INFO - Setting next_dagrun for example_skip_dag to 2025-03-10 00:00:00+00:00, run_after=2025-03-11 00:00:00+00:00
[2025-03-11T03:11:53.120+0000] {processor.py:183} INFO - Processing /home/airflow/.local/lib/python3.12/site-packages/airflow/example_dags/example_skip_dag.py took 0.094 seconds
[2025-03-11T03:12:23.637+0000] {processor.py:161} INFO - Started process (PID=63108) to work on /home/airflow/.local/lib/python3.12/site-packages/airflow/example_dags/example_skip_dag.py
[2025-03-11T03:12:23.639+0000] {processor.py:830} INFO - Processing file /home/airflow/.local/lib/python3.12/site-packages/airflow/example_dags/example_skip_dag.py for tasks to queue
[2025-03-11T03:12:23.642+0000] {logging_mixin.py:188} INFO - [2025-03-11T03:12:23.642+0000] {dagbag.py:545} INFO - Filling up the DagBag from /home/airflow/.local/lib/python3.12/site-packages/airflow/example_dags/example_skip_dag.py
[2025-03-11T03:12:23.650+0000] {processor.py:840} INFO - DAG(s) 'example_skip_dag' retrieved from /home/airflow/.local/lib/python3.12/site-packages/airflow/example_dags/example_skip_dag.py
[2025-03-11T03:12:23.675+0000] {logging_mixin.py:188} INFO - [2025-03-11T03:12:23.674+0000] {dag.py:3096} INFO - Sync 1 DAGs
[2025-03-11T03:12:23.695+0000] {logging_mixin.py:188} INFO - [2025-03-11T03:12:23.695+0000] {dag.py:3954} INFO - Setting next_dagrun for example_skip_dag to 2025-03-10 00:00:00+00:00, run_after=2025-03-11 00:00:00+00:00
[2025-03-11T03:12:23.714+0000] {processor.py:183} INFO - Processing /home/airflow/.local/lib/python3.12/site-packages/airflow/example_dags/example_skip_dag.py took 0.087 seconds
[2025-03-11T03:12:54.691+0000] {processor.py:161} INFO - Started process (PID=63367) to work on /home/airflow/.local/lib/python3.12/site-packages/airflow/example_dags/example_skip_dag.py
[2025-03-11T03:12:54.692+0000] {processor.py:830} INFO - Processing file /home/airflow/.local/lib/python3.12/site-packages/airflow/example_dags/example_skip_dag.py for tasks to queue
[2025-03-11T03:12:54.694+0000] {logging_mixin.py:188} INFO - [2025-03-11T03:12:54.694+0000] {dagbag.py:545} INFO - Filling up the DagBag from /home/airflow/.local/lib/python3.12/site-packages/airflow/example_dags/example_skip_dag.py
[2025-03-11T03:12:54.701+0000] {processor.py:840} INFO - DAG(s) 'example_skip_dag' retrieved from /home/airflow/.local/lib/python3.12/site-packages/airflow/example_dags/example_skip_dag.py
[2025-03-11T03:12:54.721+0000] {logging_mixin.py:188} INFO - [2025-03-11T03:12:54.720+0000] {dag.py:3096} INFO - Sync 1 DAGs
[2025-03-11T03:12:54.743+0000] {logging_mixin.py:188} INFO - [2025-03-11T03:12:54.743+0000] {dag.py:3954} INFO - Setting next_dagrun for example_skip_dag to 2025-03-10 00:00:00+00:00, run_after=2025-03-11 00:00:00+00:00
[2025-03-11T03:12:54.778+0000] {processor.py:183} INFO - Processing /home/airflow/.local/lib/python3.12/site-packages/airflow/example_dags/example_skip_dag.py took 0.094 seconds
[2025-03-11T03:13:26.234+0000] {processor.py:161} INFO - Started process (PID=63631) to work on /home/airflow/.local/lib/python3.12/site-packages/airflow/example_dags/example_skip_dag.py
[2025-03-11T03:13:26.236+0000] {processor.py:830} INFO - Processing file /home/airflow/.local/lib/python3.12/site-packages/airflow/example_dags/example_skip_dag.py for tasks to queue
[2025-03-11T03:13:26.238+0000] {logging_mixin.py:188} INFO - [2025-03-11T03:13:26.238+0000] {dagbag.py:545} INFO - Filling up the DagBag from /home/airflow/.local/lib/python3.12/site-packages/airflow/example_dags/example_skip_dag.py
[2025-03-11T03:13:26.246+0000] {processor.py:840} INFO - DAG(s) 'example_skip_dag' retrieved from /home/airflow/.local/lib/python3.12/site-packages/airflow/example_dags/example_skip_dag.py
[2025-03-11T03:13:26.280+0000] {logging_mixin.py:188} INFO - [2025-03-11T03:13:26.280+0000] {dag.py:3096} INFO - Sync 1 DAGs
[2025-03-11T03:13:26.312+0000] {logging_mixin.py:188} INFO - [2025-03-11T03:13:26.312+0000] {dag.py:3954} INFO - Setting next_dagrun for example_skip_dag to 2025-03-10 00:00:00+00:00, run_after=2025-03-11 00:00:00+00:00
[2025-03-11T03:13:26.334+0000] {processor.py:183} INFO - Processing /home/airflow/.local/lib/python3.12/site-packages/airflow/example_dags/example_skip_dag.py took 0.110 seconds
[2025-03-11T03:13:58.965+0000] {processor.py:161} INFO - Started process (PID=63891) to work on /home/airflow/.local/lib/python3.12/site-packages/airflow/example_dags/example_skip_dag.py
[2025-03-11T03:13:58.968+0000] {processor.py:830} INFO - Processing file /home/airflow/.local/lib/python3.12/site-packages/airflow/example_dags/example_skip_dag.py for tasks to queue
[2025-03-11T03:13:58.977+0000] {logging_mixin.py:188} INFO - [2025-03-11T03:13:58.975+0000] {dagbag.py:545} INFO - Filling up the DagBag from /home/airflow/.local/lib/python3.12/site-packages/airflow/example_dags/example_skip_dag.py
[2025-03-11T03:13:59.000+0000] {processor.py:840} INFO - DAG(s) 'example_skip_dag' retrieved from /home/airflow/.local/lib/python3.12/site-packages/airflow/example_dags/example_skip_dag.py
[2025-03-11T03:13:59.044+0000] {logging_mixin.py:188} INFO - [2025-03-11T03:13:59.043+0000] {dag.py:3096} INFO - Sync 1 DAGs
[2025-03-11T03:13:59.085+0000] {logging_mixin.py:188} INFO - [2025-03-11T03:13:59.085+0000] {dag.py:3954} INFO - Setting next_dagrun for example_skip_dag to 2025-03-10 00:00:00+00:00, run_after=2025-03-11 00:00:00+00:00
[2025-03-11T03:13:59.117+0000] {processor.py:183} INFO - Processing /home/airflow/.local/lib/python3.12/site-packages/airflow/example_dags/example_skip_dag.py took 0.165 seconds
[2025-03-11T03:14:30.780+0000] {processor.py:161} INFO - Started process (PID=64155) to work on /home/airflow/.local/lib/python3.12/site-packages/airflow/example_dags/example_skip_dag.py
[2025-03-11T03:14:30.781+0000] {processor.py:830} INFO - Processing file /home/airflow/.local/lib/python3.12/site-packages/airflow/example_dags/example_skip_dag.py for tasks to queue
[2025-03-11T03:14:30.783+0000] {logging_mixin.py:188} INFO - [2025-03-11T03:14:30.783+0000] {dagbag.py:545} INFO - Filling up the DagBag from /home/airflow/.local/lib/python3.12/site-packages/airflow/example_dags/example_skip_dag.py
[2025-03-11T03:14:30.789+0000] {processor.py:840} INFO - DAG(s) 'example_skip_dag' retrieved from /home/airflow/.local/lib/python3.12/site-packages/airflow/example_dags/example_skip_dag.py
[2025-03-11T03:14:30.809+0000] {logging_mixin.py:188} INFO - [2025-03-11T03:14:30.809+0000] {dag.py:3096} INFO - Sync 1 DAGs
[2025-03-11T03:14:30.828+0000] {logging_mixin.py:188} INFO - [2025-03-11T03:14:30.828+0000] {dag.py:3954} INFO - Setting next_dagrun for example_skip_dag to 2025-03-10 00:00:00+00:00, run_after=2025-03-11 00:00:00+00:00
[2025-03-11T03:14:30.845+0000] {processor.py:183} INFO - Processing /home/airflow/.local/lib/python3.12/site-packages/airflow/example_dags/example_skip_dag.py took 0.070 seconds
[2025-03-11T03:15:03.956+0000] {processor.py:161} INFO - Started process (PID=64425) to work on /home/airflow/.local/lib/python3.12/site-packages/airflow/example_dags/example_skip_dag.py
[2025-03-11T03:15:03.957+0000] {processor.py:830} INFO - Processing file /home/airflow/.local/lib/python3.12/site-packages/airflow/example_dags/example_skip_dag.py for tasks to queue
[2025-03-11T03:15:03.962+0000] {logging_mixin.py:188} INFO - [2025-03-11T03:15:03.961+0000] {dagbag.py:545} INFO - Filling up the DagBag from /home/airflow/.local/lib/python3.12/site-packages/airflow/example_dags/example_skip_dag.py
[2025-03-11T03:15:03.981+0000] {processor.py:840} INFO - DAG(s) 'example_skip_dag' retrieved from /home/airflow/.local/lib/python3.12/site-packages/airflow/example_dags/example_skip_dag.py
[2025-03-11T03:15:04.012+0000] {logging_mixin.py:188} INFO - [2025-03-11T03:15:04.011+0000] {dag.py:3096} INFO - Sync 1 DAGs
[2025-03-11T03:15:04.037+0000] {logging_mixin.py:188} INFO - [2025-03-11T03:15:04.037+0000] {dag.py:3954} INFO - Setting next_dagrun for example_skip_dag to 2025-03-10 00:00:00+00:00, run_after=2025-03-11 00:00:00+00:00
[2025-03-11T03:15:04.060+0000] {processor.py:183} INFO - Processing /home/airflow/.local/lib/python3.12/site-packages/airflow/example_dags/example_skip_dag.py took 0.114 seconds
[2025-03-11T03:15:36.148+0000] {processor.py:161} INFO - Started process (PID=64687) to work on /home/airflow/.local/lib/python3.12/site-packages/airflow/example_dags/example_skip_dag.py
[2025-03-11T03:15:36.150+0000] {processor.py:830} INFO - Processing file /home/airflow/.local/lib/python3.12/site-packages/airflow/example_dags/example_skip_dag.py for tasks to queue
[2025-03-11T03:15:36.153+0000] {logging_mixin.py:188} INFO - [2025-03-11T03:15:36.152+0000] {dagbag.py:545} INFO - Filling up the DagBag from /home/airflow/.local/lib/python3.12/site-packages/airflow/example_dags/example_skip_dag.py
[2025-03-11T03:15:36.160+0000] {processor.py:840} INFO - DAG(s) 'example_skip_dag' retrieved from /home/airflow/.local/lib/python3.12/site-packages/airflow/example_dags/example_skip_dag.py
[2025-03-11T03:15:36.182+0000] {logging_mixin.py:188} INFO - [2025-03-11T03:15:36.182+0000] {dag.py:3096} INFO - Sync 1 DAGs
[2025-03-11T03:15:36.206+0000] {logging_mixin.py:188} INFO - [2025-03-11T03:15:36.206+0000] {dag.py:3954} INFO - Setting next_dagrun for example_skip_dag to 2025-03-10 00:00:00+00:00, run_after=2025-03-11 00:00:00+00:00
[2025-03-11T03:15:36.396+0000] {processor.py:183} INFO - Processing /home/airflow/.local/lib/python3.12/site-packages/airflow/example_dags/example_skip_dag.py took 0.254 seconds
[2025-03-11T03:16:07.741+0000] {processor.py:161} INFO - Started process (PID=64950) to work on /home/airflow/.local/lib/python3.12/site-packages/airflow/example_dags/example_skip_dag.py
[2025-03-11T03:16:07.743+0000] {processor.py:830} INFO - Processing file /home/airflow/.local/lib/python3.12/site-packages/airflow/example_dags/example_skip_dag.py for tasks to queue
[2025-03-11T03:16:07.745+0000] {logging_mixin.py:188} INFO - [2025-03-11T03:16:07.745+0000] {dagbag.py:545} INFO - Filling up the DagBag from /home/airflow/.local/lib/python3.12/site-packages/airflow/example_dags/example_skip_dag.py
[2025-03-11T03:16:07.754+0000] {processor.py:840} INFO - DAG(s) 'example_skip_dag' retrieved from /home/airflow/.local/lib/python3.12/site-packages/airflow/example_dags/example_skip_dag.py
[2025-03-11T03:16:07.783+0000] {logging_mixin.py:188} INFO - [2025-03-11T03:16:07.783+0000] {dag.py:3096} INFO - Sync 1 DAGs
[2025-03-11T03:16:07.815+0000] {logging_mixin.py:188} INFO - [2025-03-11T03:16:07.815+0000] {dag.py:3954} INFO - Setting next_dagrun for example_skip_dag to 2025-03-10 00:00:00+00:00, run_after=2025-03-11 00:00:00+00:00
[2025-03-11T03:16:07.842+0000] {processor.py:183} INFO - Processing /home/airflow/.local/lib/python3.12/site-packages/airflow/example_dags/example_skip_dag.py took 0.107 seconds
[2025-03-11T03:16:41.592+0000] {processor.py:161} INFO - Started process (PID=65211) to work on /home/airflow/.local/lib/python3.12/site-packages/airflow/example_dags/example_skip_dag.py
[2025-03-11T03:16:41.595+0000] {processor.py:830} INFO - Processing file /home/airflow/.local/lib/python3.12/site-packages/airflow/example_dags/example_skip_dag.py for tasks to queue
[2025-03-11T03:16:41.599+0000] {logging_mixin.py:188} INFO - [2025-03-11T03:16:41.599+0000] {dagbag.py:545} INFO - Filling up the DagBag from /home/airflow/.local/lib/python3.12/site-packages/airflow/example_dags/example_skip_dag.py
[2025-03-11T03:16:41.606+0000] {processor.py:840} INFO - DAG(s) 'example_skip_dag' retrieved from /home/airflow/.local/lib/python3.12/site-packages/airflow/example_dags/example_skip_dag.py
[2025-03-11T03:16:41.630+0000] {logging_mixin.py:188} INFO - [2025-03-11T03:16:41.630+0000] {dag.py:3096} INFO - Sync 1 DAGs
[2025-03-11T03:16:41.654+0000] {logging_mixin.py:188} INFO - [2025-03-11T03:16:41.654+0000] {dag.py:3954} INFO - Setting next_dagrun for example_skip_dag to 2025-03-10 00:00:00+00:00, run_after=2025-03-11 00:00:00+00:00
[2025-03-11T03:16:41.675+0000] {processor.py:183} INFO - Processing /home/airflow/.local/lib/python3.12/site-packages/airflow/example_dags/example_skip_dag.py took 0.109 seconds
[2025-03-11T03:17:12.546+0000] {processor.py:161} INFO - Started process (PID=65473) to work on /home/airflow/.local/lib/python3.12/site-packages/airflow/example_dags/example_skip_dag.py
[2025-03-11T03:17:12.548+0000] {processor.py:830} INFO - Processing file /home/airflow/.local/lib/python3.12/site-packages/airflow/example_dags/example_skip_dag.py for tasks to queue
[2025-03-11T03:17:12.550+0000] {logging_mixin.py:188} INFO - [2025-03-11T03:17:12.550+0000] {dagbag.py:545} INFO - Filling up the DagBag from /home/airflow/.local/lib/python3.12/site-packages/airflow/example_dags/example_skip_dag.py
[2025-03-11T03:17:12.558+0000] {processor.py:840} INFO - DAG(s) 'example_skip_dag' retrieved from /home/airflow/.local/lib/python3.12/site-packages/airflow/example_dags/example_skip_dag.py
[2025-03-11T03:17:12.584+0000] {logging_mixin.py:188} INFO - [2025-03-11T03:17:12.584+0000] {dag.py:3096} INFO - Sync 1 DAGs
[2025-03-11T03:17:12.609+0000] {logging_mixin.py:188} INFO - [2025-03-11T03:17:12.609+0000] {dag.py:3954} INFO - Setting next_dagrun for example_skip_dag to 2025-03-10 00:00:00+00:00, run_after=2025-03-11 00:00:00+00:00
[2025-03-11T03:17:12.754+0000] {processor.py:183} INFO - Processing /home/airflow/.local/lib/python3.12/site-packages/airflow/example_dags/example_skip_dag.py took 0.214 seconds
[2025-03-11T03:17:44.451+0000] {processor.py:161} INFO - Started process (PID=65735) to work on /home/airflow/.local/lib/python3.12/site-packages/airflow/example_dags/example_skip_dag.py
[2025-03-11T03:17:44.453+0000] {processor.py:830} INFO - Processing file /home/airflow/.local/lib/python3.12/site-packages/airflow/example_dags/example_skip_dag.py for tasks to queue
[2025-03-11T03:17:44.457+0000] {logging_mixin.py:188} INFO - [2025-03-11T03:17:44.456+0000] {dagbag.py:545} INFO - Filling up the DagBag from /home/airflow/.local/lib/python3.12/site-packages/airflow/example_dags/example_skip_dag.py
[2025-03-11T03:17:44.465+0000] {processor.py:840} INFO - DAG(s) 'example_skip_dag' retrieved from /home/airflow/.local/lib/python3.12/site-packages/airflow/example_dags/example_skip_dag.py
[2025-03-11T03:17:44.494+0000] {logging_mixin.py:188} INFO - [2025-03-11T03:17:44.494+0000] {dag.py:3096} INFO - Sync 1 DAGs
[2025-03-11T03:17:44.519+0000] {logging_mixin.py:188} INFO - [2025-03-11T03:17:44.519+0000] {dag.py:3954} INFO - Setting next_dagrun for example_skip_dag to 2025-03-10 00:00:00+00:00, run_after=2025-03-11 00:00:00+00:00
[2025-03-11T03:17:44.540+0000] {processor.py:183} INFO - Processing /home/airflow/.local/lib/python3.12/site-packages/airflow/example_dags/example_skip_dag.py took 0.094 seconds
[2025-03-11T03:18:17.806+0000] {processor.py:161} INFO - Started process (PID=65997) to work on /home/airflow/.local/lib/python3.12/site-packages/airflow/example_dags/example_skip_dag.py
[2025-03-11T03:18:17.808+0000] {processor.py:830} INFO - Processing file /home/airflow/.local/lib/python3.12/site-packages/airflow/example_dags/example_skip_dag.py for tasks to queue
[2025-03-11T03:18:17.810+0000] {logging_mixin.py:188} INFO - [2025-03-11T03:18:17.810+0000] {dagbag.py:545} INFO - Filling up the DagBag from /home/airflow/.local/lib/python3.12/site-packages/airflow/example_dags/example_skip_dag.py
[2025-03-11T03:18:17.816+0000] {processor.py:840} INFO - DAG(s) 'example_skip_dag' retrieved from /home/airflow/.local/lib/python3.12/site-packages/airflow/example_dags/example_skip_dag.py
[2025-03-11T03:18:17.975+0000] {logging_mixin.py:188} INFO - [2025-03-11T03:18:17.975+0000] {dag.py:3096} INFO - Sync 1 DAGs
[2025-03-11T03:18:18.003+0000] {logging_mixin.py:188} INFO - [2025-03-11T03:18:18.003+0000] {dag.py:3954} INFO - Setting next_dagrun for example_skip_dag to 2025-03-10 00:00:00+00:00, run_after=2025-03-11 00:00:00+00:00
[2025-03-11T03:18:18.026+0000] {processor.py:183} INFO - Processing /home/airflow/.local/lib/python3.12/site-packages/airflow/example_dags/example_skip_dag.py took 0.225 seconds
[2025-03-11T03:18:48.997+0000] {processor.py:161} INFO - Started process (PID=66261) to work on /home/airflow/.local/lib/python3.12/site-packages/airflow/example_dags/example_skip_dag.py
[2025-03-11T03:18:48.999+0000] {processor.py:830} INFO - Processing file /home/airflow/.local/lib/python3.12/site-packages/airflow/example_dags/example_skip_dag.py for tasks to queue
[2025-03-11T03:18:49.001+0000] {logging_mixin.py:188} INFO - [2025-03-11T03:18:49.000+0000] {dagbag.py:545} INFO - Filling up the DagBag from /home/airflow/.local/lib/python3.12/site-packages/airflow/example_dags/example_skip_dag.py
[2025-03-11T03:18:49.007+0000] {processor.py:840} INFO - DAG(s) 'example_skip_dag' retrieved from /home/airflow/.local/lib/python3.12/site-packages/airflow/example_dags/example_skip_dag.py
[2025-03-11T03:18:49.031+0000] {logging_mixin.py:188} INFO - [2025-03-11T03:18:49.030+0000] {dag.py:3096} INFO - Sync 1 DAGs
[2025-03-11T03:18:49.054+0000] {logging_mixin.py:188} INFO - [2025-03-11T03:18:49.054+0000] {dag.py:3954} INFO - Setting next_dagrun for example_skip_dag to 2025-03-10 00:00:00+00:00, run_after=2025-03-11 00:00:00+00:00
[2025-03-11T03:18:49.079+0000] {processor.py:183} INFO - Processing /home/airflow/.local/lib/python3.12/site-packages/airflow/example_dags/example_skip_dag.py took 0.088 seconds
[2025-03-11T03:19:21.222+0000] {processor.py:161} INFO - Started process (PID=66523) to work on /home/airflow/.local/lib/python3.12/site-packages/airflow/example_dags/example_skip_dag.py
[2025-03-11T03:19:21.223+0000] {processor.py:830} INFO - Processing file /home/airflow/.local/lib/python3.12/site-packages/airflow/example_dags/example_skip_dag.py for tasks to queue
[2025-03-11T03:19:21.226+0000] {logging_mixin.py:188} INFO - [2025-03-11T03:19:21.225+0000] {dagbag.py:545} INFO - Filling up the DagBag from /home/airflow/.local/lib/python3.12/site-packages/airflow/example_dags/example_skip_dag.py
[2025-03-11T03:19:21.234+0000] {processor.py:840} INFO - DAG(s) 'example_skip_dag' retrieved from /home/airflow/.local/lib/python3.12/site-packages/airflow/example_dags/example_skip_dag.py
[2025-03-11T03:19:21.260+0000] {logging_mixin.py:188} INFO - [2025-03-11T03:19:21.260+0000] {dag.py:3096} INFO - Sync 1 DAGs
[2025-03-11T03:19:21.286+0000] {logging_mixin.py:188} INFO - [2025-03-11T03:19:21.285+0000] {dag.py:3954} INFO - Setting next_dagrun for example_skip_dag to 2025-03-10 00:00:00+00:00, run_after=2025-03-11 00:00:00+00:00
[2025-03-11T03:19:21.309+0000] {processor.py:183} INFO - Processing /home/airflow/.local/lib/python3.12/site-packages/airflow/example_dags/example_skip_dag.py took 0.097 seconds
[2025-03-11T03:19:52.313+0000] {processor.py:161} INFO - Started process (PID=66785) to work on /home/airflow/.local/lib/python3.12/site-packages/airflow/example_dags/example_skip_dag.py
[2025-03-11T03:19:52.315+0000] {processor.py:830} INFO - Processing file /home/airflow/.local/lib/python3.12/site-packages/airflow/example_dags/example_skip_dag.py for tasks to queue
[2025-03-11T03:19:52.317+0000] {logging_mixin.py:188} INFO - [2025-03-11T03:19:52.316+0000] {dagbag.py:545} INFO - Filling up the DagBag from /home/airflow/.local/lib/python3.12/site-packages/airflow/example_dags/example_skip_dag.py
[2025-03-11T03:19:52.324+0000] {processor.py:840} INFO - DAG(s) 'example_skip_dag' retrieved from /home/airflow/.local/lib/python3.12/site-packages/airflow/example_dags/example_skip_dag.py
[2025-03-11T03:19:52.347+0000] {logging_mixin.py:188} INFO - [2025-03-11T03:19:52.346+0000] {dag.py:3096} INFO - Sync 1 DAGs
[2025-03-11T03:19:52.370+0000] {logging_mixin.py:188} INFO - [2025-03-11T03:19:52.369+0000] {dag.py:3954} INFO - Setting next_dagrun for example_skip_dag to 2025-03-10 00:00:00+00:00, run_after=2025-03-11 00:00:00+00:00
[2025-03-11T03:19:52.391+0000] {processor.py:183} INFO - Processing /home/airflow/.local/lib/python3.12/site-packages/airflow/example_dags/example_skip_dag.py took 0.084 seconds
[2025-03-11T03:20:25.239+0000] {processor.py:161} INFO - Started process (PID=67044) to work on /home/airflow/.local/lib/python3.12/site-packages/airflow/example_dags/example_skip_dag.py
[2025-03-11T03:20:25.245+0000] {processor.py:830} INFO - Processing file /home/airflow/.local/lib/python3.12/site-packages/airflow/example_dags/example_skip_dag.py for tasks to queue
[2025-03-11T03:20:25.252+0000] {logging_mixin.py:188} INFO - [2025-03-11T03:20:25.251+0000] {dagbag.py:545} INFO - Filling up the DagBag from /home/airflow/.local/lib/python3.12/site-packages/airflow/example_dags/example_skip_dag.py
[2025-03-11T03:20:25.261+0000] {processor.py:840} INFO - DAG(s) 'example_skip_dag' retrieved from /home/airflow/.local/lib/python3.12/site-packages/airflow/example_dags/example_skip_dag.py
[2025-03-11T03:20:25.282+0000] {logging_mixin.py:188} INFO - [2025-03-11T03:20:25.282+0000] {dag.py:3096} INFO - Sync 1 DAGs
[2025-03-11T03:20:25.303+0000] {logging_mixin.py:188} INFO - [2025-03-11T03:20:25.303+0000] {dag.py:3954} INFO - Setting next_dagrun for example_skip_dag to 2025-03-10 00:00:00+00:00, run_after=2025-03-11 00:00:00+00:00
[2025-03-11T03:20:25.324+0000] {processor.py:183} INFO - Processing /home/airflow/.local/lib/python3.12/site-packages/airflow/example_dags/example_skip_dag.py took 0.120 seconds
[2025-03-11T03:20:56.643+0000] {processor.py:161} INFO - Started process (PID=67306) to work on /home/airflow/.local/lib/python3.12/site-packages/airflow/example_dags/example_skip_dag.py
[2025-03-11T03:20:56.644+0000] {processor.py:830} INFO - Processing file /home/airflow/.local/lib/python3.12/site-packages/airflow/example_dags/example_skip_dag.py for tasks to queue
[2025-03-11T03:20:56.646+0000] {logging_mixin.py:188} INFO - [2025-03-11T03:20:56.645+0000] {dagbag.py:545} INFO - Filling up the DagBag from /home/airflow/.local/lib/python3.12/site-packages/airflow/example_dags/example_skip_dag.py
[2025-03-11T03:20:56.652+0000] {processor.py:840} INFO - DAG(s) 'example_skip_dag' retrieved from /home/airflow/.local/lib/python3.12/site-packages/airflow/example_dags/example_skip_dag.py
[2025-03-11T03:20:56.676+0000] {logging_mixin.py:188} INFO - [2025-03-11T03:20:56.676+0000] {dag.py:3096} INFO - Sync 1 DAGs
[2025-03-11T03:20:56.697+0000] {logging_mixin.py:188} INFO - [2025-03-11T03:20:56.697+0000] {dag.py:3954} INFO - Setting next_dagrun for example_skip_dag to 2025-03-10 00:00:00+00:00, run_after=2025-03-11 00:00:00+00:00
[2025-03-11T03:20:56.715+0000] {processor.py:183} INFO - Processing /home/airflow/.local/lib/python3.12/site-packages/airflow/example_dags/example_skip_dag.py took 0.079 seconds
[2025-03-11T03:21:29.608+0000] {processor.py:161} INFO - Started process (PID=67573) to work on /home/airflow/.local/lib/python3.12/site-packages/airflow/example_dags/example_skip_dag.py
[2025-03-11T03:21:29.609+0000] {processor.py:830} INFO - Processing file /home/airflow/.local/lib/python3.12/site-packages/airflow/example_dags/example_skip_dag.py for tasks to queue
[2025-03-11T03:21:29.613+0000] {logging_mixin.py:188} INFO - [2025-03-11T03:21:29.612+0000] {dagbag.py:545} INFO - Filling up the DagBag from /home/airflow/.local/lib/python3.12/site-packages/airflow/example_dags/example_skip_dag.py
[2025-03-11T03:21:29.623+0000] {processor.py:840} INFO - DAG(s) 'example_skip_dag' retrieved from /home/airflow/.local/lib/python3.12/site-packages/airflow/example_dags/example_skip_dag.py
[2025-03-11T03:21:29.651+0000] {logging_mixin.py:188} INFO - [2025-03-11T03:21:29.650+0000] {dag.py:3096} INFO - Sync 1 DAGs
[2025-03-11T03:21:29.678+0000] {logging_mixin.py:188} INFO - [2025-03-11T03:21:29.678+0000] {dag.py:3954} INFO - Setting next_dagrun for example_skip_dag to 2025-03-10 00:00:00+00:00, run_after=2025-03-11 00:00:00+00:00
[2025-03-11T03:21:29.698+0000] {processor.py:183} INFO - Processing /home/airflow/.local/lib/python3.12/site-packages/airflow/example_dags/example_skip_dag.py took 0.101 seconds
[2025-03-11T03:22:01.822+0000] {processor.py:161} INFO - Started process (PID=67835) to work on /home/airflow/.local/lib/python3.12/site-packages/airflow/example_dags/example_skip_dag.py
[2025-03-11T03:22:01.823+0000] {processor.py:830} INFO - Processing file /home/airflow/.local/lib/python3.12/site-packages/airflow/example_dags/example_skip_dag.py for tasks to queue
[2025-03-11T03:22:01.825+0000] {logging_mixin.py:188} INFO - [2025-03-11T03:22:01.824+0000] {dagbag.py:545} INFO - Filling up the DagBag from /home/airflow/.local/lib/python3.12/site-packages/airflow/example_dags/example_skip_dag.py
[2025-03-11T03:22:01.831+0000] {processor.py:840} INFO - DAG(s) 'example_skip_dag' retrieved from /home/airflow/.local/lib/python3.12/site-packages/airflow/example_dags/example_skip_dag.py
[2025-03-11T03:22:01.854+0000] {logging_mixin.py:188} INFO - [2025-03-11T03:22:01.853+0000] {dag.py:3096} INFO - Sync 1 DAGs
[2025-03-11T03:22:01.877+0000] {logging_mixin.py:188} INFO - [2025-03-11T03:22:01.877+0000] {dag.py:3954} INFO - Setting next_dagrun for example_skip_dag to 2025-03-10 00:00:00+00:00, run_after=2025-03-11 00:00:00+00:00
[2025-03-11T03:22:01.897+0000] {processor.py:183} INFO - Processing /home/airflow/.local/lib/python3.12/site-packages/airflow/example_dags/example_skip_dag.py took 0.082 seconds
[2025-03-11T03:22:34.454+0000] {processor.py:161} INFO - Started process (PID=68099) to work on /home/airflow/.local/lib/python3.12/site-packages/airflow/example_dags/example_skip_dag.py
[2025-03-11T03:22:34.456+0000] {processor.py:830} INFO - Processing file /home/airflow/.local/lib/python3.12/site-packages/airflow/example_dags/example_skip_dag.py for tasks to queue
[2025-03-11T03:22:34.463+0000] {logging_mixin.py:188} INFO - [2025-03-11T03:22:34.462+0000] {dagbag.py:545} INFO - Filling up the DagBag from /home/airflow/.local/lib/python3.12/site-packages/airflow/example_dags/example_skip_dag.py
[2025-03-11T03:22:34.472+0000] {processor.py:840} INFO - DAG(s) 'example_skip_dag' retrieved from /home/airflow/.local/lib/python3.12/site-packages/airflow/example_dags/example_skip_dag.py
[2025-03-11T03:22:34.515+0000] {logging_mixin.py:188} INFO - [2025-03-11T03:22:34.514+0000] {dag.py:3096} INFO - Sync 1 DAGs
[2025-03-11T03:22:34.540+0000] {logging_mixin.py:188} INFO - [2025-03-11T03:22:34.540+0000] {dag.py:3954} INFO - Setting next_dagrun for example_skip_dag to 2025-03-10 00:00:00+00:00, run_after=2025-03-11 00:00:00+00:00
[2025-03-11T03:22:34.562+0000] {processor.py:183} INFO - Processing /home/airflow/.local/lib/python3.12/site-packages/airflow/example_dags/example_skip_dag.py took 0.115 seconds
[2025-03-11T03:23:06.505+0000] {processor.py:161} INFO - Started process (PID=68371) to work on /home/airflow/.local/lib/python3.12/site-packages/airflow/example_dags/example_skip_dag.py
[2025-03-11T03:23:06.506+0000] {processor.py:830} INFO - Processing file /home/airflow/.local/lib/python3.12/site-packages/airflow/example_dags/example_skip_dag.py for tasks to queue
[2025-03-11T03:23:06.508+0000] {logging_mixin.py:188} INFO - [2025-03-11T03:23:06.508+0000] {dagbag.py:545} INFO - Filling up the DagBag from /home/airflow/.local/lib/python3.12/site-packages/airflow/example_dags/example_skip_dag.py
[2025-03-11T03:23:06.518+0000] {processor.py:840} INFO - DAG(s) 'example_skip_dag' retrieved from /home/airflow/.local/lib/python3.12/site-packages/airflow/example_dags/example_skip_dag.py
[2025-03-11T03:23:06.541+0000] {logging_mixin.py:188} INFO - [2025-03-11T03:23:06.541+0000] {dag.py:3096} INFO - Sync 1 DAGs
[2025-03-11T03:23:06.564+0000] {logging_mixin.py:188} INFO - [2025-03-11T03:23:06.563+0000] {dag.py:3954} INFO - Setting next_dagrun for example_skip_dag to 2025-03-10 00:00:00+00:00, run_after=2025-03-11 00:00:00+00:00
[2025-03-11T03:23:06.582+0000] {processor.py:183} INFO - Processing /home/airflow/.local/lib/python3.12/site-packages/airflow/example_dags/example_skip_dag.py took 0.087 seconds
[2025-03-11T03:23:38.047+0000] {processor.py:161} INFO - Started process (PID=68631) to work on /home/airflow/.local/lib/python3.12/site-packages/airflow/example_dags/example_skip_dag.py
[2025-03-11T03:23:38.049+0000] {processor.py:830} INFO - Processing file /home/airflow/.local/lib/python3.12/site-packages/airflow/example_dags/example_skip_dag.py for tasks to queue
[2025-03-11T03:23:38.052+0000] {logging_mixin.py:188} INFO - [2025-03-11T03:23:38.052+0000] {dagbag.py:545} INFO - Filling up the DagBag from /home/airflow/.local/lib/python3.12/site-packages/airflow/example_dags/example_skip_dag.py
[2025-03-11T03:23:38.059+0000] {processor.py:840} INFO - DAG(s) 'example_skip_dag' retrieved from /home/airflow/.local/lib/python3.12/site-packages/airflow/example_dags/example_skip_dag.py
[2025-03-11T03:23:38.084+0000] {logging_mixin.py:188} INFO - [2025-03-11T03:23:38.083+0000] {dag.py:3096} INFO - Sync 1 DAGs
[2025-03-11T03:23:38.105+0000] {logging_mixin.py:188} INFO - [2025-03-11T03:23:38.105+0000] {dag.py:3954} INFO - Setting next_dagrun for example_skip_dag to 2025-03-10 00:00:00+00:00, run_after=2025-03-11 00:00:00+00:00
[2025-03-11T03:23:38.124+0000] {processor.py:183} INFO - Processing /home/airflow/.local/lib/python3.12/site-packages/airflow/example_dags/example_skip_dag.py took 0.081 seconds
[2025-03-11T03:24:10.570+0000] {processor.py:161} INFO - Started process (PID=68893) to work on /home/airflow/.local/lib/python3.12/site-packages/airflow/example_dags/example_skip_dag.py
[2025-03-11T03:24:10.572+0000] {processor.py:830} INFO - Processing file /home/airflow/.local/lib/python3.12/site-packages/airflow/example_dags/example_skip_dag.py for tasks to queue
[2025-03-11T03:24:10.574+0000] {logging_mixin.py:188} INFO - [2025-03-11T03:24:10.573+0000] {dagbag.py:545} INFO - Filling up the DagBag from /home/airflow/.local/lib/python3.12/site-packages/airflow/example_dags/example_skip_dag.py
[2025-03-11T03:24:10.581+0000] {processor.py:840} INFO - DAG(s) 'example_skip_dag' retrieved from /home/airflow/.local/lib/python3.12/site-packages/airflow/example_dags/example_skip_dag.py
[2025-03-11T03:24:10.604+0000] {logging_mixin.py:188} INFO - [2025-03-11T03:24:10.604+0000] {dag.py:3096} INFO - Sync 1 DAGs
[2025-03-11T03:24:10.628+0000] {logging_mixin.py:188} INFO - [2025-03-11T03:24:10.627+0000] {dag.py:3954} INFO - Setting next_dagrun for example_skip_dag to 2025-03-10 00:00:00+00:00, run_after=2025-03-11 00:00:00+00:00
[2025-03-11T03:24:10.649+0000] {processor.py:183} INFO - Processing /home/airflow/.local/lib/python3.12/site-packages/airflow/example_dags/example_skip_dag.py took 0.084 seconds
[2025-03-11T03:24:42.620+0000] {processor.py:161} INFO - Started process (PID=69155) to work on /home/airflow/.local/lib/python3.12/site-packages/airflow/example_dags/example_skip_dag.py
[2025-03-11T03:24:42.621+0000] {processor.py:830} INFO - Processing file /home/airflow/.local/lib/python3.12/site-packages/airflow/example_dags/example_skip_dag.py for tasks to queue
[2025-03-11T03:24:42.623+0000] {logging_mixin.py:188} INFO - [2025-03-11T03:24:42.622+0000] {dagbag.py:545} INFO - Filling up the DagBag from /home/airflow/.local/lib/python3.12/site-packages/airflow/example_dags/example_skip_dag.py
[2025-03-11T03:24:42.629+0000] {processor.py:840} INFO - DAG(s) 'example_skip_dag' retrieved from /home/airflow/.local/lib/python3.12/site-packages/airflow/example_dags/example_skip_dag.py
[2025-03-11T03:24:42.649+0000] {logging_mixin.py:188} INFO - [2025-03-11T03:24:42.649+0000] {dag.py:3096} INFO - Sync 1 DAGs
[2025-03-11T03:24:42.670+0000] {logging_mixin.py:188} INFO - [2025-03-11T03:24:42.669+0000] {dag.py:3954} INFO - Setting next_dagrun for example_skip_dag to 2025-03-10 00:00:00+00:00, run_after=2025-03-11 00:00:00+00:00
[2025-03-11T03:24:42.689+0000] {processor.py:183} INFO - Processing /home/airflow/.local/lib/python3.12/site-packages/airflow/example_dags/example_skip_dag.py took 0.074 seconds
[2025-03-11T03:25:14.449+0000] {processor.py:161} INFO - Started process (PID=69419) to work on /home/airflow/.local/lib/python3.12/site-packages/airflow/example_dags/example_skip_dag.py
[2025-03-11T03:25:14.451+0000] {processor.py:830} INFO - Processing file /home/airflow/.local/lib/python3.12/site-packages/airflow/example_dags/example_skip_dag.py for tasks to queue
[2025-03-11T03:25:14.453+0000] {logging_mixin.py:188} INFO - [2025-03-11T03:25:14.453+0000] {dagbag.py:545} INFO - Filling up the DagBag from /home/airflow/.local/lib/python3.12/site-packages/airflow/example_dags/example_skip_dag.py
[2025-03-11T03:25:14.461+0000] {processor.py:840} INFO - DAG(s) 'example_skip_dag' retrieved from /home/airflow/.local/lib/python3.12/site-packages/airflow/example_dags/example_skip_dag.py
[2025-03-11T03:25:14.490+0000] {logging_mixin.py:188} INFO - [2025-03-11T03:25:14.490+0000] {dag.py:3096} INFO - Sync 1 DAGs
[2025-03-11T03:25:14.523+0000] {logging_mixin.py:188} INFO - [2025-03-11T03:25:14.522+0000] {dag.py:3954} INFO - Setting next_dagrun for example_skip_dag to 2025-03-10 00:00:00+00:00, run_after=2025-03-11 00:00:00+00:00
[2025-03-11T03:25:14.551+0000] {processor.py:183} INFO - Processing /home/airflow/.local/lib/python3.12/site-packages/airflow/example_dags/example_skip_dag.py took 0.107 seconds
[2025-03-11T03:25:46.450+0000] {processor.py:161} INFO - Started process (PID=69679) to work on /home/airflow/.local/lib/python3.12/site-packages/airflow/example_dags/example_skip_dag.py
[2025-03-11T03:25:46.452+0000] {processor.py:830} INFO - Processing file /home/airflow/.local/lib/python3.12/site-packages/airflow/example_dags/example_skip_dag.py for tasks to queue
[2025-03-11T03:25:46.455+0000] {logging_mixin.py:188} INFO - [2025-03-11T03:25:46.455+0000] {dagbag.py:545} INFO - Filling up the DagBag from /home/airflow/.local/lib/python3.12/site-packages/airflow/example_dags/example_skip_dag.py
[2025-03-11T03:25:46.463+0000] {processor.py:840} INFO - DAG(s) 'example_skip_dag' retrieved from /home/airflow/.local/lib/python3.12/site-packages/airflow/example_dags/example_skip_dag.py
[2025-03-11T03:25:46.484+0000] {logging_mixin.py:188} INFO - [2025-03-11T03:25:46.484+0000] {dag.py:3096} INFO - Sync 1 DAGs
[2025-03-11T03:25:46.507+0000] {logging_mixin.py:188} INFO - [2025-03-11T03:25:46.506+0000] {dag.py:3954} INFO - Setting next_dagrun for example_skip_dag to 2025-03-10 00:00:00+00:00, run_after=2025-03-11 00:00:00+00:00
[2025-03-11T03:25:46.529+0000] {processor.py:183} INFO - Processing /home/airflow/.local/lib/python3.12/site-packages/airflow/example_dags/example_skip_dag.py took 0.092 seconds
[2025-03-11T03:26:19.183+0000] {processor.py:161} INFO - Started process (PID=69941) to work on /home/airflow/.local/lib/python3.12/site-packages/airflow/example_dags/example_skip_dag.py
[2025-03-11T03:26:19.184+0000] {processor.py:830} INFO - Processing file /home/airflow/.local/lib/python3.12/site-packages/airflow/example_dags/example_skip_dag.py for tasks to queue
[2025-03-11T03:26:19.187+0000] {logging_mixin.py:188} INFO - [2025-03-11T03:26:19.186+0000] {dagbag.py:545} INFO - Filling up the DagBag from /home/airflow/.local/lib/python3.12/site-packages/airflow/example_dags/example_skip_dag.py
[2025-03-11T03:26:19.194+0000] {processor.py:840} INFO - DAG(s) 'example_skip_dag' retrieved from /home/airflow/.local/lib/python3.12/site-packages/airflow/example_dags/example_skip_dag.py
[2025-03-11T03:26:19.216+0000] {logging_mixin.py:188} INFO - [2025-03-11T03:26:19.216+0000] {dag.py:3096} INFO - Sync 1 DAGs
[2025-03-11T03:26:19.238+0000] {logging_mixin.py:188} INFO - [2025-03-11T03:26:19.238+0000] {dag.py:3954} INFO - Setting next_dagrun for example_skip_dag to 2025-03-10 00:00:00+00:00, run_after=2025-03-11 00:00:00+00:00
[2025-03-11T03:26:19.257+0000] {processor.py:183} INFO - Processing /home/airflow/.local/lib/python3.12/site-packages/airflow/example_dags/example_skip_dag.py took 0.086 seconds
[2025-03-11T03:26:50.259+0000] {processor.py:161} INFO - Started process (PID=70203) to work on /home/airflow/.local/lib/python3.12/site-packages/airflow/example_dags/example_skip_dag.py
[2025-03-11T03:26:50.261+0000] {processor.py:830} INFO - Processing file /home/airflow/.local/lib/python3.12/site-packages/airflow/example_dags/example_skip_dag.py for tasks to queue
[2025-03-11T03:26:50.263+0000] {logging_mixin.py:188} INFO - [2025-03-11T03:26:50.262+0000] {dagbag.py:545} INFO - Filling up the DagBag from /home/airflow/.local/lib/python3.12/site-packages/airflow/example_dags/example_skip_dag.py
[2025-03-11T03:26:50.270+0000] {processor.py:840} INFO - DAG(s) 'example_skip_dag' retrieved from /home/airflow/.local/lib/python3.12/site-packages/airflow/example_dags/example_skip_dag.py
[2025-03-11T03:26:50.291+0000] {logging_mixin.py:188} INFO - [2025-03-11T03:26:50.291+0000] {dag.py:3096} INFO - Sync 1 DAGs
[2025-03-11T03:26:50.320+0000] {logging_mixin.py:188} INFO - [2025-03-11T03:26:50.320+0000] {dag.py:3954} INFO - Setting next_dagrun for example_skip_dag to 2025-03-10 00:00:00+00:00, run_after=2025-03-11 00:00:00+00:00
[2025-03-11T03:26:50.340+0000] {processor.py:183} INFO - Processing /home/airflow/.local/lib/python3.12/site-packages/airflow/example_dags/example_skip_dag.py took 0.087 seconds
[2025-03-11T03:27:23.091+0000] {processor.py:161} INFO - Started process (PID=70467) to work on /home/airflow/.local/lib/python3.12/site-packages/airflow/example_dags/example_skip_dag.py
[2025-03-11T03:27:23.092+0000] {processor.py:830} INFO - Processing file /home/airflow/.local/lib/python3.12/site-packages/airflow/example_dags/example_skip_dag.py for tasks to queue
[2025-03-11T03:27:23.094+0000] {logging_mixin.py:188} INFO - [2025-03-11T03:27:23.094+0000] {dagbag.py:545} INFO - Filling up the DagBag from /home/airflow/.local/lib/python3.12/site-packages/airflow/example_dags/example_skip_dag.py
[2025-03-11T03:27:23.102+0000] {processor.py:840} INFO - DAG(s) 'example_skip_dag' retrieved from /home/airflow/.local/lib/python3.12/site-packages/airflow/example_dags/example_skip_dag.py
[2025-03-11T03:27:23.124+0000] {logging_mixin.py:188} INFO - [2025-03-11T03:27:23.124+0000] {dag.py:3096} INFO - Sync 1 DAGs
[2025-03-11T03:27:23.147+0000] {logging_mixin.py:188} INFO - [2025-03-11T03:27:23.146+0000] {dag.py:3954} INFO - Setting next_dagrun for example_skip_dag to 2025-03-10 00:00:00+00:00, run_after=2025-03-11 00:00:00+00:00
[2025-03-11T03:27:23.168+0000] {processor.py:183} INFO - Processing /home/airflow/.local/lib/python3.12/site-packages/airflow/example_dags/example_skip_dag.py took 0.083 seconds
[2025-03-11T03:27:54.917+0000] {processor.py:161} INFO - Started process (PID=70729) to work on /home/airflow/.local/lib/python3.12/site-packages/airflow/example_dags/example_skip_dag.py
[2025-03-11T03:27:54.919+0000] {processor.py:830} INFO - Processing file /home/airflow/.local/lib/python3.12/site-packages/airflow/example_dags/example_skip_dag.py for tasks to queue
[2025-03-11T03:27:54.921+0000] {logging_mixin.py:188} INFO - [2025-03-11T03:27:54.921+0000] {dagbag.py:545} INFO - Filling up the DagBag from /home/airflow/.local/lib/python3.12/site-packages/airflow/example_dags/example_skip_dag.py
[2025-03-11T03:27:54.930+0000] {processor.py:840} INFO - DAG(s) 'example_skip_dag' retrieved from /home/airflow/.local/lib/python3.12/site-packages/airflow/example_dags/example_skip_dag.py
[2025-03-11T03:27:54.952+0000] {logging_mixin.py:188} INFO - [2025-03-11T03:27:54.952+0000] {dag.py:3096} INFO - Sync 1 DAGs
[2025-03-11T03:27:54.977+0000] {logging_mixin.py:188} INFO - [2025-03-11T03:27:54.976+0000] {dag.py:3954} INFO - Setting next_dagrun for example_skip_dag to 2025-03-10 00:00:00+00:00, run_after=2025-03-11 00:00:00+00:00
[2025-03-11T03:27:54.999+0000] {processor.py:183} INFO - Processing /home/airflow/.local/lib/python3.12/site-packages/airflow/example_dags/example_skip_dag.py took 0.087 seconds
[2025-03-11T03:28:27.667+0000] {processor.py:161} INFO - Started process (PID=70991) to work on /home/airflow/.local/lib/python3.12/site-packages/airflow/example_dags/example_skip_dag.py
[2025-03-11T03:28:27.670+0000] {processor.py:830} INFO - Processing file /home/airflow/.local/lib/python3.12/site-packages/airflow/example_dags/example_skip_dag.py for tasks to queue
[2025-03-11T03:28:27.676+0000] {logging_mixin.py:188} INFO - [2025-03-11T03:28:27.675+0000] {dagbag.py:545} INFO - Filling up the DagBag from /home/airflow/.local/lib/python3.12/site-packages/airflow/example_dags/example_skip_dag.py
[2025-03-11T03:28:27.697+0000] {processor.py:840} INFO - DAG(s) 'example_skip_dag' retrieved from /home/airflow/.local/lib/python3.12/site-packages/airflow/example_dags/example_skip_dag.py
[2025-03-11T03:28:27.741+0000] {logging_mixin.py:188} INFO - [2025-03-11T03:28:27.740+0000] {dag.py:3096} INFO - Sync 1 DAGs
[2025-03-11T03:28:27.769+0000] {logging_mixin.py:188} INFO - [2025-03-11T03:28:27.768+0000] {dag.py:3954} INFO - Setting next_dagrun for example_skip_dag to 2025-03-10 00:00:00+00:00, run_after=2025-03-11 00:00:00+00:00
[2025-03-11T03:28:27.818+0000] {processor.py:183} INFO - Processing /home/airflow/.local/lib/python3.12/site-packages/airflow/example_dags/example_skip_dag.py took 0.165 seconds
[2025-03-11T03:28:59.576+0000] {processor.py:161} INFO - Started process (PID=71251) to work on /home/airflow/.local/lib/python3.12/site-packages/airflow/example_dags/example_skip_dag.py
[2025-03-11T03:28:59.578+0000] {processor.py:830} INFO - Processing file /home/airflow/.local/lib/python3.12/site-packages/airflow/example_dags/example_skip_dag.py for tasks to queue
[2025-03-11T03:28:59.580+0000] {logging_mixin.py:188} INFO - [2025-03-11T03:28:59.580+0000] {dagbag.py:545} INFO - Filling up the DagBag from /home/airflow/.local/lib/python3.12/site-packages/airflow/example_dags/example_skip_dag.py
[2025-03-11T03:28:59.588+0000] {processor.py:840} INFO - DAG(s) 'example_skip_dag' retrieved from /home/airflow/.local/lib/python3.12/site-packages/airflow/example_dags/example_skip_dag.py
[2025-03-11T03:28:59.614+0000] {logging_mixin.py:188} INFO - [2025-03-11T03:28:59.614+0000] {dag.py:3096} INFO - Sync 1 DAGs
[2025-03-11T03:28:59.643+0000] {logging_mixin.py:188} INFO - [2025-03-11T03:28:59.643+0000] {dag.py:3954} INFO - Setting next_dagrun for example_skip_dag to 2025-03-10 00:00:00+00:00, run_after=2025-03-11 00:00:00+00:00
[2025-03-11T03:28:59.675+0000] {processor.py:183} INFO - Processing /home/airflow/.local/lib/python3.12/site-packages/airflow/example_dags/example_skip_dag.py took 0.107 seconds
[2025-03-11T03:29:31.886+0000] {processor.py:161} INFO - Started process (PID=71515) to work on /home/airflow/.local/lib/python3.12/site-packages/airflow/example_dags/example_skip_dag.py
[2025-03-11T03:29:31.888+0000] {processor.py:830} INFO - Processing file /home/airflow/.local/lib/python3.12/site-packages/airflow/example_dags/example_skip_dag.py for tasks to queue
[2025-03-11T03:29:31.890+0000] {logging_mixin.py:188} INFO - [2025-03-11T03:29:31.890+0000] {dagbag.py:545} INFO - Filling up the DagBag from /home/airflow/.local/lib/python3.12/site-packages/airflow/example_dags/example_skip_dag.py
[2025-03-11T03:29:31.898+0000] {processor.py:840} INFO - DAG(s) 'example_skip_dag' retrieved from /home/airflow/.local/lib/python3.12/site-packages/airflow/example_dags/example_skip_dag.py
[2025-03-11T03:29:31.919+0000] {logging_mixin.py:188} INFO - [2025-03-11T03:29:31.919+0000] {dag.py:3096} INFO - Sync 1 DAGs
[2025-03-11T03:29:31.941+0000] {logging_mixin.py:188} INFO - [2025-03-11T03:29:31.941+0000] {dag.py:3954} INFO - Setting next_dagrun for example_skip_dag to 2025-03-10 00:00:00+00:00, run_after=2025-03-11 00:00:00+00:00
[2025-03-11T03:29:31.964+0000] {processor.py:183} INFO - Processing /home/airflow/.local/lib/python3.12/site-packages/airflow/example_dags/example_skip_dag.py took 0.097 seconds
[2025-03-11T03:30:03.496+0000] {processor.py:161} INFO - Started process (PID=71775) to work on /home/airflow/.local/lib/python3.12/site-packages/airflow/example_dags/example_skip_dag.py
[2025-03-11T03:30:03.499+0000] {processor.py:830} INFO - Processing file /home/airflow/.local/lib/python3.12/site-packages/airflow/example_dags/example_skip_dag.py for tasks to queue
[2025-03-11T03:30:03.528+0000] {logging_mixin.py:188} INFO - [2025-03-11T03:30:03.527+0000] {dagbag.py:545} INFO - Filling up the DagBag from /home/airflow/.local/lib/python3.12/site-packages/airflow/example_dags/example_skip_dag.py
[2025-03-11T03:30:03.565+0000] {processor.py:840} INFO - DAG(s) 'example_skip_dag' retrieved from /home/airflow/.local/lib/python3.12/site-packages/airflow/example_dags/example_skip_dag.py
[2025-03-11T03:30:03.615+0000] {logging_mixin.py:188} INFO - [2025-03-11T03:30:03.615+0000] {dag.py:3096} INFO - Sync 1 DAGs
[2025-03-11T03:30:03.676+0000] {logging_mixin.py:188} INFO - [2025-03-11T03:30:03.676+0000] {dag.py:3954} INFO - Setting next_dagrun for example_skip_dag to 2025-03-10 00:00:00+00:00, run_after=2025-03-11 00:00:00+00:00
[2025-03-11T03:30:03.724+0000] {processor.py:183} INFO - Processing /home/airflow/.local/lib/python3.12/site-packages/airflow/example_dags/example_skip_dag.py took 0.242 seconds
[2025-03-11T03:30:36.345+0000] {processor.py:161} INFO - Started process (PID=72039) to work on /home/airflow/.local/lib/python3.12/site-packages/airflow/example_dags/example_skip_dag.py
[2025-03-11T03:30:36.347+0000] {processor.py:830} INFO - Processing file /home/airflow/.local/lib/python3.12/site-packages/airflow/example_dags/example_skip_dag.py for tasks to queue
[2025-03-11T03:30:36.350+0000] {logging_mixin.py:188} INFO - [2025-03-11T03:30:36.350+0000] {dagbag.py:545} INFO - Filling up the DagBag from /home/airflow/.local/lib/python3.12/site-packages/airflow/example_dags/example_skip_dag.py
[2025-03-11T03:30:36.362+0000] {processor.py:840} INFO - DAG(s) 'example_skip_dag' retrieved from /home/airflow/.local/lib/python3.12/site-packages/airflow/example_dags/example_skip_dag.py
[2025-03-11T03:30:36.385+0000] {logging_mixin.py:188} INFO - [2025-03-11T03:30:36.385+0000] {dag.py:3096} INFO - Sync 1 DAGs
[2025-03-11T03:30:36.412+0000] {logging_mixin.py:188} INFO - [2025-03-11T03:30:36.412+0000] {dag.py:3954} INFO - Setting next_dagrun for example_skip_dag to 2025-03-10 00:00:00+00:00, run_after=2025-03-11 00:00:00+00:00
[2025-03-11T03:30:36.437+0000] {processor.py:183} INFO - Processing /home/airflow/.local/lib/python3.12/site-packages/airflow/example_dags/example_skip_dag.py took 0.102 seconds
[2025-03-11T03:31:06.857+0000] {processor.py:161} INFO - Started process (PID=72299) to work on /home/airflow/.local/lib/python3.12/site-packages/airflow/example_dags/example_skip_dag.py
[2025-03-11T03:31:06.858+0000] {processor.py:830} INFO - Processing file /home/airflow/.local/lib/python3.12/site-packages/airflow/example_dags/example_skip_dag.py for tasks to queue
[2025-03-11T03:31:06.860+0000] {logging_mixin.py:188} INFO - [2025-03-11T03:31:06.860+0000] {dagbag.py:545} INFO - Filling up the DagBag from /home/airflow/.local/lib/python3.12/site-packages/airflow/example_dags/example_skip_dag.py
[2025-03-11T03:31:06.867+0000] {processor.py:840} INFO - DAG(s) 'example_skip_dag' retrieved from /home/airflow/.local/lib/python3.12/site-packages/airflow/example_dags/example_skip_dag.py
[2025-03-11T03:31:06.888+0000] {logging_mixin.py:188} INFO - [2025-03-11T03:31:06.888+0000] {dag.py:3096} INFO - Sync 1 DAGs
[2025-03-11T03:31:06.911+0000] {logging_mixin.py:188} INFO - [2025-03-11T03:31:06.911+0000] {dag.py:3954} INFO - Setting next_dagrun for example_skip_dag to 2025-03-10 00:00:00+00:00, run_after=2025-03-11 00:00:00+00:00
[2025-03-11T03:31:06.935+0000] {processor.py:183} INFO - Processing /home/airflow/.local/lib/python3.12/site-packages/airflow/example_dags/example_skip_dag.py took 0.085 seconds
[2025-03-11T03:31:39.897+0000] {processor.py:161} INFO - Started process (PID=72563) to work on /home/airflow/.local/lib/python3.12/site-packages/airflow/example_dags/example_skip_dag.py
[2025-03-11T03:31:39.902+0000] {processor.py:830} INFO - Processing file /home/airflow/.local/lib/python3.12/site-packages/airflow/example_dags/example_skip_dag.py for tasks to queue
[2025-03-11T03:31:39.909+0000] {logging_mixin.py:188} INFO - [2025-03-11T03:31:39.908+0000] {dagbag.py:545} INFO - Filling up the DagBag from /home/airflow/.local/lib/python3.12/site-packages/airflow/example_dags/example_skip_dag.py
[2025-03-11T03:31:39.920+0000] {processor.py:840} INFO - DAG(s) 'example_skip_dag' retrieved from /home/airflow/.local/lib/python3.12/site-packages/airflow/example_dags/example_skip_dag.py
[2025-03-11T03:31:39.961+0000] {logging_mixin.py:188} INFO - [2025-03-11T03:31:39.961+0000] {dag.py:3096} INFO - Sync 1 DAGs
[2025-03-11T03:31:39.993+0000] {logging_mixin.py:188} INFO - [2025-03-11T03:31:39.992+0000] {dag.py:3954} INFO - Setting next_dagrun for example_skip_dag to 2025-03-10 00:00:00+00:00, run_after=2025-03-11 00:00:00+00:00
[2025-03-11T03:31:40.011+0000] {processor.py:183} INFO - Processing /home/airflow/.local/lib/python3.12/site-packages/airflow/example_dags/example_skip_dag.py took 0.138 seconds
[2025-03-11T03:32:11.177+0000] {processor.py:161} INFO - Started process (PID=72823) to work on /home/airflow/.local/lib/python3.12/site-packages/airflow/example_dags/example_skip_dag.py
[2025-03-11T03:32:11.178+0000] {processor.py:830} INFO - Processing file /home/airflow/.local/lib/python3.12/site-packages/airflow/example_dags/example_skip_dag.py for tasks to queue
[2025-03-11T03:32:11.180+0000] {logging_mixin.py:188} INFO - [2025-03-11T03:32:11.180+0000] {dagbag.py:545} INFO - Filling up the DagBag from /home/airflow/.local/lib/python3.12/site-packages/airflow/example_dags/example_skip_dag.py
[2025-03-11T03:32:11.187+0000] {processor.py:840} INFO - DAG(s) 'example_skip_dag' retrieved from /home/airflow/.local/lib/python3.12/site-packages/airflow/example_dags/example_skip_dag.py
[2025-03-11T03:32:11.209+0000] {logging_mixin.py:188} INFO - [2025-03-11T03:32:11.209+0000] {dag.py:3096} INFO - Sync 1 DAGs
[2025-03-11T03:32:11.231+0000] {logging_mixin.py:188} INFO - [2025-03-11T03:32:11.231+0000] {dag.py:3954} INFO - Setting next_dagrun for example_skip_dag to 2025-03-10 00:00:00+00:00, run_after=2025-03-11 00:00:00+00:00
[2025-03-11T03:32:11.251+0000] {processor.py:183} INFO - Processing /home/airflow/.local/lib/python3.12/site-packages/airflow/example_dags/example_skip_dag.py took 0.080 seconds
[2025-03-11T03:32:43.471+0000] {processor.py:161} INFO - Started process (PID=73087) to work on /home/airflow/.local/lib/python3.12/site-packages/airflow/example_dags/example_skip_dag.py
[2025-03-11T03:32:43.473+0000] {processor.py:830} INFO - Processing file /home/airflow/.local/lib/python3.12/site-packages/airflow/example_dags/example_skip_dag.py for tasks to queue
[2025-03-11T03:32:43.477+0000] {logging_mixin.py:188} INFO - [2025-03-11T03:32:43.477+0000] {dagbag.py:545} INFO - Filling up the DagBag from /home/airflow/.local/lib/python3.12/site-packages/airflow/example_dags/example_skip_dag.py
[2025-03-11T03:32:43.487+0000] {processor.py:840} INFO - DAG(s) 'example_skip_dag' retrieved from /home/airflow/.local/lib/python3.12/site-packages/airflow/example_dags/example_skip_dag.py
[2025-03-11T03:32:43.514+0000] {logging_mixin.py:188} INFO - [2025-03-11T03:32:43.514+0000] {dag.py:3096} INFO - Sync 1 DAGs
[2025-03-11T03:32:43.550+0000] {logging_mixin.py:188} INFO - [2025-03-11T03:32:43.549+0000] {dag.py:3954} INFO - Setting next_dagrun for example_skip_dag to 2025-03-10 00:00:00+00:00, run_after=2025-03-11 00:00:00+00:00
[2025-03-11T03:32:43.575+0000] {processor.py:183} INFO - Processing /home/airflow/.local/lib/python3.12/site-packages/airflow/example_dags/example_skip_dag.py took 0.116 seconds
