[2025-03-11T03:05:19.237+0000] {processor.py:161} INFO - Started process (PID=59528) to work on /home/airflow/.local/lib/python3.12/site-packages/airflow/example_dags/example_local_kubernetes_executor.py
[2025-03-11T03:05:19.239+0000] {processor.py:830} INFO - Processing file /home/airflow/.local/lib/python3.12/site-packages/airflow/example_dags/example_local_kubernetes_executor.py for tasks to queue
[2025-03-11T03:05:19.241+0000] {logging_mixin.py:188} INFO - [2025-03-11T03:05:19.241+0000] {dagbag.py:545} INFO - Filling up the DagBag from /home/airflow/.local/lib/python3.12/site-packages/airflow/example_dags/example_local_kubernetes_executor.py
[2025-03-11T03:05:19.251+0000] {processor.py:840} INFO - DAG(s) 'example_local_kubernetes_executor' retrieved from /home/airflow/.local/lib/python3.12/site-packages/airflow/example_dags/example_local_kubernetes_executor.py
[2025-03-11T03:05:19.288+0000] {logging_mixin.py:188} INFO - [2025-03-11T03:05:19.288+0000] {dag.py:3096} INFO - Sync 1 DAGs
[2025-03-11T03:05:19.302+0000] {logging_mixin.py:188} INFO - [2025-03-11T03:05:19.301+0000] {dag.py:3954} INFO - Setting next_dagrun for example_local_kubernetes_executor to None, run_after=None
[2025-03-11T03:05:19.328+0000] {processor.py:183} INFO - Processing /home/airflow/.local/lib/python3.12/site-packages/airflow/example_dags/example_local_kubernetes_executor.py took 0.099 seconds
[2025-03-11T03:05:49.569+0000] {processor.py:161} INFO - Started process (PID=59790) to work on /home/airflow/.local/lib/python3.12/site-packages/airflow/example_dags/example_local_kubernetes_executor.py
[2025-03-11T03:05:49.571+0000] {processor.py:830} INFO - Processing file /home/airflow/.local/lib/python3.12/site-packages/airflow/example_dags/example_local_kubernetes_executor.py for tasks to queue
[2025-03-11T03:05:49.575+0000] {logging_mixin.py:188} INFO - [2025-03-11T03:05:49.574+0000] {dagbag.py:545} INFO - Filling up the DagBag from /home/airflow/.local/lib/python3.12/site-packages/airflow/example_dags/example_local_kubernetes_executor.py
[2025-03-11T03:05:49.600+0000] {processor.py:840} INFO - DAG(s) 'example_local_kubernetes_executor' retrieved from /home/airflow/.local/lib/python3.12/site-packages/airflow/example_dags/example_local_kubernetes_executor.py
[2025-03-11T03:05:49.667+0000] {logging_mixin.py:188} INFO - [2025-03-11T03:05:49.666+0000] {dag.py:3096} INFO - Sync 1 DAGs
[2025-03-11T03:05:49.690+0000] {logging_mixin.py:188} INFO - [2025-03-11T03:05:49.689+0000] {dag.py:3954} INFO - Setting next_dagrun for example_local_kubernetes_executor to None, run_after=None
[2025-03-11T03:05:49.721+0000] {processor.py:183} INFO - Processing /home/airflow/.local/lib/python3.12/site-packages/airflow/example_dags/example_local_kubernetes_executor.py took 0.161 seconds
[2025-03-11T03:06:20.563+0000] {processor.py:161} INFO - Started process (PID=60052) to work on /home/airflow/.local/lib/python3.12/site-packages/airflow/example_dags/example_local_kubernetes_executor.py
[2025-03-11T03:06:20.564+0000] {processor.py:830} INFO - Processing file /home/airflow/.local/lib/python3.12/site-packages/airflow/example_dags/example_local_kubernetes_executor.py for tasks to queue
[2025-03-11T03:06:20.567+0000] {logging_mixin.py:188} INFO - [2025-03-11T03:06:20.566+0000] {dagbag.py:545} INFO - Filling up the DagBag from /home/airflow/.local/lib/python3.12/site-packages/airflow/example_dags/example_local_kubernetes_executor.py
[2025-03-11T03:06:20.574+0000] {processor.py:840} INFO - DAG(s) 'example_local_kubernetes_executor' retrieved from /home/airflow/.local/lib/python3.12/site-packages/airflow/example_dags/example_local_kubernetes_executor.py
[2025-03-11T03:06:20.603+0000] {logging_mixin.py:188} INFO - [2025-03-11T03:06:20.602+0000] {dag.py:3096} INFO - Sync 1 DAGs
[2025-03-11T03:06:20.614+0000] {logging_mixin.py:188} INFO - [2025-03-11T03:06:20.614+0000] {dag.py:3954} INFO - Setting next_dagrun for example_local_kubernetes_executor to None, run_after=None
[2025-03-11T03:06:20.633+0000] {processor.py:183} INFO - Processing /home/airflow/.local/lib/python3.12/site-packages/airflow/example_dags/example_local_kubernetes_executor.py took 0.076 seconds
[2025-03-11T03:06:51.082+0000] {processor.py:161} INFO - Started process (PID=60314) to work on /home/airflow/.local/lib/python3.12/site-packages/airflow/example_dags/example_local_kubernetes_executor.py
[2025-03-11T03:06:51.083+0000] {processor.py:830} INFO - Processing file /home/airflow/.local/lib/python3.12/site-packages/airflow/example_dags/example_local_kubernetes_executor.py for tasks to queue
[2025-03-11T03:06:51.086+0000] {logging_mixin.py:188} INFO - [2025-03-11T03:06:51.086+0000] {dagbag.py:545} INFO - Filling up the DagBag from /home/airflow/.local/lib/python3.12/site-packages/airflow/example_dags/example_local_kubernetes_executor.py
[2025-03-11T03:06:51.095+0000] {processor.py:840} INFO - DAG(s) 'example_local_kubernetes_executor' retrieved from /home/airflow/.local/lib/python3.12/site-packages/airflow/example_dags/example_local_kubernetes_executor.py
[2025-03-11T03:06:51.135+0000] {logging_mixin.py:188} INFO - [2025-03-11T03:06:51.135+0000] {dag.py:3096} INFO - Sync 1 DAGs
[2025-03-11T03:06:51.151+0000] {logging_mixin.py:188} INFO - [2025-03-11T03:06:51.151+0000] {dag.py:3954} INFO - Setting next_dagrun for example_local_kubernetes_executor to None, run_after=None
[2025-03-11T03:06:51.172+0000] {processor.py:183} INFO - Processing /home/airflow/.local/lib/python3.12/site-packages/airflow/example_dags/example_local_kubernetes_executor.py took 0.097 seconds
[2025-03-11T03:07:22.193+0000] {processor.py:161} INFO - Started process (PID=60576) to work on /home/airflow/.local/lib/python3.12/site-packages/airflow/example_dags/example_local_kubernetes_executor.py
[2025-03-11T03:07:22.195+0000] {processor.py:830} INFO - Processing file /home/airflow/.local/lib/python3.12/site-packages/airflow/example_dags/example_local_kubernetes_executor.py for tasks to queue
[2025-03-11T03:07:22.203+0000] {logging_mixin.py:188} INFO - [2025-03-11T03:07:22.202+0000] {dagbag.py:545} INFO - Filling up the DagBag from /home/airflow/.local/lib/python3.12/site-packages/airflow/example_dags/example_local_kubernetes_executor.py
[2025-03-11T03:07:22.211+0000] {processor.py:840} INFO - DAG(s) 'example_local_kubernetes_executor' retrieved from /home/airflow/.local/lib/python3.12/site-packages/airflow/example_dags/example_local_kubernetes_executor.py
[2025-03-11T03:07:22.245+0000] {logging_mixin.py:188} INFO - [2025-03-11T03:07:22.245+0000] {dag.py:3096} INFO - Sync 1 DAGs
[2025-03-11T03:07:22.258+0000] {logging_mixin.py:188} INFO - [2025-03-11T03:07:22.258+0000] {dag.py:3954} INFO - Setting next_dagrun for example_local_kubernetes_executor to None, run_after=None
[2025-03-11T03:07:22.279+0000] {processor.py:183} INFO - Processing /home/airflow/.local/lib/python3.12/site-packages/airflow/example_dags/example_local_kubernetes_executor.py took 0.117 seconds
[2025-03-11T03:07:53.255+0000] {processor.py:161} INFO - Started process (PID=60848) to work on /home/airflow/.local/lib/python3.12/site-packages/airflow/example_dags/example_local_kubernetes_executor.py
[2025-03-11T03:07:53.256+0000] {processor.py:830} INFO - Processing file /home/airflow/.local/lib/python3.12/site-packages/airflow/example_dags/example_local_kubernetes_executor.py for tasks to queue
[2025-03-11T03:07:53.258+0000] {logging_mixin.py:188} INFO - [2025-03-11T03:07:53.257+0000] {dagbag.py:545} INFO - Filling up the DagBag from /home/airflow/.local/lib/python3.12/site-packages/airflow/example_dags/example_local_kubernetes_executor.py
[2025-03-11T03:07:53.265+0000] {processor.py:840} INFO - DAG(s) 'example_local_kubernetes_executor' retrieved from /home/airflow/.local/lib/python3.12/site-packages/airflow/example_dags/example_local_kubernetes_executor.py
[2025-03-11T03:07:53.302+0000] {logging_mixin.py:188} INFO - [2025-03-11T03:07:53.302+0000] {dag.py:3096} INFO - Sync 1 DAGs
[2025-03-11T03:07:53.317+0000] {logging_mixin.py:188} INFO - [2025-03-11T03:07:53.316+0000] {dag.py:3954} INFO - Setting next_dagrun for example_local_kubernetes_executor to None, run_after=None
[2025-03-11T03:07:53.338+0000] {processor.py:183} INFO - Processing /home/airflow/.local/lib/python3.12/site-packages/airflow/example_dags/example_local_kubernetes_executor.py took 0.091 seconds
[2025-03-11T03:08:23.640+0000] {processor.py:161} INFO - Started process (PID=61105) to work on /home/airflow/.local/lib/python3.12/site-packages/airflow/example_dags/example_local_kubernetes_executor.py
[2025-03-11T03:08:23.642+0000] {processor.py:830} INFO - Processing file /home/airflow/.local/lib/python3.12/site-packages/airflow/example_dags/example_local_kubernetes_executor.py for tasks to queue
[2025-03-11T03:08:23.646+0000] {logging_mixin.py:188} INFO - [2025-03-11T03:08:23.645+0000] {dagbag.py:545} INFO - Filling up the DagBag from /home/airflow/.local/lib/python3.12/site-packages/airflow/example_dags/example_local_kubernetes_executor.py
[2025-03-11T03:08:23.658+0000] {processor.py:840} INFO - DAG(s) 'example_local_kubernetes_executor' retrieved from /home/airflow/.local/lib/python3.12/site-packages/airflow/example_dags/example_local_kubernetes_executor.py
[2025-03-11T03:08:23.720+0000] {logging_mixin.py:188} INFO - [2025-03-11T03:08:23.720+0000] {dag.py:3096} INFO - Sync 1 DAGs
[2025-03-11T03:08:23.738+0000] {logging_mixin.py:188} INFO - [2025-03-11T03:08:23.738+0000] {dag.py:3954} INFO - Setting next_dagrun for example_local_kubernetes_executor to None, run_after=None
[2025-03-11T03:08:23.763+0000] {processor.py:183} INFO - Processing /home/airflow/.local/lib/python3.12/site-packages/airflow/example_dags/example_local_kubernetes_executor.py took 0.134 seconds
[2025-03-11T03:08:54.104+0000] {processor.py:161} INFO - Started process (PID=61367) to work on /home/airflow/.local/lib/python3.12/site-packages/airflow/example_dags/example_local_kubernetes_executor.py
[2025-03-11T03:08:54.105+0000] {processor.py:830} INFO - Processing file /home/airflow/.local/lib/python3.12/site-packages/airflow/example_dags/example_local_kubernetes_executor.py for tasks to queue
[2025-03-11T03:08:54.107+0000] {logging_mixin.py:188} INFO - [2025-03-11T03:08:54.107+0000] {dagbag.py:545} INFO - Filling up the DagBag from /home/airflow/.local/lib/python3.12/site-packages/airflow/example_dags/example_local_kubernetes_executor.py
[2025-03-11T03:08:54.115+0000] {processor.py:840} INFO - DAG(s) 'example_local_kubernetes_executor' retrieved from /home/airflow/.local/lib/python3.12/site-packages/airflow/example_dags/example_local_kubernetes_executor.py
[2025-03-11T03:08:54.153+0000] {logging_mixin.py:188} INFO - [2025-03-11T03:08:54.153+0000] {dag.py:3096} INFO - Sync 1 DAGs
[2025-03-11T03:08:54.168+0000] {logging_mixin.py:188} INFO - [2025-03-11T03:08:54.168+0000] {dag.py:3954} INFO - Setting next_dagrun for example_local_kubernetes_executor to None, run_after=None
[2025-03-11T03:08:54.190+0000] {processor.py:183} INFO - Processing /home/airflow/.local/lib/python3.12/site-packages/airflow/example_dags/example_local_kubernetes_executor.py took 0.093 seconds
[2025-03-11T03:09:25.030+0000] {processor.py:161} INFO - Started process (PID=61628) to work on /home/airflow/.local/lib/python3.12/site-packages/airflow/example_dags/example_local_kubernetes_executor.py
[2025-03-11T03:09:25.032+0000] {processor.py:830} INFO - Processing file /home/airflow/.local/lib/python3.12/site-packages/airflow/example_dags/example_local_kubernetes_executor.py for tasks to queue
[2025-03-11T03:09:25.034+0000] {logging_mixin.py:188} INFO - [2025-03-11T03:09:25.034+0000] {dagbag.py:545} INFO - Filling up the DagBag from /home/airflow/.local/lib/python3.12/site-packages/airflow/example_dags/example_local_kubernetes_executor.py
[2025-03-11T03:09:25.043+0000] {processor.py:840} INFO - DAG(s) 'example_local_kubernetes_executor' retrieved from /home/airflow/.local/lib/python3.12/site-packages/airflow/example_dags/example_local_kubernetes_executor.py
[2025-03-11T03:09:25.080+0000] {logging_mixin.py:188} INFO - [2025-03-11T03:09:25.080+0000] {dag.py:3096} INFO - Sync 1 DAGs
[2025-03-11T03:09:25.103+0000] {logging_mixin.py:188} INFO - [2025-03-11T03:09:25.103+0000] {dag.py:3954} INFO - Setting next_dagrun for example_local_kubernetes_executor to None, run_after=None
[2025-03-11T03:09:25.129+0000] {processor.py:183} INFO - Processing /home/airflow/.local/lib/python3.12/site-packages/airflow/example_dags/example_local_kubernetes_executor.py took 0.105 seconds
[2025-03-11T03:09:55.908+0000] {processor.py:161} INFO - Started process (PID=61891) to work on /home/airflow/.local/lib/python3.12/site-packages/airflow/example_dags/example_local_kubernetes_executor.py
[2025-03-11T03:09:55.909+0000] {processor.py:830} INFO - Processing file /home/airflow/.local/lib/python3.12/site-packages/airflow/example_dags/example_local_kubernetes_executor.py for tasks to queue
[2025-03-11T03:09:55.910+0000] {logging_mixin.py:188} INFO - [2025-03-11T03:09:55.910+0000] {dagbag.py:545} INFO - Filling up the DagBag from /home/airflow/.local/lib/python3.12/site-packages/airflow/example_dags/example_local_kubernetes_executor.py
[2025-03-11T03:09:55.918+0000] {processor.py:840} INFO - DAG(s) 'example_local_kubernetes_executor' retrieved from /home/airflow/.local/lib/python3.12/site-packages/airflow/example_dags/example_local_kubernetes_executor.py
[2025-03-11T03:09:55.954+0000] {logging_mixin.py:188} INFO - [2025-03-11T03:09:55.954+0000] {dag.py:3096} INFO - Sync 1 DAGs
[2025-03-11T03:09:55.969+0000] {logging_mixin.py:188} INFO - [2025-03-11T03:09:55.969+0000] {dag.py:3954} INFO - Setting next_dagrun for example_local_kubernetes_executor to None, run_after=None
[2025-03-11T03:09:55.992+0000] {processor.py:183} INFO - Processing /home/airflow/.local/lib/python3.12/site-packages/airflow/example_dags/example_local_kubernetes_executor.py took 0.090 seconds
[2025-03-11T03:10:26.234+0000] {processor.py:161} INFO - Started process (PID=62148) to work on /home/airflow/.local/lib/python3.12/site-packages/airflow/example_dags/example_local_kubernetes_executor.py
[2025-03-11T03:10:26.235+0000] {processor.py:830} INFO - Processing file /home/airflow/.local/lib/python3.12/site-packages/airflow/example_dags/example_local_kubernetes_executor.py for tasks to queue
[2025-03-11T03:10:26.237+0000] {logging_mixin.py:188} INFO - [2025-03-11T03:10:26.237+0000] {dagbag.py:545} INFO - Filling up the DagBag from /home/airflow/.local/lib/python3.12/site-packages/airflow/example_dags/example_local_kubernetes_executor.py
[2025-03-11T03:10:26.244+0000] {processor.py:840} INFO - DAG(s) 'example_local_kubernetes_executor' retrieved from /home/airflow/.local/lib/python3.12/site-packages/airflow/example_dags/example_local_kubernetes_executor.py
[2025-03-11T03:10:26.278+0000] {logging_mixin.py:188} INFO - [2025-03-11T03:10:26.278+0000] {dag.py:3096} INFO - Sync 1 DAGs
[2025-03-11T03:10:26.290+0000] {logging_mixin.py:188} INFO - [2025-03-11T03:10:26.290+0000] {dag.py:3954} INFO - Setting next_dagrun for example_local_kubernetes_executor to None, run_after=None
[2025-03-11T03:10:26.309+0000] {processor.py:183} INFO - Processing /home/airflow/.local/lib/python3.12/site-packages/airflow/example_dags/example_local_kubernetes_executor.py took 0.081 seconds
[2025-03-11T03:10:56.531+0000] {processor.py:161} INFO - Started process (PID=62410) to work on /home/airflow/.local/lib/python3.12/site-packages/airflow/example_dags/example_local_kubernetes_executor.py
[2025-03-11T03:10:56.533+0000] {processor.py:830} INFO - Processing file /home/airflow/.local/lib/python3.12/site-packages/airflow/example_dags/example_local_kubernetes_executor.py for tasks to queue
[2025-03-11T03:10:56.535+0000] {logging_mixin.py:188} INFO - [2025-03-11T03:10:56.535+0000] {dagbag.py:545} INFO - Filling up the DagBag from /home/airflow/.local/lib/python3.12/site-packages/airflow/example_dags/example_local_kubernetes_executor.py
[2025-03-11T03:10:56.541+0000] {processor.py:840} INFO - DAG(s) 'example_local_kubernetes_executor' retrieved from /home/airflow/.local/lib/python3.12/site-packages/airflow/example_dags/example_local_kubernetes_executor.py
[2025-03-11T03:10:56.579+0000] {logging_mixin.py:188} INFO - [2025-03-11T03:10:56.579+0000] {dag.py:3096} INFO - Sync 1 DAGs
[2025-03-11T03:10:56.592+0000] {logging_mixin.py:188} INFO - [2025-03-11T03:10:56.591+0000] {dag.py:3954} INFO - Setting next_dagrun for example_local_kubernetes_executor to None, run_after=None
[2025-03-11T03:10:56.615+0000] {processor.py:183} INFO - Processing /home/airflow/.local/lib/python3.12/site-packages/airflow/example_dags/example_local_kubernetes_executor.py took 0.088 seconds
[2025-03-11T03:11:27.144+0000] {processor.py:161} INFO - Started process (PID=62672) to work on /home/airflow/.local/lib/python3.12/site-packages/airflow/example_dags/example_local_kubernetes_executor.py
[2025-03-11T03:11:27.145+0000] {processor.py:830} INFO - Processing file /home/airflow/.local/lib/python3.12/site-packages/airflow/example_dags/example_local_kubernetes_executor.py for tasks to queue
[2025-03-11T03:11:27.147+0000] {logging_mixin.py:188} INFO - [2025-03-11T03:11:27.147+0000] {dagbag.py:545} INFO - Filling up the DagBag from /home/airflow/.local/lib/python3.12/site-packages/airflow/example_dags/example_local_kubernetes_executor.py
[2025-03-11T03:11:27.154+0000] {processor.py:840} INFO - DAG(s) 'example_local_kubernetes_executor' retrieved from /home/airflow/.local/lib/python3.12/site-packages/airflow/example_dags/example_local_kubernetes_executor.py
[2025-03-11T03:11:27.193+0000] {logging_mixin.py:188} INFO - [2025-03-11T03:11:27.193+0000] {dag.py:3096} INFO - Sync 1 DAGs
[2025-03-11T03:11:27.221+0000] {logging_mixin.py:188} INFO - [2025-03-11T03:11:27.221+0000] {dag.py:3954} INFO - Setting next_dagrun for example_local_kubernetes_executor to None, run_after=None
[2025-03-11T03:11:27.281+0000] {processor.py:183} INFO - Processing /home/airflow/.local/lib/python3.12/site-packages/airflow/example_dags/example_local_kubernetes_executor.py took 0.143 seconds
[2025-03-11T03:11:57.495+0000] {processor.py:161} INFO - Started process (PID=62934) to work on /home/airflow/.local/lib/python3.12/site-packages/airflow/example_dags/example_local_kubernetes_executor.py
[2025-03-11T03:11:57.496+0000] {processor.py:830} INFO - Processing file /home/airflow/.local/lib/python3.12/site-packages/airflow/example_dags/example_local_kubernetes_executor.py for tasks to queue
[2025-03-11T03:11:57.499+0000] {logging_mixin.py:188} INFO - [2025-03-11T03:11:57.498+0000] {dagbag.py:545} INFO - Filling up the DagBag from /home/airflow/.local/lib/python3.12/site-packages/airflow/example_dags/example_local_kubernetes_executor.py
[2025-03-11T03:11:57.505+0000] {processor.py:840} INFO - DAG(s) 'example_local_kubernetes_executor' retrieved from /home/airflow/.local/lib/python3.12/site-packages/airflow/example_dags/example_local_kubernetes_executor.py
[2025-03-11T03:11:57.538+0000] {logging_mixin.py:188} INFO - [2025-03-11T03:11:57.538+0000] {dag.py:3096} INFO - Sync 1 DAGs
[2025-03-11T03:11:57.552+0000] {logging_mixin.py:188} INFO - [2025-03-11T03:11:57.551+0000] {dag.py:3954} INFO - Setting next_dagrun for example_local_kubernetes_executor to None, run_after=None
[2025-03-11T03:11:57.574+0000] {processor.py:183} INFO - Processing /home/airflow/.local/lib/python3.12/site-packages/airflow/example_dags/example_local_kubernetes_executor.py took 0.085 seconds
[2025-03-11T03:12:27.905+0000] {processor.py:161} INFO - Started process (PID=63196) to work on /home/airflow/.local/lib/python3.12/site-packages/airflow/example_dags/example_local_kubernetes_executor.py
[2025-03-11T03:12:27.906+0000] {processor.py:830} INFO - Processing file /home/airflow/.local/lib/python3.12/site-packages/airflow/example_dags/example_local_kubernetes_executor.py for tasks to queue
[2025-03-11T03:12:27.909+0000] {logging_mixin.py:188} INFO - [2025-03-11T03:12:27.908+0000] {dagbag.py:545} INFO - Filling up the DagBag from /home/airflow/.local/lib/python3.12/site-packages/airflow/example_dags/example_local_kubernetes_executor.py
[2025-03-11T03:12:27.917+0000] {processor.py:840} INFO - DAG(s) 'example_local_kubernetes_executor' retrieved from /home/airflow/.local/lib/python3.12/site-packages/airflow/example_dags/example_local_kubernetes_executor.py
[2025-03-11T03:12:27.952+0000] {logging_mixin.py:188} INFO - [2025-03-11T03:12:27.952+0000] {dag.py:3096} INFO - Sync 1 DAGs
[2025-03-11T03:12:27.965+0000] {logging_mixin.py:188} INFO - [2025-03-11T03:12:27.965+0000] {dag.py:3954} INFO - Setting next_dagrun for example_local_kubernetes_executor to None, run_after=None
[2025-03-11T03:12:27.987+0000] {processor.py:183} INFO - Processing /home/airflow/.local/lib/python3.12/site-packages/airflow/example_dags/example_local_kubernetes_executor.py took 0.088 seconds
[2025-03-11T03:12:58.311+0000] {processor.py:161} INFO - Started process (PID=63457) to work on /home/airflow/.local/lib/python3.12/site-packages/airflow/example_dags/example_local_kubernetes_executor.py
[2025-03-11T03:12:58.313+0000] {processor.py:830} INFO - Processing file /home/airflow/.local/lib/python3.12/site-packages/airflow/example_dags/example_local_kubernetes_executor.py for tasks to queue
[2025-03-11T03:12:58.319+0000] {logging_mixin.py:188} INFO - [2025-03-11T03:12:58.318+0000] {dagbag.py:545} INFO - Filling up the DagBag from /home/airflow/.local/lib/python3.12/site-packages/airflow/example_dags/example_local_kubernetes_executor.py
[2025-03-11T03:12:58.326+0000] {processor.py:840} INFO - DAG(s) 'example_local_kubernetes_executor' retrieved from /home/airflow/.local/lib/python3.12/site-packages/airflow/example_dags/example_local_kubernetes_executor.py
[2025-03-11T03:12:58.360+0000] {logging_mixin.py:188} INFO - [2025-03-11T03:12:58.359+0000] {dag.py:3096} INFO - Sync 1 DAGs
[2025-03-11T03:12:58.371+0000] {logging_mixin.py:188} INFO - [2025-03-11T03:12:58.371+0000] {dag.py:3954} INFO - Setting next_dagrun for example_local_kubernetes_executor to None, run_after=None
[2025-03-11T03:12:58.390+0000] {processor.py:183} INFO - Processing /home/airflow/.local/lib/python3.12/site-packages/airflow/example_dags/example_local_kubernetes_executor.py took 0.084 seconds
[2025-03-11T03:13:28.763+0000] {processor.py:161} INFO - Started process (PID=63719) to work on /home/airflow/.local/lib/python3.12/site-packages/airflow/example_dags/example_local_kubernetes_executor.py
[2025-03-11T03:13:28.764+0000] {processor.py:830} INFO - Processing file /home/airflow/.local/lib/python3.12/site-packages/airflow/example_dags/example_local_kubernetes_executor.py for tasks to queue
[2025-03-11T03:13:28.767+0000] {logging_mixin.py:188} INFO - [2025-03-11T03:13:28.766+0000] {dagbag.py:545} INFO - Filling up the DagBag from /home/airflow/.local/lib/python3.12/site-packages/airflow/example_dags/example_local_kubernetes_executor.py
[2025-03-11T03:13:28.774+0000] {processor.py:840} INFO - DAG(s) 'example_local_kubernetes_executor' retrieved from /home/airflow/.local/lib/python3.12/site-packages/airflow/example_dags/example_local_kubernetes_executor.py
[2025-03-11T03:13:28.808+0000] {logging_mixin.py:188} INFO - [2025-03-11T03:13:28.808+0000] {dag.py:3096} INFO - Sync 1 DAGs
[2025-03-11T03:13:28.822+0000] {logging_mixin.py:188} INFO - [2025-03-11T03:13:28.822+0000] {dag.py:3954} INFO - Setting next_dagrun for example_local_kubernetes_executor to None, run_after=None
[2025-03-11T03:13:28.849+0000] {processor.py:183} INFO - Processing /home/airflow/.local/lib/python3.12/site-packages/airflow/example_dags/example_local_kubernetes_executor.py took 0.092 seconds
[2025-03-11T03:14:01.034+0000] {processor.py:161} INFO - Started process (PID=63983) to work on /home/airflow/.local/lib/python3.12/site-packages/airflow/example_dags/example_local_kubernetes_executor.py
[2025-03-11T03:14:01.035+0000] {processor.py:830} INFO - Processing file /home/airflow/.local/lib/python3.12/site-packages/airflow/example_dags/example_local_kubernetes_executor.py for tasks to queue
[2025-03-11T03:14:01.038+0000] {logging_mixin.py:188} INFO - [2025-03-11T03:14:01.038+0000] {dagbag.py:545} INFO - Filling up the DagBag from /home/airflow/.local/lib/python3.12/site-packages/airflow/example_dags/example_local_kubernetes_executor.py
[2025-03-11T03:14:01.050+0000] {processor.py:840} INFO - DAG(s) 'example_local_kubernetes_executor' retrieved from /home/airflow/.local/lib/python3.12/site-packages/airflow/example_dags/example_local_kubernetes_executor.py
[2025-03-11T03:14:01.122+0000] {logging_mixin.py:188} INFO - [2025-03-11T03:14:01.122+0000] {dag.py:3096} INFO - Sync 1 DAGs
[2025-03-11T03:14:01.145+0000] {logging_mixin.py:188} INFO - [2025-03-11T03:14:01.145+0000] {dag.py:3954} INFO - Setting next_dagrun for example_local_kubernetes_executor to None, run_after=None
[2025-03-11T03:14:01.180+0000] {processor.py:183} INFO - Processing /home/airflow/.local/lib/python3.12/site-packages/airflow/example_dags/example_local_kubernetes_executor.py took 0.153 seconds
[2025-03-11T03:14:31.924+0000] {processor.py:161} INFO - Started process (PID=64243) to work on /home/airflow/.local/lib/python3.12/site-packages/airflow/example_dags/example_local_kubernetes_executor.py
[2025-03-11T03:14:31.926+0000] {processor.py:830} INFO - Processing file /home/airflow/.local/lib/python3.12/site-packages/airflow/example_dags/example_local_kubernetes_executor.py for tasks to queue
[2025-03-11T03:14:31.928+0000] {logging_mixin.py:188} INFO - [2025-03-11T03:14:31.928+0000] {dagbag.py:545} INFO - Filling up the DagBag from /home/airflow/.local/lib/python3.12/site-packages/airflow/example_dags/example_local_kubernetes_executor.py
[2025-03-11T03:14:31.937+0000] {processor.py:840} INFO - DAG(s) 'example_local_kubernetes_executor' retrieved from /home/airflow/.local/lib/python3.12/site-packages/airflow/example_dags/example_local_kubernetes_executor.py
[2025-03-11T03:14:31.970+0000] {logging_mixin.py:188} INFO - [2025-03-11T03:14:31.970+0000] {dag.py:3096} INFO - Sync 1 DAGs
[2025-03-11T03:14:31.982+0000] {logging_mixin.py:188} INFO - [2025-03-11T03:14:31.982+0000] {dag.py:3954} INFO - Setting next_dagrun for example_local_kubernetes_executor to None, run_after=None
[2025-03-11T03:14:32.001+0000] {processor.py:183} INFO - Processing /home/airflow/.local/lib/python3.12/site-packages/airflow/example_dags/example_local_kubernetes_executor.py took 0.083 seconds
[2025-03-11T03:15:05.305+0000] {processor.py:161} INFO - Started process (PID=64507) to work on /home/airflow/.local/lib/python3.12/site-packages/airflow/example_dags/example_local_kubernetes_executor.py
[2025-03-11T03:15:05.306+0000] {processor.py:830} INFO - Processing file /home/airflow/.local/lib/python3.12/site-packages/airflow/example_dags/example_local_kubernetes_executor.py for tasks to queue
[2025-03-11T03:15:05.308+0000] {logging_mixin.py:188} INFO - [2025-03-11T03:15:05.308+0000] {dagbag.py:545} INFO - Filling up the DagBag from /home/airflow/.local/lib/python3.12/site-packages/airflow/example_dags/example_local_kubernetes_executor.py
[2025-03-11T03:15:05.317+0000] {processor.py:840} INFO - DAG(s) 'example_local_kubernetes_executor' retrieved from /home/airflow/.local/lib/python3.12/site-packages/airflow/example_dags/example_local_kubernetes_executor.py
[2025-03-11T03:15:05.356+0000] {logging_mixin.py:188} INFO - [2025-03-11T03:15:05.356+0000] {dag.py:3096} INFO - Sync 1 DAGs
[2025-03-11T03:15:05.369+0000] {logging_mixin.py:188} INFO - [2025-03-11T03:15:05.369+0000] {dag.py:3954} INFO - Setting next_dagrun for example_local_kubernetes_executor to None, run_after=None
[2025-03-11T03:15:05.390+0000] {processor.py:183} INFO - Processing /home/airflow/.local/lib/python3.12/site-packages/airflow/example_dags/example_local_kubernetes_executor.py took 0.092 seconds
[2025-03-11T03:15:38.956+0000] {processor.py:161} INFO - Started process (PID=64767) to work on /home/airflow/.local/lib/python3.12/site-packages/airflow/example_dags/example_local_kubernetes_executor.py
[2025-03-11T03:15:38.958+0000] {processor.py:830} INFO - Processing file /home/airflow/.local/lib/python3.12/site-packages/airflow/example_dags/example_local_kubernetes_executor.py for tasks to queue
[2025-03-11T03:15:38.960+0000] {logging_mixin.py:188} INFO - [2025-03-11T03:15:38.959+0000] {dagbag.py:545} INFO - Filling up the DagBag from /home/airflow/.local/lib/python3.12/site-packages/airflow/example_dags/example_local_kubernetes_executor.py
[2025-03-11T03:15:38.968+0000] {processor.py:840} INFO - DAG(s) 'example_local_kubernetes_executor' retrieved from /home/airflow/.local/lib/python3.12/site-packages/airflow/example_dags/example_local_kubernetes_executor.py
[2025-03-11T03:15:39.023+0000] {logging_mixin.py:188} INFO - [2025-03-11T03:15:39.023+0000] {dag.py:3096} INFO - Sync 1 DAGs
[2025-03-11T03:15:39.158+0000] {logging_mixin.py:188} INFO - [2025-03-11T03:15:39.158+0000] {dag.py:3954} INFO - Setting next_dagrun for example_local_kubernetes_executor to None, run_after=None
[2025-03-11T03:15:39.186+0000] {processor.py:183} INFO - Processing /home/airflow/.local/lib/python3.12/site-packages/airflow/example_dags/example_local_kubernetes_executor.py took 0.238 seconds
[2025-03-11T03:16:09.465+0000] {processor.py:161} INFO - Started process (PID=65028) to work on /home/airflow/.local/lib/python3.12/site-packages/airflow/example_dags/example_local_kubernetes_executor.py
[2025-03-11T03:16:09.479+0000] {processor.py:830} INFO - Processing file /home/airflow/.local/lib/python3.12/site-packages/airflow/example_dags/example_local_kubernetes_executor.py for tasks to queue
[2025-03-11T03:16:09.504+0000] {logging_mixin.py:188} INFO - [2025-03-11T03:16:09.503+0000] {dagbag.py:545} INFO - Filling up the DagBag from /home/airflow/.local/lib/python3.12/site-packages/airflow/example_dags/example_local_kubernetes_executor.py
[2025-03-11T03:16:09.538+0000] {processor.py:840} INFO - DAG(s) 'example_local_kubernetes_executor' retrieved from /home/airflow/.local/lib/python3.12/site-packages/airflow/example_dags/example_local_kubernetes_executor.py
[2025-03-11T03:16:09.640+0000] {logging_mixin.py:188} INFO - [2025-03-11T03:16:09.639+0000] {dag.py:3096} INFO - Sync 1 DAGs
[2025-03-11T03:16:09.655+0000] {logging_mixin.py:188} INFO - [2025-03-11T03:16:09.655+0000] {dag.py:3954} INFO - Setting next_dagrun for example_local_kubernetes_executor to None, run_after=None
[2025-03-11T03:16:09.684+0000] {processor.py:183} INFO - Processing /home/airflow/.local/lib/python3.12/site-packages/airflow/example_dags/example_local_kubernetes_executor.py took 0.226 seconds
[2025-03-11T03:16:43.136+0000] {processor.py:161} INFO - Started process (PID=65296) to work on /home/airflow/.local/lib/python3.12/site-packages/airflow/example_dags/example_local_kubernetes_executor.py
[2025-03-11T03:16:43.137+0000] {processor.py:830} INFO - Processing file /home/airflow/.local/lib/python3.12/site-packages/airflow/example_dags/example_local_kubernetes_executor.py for tasks to queue
[2025-03-11T03:16:43.140+0000] {logging_mixin.py:188} INFO - [2025-03-11T03:16:43.139+0000] {dagbag.py:545} INFO - Filling up the DagBag from /home/airflow/.local/lib/python3.12/site-packages/airflow/example_dags/example_local_kubernetes_executor.py
[2025-03-11T03:16:43.148+0000] {processor.py:840} INFO - DAG(s) 'example_local_kubernetes_executor' retrieved from /home/airflow/.local/lib/python3.12/site-packages/airflow/example_dags/example_local_kubernetes_executor.py
[2025-03-11T03:16:43.183+0000] {logging_mixin.py:188} INFO - [2025-03-11T03:16:43.183+0000] {dag.py:3096} INFO - Sync 1 DAGs
[2025-03-11T03:16:43.196+0000] {logging_mixin.py:188} INFO - [2025-03-11T03:16:43.196+0000] {dag.py:3954} INFO - Setting next_dagrun for example_local_kubernetes_executor to None, run_after=None
[2025-03-11T03:16:43.215+0000] {processor.py:183} INFO - Processing /home/airflow/.local/lib/python3.12/site-packages/airflow/example_dags/example_local_kubernetes_executor.py took 0.086 seconds
[2025-03-11T03:17:14.651+0000] {processor.py:161} INFO - Started process (PID=65558) to work on /home/airflow/.local/lib/python3.12/site-packages/airflow/example_dags/example_local_kubernetes_executor.py
[2025-03-11T03:17:14.653+0000] {processor.py:830} INFO - Processing file /home/airflow/.local/lib/python3.12/site-packages/airflow/example_dags/example_local_kubernetes_executor.py for tasks to queue
[2025-03-11T03:17:14.655+0000] {logging_mixin.py:188} INFO - [2025-03-11T03:17:14.655+0000] {dagbag.py:545} INFO - Filling up the DagBag from /home/airflow/.local/lib/python3.12/site-packages/airflow/example_dags/example_local_kubernetes_executor.py
[2025-03-11T03:17:14.663+0000] {processor.py:840} INFO - DAG(s) 'example_local_kubernetes_executor' retrieved from /home/airflow/.local/lib/python3.12/site-packages/airflow/example_dags/example_local_kubernetes_executor.py
[2025-03-11T03:17:14.701+0000] {logging_mixin.py:188} INFO - [2025-03-11T03:17:14.701+0000] {dag.py:3096} INFO - Sync 1 DAGs
[2025-03-11T03:17:14.831+0000] {logging_mixin.py:188} INFO - [2025-03-11T03:17:14.831+0000] {dag.py:3954} INFO - Setting next_dagrun for example_local_kubernetes_executor to None, run_after=None
[2025-03-11T03:17:14.853+0000] {processor.py:183} INFO - Processing /home/airflow/.local/lib/python3.12/site-packages/airflow/example_dags/example_local_kubernetes_executor.py took 0.207 seconds
[2025-03-11T03:17:45.711+0000] {processor.py:161} INFO - Started process (PID=65820) to work on /home/airflow/.local/lib/python3.12/site-packages/airflow/example_dags/example_local_kubernetes_executor.py
[2025-03-11T03:17:45.713+0000] {processor.py:830} INFO - Processing file /home/airflow/.local/lib/python3.12/site-packages/airflow/example_dags/example_local_kubernetes_executor.py for tasks to queue
[2025-03-11T03:17:45.717+0000] {logging_mixin.py:188} INFO - [2025-03-11T03:17:45.716+0000] {dagbag.py:545} INFO - Filling up the DagBag from /home/airflow/.local/lib/python3.12/site-packages/airflow/example_dags/example_local_kubernetes_executor.py
[2025-03-11T03:17:45.732+0000] {processor.py:840} INFO - DAG(s) 'example_local_kubernetes_executor' retrieved from /home/airflow/.local/lib/python3.12/site-packages/airflow/example_dags/example_local_kubernetes_executor.py
[2025-03-11T03:17:45.773+0000] {logging_mixin.py:188} INFO - [2025-03-11T03:17:45.772+0000] {dag.py:3096} INFO - Sync 1 DAGs
[2025-03-11T03:17:45.789+0000] {logging_mixin.py:188} INFO - [2025-03-11T03:17:45.789+0000] {dag.py:3954} INFO - Setting next_dagrun for example_local_kubernetes_executor to None, run_after=None
[2025-03-11T03:17:45.818+0000] {processor.py:183} INFO - Processing /home/airflow/.local/lib/python3.12/site-packages/airflow/example_dags/example_local_kubernetes_executor.py took 0.114 seconds
[2025-03-11T03:18:20.220+0000] {processor.py:161} INFO - Started process (PID=66082) to work on /home/airflow/.local/lib/python3.12/site-packages/airflow/example_dags/example_local_kubernetes_executor.py
[2025-03-11T03:18:20.222+0000] {processor.py:830} INFO - Processing file /home/airflow/.local/lib/python3.12/site-packages/airflow/example_dags/example_local_kubernetes_executor.py for tasks to queue
[2025-03-11T03:18:20.224+0000] {logging_mixin.py:188} INFO - [2025-03-11T03:18:20.224+0000] {dagbag.py:545} INFO - Filling up the DagBag from /home/airflow/.local/lib/python3.12/site-packages/airflow/example_dags/example_local_kubernetes_executor.py
[2025-03-11T03:18:20.232+0000] {processor.py:840} INFO - DAG(s) 'example_local_kubernetes_executor' retrieved from /home/airflow/.local/lib/python3.12/site-packages/airflow/example_dags/example_local_kubernetes_executor.py
[2025-03-11T03:18:20.393+0000] {logging_mixin.py:188} INFO - [2025-03-11T03:18:20.393+0000] {dag.py:3096} INFO - Sync 1 DAGs
[2025-03-11T03:18:20.405+0000] {logging_mixin.py:188} INFO - [2025-03-11T03:18:20.404+0000] {dag.py:3954} INFO - Setting next_dagrun for example_local_kubernetes_executor to None, run_after=None
[2025-03-11T03:18:20.429+0000] {processor.py:183} INFO - Processing /home/airflow/.local/lib/python3.12/site-packages/airflow/example_dags/example_local_kubernetes_executor.py took 0.214 seconds
[2025-03-11T03:18:50.579+0000] {processor.py:161} INFO - Started process (PID=66344) to work on /home/airflow/.local/lib/python3.12/site-packages/airflow/example_dags/example_local_kubernetes_executor.py
[2025-03-11T03:18:50.581+0000] {processor.py:830} INFO - Processing file /home/airflow/.local/lib/python3.12/site-packages/airflow/example_dags/example_local_kubernetes_executor.py for tasks to queue
[2025-03-11T03:18:50.584+0000] {logging_mixin.py:188} INFO - [2025-03-11T03:18:50.584+0000] {dagbag.py:545} INFO - Filling up the DagBag from /home/airflow/.local/lib/python3.12/site-packages/airflow/example_dags/example_local_kubernetes_executor.py
[2025-03-11T03:18:50.595+0000] {processor.py:840} INFO - DAG(s) 'example_local_kubernetes_executor' retrieved from /home/airflow/.local/lib/python3.12/site-packages/airflow/example_dags/example_local_kubernetes_executor.py
[2025-03-11T03:18:50.646+0000] {logging_mixin.py:188} INFO - [2025-03-11T03:18:50.646+0000] {dag.py:3096} INFO - Sync 1 DAGs
[2025-03-11T03:18:50.660+0000] {logging_mixin.py:188} INFO - [2025-03-11T03:18:50.660+0000] {dag.py:3954} INFO - Setting next_dagrun for example_local_kubernetes_executor to None, run_after=None
[2025-03-11T03:18:50.680+0000] {processor.py:183} INFO - Processing /home/airflow/.local/lib/python3.12/site-packages/airflow/example_dags/example_local_kubernetes_executor.py took 0.115 seconds
[2025-03-11T03:19:22.351+0000] {processor.py:161} INFO - Started process (PID=66606) to work on /home/airflow/.local/lib/python3.12/site-packages/airflow/example_dags/example_local_kubernetes_executor.py
[2025-03-11T03:19:22.353+0000] {processor.py:830} INFO - Processing file /home/airflow/.local/lib/python3.12/site-packages/airflow/example_dags/example_local_kubernetes_executor.py for tasks to queue
[2025-03-11T03:19:22.355+0000] {logging_mixin.py:188} INFO - [2025-03-11T03:19:22.354+0000] {dagbag.py:545} INFO - Filling up the DagBag from /home/airflow/.local/lib/python3.12/site-packages/airflow/example_dags/example_local_kubernetes_executor.py
[2025-03-11T03:19:22.362+0000] {processor.py:840} INFO - DAG(s) 'example_local_kubernetes_executor' retrieved from /home/airflow/.local/lib/python3.12/site-packages/airflow/example_dags/example_local_kubernetes_executor.py
[2025-03-11T03:19:22.399+0000] {logging_mixin.py:188} INFO - [2025-03-11T03:19:22.399+0000] {dag.py:3096} INFO - Sync 1 DAGs
[2025-03-11T03:19:22.414+0000] {logging_mixin.py:188} INFO - [2025-03-11T03:19:22.414+0000] {dag.py:3954} INFO - Setting next_dagrun for example_local_kubernetes_executor to None, run_after=None
[2025-03-11T03:19:22.439+0000] {processor.py:183} INFO - Processing /home/airflow/.local/lib/python3.12/site-packages/airflow/example_dags/example_local_kubernetes_executor.py took 0.093 seconds
[2025-03-11T03:19:53.727+0000] {processor.py:161} INFO - Started process (PID=66868) to work on /home/airflow/.local/lib/python3.12/site-packages/airflow/example_dags/example_local_kubernetes_executor.py
[2025-03-11T03:19:53.728+0000] {processor.py:830} INFO - Processing file /home/airflow/.local/lib/python3.12/site-packages/airflow/example_dags/example_local_kubernetes_executor.py for tasks to queue
[2025-03-11T03:19:53.730+0000] {logging_mixin.py:188} INFO - [2025-03-11T03:19:53.730+0000] {dagbag.py:545} INFO - Filling up the DagBag from /home/airflow/.local/lib/python3.12/site-packages/airflow/example_dags/example_local_kubernetes_executor.py
[2025-03-11T03:19:53.739+0000] {processor.py:840} INFO - DAG(s) 'example_local_kubernetes_executor' retrieved from /home/airflow/.local/lib/python3.12/site-packages/airflow/example_dags/example_local_kubernetes_executor.py
[2025-03-11T03:19:53.776+0000] {logging_mixin.py:188} INFO - [2025-03-11T03:19:53.776+0000] {dag.py:3096} INFO - Sync 1 DAGs
[2025-03-11T03:19:53.791+0000] {logging_mixin.py:188} INFO - [2025-03-11T03:19:53.791+0000] {dag.py:3954} INFO - Setting next_dagrun for example_local_kubernetes_executor to None, run_after=None
[2025-03-11T03:19:53.813+0000] {processor.py:183} INFO - Processing /home/airflow/.local/lib/python3.12/site-packages/airflow/example_dags/example_local_kubernetes_executor.py took 0.094 seconds
[2025-03-11T03:20:26.960+0000] {processor.py:161} INFO - Started process (PID=67134) to work on /home/airflow/.local/lib/python3.12/site-packages/airflow/example_dags/example_local_kubernetes_executor.py
[2025-03-11T03:20:26.961+0000] {processor.py:830} INFO - Processing file /home/airflow/.local/lib/python3.12/site-packages/airflow/example_dags/example_local_kubernetes_executor.py for tasks to queue
[2025-03-11T03:20:26.964+0000] {logging_mixin.py:188} INFO - [2025-03-11T03:20:26.963+0000] {dagbag.py:545} INFO - Filling up the DagBag from /home/airflow/.local/lib/python3.12/site-packages/airflow/example_dags/example_local_kubernetes_executor.py
[2025-03-11T03:20:26.971+0000] {processor.py:840} INFO - DAG(s) 'example_local_kubernetes_executor' retrieved from /home/airflow/.local/lib/python3.12/site-packages/airflow/example_dags/example_local_kubernetes_executor.py
[2025-03-11T03:20:27.003+0000] {logging_mixin.py:188} INFO - [2025-03-11T03:20:27.002+0000] {dag.py:3096} INFO - Sync 1 DAGs
[2025-03-11T03:20:27.016+0000] {logging_mixin.py:188} INFO - [2025-03-11T03:20:27.015+0000] {dag.py:3954} INFO - Setting next_dagrun for example_local_kubernetes_executor to None, run_after=None
[2025-03-11T03:20:27.034+0000] {processor.py:183} INFO - Processing /home/airflow/.local/lib/python3.12/site-packages/airflow/example_dags/example_local_kubernetes_executor.py took 0.080 seconds
[2025-03-11T03:20:57.795+0000] {processor.py:161} INFO - Started process (PID=67396) to work on /home/airflow/.local/lib/python3.12/site-packages/airflow/example_dags/example_local_kubernetes_executor.py
[2025-03-11T03:20:57.796+0000] {processor.py:830} INFO - Processing file /home/airflow/.local/lib/python3.12/site-packages/airflow/example_dags/example_local_kubernetes_executor.py for tasks to queue
[2025-03-11T03:20:57.798+0000] {logging_mixin.py:188} INFO - [2025-03-11T03:20:57.798+0000] {dagbag.py:545} INFO - Filling up the DagBag from /home/airflow/.local/lib/python3.12/site-packages/airflow/example_dags/example_local_kubernetes_executor.py
[2025-03-11T03:20:57.805+0000] {processor.py:840} INFO - DAG(s) 'example_local_kubernetes_executor' retrieved from /home/airflow/.local/lib/python3.12/site-packages/airflow/example_dags/example_local_kubernetes_executor.py
[2025-03-11T03:20:57.842+0000] {logging_mixin.py:188} INFO - [2025-03-11T03:20:57.842+0000] {dag.py:3096} INFO - Sync 1 DAGs
[2025-03-11T03:20:57.857+0000] {logging_mixin.py:188} INFO - [2025-03-11T03:20:57.856+0000] {dag.py:3954} INFO - Setting next_dagrun for example_local_kubernetes_executor to None, run_after=None
[2025-03-11T03:20:57.877+0000] {processor.py:183} INFO - Processing /home/airflow/.local/lib/python3.12/site-packages/airflow/example_dags/example_local_kubernetes_executor.py took 0.087 seconds
[2025-03-11T03:21:31.729+0000] {processor.py:161} INFO - Started process (PID=67658) to work on /home/airflow/.local/lib/python3.12/site-packages/airflow/example_dags/example_local_kubernetes_executor.py
[2025-03-11T03:21:31.730+0000] {processor.py:830} INFO - Processing file /home/airflow/.local/lib/python3.12/site-packages/airflow/example_dags/example_local_kubernetes_executor.py for tasks to queue
[2025-03-11T03:21:31.733+0000] {logging_mixin.py:188} INFO - [2025-03-11T03:21:31.732+0000] {dagbag.py:545} INFO - Filling up the DagBag from /home/airflow/.local/lib/python3.12/site-packages/airflow/example_dags/example_local_kubernetes_executor.py
[2025-03-11T03:21:31.740+0000] {processor.py:840} INFO - DAG(s) 'example_local_kubernetes_executor' retrieved from /home/airflow/.local/lib/python3.12/site-packages/airflow/example_dags/example_local_kubernetes_executor.py
[2025-03-11T03:21:31.770+0000] {logging_mixin.py:188} INFO - [2025-03-11T03:21:31.770+0000] {dag.py:3096} INFO - Sync 1 DAGs
[2025-03-11T03:21:31.782+0000] {logging_mixin.py:188} INFO - [2025-03-11T03:21:31.782+0000] {dag.py:3954} INFO - Setting next_dagrun for example_local_kubernetes_executor to None, run_after=None
[2025-03-11T03:21:31.800+0000] {processor.py:183} INFO - Processing /home/airflow/.local/lib/python3.12/site-packages/airflow/example_dags/example_local_kubernetes_executor.py took 0.078 seconds
[2025-03-11T03:22:02.896+0000] {processor.py:161} INFO - Started process (PID=67920) to work on /home/airflow/.local/lib/python3.12/site-packages/airflow/example_dags/example_local_kubernetes_executor.py
[2025-03-11T03:22:02.897+0000] {processor.py:830} INFO - Processing file /home/airflow/.local/lib/python3.12/site-packages/airflow/example_dags/example_local_kubernetes_executor.py for tasks to queue
[2025-03-11T03:22:02.899+0000] {logging_mixin.py:188} INFO - [2025-03-11T03:22:02.899+0000] {dagbag.py:545} INFO - Filling up the DagBag from /home/airflow/.local/lib/python3.12/site-packages/airflow/example_dags/example_local_kubernetes_executor.py
[2025-03-11T03:22:02.908+0000] {processor.py:840} INFO - DAG(s) 'example_local_kubernetes_executor' retrieved from /home/airflow/.local/lib/python3.12/site-packages/airflow/example_dags/example_local_kubernetes_executor.py
[2025-03-11T03:22:02.944+0000] {logging_mixin.py:188} INFO - [2025-03-11T03:22:02.944+0000] {dag.py:3096} INFO - Sync 1 DAGs
[2025-03-11T03:22:02.958+0000] {logging_mixin.py:188} INFO - [2025-03-11T03:22:02.958+0000] {dag.py:3954} INFO - Setting next_dagrun for example_local_kubernetes_executor to None, run_after=None
[2025-03-11T03:22:02.979+0000] {processor.py:183} INFO - Processing /home/airflow/.local/lib/python3.12/site-packages/airflow/example_dags/example_local_kubernetes_executor.py took 0.089 seconds
[2025-03-11T03:22:36.098+0000] {processor.py:161} INFO - Started process (PID=68192) to work on /home/airflow/.local/lib/python3.12/site-packages/airflow/example_dags/example_local_kubernetes_executor.py
[2025-03-11T03:22:36.101+0000] {processor.py:830} INFO - Processing file /home/airflow/.local/lib/python3.12/site-packages/airflow/example_dags/example_local_kubernetes_executor.py for tasks to queue
[2025-03-11T03:22:36.107+0000] {logging_mixin.py:188} INFO - [2025-03-11T03:22:36.106+0000] {dagbag.py:545} INFO - Filling up the DagBag from /home/airflow/.local/lib/python3.12/site-packages/airflow/example_dags/example_local_kubernetes_executor.py
[2025-03-11T03:22:36.120+0000] {processor.py:840} INFO - DAG(s) 'example_local_kubernetes_executor' retrieved from /home/airflow/.local/lib/python3.12/site-packages/airflow/example_dags/example_local_kubernetes_executor.py
[2025-03-11T03:22:36.178+0000] {logging_mixin.py:188} INFO - [2025-03-11T03:22:36.178+0000] {dag.py:3096} INFO - Sync 1 DAGs
[2025-03-11T03:22:36.202+0000] {logging_mixin.py:188} INFO - [2025-03-11T03:22:36.201+0000] {dag.py:3954} INFO - Setting next_dagrun for example_local_kubernetes_executor to None, run_after=None
[2025-03-11T03:22:36.227+0000] {processor.py:183} INFO - Processing /home/airflow/.local/lib/python3.12/site-packages/airflow/example_dags/example_local_kubernetes_executor.py took 0.135 seconds
[2025-03-11T03:23:08.331+0000] {processor.py:161} INFO - Started process (PID=68454) to work on /home/airflow/.local/lib/python3.12/site-packages/airflow/example_dags/example_local_kubernetes_executor.py
[2025-03-11T03:23:08.333+0000] {processor.py:830} INFO - Processing file /home/airflow/.local/lib/python3.12/site-packages/airflow/example_dags/example_local_kubernetes_executor.py for tasks to queue
[2025-03-11T03:23:08.337+0000] {logging_mixin.py:188} INFO - [2025-03-11T03:23:08.337+0000] {dagbag.py:545} INFO - Filling up the DagBag from /home/airflow/.local/lib/python3.12/site-packages/airflow/example_dags/example_local_kubernetes_executor.py
[2025-03-11T03:23:08.352+0000] {processor.py:840} INFO - DAG(s) 'example_local_kubernetes_executor' retrieved from /home/airflow/.local/lib/python3.12/site-packages/airflow/example_dags/example_local_kubernetes_executor.py
[2025-03-11T03:23:08.390+0000] {logging_mixin.py:188} INFO - [2025-03-11T03:23:08.390+0000] {dag.py:3096} INFO - Sync 1 DAGs
[2025-03-11T03:23:08.403+0000] {logging_mixin.py:188} INFO - [2025-03-11T03:23:08.403+0000] {dag.py:3954} INFO - Setting next_dagrun for example_local_kubernetes_executor to None, run_after=None
[2025-03-11T03:23:08.430+0000] {processor.py:183} INFO - Processing /home/airflow/.local/lib/python3.12/site-packages/airflow/example_dags/example_local_kubernetes_executor.py took 0.110 seconds
[2025-03-11T03:23:39.138+0000] {processor.py:161} INFO - Started process (PID=68716) to work on /home/airflow/.local/lib/python3.12/site-packages/airflow/example_dags/example_local_kubernetes_executor.py
[2025-03-11T03:23:39.140+0000] {processor.py:830} INFO - Processing file /home/airflow/.local/lib/python3.12/site-packages/airflow/example_dags/example_local_kubernetes_executor.py for tasks to queue
[2025-03-11T03:23:39.143+0000] {logging_mixin.py:188} INFO - [2025-03-11T03:23:39.143+0000] {dagbag.py:545} INFO - Filling up the DagBag from /home/airflow/.local/lib/python3.12/site-packages/airflow/example_dags/example_local_kubernetes_executor.py
[2025-03-11T03:23:39.151+0000] {processor.py:840} INFO - DAG(s) 'example_local_kubernetes_executor' retrieved from /home/airflow/.local/lib/python3.12/site-packages/airflow/example_dags/example_local_kubernetes_executor.py
[2025-03-11T03:23:39.191+0000] {logging_mixin.py:188} INFO - [2025-03-11T03:23:39.190+0000] {dag.py:3096} INFO - Sync 1 DAGs
[2025-03-11T03:23:39.205+0000] {logging_mixin.py:188} INFO - [2025-03-11T03:23:39.205+0000] {dag.py:3954} INFO - Setting next_dagrun for example_local_kubernetes_executor to None, run_after=None
[2025-03-11T03:23:39.227+0000] {processor.py:183} INFO - Processing /home/airflow/.local/lib/python3.12/site-packages/airflow/example_dags/example_local_kubernetes_executor.py took 0.095 seconds
[2025-03-11T03:24:12.260+0000] {processor.py:161} INFO - Started process (PID=68978) to work on /home/airflow/.local/lib/python3.12/site-packages/airflow/example_dags/example_local_kubernetes_executor.py
[2025-03-11T03:24:12.261+0000] {processor.py:830} INFO - Processing file /home/airflow/.local/lib/python3.12/site-packages/airflow/example_dags/example_local_kubernetes_executor.py for tasks to queue
[2025-03-11T03:24:12.264+0000] {logging_mixin.py:188} INFO - [2025-03-11T03:24:12.263+0000] {dagbag.py:545} INFO - Filling up the DagBag from /home/airflow/.local/lib/python3.12/site-packages/airflow/example_dags/example_local_kubernetes_executor.py
[2025-03-11T03:24:12.272+0000] {processor.py:840} INFO - DAG(s) 'example_local_kubernetes_executor' retrieved from /home/airflow/.local/lib/python3.12/site-packages/airflow/example_dags/example_local_kubernetes_executor.py
[2025-03-11T03:24:12.312+0000] {logging_mixin.py:188} INFO - [2025-03-11T03:24:12.312+0000] {dag.py:3096} INFO - Sync 1 DAGs
[2025-03-11T03:24:12.329+0000] {logging_mixin.py:188} INFO - [2025-03-11T03:24:12.328+0000] {dag.py:3954} INFO - Setting next_dagrun for example_local_kubernetes_executor to None, run_after=None
[2025-03-11T03:24:12.350+0000] {processor.py:183} INFO - Processing /home/airflow/.local/lib/python3.12/site-packages/airflow/example_dags/example_local_kubernetes_executor.py took 0.097 seconds
[2025-03-11T03:24:44.152+0000] {processor.py:161} INFO - Started process (PID=69240) to work on /home/airflow/.local/lib/python3.12/site-packages/airflow/example_dags/example_local_kubernetes_executor.py
[2025-03-11T03:24:44.153+0000] {processor.py:830} INFO - Processing file /home/airflow/.local/lib/python3.12/site-packages/airflow/example_dags/example_local_kubernetes_executor.py for tasks to queue
[2025-03-11T03:24:44.155+0000] {logging_mixin.py:188} INFO - [2025-03-11T03:24:44.154+0000] {dagbag.py:545} INFO - Filling up the DagBag from /home/airflow/.local/lib/python3.12/site-packages/airflow/example_dags/example_local_kubernetes_executor.py
[2025-03-11T03:24:44.162+0000] {processor.py:840} INFO - DAG(s) 'example_local_kubernetes_executor' retrieved from /home/airflow/.local/lib/python3.12/site-packages/airflow/example_dags/example_local_kubernetes_executor.py
[2025-03-11T03:24:44.198+0000] {logging_mixin.py:188} INFO - [2025-03-11T03:24:44.198+0000] {dag.py:3096} INFO - Sync 1 DAGs
[2025-03-11T03:24:44.212+0000] {logging_mixin.py:188} INFO - [2025-03-11T03:24:44.211+0000] {dag.py:3954} INFO - Setting next_dagrun for example_local_kubernetes_executor to None, run_after=None
[2025-03-11T03:24:44.230+0000] {processor.py:183} INFO - Processing /home/airflow/.local/lib/python3.12/site-packages/airflow/example_dags/example_local_kubernetes_executor.py took 0.084 seconds
[2025-03-11T03:25:16.038+0000] {processor.py:161} INFO - Started process (PID=69502) to work on /home/airflow/.local/lib/python3.12/site-packages/airflow/example_dags/example_local_kubernetes_executor.py
[2025-03-11T03:25:16.039+0000] {processor.py:830} INFO - Processing file /home/airflow/.local/lib/python3.12/site-packages/airflow/example_dags/example_local_kubernetes_executor.py for tasks to queue
[2025-03-11T03:25:16.042+0000] {logging_mixin.py:188} INFO - [2025-03-11T03:25:16.041+0000] {dagbag.py:545} INFO - Filling up the DagBag from /home/airflow/.local/lib/python3.12/site-packages/airflow/example_dags/example_local_kubernetes_executor.py
[2025-03-11T03:25:16.051+0000] {processor.py:840} INFO - DAG(s) 'example_local_kubernetes_executor' retrieved from /home/airflow/.local/lib/python3.12/site-packages/airflow/example_dags/example_local_kubernetes_executor.py
[2025-03-11T03:25:16.099+0000] {logging_mixin.py:188} INFO - [2025-03-11T03:25:16.098+0000] {dag.py:3096} INFO - Sync 1 DAGs
[2025-03-11T03:25:16.126+0000] {logging_mixin.py:188} INFO - [2025-03-11T03:25:16.125+0000] {dag.py:3954} INFO - Setting next_dagrun for example_local_kubernetes_executor to None, run_after=None
[2025-03-11T03:25:16.154+0000] {processor.py:183} INFO - Processing /home/airflow/.local/lib/python3.12/site-packages/airflow/example_dags/example_local_kubernetes_executor.py took 0.125 seconds
[2025-03-11T03:25:48.218+0000] {processor.py:161} INFO - Started process (PID=69764) to work on /home/airflow/.local/lib/python3.12/site-packages/airflow/example_dags/example_local_kubernetes_executor.py
[2025-03-11T03:25:48.219+0000] {processor.py:830} INFO - Processing file /home/airflow/.local/lib/python3.12/site-packages/airflow/example_dags/example_local_kubernetes_executor.py for tasks to queue
[2025-03-11T03:25:48.222+0000] {logging_mixin.py:188} INFO - [2025-03-11T03:25:48.221+0000] {dagbag.py:545} INFO - Filling up the DagBag from /home/airflow/.local/lib/python3.12/site-packages/airflow/example_dags/example_local_kubernetes_executor.py
[2025-03-11T03:25:48.230+0000] {processor.py:840} INFO - DAG(s) 'example_local_kubernetes_executor' retrieved from /home/airflow/.local/lib/python3.12/site-packages/airflow/example_dags/example_local_kubernetes_executor.py
[2025-03-11T03:25:48.266+0000] {logging_mixin.py:188} INFO - [2025-03-11T03:25:48.265+0000] {dag.py:3096} INFO - Sync 1 DAGs
[2025-03-11T03:25:48.280+0000] {logging_mixin.py:188} INFO - [2025-03-11T03:25:48.280+0000] {dag.py:3954} INFO - Setting next_dagrun for example_local_kubernetes_executor to None, run_after=None
[2025-03-11T03:25:48.301+0000] {processor.py:183} INFO - Processing /home/airflow/.local/lib/python3.12/site-packages/airflow/example_dags/example_local_kubernetes_executor.py took 0.088 seconds
[2025-03-11T03:26:20.527+0000] {processor.py:161} INFO - Started process (PID=70026) to work on /home/airflow/.local/lib/python3.12/site-packages/airflow/example_dags/example_local_kubernetes_executor.py
[2025-03-11T03:26:20.529+0000] {processor.py:830} INFO - Processing file /home/airflow/.local/lib/python3.12/site-packages/airflow/example_dags/example_local_kubernetes_executor.py for tasks to queue
[2025-03-11T03:26:20.531+0000] {logging_mixin.py:188} INFO - [2025-03-11T03:26:20.531+0000] {dagbag.py:545} INFO - Filling up the DagBag from /home/airflow/.local/lib/python3.12/site-packages/airflow/example_dags/example_local_kubernetes_executor.py
[2025-03-11T03:26:20.539+0000] {processor.py:840} INFO - DAG(s) 'example_local_kubernetes_executor' retrieved from /home/airflow/.local/lib/python3.12/site-packages/airflow/example_dags/example_local_kubernetes_executor.py
[2025-03-11T03:26:20.575+0000] {logging_mixin.py:188} INFO - [2025-03-11T03:26:20.575+0000] {dag.py:3096} INFO - Sync 1 DAGs
[2025-03-11T03:26:20.588+0000] {logging_mixin.py:188} INFO - [2025-03-11T03:26:20.587+0000] {dag.py:3954} INFO - Setting next_dagrun for example_local_kubernetes_executor to None, run_after=None
[2025-03-11T03:26:20.605+0000] {processor.py:183} INFO - Processing /home/airflow/.local/lib/python3.12/site-packages/airflow/example_dags/example_local_kubernetes_executor.py took 0.084 seconds
[2025-03-11T03:26:51.280+0000] {processor.py:161} INFO - Started process (PID=70288) to work on /home/airflow/.local/lib/python3.12/site-packages/airflow/example_dags/example_local_kubernetes_executor.py
[2025-03-11T03:26:51.282+0000] {processor.py:830} INFO - Processing file /home/airflow/.local/lib/python3.12/site-packages/airflow/example_dags/example_local_kubernetes_executor.py for tasks to queue
[2025-03-11T03:26:51.284+0000] {logging_mixin.py:188} INFO - [2025-03-11T03:26:51.284+0000] {dagbag.py:545} INFO - Filling up the DagBag from /home/airflow/.local/lib/python3.12/site-packages/airflow/example_dags/example_local_kubernetes_executor.py
[2025-03-11T03:26:51.292+0000] {processor.py:840} INFO - DAG(s) 'example_local_kubernetes_executor' retrieved from /home/airflow/.local/lib/python3.12/site-packages/airflow/example_dags/example_local_kubernetes_executor.py
[2025-03-11T03:26:51.327+0000] {logging_mixin.py:188} INFO - [2025-03-11T03:26:51.327+0000] {dag.py:3096} INFO - Sync 1 DAGs
[2025-03-11T03:26:51.347+0000] {logging_mixin.py:188} INFO - [2025-03-11T03:26:51.347+0000] {dag.py:3954} INFO - Setting next_dagrun for example_local_kubernetes_executor to None, run_after=None
[2025-03-11T03:26:51.373+0000] {processor.py:183} INFO - Processing /home/airflow/.local/lib/python3.12/site-packages/airflow/example_dags/example_local_kubernetes_executor.py took 0.098 seconds
[2025-03-11T03:27:24.542+0000] {processor.py:161} INFO - Started process (PID=70550) to work on /home/airflow/.local/lib/python3.12/site-packages/airflow/example_dags/example_local_kubernetes_executor.py
[2025-03-11T03:27:24.543+0000] {processor.py:830} INFO - Processing file /home/airflow/.local/lib/python3.12/site-packages/airflow/example_dags/example_local_kubernetes_executor.py for tasks to queue
[2025-03-11T03:27:24.545+0000] {logging_mixin.py:188} INFO - [2025-03-11T03:27:24.545+0000] {dagbag.py:545} INFO - Filling up the DagBag from /home/airflow/.local/lib/python3.12/site-packages/airflow/example_dags/example_local_kubernetes_executor.py
[2025-03-11T03:27:24.554+0000] {processor.py:840} INFO - DAG(s) 'example_local_kubernetes_executor' retrieved from /home/airflow/.local/lib/python3.12/site-packages/airflow/example_dags/example_local_kubernetes_executor.py
[2025-03-11T03:27:24.593+0000] {logging_mixin.py:188} INFO - [2025-03-11T03:27:24.592+0000] {dag.py:3096} INFO - Sync 1 DAGs
[2025-03-11T03:27:24.610+0000] {logging_mixin.py:188} INFO - [2025-03-11T03:27:24.610+0000] {dag.py:3954} INFO - Setting next_dagrun for example_local_kubernetes_executor to None, run_after=None
[2025-03-11T03:27:24.637+0000] {processor.py:183} INFO - Processing /home/airflow/.local/lib/python3.12/site-packages/airflow/example_dags/example_local_kubernetes_executor.py took 0.102 seconds
[2025-03-11T03:27:56.288+0000] {processor.py:161} INFO - Started process (PID=70812) to work on /home/airflow/.local/lib/python3.12/site-packages/airflow/example_dags/example_local_kubernetes_executor.py
[2025-03-11T03:27:56.290+0000] {processor.py:830} INFO - Processing file /home/airflow/.local/lib/python3.12/site-packages/airflow/example_dags/example_local_kubernetes_executor.py for tasks to queue
[2025-03-11T03:27:56.292+0000] {logging_mixin.py:188} INFO - [2025-03-11T03:27:56.292+0000] {dagbag.py:545} INFO - Filling up the DagBag from /home/airflow/.local/lib/python3.12/site-packages/airflow/example_dags/example_local_kubernetes_executor.py
[2025-03-11T03:27:56.301+0000] {processor.py:840} INFO - DAG(s) 'example_local_kubernetes_executor' retrieved from /home/airflow/.local/lib/python3.12/site-packages/airflow/example_dags/example_local_kubernetes_executor.py
[2025-03-11T03:27:56.340+0000] {logging_mixin.py:188} INFO - [2025-03-11T03:27:56.340+0000] {dag.py:3096} INFO - Sync 1 DAGs
[2025-03-11T03:27:56.357+0000] {logging_mixin.py:188} INFO - [2025-03-11T03:27:56.356+0000] {dag.py:3954} INFO - Setting next_dagrun for example_local_kubernetes_executor to None, run_after=None
[2025-03-11T03:27:56.380+0000] {processor.py:183} INFO - Processing /home/airflow/.local/lib/python3.12/site-packages/airflow/example_dags/example_local_kubernetes_executor.py took 0.100 seconds
[2025-03-11T03:28:29.151+0000] {processor.py:161} INFO - Started process (PID=71074) to work on /home/airflow/.local/lib/python3.12/site-packages/airflow/example_dags/example_local_kubernetes_executor.py
[2025-03-11T03:28:29.153+0000] {processor.py:830} INFO - Processing file /home/airflow/.local/lib/python3.12/site-packages/airflow/example_dags/example_local_kubernetes_executor.py for tasks to queue
[2025-03-11T03:28:29.155+0000] {logging_mixin.py:188} INFO - [2025-03-11T03:28:29.155+0000] {dagbag.py:545} INFO - Filling up the DagBag from /home/airflow/.local/lib/python3.12/site-packages/airflow/example_dags/example_local_kubernetes_executor.py
[2025-03-11T03:28:29.162+0000] {processor.py:840} INFO - DAG(s) 'example_local_kubernetes_executor' retrieved from /home/airflow/.local/lib/python3.12/site-packages/airflow/example_dags/example_local_kubernetes_executor.py
[2025-03-11T03:28:29.201+0000] {logging_mixin.py:188} INFO - [2025-03-11T03:28:29.201+0000] {dag.py:3096} INFO - Sync 1 DAGs
[2025-03-11T03:28:29.217+0000] {logging_mixin.py:188} INFO - [2025-03-11T03:28:29.217+0000] {dag.py:3954} INFO - Setting next_dagrun for example_local_kubernetes_executor to None, run_after=None
[2025-03-11T03:28:29.238+0000] {processor.py:183} INFO - Processing /home/airflow/.local/lib/python3.12/site-packages/airflow/example_dags/example_local_kubernetes_executor.py took 0.092 seconds
[2025-03-11T03:29:01.354+0000] {processor.py:161} INFO - Started process (PID=71336) to work on /home/airflow/.local/lib/python3.12/site-packages/airflow/example_dags/example_local_kubernetes_executor.py
[2025-03-11T03:29:01.356+0000] {processor.py:830} INFO - Processing file /home/airflow/.local/lib/python3.12/site-packages/airflow/example_dags/example_local_kubernetes_executor.py for tasks to queue
[2025-03-11T03:29:01.358+0000] {logging_mixin.py:188} INFO - [2025-03-11T03:29:01.358+0000] {dagbag.py:545} INFO - Filling up the DagBag from /home/airflow/.local/lib/python3.12/site-packages/airflow/example_dags/example_local_kubernetes_executor.py
[2025-03-11T03:29:01.367+0000] {processor.py:840} INFO - DAG(s) 'example_local_kubernetes_executor' retrieved from /home/airflow/.local/lib/python3.12/site-packages/airflow/example_dags/example_local_kubernetes_executor.py
[2025-03-11T03:29:01.406+0000] {logging_mixin.py:188} INFO - [2025-03-11T03:29:01.406+0000] {dag.py:3096} INFO - Sync 1 DAGs
[2025-03-11T03:29:01.422+0000] {logging_mixin.py:188} INFO - [2025-03-11T03:29:01.422+0000] {dag.py:3954} INFO - Setting next_dagrun for example_local_kubernetes_executor to None, run_after=None
[2025-03-11T03:29:01.443+0000] {processor.py:183} INFO - Processing /home/airflow/.local/lib/python3.12/site-packages/airflow/example_dags/example_local_kubernetes_executor.py took 0.095 seconds
[2025-03-11T03:29:33.086+0000] {processor.py:161} INFO - Started process (PID=71598) to work on /home/airflow/.local/lib/python3.12/site-packages/airflow/example_dags/example_local_kubernetes_executor.py
[2025-03-11T03:29:33.088+0000] {processor.py:830} INFO - Processing file /home/airflow/.local/lib/python3.12/site-packages/airflow/example_dags/example_local_kubernetes_executor.py for tasks to queue
[2025-03-11T03:29:33.090+0000] {logging_mixin.py:188} INFO - [2025-03-11T03:29:33.090+0000] {dagbag.py:545} INFO - Filling up the DagBag from /home/airflow/.local/lib/python3.12/site-packages/airflow/example_dags/example_local_kubernetes_executor.py
[2025-03-11T03:29:33.098+0000] {processor.py:840} INFO - DAG(s) 'example_local_kubernetes_executor' retrieved from /home/airflow/.local/lib/python3.12/site-packages/airflow/example_dags/example_local_kubernetes_executor.py
[2025-03-11T03:29:33.142+0000] {logging_mixin.py:188} INFO - [2025-03-11T03:29:33.142+0000] {dag.py:3096} INFO - Sync 1 DAGs
[2025-03-11T03:29:33.160+0000] {logging_mixin.py:188} INFO - [2025-03-11T03:29:33.159+0000] {dag.py:3954} INFO - Setting next_dagrun for example_local_kubernetes_executor to None, run_after=None
[2025-03-11T03:29:33.187+0000] {processor.py:183} INFO - Processing /home/airflow/.local/lib/python3.12/site-packages/airflow/example_dags/example_local_kubernetes_executor.py took 0.107 seconds
[2025-03-11T03:30:05.417+0000] {processor.py:161} INFO - Started process (PID=71857) to work on /home/airflow/.local/lib/python3.12/site-packages/airflow/example_dags/example_local_kubernetes_executor.py
[2025-03-11T03:30:05.419+0000] {processor.py:830} INFO - Processing file /home/airflow/.local/lib/python3.12/site-packages/airflow/example_dags/example_local_kubernetes_executor.py for tasks to queue
[2025-03-11T03:30:05.421+0000] {logging_mixin.py:188} INFO - [2025-03-11T03:30:05.421+0000] {dagbag.py:545} INFO - Filling up the DagBag from /home/airflow/.local/lib/python3.12/site-packages/airflow/example_dags/example_local_kubernetes_executor.py
[2025-03-11T03:30:05.430+0000] {processor.py:840} INFO - DAG(s) 'example_local_kubernetes_executor' retrieved from /home/airflow/.local/lib/python3.12/site-packages/airflow/example_dags/example_local_kubernetes_executor.py
[2025-03-11T03:30:05.469+0000] {logging_mixin.py:188} INFO - [2025-03-11T03:30:05.468+0000] {dag.py:3096} INFO - Sync 1 DAGs
[2025-03-11T03:30:05.482+0000] {logging_mixin.py:188} INFO - [2025-03-11T03:30:05.482+0000] {dag.py:3954} INFO - Setting next_dagrun for example_local_kubernetes_executor to None, run_after=None
[2025-03-11T03:30:05.502+0000] {processor.py:183} INFO - Processing /home/airflow/.local/lib/python3.12/site-packages/airflow/example_dags/example_local_kubernetes_executor.py took 0.093 seconds
[2025-03-11T03:30:37.899+0000] {processor.py:161} INFO - Started process (PID=72122) to work on /home/airflow/.local/lib/python3.12/site-packages/airflow/example_dags/example_local_kubernetes_executor.py
[2025-03-11T03:30:37.901+0000] {processor.py:830} INFO - Processing file /home/airflow/.local/lib/python3.12/site-packages/airflow/example_dags/example_local_kubernetes_executor.py for tasks to queue
[2025-03-11T03:30:37.904+0000] {logging_mixin.py:188} INFO - [2025-03-11T03:30:37.903+0000] {dagbag.py:545} INFO - Filling up the DagBag from /home/airflow/.local/lib/python3.12/site-packages/airflow/example_dags/example_local_kubernetes_executor.py
[2025-03-11T03:30:37.913+0000] {processor.py:840} INFO - DAG(s) 'example_local_kubernetes_executor' retrieved from /home/airflow/.local/lib/python3.12/site-packages/airflow/example_dags/example_local_kubernetes_executor.py
[2025-03-11T03:30:37.953+0000] {logging_mixin.py:188} INFO - [2025-03-11T03:30:37.953+0000] {dag.py:3096} INFO - Sync 1 DAGs
[2025-03-11T03:30:37.967+0000] {logging_mixin.py:188} INFO - [2025-03-11T03:30:37.967+0000] {dag.py:3954} INFO - Setting next_dagrun for example_local_kubernetes_executor to None, run_after=None
[2025-03-11T03:30:37.992+0000] {processor.py:183} INFO - Processing /home/airflow/.local/lib/python3.12/site-packages/airflow/example_dags/example_local_kubernetes_executor.py took 0.099 seconds
[2025-03-11T03:31:08.572+0000] {processor.py:161} INFO - Started process (PID=72384) to work on /home/airflow/.local/lib/python3.12/site-packages/airflow/example_dags/example_local_kubernetes_executor.py
[2025-03-11T03:31:08.573+0000] {processor.py:830} INFO - Processing file /home/airflow/.local/lib/python3.12/site-packages/airflow/example_dags/example_local_kubernetes_executor.py for tasks to queue
[2025-03-11T03:31:08.576+0000] {logging_mixin.py:188} INFO - [2025-03-11T03:31:08.576+0000] {dagbag.py:545} INFO - Filling up the DagBag from /home/airflow/.local/lib/python3.12/site-packages/airflow/example_dags/example_local_kubernetes_executor.py
[2025-03-11T03:31:08.586+0000] {processor.py:840} INFO - DAG(s) 'example_local_kubernetes_executor' retrieved from /home/airflow/.local/lib/python3.12/site-packages/airflow/example_dags/example_local_kubernetes_executor.py
[2025-03-11T03:31:08.625+0000] {logging_mixin.py:188} INFO - [2025-03-11T03:31:08.624+0000] {dag.py:3096} INFO - Sync 1 DAGs
[2025-03-11T03:31:08.642+0000] {logging_mixin.py:188} INFO - [2025-03-11T03:31:08.642+0000] {dag.py:3954} INFO - Setting next_dagrun for example_local_kubernetes_executor to None, run_after=None
[2025-03-11T03:31:08.664+0000] {processor.py:183} INFO - Processing /home/airflow/.local/lib/python3.12/site-packages/airflow/example_dags/example_local_kubernetes_executor.py took 0.099 seconds
[2025-03-11T03:31:41.224+0000] {processor.py:161} INFO - Started process (PID=72646) to work on /home/airflow/.local/lib/python3.12/site-packages/airflow/example_dags/example_local_kubernetes_executor.py
[2025-03-11T03:31:41.227+0000] {processor.py:830} INFO - Processing file /home/airflow/.local/lib/python3.12/site-packages/airflow/example_dags/example_local_kubernetes_executor.py for tasks to queue
[2025-03-11T03:31:41.230+0000] {logging_mixin.py:188} INFO - [2025-03-11T03:31:41.229+0000] {dagbag.py:545} INFO - Filling up the DagBag from /home/airflow/.local/lib/python3.12/site-packages/airflow/example_dags/example_local_kubernetes_executor.py
[2025-03-11T03:31:41.239+0000] {processor.py:840} INFO - DAG(s) 'example_local_kubernetes_executor' retrieved from /home/airflow/.local/lib/python3.12/site-packages/airflow/example_dags/example_local_kubernetes_executor.py
[2025-03-11T03:31:41.277+0000] {logging_mixin.py:188} INFO - [2025-03-11T03:31:41.277+0000] {dag.py:3096} INFO - Sync 1 DAGs
[2025-03-11T03:31:41.291+0000] {logging_mixin.py:188} INFO - [2025-03-11T03:31:41.291+0000] {dag.py:3954} INFO - Setting next_dagrun for example_local_kubernetes_executor to None, run_after=None
[2025-03-11T03:31:41.313+0000] {processor.py:183} INFO - Processing /home/airflow/.local/lib/python3.12/site-packages/airflow/example_dags/example_local_kubernetes_executor.py took 0.096 seconds
[2025-03-11T03:32:12.266+0000] {processor.py:161} INFO - Started process (PID=72908) to work on /home/airflow/.local/lib/python3.12/site-packages/airflow/example_dags/example_local_kubernetes_executor.py
[2025-03-11T03:32:12.268+0000] {processor.py:830} INFO - Processing file /home/airflow/.local/lib/python3.12/site-packages/airflow/example_dags/example_local_kubernetes_executor.py for tasks to queue
[2025-03-11T03:32:12.270+0000] {logging_mixin.py:188} INFO - [2025-03-11T03:32:12.270+0000] {dagbag.py:545} INFO - Filling up the DagBag from /home/airflow/.local/lib/python3.12/site-packages/airflow/example_dags/example_local_kubernetes_executor.py
[2025-03-11T03:32:12.278+0000] {processor.py:840} INFO - DAG(s) 'example_local_kubernetes_executor' retrieved from /home/airflow/.local/lib/python3.12/site-packages/airflow/example_dags/example_local_kubernetes_executor.py
[2025-03-11T03:32:12.321+0000] {logging_mixin.py:188} INFO - [2025-03-11T03:32:12.320+0000] {dag.py:3096} INFO - Sync 1 DAGs
[2025-03-11T03:32:12.335+0000] {logging_mixin.py:188} INFO - [2025-03-11T03:32:12.335+0000] {dag.py:3954} INFO - Setting next_dagrun for example_local_kubernetes_executor to None, run_after=None
[2025-03-11T03:32:12.357+0000] {processor.py:183} INFO - Processing /home/airflow/.local/lib/python3.12/site-packages/airflow/example_dags/example_local_kubernetes_executor.py took 0.101 seconds
[2025-03-11T03:32:45.150+0000] {processor.py:161} INFO - Started process (PID=73170) to work on /home/airflow/.local/lib/python3.12/site-packages/airflow/example_dags/example_local_kubernetes_executor.py
[2025-03-11T03:32:45.151+0000] {processor.py:830} INFO - Processing file /home/airflow/.local/lib/python3.12/site-packages/airflow/example_dags/example_local_kubernetes_executor.py for tasks to queue
[2025-03-11T03:32:45.153+0000] {logging_mixin.py:188} INFO - [2025-03-11T03:32:45.153+0000] {dagbag.py:545} INFO - Filling up the DagBag from /home/airflow/.local/lib/python3.12/site-packages/airflow/example_dags/example_local_kubernetes_executor.py
[2025-03-11T03:32:45.160+0000] {processor.py:840} INFO - DAG(s) 'example_local_kubernetes_executor' retrieved from /home/airflow/.local/lib/python3.12/site-packages/airflow/example_dags/example_local_kubernetes_executor.py
[2025-03-11T03:32:45.194+0000] {logging_mixin.py:188} INFO - [2025-03-11T03:32:45.194+0000] {dag.py:3096} INFO - Sync 1 DAGs
[2025-03-11T03:32:45.209+0000] {logging_mixin.py:188} INFO - [2025-03-11T03:32:45.209+0000] {dag.py:3954} INFO - Setting next_dagrun for example_local_kubernetes_executor to None, run_after=None
[2025-03-11T03:32:45.229+0000] {processor.py:183} INFO - Processing /home/airflow/.local/lib/python3.12/site-packages/airflow/example_dags/example_local_kubernetes_executor.py took 0.084 seconds
