[2025-03-11T03:05:11.773+0000] {processor.py:161} INFO - Started process (PID=59380) to work on /home/airflow/.local/lib/python3.12/site-packages/airflow/example_dags/example_python_decorator.py
[2025-03-11T03:05:11.777+0000] {processor.py:830} INFO - Processing file /home/airflow/.local/lib/python3.12/site-packages/airflow/example_dags/example_python_decorator.py for tasks to queue
[2025-03-11T03:05:11.781+0000] {logging_mixin.py:188} INFO - [2025-03-11T03:05:11.781+0000] {dagbag.py:545} INFO - Filling up the DagBag from /home/airflow/.local/lib/python3.12/site-packages/airflow/example_dags/example_python_decorator.py
[2025-03-11T03:05:11.806+0000] {processor.py:840} INFO - DAG(s) 'example_python_decorator' retrieved from /home/airflow/.local/lib/python3.12/site-packages/airflow/example_dags/example_python_decorator.py
[2025-03-11T03:05:11.847+0000] {logging_mixin.py:188} INFO - [2025-03-11T03:05:11.847+0000] {dag.py:3096} INFO - Sync 1 DAGs
[2025-03-11T03:05:11.872+0000] {logging_mixin.py:188} INFO - [2025-03-11T03:05:11.872+0000] {dag.py:3954} INFO - Setting next_dagrun for example_python_decorator to None, run_after=None
[2025-03-11T03:05:11.914+0000] {processor.py:183} INFO - Processing /home/airflow/.local/lib/python3.12/site-packages/airflow/example_dags/example_python_decorator.py took 0.148 seconds
[2025-03-11T03:05:42.884+0000] {processor.py:161} INFO - Started process (PID=59642) to work on /home/airflow/.local/lib/python3.12/site-packages/airflow/example_dags/example_python_decorator.py
[2025-03-11T03:05:42.885+0000] {processor.py:830} INFO - Processing file /home/airflow/.local/lib/python3.12/site-packages/airflow/example_dags/example_python_decorator.py for tasks to queue
[2025-03-11T03:05:42.887+0000] {logging_mixin.py:188} INFO - [2025-03-11T03:05:42.886+0000] {dagbag.py:545} INFO - Filling up the DagBag from /home/airflow/.local/lib/python3.12/site-packages/airflow/example_dags/example_python_decorator.py
[2025-03-11T03:05:42.899+0000] {processor.py:840} INFO - DAG(s) 'example_python_decorator' retrieved from /home/airflow/.local/lib/python3.12/site-packages/airflow/example_dags/example_python_decorator.py
[2025-03-11T03:05:42.921+0000] {logging_mixin.py:188} INFO - [2025-03-11T03:05:42.921+0000] {dag.py:3096} INFO - Sync 1 DAGs
[2025-03-11T03:05:42.934+0000] {logging_mixin.py:188} INFO - [2025-03-11T03:05:42.934+0000] {dag.py:3954} INFO - Setting next_dagrun for example_python_decorator to None, run_after=None
[2025-03-11T03:05:42.954+0000] {processor.py:183} INFO - Processing /home/airflow/.local/lib/python3.12/site-packages/airflow/example_dags/example_python_decorator.py took 0.078 seconds
[2025-03-11T03:06:13.166+0000] {processor.py:161} INFO - Started process (PID=59904) to work on /home/airflow/.local/lib/python3.12/site-packages/airflow/example_dags/example_python_decorator.py
[2025-03-11T03:06:13.167+0000] {processor.py:830} INFO - Processing file /home/airflow/.local/lib/python3.12/site-packages/airflow/example_dags/example_python_decorator.py for tasks to queue
[2025-03-11T03:06:13.169+0000] {logging_mixin.py:188} INFO - [2025-03-11T03:06:13.169+0000] {dagbag.py:545} INFO - Filling up the DagBag from /home/airflow/.local/lib/python3.12/site-packages/airflow/example_dags/example_python_decorator.py
[2025-03-11T03:06:13.180+0000] {processor.py:840} INFO - DAG(s) 'example_python_decorator' retrieved from /home/airflow/.local/lib/python3.12/site-packages/airflow/example_dags/example_python_decorator.py
[2025-03-11T03:06:13.200+0000] {logging_mixin.py:188} INFO - [2025-03-11T03:06:13.200+0000] {dag.py:3096} INFO - Sync 1 DAGs
[2025-03-11T03:06:13.212+0000] {logging_mixin.py:188} INFO - [2025-03-11T03:06:13.212+0000] {dag.py:3954} INFO - Setting next_dagrun for example_python_decorator to None, run_after=None
[2025-03-11T03:06:13.232+0000] {processor.py:183} INFO - Processing /home/airflow/.local/lib/python3.12/site-packages/airflow/example_dags/example_python_decorator.py took 0.071 seconds
[2025-03-11T03:06:44.137+0000] {processor.py:161} INFO - Started process (PID=60160) to work on /home/airflow/.local/lib/python3.12/site-packages/airflow/example_dags/example_python_decorator.py
[2025-03-11T03:06:44.138+0000] {processor.py:830} INFO - Processing file /home/airflow/.local/lib/python3.12/site-packages/airflow/example_dags/example_python_decorator.py for tasks to queue
[2025-03-11T03:06:44.141+0000] {logging_mixin.py:188} INFO - [2025-03-11T03:06:44.141+0000] {dagbag.py:545} INFO - Filling up the DagBag from /home/airflow/.local/lib/python3.12/site-packages/airflow/example_dags/example_python_decorator.py
[2025-03-11T03:06:44.159+0000] {processor.py:840} INFO - DAG(s) 'example_python_decorator' retrieved from /home/airflow/.local/lib/python3.12/site-packages/airflow/example_dags/example_python_decorator.py
[2025-03-11T03:06:44.184+0000] {logging_mixin.py:188} INFO - [2025-03-11T03:06:44.183+0000] {dag.py:3096} INFO - Sync 1 DAGs
[2025-03-11T03:06:44.199+0000] {logging_mixin.py:188} INFO - [2025-03-11T03:06:44.199+0000] {dag.py:3954} INFO - Setting next_dagrun for example_python_decorator to None, run_after=None
[2025-03-11T03:06:44.220+0000] {processor.py:183} INFO - Processing /home/airflow/.local/lib/python3.12/site-packages/airflow/example_dags/example_python_decorator.py took 0.091 seconds
[2025-03-11T03:07:14.610+0000] {processor.py:161} INFO - Started process (PID=60422) to work on /home/airflow/.local/lib/python3.12/site-packages/airflow/example_dags/example_python_decorator.py
[2025-03-11T03:07:14.612+0000] {processor.py:830} INFO - Processing file /home/airflow/.local/lib/python3.12/site-packages/airflow/example_dags/example_python_decorator.py for tasks to queue
[2025-03-11T03:07:14.616+0000] {logging_mixin.py:188} INFO - [2025-03-11T03:07:14.616+0000] {dagbag.py:545} INFO - Filling up the DagBag from /home/airflow/.local/lib/python3.12/site-packages/airflow/example_dags/example_python_decorator.py
[2025-03-11T03:07:14.629+0000] {processor.py:840} INFO - DAG(s) 'example_python_decorator' retrieved from /home/airflow/.local/lib/python3.12/site-packages/airflow/example_dags/example_python_decorator.py
[2025-03-11T03:07:14.651+0000] {logging_mixin.py:188} INFO - [2025-03-11T03:07:14.650+0000] {dag.py:3096} INFO - Sync 1 DAGs
[2025-03-11T03:07:14.664+0000] {logging_mixin.py:188} INFO - [2025-03-11T03:07:14.664+0000] {dag.py:3954} INFO - Setting next_dagrun for example_python_decorator to None, run_after=None
[2025-03-11T03:07:14.697+0000] {processor.py:183} INFO - Processing /home/airflow/.local/lib/python3.12/site-packages/airflow/example_dags/example_python_decorator.py took 0.094 seconds
[2025-03-11T03:07:44.821+0000] {processor.py:161} INFO - Started process (PID=60684) to work on /home/airflow/.local/lib/python3.12/site-packages/airflow/example_dags/example_python_decorator.py
[2025-03-11T03:07:44.822+0000] {processor.py:830} INFO - Processing file /home/airflow/.local/lib/python3.12/site-packages/airflow/example_dags/example_python_decorator.py for tasks to queue
[2025-03-11T03:07:44.825+0000] {logging_mixin.py:188} INFO - [2025-03-11T03:07:44.824+0000] {dagbag.py:545} INFO - Filling up the DagBag from /home/airflow/.local/lib/python3.12/site-packages/airflow/example_dags/example_python_decorator.py
[2025-03-11T03:07:44.841+0000] {processor.py:840} INFO - DAG(s) 'example_python_decorator' retrieved from /home/airflow/.local/lib/python3.12/site-packages/airflow/example_dags/example_python_decorator.py
[2025-03-11T03:07:44.867+0000] {logging_mixin.py:188} INFO - [2025-03-11T03:07:44.866+0000] {dag.py:3096} INFO - Sync 1 DAGs
[2025-03-11T03:07:44.880+0000] {logging_mixin.py:188} INFO - [2025-03-11T03:07:44.880+0000] {dag.py:3954} INFO - Setting next_dagrun for example_python_decorator to None, run_after=None
[2025-03-11T03:07:44.903+0000] {processor.py:183} INFO - Processing /home/airflow/.local/lib/python3.12/site-packages/airflow/example_dags/example_python_decorator.py took 0.088 seconds
[2025-03-11T03:08:15.225+0000] {processor.py:161} INFO - Started process (PID=60946) to work on /home/airflow/.local/lib/python3.12/site-packages/airflow/example_dags/example_python_decorator.py
[2025-03-11T03:08:15.227+0000] {processor.py:830} INFO - Processing file /home/airflow/.local/lib/python3.12/site-packages/airflow/example_dags/example_python_decorator.py for tasks to queue
[2025-03-11T03:08:15.229+0000] {logging_mixin.py:188} INFO - [2025-03-11T03:08:15.229+0000] {dagbag.py:545} INFO - Filling up the DagBag from /home/airflow/.local/lib/python3.12/site-packages/airflow/example_dags/example_python_decorator.py
[2025-03-11T03:08:15.243+0000] {processor.py:840} INFO - DAG(s) 'example_python_decorator' retrieved from /home/airflow/.local/lib/python3.12/site-packages/airflow/example_dags/example_python_decorator.py
[2025-03-11T03:08:15.266+0000] {logging_mixin.py:188} INFO - [2025-03-11T03:08:15.266+0000] {dag.py:3096} INFO - Sync 1 DAGs
[2025-03-11T03:08:15.282+0000] {logging_mixin.py:188} INFO - [2025-03-11T03:08:15.281+0000] {dag.py:3954} INFO - Setting next_dagrun for example_python_decorator to None, run_after=None
[2025-03-11T03:08:15.305+0000] {processor.py:183} INFO - Processing /home/airflow/.local/lib/python3.12/site-packages/airflow/example_dags/example_python_decorator.py took 0.089 seconds
[2025-03-11T03:08:45.584+0000] {processor.py:161} INFO - Started process (PID=61208) to work on /home/airflow/.local/lib/python3.12/site-packages/airflow/example_dags/example_python_decorator.py
[2025-03-11T03:08:45.587+0000] {processor.py:830} INFO - Processing file /home/airflow/.local/lib/python3.12/site-packages/airflow/example_dags/example_python_decorator.py for tasks to queue
[2025-03-11T03:08:45.591+0000] {logging_mixin.py:188} INFO - [2025-03-11T03:08:45.590+0000] {dagbag.py:545} INFO - Filling up the DagBag from /home/airflow/.local/lib/python3.12/site-packages/airflow/example_dags/example_python_decorator.py
[2025-03-11T03:08:45.608+0000] {processor.py:840} INFO - DAG(s) 'example_python_decorator' retrieved from /home/airflow/.local/lib/python3.12/site-packages/airflow/example_dags/example_python_decorator.py
[2025-03-11T03:08:45.633+0000] {logging_mixin.py:188} INFO - [2025-03-11T03:08:45.632+0000] {dag.py:3096} INFO - Sync 1 DAGs
[2025-03-11T03:08:45.646+0000] {logging_mixin.py:188} INFO - [2025-03-11T03:08:45.646+0000] {dag.py:3954} INFO - Setting next_dagrun for example_python_decorator to None, run_after=None
[2025-03-11T03:08:45.671+0000] {processor.py:183} INFO - Processing /home/airflow/.local/lib/python3.12/site-packages/airflow/example_dags/example_python_decorator.py took 0.109 seconds
[2025-03-11T03:09:15.817+0000] {processor.py:161} INFO - Started process (PID=61470) to work on /home/airflow/.local/lib/python3.12/site-packages/airflow/example_dags/example_python_decorator.py
[2025-03-11T03:09:15.818+0000] {processor.py:830} INFO - Processing file /home/airflow/.local/lib/python3.12/site-packages/airflow/example_dags/example_python_decorator.py for tasks to queue
[2025-03-11T03:09:15.821+0000] {logging_mixin.py:188} INFO - [2025-03-11T03:09:15.821+0000] {dagbag.py:545} INFO - Filling up the DagBag from /home/airflow/.local/lib/python3.12/site-packages/airflow/example_dags/example_python_decorator.py
[2025-03-11T03:09:15.834+0000] {processor.py:840} INFO - DAG(s) 'example_python_decorator' retrieved from /home/airflow/.local/lib/python3.12/site-packages/airflow/example_dags/example_python_decorator.py
[2025-03-11T03:09:15.857+0000] {logging_mixin.py:188} INFO - [2025-03-11T03:09:15.857+0000] {dag.py:3096} INFO - Sync 1 DAGs
[2025-03-11T03:09:15.870+0000] {logging_mixin.py:188} INFO - [2025-03-11T03:09:15.870+0000] {dag.py:3954} INFO - Setting next_dagrun for example_python_decorator to None, run_after=None
[2025-03-11T03:09:15.895+0000] {processor.py:183} INFO - Processing /home/airflow/.local/lib/python3.12/site-packages/airflow/example_dags/example_python_decorator.py took 0.085 seconds
[2025-03-11T03:09:46.535+0000] {processor.py:161} INFO - Started process (PID=61733) to work on /home/airflow/.local/lib/python3.12/site-packages/airflow/example_dags/example_python_decorator.py
[2025-03-11T03:09:46.537+0000] {processor.py:830} INFO - Processing file /home/airflow/.local/lib/python3.12/site-packages/airflow/example_dags/example_python_decorator.py for tasks to queue
[2025-03-11T03:09:46.539+0000] {logging_mixin.py:188} INFO - [2025-03-11T03:09:46.539+0000] {dagbag.py:545} INFO - Filling up the DagBag from /home/airflow/.local/lib/python3.12/site-packages/airflow/example_dags/example_python_decorator.py
[2025-03-11T03:09:46.551+0000] {processor.py:840} INFO - DAG(s) 'example_python_decorator' retrieved from /home/airflow/.local/lib/python3.12/site-packages/airflow/example_dags/example_python_decorator.py
[2025-03-11T03:09:46.573+0000] {logging_mixin.py:188} INFO - [2025-03-11T03:09:46.573+0000] {dag.py:3096} INFO - Sync 1 DAGs
[2025-03-11T03:09:46.586+0000] {logging_mixin.py:188} INFO - [2025-03-11T03:09:46.586+0000] {dag.py:3954} INFO - Setting next_dagrun for example_python_decorator to None, run_after=None
[2025-03-11T03:09:46.611+0000] {processor.py:183} INFO - Processing /home/airflow/.local/lib/python3.12/site-packages/airflow/example_dags/example_python_decorator.py took 0.082 seconds
[2025-03-11T03:10:17.495+0000] {processor.py:161} INFO - Started process (PID=61995) to work on /home/airflow/.local/lib/python3.12/site-packages/airflow/example_dags/example_python_decorator.py
[2025-03-11T03:10:17.497+0000] {processor.py:830} INFO - Processing file /home/airflow/.local/lib/python3.12/site-packages/airflow/example_dags/example_python_decorator.py for tasks to queue
[2025-03-11T03:10:17.502+0000] {logging_mixin.py:188} INFO - [2025-03-11T03:10:17.501+0000] {dagbag.py:545} INFO - Filling up the DagBag from /home/airflow/.local/lib/python3.12/site-packages/airflow/example_dags/example_python_decorator.py
[2025-03-11T03:10:17.546+0000] {processor.py:840} INFO - DAG(s) 'example_python_decorator' retrieved from /home/airflow/.local/lib/python3.12/site-packages/airflow/example_dags/example_python_decorator.py
[2025-03-11T03:10:17.582+0000] {logging_mixin.py:188} INFO - [2025-03-11T03:10:17.582+0000] {dag.py:3096} INFO - Sync 1 DAGs
[2025-03-11T03:10:17.596+0000] {logging_mixin.py:188} INFO - [2025-03-11T03:10:17.596+0000] {dag.py:3954} INFO - Setting next_dagrun for example_python_decorator to None, run_after=None
[2025-03-11T03:10:17.622+0000] {processor.py:183} INFO - Processing /home/airflow/.local/lib/python3.12/site-packages/airflow/example_dags/example_python_decorator.py took 0.156 seconds
[2025-03-11T03:10:47.830+0000] {processor.py:161} INFO - Started process (PID=62257) to work on /home/airflow/.local/lib/python3.12/site-packages/airflow/example_dags/example_python_decorator.py
[2025-03-11T03:10:47.833+0000] {processor.py:830} INFO - Processing file /home/airflow/.local/lib/python3.12/site-packages/airflow/example_dags/example_python_decorator.py for tasks to queue
[2025-03-11T03:10:47.836+0000] {logging_mixin.py:188} INFO - [2025-03-11T03:10:47.836+0000] {dagbag.py:545} INFO - Filling up the DagBag from /home/airflow/.local/lib/python3.12/site-packages/airflow/example_dags/example_python_decorator.py
[2025-03-11T03:10:47.851+0000] {processor.py:840} INFO - DAG(s) 'example_python_decorator' retrieved from /home/airflow/.local/lib/python3.12/site-packages/airflow/example_dags/example_python_decorator.py
[2025-03-11T03:10:47.874+0000] {logging_mixin.py:188} INFO - [2025-03-11T03:10:47.873+0000] {dag.py:3096} INFO - Sync 1 DAGs
[2025-03-11T03:10:47.887+0000] {logging_mixin.py:188} INFO - [2025-03-11T03:10:47.887+0000] {dag.py:3954} INFO - Setting next_dagrun for example_python_decorator to None, run_after=None
[2025-03-11T03:10:47.912+0000] {processor.py:183} INFO - Processing /home/airflow/.local/lib/python3.12/site-packages/airflow/example_dags/example_python_decorator.py took 0.098 seconds
[2025-03-11T03:11:18.359+0000] {processor.py:161} INFO - Started process (PID=62519) to work on /home/airflow/.local/lib/python3.12/site-packages/airflow/example_dags/example_python_decorator.py
[2025-03-11T03:11:18.361+0000] {processor.py:830} INFO - Processing file /home/airflow/.local/lib/python3.12/site-packages/airflow/example_dags/example_python_decorator.py for tasks to queue
[2025-03-11T03:11:18.363+0000] {logging_mixin.py:188} INFO - [2025-03-11T03:11:18.363+0000] {dagbag.py:545} INFO - Filling up the DagBag from /home/airflow/.local/lib/python3.12/site-packages/airflow/example_dags/example_python_decorator.py
[2025-03-11T03:11:18.402+0000] {processor.py:840} INFO - DAG(s) 'example_python_decorator' retrieved from /home/airflow/.local/lib/python3.12/site-packages/airflow/example_dags/example_python_decorator.py
[2025-03-11T03:11:18.446+0000] {logging_mixin.py:188} INFO - [2025-03-11T03:11:18.446+0000] {dag.py:3096} INFO - Sync 1 DAGs
[2025-03-11T03:11:18.466+0000] {logging_mixin.py:188} INFO - [2025-03-11T03:11:18.465+0000] {dag.py:3954} INFO - Setting next_dagrun for example_python_decorator to None, run_after=None
[2025-03-11T03:11:18.493+0000] {processor.py:183} INFO - Processing /home/airflow/.local/lib/python3.12/site-packages/airflow/example_dags/example_python_decorator.py took 0.151 seconds
[2025-03-11T03:11:49.000+0000] {processor.py:161} INFO - Started process (PID=62779) to work on /home/airflow/.local/lib/python3.12/site-packages/airflow/example_dags/example_python_decorator.py
[2025-03-11T03:11:49.002+0000] {processor.py:830} INFO - Processing file /home/airflow/.local/lib/python3.12/site-packages/airflow/example_dags/example_python_decorator.py for tasks to queue
[2025-03-11T03:11:49.004+0000] {logging_mixin.py:188} INFO - [2025-03-11T03:11:49.004+0000] {dagbag.py:545} INFO - Filling up the DagBag from /home/airflow/.local/lib/python3.12/site-packages/airflow/example_dags/example_python_decorator.py
[2025-03-11T03:11:49.016+0000] {processor.py:840} INFO - DAG(s) 'example_python_decorator' retrieved from /home/airflow/.local/lib/python3.12/site-packages/airflow/example_dags/example_python_decorator.py
[2025-03-11T03:11:49.039+0000] {logging_mixin.py:188} INFO - [2025-03-11T03:11:49.038+0000] {dag.py:3096} INFO - Sync 1 DAGs
[2025-03-11T03:11:49.053+0000] {logging_mixin.py:188} INFO - [2025-03-11T03:11:49.052+0000] {dag.py:3954} INFO - Setting next_dagrun for example_python_decorator to None, run_after=None
[2025-03-11T03:11:49.073+0000] {processor.py:183} INFO - Processing /home/airflow/.local/lib/python3.12/site-packages/airflow/example_dags/example_python_decorator.py took 0.079 seconds
[2025-03-11T03:12:21.653+0000] {processor.py:161} INFO - Started process (PID=63041) to work on /home/airflow/.local/lib/python3.12/site-packages/airflow/example_dags/example_python_decorator.py
[2025-03-11T03:12:21.654+0000] {processor.py:830} INFO - Processing file /home/airflow/.local/lib/python3.12/site-packages/airflow/example_dags/example_python_decorator.py for tasks to queue
[2025-03-11T03:12:21.657+0000] {logging_mixin.py:188} INFO - [2025-03-11T03:12:21.656+0000] {dagbag.py:545} INFO - Filling up the DagBag from /home/airflow/.local/lib/python3.12/site-packages/airflow/example_dags/example_python_decorator.py
[2025-03-11T03:12:21.669+0000] {processor.py:840} INFO - DAG(s) 'example_python_decorator' retrieved from /home/airflow/.local/lib/python3.12/site-packages/airflow/example_dags/example_python_decorator.py
[2025-03-11T03:12:21.691+0000] {logging_mixin.py:188} INFO - [2025-03-11T03:12:21.691+0000] {dag.py:3096} INFO - Sync 1 DAGs
[2025-03-11T03:12:21.704+0000] {logging_mixin.py:188} INFO - [2025-03-11T03:12:21.704+0000] {dag.py:3954} INFO - Setting next_dagrun for example_python_decorator to None, run_after=None
[2025-03-11T03:12:21.724+0000] {processor.py:183} INFO - Processing /home/airflow/.local/lib/python3.12/site-packages/airflow/example_dags/example_python_decorator.py took 0.077 seconds
[2025-03-11T03:12:53.492+0000] {processor.py:161} INFO - Started process (PID=63302) to work on /home/airflow/.local/lib/python3.12/site-packages/airflow/example_dags/example_python_decorator.py
[2025-03-11T03:12:53.494+0000] {processor.py:830} INFO - Processing file /home/airflow/.local/lib/python3.12/site-packages/airflow/example_dags/example_python_decorator.py for tasks to queue
[2025-03-11T03:12:53.496+0000] {logging_mixin.py:188} INFO - [2025-03-11T03:12:53.495+0000] {dagbag.py:545} INFO - Filling up the DagBag from /home/airflow/.local/lib/python3.12/site-packages/airflow/example_dags/example_python_decorator.py
[2025-03-11T03:12:53.510+0000] {processor.py:840} INFO - DAG(s) 'example_python_decorator' retrieved from /home/airflow/.local/lib/python3.12/site-packages/airflow/example_dags/example_python_decorator.py
[2025-03-11T03:12:53.532+0000] {logging_mixin.py:188} INFO - [2025-03-11T03:12:53.532+0000] {dag.py:3096} INFO - Sync 1 DAGs
[2025-03-11T03:12:53.546+0000] {logging_mixin.py:188} INFO - [2025-03-11T03:12:53.546+0000] {dag.py:3954} INFO - Setting next_dagrun for example_python_decorator to None, run_after=None
[2025-03-11T03:12:53.566+0000] {processor.py:183} INFO - Processing /home/airflow/.local/lib/python3.12/site-packages/airflow/example_dags/example_python_decorator.py took 0.080 seconds
[2025-03-11T03:13:25.281+0000] {processor.py:161} INFO - Started process (PID=63564) to work on /home/airflow/.local/lib/python3.12/site-packages/airflow/example_dags/example_python_decorator.py
[2025-03-11T03:13:25.283+0000] {processor.py:830} INFO - Processing file /home/airflow/.local/lib/python3.12/site-packages/airflow/example_dags/example_python_decorator.py for tasks to queue
[2025-03-11T03:13:25.288+0000] {logging_mixin.py:188} INFO - [2025-03-11T03:13:25.287+0000] {dagbag.py:545} INFO - Filling up the DagBag from /home/airflow/.local/lib/python3.12/site-packages/airflow/example_dags/example_python_decorator.py
[2025-03-11T03:13:25.302+0000] {processor.py:840} INFO - DAG(s) 'example_python_decorator' retrieved from /home/airflow/.local/lib/python3.12/site-packages/airflow/example_dags/example_python_decorator.py
[2025-03-11T03:13:25.328+0000] {logging_mixin.py:188} INFO - [2025-03-11T03:13:25.327+0000] {dag.py:3096} INFO - Sync 1 DAGs
[2025-03-11T03:13:25.348+0000] {logging_mixin.py:188} INFO - [2025-03-11T03:13:25.348+0000] {dag.py:3954} INFO - Setting next_dagrun for example_python_decorator to None, run_after=None
[2025-03-11T03:13:25.368+0000] {processor.py:183} INFO - Processing /home/airflow/.local/lib/python3.12/site-packages/airflow/example_dags/example_python_decorator.py took 0.100 seconds
[2025-03-11T03:13:57.431+0000] {processor.py:161} INFO - Started process (PID=63826) to work on /home/airflow/.local/lib/python3.12/site-packages/airflow/example_dags/example_python_decorator.py
[2025-03-11T03:13:57.432+0000] {processor.py:830} INFO - Processing file /home/airflow/.local/lib/python3.12/site-packages/airflow/example_dags/example_python_decorator.py for tasks to queue
[2025-03-11T03:13:57.435+0000] {logging_mixin.py:188} INFO - [2025-03-11T03:13:57.434+0000] {dagbag.py:545} INFO - Filling up the DagBag from /home/airflow/.local/lib/python3.12/site-packages/airflow/example_dags/example_python_decorator.py
[2025-03-11T03:13:57.448+0000] {processor.py:840} INFO - DAG(s) 'example_python_decorator' retrieved from /home/airflow/.local/lib/python3.12/site-packages/airflow/example_dags/example_python_decorator.py
[2025-03-11T03:13:57.470+0000] {logging_mixin.py:188} INFO - [2025-03-11T03:13:57.470+0000] {dag.py:3096} INFO - Sync 1 DAGs
[2025-03-11T03:13:57.482+0000] {logging_mixin.py:188} INFO - [2025-03-11T03:13:57.482+0000] {dag.py:3954} INFO - Setting next_dagrun for example_python_decorator to None, run_after=None
[2025-03-11T03:13:57.503+0000] {processor.py:183} INFO - Processing /home/airflow/.local/lib/python3.12/site-packages/airflow/example_dags/example_python_decorator.py took 0.078 seconds
[2025-03-11T03:14:29.743+0000] {processor.py:161} INFO - Started process (PID=64088) to work on /home/airflow/.local/lib/python3.12/site-packages/airflow/example_dags/example_python_decorator.py
[2025-03-11T03:14:29.745+0000] {processor.py:830} INFO - Processing file /home/airflow/.local/lib/python3.12/site-packages/airflow/example_dags/example_python_decorator.py for tasks to queue
[2025-03-11T03:14:29.748+0000] {logging_mixin.py:188} INFO - [2025-03-11T03:14:29.748+0000] {dagbag.py:545} INFO - Filling up the DagBag from /home/airflow/.local/lib/python3.12/site-packages/airflow/example_dags/example_python_decorator.py
[2025-03-11T03:14:29.777+0000] {processor.py:840} INFO - DAG(s) 'example_python_decorator' retrieved from /home/airflow/.local/lib/python3.12/site-packages/airflow/example_dags/example_python_decorator.py
[2025-03-11T03:14:29.810+0000] {logging_mixin.py:188} INFO - [2025-03-11T03:14:29.809+0000] {dag.py:3096} INFO - Sync 1 DAGs
[2025-03-11T03:14:29.827+0000] {logging_mixin.py:188} INFO - [2025-03-11T03:14:29.827+0000] {dag.py:3954} INFO - Setting next_dagrun for example_python_decorator to None, run_after=None
[2025-03-11T03:14:29.854+0000] {processor.py:183} INFO - Processing /home/airflow/.local/lib/python3.12/site-packages/airflow/example_dags/example_python_decorator.py took 0.120 seconds
[2025-03-11T03:15:02.749+0000] {processor.py:161} INFO - Started process (PID=64360) to work on /home/airflow/.local/lib/python3.12/site-packages/airflow/example_dags/example_python_decorator.py
[2025-03-11T03:15:02.751+0000] {processor.py:830} INFO - Processing file /home/airflow/.local/lib/python3.12/site-packages/airflow/example_dags/example_python_decorator.py for tasks to queue
[2025-03-11T03:15:02.754+0000] {logging_mixin.py:188} INFO - [2025-03-11T03:15:02.753+0000] {dagbag.py:545} INFO - Filling up the DagBag from /home/airflow/.local/lib/python3.12/site-packages/airflow/example_dags/example_python_decorator.py
[2025-03-11T03:15:02.771+0000] {processor.py:840} INFO - DAG(s) 'example_python_decorator' retrieved from /home/airflow/.local/lib/python3.12/site-packages/airflow/example_dags/example_python_decorator.py
[2025-03-11T03:15:02.805+0000] {logging_mixin.py:188} INFO - [2025-03-11T03:15:02.805+0000] {dag.py:3096} INFO - Sync 1 DAGs
[2025-03-11T03:15:02.824+0000] {logging_mixin.py:188} INFO - [2025-03-11T03:15:02.824+0000] {dag.py:3954} INFO - Setting next_dagrun for example_python_decorator to None, run_after=None
[2025-03-11T03:15:02.990+0000] {processor.py:183} INFO - Processing /home/airflow/.local/lib/python3.12/site-packages/airflow/example_dags/example_python_decorator.py took 0.248 seconds
[2025-03-11T03:15:34.837+0000] {processor.py:161} INFO - Started process (PID=64622) to work on /home/airflow/.local/lib/python3.12/site-packages/airflow/example_dags/example_python_decorator.py
[2025-03-11T03:15:34.839+0000] {processor.py:830} INFO - Processing file /home/airflow/.local/lib/python3.12/site-packages/airflow/example_dags/example_python_decorator.py for tasks to queue
[2025-03-11T03:15:34.841+0000] {logging_mixin.py:188} INFO - [2025-03-11T03:15:34.841+0000] {dagbag.py:545} INFO - Filling up the DagBag from /home/airflow/.local/lib/python3.12/site-packages/airflow/example_dags/example_python_decorator.py
[2025-03-11T03:15:34.857+0000] {processor.py:840} INFO - DAG(s) 'example_python_decorator' retrieved from /home/airflow/.local/lib/python3.12/site-packages/airflow/example_dags/example_python_decorator.py
[2025-03-11T03:15:34.885+0000] {logging_mixin.py:188} INFO - [2025-03-11T03:15:34.885+0000] {dag.py:3096} INFO - Sync 1 DAGs
[2025-03-11T03:15:34.900+0000] {logging_mixin.py:188} INFO - [2025-03-11T03:15:34.900+0000] {dag.py:3954} INFO - Setting next_dagrun for example_python_decorator to None, run_after=None
[2025-03-11T03:15:34.928+0000] {processor.py:183} INFO - Processing /home/airflow/.local/lib/python3.12/site-packages/airflow/example_dags/example_python_decorator.py took 0.097 seconds
[2025-03-11T03:16:06.435+0000] {processor.py:161} INFO - Started process (PID=64886) to work on /home/airflow/.local/lib/python3.12/site-packages/airflow/example_dags/example_python_decorator.py
[2025-03-11T03:16:06.440+0000] {processor.py:830} INFO - Processing file /home/airflow/.local/lib/python3.12/site-packages/airflow/example_dags/example_python_decorator.py for tasks to queue
[2025-03-11T03:16:06.448+0000] {logging_mixin.py:188} INFO - [2025-03-11T03:16:06.447+0000] {dagbag.py:545} INFO - Filling up the DagBag from /home/airflow/.local/lib/python3.12/site-packages/airflow/example_dags/example_python_decorator.py
[2025-03-11T03:16:06.493+0000] {processor.py:840} INFO - DAG(s) 'example_python_decorator' retrieved from /home/airflow/.local/lib/python3.12/site-packages/airflow/example_dags/example_python_decorator.py
[2025-03-11T03:16:06.544+0000] {logging_mixin.py:188} INFO - [2025-03-11T03:16:06.544+0000] {dag.py:3096} INFO - Sync 1 DAGs
[2025-03-11T03:16:06.559+0000] {logging_mixin.py:188} INFO - [2025-03-11T03:16:06.559+0000] {dag.py:3954} INFO - Setting next_dagrun for example_python_decorator to None, run_after=None
[2025-03-11T03:16:06.581+0000] {processor.py:183} INFO - Processing /home/airflow/.local/lib/python3.12/site-packages/airflow/example_dags/example_python_decorator.py took 0.168 seconds
[2025-03-11T03:16:39.698+0000] {processor.py:161} INFO - Started process (PID=65146) to work on /home/airflow/.local/lib/python3.12/site-packages/airflow/example_dags/example_python_decorator.py
[2025-03-11T03:16:39.699+0000] {processor.py:830} INFO - Processing file /home/airflow/.local/lib/python3.12/site-packages/airflow/example_dags/example_python_decorator.py for tasks to queue
[2025-03-11T03:16:39.702+0000] {logging_mixin.py:188} INFO - [2025-03-11T03:16:39.702+0000] {dagbag.py:545} INFO - Filling up the DagBag from /home/airflow/.local/lib/python3.12/site-packages/airflow/example_dags/example_python_decorator.py
[2025-03-11T03:16:39.719+0000] {processor.py:840} INFO - DAG(s) 'example_python_decorator' retrieved from /home/airflow/.local/lib/python3.12/site-packages/airflow/example_dags/example_python_decorator.py
[2025-03-11T03:16:39.751+0000] {logging_mixin.py:188} INFO - [2025-03-11T03:16:39.751+0000] {dag.py:3096} INFO - Sync 1 DAGs
[2025-03-11T03:16:39.769+0000] {logging_mixin.py:188} INFO - [2025-03-11T03:16:39.768+0000] {dag.py:3954} INFO - Setting next_dagrun for example_python_decorator to None, run_after=None
[2025-03-11T03:16:39.915+0000] {processor.py:183} INFO - Processing /home/airflow/.local/lib/python3.12/site-packages/airflow/example_dags/example_python_decorator.py took 0.225 seconds
[2025-03-11T03:17:11.211+0000] {processor.py:161} INFO - Started process (PID=65410) to work on /home/airflow/.local/lib/python3.12/site-packages/airflow/example_dags/example_python_decorator.py
[2025-03-11T03:17:11.214+0000] {processor.py:830} INFO - Processing file /home/airflow/.local/lib/python3.12/site-packages/airflow/example_dags/example_python_decorator.py for tasks to queue
[2025-03-11T03:17:11.218+0000] {logging_mixin.py:188} INFO - [2025-03-11T03:17:11.217+0000] {dagbag.py:545} INFO - Filling up the DagBag from /home/airflow/.local/lib/python3.12/site-packages/airflow/example_dags/example_python_decorator.py
[2025-03-11T03:17:11.233+0000] {processor.py:840} INFO - DAG(s) 'example_python_decorator' retrieved from /home/airflow/.local/lib/python3.12/site-packages/airflow/example_dags/example_python_decorator.py
[2025-03-11T03:17:11.261+0000] {logging_mixin.py:188} INFO - [2025-03-11T03:17:11.261+0000] {dag.py:3096} INFO - Sync 1 DAGs
[2025-03-11T03:17:11.283+0000] {logging_mixin.py:188} INFO - [2025-03-11T03:17:11.283+0000] {dag.py:3954} INFO - Setting next_dagrun for example_python_decorator to None, run_after=None
[2025-03-11T03:17:11.310+0000] {processor.py:183} INFO - Processing /home/airflow/.local/lib/python3.12/site-packages/airflow/example_dags/example_python_decorator.py took 0.111 seconds
[2025-03-11T03:17:43.378+0000] {processor.py:161} INFO - Started process (PID=65672) to work on /home/airflow/.local/lib/python3.12/site-packages/airflow/example_dags/example_python_decorator.py
[2025-03-11T03:17:43.381+0000] {processor.py:830} INFO - Processing file /home/airflow/.local/lib/python3.12/site-packages/airflow/example_dags/example_python_decorator.py for tasks to queue
[2025-03-11T03:17:43.386+0000] {logging_mixin.py:188} INFO - [2025-03-11T03:17:43.385+0000] {dagbag.py:545} INFO - Filling up the DagBag from /home/airflow/.local/lib/python3.12/site-packages/airflow/example_dags/example_python_decorator.py
[2025-03-11T03:17:43.410+0000] {processor.py:840} INFO - DAG(s) 'example_python_decorator' retrieved from /home/airflow/.local/lib/python3.12/site-packages/airflow/example_dags/example_python_decorator.py
[2025-03-11T03:17:43.451+0000] {logging_mixin.py:188} INFO - [2025-03-11T03:17:43.451+0000] {dag.py:3096} INFO - Sync 1 DAGs
[2025-03-11T03:17:43.467+0000] {logging_mixin.py:188} INFO - [2025-03-11T03:17:43.467+0000] {dag.py:3954} INFO - Setting next_dagrun for example_python_decorator to None, run_after=None
[2025-03-11T03:17:43.494+0000] {processor.py:183} INFO - Processing /home/airflow/.local/lib/python3.12/site-packages/airflow/example_dags/example_python_decorator.py took 0.127 seconds
[2025-03-11T03:18:16.187+0000] {processor.py:161} INFO - Started process (PID=65934) to work on /home/airflow/.local/lib/python3.12/site-packages/airflow/example_dags/example_python_decorator.py
[2025-03-11T03:18:16.188+0000] {processor.py:830} INFO - Processing file /home/airflow/.local/lib/python3.12/site-packages/airflow/example_dags/example_python_decorator.py for tasks to queue
[2025-03-11T03:18:16.190+0000] {logging_mixin.py:188} INFO - [2025-03-11T03:18:16.190+0000] {dagbag.py:545} INFO - Filling up the DagBag from /home/airflow/.local/lib/python3.12/site-packages/airflow/example_dags/example_python_decorator.py
[2025-03-11T03:18:16.203+0000] {processor.py:840} INFO - DAG(s) 'example_python_decorator' retrieved from /home/airflow/.local/lib/python3.12/site-packages/airflow/example_dags/example_python_decorator.py
[2025-03-11T03:18:16.225+0000] {logging_mixin.py:188} INFO - [2025-03-11T03:18:16.224+0000] {dag.py:3096} INFO - Sync 1 DAGs
[2025-03-11T03:18:16.238+0000] {logging_mixin.py:188} INFO - [2025-03-11T03:18:16.238+0000] {dag.py:3954} INFO - Setting next_dagrun for example_python_decorator to None, run_after=None
[2025-03-11T03:18:16.378+0000] {processor.py:183} INFO - Processing /home/airflow/.local/lib/python3.12/site-packages/airflow/example_dags/example_python_decorator.py took 0.197 seconds
[2025-03-11T03:18:47.996+0000] {processor.py:161} INFO - Started process (PID=66194) to work on /home/airflow/.local/lib/python3.12/site-packages/airflow/example_dags/example_python_decorator.py
[2025-03-11T03:18:47.997+0000] {processor.py:830} INFO - Processing file /home/airflow/.local/lib/python3.12/site-packages/airflow/example_dags/example_python_decorator.py for tasks to queue
[2025-03-11T03:18:48.000+0000] {logging_mixin.py:188} INFO - [2025-03-11T03:18:48.000+0000] {dagbag.py:545} INFO - Filling up the DagBag from /home/airflow/.local/lib/python3.12/site-packages/airflow/example_dags/example_python_decorator.py
[2025-03-11T03:18:48.014+0000] {processor.py:840} INFO - DAG(s) 'example_python_decorator' retrieved from /home/airflow/.local/lib/python3.12/site-packages/airflow/example_dags/example_python_decorator.py
[2025-03-11T03:18:48.037+0000] {logging_mixin.py:188} INFO - [2025-03-11T03:18:48.036+0000] {dag.py:3096} INFO - Sync 1 DAGs
[2025-03-11T03:18:48.049+0000] {logging_mixin.py:188} INFO - [2025-03-11T03:18:48.049+0000] {dag.py:3954} INFO - Setting next_dagrun for example_python_decorator to None, run_after=None
[2025-03-11T03:18:48.074+0000] {processor.py:183} INFO - Processing /home/airflow/.local/lib/python3.12/site-packages/airflow/example_dags/example_python_decorator.py took 0.085 seconds
[2025-03-11T03:19:20.240+0000] {processor.py:161} INFO - Started process (PID=66456) to work on /home/airflow/.local/lib/python3.12/site-packages/airflow/example_dags/example_python_decorator.py
[2025-03-11T03:19:20.242+0000] {processor.py:830} INFO - Processing file /home/airflow/.local/lib/python3.12/site-packages/airflow/example_dags/example_python_decorator.py for tasks to queue
[2025-03-11T03:19:20.247+0000] {logging_mixin.py:188} INFO - [2025-03-11T03:19:20.246+0000] {dagbag.py:545} INFO - Filling up the DagBag from /home/airflow/.local/lib/python3.12/site-packages/airflow/example_dags/example_python_decorator.py
[2025-03-11T03:19:20.264+0000] {processor.py:840} INFO - DAG(s) 'example_python_decorator' retrieved from /home/airflow/.local/lib/python3.12/site-packages/airflow/example_dags/example_python_decorator.py
[2025-03-11T03:19:20.288+0000] {logging_mixin.py:188} INFO - [2025-03-11T03:19:20.288+0000] {dag.py:3096} INFO - Sync 1 DAGs
[2025-03-11T03:19:20.305+0000] {logging_mixin.py:188} INFO - [2025-03-11T03:19:20.305+0000] {dag.py:3954} INFO - Setting next_dagrun for example_python_decorator to None, run_after=None
[2025-03-11T03:19:20.328+0000] {processor.py:183} INFO - Processing /home/airflow/.local/lib/python3.12/site-packages/airflow/example_dags/example_python_decorator.py took 0.095 seconds
[2025-03-11T03:19:51.420+0000] {processor.py:161} INFO - Started process (PID=66720) to work on /home/airflow/.local/lib/python3.12/site-packages/airflow/example_dags/example_python_decorator.py
[2025-03-11T03:19:51.422+0000] {processor.py:830} INFO - Processing file /home/airflow/.local/lib/python3.12/site-packages/airflow/example_dags/example_python_decorator.py for tasks to queue
[2025-03-11T03:19:51.426+0000] {logging_mixin.py:188} INFO - [2025-03-11T03:19:51.426+0000] {dagbag.py:545} INFO - Filling up the DagBag from /home/airflow/.local/lib/python3.12/site-packages/airflow/example_dags/example_python_decorator.py
[2025-03-11T03:19:51.440+0000] {processor.py:840} INFO - DAG(s) 'example_python_decorator' retrieved from /home/airflow/.local/lib/python3.12/site-packages/airflow/example_dags/example_python_decorator.py
[2025-03-11T03:19:51.464+0000] {logging_mixin.py:188} INFO - [2025-03-11T03:19:51.463+0000] {dag.py:3096} INFO - Sync 1 DAGs
[2025-03-11T03:19:51.477+0000] {logging_mixin.py:188} INFO - [2025-03-11T03:19:51.477+0000] {dag.py:3954} INFO - Setting next_dagrun for example_python_decorator to None, run_after=None
[2025-03-11T03:19:51.498+0000] {processor.py:183} INFO - Processing /home/airflow/.local/lib/python3.12/site-packages/airflow/example_dags/example_python_decorator.py took 0.086 seconds
[2025-03-11T03:20:23.962+0000] {processor.py:161} INFO - Started process (PID=66981) to work on /home/airflow/.local/lib/python3.12/site-packages/airflow/example_dags/example_python_decorator.py
[2025-03-11T03:20:23.965+0000] {processor.py:830} INFO - Processing file /home/airflow/.local/lib/python3.12/site-packages/airflow/example_dags/example_python_decorator.py for tasks to queue
[2025-03-11T03:20:23.968+0000] {logging_mixin.py:188} INFO - [2025-03-11T03:20:23.968+0000] {dagbag.py:545} INFO - Filling up the DagBag from /home/airflow/.local/lib/python3.12/site-packages/airflow/example_dags/example_python_decorator.py
[2025-03-11T03:20:23.983+0000] {processor.py:840} INFO - DAG(s) 'example_python_decorator' retrieved from /home/airflow/.local/lib/python3.12/site-packages/airflow/example_dags/example_python_decorator.py
[2025-03-11T03:20:24.006+0000] {logging_mixin.py:188} INFO - [2025-03-11T03:20:24.006+0000] {dag.py:3096} INFO - Sync 1 DAGs
[2025-03-11T03:20:24.018+0000] {logging_mixin.py:188} INFO - [2025-03-11T03:20:24.018+0000] {dag.py:3954} INFO - Setting next_dagrun for example_python_decorator to None, run_after=None
[2025-03-11T03:20:24.038+0000] {processor.py:183} INFO - Processing /home/airflow/.local/lib/python3.12/site-packages/airflow/example_dags/example_python_decorator.py took 0.087 seconds
[2025-03-11T03:20:55.677+0000] {processor.py:161} INFO - Started process (PID=67243) to work on /home/airflow/.local/lib/python3.12/site-packages/airflow/example_dags/example_python_decorator.py
[2025-03-11T03:20:55.678+0000] {processor.py:830} INFO - Processing file /home/airflow/.local/lib/python3.12/site-packages/airflow/example_dags/example_python_decorator.py for tasks to queue
[2025-03-11T03:20:55.680+0000] {logging_mixin.py:188} INFO - [2025-03-11T03:20:55.680+0000] {dagbag.py:545} INFO - Filling up the DagBag from /home/airflow/.local/lib/python3.12/site-packages/airflow/example_dags/example_python_decorator.py
[2025-03-11T03:20:55.696+0000] {processor.py:840} INFO - DAG(s) 'example_python_decorator' retrieved from /home/airflow/.local/lib/python3.12/site-packages/airflow/example_dags/example_python_decorator.py
[2025-03-11T03:20:55.719+0000] {logging_mixin.py:188} INFO - [2025-03-11T03:20:55.718+0000] {dag.py:3096} INFO - Sync 1 DAGs
[2025-03-11T03:20:55.737+0000] {logging_mixin.py:188} INFO - [2025-03-11T03:20:55.737+0000] {dag.py:3954} INFO - Setting next_dagrun for example_python_decorator to None, run_after=None
[2025-03-11T03:20:55.773+0000] {processor.py:183} INFO - Processing /home/airflow/.local/lib/python3.12/site-packages/airflow/example_dags/example_python_decorator.py took 0.103 seconds
[2025-03-11T03:21:27.995+0000] {processor.py:161} INFO - Started process (PID=67503) to work on /home/airflow/.local/lib/python3.12/site-packages/airflow/example_dags/example_python_decorator.py
[2025-03-11T03:21:27.997+0000] {processor.py:830} INFO - Processing file /home/airflow/.local/lib/python3.12/site-packages/airflow/example_dags/example_python_decorator.py for tasks to queue
[2025-03-11T03:21:27.999+0000] {logging_mixin.py:188} INFO - [2025-03-11T03:21:27.999+0000] {dagbag.py:545} INFO - Filling up the DagBag from /home/airflow/.local/lib/python3.12/site-packages/airflow/example_dags/example_python_decorator.py
[2025-03-11T03:21:28.012+0000] {processor.py:840} INFO - DAG(s) 'example_python_decorator' retrieved from /home/airflow/.local/lib/python3.12/site-packages/airflow/example_dags/example_python_decorator.py
[2025-03-11T03:21:28.038+0000] {logging_mixin.py:188} INFO - [2025-03-11T03:21:28.037+0000] {dag.py:3096} INFO - Sync 1 DAGs
[2025-03-11T03:21:28.052+0000] {logging_mixin.py:188} INFO - [2025-03-11T03:21:28.052+0000] {dag.py:3954} INFO - Setting next_dagrun for example_python_decorator to None, run_after=None
[2025-03-11T03:21:28.077+0000] {processor.py:183} INFO - Processing /home/airflow/.local/lib/python3.12/site-packages/airflow/example_dags/example_python_decorator.py took 0.088 seconds
[2025-03-11T03:22:00.915+0000] {processor.py:161} INFO - Started process (PID=67770) to work on /home/airflow/.local/lib/python3.12/site-packages/airflow/example_dags/example_python_decorator.py
[2025-03-11T03:22:00.916+0000] {processor.py:830} INFO - Processing file /home/airflow/.local/lib/python3.12/site-packages/airflow/example_dags/example_python_decorator.py for tasks to queue
[2025-03-11T03:22:00.919+0000] {logging_mixin.py:188} INFO - [2025-03-11T03:22:00.918+0000] {dagbag.py:545} INFO - Filling up the DagBag from /home/airflow/.local/lib/python3.12/site-packages/airflow/example_dags/example_python_decorator.py
[2025-03-11T03:22:00.932+0000] {processor.py:840} INFO - DAG(s) 'example_python_decorator' retrieved from /home/airflow/.local/lib/python3.12/site-packages/airflow/example_dags/example_python_decorator.py
[2025-03-11T03:22:00.955+0000] {logging_mixin.py:188} INFO - [2025-03-11T03:22:00.955+0000] {dag.py:3096} INFO - Sync 1 DAGs
[2025-03-11T03:22:00.969+0000] {logging_mixin.py:188} INFO - [2025-03-11T03:22:00.969+0000] {dag.py:3954} INFO - Setting next_dagrun for example_python_decorator to None, run_after=None
[2025-03-11T03:22:00.991+0000] {processor.py:183} INFO - Processing /home/airflow/.local/lib/python3.12/site-packages/airflow/example_dags/example_python_decorator.py took 0.082 seconds
[2025-03-11T03:22:33.155+0000] {processor.py:161} INFO - Started process (PID=68032) to work on /home/airflow/.local/lib/python3.12/site-packages/airflow/example_dags/example_python_decorator.py
[2025-03-11T03:22:33.156+0000] {processor.py:830} INFO - Processing file /home/airflow/.local/lib/python3.12/site-packages/airflow/example_dags/example_python_decorator.py for tasks to queue
[2025-03-11T03:22:33.159+0000] {logging_mixin.py:188} INFO - [2025-03-11T03:22:33.158+0000] {dagbag.py:545} INFO - Filling up the DagBag from /home/airflow/.local/lib/python3.12/site-packages/airflow/example_dags/example_python_decorator.py
[2025-03-11T03:22:33.172+0000] {processor.py:840} INFO - DAG(s) 'example_python_decorator' retrieved from /home/airflow/.local/lib/python3.12/site-packages/airflow/example_dags/example_python_decorator.py
[2025-03-11T03:22:33.194+0000] {logging_mixin.py:188} INFO - [2025-03-11T03:22:33.193+0000] {dag.py:3096} INFO - Sync 1 DAGs
[2025-03-11T03:22:33.207+0000] {logging_mixin.py:188} INFO - [2025-03-11T03:22:33.206+0000] {dag.py:3954} INFO - Setting next_dagrun for example_python_decorator to None, run_after=None
[2025-03-11T03:22:33.228+0000] {processor.py:183} INFO - Processing /home/airflow/.local/lib/python3.12/site-packages/airflow/example_dags/example_python_decorator.py took 0.079 seconds
[2025-03-11T03:23:05.046+0000] {processor.py:161} INFO - Started process (PID=68294) to work on /home/airflow/.local/lib/python3.12/site-packages/airflow/example_dags/example_python_decorator.py
[2025-03-11T03:23:05.048+0000] {processor.py:830} INFO - Processing file /home/airflow/.local/lib/python3.12/site-packages/airflow/example_dags/example_python_decorator.py for tasks to queue
[2025-03-11T03:23:05.050+0000] {logging_mixin.py:188} INFO - [2025-03-11T03:23:05.050+0000] {dagbag.py:545} INFO - Filling up the DagBag from /home/airflow/.local/lib/python3.12/site-packages/airflow/example_dags/example_python_decorator.py
[2025-03-11T03:23:05.064+0000] {processor.py:840} INFO - DAG(s) 'example_python_decorator' retrieved from /home/airflow/.local/lib/python3.12/site-packages/airflow/example_dags/example_python_decorator.py
[2025-03-11T03:23:05.094+0000] {logging_mixin.py:188} INFO - [2025-03-11T03:23:05.093+0000] {dag.py:3096} INFO - Sync 1 DAGs
[2025-03-11T03:23:05.108+0000] {logging_mixin.py:188} INFO - [2025-03-11T03:23:05.108+0000] {dag.py:3954} INFO - Setting next_dagrun for example_python_decorator to None, run_after=None
[2025-03-11T03:23:05.135+0000] {processor.py:183} INFO - Processing /home/airflow/.local/lib/python3.12/site-packages/airflow/example_dags/example_python_decorator.py took 0.098 seconds
[2025-03-11T03:23:37.192+0000] {processor.py:161} INFO - Started process (PID=68566) to work on /home/airflow/.local/lib/python3.12/site-packages/airflow/example_dags/example_python_decorator.py
[2025-03-11T03:23:37.193+0000] {processor.py:830} INFO - Processing file /home/airflow/.local/lib/python3.12/site-packages/airflow/example_dags/example_python_decorator.py for tasks to queue
[2025-03-11T03:23:37.196+0000] {logging_mixin.py:188} INFO - [2025-03-11T03:23:37.195+0000] {dagbag.py:545} INFO - Filling up the DagBag from /home/airflow/.local/lib/python3.12/site-packages/airflow/example_dags/example_python_decorator.py
[2025-03-11T03:23:37.210+0000] {processor.py:840} INFO - DAG(s) 'example_python_decorator' retrieved from /home/airflow/.local/lib/python3.12/site-packages/airflow/example_dags/example_python_decorator.py
[2025-03-11T03:23:37.243+0000] {logging_mixin.py:188} INFO - [2025-03-11T03:23:37.242+0000] {dag.py:3096} INFO - Sync 1 DAGs
[2025-03-11T03:23:37.259+0000] {logging_mixin.py:188} INFO - [2025-03-11T03:23:37.259+0000] {dag.py:3954} INFO - Setting next_dagrun for example_python_decorator to None, run_after=None
[2025-03-11T03:23:37.283+0000] {processor.py:183} INFO - Processing /home/airflow/.local/lib/python3.12/site-packages/airflow/example_dags/example_python_decorator.py took 0.096 seconds
[2025-03-11T03:24:09.325+0000] {processor.py:161} INFO - Started process (PID=68828) to work on /home/airflow/.local/lib/python3.12/site-packages/airflow/example_dags/example_python_decorator.py
[2025-03-11T03:24:09.327+0000] {processor.py:830} INFO - Processing file /home/airflow/.local/lib/python3.12/site-packages/airflow/example_dags/example_python_decorator.py for tasks to queue
[2025-03-11T03:24:09.329+0000] {logging_mixin.py:188} INFO - [2025-03-11T03:24:09.329+0000] {dagbag.py:545} INFO - Filling up the DagBag from /home/airflow/.local/lib/python3.12/site-packages/airflow/example_dags/example_python_decorator.py
[2025-03-11T03:24:09.345+0000] {processor.py:840} INFO - DAG(s) 'example_python_decorator' retrieved from /home/airflow/.local/lib/python3.12/site-packages/airflow/example_dags/example_python_decorator.py
[2025-03-11T03:24:09.372+0000] {logging_mixin.py:188} INFO - [2025-03-11T03:24:09.371+0000] {dag.py:3096} INFO - Sync 1 DAGs
[2025-03-11T03:24:09.387+0000] {logging_mixin.py:188} INFO - [2025-03-11T03:24:09.387+0000] {dag.py:3954} INFO - Setting next_dagrun for example_python_decorator to None, run_after=None
[2025-03-11T03:24:09.412+0000] {processor.py:183} INFO - Processing /home/airflow/.local/lib/python3.12/site-packages/airflow/example_dags/example_python_decorator.py took 0.094 seconds
[2025-03-11T03:24:41.068+0000] {processor.py:161} INFO - Started process (PID=69090) to work on /home/airflow/.local/lib/python3.12/site-packages/airflow/example_dags/example_python_decorator.py
[2025-03-11T03:24:41.070+0000] {processor.py:830} INFO - Processing file /home/airflow/.local/lib/python3.12/site-packages/airflow/example_dags/example_python_decorator.py for tasks to queue
[2025-03-11T03:24:41.072+0000] {logging_mixin.py:188} INFO - [2025-03-11T03:24:41.071+0000] {dagbag.py:545} INFO - Filling up the DagBag from /home/airflow/.local/lib/python3.12/site-packages/airflow/example_dags/example_python_decorator.py
[2025-03-11T03:24:41.084+0000] {processor.py:840} INFO - DAG(s) 'example_python_decorator' retrieved from /home/airflow/.local/lib/python3.12/site-packages/airflow/example_dags/example_python_decorator.py
[2025-03-11T03:24:41.103+0000] {logging_mixin.py:188} INFO - [2025-03-11T03:24:41.103+0000] {dag.py:3096} INFO - Sync 1 DAGs
[2025-03-11T03:24:41.115+0000] {logging_mixin.py:188} INFO - [2025-03-11T03:24:41.114+0000] {dag.py:3954} INFO - Setting next_dagrun for example_python_decorator to None, run_after=None
[2025-03-11T03:24:41.133+0000] {processor.py:183} INFO - Processing /home/airflow/.local/lib/python3.12/site-packages/airflow/example_dags/example_python_decorator.py took 0.070 seconds
[2025-03-11T03:25:13.186+0000] {processor.py:161} INFO - Started process (PID=69352) to work on /home/airflow/.local/lib/python3.12/site-packages/airflow/example_dags/example_python_decorator.py
[2025-03-11T03:25:13.187+0000] {processor.py:830} INFO - Processing file /home/airflow/.local/lib/python3.12/site-packages/airflow/example_dags/example_python_decorator.py for tasks to queue
[2025-03-11T03:25:13.190+0000] {logging_mixin.py:188} INFO - [2025-03-11T03:25:13.189+0000] {dagbag.py:545} INFO - Filling up the DagBag from /home/airflow/.local/lib/python3.12/site-packages/airflow/example_dags/example_python_decorator.py
[2025-03-11T03:25:13.205+0000] {processor.py:840} INFO - DAG(s) 'example_python_decorator' retrieved from /home/airflow/.local/lib/python3.12/site-packages/airflow/example_dags/example_python_decorator.py
[2025-03-11T03:25:13.236+0000] {logging_mixin.py:188} INFO - [2025-03-11T03:25:13.235+0000] {dag.py:3096} INFO - Sync 1 DAGs
[2025-03-11T03:25:13.252+0000] {logging_mixin.py:188} INFO - [2025-03-11T03:25:13.252+0000] {dag.py:3954} INFO - Setting next_dagrun for example_python_decorator to None, run_after=None
[2025-03-11T03:25:13.277+0000] {processor.py:183} INFO - Processing /home/airflow/.local/lib/python3.12/site-packages/airflow/example_dags/example_python_decorator.py took 0.099 seconds
[2025-03-11T03:25:45.140+0000] {processor.py:161} INFO - Started process (PID=69614) to work on /home/airflow/.local/lib/python3.12/site-packages/airflow/example_dags/example_python_decorator.py
[2025-03-11T03:25:45.142+0000] {processor.py:830} INFO - Processing file /home/airflow/.local/lib/python3.12/site-packages/airflow/example_dags/example_python_decorator.py for tasks to queue
[2025-03-11T03:25:45.144+0000] {logging_mixin.py:188} INFO - [2025-03-11T03:25:45.144+0000] {dagbag.py:545} INFO - Filling up the DagBag from /home/airflow/.local/lib/python3.12/site-packages/airflow/example_dags/example_python_decorator.py
[2025-03-11T03:25:45.160+0000] {processor.py:840} INFO - DAG(s) 'example_python_decorator' retrieved from /home/airflow/.local/lib/python3.12/site-packages/airflow/example_dags/example_python_decorator.py
[2025-03-11T03:25:45.183+0000] {logging_mixin.py:188} INFO - [2025-03-11T03:25:45.183+0000] {dag.py:3096} INFO - Sync 1 DAGs
[2025-03-11T03:25:45.196+0000] {logging_mixin.py:188} INFO - [2025-03-11T03:25:45.196+0000] {dag.py:3954} INFO - Setting next_dagrun for example_python_decorator to None, run_after=None
[2025-03-11T03:25:45.221+0000] {processor.py:183} INFO - Processing /home/airflow/.local/lib/python3.12/site-packages/airflow/example_dags/example_python_decorator.py took 0.087 seconds
[2025-03-11T03:26:17.883+0000] {processor.py:161} INFO - Started process (PID=69876) to work on /home/airflow/.local/lib/python3.12/site-packages/airflow/example_dags/example_python_decorator.py
[2025-03-11T03:26:17.885+0000] {processor.py:830} INFO - Processing file /home/airflow/.local/lib/python3.12/site-packages/airflow/example_dags/example_python_decorator.py for tasks to queue
[2025-03-11T03:26:17.887+0000] {logging_mixin.py:188} INFO - [2025-03-11T03:26:17.886+0000] {dagbag.py:545} INFO - Filling up the DagBag from /home/airflow/.local/lib/python3.12/site-packages/airflow/example_dags/example_python_decorator.py
[2025-03-11T03:26:17.901+0000] {processor.py:840} INFO - DAG(s) 'example_python_decorator' retrieved from /home/airflow/.local/lib/python3.12/site-packages/airflow/example_dags/example_python_decorator.py
[2025-03-11T03:26:17.926+0000] {logging_mixin.py:188} INFO - [2025-03-11T03:26:17.925+0000] {dag.py:3096} INFO - Sync 1 DAGs
[2025-03-11T03:26:17.940+0000] {logging_mixin.py:188} INFO - [2025-03-11T03:26:17.940+0000] {dag.py:3954} INFO - Setting next_dagrun for example_python_decorator to None, run_after=None
[2025-03-11T03:26:17.959+0000] {processor.py:183} INFO - Processing /home/airflow/.local/lib/python3.12/site-packages/airflow/example_dags/example_python_decorator.py took 0.082 seconds
[2025-03-11T03:26:49.417+0000] {processor.py:161} INFO - Started process (PID=70138) to work on /home/airflow/.local/lib/python3.12/site-packages/airflow/example_dags/example_python_decorator.py
[2025-03-11T03:26:49.419+0000] {processor.py:830} INFO - Processing file /home/airflow/.local/lib/python3.12/site-packages/airflow/example_dags/example_python_decorator.py for tasks to queue
[2025-03-11T03:26:49.421+0000] {logging_mixin.py:188} INFO - [2025-03-11T03:26:49.420+0000] {dagbag.py:545} INFO - Filling up the DagBag from /home/airflow/.local/lib/python3.12/site-packages/airflow/example_dags/example_python_decorator.py
[2025-03-11T03:26:49.435+0000] {processor.py:840} INFO - DAG(s) 'example_python_decorator' retrieved from /home/airflow/.local/lib/python3.12/site-packages/airflow/example_dags/example_python_decorator.py
[2025-03-11T03:26:49.459+0000] {logging_mixin.py:188} INFO - [2025-03-11T03:26:49.459+0000] {dag.py:3096} INFO - Sync 1 DAGs
[2025-03-11T03:26:49.473+0000] {logging_mixin.py:188} INFO - [2025-03-11T03:26:49.473+0000] {dag.py:3954} INFO - Setting next_dagrun for example_python_decorator to None, run_after=None
[2025-03-11T03:26:49.492+0000] {processor.py:183} INFO - Processing /home/airflow/.local/lib/python3.12/site-packages/airflow/example_dags/example_python_decorator.py took 0.081 seconds
[2025-03-11T03:27:22.020+0000] {processor.py:161} INFO - Started process (PID=70400) to work on /home/airflow/.local/lib/python3.12/site-packages/airflow/example_dags/example_python_decorator.py
[2025-03-11T03:27:22.022+0000] {processor.py:830} INFO - Processing file /home/airflow/.local/lib/python3.12/site-packages/airflow/example_dags/example_python_decorator.py for tasks to queue
[2025-03-11T03:27:22.024+0000] {logging_mixin.py:188} INFO - [2025-03-11T03:27:22.024+0000] {dagbag.py:545} INFO - Filling up the DagBag from /home/airflow/.local/lib/python3.12/site-packages/airflow/example_dags/example_python_decorator.py
[2025-03-11T03:27:22.038+0000] {processor.py:840} INFO - DAG(s) 'example_python_decorator' retrieved from /home/airflow/.local/lib/python3.12/site-packages/airflow/example_dags/example_python_decorator.py
[2025-03-11T03:27:22.060+0000] {logging_mixin.py:188} INFO - [2025-03-11T03:27:22.060+0000] {dag.py:3096} INFO - Sync 1 DAGs
[2025-03-11T03:27:22.073+0000] {logging_mixin.py:188} INFO - [2025-03-11T03:27:22.073+0000] {dag.py:3954} INFO - Setting next_dagrun for example_python_decorator to None, run_after=None
[2025-03-11T03:27:22.096+0000] {processor.py:183} INFO - Processing /home/airflow/.local/lib/python3.12/site-packages/airflow/example_dags/example_python_decorator.py took 0.084 seconds
[2025-03-11T03:27:53.551+0000] {processor.py:161} INFO - Started process (PID=70662) to work on /home/airflow/.local/lib/python3.12/site-packages/airflow/example_dags/example_python_decorator.py
[2025-03-11T03:27:53.552+0000] {processor.py:830} INFO - Processing file /home/airflow/.local/lib/python3.12/site-packages/airflow/example_dags/example_python_decorator.py for tasks to queue
[2025-03-11T03:27:53.555+0000] {logging_mixin.py:188} INFO - [2025-03-11T03:27:53.554+0000] {dagbag.py:545} INFO - Filling up the DagBag from /home/airflow/.local/lib/python3.12/site-packages/airflow/example_dags/example_python_decorator.py
[2025-03-11T03:27:53.568+0000] {processor.py:840} INFO - DAG(s) 'example_python_decorator' retrieved from /home/airflow/.local/lib/python3.12/site-packages/airflow/example_dags/example_python_decorator.py
[2025-03-11T03:27:53.592+0000] {logging_mixin.py:188} INFO - [2025-03-11T03:27:53.592+0000] {dag.py:3096} INFO - Sync 1 DAGs
[2025-03-11T03:27:53.606+0000] {logging_mixin.py:188} INFO - [2025-03-11T03:27:53.605+0000] {dag.py:3954} INFO - Setting next_dagrun for example_python_decorator to None, run_after=None
[2025-03-11T03:27:53.626+0000] {processor.py:183} INFO - Processing /home/airflow/.local/lib/python3.12/site-packages/airflow/example_dags/example_python_decorator.py took 0.081 seconds
[2025-03-11T03:28:26.361+0000] {processor.py:161} INFO - Started process (PID=70924) to work on /home/airflow/.local/lib/python3.12/site-packages/airflow/example_dags/example_python_decorator.py
[2025-03-11T03:28:26.363+0000] {processor.py:830} INFO - Processing file /home/airflow/.local/lib/python3.12/site-packages/airflow/example_dags/example_python_decorator.py for tasks to queue
[2025-03-11T03:28:26.365+0000] {logging_mixin.py:188} INFO - [2025-03-11T03:28:26.364+0000] {dagbag.py:545} INFO - Filling up the DagBag from /home/airflow/.local/lib/python3.12/site-packages/airflow/example_dags/example_python_decorator.py
[2025-03-11T03:28:26.378+0000] {processor.py:840} INFO - DAG(s) 'example_python_decorator' retrieved from /home/airflow/.local/lib/python3.12/site-packages/airflow/example_dags/example_python_decorator.py
[2025-03-11T03:28:26.400+0000] {logging_mixin.py:188} INFO - [2025-03-11T03:28:26.400+0000] {dag.py:3096} INFO - Sync 1 DAGs
[2025-03-11T03:28:26.415+0000] {logging_mixin.py:188} INFO - [2025-03-11T03:28:26.415+0000] {dag.py:3954} INFO - Setting next_dagrun for example_python_decorator to None, run_after=None
[2025-03-11T03:28:26.438+0000] {processor.py:183} INFO - Processing /home/airflow/.local/lib/python3.12/site-packages/airflow/example_dags/example_python_decorator.py took 0.082 seconds
[2025-03-11T03:28:58.165+0000] {processor.py:161} INFO - Started process (PID=71186) to work on /home/airflow/.local/lib/python3.12/site-packages/airflow/example_dags/example_python_decorator.py
[2025-03-11T03:28:58.166+0000] {processor.py:830} INFO - Processing file /home/airflow/.local/lib/python3.12/site-packages/airflow/example_dags/example_python_decorator.py for tasks to queue
[2025-03-11T03:28:58.169+0000] {logging_mixin.py:188} INFO - [2025-03-11T03:28:58.168+0000] {dagbag.py:545} INFO - Filling up the DagBag from /home/airflow/.local/lib/python3.12/site-packages/airflow/example_dags/example_python_decorator.py
[2025-03-11T03:28:58.185+0000] {processor.py:840} INFO - DAG(s) 'example_python_decorator' retrieved from /home/airflow/.local/lib/python3.12/site-packages/airflow/example_dags/example_python_decorator.py
[2025-03-11T03:28:58.208+0000] {logging_mixin.py:188} INFO - [2025-03-11T03:28:58.208+0000] {dag.py:3096} INFO - Sync 1 DAGs
[2025-03-11T03:28:58.224+0000] {logging_mixin.py:188} INFO - [2025-03-11T03:28:58.223+0000] {dag.py:3954} INFO - Setting next_dagrun for example_python_decorator to None, run_after=None
[2025-03-11T03:28:58.252+0000] {processor.py:183} INFO - Processing /home/airflow/.local/lib/python3.12/site-packages/airflow/example_dags/example_python_decorator.py took 0.094 seconds
[2025-03-11T03:29:30.414+0000] {processor.py:161} INFO - Started process (PID=71448) to work on /home/airflow/.local/lib/python3.12/site-packages/airflow/example_dags/example_python_decorator.py
[2025-03-11T03:29:30.415+0000] {processor.py:830} INFO - Processing file /home/airflow/.local/lib/python3.12/site-packages/airflow/example_dags/example_python_decorator.py for tasks to queue
[2025-03-11T03:29:30.419+0000] {logging_mixin.py:188} INFO - [2025-03-11T03:29:30.419+0000] {dagbag.py:545} INFO - Filling up the DagBag from /home/airflow/.local/lib/python3.12/site-packages/airflow/example_dags/example_python_decorator.py
[2025-03-11T03:29:30.438+0000] {processor.py:840} INFO - DAG(s) 'example_python_decorator' retrieved from /home/airflow/.local/lib/python3.12/site-packages/airflow/example_dags/example_python_decorator.py
[2025-03-11T03:29:30.465+0000] {logging_mixin.py:188} INFO - [2025-03-11T03:29:30.465+0000] {dag.py:3096} INFO - Sync 1 DAGs
[2025-03-11T03:29:30.484+0000] {logging_mixin.py:188} INFO - [2025-03-11T03:29:30.483+0000] {dag.py:3954} INFO - Setting next_dagrun for example_python_decorator to None, run_after=None
[2025-03-11T03:29:30.508+0000] {processor.py:183} INFO - Processing /home/airflow/.local/lib/python3.12/site-packages/airflow/example_dags/example_python_decorator.py took 0.106 seconds
[2025-03-11T03:30:02.199+0000] {processor.py:161} INFO - Started process (PID=71710) to work on /home/airflow/.local/lib/python3.12/site-packages/airflow/example_dags/example_python_decorator.py
[2025-03-11T03:30:02.200+0000] {processor.py:830} INFO - Processing file /home/airflow/.local/lib/python3.12/site-packages/airflow/example_dags/example_python_decorator.py for tasks to queue
[2025-03-11T03:30:02.203+0000] {logging_mixin.py:188} INFO - [2025-03-11T03:30:02.203+0000] {dagbag.py:545} INFO - Filling up the DagBag from /home/airflow/.local/lib/python3.12/site-packages/airflow/example_dags/example_python_decorator.py
[2025-03-11T03:30:02.217+0000] {processor.py:840} INFO - DAG(s) 'example_python_decorator' retrieved from /home/airflow/.local/lib/python3.12/site-packages/airflow/example_dags/example_python_decorator.py
[2025-03-11T03:30:02.244+0000] {logging_mixin.py:188} INFO - [2025-03-11T03:30:02.243+0000] {dag.py:3096} INFO - Sync 1 DAGs
[2025-03-11T03:30:02.257+0000] {logging_mixin.py:188} INFO - [2025-03-11T03:30:02.257+0000] {dag.py:3954} INFO - Setting next_dagrun for example_python_decorator to None, run_after=None
[2025-03-11T03:30:02.279+0000] {processor.py:183} INFO - Processing /home/airflow/.local/lib/python3.12/site-packages/airflow/example_dags/example_python_decorator.py took 0.086 seconds
[2025-03-11T03:30:34.859+0000] {processor.py:161} INFO - Started process (PID=71972) to work on /home/airflow/.local/lib/python3.12/site-packages/airflow/example_dags/example_python_decorator.py
[2025-03-11T03:30:34.861+0000] {processor.py:830} INFO - Processing file /home/airflow/.local/lib/python3.12/site-packages/airflow/example_dags/example_python_decorator.py for tasks to queue
[2025-03-11T03:30:34.865+0000] {logging_mixin.py:188} INFO - [2025-03-11T03:30:34.864+0000] {dagbag.py:545} INFO - Filling up the DagBag from /home/airflow/.local/lib/python3.12/site-packages/airflow/example_dags/example_python_decorator.py
[2025-03-11T03:30:34.883+0000] {processor.py:840} INFO - DAG(s) 'example_python_decorator' retrieved from /home/airflow/.local/lib/python3.12/site-packages/airflow/example_dags/example_python_decorator.py
[2025-03-11T03:30:34.906+0000] {logging_mixin.py:188} INFO - [2025-03-11T03:30:34.906+0000] {dag.py:3096} INFO - Sync 1 DAGs
[2025-03-11T03:30:34.922+0000] {logging_mixin.py:188} INFO - [2025-03-11T03:30:34.922+0000] {dag.py:3954} INFO - Setting next_dagrun for example_python_decorator to None, run_after=None
[2025-03-11T03:30:34.949+0000] {processor.py:183} INFO - Processing /home/airflow/.local/lib/python3.12/site-packages/airflow/example_dags/example_python_decorator.py took 0.098 seconds
[2025-03-11T03:31:05.943+0000] {processor.py:161} INFO - Started process (PID=72234) to work on /home/airflow/.local/lib/python3.12/site-packages/airflow/example_dags/example_python_decorator.py
[2025-03-11T03:31:05.944+0000] {processor.py:830} INFO - Processing file /home/airflow/.local/lib/python3.12/site-packages/airflow/example_dags/example_python_decorator.py for tasks to queue
[2025-03-11T03:31:05.948+0000] {logging_mixin.py:188} INFO - [2025-03-11T03:31:05.948+0000] {dagbag.py:545} INFO - Filling up the DagBag from /home/airflow/.local/lib/python3.12/site-packages/airflow/example_dags/example_python_decorator.py
[2025-03-11T03:31:05.962+0000] {processor.py:840} INFO - DAG(s) 'example_python_decorator' retrieved from /home/airflow/.local/lib/python3.12/site-packages/airflow/example_dags/example_python_decorator.py
[2025-03-11T03:31:05.987+0000] {logging_mixin.py:188} INFO - [2025-03-11T03:31:05.987+0000] {dag.py:3096} INFO - Sync 1 DAGs
[2025-03-11T03:31:06.000+0000] {logging_mixin.py:188} INFO - [2025-03-11T03:31:05.999+0000] {dag.py:3954} INFO - Setting next_dagrun for example_python_decorator to None, run_after=None
[2025-03-11T03:31:06.019+0000] {processor.py:183} INFO - Processing /home/airflow/.local/lib/python3.12/site-packages/airflow/example_dags/example_python_decorator.py took 0.083 seconds
[2025-03-11T03:31:38.429+0000] {processor.py:161} INFO - Started process (PID=72496) to work on /home/airflow/.local/lib/python3.12/site-packages/airflow/example_dags/example_python_decorator.py
[2025-03-11T03:31:38.430+0000] {processor.py:830} INFO - Processing file /home/airflow/.local/lib/python3.12/site-packages/airflow/example_dags/example_python_decorator.py for tasks to queue
[2025-03-11T03:31:38.432+0000] {logging_mixin.py:188} INFO - [2025-03-11T03:31:38.432+0000] {dagbag.py:545} INFO - Filling up the DagBag from /home/airflow/.local/lib/python3.12/site-packages/airflow/example_dags/example_python_decorator.py
[2025-03-11T03:31:38.446+0000] {processor.py:840} INFO - DAG(s) 'example_python_decorator' retrieved from /home/airflow/.local/lib/python3.12/site-packages/airflow/example_dags/example_python_decorator.py
[2025-03-11T03:31:38.471+0000] {logging_mixin.py:188} INFO - [2025-03-11T03:31:38.471+0000] {dag.py:3096} INFO - Sync 1 DAGs
[2025-03-11T03:31:38.488+0000] {logging_mixin.py:188} INFO - [2025-03-11T03:31:38.488+0000] {dag.py:3954} INFO - Setting next_dagrun for example_python_decorator to None, run_after=None
[2025-03-11T03:31:38.514+0000] {processor.py:183} INFO - Processing /home/airflow/.local/lib/python3.12/site-packages/airflow/example_dags/example_python_decorator.py took 0.091 seconds
[2025-03-11T03:32:10.132+0000] {processor.py:161} INFO - Started process (PID=72758) to work on /home/airflow/.local/lib/python3.12/site-packages/airflow/example_dags/example_python_decorator.py
[2025-03-11T03:32:10.134+0000] {processor.py:830} INFO - Processing file /home/airflow/.local/lib/python3.12/site-packages/airflow/example_dags/example_python_decorator.py for tasks to queue
[2025-03-11T03:32:10.135+0000] {logging_mixin.py:188} INFO - [2025-03-11T03:32:10.135+0000] {dagbag.py:545} INFO - Filling up the DagBag from /home/airflow/.local/lib/python3.12/site-packages/airflow/example_dags/example_python_decorator.py
[2025-03-11T03:32:10.149+0000] {processor.py:840} INFO - DAG(s) 'example_python_decorator' retrieved from /home/airflow/.local/lib/python3.12/site-packages/airflow/example_dags/example_python_decorator.py
[2025-03-11T03:32:10.175+0000] {logging_mixin.py:188} INFO - [2025-03-11T03:32:10.174+0000] {dag.py:3096} INFO - Sync 1 DAGs
[2025-03-11T03:32:10.192+0000] {logging_mixin.py:188} INFO - [2025-03-11T03:32:10.192+0000] {dag.py:3954} INFO - Setting next_dagrun for example_python_decorator to None, run_after=None
[2025-03-11T03:32:10.220+0000] {processor.py:183} INFO - Processing /home/airflow/.local/lib/python3.12/site-packages/airflow/example_dags/example_python_decorator.py took 0.094 seconds
[2025-03-11T03:32:42.217+0000] {processor.py:161} INFO - Started process (PID=73020) to work on /home/airflow/.local/lib/python3.12/site-packages/airflow/example_dags/example_python_decorator.py
[2025-03-11T03:32:42.219+0000] {processor.py:830} INFO - Processing file /home/airflow/.local/lib/python3.12/site-packages/airflow/example_dags/example_python_decorator.py for tasks to queue
[2025-03-11T03:32:42.220+0000] {logging_mixin.py:188} INFO - [2025-03-11T03:32:42.220+0000] {dagbag.py:545} INFO - Filling up the DagBag from /home/airflow/.local/lib/python3.12/site-packages/airflow/example_dags/example_python_decorator.py
[2025-03-11T03:32:42.234+0000] {processor.py:840} INFO - DAG(s) 'example_python_decorator' retrieved from /home/airflow/.local/lib/python3.12/site-packages/airflow/example_dags/example_python_decorator.py
[2025-03-11T03:32:42.257+0000] {logging_mixin.py:188} INFO - [2025-03-11T03:32:42.257+0000] {dag.py:3096} INFO - Sync 1 DAGs
[2025-03-11T03:32:42.271+0000] {logging_mixin.py:188} INFO - [2025-03-11T03:32:42.271+0000] {dag.py:3954} INFO - Setting next_dagrun for example_python_decorator to None, run_after=None
[2025-03-11T03:32:42.292+0000] {processor.py:183} INFO - Processing /home/airflow/.local/lib/python3.12/site-packages/airflow/example_dags/example_python_decorator.py took 0.081 seconds
