[2025-03-11T03:05:13.493+0000] {processor.py:161} INFO - Started process (PID=59413) to work on /home/airflow/.local/lib/python3.12/site-packages/airflow/example_dags/example_sla_dag.py
[2025-03-11T03:05:13.494+0000] {processor.py:830} INFO - Processing file /home/airflow/.local/lib/python3.12/site-packages/airflow/example_dags/example_sla_dag.py for tasks to queue
[2025-03-11T03:05:13.498+0000] {logging_mixin.py:188} INFO - [2025-03-11T03:05:13.497+0000] {dagbag.py:545} INFO - Filling up the DagBag from /home/airflow/.local/lib/python3.12/site-packages/airflow/example_dags/example_sla_dag.py
[2025-03-11T03:05:13.511+0000] {processor.py:840} INFO - DAG(s) 'example_sla_dag' retrieved from /home/airflow/.local/lib/python3.12/site-packages/airflow/example_dags/example_sla_dag.py
[2025-03-11T03:05:13.540+0000] {logging_mixin.py:188} INFO - [2025-03-11T03:05:13.539+0000] {dag.py:3096} INFO - Sync 1 DAGs
[2025-03-11T03:05:13.592+0000] {logging_mixin.py:188} INFO - [2025-03-11T03:05:13.592+0000] {dag.py:3954} INFO - Setting next_dagrun for example_sla_dag to 2025-03-11 03:02:00+00:00, run_after=2025-03-11 03:04:00+00:00
[2025-03-11T03:05:13.641+0000] {processor.py:183} INFO - Processing /home/airflow/.local/lib/python3.12/site-packages/airflow/example_dags/example_sla_dag.py took 0.154 seconds
[2025-03-11T03:05:44.335+0000] {processor.py:161} INFO - Started process (PID=59677) to work on /home/airflow/.local/lib/python3.12/site-packages/airflow/example_dags/example_sla_dag.py
[2025-03-11T03:05:44.336+0000] {processor.py:830} INFO - Processing file /home/airflow/.local/lib/python3.12/site-packages/airflow/example_dags/example_sla_dag.py for tasks to queue
[2025-03-11T03:05:44.337+0000] {logging_mixin.py:188} INFO - [2025-03-11T03:05:44.337+0000] {dagbag.py:545} INFO - Filling up the DagBag from /home/airflow/.local/lib/python3.12/site-packages/airflow/example_dags/example_sla_dag.py
[2025-03-11T03:05:44.345+0000] {processor.py:840} INFO - DAG(s) 'example_sla_dag' retrieved from /home/airflow/.local/lib/python3.12/site-packages/airflow/example_dags/example_sla_dag.py
[2025-03-11T03:05:44.365+0000] {logging_mixin.py:188} INFO - [2025-03-11T03:05:44.365+0000] {dag.py:3096} INFO - Sync 1 DAGs
[2025-03-11T03:05:44.395+0000] {logging_mixin.py:188} INFO - [2025-03-11T03:05:44.395+0000] {dag.py:3954} INFO - Setting next_dagrun for example_sla_dag to 2025-03-11 03:02:00+00:00, run_after=2025-03-11 03:04:00+00:00
[2025-03-11T03:05:44.414+0000] {processor.py:183} INFO - Processing /home/airflow/.local/lib/python3.12/site-packages/airflow/example_dags/example_sla_dag.py took 0.085 seconds
[2025-03-11T03:06:14.589+0000] {processor.py:161} INFO - Started process (PID=59939) to work on /home/airflow/.local/lib/python3.12/site-packages/airflow/example_dags/example_sla_dag.py
[2025-03-11T03:06:14.590+0000] {processor.py:830} INFO - Processing file /home/airflow/.local/lib/python3.12/site-packages/airflow/example_dags/example_sla_dag.py for tasks to queue
[2025-03-11T03:06:14.592+0000] {logging_mixin.py:188} INFO - [2025-03-11T03:06:14.592+0000] {dagbag.py:545} INFO - Filling up the DagBag from /home/airflow/.local/lib/python3.12/site-packages/airflow/example_dags/example_sla_dag.py
[2025-03-11T03:06:14.599+0000] {processor.py:840} INFO - DAG(s) 'example_sla_dag' retrieved from /home/airflow/.local/lib/python3.12/site-packages/airflow/example_dags/example_sla_dag.py
[2025-03-11T03:06:14.616+0000] {logging_mixin.py:188} INFO - [2025-03-11T03:06:14.615+0000] {dag.py:3096} INFO - Sync 1 DAGs
[2025-03-11T03:06:14.636+0000] {logging_mixin.py:188} INFO - [2025-03-11T03:06:14.636+0000] {dag.py:3954} INFO - Setting next_dagrun for example_sla_dag to 2025-03-11 03:04:00+00:00, run_after=2025-03-11 03:06:00+00:00
[2025-03-11T03:06:14.652+0000] {processor.py:183} INFO - Processing /home/airflow/.local/lib/python3.12/site-packages/airflow/example_dags/example_sla_dag.py took 0.069 seconds
[2025-03-11T03:06:45.671+0000] {processor.py:161} INFO - Started process (PID=60201) to work on /home/airflow/.local/lib/python3.12/site-packages/airflow/example_dags/example_sla_dag.py
[2025-03-11T03:06:45.672+0000] {processor.py:830} INFO - Processing file /home/airflow/.local/lib/python3.12/site-packages/airflow/example_dags/example_sla_dag.py for tasks to queue
[2025-03-11T03:06:45.674+0000] {logging_mixin.py:188} INFO - [2025-03-11T03:06:45.673+0000] {dagbag.py:545} INFO - Filling up the DagBag from /home/airflow/.local/lib/python3.12/site-packages/airflow/example_dags/example_sla_dag.py
[2025-03-11T03:06:45.682+0000] {processor.py:840} INFO - DAG(s) 'example_sla_dag' retrieved from /home/airflow/.local/lib/python3.12/site-packages/airflow/example_dags/example_sla_dag.py
[2025-03-11T03:06:45.701+0000] {logging_mixin.py:188} INFO - [2025-03-11T03:06:45.701+0000] {dag.py:3096} INFO - Sync 1 DAGs
[2025-03-11T03:06:45.737+0000] {logging_mixin.py:188} INFO - [2025-03-11T03:06:45.737+0000] {dag.py:3954} INFO - Setting next_dagrun for example_sla_dag to 2025-03-11 03:04:00+00:00, run_after=2025-03-11 03:06:00+00:00
[2025-03-11T03:06:45.760+0000] {processor.py:183} INFO - Processing /home/airflow/.local/lib/python3.12/site-packages/airflow/example_dags/example_sla_dag.py took 0.095 seconds
[2025-03-11T03:07:16.271+0000] {processor.py:161} INFO - Started process (PID=60457) to work on /home/airflow/.local/lib/python3.12/site-packages/airflow/example_dags/example_sla_dag.py
[2025-03-11T03:07:16.272+0000] {processor.py:830} INFO - Processing file /home/airflow/.local/lib/python3.12/site-packages/airflow/example_dags/example_sla_dag.py for tasks to queue
[2025-03-11T03:07:16.274+0000] {logging_mixin.py:188} INFO - [2025-03-11T03:07:16.274+0000] {dagbag.py:545} INFO - Filling up the DagBag from /home/airflow/.local/lib/python3.12/site-packages/airflow/example_dags/example_sla_dag.py
[2025-03-11T03:07:16.286+0000] {processor.py:840} INFO - DAG(s) 'example_sla_dag' retrieved from /home/airflow/.local/lib/python3.12/site-packages/airflow/example_dags/example_sla_dag.py
[2025-03-11T03:07:16.312+0000] {logging_mixin.py:188} INFO - [2025-03-11T03:07:16.312+0000] {dag.py:3096} INFO - Sync 1 DAGs
[2025-03-11T03:07:16.349+0000] {logging_mixin.py:188} INFO - [2025-03-11T03:07:16.348+0000] {dag.py:3954} INFO - Setting next_dagrun for example_sla_dag to 2025-03-11 03:04:00+00:00, run_after=2025-03-11 03:06:00+00:00
[2025-03-11T03:07:16.370+0000] {processor.py:183} INFO - Processing /home/airflow/.local/lib/python3.12/site-packages/airflow/example_dags/example_sla_dag.py took 0.115 seconds
[2025-03-11T03:07:47.366+0000] {processor.py:161} INFO - Started process (PID=60719) to work on /home/airflow/.local/lib/python3.12/site-packages/airflow/example_dags/example_sla_dag.py
[2025-03-11T03:07:47.367+0000] {processor.py:830} INFO - Processing file /home/airflow/.local/lib/python3.12/site-packages/airflow/example_dags/example_sla_dag.py for tasks to queue
[2025-03-11T03:07:47.369+0000] {logging_mixin.py:188} INFO - [2025-03-11T03:07:47.369+0000] {dagbag.py:545} INFO - Filling up the DagBag from /home/airflow/.local/lib/python3.12/site-packages/airflow/example_dags/example_sla_dag.py
[2025-03-11T03:07:47.378+0000] {processor.py:840} INFO - DAG(s) 'example_sla_dag' retrieved from /home/airflow/.local/lib/python3.12/site-packages/airflow/example_dags/example_sla_dag.py
[2025-03-11T03:07:47.399+0000] {logging_mixin.py:188} INFO - [2025-03-11T03:07:47.398+0000] {dag.py:3096} INFO - Sync 1 DAGs
[2025-03-11T03:07:47.422+0000] {logging_mixin.py:188} INFO - [2025-03-11T03:07:47.422+0000] {dag.py:3954} INFO - Setting next_dagrun for example_sla_dag to 2025-03-11 03:04:00+00:00, run_after=2025-03-11 03:06:00+00:00
[2025-03-11T03:07:47.442+0000] {processor.py:183} INFO - Processing /home/airflow/.local/lib/python3.12/site-packages/airflow/example_dags/example_sla_dag.py took 0.082 seconds
[2025-03-11T03:08:17.763+0000] {processor.py:161} INFO - Started process (PID=60981) to work on /home/airflow/.local/lib/python3.12/site-packages/airflow/example_dags/example_sla_dag.py
[2025-03-11T03:08:17.764+0000] {processor.py:830} INFO - Processing file /home/airflow/.local/lib/python3.12/site-packages/airflow/example_dags/example_sla_dag.py for tasks to queue
[2025-03-11T03:08:17.767+0000] {logging_mixin.py:188} INFO - [2025-03-11T03:08:17.766+0000] {dagbag.py:545} INFO - Filling up the DagBag from /home/airflow/.local/lib/python3.12/site-packages/airflow/example_dags/example_sla_dag.py
[2025-03-11T03:08:17.778+0000] {processor.py:840} INFO - DAG(s) 'example_sla_dag' retrieved from /home/airflow/.local/lib/python3.12/site-packages/airflow/example_dags/example_sla_dag.py
[2025-03-11T03:08:17.798+0000] {logging_mixin.py:188} INFO - [2025-03-11T03:08:17.798+0000] {dag.py:3096} INFO - Sync 1 DAGs
[2025-03-11T03:08:17.823+0000] {logging_mixin.py:188} INFO - [2025-03-11T03:08:17.823+0000] {dag.py:3954} INFO - Setting next_dagrun for example_sla_dag to 2025-03-11 03:06:00+00:00, run_after=2025-03-11 03:08:00+00:00
[2025-03-11T03:08:17.848+0000] {processor.py:183} INFO - Processing /home/airflow/.local/lib/python3.12/site-packages/airflow/example_dags/example_sla_dag.py took 0.091 seconds
[2025-03-11T03:08:48.189+0000] {processor.py:161} INFO - Started process (PID=61243) to work on /home/airflow/.local/lib/python3.12/site-packages/airflow/example_dags/example_sla_dag.py
[2025-03-11T03:08:48.190+0000] {processor.py:830} INFO - Processing file /home/airflow/.local/lib/python3.12/site-packages/airflow/example_dags/example_sla_dag.py for tasks to queue
[2025-03-11T03:08:48.192+0000] {logging_mixin.py:188} INFO - [2025-03-11T03:08:48.192+0000] {dagbag.py:545} INFO - Filling up the DagBag from /home/airflow/.local/lib/python3.12/site-packages/airflow/example_dags/example_sla_dag.py
[2025-03-11T03:08:48.201+0000] {processor.py:840} INFO - DAG(s) 'example_sla_dag' retrieved from /home/airflow/.local/lib/python3.12/site-packages/airflow/example_dags/example_sla_dag.py
[2025-03-11T03:08:48.220+0000] {logging_mixin.py:188} INFO - [2025-03-11T03:08:48.220+0000] {dag.py:3096} INFO - Sync 1 DAGs
[2025-03-11T03:08:48.244+0000] {logging_mixin.py:188} INFO - [2025-03-11T03:08:48.244+0000] {dag.py:3954} INFO - Setting next_dagrun for example_sla_dag to 2025-03-11 03:06:00+00:00, run_after=2025-03-11 03:08:00+00:00
[2025-03-11T03:08:48.265+0000] {processor.py:183} INFO - Processing /home/airflow/.local/lib/python3.12/site-packages/airflow/example_dags/example_sla_dag.py took 0.081 seconds
[2025-03-11T03:09:18.419+0000] {processor.py:161} INFO - Started process (PID=61505) to work on /home/airflow/.local/lib/python3.12/site-packages/airflow/example_dags/example_sla_dag.py
[2025-03-11T03:09:18.423+0000] {processor.py:830} INFO - Processing file /home/airflow/.local/lib/python3.12/site-packages/airflow/example_dags/example_sla_dag.py for tasks to queue
[2025-03-11T03:09:18.432+0000] {logging_mixin.py:188} INFO - [2025-03-11T03:09:18.430+0000] {dagbag.py:545} INFO - Filling up the DagBag from /home/airflow/.local/lib/python3.12/site-packages/airflow/example_dags/example_sla_dag.py
[2025-03-11T03:09:18.442+0000] {processor.py:840} INFO - DAG(s) 'example_sla_dag' retrieved from /home/airflow/.local/lib/python3.12/site-packages/airflow/example_dags/example_sla_dag.py
[2025-03-11T03:09:18.462+0000] {logging_mixin.py:188} INFO - [2025-03-11T03:09:18.462+0000] {dag.py:3096} INFO - Sync 1 DAGs
[2025-03-11T03:09:18.485+0000] {logging_mixin.py:188} INFO - [2025-03-11T03:09:18.485+0000] {dag.py:3954} INFO - Setting next_dagrun for example_sla_dag to 2025-03-11 03:06:00+00:00, run_after=2025-03-11 03:08:00+00:00
[2025-03-11T03:09:18.508+0000] {processor.py:183} INFO - Processing /home/airflow/.local/lib/python3.12/site-packages/airflow/example_dags/example_sla_dag.py took 0.114 seconds
[2025-03-11T03:09:49.101+0000] {processor.py:161} INFO - Started process (PID=61768) to work on /home/airflow/.local/lib/python3.12/site-packages/airflow/example_dags/example_sla_dag.py
[2025-03-11T03:09:49.103+0000] {processor.py:830} INFO - Processing file /home/airflow/.local/lib/python3.12/site-packages/airflow/example_dags/example_sla_dag.py for tasks to queue
[2025-03-11T03:09:49.107+0000] {logging_mixin.py:188} INFO - [2025-03-11T03:09:49.106+0000] {dagbag.py:545} INFO - Filling up the DagBag from /home/airflow/.local/lib/python3.12/site-packages/airflow/example_dags/example_sla_dag.py
[2025-03-11T03:09:49.116+0000] {processor.py:840} INFO - DAG(s) 'example_sla_dag' retrieved from /home/airflow/.local/lib/python3.12/site-packages/airflow/example_dags/example_sla_dag.py
[2025-03-11T03:09:49.137+0000] {logging_mixin.py:188} INFO - [2025-03-11T03:09:49.137+0000] {dag.py:3096} INFO - Sync 1 DAGs
[2025-03-11T03:09:49.161+0000] {logging_mixin.py:188} INFO - [2025-03-11T03:09:49.161+0000] {dag.py:3954} INFO - Setting next_dagrun for example_sla_dag to 2025-03-11 03:06:00+00:00, run_after=2025-03-11 03:08:00+00:00
[2025-03-11T03:09:49.179+0000] {processor.py:183} INFO - Processing /home/airflow/.local/lib/python3.12/site-packages/airflow/example_dags/example_sla_dag.py took 0.089 seconds
[2025-03-11T03:10:20.070+0000] {processor.py:161} INFO - Started process (PID=62030) to work on /home/airflow/.local/lib/python3.12/site-packages/airflow/example_dags/example_sla_dag.py
[2025-03-11T03:10:20.072+0000] {processor.py:830} INFO - Processing file /home/airflow/.local/lib/python3.12/site-packages/airflow/example_dags/example_sla_dag.py for tasks to queue
[2025-03-11T03:10:20.074+0000] {logging_mixin.py:188} INFO - [2025-03-11T03:10:20.073+0000] {dagbag.py:545} INFO - Filling up the DagBag from /home/airflow/.local/lib/python3.12/site-packages/airflow/example_dags/example_sla_dag.py
[2025-03-11T03:10:20.084+0000] {processor.py:840} INFO - DAG(s) 'example_sla_dag' retrieved from /home/airflow/.local/lib/python3.12/site-packages/airflow/example_dags/example_sla_dag.py
[2025-03-11T03:10:20.105+0000] {logging_mixin.py:188} INFO - [2025-03-11T03:10:20.105+0000] {dag.py:3096} INFO - Sync 1 DAGs
[2025-03-11T03:10:20.130+0000] {logging_mixin.py:188} INFO - [2025-03-11T03:10:20.129+0000] {dag.py:3954} INFO - Setting next_dagrun for example_sla_dag to 2025-03-11 03:08:00+00:00, run_after=2025-03-11 03:10:00+00:00
[2025-03-11T03:10:20.150+0000] {processor.py:183} INFO - Processing /home/airflow/.local/lib/python3.12/site-packages/airflow/example_dags/example_sla_dag.py took 0.086 seconds
[2025-03-11T03:10:50.528+0000] {processor.py:161} INFO - Started process (PID=62292) to work on /home/airflow/.local/lib/python3.12/site-packages/airflow/example_dags/example_sla_dag.py
[2025-03-11T03:10:50.531+0000] {processor.py:830} INFO - Processing file /home/airflow/.local/lib/python3.12/site-packages/airflow/example_dags/example_sla_dag.py for tasks to queue
[2025-03-11T03:10:50.533+0000] {logging_mixin.py:188} INFO - [2025-03-11T03:10:50.533+0000] {dagbag.py:545} INFO - Filling up the DagBag from /home/airflow/.local/lib/python3.12/site-packages/airflow/example_dags/example_sla_dag.py
[2025-03-11T03:10:50.542+0000] {processor.py:840} INFO - DAG(s) 'example_sla_dag' retrieved from /home/airflow/.local/lib/python3.12/site-packages/airflow/example_dags/example_sla_dag.py
[2025-03-11T03:10:50.564+0000] {logging_mixin.py:188} INFO - [2025-03-11T03:10:50.563+0000] {dag.py:3096} INFO - Sync 1 DAGs
[2025-03-11T03:10:50.585+0000] {logging_mixin.py:188} INFO - [2025-03-11T03:10:50.585+0000] {dag.py:3954} INFO - Setting next_dagrun for example_sla_dag to 2025-03-11 03:08:00+00:00, run_after=2025-03-11 03:10:00+00:00
[2025-03-11T03:10:50.603+0000] {processor.py:183} INFO - Processing /home/airflow/.local/lib/python3.12/site-packages/airflow/example_dags/example_sla_dag.py took 0.084 seconds
[2025-03-11T03:11:21.333+0000] {processor.py:161} INFO - Started process (PID=62554) to work on /home/airflow/.local/lib/python3.12/site-packages/airflow/example_dags/example_sla_dag.py
[2025-03-11T03:11:21.335+0000] {processor.py:830} INFO - Processing file /home/airflow/.local/lib/python3.12/site-packages/airflow/example_dags/example_sla_dag.py for tasks to queue
[2025-03-11T03:11:21.339+0000] {logging_mixin.py:188} INFO - [2025-03-11T03:11:21.338+0000] {dagbag.py:545} INFO - Filling up the DagBag from /home/airflow/.local/lib/python3.12/site-packages/airflow/example_dags/example_sla_dag.py
[2025-03-11T03:11:21.349+0000] {processor.py:840} INFO - DAG(s) 'example_sla_dag' retrieved from /home/airflow/.local/lib/python3.12/site-packages/airflow/example_dags/example_sla_dag.py
[2025-03-11T03:11:21.382+0000] {logging_mixin.py:188} INFO - [2025-03-11T03:11:21.381+0000] {dag.py:3096} INFO - Sync 1 DAGs
[2025-03-11T03:11:21.418+0000] {logging_mixin.py:188} INFO - [2025-03-11T03:11:21.418+0000] {dag.py:3954} INFO - Setting next_dagrun for example_sla_dag to 2025-03-11 03:08:00+00:00, run_after=2025-03-11 03:10:00+00:00
[2025-03-11T03:11:21.438+0000] {processor.py:183} INFO - Processing /home/airflow/.local/lib/python3.12/site-packages/airflow/example_dags/example_sla_dag.py took 0.113 seconds
[2025-03-11T03:11:51.512+0000] {processor.py:161} INFO - Started process (PID=62816) to work on /home/airflow/.local/lib/python3.12/site-packages/airflow/example_dags/example_sla_dag.py
[2025-03-11T03:11:51.514+0000] {processor.py:830} INFO - Processing file /home/airflow/.local/lib/python3.12/site-packages/airflow/example_dags/example_sla_dag.py for tasks to queue
[2025-03-11T03:11:51.517+0000] {logging_mixin.py:188} INFO - [2025-03-11T03:11:51.517+0000] {dagbag.py:545} INFO - Filling up the DagBag from /home/airflow/.local/lib/python3.12/site-packages/airflow/example_dags/example_sla_dag.py
[2025-03-11T03:11:51.527+0000] {processor.py:840} INFO - DAG(s) 'example_sla_dag' retrieved from /home/airflow/.local/lib/python3.12/site-packages/airflow/example_dags/example_sla_dag.py
[2025-03-11T03:11:51.555+0000] {logging_mixin.py:188} INFO - [2025-03-11T03:11:51.554+0000] {dag.py:3096} INFO - Sync 1 DAGs
[2025-03-11T03:11:51.587+0000] {logging_mixin.py:188} INFO - [2025-03-11T03:11:51.587+0000] {dag.py:3954} INFO - Setting next_dagrun for example_sla_dag to 2025-03-11 03:08:00+00:00, run_after=2025-03-11 03:10:00+00:00
[2025-03-11T03:11:51.617+0000] {processor.py:183} INFO - Processing /home/airflow/.local/lib/python3.12/site-packages/airflow/example_dags/example_sla_dag.py took 0.111 seconds
[2025-03-11T03:12:22.146+0000] {processor.py:161} INFO - Started process (PID=63078) to work on /home/airflow/.local/lib/python3.12/site-packages/airflow/example_dags/example_sla_dag.py
[2025-03-11T03:12:22.148+0000] {processor.py:830} INFO - Processing file /home/airflow/.local/lib/python3.12/site-packages/airflow/example_dags/example_sla_dag.py for tasks to queue
[2025-03-11T03:12:22.150+0000] {logging_mixin.py:188} INFO - [2025-03-11T03:12:22.149+0000] {dagbag.py:545} INFO - Filling up the DagBag from /home/airflow/.local/lib/python3.12/site-packages/airflow/example_dags/example_sla_dag.py
[2025-03-11T03:12:22.159+0000] {processor.py:840} INFO - DAG(s) 'example_sla_dag' retrieved from /home/airflow/.local/lib/python3.12/site-packages/airflow/example_dags/example_sla_dag.py
[2025-03-11T03:12:22.183+0000] {logging_mixin.py:188} INFO - [2025-03-11T03:12:22.183+0000] {dag.py:3096} INFO - Sync 1 DAGs
[2025-03-11T03:12:22.213+0000] {logging_mixin.py:188} INFO - [2025-03-11T03:12:22.212+0000] {dag.py:3954} INFO - Setting next_dagrun for example_sla_dag to 2025-03-11 03:10:00+00:00, run_after=2025-03-11 03:12:00+00:00
[2025-03-11T03:12:22.231+0000] {processor.py:183} INFO - Processing /home/airflow/.local/lib/python3.12/site-packages/airflow/example_dags/example_sla_dag.py took 0.091 seconds
[2025-03-11T03:12:54.056+0000] {processor.py:161} INFO - Started process (PID=63339) to work on /home/airflow/.local/lib/python3.12/site-packages/airflow/example_dags/example_sla_dag.py
[2025-03-11T03:12:54.057+0000] {processor.py:830} INFO - Processing file /home/airflow/.local/lib/python3.12/site-packages/airflow/example_dags/example_sla_dag.py for tasks to queue
[2025-03-11T03:12:54.059+0000] {logging_mixin.py:188} INFO - [2025-03-11T03:12:54.059+0000] {dagbag.py:545} INFO - Filling up the DagBag from /home/airflow/.local/lib/python3.12/site-packages/airflow/example_dags/example_sla_dag.py
[2025-03-11T03:12:54.069+0000] {processor.py:840} INFO - DAG(s) 'example_sla_dag' retrieved from /home/airflow/.local/lib/python3.12/site-packages/airflow/example_dags/example_sla_dag.py
[2025-03-11T03:12:54.095+0000] {logging_mixin.py:188} INFO - [2025-03-11T03:12:54.095+0000] {dag.py:3096} INFO - Sync 1 DAGs
[2025-03-11T03:12:54.122+0000] {logging_mixin.py:188} INFO - [2025-03-11T03:12:54.122+0000] {dag.py:3954} INFO - Setting next_dagrun for example_sla_dag to 2025-03-11 03:10:00+00:00, run_after=2025-03-11 03:12:00+00:00
[2025-03-11T03:12:54.146+0000] {processor.py:183} INFO - Processing /home/airflow/.local/lib/python3.12/site-packages/airflow/example_dags/example_sla_dag.py took 0.096 seconds
[2025-03-11T03:13:25.850+0000] {processor.py:161} INFO - Started process (PID=63599) to work on /home/airflow/.local/lib/python3.12/site-packages/airflow/example_dags/example_sla_dag.py
[2025-03-11T03:13:25.852+0000] {processor.py:830} INFO - Processing file /home/airflow/.local/lib/python3.12/site-packages/airflow/example_dags/example_sla_dag.py for tasks to queue
[2025-03-11T03:13:25.854+0000] {logging_mixin.py:188} INFO - [2025-03-11T03:13:25.854+0000] {dagbag.py:545} INFO - Filling up the DagBag from /home/airflow/.local/lib/python3.12/site-packages/airflow/example_dags/example_sla_dag.py
[2025-03-11T03:13:25.862+0000] {processor.py:840} INFO - DAG(s) 'example_sla_dag' retrieved from /home/airflow/.local/lib/python3.12/site-packages/airflow/example_dags/example_sla_dag.py
[2025-03-11T03:13:25.882+0000] {logging_mixin.py:188} INFO - [2025-03-11T03:13:25.881+0000] {dag.py:3096} INFO - Sync 1 DAGs
[2025-03-11T03:13:25.905+0000] {logging_mixin.py:188} INFO - [2025-03-11T03:13:25.905+0000] {dag.py:3954} INFO - Setting next_dagrun for example_sla_dag to 2025-03-11 03:10:00+00:00, run_after=2025-03-11 03:12:00+00:00
[2025-03-11T03:13:25.928+0000] {processor.py:183} INFO - Processing /home/airflow/.local/lib/python3.12/site-packages/airflow/example_dags/example_sla_dag.py took 0.084 seconds
[2025-03-11T03:13:58.051+0000] {processor.py:161} INFO - Started process (PID=63861) to work on /home/airflow/.local/lib/python3.12/site-packages/airflow/example_dags/example_sla_dag.py
[2025-03-11T03:13:58.055+0000] {processor.py:830} INFO - Processing file /home/airflow/.local/lib/python3.12/site-packages/airflow/example_dags/example_sla_dag.py for tasks to queue
[2025-03-11T03:13:58.060+0000] {logging_mixin.py:188} INFO - [2025-03-11T03:13:58.059+0000] {dagbag.py:545} INFO - Filling up the DagBag from /home/airflow/.local/lib/python3.12/site-packages/airflow/example_dags/example_sla_dag.py
[2025-03-11T03:13:58.070+0000] {processor.py:840} INFO - DAG(s) 'example_sla_dag' retrieved from /home/airflow/.local/lib/python3.12/site-packages/airflow/example_dags/example_sla_dag.py
[2025-03-11T03:13:58.088+0000] {logging_mixin.py:188} INFO - [2025-03-11T03:13:58.088+0000] {dag.py:3096} INFO - Sync 1 DAGs
[2025-03-11T03:13:58.111+0000] {logging_mixin.py:188} INFO - [2025-03-11T03:13:58.111+0000] {dag.py:3954} INFO - Setting next_dagrun for example_sla_dag to 2025-03-11 03:10:00+00:00, run_after=2025-03-11 03:12:00+00:00
[2025-03-11T03:13:58.129+0000] {processor.py:183} INFO - Processing /home/airflow/.local/lib/python3.12/site-packages/airflow/example_dags/example_sla_dag.py took 0.125 seconds
[2025-03-11T03:14:30.451+0000] {processor.py:161} INFO - Started process (PID=64123) to work on /home/airflow/.local/lib/python3.12/site-packages/airflow/example_dags/example_sla_dag.py
[2025-03-11T03:14:30.452+0000] {processor.py:830} INFO - Processing file /home/airflow/.local/lib/python3.12/site-packages/airflow/example_dags/example_sla_dag.py for tasks to queue
[2025-03-11T03:14:30.454+0000] {logging_mixin.py:188} INFO - [2025-03-11T03:14:30.453+0000] {dagbag.py:545} INFO - Filling up the DagBag from /home/airflow/.local/lib/python3.12/site-packages/airflow/example_dags/example_sla_dag.py
[2025-03-11T03:14:30.461+0000] {processor.py:840} INFO - DAG(s) 'example_sla_dag' retrieved from /home/airflow/.local/lib/python3.12/site-packages/airflow/example_dags/example_sla_dag.py
[2025-03-11T03:14:30.482+0000] {logging_mixin.py:188} INFO - [2025-03-11T03:14:30.482+0000] {dag.py:3096} INFO - Sync 1 DAGs
[2025-03-11T03:14:30.506+0000] {logging_mixin.py:188} INFO - [2025-03-11T03:14:30.506+0000] {dag.py:3954} INFO - Setting next_dagrun for example_sla_dag to 2025-03-11 03:12:00+00:00, run_after=2025-03-11 03:14:00+00:00
[2025-03-11T03:14:30.524+0000] {processor.py:183} INFO - Processing /home/airflow/.local/lib/python3.12/site-packages/airflow/example_dags/example_sla_dag.py took 0.079 seconds
[2025-03-11T03:15:03.488+0000] {processor.py:161} INFO - Started process (PID=64395) to work on /home/airflow/.local/lib/python3.12/site-packages/airflow/example_dags/example_sla_dag.py
[2025-03-11T03:15:03.490+0000] {processor.py:830} INFO - Processing file /home/airflow/.local/lib/python3.12/site-packages/airflow/example_dags/example_sla_dag.py for tasks to queue
[2025-03-11T03:15:03.492+0000] {logging_mixin.py:188} INFO - [2025-03-11T03:15:03.492+0000] {dagbag.py:545} INFO - Filling up the DagBag from /home/airflow/.local/lib/python3.12/site-packages/airflow/example_dags/example_sla_dag.py
[2025-03-11T03:15:03.501+0000] {processor.py:840} INFO - DAG(s) 'example_sla_dag' retrieved from /home/airflow/.local/lib/python3.12/site-packages/airflow/example_dags/example_sla_dag.py
[2025-03-11T03:15:03.523+0000] {logging_mixin.py:188} INFO - [2025-03-11T03:15:03.523+0000] {dag.py:3096} INFO - Sync 1 DAGs
[2025-03-11T03:15:03.552+0000] {logging_mixin.py:188} INFO - [2025-03-11T03:15:03.552+0000] {dag.py:3954} INFO - Setting next_dagrun for example_sla_dag to 2025-03-11 03:12:00+00:00, run_after=2025-03-11 03:14:00+00:00
[2025-03-11T03:15:03.580+0000] {processor.py:183} INFO - Processing /home/airflow/.local/lib/python3.12/site-packages/airflow/example_dags/example_sla_dag.py took 0.100 seconds
[2025-03-11T03:15:35.452+0000] {processor.py:161} INFO - Started process (PID=64657) to work on /home/airflow/.local/lib/python3.12/site-packages/airflow/example_dags/example_sla_dag.py
[2025-03-11T03:15:35.454+0000] {processor.py:830} INFO - Processing file /home/airflow/.local/lib/python3.12/site-packages/airflow/example_dags/example_sla_dag.py for tasks to queue
[2025-03-11T03:15:35.457+0000] {logging_mixin.py:188} INFO - [2025-03-11T03:15:35.456+0000] {dagbag.py:545} INFO - Filling up the DagBag from /home/airflow/.local/lib/python3.12/site-packages/airflow/example_dags/example_sla_dag.py
[2025-03-11T03:15:35.466+0000] {processor.py:840} INFO - DAG(s) 'example_sla_dag' retrieved from /home/airflow/.local/lib/python3.12/site-packages/airflow/example_dags/example_sla_dag.py
[2025-03-11T03:15:35.490+0000] {logging_mixin.py:188} INFO - [2025-03-11T03:15:35.490+0000] {dag.py:3096} INFO - Sync 1 DAGs
[2025-03-11T03:15:35.516+0000] {logging_mixin.py:188} INFO - [2025-03-11T03:15:35.515+0000] {dag.py:3954} INFO - Setting next_dagrun for example_sla_dag to 2025-03-11 03:12:00+00:00, run_after=2025-03-11 03:14:00+00:00
[2025-03-11T03:15:35.543+0000] {processor.py:183} INFO - Processing /home/airflow/.local/lib/python3.12/site-packages/airflow/example_dags/example_sla_dag.py took 0.098 seconds
[2025-03-11T03:16:07.237+0000] {processor.py:161} INFO - Started process (PID=64920) to work on /home/airflow/.local/lib/python3.12/site-packages/airflow/example_dags/example_sla_dag.py
[2025-03-11T03:16:07.239+0000] {processor.py:830} INFO - Processing file /home/airflow/.local/lib/python3.12/site-packages/airflow/example_dags/example_sla_dag.py for tasks to queue
[2025-03-11T03:16:07.243+0000] {logging_mixin.py:188} INFO - [2025-03-11T03:16:07.243+0000] {dagbag.py:545} INFO - Filling up the DagBag from /home/airflow/.local/lib/python3.12/site-packages/airflow/example_dags/example_sla_dag.py
[2025-03-11T03:16:07.262+0000] {processor.py:840} INFO - DAG(s) 'example_sla_dag' retrieved from /home/airflow/.local/lib/python3.12/site-packages/airflow/example_dags/example_sla_dag.py
[2025-03-11T03:16:07.290+0000] {logging_mixin.py:188} INFO - [2025-03-11T03:16:07.290+0000] {dag.py:3096} INFO - Sync 1 DAGs
[2025-03-11T03:16:07.331+0000] {logging_mixin.py:188} INFO - [2025-03-11T03:16:07.331+0000] {dag.py:3954} INFO - Setting next_dagrun for example_sla_dag to 2025-03-11 03:14:00+00:00, run_after=2025-03-11 03:16:00+00:00
[2025-03-11T03:16:07.369+0000] {processor.py:183} INFO - Processing /home/airflow/.local/lib/python3.12/site-packages/airflow/example_dags/example_sla_dag.py took 0.144 seconds
[2025-03-11T03:16:40.770+0000] {processor.py:161} INFO - Started process (PID=65181) to work on /home/airflow/.local/lib/python3.12/site-packages/airflow/example_dags/example_sla_dag.py
[2025-03-11T03:16:40.771+0000] {processor.py:830} INFO - Processing file /home/airflow/.local/lib/python3.12/site-packages/airflow/example_dags/example_sla_dag.py for tasks to queue
[2025-03-11T03:16:40.772+0000] {logging_mixin.py:188} INFO - [2025-03-11T03:16:40.772+0000] {dagbag.py:545} INFO - Filling up the DagBag from /home/airflow/.local/lib/python3.12/site-packages/airflow/example_dags/example_sla_dag.py
[2025-03-11T03:16:40.780+0000] {processor.py:840} INFO - DAG(s) 'example_sla_dag' retrieved from /home/airflow/.local/lib/python3.12/site-packages/airflow/example_dags/example_sla_dag.py
[2025-03-11T03:16:40.799+0000] {logging_mixin.py:188} INFO - [2025-03-11T03:16:40.799+0000] {dag.py:3096} INFO - Sync 1 DAGs
[2025-03-11T03:16:40.940+0000] {logging_mixin.py:188} INFO - [2025-03-11T03:16:40.940+0000] {dag.py:3954} INFO - Setting next_dagrun for example_sla_dag to 2025-03-11 03:14:00+00:00, run_after=2025-03-11 03:16:00+00:00
[2025-03-11T03:16:40.961+0000] {processor.py:183} INFO - Processing /home/airflow/.local/lib/python3.12/site-packages/airflow/example_dags/example_sla_dag.py took 0.197 seconds
[2025-03-11T03:17:11.849+0000] {processor.py:161} INFO - Started process (PID=65443) to work on /home/airflow/.local/lib/python3.12/site-packages/airflow/example_dags/example_sla_dag.py
[2025-03-11T03:17:11.851+0000] {processor.py:830} INFO - Processing file /home/airflow/.local/lib/python3.12/site-packages/airflow/example_dags/example_sla_dag.py for tasks to queue
[2025-03-11T03:17:11.853+0000] {logging_mixin.py:188} INFO - [2025-03-11T03:17:11.853+0000] {dagbag.py:545} INFO - Filling up the DagBag from /home/airflow/.local/lib/python3.12/site-packages/airflow/example_dags/example_sla_dag.py
[2025-03-11T03:17:11.862+0000] {processor.py:840} INFO - DAG(s) 'example_sla_dag' retrieved from /home/airflow/.local/lib/python3.12/site-packages/airflow/example_dags/example_sla_dag.py
[2025-03-11T03:17:11.883+0000] {logging_mixin.py:188} INFO - [2025-03-11T03:17:11.882+0000] {dag.py:3096} INFO - Sync 1 DAGs
[2025-03-11T03:17:11.909+0000] {logging_mixin.py:188} INFO - [2025-03-11T03:17:11.909+0000] {dag.py:3954} INFO - Setting next_dagrun for example_sla_dag to 2025-03-11 03:14:00+00:00, run_after=2025-03-11 03:16:00+00:00
[2025-03-11T03:17:11.933+0000] {processor.py:183} INFO - Processing /home/airflow/.local/lib/python3.12/site-packages/airflow/example_dags/example_sla_dag.py took 0.090 seconds
[2025-03-11T03:17:44.036+0000] {processor.py:161} INFO - Started process (PID=65705) to work on /home/airflow/.local/lib/python3.12/site-packages/airflow/example_dags/example_sla_dag.py
[2025-03-11T03:17:44.037+0000] {processor.py:830} INFO - Processing file /home/airflow/.local/lib/python3.12/site-packages/airflow/example_dags/example_sla_dag.py for tasks to queue
[2025-03-11T03:17:44.039+0000] {logging_mixin.py:188} INFO - [2025-03-11T03:17:44.039+0000] {dagbag.py:545} INFO - Filling up the DagBag from /home/airflow/.local/lib/python3.12/site-packages/airflow/example_dags/example_sla_dag.py
[2025-03-11T03:17:44.051+0000] {processor.py:840} INFO - DAG(s) 'example_sla_dag' retrieved from /home/airflow/.local/lib/python3.12/site-packages/airflow/example_dags/example_sla_dag.py
[2025-03-11T03:17:44.077+0000] {logging_mixin.py:188} INFO - [2025-03-11T03:17:44.077+0000] {dag.py:3096} INFO - Sync 1 DAGs
[2025-03-11T03:17:44.103+0000] {logging_mixin.py:188} INFO - [2025-03-11T03:17:44.103+0000] {dag.py:3954} INFO - Setting next_dagrun for example_sla_dag to 2025-03-11 03:14:00+00:00, run_after=2025-03-11 03:16:00+00:00
[2025-03-11T03:17:44.124+0000] {processor.py:183} INFO - Processing /home/airflow/.local/lib/python3.12/site-packages/airflow/example_dags/example_sla_dag.py took 0.094 seconds
[2025-03-11T03:18:17.035+0000] {processor.py:161} INFO - Started process (PID=65967) to work on /home/airflow/.local/lib/python3.12/site-packages/airflow/example_dags/example_sla_dag.py
[2025-03-11T03:18:17.037+0000] {processor.py:830} INFO - Processing file /home/airflow/.local/lib/python3.12/site-packages/airflow/example_dags/example_sla_dag.py for tasks to queue
[2025-03-11T03:18:17.039+0000] {logging_mixin.py:188} INFO - [2025-03-11T03:18:17.039+0000] {dagbag.py:545} INFO - Filling up the DagBag from /home/airflow/.local/lib/python3.12/site-packages/airflow/example_dags/example_sla_dag.py
[2025-03-11T03:18:17.049+0000] {processor.py:840} INFO - DAG(s) 'example_sla_dag' retrieved from /home/airflow/.local/lib/python3.12/site-packages/airflow/example_dags/example_sla_dag.py
[2025-03-11T03:18:17.072+0000] {logging_mixin.py:188} INFO - [2025-03-11T03:18:17.072+0000] {dag.py:3096} INFO - Sync 1 DAGs
[2025-03-11T03:18:17.221+0000] {logging_mixin.py:188} INFO - [2025-03-11T03:18:17.221+0000] {dag.py:3954} INFO - Setting next_dagrun for example_sla_dag to 2025-03-11 03:16:00+00:00, run_after=2025-03-11 03:18:00+00:00
[2025-03-11T03:18:17.249+0000] {processor.py:183} INFO - Processing /home/airflow/.local/lib/python3.12/site-packages/airflow/example_dags/example_sla_dag.py took 0.222 seconds
[2025-03-11T03:18:48.580+0000] {processor.py:161} INFO - Started process (PID=66231) to work on /home/airflow/.local/lib/python3.12/site-packages/airflow/example_dags/example_sla_dag.py
[2025-03-11T03:18:48.582+0000] {processor.py:830} INFO - Processing file /home/airflow/.local/lib/python3.12/site-packages/airflow/example_dags/example_sla_dag.py for tasks to queue
[2025-03-11T03:18:48.584+0000] {logging_mixin.py:188} INFO - [2025-03-11T03:18:48.584+0000] {dagbag.py:545} INFO - Filling up the DagBag from /home/airflow/.local/lib/python3.12/site-packages/airflow/example_dags/example_sla_dag.py
[2025-03-11T03:18:48.593+0000] {processor.py:840} INFO - DAG(s) 'example_sla_dag' retrieved from /home/airflow/.local/lib/python3.12/site-packages/airflow/example_dags/example_sla_dag.py
[2025-03-11T03:18:48.614+0000] {logging_mixin.py:188} INFO - [2025-03-11T03:18:48.614+0000] {dag.py:3096} INFO - Sync 1 DAGs
[2025-03-11T03:18:48.641+0000] {logging_mixin.py:188} INFO - [2025-03-11T03:18:48.640+0000] {dag.py:3954} INFO - Setting next_dagrun for example_sla_dag to 2025-03-11 03:16:00+00:00, run_after=2025-03-11 03:18:00+00:00
[2025-03-11T03:18:48.661+0000] {processor.py:183} INFO - Processing /home/airflow/.local/lib/python3.12/site-packages/airflow/example_dags/example_sla_dag.py took 0.088 seconds
[2025-03-11T03:19:20.778+0000] {processor.py:161} INFO - Started process (PID=66491) to work on /home/airflow/.local/lib/python3.12/site-packages/airflow/example_dags/example_sla_dag.py
[2025-03-11T03:19:20.780+0000] {processor.py:830} INFO - Processing file /home/airflow/.local/lib/python3.12/site-packages/airflow/example_dags/example_sla_dag.py for tasks to queue
[2025-03-11T03:19:20.783+0000] {logging_mixin.py:188} INFO - [2025-03-11T03:19:20.782+0000] {dagbag.py:545} INFO - Filling up the DagBag from /home/airflow/.local/lib/python3.12/site-packages/airflow/example_dags/example_sla_dag.py
[2025-03-11T03:19:20.792+0000] {processor.py:840} INFO - DAG(s) 'example_sla_dag' retrieved from /home/airflow/.local/lib/python3.12/site-packages/airflow/example_dags/example_sla_dag.py
[2025-03-11T03:19:20.812+0000] {logging_mixin.py:188} INFO - [2025-03-11T03:19:20.811+0000] {dag.py:3096} INFO - Sync 1 DAGs
[2025-03-11T03:19:20.838+0000] {logging_mixin.py:188} INFO - [2025-03-11T03:19:20.837+0000] {dag.py:3954} INFO - Setting next_dagrun for example_sla_dag to 2025-03-11 03:16:00+00:00, run_after=2025-03-11 03:18:00+00:00
[2025-03-11T03:19:20.859+0000] {processor.py:183} INFO - Processing /home/airflow/.local/lib/python3.12/site-packages/airflow/example_dags/example_sla_dag.py took 0.086 seconds
[2025-03-11T03:19:51.899+0000] {processor.py:161} INFO - Started process (PID=66753) to work on /home/airflow/.local/lib/python3.12/site-packages/airflow/example_dags/example_sla_dag.py
[2025-03-11T03:19:51.901+0000] {processor.py:830} INFO - Processing file /home/airflow/.local/lib/python3.12/site-packages/airflow/example_dags/example_sla_dag.py for tasks to queue
[2025-03-11T03:19:51.903+0000] {logging_mixin.py:188} INFO - [2025-03-11T03:19:51.903+0000] {dagbag.py:545} INFO - Filling up the DagBag from /home/airflow/.local/lib/python3.12/site-packages/airflow/example_dags/example_sla_dag.py
[2025-03-11T03:19:51.914+0000] {processor.py:840} INFO - DAG(s) 'example_sla_dag' retrieved from /home/airflow/.local/lib/python3.12/site-packages/airflow/example_dags/example_sla_dag.py
[2025-03-11T03:19:51.936+0000] {logging_mixin.py:188} INFO - [2025-03-11T03:19:51.935+0000] {dag.py:3096} INFO - Sync 1 DAGs
[2025-03-11T03:19:51.964+0000] {logging_mixin.py:188} INFO - [2025-03-11T03:19:51.964+0000] {dag.py:3954} INFO - Setting next_dagrun for example_sla_dag to 2025-03-11 03:16:00+00:00, run_after=2025-03-11 03:18:00+00:00
[2025-03-11T03:19:51.986+0000] {processor.py:183} INFO - Processing /home/airflow/.local/lib/python3.12/site-packages/airflow/example_dags/example_sla_dag.py took 0.093 seconds
[2025-03-11T03:20:24.573+0000] {processor.py:161} INFO - Started process (PID=67014) to work on /home/airflow/.local/lib/python3.12/site-packages/airflow/example_dags/example_sla_dag.py
[2025-03-11T03:20:24.575+0000] {processor.py:830} INFO - Processing file /home/airflow/.local/lib/python3.12/site-packages/airflow/example_dags/example_sla_dag.py for tasks to queue
[2025-03-11T03:20:24.578+0000] {logging_mixin.py:188} INFO - [2025-03-11T03:20:24.578+0000] {dagbag.py:545} INFO - Filling up the DagBag from /home/airflow/.local/lib/python3.12/site-packages/airflow/example_dags/example_sla_dag.py
[2025-03-11T03:20:24.594+0000] {processor.py:840} INFO - DAG(s) 'example_sla_dag' retrieved from /home/airflow/.local/lib/python3.12/site-packages/airflow/example_dags/example_sla_dag.py
[2025-03-11T03:20:24.615+0000] {logging_mixin.py:188} INFO - [2025-03-11T03:20:24.615+0000] {dag.py:3096} INFO - Sync 1 DAGs
[2025-03-11T03:20:24.641+0000] {logging_mixin.py:188} INFO - [2025-03-11T03:20:24.640+0000] {dag.py:3954} INFO - Setting next_dagrun for example_sla_dag to 2025-03-11 03:18:00+00:00, run_after=2025-03-11 03:20:00+00:00
[2025-03-11T03:20:24.659+0000] {processor.py:183} INFO - Processing /home/airflow/.local/lib/python3.12/site-packages/airflow/example_dags/example_sla_dag.py took 0.109 seconds
[2025-03-11T03:20:56.257+0000] {processor.py:161} INFO - Started process (PID=67276) to work on /home/airflow/.local/lib/python3.12/site-packages/airflow/example_dags/example_sla_dag.py
[2025-03-11T03:20:56.258+0000] {processor.py:830} INFO - Processing file /home/airflow/.local/lib/python3.12/site-packages/airflow/example_dags/example_sla_dag.py for tasks to queue
[2025-03-11T03:20:56.260+0000] {logging_mixin.py:188} INFO - [2025-03-11T03:20:56.260+0000] {dagbag.py:545} INFO - Filling up the DagBag from /home/airflow/.local/lib/python3.12/site-packages/airflow/example_dags/example_sla_dag.py
[2025-03-11T03:20:56.269+0000] {processor.py:840} INFO - DAG(s) 'example_sla_dag' retrieved from /home/airflow/.local/lib/python3.12/site-packages/airflow/example_dags/example_sla_dag.py
[2025-03-11T03:20:56.288+0000] {logging_mixin.py:188} INFO - [2025-03-11T03:20:56.287+0000] {dag.py:3096} INFO - Sync 1 DAGs
[2025-03-11T03:20:56.312+0000] {logging_mixin.py:188} INFO - [2025-03-11T03:20:56.311+0000] {dag.py:3954} INFO - Setting next_dagrun for example_sla_dag to 2025-03-11 03:18:00+00:00, run_after=2025-03-11 03:20:00+00:00
[2025-03-11T03:20:56.330+0000] {processor.py:183} INFO - Processing /home/airflow/.local/lib/python3.12/site-packages/airflow/example_dags/example_sla_dag.py took 0.078 seconds
[2025-03-11T03:21:28.958+0000] {processor.py:161} INFO - Started process (PID=67545) to work on /home/airflow/.local/lib/python3.12/site-packages/airflow/example_dags/example_sla_dag.py
[2025-03-11T03:21:28.960+0000] {processor.py:830} INFO - Processing file /home/airflow/.local/lib/python3.12/site-packages/airflow/example_dags/example_sla_dag.py for tasks to queue
[2025-03-11T03:21:28.965+0000] {logging_mixin.py:188} INFO - [2025-03-11T03:21:28.964+0000] {dagbag.py:545} INFO - Filling up the DagBag from /home/airflow/.local/lib/python3.12/site-packages/airflow/example_dags/example_sla_dag.py
[2025-03-11T03:21:28.984+0000] {processor.py:840} INFO - DAG(s) 'example_sla_dag' retrieved from /home/airflow/.local/lib/python3.12/site-packages/airflow/example_dags/example_sla_dag.py
[2025-03-11T03:21:29.006+0000] {logging_mixin.py:188} INFO - [2025-03-11T03:21:29.006+0000] {dag.py:3096} INFO - Sync 1 DAGs
[2025-03-11T03:21:29.036+0000] {logging_mixin.py:188} INFO - [2025-03-11T03:21:29.035+0000] {dag.py:3954} INFO - Setting next_dagrun for example_sla_dag to 2025-03-11 03:18:00+00:00, run_after=2025-03-11 03:20:00+00:00
[2025-03-11T03:21:29.059+0000] {processor.py:183} INFO - Processing /home/airflow/.local/lib/python3.12/site-packages/airflow/example_dags/example_sla_dag.py took 0.108 seconds
[2025-03-11T03:22:01.431+0000] {processor.py:161} INFO - Started process (PID=67805) to work on /home/airflow/.local/lib/python3.12/site-packages/airflow/example_dags/example_sla_dag.py
[2025-03-11T03:22:01.433+0000] {processor.py:830} INFO - Processing file /home/airflow/.local/lib/python3.12/site-packages/airflow/example_dags/example_sla_dag.py for tasks to queue
[2025-03-11T03:22:01.435+0000] {logging_mixin.py:188} INFO - [2025-03-11T03:22:01.435+0000] {dagbag.py:545} INFO - Filling up the DagBag from /home/airflow/.local/lib/python3.12/site-packages/airflow/example_dags/example_sla_dag.py
[2025-03-11T03:22:01.444+0000] {processor.py:840} INFO - DAG(s) 'example_sla_dag' retrieved from /home/airflow/.local/lib/python3.12/site-packages/airflow/example_dags/example_sla_dag.py
[2025-03-11T03:22:01.464+0000] {logging_mixin.py:188} INFO - [2025-03-11T03:22:01.464+0000] {dag.py:3096} INFO - Sync 1 DAGs
[2025-03-11T03:22:01.491+0000] {logging_mixin.py:188} INFO - [2025-03-11T03:22:01.491+0000] {dag.py:3954} INFO - Setting next_dagrun for example_sla_dag to 2025-03-11 03:20:00+00:00, run_after=2025-03-11 03:22:00+00:00
[2025-03-11T03:22:01.512+0000] {processor.py:183} INFO - Processing /home/airflow/.local/lib/python3.12/site-packages/airflow/example_dags/example_sla_dag.py took 0.087 seconds
[2025-03-11T03:22:33.965+0000] {processor.py:161} INFO - Started process (PID=68069) to work on /home/airflow/.local/lib/python3.12/site-packages/airflow/example_dags/example_sla_dag.py
[2025-03-11T03:22:33.967+0000] {processor.py:830} INFO - Processing file /home/airflow/.local/lib/python3.12/site-packages/airflow/example_dags/example_sla_dag.py for tasks to queue
[2025-03-11T03:22:33.973+0000] {logging_mixin.py:188} INFO - [2025-03-11T03:22:33.972+0000] {dagbag.py:545} INFO - Filling up the DagBag from /home/airflow/.local/lib/python3.12/site-packages/airflow/example_dags/example_sla_dag.py
[2025-03-11T03:22:33.984+0000] {processor.py:840} INFO - DAG(s) 'example_sla_dag' retrieved from /home/airflow/.local/lib/python3.12/site-packages/airflow/example_dags/example_sla_dag.py
[2025-03-11T03:22:34.011+0000] {logging_mixin.py:188} INFO - [2025-03-11T03:22:34.011+0000] {dag.py:3096} INFO - Sync 1 DAGs
[2025-03-11T03:22:34.037+0000] {logging_mixin.py:188} INFO - [2025-03-11T03:22:34.037+0000] {dag.py:3954} INFO - Setting next_dagrun for example_sla_dag to 2025-03-11 03:20:00+00:00, run_after=2025-03-11 03:22:00+00:00
[2025-03-11T03:22:34.057+0000] {processor.py:183} INFO - Processing /home/airflow/.local/lib/python3.12/site-packages/airflow/example_dags/example_sla_dag.py took 0.109 seconds
[2025-03-11T03:23:05.808+0000] {processor.py:161} INFO - Started process (PID=68341) to work on /home/airflow/.local/lib/python3.12/site-packages/airflow/example_dags/example_sla_dag.py
[2025-03-11T03:23:05.810+0000] {processor.py:830} INFO - Processing file /home/airflow/.local/lib/python3.12/site-packages/airflow/example_dags/example_sla_dag.py for tasks to queue
[2025-03-11T03:23:05.811+0000] {logging_mixin.py:188} INFO - [2025-03-11T03:23:05.811+0000] {dagbag.py:545} INFO - Filling up the DagBag from /home/airflow/.local/lib/python3.12/site-packages/airflow/example_dags/example_sla_dag.py
[2025-03-11T03:23:05.820+0000] {processor.py:840} INFO - DAG(s) 'example_sla_dag' retrieved from /home/airflow/.local/lib/python3.12/site-packages/airflow/example_dags/example_sla_dag.py
[2025-03-11T03:23:05.840+0000] {logging_mixin.py:188} INFO - [2025-03-11T03:23:05.839+0000] {dag.py:3096} INFO - Sync 1 DAGs
[2025-03-11T03:23:05.871+0000] {logging_mixin.py:188} INFO - [2025-03-11T03:23:05.871+0000] {dag.py:3954} INFO - Setting next_dagrun for example_sla_dag to 2025-03-11 03:20:00+00:00, run_after=2025-03-11 03:22:00+00:00
[2025-03-11T03:23:05.900+0000] {processor.py:183} INFO - Processing /home/airflow/.local/lib/python3.12/site-packages/airflow/example_dags/example_sla_dag.py took 0.097 seconds
[2025-03-11T03:23:37.667+0000] {processor.py:161} INFO - Started process (PID=68601) to work on /home/airflow/.local/lib/python3.12/site-packages/airflow/example_dags/example_sla_dag.py
[2025-03-11T03:23:37.669+0000] {processor.py:830} INFO - Processing file /home/airflow/.local/lib/python3.12/site-packages/airflow/example_dags/example_sla_dag.py for tasks to queue
[2025-03-11T03:23:37.672+0000] {logging_mixin.py:188} INFO - [2025-03-11T03:23:37.671+0000] {dagbag.py:545} INFO - Filling up the DagBag from /home/airflow/.local/lib/python3.12/site-packages/airflow/example_dags/example_sla_dag.py
[2025-03-11T03:23:37.682+0000] {processor.py:840} INFO - DAG(s) 'example_sla_dag' retrieved from /home/airflow/.local/lib/python3.12/site-packages/airflow/example_dags/example_sla_dag.py
[2025-03-11T03:23:37.714+0000] {logging_mixin.py:188} INFO - [2025-03-11T03:23:37.713+0000] {dag.py:3096} INFO - Sync 1 DAGs
[2025-03-11T03:23:37.740+0000] {logging_mixin.py:188} INFO - [2025-03-11T03:23:37.740+0000] {dag.py:3954} INFO - Setting next_dagrun for example_sla_dag to 2025-03-11 03:20:00+00:00, run_after=2025-03-11 03:22:00+00:00
[2025-03-11T03:23:37.760+0000] {processor.py:183} INFO - Processing /home/airflow/.local/lib/python3.12/site-packages/airflow/example_dags/example_sla_dag.py took 0.099 seconds
[2025-03-11T03:24:09.931+0000] {processor.py:161} INFO - Started process (PID=68863) to work on /home/airflow/.local/lib/python3.12/site-packages/airflow/example_dags/example_sla_dag.py
[2025-03-11T03:24:09.932+0000] {processor.py:830} INFO - Processing file /home/airflow/.local/lib/python3.12/site-packages/airflow/example_dags/example_sla_dag.py for tasks to queue
[2025-03-11T03:24:09.934+0000] {logging_mixin.py:188} INFO - [2025-03-11T03:24:09.934+0000] {dagbag.py:545} INFO - Filling up the DagBag from /home/airflow/.local/lib/python3.12/site-packages/airflow/example_dags/example_sla_dag.py
[2025-03-11T03:24:09.943+0000] {processor.py:840} INFO - DAG(s) 'example_sla_dag' retrieved from /home/airflow/.local/lib/python3.12/site-packages/airflow/example_dags/example_sla_dag.py
[2025-03-11T03:24:09.969+0000] {logging_mixin.py:188} INFO - [2025-03-11T03:24:09.968+0000] {dag.py:3096} INFO - Sync 1 DAGs
[2025-03-11T03:24:09.998+0000] {logging_mixin.py:188} INFO - [2025-03-11T03:24:09.998+0000] {dag.py:3954} INFO - Setting next_dagrun for example_sla_dag to 2025-03-11 03:22:00+00:00, run_after=2025-03-11 03:24:00+00:00
[2025-03-11T03:24:10.043+0000] {processor.py:183} INFO - Processing /home/airflow/.local/lib/python3.12/site-packages/airflow/example_dags/example_sla_dag.py took 0.119 seconds
[2025-03-11T03:24:41.611+0000] {processor.py:161} INFO - Started process (PID=69125) to work on /home/airflow/.local/lib/python3.12/site-packages/airflow/example_dags/example_sla_dag.py
[2025-03-11T03:24:41.613+0000] {processor.py:830} INFO - Processing file /home/airflow/.local/lib/python3.12/site-packages/airflow/example_dags/example_sla_dag.py for tasks to queue
[2025-03-11T03:24:41.614+0000] {logging_mixin.py:188} INFO - [2025-03-11T03:24:41.614+0000] {dagbag.py:545} INFO - Filling up the DagBag from /home/airflow/.local/lib/python3.12/site-packages/airflow/example_dags/example_sla_dag.py
[2025-03-11T03:24:41.622+0000] {processor.py:840} INFO - DAG(s) 'example_sla_dag' retrieved from /home/airflow/.local/lib/python3.12/site-packages/airflow/example_dags/example_sla_dag.py
[2025-03-11T03:24:41.640+0000] {logging_mixin.py:188} INFO - [2025-03-11T03:24:41.640+0000] {dag.py:3096} INFO - Sync 1 DAGs
[2025-03-11T03:24:41.665+0000] {logging_mixin.py:188} INFO - [2025-03-11T03:24:41.664+0000] {dag.py:3954} INFO - Setting next_dagrun for example_sla_dag to 2025-03-11 03:22:00+00:00, run_after=2025-03-11 03:24:00+00:00
[2025-03-11T03:24:41.683+0000] {processor.py:183} INFO - Processing /home/airflow/.local/lib/python3.12/site-packages/airflow/example_dags/example_sla_dag.py took 0.077 seconds
[2025-03-11T03:25:13.968+0000] {processor.py:161} INFO - Started process (PID=69389) to work on /home/airflow/.local/lib/python3.12/site-packages/airflow/example_dags/example_sla_dag.py
[2025-03-11T03:25:13.971+0000] {processor.py:830} INFO - Processing file /home/airflow/.local/lib/python3.12/site-packages/airflow/example_dags/example_sla_dag.py for tasks to queue
[2025-03-11T03:25:13.975+0000] {logging_mixin.py:188} INFO - [2025-03-11T03:25:13.974+0000] {dagbag.py:545} INFO - Filling up the DagBag from /home/airflow/.local/lib/python3.12/site-packages/airflow/example_dags/example_sla_dag.py
[2025-03-11T03:25:13.994+0000] {processor.py:840} INFO - DAG(s) 'example_sla_dag' retrieved from /home/airflow/.local/lib/python3.12/site-packages/airflow/example_dags/example_sla_dag.py
[2025-03-11T03:25:14.023+0000] {logging_mixin.py:188} INFO - [2025-03-11T03:25:14.023+0000] {dag.py:3096} INFO - Sync 1 DAGs
[2025-03-11T03:25:14.055+0000] {logging_mixin.py:188} INFO - [2025-03-11T03:25:14.055+0000] {dag.py:3954} INFO - Setting next_dagrun for example_sla_dag to 2025-03-11 03:22:00+00:00, run_after=2025-03-11 03:24:00+00:00
[2025-03-11T03:25:14.076+0000] {processor.py:183} INFO - Processing /home/airflow/.local/lib/python3.12/site-packages/airflow/example_dags/example_sla_dag.py took 0.119 seconds
[2025-03-11T03:25:45.728+0000] {processor.py:161} INFO - Started process (PID=69649) to work on /home/airflow/.local/lib/python3.12/site-packages/airflow/example_dags/example_sla_dag.py
[2025-03-11T03:25:45.729+0000] {processor.py:830} INFO - Processing file /home/airflow/.local/lib/python3.12/site-packages/airflow/example_dags/example_sla_dag.py for tasks to queue
[2025-03-11T03:25:45.732+0000] {logging_mixin.py:188} INFO - [2025-03-11T03:25:45.731+0000] {dagbag.py:545} INFO - Filling up the DagBag from /home/airflow/.local/lib/python3.12/site-packages/airflow/example_dags/example_sla_dag.py
[2025-03-11T03:25:45.743+0000] {processor.py:840} INFO - DAG(s) 'example_sla_dag' retrieved from /home/airflow/.local/lib/python3.12/site-packages/airflow/example_dags/example_sla_dag.py
[2025-03-11T03:25:45.763+0000] {logging_mixin.py:188} INFO - [2025-03-11T03:25:45.763+0000] {dag.py:3096} INFO - Sync 1 DAGs
[2025-03-11T03:25:45.788+0000] {logging_mixin.py:188} INFO - [2025-03-11T03:25:45.787+0000] {dag.py:3954} INFO - Setting next_dagrun for example_sla_dag to 2025-03-11 03:22:00+00:00, run_after=2025-03-11 03:24:00+00:00
[2025-03-11T03:25:45.813+0000] {processor.py:183} INFO - Processing /home/airflow/.local/lib/python3.12/site-packages/airflow/example_dags/example_sla_dag.py took 0.094 seconds
[2025-03-11T03:26:18.578+0000] {processor.py:161} INFO - Started process (PID=69911) to work on /home/airflow/.local/lib/python3.12/site-packages/airflow/example_dags/example_sla_dag.py
[2025-03-11T03:26:18.580+0000] {processor.py:830} INFO - Processing file /home/airflow/.local/lib/python3.12/site-packages/airflow/example_dags/example_sla_dag.py for tasks to queue
[2025-03-11T03:26:18.583+0000] {logging_mixin.py:188} INFO - [2025-03-11T03:26:18.582+0000] {dagbag.py:545} INFO - Filling up the DagBag from /home/airflow/.local/lib/python3.12/site-packages/airflow/example_dags/example_sla_dag.py
[2025-03-11T03:26:18.595+0000] {processor.py:840} INFO - DAG(s) 'example_sla_dag' retrieved from /home/airflow/.local/lib/python3.12/site-packages/airflow/example_dags/example_sla_dag.py
[2025-03-11T03:26:18.620+0000] {logging_mixin.py:188} INFO - [2025-03-11T03:26:18.620+0000] {dag.py:3096} INFO - Sync 1 DAGs
[2025-03-11T03:26:18.648+0000] {logging_mixin.py:188} INFO - [2025-03-11T03:26:18.648+0000] {dag.py:3954} INFO - Setting next_dagrun for example_sla_dag to 2025-03-11 03:24:00+00:00, run_after=2025-03-11 03:26:00+00:00
[2025-03-11T03:26:18.673+0000] {processor.py:183} INFO - Processing /home/airflow/.local/lib/python3.12/site-packages/airflow/example_dags/example_sla_dag.py took 0.104 seconds
[2025-03-11T03:26:49.902+0000] {processor.py:161} INFO - Started process (PID=70173) to work on /home/airflow/.local/lib/python3.12/site-packages/airflow/example_dags/example_sla_dag.py
[2025-03-11T03:26:49.903+0000] {processor.py:830} INFO - Processing file /home/airflow/.local/lib/python3.12/site-packages/airflow/example_dags/example_sla_dag.py for tasks to queue
[2025-03-11T03:26:49.906+0000] {logging_mixin.py:188} INFO - [2025-03-11T03:26:49.906+0000] {dagbag.py:545} INFO - Filling up the DagBag from /home/airflow/.local/lib/python3.12/site-packages/airflow/example_dags/example_sla_dag.py
[2025-03-11T03:26:49.914+0000] {processor.py:840} INFO - DAG(s) 'example_sla_dag' retrieved from /home/airflow/.local/lib/python3.12/site-packages/airflow/example_dags/example_sla_dag.py
[2025-03-11T03:26:49.936+0000] {logging_mixin.py:188} INFO - [2025-03-11T03:26:49.936+0000] {dag.py:3096} INFO - Sync 1 DAGs
[2025-03-11T03:26:49.962+0000] {logging_mixin.py:188} INFO - [2025-03-11T03:26:49.962+0000] {dag.py:3954} INFO - Setting next_dagrun for example_sla_dag to 2025-03-11 03:24:00+00:00, run_after=2025-03-11 03:26:00+00:00
[2025-03-11T03:26:49.983+0000] {processor.py:183} INFO - Processing /home/airflow/.local/lib/python3.12/site-packages/airflow/example_dags/example_sla_dag.py took 0.086 seconds
[2025-03-11T03:27:22.550+0000] {processor.py:161} INFO - Started process (PID=70437) to work on /home/airflow/.local/lib/python3.12/site-packages/airflow/example_dags/example_sla_dag.py
[2025-03-11T03:27:22.552+0000] {processor.py:830} INFO - Processing file /home/airflow/.local/lib/python3.12/site-packages/airflow/example_dags/example_sla_dag.py for tasks to queue
[2025-03-11T03:27:22.555+0000] {logging_mixin.py:188} INFO - [2025-03-11T03:27:22.554+0000] {dagbag.py:545} INFO - Filling up the DagBag from /home/airflow/.local/lib/python3.12/site-packages/airflow/example_dags/example_sla_dag.py
[2025-03-11T03:27:22.565+0000] {processor.py:840} INFO - DAG(s) 'example_sla_dag' retrieved from /home/airflow/.local/lib/python3.12/site-packages/airflow/example_dags/example_sla_dag.py
[2025-03-11T03:27:22.585+0000] {logging_mixin.py:188} INFO - [2025-03-11T03:27:22.585+0000] {dag.py:3096} INFO - Sync 1 DAGs
[2025-03-11T03:27:22.611+0000] {logging_mixin.py:188} INFO - [2025-03-11T03:27:22.611+0000] {dag.py:3954} INFO - Setting next_dagrun for example_sla_dag to 2025-03-11 03:24:00+00:00, run_after=2025-03-11 03:26:00+00:00
[2025-03-11T03:27:22.637+0000] {processor.py:183} INFO - Processing /home/airflow/.local/lib/python3.12/site-packages/airflow/example_dags/example_sla_dag.py took 0.098 seconds
[2025-03-11T03:27:54.326+0000] {processor.py:161} INFO - Started process (PID=70699) to work on /home/airflow/.local/lib/python3.12/site-packages/airflow/example_dags/example_sla_dag.py
[2025-03-11T03:27:54.328+0000] {processor.py:830} INFO - Processing file /home/airflow/.local/lib/python3.12/site-packages/airflow/example_dags/example_sla_dag.py for tasks to queue
[2025-03-11T03:27:54.333+0000] {logging_mixin.py:188} INFO - [2025-03-11T03:27:54.333+0000] {dagbag.py:545} INFO - Filling up the DagBag from /home/airflow/.local/lib/python3.12/site-packages/airflow/example_dags/example_sla_dag.py
[2025-03-11T03:27:54.344+0000] {processor.py:840} INFO - DAG(s) 'example_sla_dag' retrieved from /home/airflow/.local/lib/python3.12/site-packages/airflow/example_dags/example_sla_dag.py
[2025-03-11T03:27:54.370+0000] {logging_mixin.py:188} INFO - [2025-03-11T03:27:54.369+0000] {dag.py:3096} INFO - Sync 1 DAGs
[2025-03-11T03:27:54.395+0000] {logging_mixin.py:188} INFO - [2025-03-11T03:27:54.395+0000] {dag.py:3954} INFO - Setting next_dagrun for example_sla_dag to 2025-03-11 03:24:00+00:00, run_after=2025-03-11 03:26:00+00:00
[2025-03-11T03:27:54.417+0000] {processor.py:183} INFO - Processing /home/airflow/.local/lib/python3.12/site-packages/airflow/example_dags/example_sla_dag.py took 0.107 seconds
[2025-03-11T03:28:26.974+0000] {processor.py:161} INFO - Started process (PID=70961) to work on /home/airflow/.local/lib/python3.12/site-packages/airflow/example_dags/example_sla_dag.py
[2025-03-11T03:28:26.976+0000] {processor.py:830} INFO - Processing file /home/airflow/.local/lib/python3.12/site-packages/airflow/example_dags/example_sla_dag.py for tasks to queue
[2025-03-11T03:28:26.981+0000] {logging_mixin.py:188} INFO - [2025-03-11T03:28:26.979+0000] {dagbag.py:545} INFO - Filling up the DagBag from /home/airflow/.local/lib/python3.12/site-packages/airflow/example_dags/example_sla_dag.py
[2025-03-11T03:28:27.019+0000] {processor.py:840} INFO - DAG(s) 'example_sla_dag' retrieved from /home/airflow/.local/lib/python3.12/site-packages/airflow/example_dags/example_sla_dag.py
[2025-03-11T03:28:27.049+0000] {logging_mixin.py:188} INFO - [2025-03-11T03:28:27.049+0000] {dag.py:3096} INFO - Sync 1 DAGs
[2025-03-11T03:28:27.072+0000] {logging_mixin.py:188} INFO - [2025-03-11T03:28:27.072+0000] {dag.py:3954} INFO - Setting next_dagrun for example_sla_dag to 2025-03-11 03:26:00+00:00, run_after=2025-03-11 03:28:00+00:00
[2025-03-11T03:28:27.100+0000] {processor.py:183} INFO - Processing /home/airflow/.local/lib/python3.12/site-packages/airflow/example_dags/example_sla_dag.py took 0.138 seconds
[2025-03-11T03:28:59.090+0000] {processor.py:161} INFO - Started process (PID=71223) to work on /home/airflow/.local/lib/python3.12/site-packages/airflow/example_dags/example_sla_dag.py
[2025-03-11T03:28:59.091+0000] {processor.py:830} INFO - Processing file /home/airflow/.local/lib/python3.12/site-packages/airflow/example_dags/example_sla_dag.py for tasks to queue
[2025-03-11T03:28:59.094+0000] {logging_mixin.py:188} INFO - [2025-03-11T03:28:59.094+0000] {dagbag.py:545} INFO - Filling up the DagBag from /home/airflow/.local/lib/python3.12/site-packages/airflow/example_dags/example_sla_dag.py
[2025-03-11T03:28:59.105+0000] {processor.py:840} INFO - DAG(s) 'example_sla_dag' retrieved from /home/airflow/.local/lib/python3.12/site-packages/airflow/example_dags/example_sla_dag.py
[2025-03-11T03:28:59.126+0000] {logging_mixin.py:188} INFO - [2025-03-11T03:28:59.126+0000] {dag.py:3096} INFO - Sync 1 DAGs
[2025-03-11T03:28:59.154+0000] {logging_mixin.py:188} INFO - [2025-03-11T03:28:59.153+0000] {dag.py:3954} INFO - Setting next_dagrun for example_sla_dag to 2025-03-11 03:26:00+00:00, run_after=2025-03-11 03:28:00+00:00
[2025-03-11T03:28:59.178+0000] {processor.py:183} INFO - Processing /home/airflow/.local/lib/python3.12/site-packages/airflow/example_dags/example_sla_dag.py took 0.096 seconds
[2025-03-11T03:29:31.179+0000] {processor.py:161} INFO - Started process (PID=71485) to work on /home/airflow/.local/lib/python3.12/site-packages/airflow/example_dags/example_sla_dag.py
[2025-03-11T03:29:31.180+0000] {processor.py:830} INFO - Processing file /home/airflow/.local/lib/python3.12/site-packages/airflow/example_dags/example_sla_dag.py for tasks to queue
[2025-03-11T03:29:31.184+0000] {logging_mixin.py:188} INFO - [2025-03-11T03:29:31.183+0000] {dagbag.py:545} INFO - Filling up the DagBag from /home/airflow/.local/lib/python3.12/site-packages/airflow/example_dags/example_sla_dag.py
[2025-03-11T03:29:31.194+0000] {processor.py:840} INFO - DAG(s) 'example_sla_dag' retrieved from /home/airflow/.local/lib/python3.12/site-packages/airflow/example_dags/example_sla_dag.py
[2025-03-11T03:29:31.214+0000] {logging_mixin.py:188} INFO - [2025-03-11T03:29:31.213+0000] {dag.py:3096} INFO - Sync 1 DAGs
[2025-03-11T03:29:31.239+0000] {logging_mixin.py:188} INFO - [2025-03-11T03:29:31.239+0000] {dag.py:3954} INFO - Setting next_dagrun for example_sla_dag to 2025-03-11 03:26:00+00:00, run_after=2025-03-11 03:28:00+00:00
[2025-03-11T03:29:31.261+0000] {processor.py:183} INFO - Processing /home/airflow/.local/lib/python3.12/site-packages/airflow/example_dags/example_sla_dag.py took 0.089 seconds
[2025-03-11T03:30:02.771+0000] {processor.py:161} INFO - Started process (PID=71745) to work on /home/airflow/.local/lib/python3.12/site-packages/airflow/example_dags/example_sla_dag.py
[2025-03-11T03:30:02.773+0000] {processor.py:830} INFO - Processing file /home/airflow/.local/lib/python3.12/site-packages/airflow/example_dags/example_sla_dag.py for tasks to queue
[2025-03-11T03:30:02.777+0000] {logging_mixin.py:188} INFO - [2025-03-11T03:30:02.776+0000] {dagbag.py:545} INFO - Filling up the DagBag from /home/airflow/.local/lib/python3.12/site-packages/airflow/example_dags/example_sla_dag.py
[2025-03-11T03:30:02.788+0000] {processor.py:840} INFO - DAG(s) 'example_sla_dag' retrieved from /home/airflow/.local/lib/python3.12/site-packages/airflow/example_dags/example_sla_dag.py
[2025-03-11T03:30:02.811+0000] {logging_mixin.py:188} INFO - [2025-03-11T03:30:02.811+0000] {dag.py:3096} INFO - Sync 1 DAGs
[2025-03-11T03:30:02.837+0000] {logging_mixin.py:188} INFO - [2025-03-11T03:30:02.836+0000] {dag.py:3954} INFO - Setting next_dagrun for example_sla_dag to 2025-03-11 03:28:00+00:00, run_after=2025-03-11 03:30:00+00:00
[2025-03-11T03:30:02.858+0000] {processor.py:183} INFO - Processing /home/airflow/.local/lib/python3.12/site-packages/airflow/example_dags/example_sla_dag.py took 0.094 seconds
[2025-03-11T03:30:35.636+0000] {processor.py:161} INFO - Started process (PID=72007) to work on /home/airflow/.local/lib/python3.12/site-packages/airflow/example_dags/example_sla_dag.py
[2025-03-11T03:30:35.637+0000] {processor.py:830} INFO - Processing file /home/airflow/.local/lib/python3.12/site-packages/airflow/example_dags/example_sla_dag.py for tasks to queue
[2025-03-11T03:30:35.641+0000] {logging_mixin.py:188} INFO - [2025-03-11T03:30:35.641+0000] {dagbag.py:545} INFO - Filling up the DagBag from /home/airflow/.local/lib/python3.12/site-packages/airflow/example_dags/example_sla_dag.py
[2025-03-11T03:30:35.660+0000] {processor.py:840} INFO - DAG(s) 'example_sla_dag' retrieved from /home/airflow/.local/lib/python3.12/site-packages/airflow/example_dags/example_sla_dag.py
[2025-03-11T03:30:35.684+0000] {logging_mixin.py:188} INFO - [2025-03-11T03:30:35.683+0000] {dag.py:3096} INFO - Sync 1 DAGs
[2025-03-11T03:30:35.709+0000] {logging_mixin.py:188} INFO - [2025-03-11T03:30:35.709+0000] {dag.py:3954} INFO - Setting next_dagrun for example_sla_dag to 2025-03-11 03:28:00+00:00, run_after=2025-03-11 03:30:00+00:00
[2025-03-11T03:30:35.731+0000] {processor.py:183} INFO - Processing /home/airflow/.local/lib/python3.12/site-packages/airflow/example_dags/example_sla_dag.py took 0.107 seconds
[2025-03-11T03:31:06.477+0000] {processor.py:161} INFO - Started process (PID=72269) to work on /home/airflow/.local/lib/python3.12/site-packages/airflow/example_dags/example_sla_dag.py
[2025-03-11T03:31:06.479+0000] {processor.py:830} INFO - Processing file /home/airflow/.local/lib/python3.12/site-packages/airflow/example_dags/example_sla_dag.py for tasks to queue
[2025-03-11T03:31:06.481+0000] {logging_mixin.py:188} INFO - [2025-03-11T03:31:06.481+0000] {dagbag.py:545} INFO - Filling up the DagBag from /home/airflow/.local/lib/python3.12/site-packages/airflow/example_dags/example_sla_dag.py
[2025-03-11T03:31:06.491+0000] {processor.py:840} INFO - DAG(s) 'example_sla_dag' retrieved from /home/airflow/.local/lib/python3.12/site-packages/airflow/example_dags/example_sla_dag.py
[2025-03-11T03:31:06.510+0000] {logging_mixin.py:188} INFO - [2025-03-11T03:31:06.510+0000] {dag.py:3096} INFO - Sync 1 DAGs
[2025-03-11T03:31:06.535+0000] {logging_mixin.py:188} INFO - [2025-03-11T03:31:06.535+0000] {dag.py:3954} INFO - Setting next_dagrun for example_sla_dag to 2025-03-11 03:28:00+00:00, run_after=2025-03-11 03:30:00+00:00
[2025-03-11T03:31:06.554+0000] {processor.py:183} INFO - Processing /home/airflow/.local/lib/python3.12/site-packages/airflow/example_dags/example_sla_dag.py took 0.082 seconds
[2025-03-11T03:31:39.127+0000] {processor.py:161} INFO - Started process (PID=72531) to work on /home/airflow/.local/lib/python3.12/site-packages/airflow/example_dags/example_sla_dag.py
[2025-03-11T03:31:39.128+0000] {processor.py:830} INFO - Processing file /home/airflow/.local/lib/python3.12/site-packages/airflow/example_dags/example_sla_dag.py for tasks to queue
[2025-03-11T03:31:39.131+0000] {logging_mixin.py:188} INFO - [2025-03-11T03:31:39.130+0000] {dagbag.py:545} INFO - Filling up the DagBag from /home/airflow/.local/lib/python3.12/site-packages/airflow/example_dags/example_sla_dag.py
[2025-03-11T03:31:39.142+0000] {processor.py:840} INFO - DAG(s) 'example_sla_dag' retrieved from /home/airflow/.local/lib/python3.12/site-packages/airflow/example_dags/example_sla_dag.py
[2025-03-11T03:31:39.165+0000] {logging_mixin.py:188} INFO - [2025-03-11T03:31:39.165+0000] {dag.py:3096} INFO - Sync 1 DAGs
[2025-03-11T03:31:39.192+0000] {logging_mixin.py:188} INFO - [2025-03-11T03:31:39.192+0000] {dag.py:3954} INFO - Setting next_dagrun for example_sla_dag to 2025-03-11 03:28:00+00:00, run_after=2025-03-11 03:30:00+00:00
[2025-03-11T03:31:39.214+0000] {processor.py:183} INFO - Processing /home/airflow/.local/lib/python3.12/site-packages/airflow/example_dags/example_sla_dag.py took 0.095 seconds
[2025-03-11T03:32:10.721+0000] {processor.py:161} INFO - Started process (PID=72794) to work on /home/airflow/.local/lib/python3.12/site-packages/airflow/example_dags/example_sla_dag.py
[2025-03-11T03:32:10.722+0000] {processor.py:830} INFO - Processing file /home/airflow/.local/lib/python3.12/site-packages/airflow/example_dags/example_sla_dag.py for tasks to queue
[2025-03-11T03:32:10.724+0000] {logging_mixin.py:188} INFO - [2025-03-11T03:32:10.724+0000] {dagbag.py:545} INFO - Filling up the DagBag from /home/airflow/.local/lib/python3.12/site-packages/airflow/example_dags/example_sla_dag.py
[2025-03-11T03:32:10.734+0000] {processor.py:840} INFO - DAG(s) 'example_sla_dag' retrieved from /home/airflow/.local/lib/python3.12/site-packages/airflow/example_dags/example_sla_dag.py
[2025-03-11T03:32:10.755+0000] {logging_mixin.py:188} INFO - [2025-03-11T03:32:10.755+0000] {dag.py:3096} INFO - Sync 1 DAGs
[2025-03-11T03:32:10.784+0000] {logging_mixin.py:188} INFO - [2025-03-11T03:32:10.784+0000] {dag.py:3954} INFO - Setting next_dagrun for example_sla_dag to 2025-03-11 03:30:00+00:00, run_after=2025-03-11 03:32:00+00:00
[2025-03-11T03:32:10.833+0000] {processor.py:183} INFO - Processing /home/airflow/.local/lib/python3.12/site-packages/airflow/example_dags/example_sla_dag.py took 0.118 seconds
[2025-03-11T03:32:43.017+0000] {processor.py:161} INFO - Started process (PID=73057) to work on /home/airflow/.local/lib/python3.12/site-packages/airflow/example_dags/example_sla_dag.py
[2025-03-11T03:32:43.019+0000] {processor.py:830} INFO - Processing file /home/airflow/.local/lib/python3.12/site-packages/airflow/example_dags/example_sla_dag.py for tasks to queue
[2025-03-11T03:32:43.021+0000] {logging_mixin.py:188} INFO - [2025-03-11T03:32:43.021+0000] {dagbag.py:545} INFO - Filling up the DagBag from /home/airflow/.local/lib/python3.12/site-packages/airflow/example_dags/example_sla_dag.py
[2025-03-11T03:32:43.030+0000] {processor.py:840} INFO - DAG(s) 'example_sla_dag' retrieved from /home/airflow/.local/lib/python3.12/site-packages/airflow/example_dags/example_sla_dag.py
[2025-03-11T03:32:43.052+0000] {logging_mixin.py:188} INFO - [2025-03-11T03:32:43.051+0000] {dag.py:3096} INFO - Sync 1 DAGs
[2025-03-11T03:32:43.076+0000] {logging_mixin.py:188} INFO - [2025-03-11T03:32:43.076+0000] {dag.py:3954} INFO - Setting next_dagrun for example_sla_dag to 2025-03-11 03:30:00+00:00, run_after=2025-03-11 03:32:00+00:00
[2025-03-11T03:32:43.098+0000] {processor.py:183} INFO - Processing /home/airflow/.local/lib/python3.12/site-packages/airflow/example_dags/example_sla_dag.py took 0.090 seconds
