[2025-03-11T03:05:09.292+0000] {processor.py:161} INFO - Started process (PID=59350) to work on /home/airflow/.local/lib/python3.12/site-packages/airflow/example_dags/example_complex.py
[2025-03-11T03:05:09.316+0000] {processor.py:830} INFO - Processing file /home/airflow/.local/lib/python3.12/site-packages/airflow/example_dags/example_complex.py for tasks to queue
[2025-03-11T03:05:09.337+0000] {logging_mixin.py:188} INFO - [2025-03-11T03:05:09.336+0000] {dagbag.py:545} INFO - Filling up the DagBag from /home/airflow/.local/lib/python3.12/site-packages/airflow/example_dags/example_complex.py
[2025-03-11T03:05:09.382+0000] {processor.py:840} INFO - DAG(s) 'example_complex' retrieved from /home/airflow/.local/lib/python3.12/site-packages/airflow/example_dags/example_complex.py
[2025-03-11T03:05:09.475+0000] {logging_mixin.py:188} INFO - [2025-03-11T03:05:09.474+0000] {dag.py:3096} INFO - Sync 1 DAGs
[2025-03-11T03:05:09.519+0000] {logging_mixin.py:188} INFO - [2025-03-11T03:05:09.519+0000] {dag.py:3954} INFO - Setting next_dagrun for example_complex to None, run_after=None
[2025-03-11T03:05:09.611+0000] {processor.py:183} INFO - Processing /home/airflow/.local/lib/python3.12/site-packages/airflow/example_dags/example_complex.py took 0.329 seconds
[2025-03-11T03:05:40.608+0000] {processor.py:161} INFO - Started process (PID=59612) to work on /home/airflow/.local/lib/python3.12/site-packages/airflow/example_dags/example_complex.py
[2025-03-11T03:05:40.609+0000] {processor.py:830} INFO - Processing file /home/airflow/.local/lib/python3.12/site-packages/airflow/example_dags/example_complex.py for tasks to queue
[2025-03-11T03:05:40.611+0000] {logging_mixin.py:188} INFO - [2025-03-11T03:05:40.610+0000] {dagbag.py:545} INFO - Filling up the DagBag from /home/airflow/.local/lib/python3.12/site-packages/airflow/example_dags/example_complex.py
[2025-03-11T03:05:40.623+0000] {processor.py:840} INFO - DAG(s) 'example_complex' retrieved from /home/airflow/.local/lib/python3.12/site-packages/airflow/example_dags/example_complex.py
[2025-03-11T03:05:40.653+0000] {logging_mixin.py:188} INFO - [2025-03-11T03:05:40.653+0000] {dag.py:3096} INFO - Sync 1 DAGs
[2025-03-11T03:05:40.665+0000] {logging_mixin.py:188} INFO - [2025-03-11T03:05:40.665+0000] {dag.py:3954} INFO - Setting next_dagrun for example_complex to None, run_after=None
[2025-03-11T03:05:40.684+0000] {processor.py:183} INFO - Processing /home/airflow/.local/lib/python3.12/site-packages/airflow/example_dags/example_complex.py took 0.082 seconds
[2025-03-11T03:06:10.856+0000] {processor.py:161} INFO - Started process (PID=59868) to work on /home/airflow/.local/lib/python3.12/site-packages/airflow/example_dags/example_complex.py
[2025-03-11T03:06:10.857+0000] {processor.py:830} INFO - Processing file /home/airflow/.local/lib/python3.12/site-packages/airflow/example_dags/example_complex.py for tasks to queue
[2025-03-11T03:06:10.858+0000] {logging_mixin.py:188} INFO - [2025-03-11T03:06:10.858+0000] {dagbag.py:545} INFO - Filling up the DagBag from /home/airflow/.local/lib/python3.12/site-packages/airflow/example_dags/example_complex.py
[2025-03-11T03:06:10.867+0000] {processor.py:840} INFO - DAG(s) 'example_complex' retrieved from /home/airflow/.local/lib/python3.12/site-packages/airflow/example_dags/example_complex.py
[2025-03-11T03:06:10.898+0000] {logging_mixin.py:188} INFO - [2025-03-11T03:06:10.898+0000] {dag.py:3096} INFO - Sync 1 DAGs
[2025-03-11T03:06:10.911+0000] {logging_mixin.py:188} INFO - [2025-03-11T03:06:10.910+0000] {dag.py:3954} INFO - Setting next_dagrun for example_complex to None, run_after=None
[2025-03-11T03:06:10.933+0000] {processor.py:183} INFO - Processing /home/airflow/.local/lib/python3.12/site-packages/airflow/example_dags/example_complex.py took 0.084 seconds
[2025-03-11T03:06:41.724+0000] {processor.py:161} INFO - Started process (PID=60130) to work on /home/airflow/.local/lib/python3.12/site-packages/airflow/example_dags/example_complex.py
[2025-03-11T03:06:41.725+0000] {processor.py:830} INFO - Processing file /home/airflow/.local/lib/python3.12/site-packages/airflow/example_dags/example_complex.py for tasks to queue
[2025-03-11T03:06:41.728+0000] {logging_mixin.py:188} INFO - [2025-03-11T03:06:41.728+0000] {dagbag.py:545} INFO - Filling up the DagBag from /home/airflow/.local/lib/python3.12/site-packages/airflow/example_dags/example_complex.py
[2025-03-11T03:06:41.741+0000] {processor.py:840} INFO - DAG(s) 'example_complex' retrieved from /home/airflow/.local/lib/python3.12/site-packages/airflow/example_dags/example_complex.py
[2025-03-11T03:06:41.777+0000] {logging_mixin.py:188} INFO - [2025-03-11T03:06:41.776+0000] {dag.py:3096} INFO - Sync 1 DAGs
[2025-03-11T03:06:41.794+0000] {logging_mixin.py:188} INFO - [2025-03-11T03:06:41.794+0000] {dag.py:3954} INFO - Setting next_dagrun for example_complex to None, run_after=None
[2025-03-11T03:06:41.822+0000] {processor.py:183} INFO - Processing /home/airflow/.local/lib/python3.12/site-packages/airflow/example_dags/example_complex.py took 0.107 seconds
[2025-03-11T03:07:12.204+0000] {processor.py:161} INFO - Started process (PID=60392) to work on /home/airflow/.local/lib/python3.12/site-packages/airflow/example_dags/example_complex.py
[2025-03-11T03:07:12.206+0000] {processor.py:830} INFO - Processing file /home/airflow/.local/lib/python3.12/site-packages/airflow/example_dags/example_complex.py for tasks to queue
[2025-03-11T03:07:12.208+0000] {logging_mixin.py:188} INFO - [2025-03-11T03:07:12.207+0000] {dagbag.py:545} INFO - Filling up the DagBag from /home/airflow/.local/lib/python3.12/site-packages/airflow/example_dags/example_complex.py
[2025-03-11T03:07:12.219+0000] {processor.py:840} INFO - DAG(s) 'example_complex' retrieved from /home/airflow/.local/lib/python3.12/site-packages/airflow/example_dags/example_complex.py
[2025-03-11T03:07:12.252+0000] {logging_mixin.py:188} INFO - [2025-03-11T03:07:12.252+0000] {dag.py:3096} INFO - Sync 1 DAGs
[2025-03-11T03:07:12.265+0000] {logging_mixin.py:188} INFO - [2025-03-11T03:07:12.264+0000] {dag.py:3954} INFO - Setting next_dagrun for example_complex to None, run_after=None
[2025-03-11T03:07:12.283+0000] {processor.py:183} INFO - Processing /home/airflow/.local/lib/python3.12/site-packages/airflow/example_dags/example_complex.py took 0.085 seconds
[2025-03-11T03:07:42.493+0000] {processor.py:161} INFO - Started process (PID=60654) to work on /home/airflow/.local/lib/python3.12/site-packages/airflow/example_dags/example_complex.py
[2025-03-11T03:07:42.495+0000] {processor.py:830} INFO - Processing file /home/airflow/.local/lib/python3.12/site-packages/airflow/example_dags/example_complex.py for tasks to queue
[2025-03-11T03:07:42.497+0000] {logging_mixin.py:188} INFO - [2025-03-11T03:07:42.497+0000] {dagbag.py:545} INFO - Filling up the DagBag from /home/airflow/.local/lib/python3.12/site-packages/airflow/example_dags/example_complex.py
[2025-03-11T03:07:42.507+0000] {processor.py:840} INFO - DAG(s) 'example_complex' retrieved from /home/airflow/.local/lib/python3.12/site-packages/airflow/example_dags/example_complex.py
[2025-03-11T03:07:42.537+0000] {logging_mixin.py:188} INFO - [2025-03-11T03:07:42.537+0000] {dag.py:3096} INFO - Sync 1 DAGs
[2025-03-11T03:07:42.550+0000] {logging_mixin.py:188} INFO - [2025-03-11T03:07:42.549+0000] {dag.py:3954} INFO - Setting next_dagrun for example_complex to None, run_after=None
[2025-03-11T03:07:42.568+0000] {processor.py:183} INFO - Processing /home/airflow/.local/lib/python3.12/site-packages/airflow/example_dags/example_complex.py took 0.081 seconds
[2025-03-11T03:08:12.845+0000] {processor.py:161} INFO - Started process (PID=60916) to work on /home/airflow/.local/lib/python3.12/site-packages/airflow/example_dags/example_complex.py
[2025-03-11T03:08:12.851+0000] {processor.py:830} INFO - Processing file /home/airflow/.local/lib/python3.12/site-packages/airflow/example_dags/example_complex.py for tasks to queue
[2025-03-11T03:08:12.854+0000] {logging_mixin.py:188} INFO - [2025-03-11T03:08:12.853+0000] {dagbag.py:545} INFO - Filling up the DagBag from /home/airflow/.local/lib/python3.12/site-packages/airflow/example_dags/example_complex.py
[2025-03-11T03:08:12.868+0000] {processor.py:840} INFO - DAG(s) 'example_complex' retrieved from /home/airflow/.local/lib/python3.12/site-packages/airflow/example_dags/example_complex.py
[2025-03-11T03:08:12.902+0000] {logging_mixin.py:188} INFO - [2025-03-11T03:08:12.902+0000] {dag.py:3096} INFO - Sync 1 DAGs
[2025-03-11T03:08:12.916+0000] {logging_mixin.py:188} INFO - [2025-03-11T03:08:12.916+0000] {dag.py:3954} INFO - Setting next_dagrun for example_complex to None, run_after=None
[2025-03-11T03:08:12.946+0000] {processor.py:183} INFO - Processing /home/airflow/.local/lib/python3.12/site-packages/airflow/example_dags/example_complex.py took 0.110 seconds
[2025-03-11T03:08:43.157+0000] {processor.py:161} INFO - Started process (PID=61178) to work on /home/airflow/.local/lib/python3.12/site-packages/airflow/example_dags/example_complex.py
[2025-03-11T03:08:43.159+0000] {processor.py:830} INFO - Processing file /home/airflow/.local/lib/python3.12/site-packages/airflow/example_dags/example_complex.py for tasks to queue
[2025-03-11T03:08:43.161+0000] {logging_mixin.py:188} INFO - [2025-03-11T03:08:43.160+0000] {dagbag.py:545} INFO - Filling up the DagBag from /home/airflow/.local/lib/python3.12/site-packages/airflow/example_dags/example_complex.py
[2025-03-11T03:08:43.170+0000] {processor.py:840} INFO - DAG(s) 'example_complex' retrieved from /home/airflow/.local/lib/python3.12/site-packages/airflow/example_dags/example_complex.py
[2025-03-11T03:08:43.199+0000] {logging_mixin.py:188} INFO - [2025-03-11T03:08:43.199+0000] {dag.py:3096} INFO - Sync 1 DAGs
[2025-03-11T03:08:43.211+0000] {logging_mixin.py:188} INFO - [2025-03-11T03:08:43.211+0000] {dag.py:3954} INFO - Setting next_dagrun for example_complex to None, run_after=None
[2025-03-11T03:08:43.230+0000] {processor.py:183} INFO - Processing /home/airflow/.local/lib/python3.12/site-packages/airflow/example_dags/example_complex.py took 0.079 seconds
[2025-03-11T03:09:13.374+0000] {processor.py:161} INFO - Started process (PID=61440) to work on /home/airflow/.local/lib/python3.12/site-packages/airflow/example_dags/example_complex.py
[2025-03-11T03:09:13.376+0000] {processor.py:830} INFO - Processing file /home/airflow/.local/lib/python3.12/site-packages/airflow/example_dags/example_complex.py for tasks to queue
[2025-03-11T03:09:13.379+0000] {logging_mixin.py:188} INFO - [2025-03-11T03:09:13.378+0000] {dagbag.py:545} INFO - Filling up the DagBag from /home/airflow/.local/lib/python3.12/site-packages/airflow/example_dags/example_complex.py
[2025-03-11T03:09:13.390+0000] {processor.py:840} INFO - DAG(s) 'example_complex' retrieved from /home/airflow/.local/lib/python3.12/site-packages/airflow/example_dags/example_complex.py
[2025-03-11T03:09:13.422+0000] {logging_mixin.py:188} INFO - [2025-03-11T03:09:13.422+0000] {dag.py:3096} INFO - Sync 1 DAGs
[2025-03-11T03:09:13.435+0000] {logging_mixin.py:188} INFO - [2025-03-11T03:09:13.434+0000] {dag.py:3954} INFO - Setting next_dagrun for example_complex to None, run_after=None
[2025-03-11T03:09:13.466+0000] {processor.py:183} INFO - Processing /home/airflow/.local/lib/python3.12/site-packages/airflow/example_dags/example_complex.py took 0.106 seconds
[2025-03-11T03:09:44.173+0000] {processor.py:161} INFO - Started process (PID=61703) to work on /home/airflow/.local/lib/python3.12/site-packages/airflow/example_dags/example_complex.py
[2025-03-11T03:09:44.175+0000] {processor.py:830} INFO - Processing file /home/airflow/.local/lib/python3.12/site-packages/airflow/example_dags/example_complex.py for tasks to queue
[2025-03-11T03:09:44.179+0000] {logging_mixin.py:188} INFO - [2025-03-11T03:09:44.178+0000] {dagbag.py:545} INFO - Filling up the DagBag from /home/airflow/.local/lib/python3.12/site-packages/airflow/example_dags/example_complex.py
[2025-03-11T03:09:44.194+0000] {processor.py:840} INFO - DAG(s) 'example_complex' retrieved from /home/airflow/.local/lib/python3.12/site-packages/airflow/example_dags/example_complex.py
[2025-03-11T03:09:44.227+0000] {logging_mixin.py:188} INFO - [2025-03-11T03:09:44.227+0000] {dag.py:3096} INFO - Sync 1 DAGs
[2025-03-11T03:09:44.240+0000] {logging_mixin.py:188} INFO - [2025-03-11T03:09:44.240+0000] {dag.py:3954} INFO - Setting next_dagrun for example_complex to None, run_after=None
[2025-03-11T03:09:44.260+0000] {processor.py:183} INFO - Processing /home/airflow/.local/lib/python3.12/site-packages/airflow/example_dags/example_complex.py took 0.095 seconds
[2025-03-11T03:10:15.051+0000] {processor.py:161} INFO - Started process (PID=61965) to work on /home/airflow/.local/lib/python3.12/site-packages/airflow/example_dags/example_complex.py
[2025-03-11T03:10:15.053+0000] {processor.py:830} INFO - Processing file /home/airflow/.local/lib/python3.12/site-packages/airflow/example_dags/example_complex.py for tasks to queue
[2025-03-11T03:10:15.056+0000] {logging_mixin.py:188} INFO - [2025-03-11T03:10:15.055+0000] {dagbag.py:545} INFO - Filling up the DagBag from /home/airflow/.local/lib/python3.12/site-packages/airflow/example_dags/example_complex.py
[2025-03-11T03:10:15.065+0000] {processor.py:840} INFO - DAG(s) 'example_complex' retrieved from /home/airflow/.local/lib/python3.12/site-packages/airflow/example_dags/example_complex.py
[2025-03-11T03:10:15.100+0000] {logging_mixin.py:188} INFO - [2025-03-11T03:10:15.100+0000] {dag.py:3096} INFO - Sync 1 DAGs
[2025-03-11T03:10:15.112+0000] {logging_mixin.py:188} INFO - [2025-03-11T03:10:15.112+0000] {dag.py:3954} INFO - Setting next_dagrun for example_complex to None, run_after=None
[2025-03-11T03:10:15.130+0000] {processor.py:183} INFO - Processing /home/airflow/.local/lib/python3.12/site-packages/airflow/example_dags/example_complex.py took 0.084 seconds
[2025-03-11T03:10:45.434+0000] {processor.py:161} INFO - Started process (PID=62227) to work on /home/airflow/.local/lib/python3.12/site-packages/airflow/example_dags/example_complex.py
[2025-03-11T03:10:45.436+0000] {processor.py:830} INFO - Processing file /home/airflow/.local/lib/python3.12/site-packages/airflow/example_dags/example_complex.py for tasks to queue
[2025-03-11T03:10:45.438+0000] {logging_mixin.py:188} INFO - [2025-03-11T03:10:45.437+0000] {dagbag.py:545} INFO - Filling up the DagBag from /home/airflow/.local/lib/python3.12/site-packages/airflow/example_dags/example_complex.py
[2025-03-11T03:10:45.447+0000] {processor.py:840} INFO - DAG(s) 'example_complex' retrieved from /home/airflow/.local/lib/python3.12/site-packages/airflow/example_dags/example_complex.py
[2025-03-11T03:10:45.478+0000] {logging_mixin.py:188} INFO - [2025-03-11T03:10:45.478+0000] {dag.py:3096} INFO - Sync 1 DAGs
[2025-03-11T03:10:45.491+0000] {logging_mixin.py:188} INFO - [2025-03-11T03:10:45.490+0000] {dag.py:3954} INFO - Setting next_dagrun for example_complex to None, run_after=None
[2025-03-11T03:10:45.511+0000] {processor.py:183} INFO - Processing /home/airflow/.local/lib/python3.12/site-packages/airflow/example_dags/example_complex.py took 0.085 seconds
[2025-03-11T03:11:16.802+0000] {processor.py:161} INFO - Started process (PID=62489) to work on /home/airflow/.local/lib/python3.12/site-packages/airflow/example_dags/example_complex.py
[2025-03-11T03:11:16.803+0000] {processor.py:830} INFO - Processing file /home/airflow/.local/lib/python3.12/site-packages/airflow/example_dags/example_complex.py for tasks to queue
[2025-03-11T03:11:16.805+0000] {logging_mixin.py:188} INFO - [2025-03-11T03:11:16.805+0000] {dagbag.py:545} INFO - Filling up the DagBag from /home/airflow/.local/lib/python3.12/site-packages/airflow/example_dags/example_complex.py
[2025-03-11T03:11:16.815+0000] {processor.py:840} INFO - DAG(s) 'example_complex' retrieved from /home/airflow/.local/lib/python3.12/site-packages/airflow/example_dags/example_complex.py
[2025-03-11T03:11:16.846+0000] {logging_mixin.py:188} INFO - [2025-03-11T03:11:16.846+0000] {dag.py:3096} INFO - Sync 1 DAGs
[2025-03-11T03:11:16.859+0000] {logging_mixin.py:188} INFO - [2025-03-11T03:11:16.859+0000] {dag.py:3954} INFO - Setting next_dagrun for example_complex to None, run_after=None
[2025-03-11T03:11:16.879+0000] {processor.py:183} INFO - Processing /home/airflow/.local/lib/python3.12/site-packages/airflow/example_dags/example_complex.py took 0.083 seconds
[2025-03-11T03:11:48.418+0000] {processor.py:161} INFO - Started process (PID=62751) to work on /home/airflow/.local/lib/python3.12/site-packages/airflow/example_dags/example_complex.py
[2025-03-11T03:11:48.420+0000] {processor.py:830} INFO - Processing file /home/airflow/.local/lib/python3.12/site-packages/airflow/example_dags/example_complex.py for tasks to queue
[2025-03-11T03:11:48.423+0000] {logging_mixin.py:188} INFO - [2025-03-11T03:11:48.422+0000] {dagbag.py:545} INFO - Filling up the DagBag from /home/airflow/.local/lib/python3.12/site-packages/airflow/example_dags/example_complex.py
[2025-03-11T03:11:48.437+0000] {processor.py:840} INFO - DAG(s) 'example_complex' retrieved from /home/airflow/.local/lib/python3.12/site-packages/airflow/example_dags/example_complex.py
[2025-03-11T03:11:48.481+0000] {logging_mixin.py:188} INFO - [2025-03-11T03:11:48.480+0000] {dag.py:3096} INFO - Sync 1 DAGs
[2025-03-11T03:11:48.498+0000] {logging_mixin.py:188} INFO - [2025-03-11T03:11:48.497+0000] {dag.py:3954} INFO - Setting next_dagrun for example_complex to None, run_after=None
[2025-03-11T03:11:48.526+0000] {processor.py:183} INFO - Processing /home/airflow/.local/lib/python3.12/site-packages/airflow/example_dags/example_complex.py took 0.115 seconds
[2025-03-11T03:12:21.123+0000] {processor.py:161} INFO - Started process (PID=63013) to work on /home/airflow/.local/lib/python3.12/site-packages/airflow/example_dags/example_complex.py
[2025-03-11T03:12:21.125+0000] {processor.py:830} INFO - Processing file /home/airflow/.local/lib/python3.12/site-packages/airflow/example_dags/example_complex.py for tasks to queue
[2025-03-11T03:12:21.127+0000] {logging_mixin.py:188} INFO - [2025-03-11T03:12:21.127+0000] {dagbag.py:545} INFO - Filling up the DagBag from /home/airflow/.local/lib/python3.12/site-packages/airflow/example_dags/example_complex.py
[2025-03-11T03:12:21.136+0000] {processor.py:840} INFO - DAG(s) 'example_complex' retrieved from /home/airflow/.local/lib/python3.12/site-packages/airflow/example_dags/example_complex.py
[2025-03-11T03:12:21.170+0000] {logging_mixin.py:188} INFO - [2025-03-11T03:12:21.170+0000] {dag.py:3096} INFO - Sync 1 DAGs
[2025-03-11T03:12:21.184+0000] {logging_mixin.py:188} INFO - [2025-03-11T03:12:21.184+0000] {dag.py:3954} INFO - Setting next_dagrun for example_complex to None, run_after=None
[2025-03-11T03:12:21.214+0000] {processor.py:183} INFO - Processing /home/airflow/.local/lib/python3.12/site-packages/airflow/example_dags/example_complex.py took 0.096 seconds
[2025-03-11T03:12:53.041+0000] {processor.py:161} INFO - Started process (PID=63274) to work on /home/airflow/.local/lib/python3.12/site-packages/airflow/example_dags/example_complex.py
[2025-03-11T03:12:53.043+0000] {processor.py:830} INFO - Processing file /home/airflow/.local/lib/python3.12/site-packages/airflow/example_dags/example_complex.py for tasks to queue
[2025-03-11T03:12:53.047+0000] {logging_mixin.py:188} INFO - [2025-03-11T03:12:53.046+0000] {dagbag.py:545} INFO - Filling up the DagBag from /home/airflow/.local/lib/python3.12/site-packages/airflow/example_dags/example_complex.py
[2025-03-11T03:12:53.062+0000] {processor.py:840} INFO - DAG(s) 'example_complex' retrieved from /home/airflow/.local/lib/python3.12/site-packages/airflow/example_dags/example_complex.py
[2025-03-11T03:12:53.099+0000] {logging_mixin.py:188} INFO - [2025-03-11T03:12:53.099+0000] {dag.py:3096} INFO - Sync 1 DAGs
[2025-03-11T03:12:53.114+0000] {logging_mixin.py:188} INFO - [2025-03-11T03:12:53.114+0000] {dag.py:3954} INFO - Setting next_dagrun for example_complex to None, run_after=None
[2025-03-11T03:12:53.136+0000] {processor.py:183} INFO - Processing /home/airflow/.local/lib/python3.12/site-packages/airflow/example_dags/example_complex.py took 0.101 seconds
[2025-03-11T03:13:24.854+0000] {processor.py:161} INFO - Started process (PID=63536) to work on /home/airflow/.local/lib/python3.12/site-packages/airflow/example_dags/example_complex.py
[2025-03-11T03:13:24.856+0000] {processor.py:830} INFO - Processing file /home/airflow/.local/lib/python3.12/site-packages/airflow/example_dags/example_complex.py for tasks to queue
[2025-03-11T03:13:24.858+0000] {logging_mixin.py:188} INFO - [2025-03-11T03:13:24.858+0000] {dagbag.py:545} INFO - Filling up the DagBag from /home/airflow/.local/lib/python3.12/site-packages/airflow/example_dags/example_complex.py
[2025-03-11T03:13:24.868+0000] {processor.py:840} INFO - DAG(s) 'example_complex' retrieved from /home/airflow/.local/lib/python3.12/site-packages/airflow/example_dags/example_complex.py
[2025-03-11T03:13:24.900+0000] {logging_mixin.py:188} INFO - [2025-03-11T03:13:24.899+0000] {dag.py:3096} INFO - Sync 1 DAGs
[2025-03-11T03:13:24.913+0000] {logging_mixin.py:188} INFO - [2025-03-11T03:13:24.913+0000] {dag.py:3954} INFO - Setting next_dagrun for example_complex to None, run_after=None
[2025-03-11T03:13:24.933+0000] {processor.py:183} INFO - Processing /home/airflow/.local/lib/python3.12/site-packages/airflow/example_dags/example_complex.py took 0.085 seconds
[2025-03-11T03:13:57.056+0000] {processor.py:161} INFO - Started process (PID=63798) to work on /home/airflow/.local/lib/python3.12/site-packages/airflow/example_dags/example_complex.py
[2025-03-11T03:13:57.058+0000] {processor.py:830} INFO - Processing file /home/airflow/.local/lib/python3.12/site-packages/airflow/example_dags/example_complex.py for tasks to queue
[2025-03-11T03:13:57.060+0000] {logging_mixin.py:188} INFO - [2025-03-11T03:13:57.060+0000] {dagbag.py:545} INFO - Filling up the DagBag from /home/airflow/.local/lib/python3.12/site-packages/airflow/example_dags/example_complex.py
[2025-03-11T03:13:57.070+0000] {processor.py:840} INFO - DAG(s) 'example_complex' retrieved from /home/airflow/.local/lib/python3.12/site-packages/airflow/example_dags/example_complex.py
[2025-03-11T03:13:57.101+0000] {logging_mixin.py:188} INFO - [2025-03-11T03:13:57.100+0000] {dag.py:3096} INFO - Sync 1 DAGs
[2025-03-11T03:13:57.113+0000] {logging_mixin.py:188} INFO - [2025-03-11T03:13:57.113+0000] {dag.py:3954} INFO - Setting next_dagrun for example_complex to None, run_after=None
[2025-03-11T03:13:57.133+0000] {processor.py:183} INFO - Processing /home/airflow/.local/lib/python3.12/site-packages/airflow/example_dags/example_complex.py took 0.083 seconds
[2025-03-11T03:14:27.531+0000] {processor.py:161} INFO - Started process (PID=64060) to work on /home/airflow/.local/lib/python3.12/site-packages/airflow/example_dags/example_complex.py
[2025-03-11T03:14:27.535+0000] {processor.py:830} INFO - Processing file /home/airflow/.local/lib/python3.12/site-packages/airflow/example_dags/example_complex.py for tasks to queue
[2025-03-11T03:14:27.547+0000] {logging_mixin.py:188} INFO - [2025-03-11T03:14:27.545+0000] {dagbag.py:545} INFO - Filling up the DagBag from /home/airflow/.local/lib/python3.12/site-packages/airflow/example_dags/example_complex.py
[2025-03-11T03:14:27.586+0000] {processor.py:840} INFO - DAG(s) 'example_complex' retrieved from /home/airflow/.local/lib/python3.12/site-packages/airflow/example_dags/example_complex.py
[2025-03-11T03:14:29.034+0000] {logging_mixin.py:188} INFO - [2025-03-11T03:14:29.034+0000] {dag.py:3096} INFO - Sync 1 DAGs
[2025-03-11T03:14:29.059+0000] {logging_mixin.py:188} INFO - [2025-03-11T03:14:29.058+0000] {dag.py:3954} INFO - Setting next_dagrun for example_complex to None, run_after=None
[2025-03-11T03:14:29.095+0000] {processor.py:183} INFO - Processing /home/airflow/.local/lib/python3.12/site-packages/airflow/example_dags/example_complex.py took 0.188 seconds
[2025-03-11T03:15:02.096+0000] {processor.py:161} INFO - Started process (PID=64330) to work on /home/airflow/.local/lib/python3.12/site-packages/airflow/example_dags/example_complex.py
[2025-03-11T03:15:02.098+0000] {processor.py:830} INFO - Processing file /home/airflow/.local/lib/python3.12/site-packages/airflow/example_dags/example_complex.py for tasks to queue
[2025-03-11T03:15:02.101+0000] {logging_mixin.py:188} INFO - [2025-03-11T03:15:02.100+0000] {dagbag.py:545} INFO - Filling up the DagBag from /home/airflow/.local/lib/python3.12/site-packages/airflow/example_dags/example_complex.py
[2025-03-11T03:15:02.112+0000] {processor.py:840} INFO - DAG(s) 'example_complex' retrieved from /home/airflow/.local/lib/python3.12/site-packages/airflow/example_dags/example_complex.py
[2025-03-11T03:15:02.146+0000] {logging_mixin.py:188} INFO - [2025-03-11T03:15:02.146+0000] {dag.py:3096} INFO - Sync 1 DAGs
[2025-03-11T03:15:02.160+0000] {logging_mixin.py:188} INFO - [2025-03-11T03:15:02.159+0000] {dag.py:3954} INFO - Setting next_dagrun for example_complex to None, run_after=None
[2025-03-11T03:15:02.184+0000] {processor.py:183} INFO - Processing /home/airflow/.local/lib/python3.12/site-packages/airflow/example_dags/example_complex.py took 0.094 seconds
[2025-03-11T03:15:34.019+0000] {processor.py:161} INFO - Started process (PID=64594) to work on /home/airflow/.local/lib/python3.12/site-packages/airflow/example_dags/example_complex.py
[2025-03-11T03:15:34.020+0000] {processor.py:830} INFO - Processing file /home/airflow/.local/lib/python3.12/site-packages/airflow/example_dags/example_complex.py for tasks to queue
[2025-03-11T03:15:34.025+0000] {logging_mixin.py:188} INFO - [2025-03-11T03:15:34.023+0000] {dagbag.py:545} INFO - Filling up the DagBag from /home/airflow/.local/lib/python3.12/site-packages/airflow/example_dags/example_complex.py
[2025-03-11T03:15:34.064+0000] {processor.py:840} INFO - DAG(s) 'example_complex' retrieved from /home/airflow/.local/lib/python3.12/site-packages/airflow/example_dags/example_complex.py
[2025-03-11T03:15:34.114+0000] {logging_mixin.py:188} INFO - [2025-03-11T03:15:34.114+0000] {dag.py:3096} INFO - Sync 1 DAGs
[2025-03-11T03:15:34.141+0000] {logging_mixin.py:188} INFO - [2025-03-11T03:15:34.140+0000] {dag.py:3954} INFO - Setting next_dagrun for example_complex to None, run_after=None
[2025-03-11T03:15:34.185+0000] {processor.py:183} INFO - Processing /home/airflow/.local/lib/python3.12/site-packages/airflow/example_dags/example_complex.py took 0.177 seconds
[2025-03-11T03:16:05.947+0000] {processor.py:161} INFO - Started process (PID=64854) to work on /home/airflow/.local/lib/python3.12/site-packages/airflow/example_dags/example_complex.py
[2025-03-11T03:16:05.949+0000] {processor.py:830} INFO - Processing file /home/airflow/.local/lib/python3.12/site-packages/airflow/example_dags/example_complex.py for tasks to queue
[2025-03-11T03:16:05.951+0000] {logging_mixin.py:188} INFO - [2025-03-11T03:16:05.950+0000] {dagbag.py:545} INFO - Filling up the DagBag from /home/airflow/.local/lib/python3.12/site-packages/airflow/example_dags/example_complex.py
[2025-03-11T03:16:05.963+0000] {processor.py:840} INFO - DAG(s) 'example_complex' retrieved from /home/airflow/.local/lib/python3.12/site-packages/airflow/example_dags/example_complex.py
[2025-03-11T03:16:05.997+0000] {logging_mixin.py:188} INFO - [2025-03-11T03:16:05.997+0000] {dag.py:3096} INFO - Sync 1 DAGs
[2025-03-11T03:16:06.011+0000] {logging_mixin.py:188} INFO - [2025-03-11T03:16:06.011+0000] {dag.py:3954} INFO - Setting next_dagrun for example_complex to None, run_after=None
[2025-03-11T03:16:06.033+0000] {processor.py:183} INFO - Processing /home/airflow/.local/lib/python3.12/site-packages/airflow/example_dags/example_complex.py took 0.093 seconds
[2025-03-11T03:16:38.571+0000] {processor.py:161} INFO - Started process (PID=65116) to work on /home/airflow/.local/lib/python3.12/site-packages/airflow/example_dags/example_complex.py
[2025-03-11T03:16:38.572+0000] {processor.py:830} INFO - Processing file /home/airflow/.local/lib/python3.12/site-packages/airflow/example_dags/example_complex.py for tasks to queue
[2025-03-11T03:16:38.575+0000] {logging_mixin.py:188} INFO - [2025-03-11T03:16:38.574+0000] {dagbag.py:545} INFO - Filling up the DagBag from /home/airflow/.local/lib/python3.12/site-packages/airflow/example_dags/example_complex.py
[2025-03-11T03:16:38.589+0000] {processor.py:840} INFO - DAG(s) 'example_complex' retrieved from /home/airflow/.local/lib/python3.12/site-packages/airflow/example_dags/example_complex.py
[2025-03-11T03:16:38.630+0000] {logging_mixin.py:188} INFO - [2025-03-11T03:16:38.630+0000] {dag.py:3096} INFO - Sync 1 DAGs
[2025-03-11T03:16:38.653+0000] {logging_mixin.py:188} INFO - [2025-03-11T03:16:38.653+0000] {dag.py:3954} INFO - Setting next_dagrun for example_complex to None, run_after=None
[2025-03-11T03:16:38.850+0000] {processor.py:183} INFO - Processing /home/airflow/.local/lib/python3.12/site-packages/airflow/example_dags/example_complex.py took 0.286 seconds
[2025-03-11T03:17:10.717+0000] {processor.py:161} INFO - Started process (PID=65378) to work on /home/airflow/.local/lib/python3.12/site-packages/airflow/example_dags/example_complex.py
[2025-03-11T03:17:10.719+0000] {processor.py:830} INFO - Processing file /home/airflow/.local/lib/python3.12/site-packages/airflow/example_dags/example_complex.py for tasks to queue
[2025-03-11T03:17:10.721+0000] {logging_mixin.py:188} INFO - [2025-03-11T03:17:10.721+0000] {dagbag.py:545} INFO - Filling up the DagBag from /home/airflow/.local/lib/python3.12/site-packages/airflow/example_dags/example_complex.py
[2025-03-11T03:17:10.735+0000] {processor.py:840} INFO - DAG(s) 'example_complex' retrieved from /home/airflow/.local/lib/python3.12/site-packages/airflow/example_dags/example_complex.py
[2025-03-11T03:17:10.775+0000] {logging_mixin.py:188} INFO - [2025-03-11T03:17:10.774+0000] {dag.py:3096} INFO - Sync 1 DAGs
[2025-03-11T03:17:10.790+0000] {logging_mixin.py:188} INFO - [2025-03-11T03:17:10.790+0000] {dag.py:3954} INFO - Setting next_dagrun for example_complex to None, run_after=None
[2025-03-11T03:17:10.816+0000] {processor.py:183} INFO - Processing /home/airflow/.local/lib/python3.12/site-packages/airflow/example_dags/example_complex.py took 0.106 seconds
[2025-03-11T03:17:42.917+0000] {processor.py:161} INFO - Started process (PID=65640) to work on /home/airflow/.local/lib/python3.12/site-packages/airflow/example_dags/example_complex.py
[2025-03-11T03:17:42.918+0000] {processor.py:830} INFO - Processing file /home/airflow/.local/lib/python3.12/site-packages/airflow/example_dags/example_complex.py for tasks to queue
[2025-03-11T03:17:42.921+0000] {logging_mixin.py:188} INFO - [2025-03-11T03:17:42.920+0000] {dagbag.py:545} INFO - Filling up the DagBag from /home/airflow/.local/lib/python3.12/site-packages/airflow/example_dags/example_complex.py
[2025-03-11T03:17:42.933+0000] {processor.py:840} INFO - DAG(s) 'example_complex' retrieved from /home/airflow/.local/lib/python3.12/site-packages/airflow/example_dags/example_complex.py
[2025-03-11T03:17:42.969+0000] {logging_mixin.py:188} INFO - [2025-03-11T03:17:42.969+0000] {dag.py:3096} INFO - Sync 1 DAGs
[2025-03-11T03:17:42.983+0000] {logging_mixin.py:188} INFO - [2025-03-11T03:17:42.983+0000] {dag.py:3954} INFO - Setting next_dagrun for example_complex to None, run_after=None
[2025-03-11T03:17:43.007+0000] {processor.py:183} INFO - Processing /home/airflow/.local/lib/python3.12/site-packages/airflow/example_dags/example_complex.py took 0.096 seconds
[2025-03-11T03:18:15.370+0000] {processor.py:161} INFO - Started process (PID=65902) to work on /home/airflow/.local/lib/python3.12/site-packages/airflow/example_dags/example_complex.py
[2025-03-11T03:18:15.372+0000] {processor.py:830} INFO - Processing file /home/airflow/.local/lib/python3.12/site-packages/airflow/example_dags/example_complex.py for tasks to queue
[2025-03-11T03:18:15.375+0000] {logging_mixin.py:188} INFO - [2025-03-11T03:18:15.375+0000] {dagbag.py:545} INFO - Filling up the DagBag from /home/airflow/.local/lib/python3.12/site-packages/airflow/example_dags/example_complex.py
[2025-03-11T03:18:15.385+0000] {processor.py:840} INFO - DAG(s) 'example_complex' retrieved from /home/airflow/.local/lib/python3.12/site-packages/airflow/example_dags/example_complex.py
[2025-03-11T03:18:15.422+0000] {logging_mixin.py:188} INFO - [2025-03-11T03:18:15.422+0000] {dag.py:3096} INFO - Sync 1 DAGs
[2025-03-11T03:18:15.440+0000] {logging_mixin.py:188} INFO - [2025-03-11T03:18:15.439+0000] {dag.py:3954} INFO - Setting next_dagrun for example_complex to None, run_after=None
[2025-03-11T03:18:15.623+0000] {processor.py:183} INFO - Processing /home/airflow/.local/lib/python3.12/site-packages/airflow/example_dags/example_complex.py took 0.259 seconds
[2025-03-11T03:18:47.552+0000] {processor.py:161} INFO - Started process (PID=66166) to work on /home/airflow/.local/lib/python3.12/site-packages/airflow/example_dags/example_complex.py
[2025-03-11T03:18:47.553+0000] {processor.py:830} INFO - Processing file /home/airflow/.local/lib/python3.12/site-packages/airflow/example_dags/example_complex.py for tasks to queue
[2025-03-11T03:18:47.556+0000] {logging_mixin.py:188} INFO - [2025-03-11T03:18:47.556+0000] {dagbag.py:545} INFO - Filling up the DagBag from /home/airflow/.local/lib/python3.12/site-packages/airflow/example_dags/example_complex.py
[2025-03-11T03:18:47.568+0000] {processor.py:840} INFO - DAG(s) 'example_complex' retrieved from /home/airflow/.local/lib/python3.12/site-packages/airflow/example_dags/example_complex.py
[2025-03-11T03:18:47.605+0000] {logging_mixin.py:188} INFO - [2025-03-11T03:18:47.605+0000] {dag.py:3096} INFO - Sync 1 DAGs
[2025-03-11T03:18:47.619+0000] {logging_mixin.py:188} INFO - [2025-03-11T03:18:47.619+0000] {dag.py:3954} INFO - Setting next_dagrun for example_complex to None, run_after=None
[2025-03-11T03:18:47.643+0000] {processor.py:183} INFO - Processing /home/airflow/.local/lib/python3.12/site-packages/airflow/example_dags/example_complex.py took 0.105 seconds
[2025-03-11T03:19:19.726+0000] {processor.py:161} INFO - Started process (PID=66426) to work on /home/airflow/.local/lib/python3.12/site-packages/airflow/example_dags/example_complex.py
[2025-03-11T03:19:19.727+0000] {processor.py:830} INFO - Processing file /home/airflow/.local/lib/python3.12/site-packages/airflow/example_dags/example_complex.py for tasks to queue
[2025-03-11T03:19:19.730+0000] {logging_mixin.py:188} INFO - [2025-03-11T03:19:19.730+0000] {dagbag.py:545} INFO - Filling up the DagBag from /home/airflow/.local/lib/python3.12/site-packages/airflow/example_dags/example_complex.py
[2025-03-11T03:19:19.741+0000] {processor.py:840} INFO - DAG(s) 'example_complex' retrieved from /home/airflow/.local/lib/python3.12/site-packages/airflow/example_dags/example_complex.py
[2025-03-11T03:19:19.780+0000] {logging_mixin.py:188} INFO - [2025-03-11T03:19:19.780+0000] {dag.py:3096} INFO - Sync 1 DAGs
[2025-03-11T03:19:19.798+0000] {logging_mixin.py:188} INFO - [2025-03-11T03:19:19.797+0000] {dag.py:3954} INFO - Setting next_dagrun for example_complex to None, run_after=None
[2025-03-11T03:19:19.823+0000] {processor.py:183} INFO - Processing /home/airflow/.local/lib/python3.12/site-packages/airflow/example_dags/example_complex.py took 0.104 seconds
[2025-03-11T03:19:51.012+0000] {processor.py:161} INFO - Started process (PID=66688) to work on /home/airflow/.local/lib/python3.12/site-packages/airflow/example_dags/example_complex.py
[2025-03-11T03:19:51.014+0000] {processor.py:830} INFO - Processing file /home/airflow/.local/lib/python3.12/site-packages/airflow/example_dags/example_complex.py for tasks to queue
[2025-03-11T03:19:51.016+0000] {logging_mixin.py:188} INFO - [2025-03-11T03:19:51.016+0000] {dagbag.py:545} INFO - Filling up the DagBag from /home/airflow/.local/lib/python3.12/site-packages/airflow/example_dags/example_complex.py
[2025-03-11T03:19:51.028+0000] {processor.py:840} INFO - DAG(s) 'example_complex' retrieved from /home/airflow/.local/lib/python3.12/site-packages/airflow/example_dags/example_complex.py
[2025-03-11T03:19:51.061+0000] {logging_mixin.py:188} INFO - [2025-03-11T03:19:51.061+0000] {dag.py:3096} INFO - Sync 1 DAGs
[2025-03-11T03:19:51.075+0000] {logging_mixin.py:188} INFO - [2025-03-11T03:19:51.075+0000] {dag.py:3954} INFO - Setting next_dagrun for example_complex to None, run_after=None
[2025-03-11T03:19:51.099+0000] {processor.py:183} INFO - Processing /home/airflow/.local/lib/python3.12/site-packages/airflow/example_dags/example_complex.py took 0.094 seconds
[2025-03-11T03:20:23.582+0000] {processor.py:161} INFO - Started process (PID=66949) to work on /home/airflow/.local/lib/python3.12/site-packages/airflow/example_dags/example_complex.py
[2025-03-11T03:20:23.583+0000] {processor.py:830} INFO - Processing file /home/airflow/.local/lib/python3.12/site-packages/airflow/example_dags/example_complex.py for tasks to queue
[2025-03-11T03:20:23.586+0000] {logging_mixin.py:188} INFO - [2025-03-11T03:20:23.585+0000] {dagbag.py:545} INFO - Filling up the DagBag from /home/airflow/.local/lib/python3.12/site-packages/airflow/example_dags/example_complex.py
[2025-03-11T03:20:23.595+0000] {processor.py:840} INFO - DAG(s) 'example_complex' retrieved from /home/airflow/.local/lib/python3.12/site-packages/airflow/example_dags/example_complex.py
[2025-03-11T03:20:23.626+0000] {logging_mixin.py:188} INFO - [2025-03-11T03:20:23.625+0000] {dag.py:3096} INFO - Sync 1 DAGs
[2025-03-11T03:20:23.640+0000] {logging_mixin.py:188} INFO - [2025-03-11T03:20:23.639+0000] {dag.py:3954} INFO - Setting next_dagrun for example_complex to None, run_after=None
[2025-03-11T03:20:23.659+0000] {processor.py:183} INFO - Processing /home/airflow/.local/lib/python3.12/site-packages/airflow/example_dags/example_complex.py took 0.083 seconds
[2025-03-11T03:20:55.265+0000] {processor.py:161} INFO - Started process (PID=67211) to work on /home/airflow/.local/lib/python3.12/site-packages/airflow/example_dags/example_complex.py
[2025-03-11T03:20:55.266+0000] {processor.py:830} INFO - Processing file /home/airflow/.local/lib/python3.12/site-packages/airflow/example_dags/example_complex.py for tasks to queue
[2025-03-11T03:20:55.268+0000] {logging_mixin.py:188} INFO - [2025-03-11T03:20:55.268+0000] {dagbag.py:545} INFO - Filling up the DagBag from /home/airflow/.local/lib/python3.12/site-packages/airflow/example_dags/example_complex.py
[2025-03-11T03:20:55.278+0000] {processor.py:840} INFO - DAG(s) 'example_complex' retrieved from /home/airflow/.local/lib/python3.12/site-packages/airflow/example_dags/example_complex.py
[2025-03-11T03:20:55.307+0000] {logging_mixin.py:188} INFO - [2025-03-11T03:20:55.307+0000] {dag.py:3096} INFO - Sync 1 DAGs
[2025-03-11T03:20:55.319+0000] {logging_mixin.py:188} INFO - [2025-03-11T03:20:55.319+0000] {dag.py:3954} INFO - Setting next_dagrun for example_complex to None, run_after=None
[2025-03-11T03:20:55.337+0000] {processor.py:183} INFO - Processing /home/airflow/.local/lib/python3.12/site-packages/airflow/example_dags/example_complex.py took 0.079 seconds
[2025-03-11T03:21:27.504+0000] {processor.py:161} INFO - Started process (PID=67473) to work on /home/airflow/.local/lib/python3.12/site-packages/airflow/example_dags/example_complex.py
[2025-03-11T03:21:27.506+0000] {processor.py:830} INFO - Processing file /home/airflow/.local/lib/python3.12/site-packages/airflow/example_dags/example_complex.py for tasks to queue
[2025-03-11T03:21:27.508+0000] {logging_mixin.py:188} INFO - [2025-03-11T03:21:27.508+0000] {dagbag.py:545} INFO - Filling up the DagBag from /home/airflow/.local/lib/python3.12/site-packages/airflow/example_dags/example_complex.py
[2025-03-11T03:21:27.519+0000] {processor.py:840} INFO - DAG(s) 'example_complex' retrieved from /home/airflow/.local/lib/python3.12/site-packages/airflow/example_dags/example_complex.py
[2025-03-11T03:21:27.564+0000] {logging_mixin.py:188} INFO - [2025-03-11T03:21:27.563+0000] {dag.py:3096} INFO - Sync 1 DAGs
[2025-03-11T03:21:27.577+0000] {logging_mixin.py:188} INFO - [2025-03-11T03:21:27.577+0000] {dag.py:3954} INFO - Setting next_dagrun for example_complex to None, run_after=None
[2025-03-11T03:21:27.596+0000] {processor.py:183} INFO - Processing /home/airflow/.local/lib/python3.12/site-packages/airflow/example_dags/example_complex.py took 0.097 seconds
[2025-03-11T03:22:00.488+0000] {processor.py:161} INFO - Started process (PID=67740) to work on /home/airflow/.local/lib/python3.12/site-packages/airflow/example_dags/example_complex.py
[2025-03-11T03:22:00.489+0000] {processor.py:830} INFO - Processing file /home/airflow/.local/lib/python3.12/site-packages/airflow/example_dags/example_complex.py for tasks to queue
[2025-03-11T03:22:00.492+0000] {logging_mixin.py:188} INFO - [2025-03-11T03:22:00.491+0000] {dagbag.py:545} INFO - Filling up the DagBag from /home/airflow/.local/lib/python3.12/site-packages/airflow/example_dags/example_complex.py
[2025-03-11T03:22:00.507+0000] {processor.py:840} INFO - DAG(s) 'example_complex' retrieved from /home/airflow/.local/lib/python3.12/site-packages/airflow/example_dags/example_complex.py
[2025-03-11T03:22:00.542+0000] {logging_mixin.py:188} INFO - [2025-03-11T03:22:00.542+0000] {dag.py:3096} INFO - Sync 1 DAGs
[2025-03-11T03:22:00.557+0000] {logging_mixin.py:188} INFO - [2025-03-11T03:22:00.557+0000] {dag.py:3954} INFO - Setting next_dagrun for example_complex to None, run_after=None
[2025-03-11T03:22:00.586+0000] {processor.py:183} INFO - Processing /home/airflow/.local/lib/python3.12/site-packages/airflow/example_dags/example_complex.py took 0.104 seconds
[2025-03-11T03:22:32.481+0000] {processor.py:161} INFO - Started process (PID=68002) to work on /home/airflow/.local/lib/python3.12/site-packages/airflow/example_dags/example_complex.py
[2025-03-11T03:22:32.483+0000] {processor.py:830} INFO - Processing file /home/airflow/.local/lib/python3.12/site-packages/airflow/example_dags/example_complex.py for tasks to queue
[2025-03-11T03:22:32.485+0000] {logging_mixin.py:188} INFO - [2025-03-11T03:22:32.485+0000] {dagbag.py:545} INFO - Filling up the DagBag from /home/airflow/.local/lib/python3.12/site-packages/airflow/example_dags/example_complex.py
[2025-03-11T03:22:32.495+0000] {processor.py:840} INFO - DAG(s) 'example_complex' retrieved from /home/airflow/.local/lib/python3.12/site-packages/airflow/example_dags/example_complex.py
[2025-03-11T03:22:32.531+0000] {logging_mixin.py:188} INFO - [2025-03-11T03:22:32.531+0000] {dag.py:3096} INFO - Sync 1 DAGs
[2025-03-11T03:22:32.549+0000] {logging_mixin.py:188} INFO - [2025-03-11T03:22:32.549+0000] {dag.py:3954} INFO - Setting next_dagrun for example_complex to None, run_after=None
[2025-03-11T03:22:32.574+0000] {processor.py:183} INFO - Processing /home/airflow/.local/lib/python3.12/site-packages/airflow/example_dags/example_complex.py took 0.099 seconds
[2025-03-11T03:23:04.424+0000] {processor.py:161} INFO - Started process (PID=68264) to work on /home/airflow/.local/lib/python3.12/site-packages/airflow/example_dags/example_complex.py
[2025-03-11T03:23:04.426+0000] {processor.py:830} INFO - Processing file /home/airflow/.local/lib/python3.12/site-packages/airflow/example_dags/example_complex.py for tasks to queue
[2025-03-11T03:23:04.429+0000] {logging_mixin.py:188} INFO - [2025-03-11T03:23:04.429+0000] {dagbag.py:545} INFO - Filling up the DagBag from /home/airflow/.local/lib/python3.12/site-packages/airflow/example_dags/example_complex.py
[2025-03-11T03:23:04.447+0000] {processor.py:840} INFO - DAG(s) 'example_complex' retrieved from /home/airflow/.local/lib/python3.12/site-packages/airflow/example_dags/example_complex.py
[2025-03-11T03:23:04.489+0000] {logging_mixin.py:188} INFO - [2025-03-11T03:23:04.489+0000] {dag.py:3096} INFO - Sync 1 DAGs
[2025-03-11T03:23:04.511+0000] {logging_mixin.py:188} INFO - [2025-03-11T03:23:04.511+0000] {dag.py:3954} INFO - Setting next_dagrun for example_complex to None, run_after=None
[2025-03-11T03:23:04.540+0000] {processor.py:183} INFO - Processing /home/airflow/.local/lib/python3.12/site-packages/airflow/example_dags/example_complex.py took 0.125 seconds
[2025-03-11T03:23:36.830+0000] {processor.py:161} INFO - Started process (PID=68536) to work on /home/airflow/.local/lib/python3.12/site-packages/airflow/example_dags/example_complex.py
[2025-03-11T03:23:36.831+0000] {processor.py:830} INFO - Processing file /home/airflow/.local/lib/python3.12/site-packages/airflow/example_dags/example_complex.py for tasks to queue
[2025-03-11T03:23:36.833+0000] {logging_mixin.py:188} INFO - [2025-03-11T03:23:36.833+0000] {dagbag.py:545} INFO - Filling up the DagBag from /home/airflow/.local/lib/python3.12/site-packages/airflow/example_dags/example_complex.py
[2025-03-11T03:23:36.842+0000] {processor.py:840} INFO - DAG(s) 'example_complex' retrieved from /home/airflow/.local/lib/python3.12/site-packages/airflow/example_dags/example_complex.py
[2025-03-11T03:23:36.872+0000] {logging_mixin.py:188} INFO - [2025-03-11T03:23:36.872+0000] {dag.py:3096} INFO - Sync 1 DAGs
[2025-03-11T03:23:36.885+0000] {logging_mixin.py:188} INFO - [2025-03-11T03:23:36.885+0000] {dag.py:3954} INFO - Setting next_dagrun for example_complex to None, run_after=None
[2025-03-11T03:23:36.905+0000] {processor.py:183} INFO - Processing /home/airflow/.local/lib/python3.12/site-packages/airflow/example_dags/example_complex.py took 0.081 seconds
[2025-03-11T03:24:08.848+0000] {processor.py:161} INFO - Started process (PID=68798) to work on /home/airflow/.local/lib/python3.12/site-packages/airflow/example_dags/example_complex.py
[2025-03-11T03:24:08.850+0000] {processor.py:830} INFO - Processing file /home/airflow/.local/lib/python3.12/site-packages/airflow/example_dags/example_complex.py for tasks to queue
[2025-03-11T03:24:08.852+0000] {logging_mixin.py:188} INFO - [2025-03-11T03:24:08.852+0000] {dagbag.py:545} INFO - Filling up the DagBag from /home/airflow/.local/lib/python3.12/site-packages/airflow/example_dags/example_complex.py
[2025-03-11T03:24:08.868+0000] {processor.py:840} INFO - DAG(s) 'example_complex' retrieved from /home/airflow/.local/lib/python3.12/site-packages/airflow/example_dags/example_complex.py
[2025-03-11T03:24:08.916+0000] {logging_mixin.py:188} INFO - [2025-03-11T03:24:08.916+0000] {dag.py:3096} INFO - Sync 1 DAGs
[2025-03-11T03:24:08.934+0000] {logging_mixin.py:188} INFO - [2025-03-11T03:24:08.934+0000] {dag.py:3954} INFO - Setting next_dagrun for example_complex to None, run_after=None
[2025-03-11T03:24:08.961+0000] {processor.py:183} INFO - Processing /home/airflow/.local/lib/python3.12/site-packages/airflow/example_dags/example_complex.py took 0.120 seconds
[2025-03-11T03:24:40.658+0000] {processor.py:161} INFO - Started process (PID=69060) to work on /home/airflow/.local/lib/python3.12/site-packages/airflow/example_dags/example_complex.py
[2025-03-11T03:24:40.659+0000] {processor.py:830} INFO - Processing file /home/airflow/.local/lib/python3.12/site-packages/airflow/example_dags/example_complex.py for tasks to queue
[2025-03-11T03:24:40.661+0000] {logging_mixin.py:188} INFO - [2025-03-11T03:24:40.661+0000] {dagbag.py:545} INFO - Filling up the DagBag from /home/airflow/.local/lib/python3.12/site-packages/airflow/example_dags/example_complex.py
[2025-03-11T03:24:40.670+0000] {processor.py:840} INFO - DAG(s) 'example_complex' retrieved from /home/airflow/.local/lib/python3.12/site-packages/airflow/example_dags/example_complex.py
[2025-03-11T03:24:40.700+0000] {logging_mixin.py:188} INFO - [2025-03-11T03:24:40.700+0000] {dag.py:3096} INFO - Sync 1 DAGs
[2025-03-11T03:24:40.713+0000] {logging_mixin.py:188} INFO - [2025-03-11T03:24:40.712+0000] {dag.py:3954} INFO - Setting next_dagrun for example_complex to None, run_after=None
[2025-03-11T03:24:40.735+0000] {processor.py:183} INFO - Processing /home/airflow/.local/lib/python3.12/site-packages/airflow/example_dags/example_complex.py took 0.082 seconds
[2025-03-11T03:25:12.764+0000] {processor.py:161} INFO - Started process (PID=69322) to work on /home/airflow/.local/lib/python3.12/site-packages/airflow/example_dags/example_complex.py
[2025-03-11T03:25:12.765+0000] {processor.py:830} INFO - Processing file /home/airflow/.local/lib/python3.12/site-packages/airflow/example_dags/example_complex.py for tasks to queue
[2025-03-11T03:25:12.768+0000] {logging_mixin.py:188} INFO - [2025-03-11T03:25:12.767+0000] {dagbag.py:545} INFO - Filling up the DagBag from /home/airflow/.local/lib/python3.12/site-packages/airflow/example_dags/example_complex.py
[2025-03-11T03:25:12.779+0000] {processor.py:840} INFO - DAG(s) 'example_complex' retrieved from /home/airflow/.local/lib/python3.12/site-packages/airflow/example_dags/example_complex.py
[2025-03-11T03:25:12.816+0000] {logging_mixin.py:188} INFO - [2025-03-11T03:25:12.816+0000] {dag.py:3096} INFO - Sync 1 DAGs
[2025-03-11T03:25:12.834+0000] {logging_mixin.py:188} INFO - [2025-03-11T03:25:12.834+0000] {dag.py:3954} INFO - Setting next_dagrun for example_complex to None, run_after=None
[2025-03-11T03:25:12.857+0000] {processor.py:183} INFO - Processing /home/airflow/.local/lib/python3.12/site-packages/airflow/example_dags/example_complex.py took 0.099 seconds
[2025-03-11T03:25:44.748+0000] {processor.py:161} INFO - Started process (PID=69584) to work on /home/airflow/.local/lib/python3.12/site-packages/airflow/example_dags/example_complex.py
[2025-03-11T03:25:44.750+0000] {processor.py:830} INFO - Processing file /home/airflow/.local/lib/python3.12/site-packages/airflow/example_dags/example_complex.py for tasks to queue
[2025-03-11T03:25:44.752+0000] {logging_mixin.py:188} INFO - [2025-03-11T03:25:44.752+0000] {dagbag.py:545} INFO - Filling up the DagBag from /home/airflow/.local/lib/python3.12/site-packages/airflow/example_dags/example_complex.py
[2025-03-11T03:25:44.764+0000] {processor.py:840} INFO - DAG(s) 'example_complex' retrieved from /home/airflow/.local/lib/python3.12/site-packages/airflow/example_dags/example_complex.py
[2025-03-11T03:25:44.800+0000] {logging_mixin.py:188} INFO - [2025-03-11T03:25:44.799+0000] {dag.py:3096} INFO - Sync 1 DAGs
[2025-03-11T03:25:44.813+0000] {logging_mixin.py:188} INFO - [2025-03-11T03:25:44.813+0000] {dag.py:3954} INFO - Setting next_dagrun for example_complex to None, run_after=None
[2025-03-11T03:25:44.836+0000] {processor.py:183} INFO - Processing /home/airflow/.local/lib/python3.12/site-packages/airflow/example_dags/example_complex.py took 0.094 seconds
[2025-03-11T03:26:17.519+0000] {processor.py:161} INFO - Started process (PID=69846) to work on /home/airflow/.local/lib/python3.12/site-packages/airflow/example_dags/example_complex.py
[2025-03-11T03:26:17.520+0000] {processor.py:830} INFO - Processing file /home/airflow/.local/lib/python3.12/site-packages/airflow/example_dags/example_complex.py for tasks to queue
[2025-03-11T03:26:17.522+0000] {logging_mixin.py:188} INFO - [2025-03-11T03:26:17.522+0000] {dagbag.py:545} INFO - Filling up the DagBag from /home/airflow/.local/lib/python3.12/site-packages/airflow/example_dags/example_complex.py
[2025-03-11T03:26:17.532+0000] {processor.py:840} INFO - DAG(s) 'example_complex' retrieved from /home/airflow/.local/lib/python3.12/site-packages/airflow/example_dags/example_complex.py
[2025-03-11T03:26:17.566+0000] {logging_mixin.py:188} INFO - [2025-03-11T03:26:17.565+0000] {dag.py:3096} INFO - Sync 1 DAGs
[2025-03-11T03:26:17.579+0000] {logging_mixin.py:188} INFO - [2025-03-11T03:26:17.579+0000] {dag.py:3954} INFO - Setting next_dagrun for example_complex to None, run_after=None
[2025-03-11T03:26:17.597+0000] {processor.py:183} INFO - Processing /home/airflow/.local/lib/python3.12/site-packages/airflow/example_dags/example_complex.py took 0.084 seconds
[2025-03-11T03:26:49.014+0000] {processor.py:161} INFO - Started process (PID=70108) to work on /home/airflow/.local/lib/python3.12/site-packages/airflow/example_dags/example_complex.py
[2025-03-11T03:26:49.015+0000] {processor.py:830} INFO - Processing file /home/airflow/.local/lib/python3.12/site-packages/airflow/example_dags/example_complex.py for tasks to queue
[2025-03-11T03:26:49.018+0000] {logging_mixin.py:188} INFO - [2025-03-11T03:26:49.017+0000] {dagbag.py:545} INFO - Filling up the DagBag from /home/airflow/.local/lib/python3.12/site-packages/airflow/example_dags/example_complex.py
[2025-03-11T03:26:49.031+0000] {processor.py:840} INFO - DAG(s) 'example_complex' retrieved from /home/airflow/.local/lib/python3.12/site-packages/airflow/example_dags/example_complex.py
[2025-03-11T03:26:49.063+0000] {logging_mixin.py:188} INFO - [2025-03-11T03:26:49.063+0000] {dag.py:3096} INFO - Sync 1 DAGs
[2025-03-11T03:26:49.077+0000] {logging_mixin.py:188} INFO - [2025-03-11T03:26:49.077+0000] {dag.py:3954} INFO - Setting next_dagrun for example_complex to None, run_after=None
[2025-03-11T03:26:49.097+0000] {processor.py:183} INFO - Processing /home/airflow/.local/lib/python3.12/site-packages/airflow/example_dags/example_complex.py took 0.090 seconds
[2025-03-11T03:27:21.617+0000] {processor.py:161} INFO - Started process (PID=70370) to work on /home/airflow/.local/lib/python3.12/site-packages/airflow/example_dags/example_complex.py
[2025-03-11T03:27:21.619+0000] {processor.py:830} INFO - Processing file /home/airflow/.local/lib/python3.12/site-packages/airflow/example_dags/example_complex.py for tasks to queue
[2025-03-11T03:27:21.621+0000] {logging_mixin.py:188} INFO - [2025-03-11T03:27:21.620+0000] {dagbag.py:545} INFO - Filling up the DagBag from /home/airflow/.local/lib/python3.12/site-packages/airflow/example_dags/example_complex.py
[2025-03-11T03:27:21.632+0000] {processor.py:840} INFO - DAG(s) 'example_complex' retrieved from /home/airflow/.local/lib/python3.12/site-packages/airflow/example_dags/example_complex.py
[2025-03-11T03:27:21.666+0000] {logging_mixin.py:188} INFO - [2025-03-11T03:27:21.666+0000] {dag.py:3096} INFO - Sync 1 DAGs
[2025-03-11T03:27:21.680+0000] {logging_mixin.py:188} INFO - [2025-03-11T03:27:21.679+0000] {dag.py:3954} INFO - Setting next_dagrun for example_complex to None, run_after=None
[2025-03-11T03:27:21.703+0000] {processor.py:183} INFO - Processing /home/airflow/.local/lib/python3.12/site-packages/airflow/example_dags/example_complex.py took 0.092 seconds
[2025-03-11T03:27:53.103+0000] {processor.py:161} INFO - Started process (PID=70632) to work on /home/airflow/.local/lib/python3.12/site-packages/airflow/example_dags/example_complex.py
[2025-03-11T03:27:53.104+0000] {processor.py:830} INFO - Processing file /home/airflow/.local/lib/python3.12/site-packages/airflow/example_dags/example_complex.py for tasks to queue
[2025-03-11T03:27:53.107+0000] {logging_mixin.py:188} INFO - [2025-03-11T03:27:53.107+0000] {dagbag.py:545} INFO - Filling up the DagBag from /home/airflow/.local/lib/python3.12/site-packages/airflow/example_dags/example_complex.py
[2025-03-11T03:27:53.117+0000] {processor.py:840} INFO - DAG(s) 'example_complex' retrieved from /home/airflow/.local/lib/python3.12/site-packages/airflow/example_dags/example_complex.py
[2025-03-11T03:27:53.154+0000] {logging_mixin.py:188} INFO - [2025-03-11T03:27:53.154+0000] {dag.py:3096} INFO - Sync 1 DAGs
[2025-03-11T03:27:53.169+0000] {logging_mixin.py:188} INFO - [2025-03-11T03:27:53.169+0000] {dag.py:3954} INFO - Setting next_dagrun for example_complex to None, run_after=None
[2025-03-11T03:27:53.196+0000] {processor.py:183} INFO - Processing /home/airflow/.local/lib/python3.12/site-packages/airflow/example_dags/example_complex.py took 0.099 seconds
[2025-03-11T03:28:25.902+0000] {processor.py:161} INFO - Started process (PID=70896) to work on /home/airflow/.local/lib/python3.12/site-packages/airflow/example_dags/example_complex.py
[2025-03-11T03:28:25.907+0000] {processor.py:830} INFO - Processing file /home/airflow/.local/lib/python3.12/site-packages/airflow/example_dags/example_complex.py for tasks to queue
[2025-03-11T03:28:25.911+0000] {logging_mixin.py:188} INFO - [2025-03-11T03:28:25.911+0000] {dagbag.py:545} INFO - Filling up the DagBag from /home/airflow/.local/lib/python3.12/site-packages/airflow/example_dags/example_complex.py
[2025-03-11T03:28:25.926+0000] {processor.py:840} INFO - DAG(s) 'example_complex' retrieved from /home/airflow/.local/lib/python3.12/site-packages/airflow/example_dags/example_complex.py
[2025-03-11T03:28:25.967+0000] {logging_mixin.py:188} INFO - [2025-03-11T03:28:25.967+0000] {dag.py:3096} INFO - Sync 1 DAGs
[2025-03-11T03:28:25.984+0000] {logging_mixin.py:188} INFO - [2025-03-11T03:28:25.984+0000] {dag.py:3954} INFO - Setting next_dagrun for example_complex to None, run_after=None
[2025-03-11T03:28:26.014+0000] {processor.py:183} INFO - Processing /home/airflow/.local/lib/python3.12/site-packages/airflow/example_dags/example_complex.py took 0.120 seconds
[2025-03-11T03:28:57.756+0000] {processor.py:161} INFO - Started process (PID=71156) to work on /home/airflow/.local/lib/python3.12/site-packages/airflow/example_dags/example_complex.py
[2025-03-11T03:28:57.758+0000] {processor.py:830} INFO - Processing file /home/airflow/.local/lib/python3.12/site-packages/airflow/example_dags/example_complex.py for tasks to queue
[2025-03-11T03:28:57.760+0000] {logging_mixin.py:188} INFO - [2025-03-11T03:28:57.759+0000] {dagbag.py:545} INFO - Filling up the DagBag from /home/airflow/.local/lib/python3.12/site-packages/airflow/example_dags/example_complex.py
[2025-03-11T03:28:57.772+0000] {processor.py:840} INFO - DAG(s) 'example_complex' retrieved from /home/airflow/.local/lib/python3.12/site-packages/airflow/example_dags/example_complex.py
[2025-03-11T03:28:57.808+0000] {logging_mixin.py:188} INFO - [2025-03-11T03:28:57.807+0000] {dag.py:3096} INFO - Sync 1 DAGs
[2025-03-11T03:28:57.822+0000] {logging_mixin.py:188} INFO - [2025-03-11T03:28:57.822+0000] {dag.py:3954} INFO - Setting next_dagrun for example_complex to None, run_after=None
[2025-03-11T03:28:57.844+0000] {processor.py:183} INFO - Processing /home/airflow/.local/lib/python3.12/site-packages/airflow/example_dags/example_complex.py took 0.094 seconds
[2025-03-11T03:29:29.945+0000] {processor.py:161} INFO - Started process (PID=71418) to work on /home/airflow/.local/lib/python3.12/site-packages/airflow/example_dags/example_complex.py
[2025-03-11T03:29:29.947+0000] {processor.py:830} INFO - Processing file /home/airflow/.local/lib/python3.12/site-packages/airflow/example_dags/example_complex.py for tasks to queue
[2025-03-11T03:29:29.950+0000] {logging_mixin.py:188} INFO - [2025-03-11T03:29:29.949+0000] {dagbag.py:545} INFO - Filling up the DagBag from /home/airflow/.local/lib/python3.12/site-packages/airflow/example_dags/example_complex.py
[2025-03-11T03:29:29.961+0000] {processor.py:840} INFO - DAG(s) 'example_complex' retrieved from /home/airflow/.local/lib/python3.12/site-packages/airflow/example_dags/example_complex.py
[2025-03-11T03:29:29.997+0000] {logging_mixin.py:188} INFO - [2025-03-11T03:29:29.997+0000] {dag.py:3096} INFO - Sync 1 DAGs
[2025-03-11T03:29:30.013+0000] {logging_mixin.py:188} INFO - [2025-03-11T03:29:30.013+0000] {dag.py:3954} INFO - Setting next_dagrun for example_complex to None, run_after=None
[2025-03-11T03:29:30.044+0000] {processor.py:183} INFO - Processing /home/airflow/.local/lib/python3.12/site-packages/airflow/example_dags/example_complex.py took 0.106 seconds
[2025-03-11T03:30:01.794+0000] {processor.py:161} INFO - Started process (PID=71680) to work on /home/airflow/.local/lib/python3.12/site-packages/airflow/example_dags/example_complex.py
[2025-03-11T03:30:01.795+0000] {processor.py:830} INFO - Processing file /home/airflow/.local/lib/python3.12/site-packages/airflow/example_dags/example_complex.py for tasks to queue
[2025-03-11T03:30:01.797+0000] {logging_mixin.py:188} INFO - [2025-03-11T03:30:01.796+0000] {dagbag.py:545} INFO - Filling up the DagBag from /home/airflow/.local/lib/python3.12/site-packages/airflow/example_dags/example_complex.py
[2025-03-11T03:30:01.808+0000] {processor.py:840} INFO - DAG(s) 'example_complex' retrieved from /home/airflow/.local/lib/python3.12/site-packages/airflow/example_dags/example_complex.py
[2025-03-11T03:30:01.847+0000] {logging_mixin.py:188} INFO - [2025-03-11T03:30:01.847+0000] {dag.py:3096} INFO - Sync 1 DAGs
[2025-03-11T03:30:01.863+0000] {logging_mixin.py:188} INFO - [2025-03-11T03:30:01.862+0000] {dag.py:3954} INFO - Setting next_dagrun for example_complex to None, run_after=None
[2025-03-11T03:30:01.887+0000] {processor.py:183} INFO - Processing /home/airflow/.local/lib/python3.12/site-packages/airflow/example_dags/example_complex.py took 0.100 seconds
[2025-03-11T03:30:34.414+0000] {processor.py:161} INFO - Started process (PID=71942) to work on /home/airflow/.local/lib/python3.12/site-packages/airflow/example_dags/example_complex.py
[2025-03-11T03:30:34.416+0000] {processor.py:830} INFO - Processing file /home/airflow/.local/lib/python3.12/site-packages/airflow/example_dags/example_complex.py for tasks to queue
[2025-03-11T03:30:34.420+0000] {logging_mixin.py:188} INFO - [2025-03-11T03:30:34.419+0000] {dagbag.py:545} INFO - Filling up the DagBag from /home/airflow/.local/lib/python3.12/site-packages/airflow/example_dags/example_complex.py
[2025-03-11T03:30:34.430+0000] {processor.py:840} INFO - DAG(s) 'example_complex' retrieved from /home/airflow/.local/lib/python3.12/site-packages/airflow/example_dags/example_complex.py
[2025-03-11T03:30:34.467+0000] {logging_mixin.py:188} INFO - [2025-03-11T03:30:34.467+0000] {dag.py:3096} INFO - Sync 1 DAGs
[2025-03-11T03:30:34.483+0000] {logging_mixin.py:188} INFO - [2025-03-11T03:30:34.483+0000] {dag.py:3954} INFO - Setting next_dagrun for example_complex to None, run_after=None
[2025-03-11T03:30:34.510+0000] {processor.py:183} INFO - Processing /home/airflow/.local/lib/python3.12/site-packages/airflow/example_dags/example_complex.py took 0.103 seconds
[2025-03-11T03:31:05.564+0000] {processor.py:161} INFO - Started process (PID=72204) to work on /home/airflow/.local/lib/python3.12/site-packages/airflow/example_dags/example_complex.py
[2025-03-11T03:31:05.566+0000] {processor.py:830} INFO - Processing file /home/airflow/.local/lib/python3.12/site-packages/airflow/example_dags/example_complex.py for tasks to queue
[2025-03-11T03:31:05.568+0000] {logging_mixin.py:188} INFO - [2025-03-11T03:31:05.567+0000] {dagbag.py:545} INFO - Filling up the DagBag from /home/airflow/.local/lib/python3.12/site-packages/airflow/example_dags/example_complex.py
[2025-03-11T03:31:05.577+0000] {processor.py:840} INFO - DAG(s) 'example_complex' retrieved from /home/airflow/.local/lib/python3.12/site-packages/airflow/example_dags/example_complex.py
[2025-03-11T03:31:05.611+0000] {logging_mixin.py:188} INFO - [2025-03-11T03:31:05.610+0000] {dag.py:3096} INFO - Sync 1 DAGs
[2025-03-11T03:31:05.624+0000] {logging_mixin.py:188} INFO - [2025-03-11T03:31:05.624+0000] {dag.py:3954} INFO - Setting next_dagrun for example_complex to None, run_after=None
[2025-03-11T03:31:05.644+0000] {processor.py:183} INFO - Processing /home/airflow/.local/lib/python3.12/site-packages/airflow/example_dags/example_complex.py took 0.085 seconds
[2025-03-11T03:31:38.010+0000] {processor.py:161} INFO - Started process (PID=72466) to work on /home/airflow/.local/lib/python3.12/site-packages/airflow/example_dags/example_complex.py
[2025-03-11T03:31:38.012+0000] {processor.py:830} INFO - Processing file /home/airflow/.local/lib/python3.12/site-packages/airflow/example_dags/example_complex.py for tasks to queue
[2025-03-11T03:31:38.014+0000] {logging_mixin.py:188} INFO - [2025-03-11T03:31:38.014+0000] {dagbag.py:545} INFO - Filling up the DagBag from /home/airflow/.local/lib/python3.12/site-packages/airflow/example_dags/example_complex.py
[2025-03-11T03:31:38.024+0000] {processor.py:840} INFO - DAG(s) 'example_complex' retrieved from /home/airflow/.local/lib/python3.12/site-packages/airflow/example_dags/example_complex.py
[2025-03-11T03:31:38.060+0000] {logging_mixin.py:188} INFO - [2025-03-11T03:31:38.060+0000] {dag.py:3096} INFO - Sync 1 DAGs
[2025-03-11T03:31:38.074+0000] {logging_mixin.py:188} INFO - [2025-03-11T03:31:38.074+0000] {dag.py:3954} INFO - Setting next_dagrun for example_complex to None, run_after=None
[2025-03-11T03:31:38.096+0000] {processor.py:183} INFO - Processing /home/airflow/.local/lib/python3.12/site-packages/airflow/example_dags/example_complex.py took 0.094 seconds
[2025-03-11T03:32:09.683+0000] {processor.py:161} INFO - Started process (PID=72728) to work on /home/airflow/.local/lib/python3.12/site-packages/airflow/example_dags/example_complex.py
[2025-03-11T03:32:09.684+0000] {processor.py:830} INFO - Processing file /home/airflow/.local/lib/python3.12/site-packages/airflow/example_dags/example_complex.py for tasks to queue
[2025-03-11T03:32:09.687+0000] {logging_mixin.py:188} INFO - [2025-03-11T03:32:09.687+0000] {dagbag.py:545} INFO - Filling up the DagBag from /home/airflow/.local/lib/python3.12/site-packages/airflow/example_dags/example_complex.py
[2025-03-11T03:32:09.700+0000] {processor.py:840} INFO - DAG(s) 'example_complex' retrieved from /home/airflow/.local/lib/python3.12/site-packages/airflow/example_dags/example_complex.py
[2025-03-11T03:32:09.738+0000] {logging_mixin.py:188} INFO - [2025-03-11T03:32:09.738+0000] {dag.py:3096} INFO - Sync 1 DAGs
[2025-03-11T03:32:09.753+0000] {logging_mixin.py:188} INFO - [2025-03-11T03:32:09.752+0000] {dag.py:3954} INFO - Setting next_dagrun for example_complex to None, run_after=None
[2025-03-11T03:32:09.779+0000] {processor.py:183} INFO - Processing /home/airflow/.local/lib/python3.12/site-packages/airflow/example_dags/example_complex.py took 0.103 seconds
[2025-03-11T03:32:41.797+0000] {processor.py:161} INFO - Started process (PID=72990) to work on /home/airflow/.local/lib/python3.12/site-packages/airflow/example_dags/example_complex.py
[2025-03-11T03:32:41.799+0000] {processor.py:830} INFO - Processing file /home/airflow/.local/lib/python3.12/site-packages/airflow/example_dags/example_complex.py for tasks to queue
[2025-03-11T03:32:41.801+0000] {logging_mixin.py:188} INFO - [2025-03-11T03:32:41.801+0000] {dagbag.py:545} INFO - Filling up the DagBag from /home/airflow/.local/lib/python3.12/site-packages/airflow/example_dags/example_complex.py
[2025-03-11T03:32:41.812+0000] {processor.py:840} INFO - DAG(s) 'example_complex' retrieved from /home/airflow/.local/lib/python3.12/site-packages/airflow/example_dags/example_complex.py
[2025-03-11T03:32:41.849+0000] {logging_mixin.py:188} INFO - [2025-03-11T03:32:41.849+0000] {dag.py:3096} INFO - Sync 1 DAGs
[2025-03-11T03:32:41.865+0000] {logging_mixin.py:188} INFO - [2025-03-11T03:32:41.864+0000] {dag.py:3954} INFO - Setting next_dagrun for example_complex to None, run_after=None
[2025-03-11T03:32:41.887+0000] {processor.py:183} INFO - Processing /home/airflow/.local/lib/python3.12/site-packages/airflow/example_dags/example_complex.py took 0.097 seconds
