[2025-03-11T03:05:18.655+0000] {processor.py:161} INFO - Started process (PID=59500) to work on /home/airflow/.local/lib/python3.12/site-packages/airflow/example_dags/example_branch_python_dop_operator_3.py
[2025-03-11T03:05:18.657+0000] {processor.py:830} INFO - Processing file /home/airflow/.local/lib/python3.12/site-packages/airflow/example_dags/example_branch_python_dop_operator_3.py for tasks to queue
[2025-03-11T03:05:18.660+0000] {logging_mixin.py:188} INFO - [2025-03-11T03:05:18.659+0000] {dagbag.py:545} INFO - Filling up the DagBag from /home/airflow/.local/lib/python3.12/site-packages/airflow/example_dags/example_branch_python_dop_operator_3.py
[2025-03-11T03:05:18.670+0000] {processor.py:840} INFO - DAG(s) 'example_branch_dop_operator_v3' retrieved from /home/airflow/.local/lib/python3.12/site-packages/airflow/example_dags/example_branch_python_dop_operator_3.py
[2025-03-11T03:05:18.694+0000] {logging_mixin.py:188} INFO - [2025-03-11T03:05:18.694+0000] {dag.py:3096} INFO - Sync 1 DAGs
[2025-03-11T03:05:18.723+0000] {logging_mixin.py:188} INFO - [2025-03-11T03:05:18.723+0000] {dag.py:3954} INFO - Setting next_dagrun for example_branch_dop_operator_v3 to 2025-03-11 03:04:00+00:00, run_after=2025-03-11 03:05:00+00:00
[2025-03-11T03:05:18.747+0000] {processor.py:183} INFO - Processing /home/airflow/.local/lib/python3.12/site-packages/airflow/example_dags/example_branch_python_dop_operator_3.py took 0.098 seconds
[2025-03-11T03:05:48.932+0000] {processor.py:161} INFO - Started process (PID=59767) to work on /home/airflow/.local/lib/python3.12/site-packages/airflow/example_dags/example_branch_python_dop_operator_3.py
[2025-03-11T03:05:48.933+0000] {processor.py:830} INFO - Processing file /home/airflow/.local/lib/python3.12/site-packages/airflow/example_dags/example_branch_python_dop_operator_3.py for tasks to queue
[2025-03-11T03:05:48.936+0000] {logging_mixin.py:188} INFO - [2025-03-11T03:05:48.935+0000] {dagbag.py:545} INFO - Filling up the DagBag from /home/airflow/.local/lib/python3.12/site-packages/airflow/example_dags/example_branch_python_dop_operator_3.py
[2025-03-11T03:05:48.945+0000] {processor.py:840} INFO - DAG(s) 'example_branch_dop_operator_v3' retrieved from /home/airflow/.local/lib/python3.12/site-packages/airflow/example_dags/example_branch_python_dop_operator_3.py
[2025-03-11T03:05:48.967+0000] {logging_mixin.py:188} INFO - [2025-03-11T03:05:48.967+0000] {dag.py:3096} INFO - Sync 1 DAGs
[2025-03-11T03:05:48.997+0000] {logging_mixin.py:188} INFO - [2025-03-11T03:05:48.997+0000] {dag.py:3954} INFO - Setting next_dagrun for example_branch_dop_operator_v3 to 2025-03-11 03:04:00+00:00, run_after=2025-03-11 03:05:00+00:00
[2025-03-11T03:05:49.022+0000] {processor.py:183} INFO - Processing /home/airflow/.local/lib/python3.12/site-packages/airflow/example_dags/example_branch_python_dop_operator_3.py took 0.095 seconds
[2025-03-11T03:06:19.078+0000] {processor.py:161} INFO - Started process (PID=60029) to work on /home/airflow/.local/lib/python3.12/site-packages/airflow/example_dags/example_branch_python_dop_operator_3.py
[2025-03-11T03:06:19.079+0000] {processor.py:830} INFO - Processing file /home/airflow/.local/lib/python3.12/site-packages/airflow/example_dags/example_branch_python_dop_operator_3.py for tasks to queue
[2025-03-11T03:06:19.082+0000] {logging_mixin.py:188} INFO - [2025-03-11T03:06:19.081+0000] {dagbag.py:545} INFO - Filling up the DagBag from /home/airflow/.local/lib/python3.12/site-packages/airflow/example_dags/example_branch_python_dop_operator_3.py
[2025-03-11T03:06:19.090+0000] {processor.py:840} INFO - DAG(s) 'example_branch_dop_operator_v3' retrieved from /home/airflow/.local/lib/python3.12/site-packages/airflow/example_dags/example_branch_python_dop_operator_3.py
[2025-03-11T03:06:19.109+0000] {logging_mixin.py:188} INFO - [2025-03-11T03:06:19.108+0000] {dag.py:3096} INFO - Sync 1 DAGs
[2025-03-11T03:06:19.131+0000] {logging_mixin.py:188} INFO - [2025-03-11T03:06:19.130+0000] {dag.py:3954} INFO - Setting next_dagrun for example_branch_dop_operator_v3 to 2025-03-11 03:05:00+00:00, run_after=2025-03-11 03:06:00+00:00
[2025-03-11T03:06:19.147+0000] {processor.py:183} INFO - Processing /home/airflow/.local/lib/python3.12/site-packages/airflow/example_dags/example_branch_python_dop_operator_3.py took 0.075 seconds
[2025-03-11T03:06:49.762+0000] {processor.py:161} INFO - Started process (PID=60289) to work on /home/airflow/.local/lib/python3.12/site-packages/airflow/example_dags/example_branch_python_dop_operator_3.py
[2025-03-11T03:06:49.770+0000] {processor.py:830} INFO - Processing file /home/airflow/.local/lib/python3.12/site-packages/airflow/example_dags/example_branch_python_dop_operator_3.py for tasks to queue
[2025-03-11T03:06:49.777+0000] {logging_mixin.py:188} INFO - [2025-03-11T03:06:49.777+0000] {dagbag.py:545} INFO - Filling up the DagBag from /home/airflow/.local/lib/python3.12/site-packages/airflow/example_dags/example_branch_python_dop_operator_3.py
[2025-03-11T03:06:49.804+0000] {processor.py:840} INFO - DAG(s) 'example_branch_dop_operator_v3' retrieved from /home/airflow/.local/lib/python3.12/site-packages/airflow/example_dags/example_branch_python_dop_operator_3.py
[2025-03-11T03:06:49.840+0000] {logging_mixin.py:188} INFO - [2025-03-11T03:06:49.840+0000] {dag.py:3096} INFO - Sync 1 DAGs
[2025-03-11T03:06:49.867+0000] {logging_mixin.py:188} INFO - [2025-03-11T03:06:49.867+0000] {dag.py:3954} INFO - Setting next_dagrun for example_branch_dop_operator_v3 to 2025-03-11 03:05:00+00:00, run_after=2025-03-11 03:06:00+00:00
[2025-03-11T03:06:49.886+0000] {processor.py:183} INFO - Processing /home/airflow/.local/lib/python3.12/site-packages/airflow/example_dags/example_branch_python_dop_operator_3.py took 0.148 seconds
[2025-03-11T03:07:20.436+0000] {processor.py:161} INFO - Started process (PID=60551) to work on /home/airflow/.local/lib/python3.12/site-packages/airflow/example_dags/example_branch_python_dop_operator_3.py
[2025-03-11T03:07:20.437+0000] {processor.py:830} INFO - Processing file /home/airflow/.local/lib/python3.12/site-packages/airflow/example_dags/example_branch_python_dop_operator_3.py for tasks to queue
[2025-03-11T03:07:20.439+0000] {logging_mixin.py:188} INFO - [2025-03-11T03:07:20.439+0000] {dagbag.py:545} INFO - Filling up the DagBag from /home/airflow/.local/lib/python3.12/site-packages/airflow/example_dags/example_branch_python_dop_operator_3.py
[2025-03-11T03:07:20.448+0000] {processor.py:840} INFO - DAG(s) 'example_branch_dop_operator_v3' retrieved from /home/airflow/.local/lib/python3.12/site-packages/airflow/example_dags/example_branch_python_dop_operator_3.py
[2025-03-11T03:07:20.468+0000] {logging_mixin.py:188} INFO - [2025-03-11T03:07:20.467+0000] {dag.py:3096} INFO - Sync 1 DAGs
[2025-03-11T03:07:20.509+0000] {logging_mixin.py:188} INFO - [2025-03-11T03:07:20.509+0000] {dag.py:3954} INFO - Setting next_dagrun for example_branch_dop_operator_v3 to 2025-03-11 03:06:00+00:00, run_after=2025-03-11 03:07:00+00:00
[2025-03-11T03:07:20.549+0000] {processor.py:183} INFO - Processing /home/airflow/.local/lib/python3.12/site-packages/airflow/example_dags/example_branch_python_dop_operator_3.py took 0.119 seconds
[2025-03-11T03:07:50.612+0000] {processor.py:161} INFO - Started process (PID=60813) to work on /home/airflow/.local/lib/python3.12/site-packages/airflow/example_dags/example_branch_python_dop_operator_3.py
[2025-03-11T03:07:50.613+0000] {processor.py:830} INFO - Processing file /home/airflow/.local/lib/python3.12/site-packages/airflow/example_dags/example_branch_python_dop_operator_3.py for tasks to queue
[2025-03-11T03:07:50.616+0000] {logging_mixin.py:188} INFO - [2025-03-11T03:07:50.616+0000] {dagbag.py:545} INFO - Filling up the DagBag from /home/airflow/.local/lib/python3.12/site-packages/airflow/example_dags/example_branch_python_dop_operator_3.py
[2025-03-11T03:07:50.624+0000] {processor.py:840} INFO - DAG(s) 'example_branch_dop_operator_v3' retrieved from /home/airflow/.local/lib/python3.12/site-packages/airflow/example_dags/example_branch_python_dop_operator_3.py
[2025-03-11T03:07:50.644+0000] {logging_mixin.py:188} INFO - [2025-03-11T03:07:50.644+0000] {dag.py:3096} INFO - Sync 1 DAGs
[2025-03-11T03:07:50.675+0000] {logging_mixin.py:188} INFO - [2025-03-11T03:07:50.675+0000] {dag.py:3954} INFO - Setting next_dagrun for example_branch_dop_operator_v3 to 2025-03-11 03:06:00+00:00, run_after=2025-03-11 03:07:00+00:00
[2025-03-11T03:07:50.713+0000] {processor.py:183} INFO - Processing /home/airflow/.local/lib/python3.12/site-packages/airflow/example_dags/example_branch_python_dop_operator_3.py took 0.106 seconds
[2025-03-11T03:08:21.256+0000] {processor.py:161} INFO - Started process (PID=61075) to work on /home/airflow/.local/lib/python3.12/site-packages/airflow/example_dags/example_branch_python_dop_operator_3.py
[2025-03-11T03:08:21.257+0000] {processor.py:830} INFO - Processing file /home/airflow/.local/lib/python3.12/site-packages/airflow/example_dags/example_branch_python_dop_operator_3.py for tasks to queue
[2025-03-11T03:08:21.261+0000] {logging_mixin.py:188} INFO - [2025-03-11T03:08:21.260+0000] {dagbag.py:545} INFO - Filling up the DagBag from /home/airflow/.local/lib/python3.12/site-packages/airflow/example_dags/example_branch_python_dop_operator_3.py
[2025-03-11T03:08:21.274+0000] {processor.py:840} INFO - DAG(s) 'example_branch_dop_operator_v3' retrieved from /home/airflow/.local/lib/python3.12/site-packages/airflow/example_dags/example_branch_python_dop_operator_3.py
[2025-03-11T03:08:21.294+0000] {logging_mixin.py:188} INFO - [2025-03-11T03:08:21.293+0000] {dag.py:3096} INFO - Sync 1 DAGs
[2025-03-11T03:08:21.318+0000] {logging_mixin.py:188} INFO - [2025-03-11T03:08:21.318+0000] {dag.py:3954} INFO - Setting next_dagrun for example_branch_dop_operator_v3 to 2025-03-11 03:07:00+00:00, run_after=2025-03-11 03:08:00+00:00
[2025-03-11T03:08:21.343+0000] {processor.py:183} INFO - Processing /home/airflow/.local/lib/python3.12/site-packages/airflow/example_dags/example_branch_python_dop_operator_3.py took 0.093 seconds
[2025-03-11T03:08:51.675+0000] {processor.py:161} INFO - Started process (PID=61326) to work on /home/airflow/.local/lib/python3.12/site-packages/airflow/example_dags/example_branch_python_dop_operator_3.py
[2025-03-11T03:08:51.676+0000] {processor.py:830} INFO - Processing file /home/airflow/.local/lib/python3.12/site-packages/airflow/example_dags/example_branch_python_dop_operator_3.py for tasks to queue
[2025-03-11T03:08:51.679+0000] {logging_mixin.py:188} INFO - [2025-03-11T03:08:51.679+0000] {dagbag.py:545} INFO - Filling up the DagBag from /home/airflow/.local/lib/python3.12/site-packages/airflow/example_dags/example_branch_python_dop_operator_3.py
[2025-03-11T03:08:51.687+0000] {processor.py:840} INFO - DAG(s) 'example_branch_dop_operator_v3' retrieved from /home/airflow/.local/lib/python3.12/site-packages/airflow/example_dags/example_branch_python_dop_operator_3.py
[2025-03-11T03:08:51.709+0000] {logging_mixin.py:188} INFO - [2025-03-11T03:08:51.709+0000] {dag.py:3096} INFO - Sync 1 DAGs
[2025-03-11T03:08:51.735+0000] {logging_mixin.py:188} INFO - [2025-03-11T03:08:51.735+0000] {dag.py:3954} INFO - Setting next_dagrun for example_branch_dop_operator_v3 to 2025-03-11 03:07:00+00:00, run_after=2025-03-11 03:08:00+00:00
[2025-03-11T03:08:51.756+0000] {processor.py:183} INFO - Processing /home/airflow/.local/lib/python3.12/site-packages/airflow/example_dags/example_branch_python_dop_operator_3.py took 0.087 seconds
[2025-03-11T03:09:22.530+0000] {processor.py:161} INFO - Started process (PID=61588) to work on /home/airflow/.local/lib/python3.12/site-packages/airflow/example_dags/example_branch_python_dop_operator_3.py
[2025-03-11T03:09:22.531+0000] {processor.py:830} INFO - Processing file /home/airflow/.local/lib/python3.12/site-packages/airflow/example_dags/example_branch_python_dop_operator_3.py for tasks to queue
[2025-03-11T03:09:22.533+0000] {logging_mixin.py:188} INFO - [2025-03-11T03:09:22.533+0000] {dagbag.py:545} INFO - Filling up the DagBag from /home/airflow/.local/lib/python3.12/site-packages/airflow/example_dags/example_branch_python_dop_operator_3.py
[2025-03-11T03:09:22.542+0000] {processor.py:840} INFO - DAG(s) 'example_branch_dop_operator_v3' retrieved from /home/airflow/.local/lib/python3.12/site-packages/airflow/example_dags/example_branch_python_dop_operator_3.py
[2025-03-11T03:09:22.561+0000] {logging_mixin.py:188} INFO - [2025-03-11T03:09:22.560+0000] {dag.py:3096} INFO - Sync 1 DAGs
[2025-03-11T03:09:22.585+0000] {logging_mixin.py:188} INFO - [2025-03-11T03:09:22.584+0000] {dag.py:3954} INFO - Setting next_dagrun for example_branch_dop_operator_v3 to 2025-03-11 03:08:00+00:00, run_after=2025-03-11 03:09:00+00:00
[2025-03-11T03:09:22.604+0000] {processor.py:183} INFO - Processing /home/airflow/.local/lib/python3.12/site-packages/airflow/example_dags/example_branch_python_dop_operator_3.py took 0.080 seconds
[2025-03-11T03:09:53.327+0000] {processor.py:161} INFO - Started process (PID=61851) to work on /home/airflow/.local/lib/python3.12/site-packages/airflow/example_dags/example_branch_python_dop_operator_3.py
[2025-03-11T03:09:53.329+0000] {processor.py:830} INFO - Processing file /home/airflow/.local/lib/python3.12/site-packages/airflow/example_dags/example_branch_python_dop_operator_3.py for tasks to queue
[2025-03-11T03:09:53.331+0000] {logging_mixin.py:188} INFO - [2025-03-11T03:09:53.331+0000] {dagbag.py:545} INFO - Filling up the DagBag from /home/airflow/.local/lib/python3.12/site-packages/airflow/example_dags/example_branch_python_dop_operator_3.py
[2025-03-11T03:09:53.339+0000] {processor.py:840} INFO - DAG(s) 'example_branch_dop_operator_v3' retrieved from /home/airflow/.local/lib/python3.12/site-packages/airflow/example_dags/example_branch_python_dop_operator_3.py
[2025-03-11T03:09:53.358+0000] {logging_mixin.py:188} INFO - [2025-03-11T03:09:53.358+0000] {dag.py:3096} INFO - Sync 1 DAGs
[2025-03-11T03:09:53.382+0000] {logging_mixin.py:188} INFO - [2025-03-11T03:09:53.382+0000] {dag.py:3954} INFO - Setting next_dagrun for example_branch_dop_operator_v3 to 2025-03-11 03:08:00+00:00, run_after=2025-03-11 03:09:00+00:00
[2025-03-11T03:09:53.402+0000] {processor.py:183} INFO - Processing /home/airflow/.local/lib/python3.12/site-packages/airflow/example_dags/example_branch_python_dop_operator_3.py took 0.080 seconds
[2025-03-11T03:10:24.423+0000] {processor.py:161} INFO - Started process (PID=62113) to work on /home/airflow/.local/lib/python3.12/site-packages/airflow/example_dags/example_branch_python_dop_operator_3.py
[2025-03-11T03:10:24.424+0000] {processor.py:830} INFO - Processing file /home/airflow/.local/lib/python3.12/site-packages/airflow/example_dags/example_branch_python_dop_operator_3.py for tasks to queue
[2025-03-11T03:10:24.426+0000] {logging_mixin.py:188} INFO - [2025-03-11T03:10:24.426+0000] {dagbag.py:545} INFO - Filling up the DagBag from /home/airflow/.local/lib/python3.12/site-packages/airflow/example_dags/example_branch_python_dop_operator_3.py
[2025-03-11T03:10:24.438+0000] {processor.py:840} INFO - DAG(s) 'example_branch_dop_operator_v3' retrieved from /home/airflow/.local/lib/python3.12/site-packages/airflow/example_dags/example_branch_python_dop_operator_3.py
[2025-03-11T03:10:24.462+0000] {logging_mixin.py:188} INFO - [2025-03-11T03:10:24.462+0000] {dag.py:3096} INFO - Sync 1 DAGs
[2025-03-11T03:10:24.484+0000] {logging_mixin.py:188} INFO - [2025-03-11T03:10:24.484+0000] {dag.py:3954} INFO - Setting next_dagrun for example_branch_dop_operator_v3 to 2025-03-11 03:09:00+00:00, run_after=2025-03-11 03:10:00+00:00
[2025-03-11T03:10:24.502+0000] {processor.py:183} INFO - Processing /home/airflow/.local/lib/python3.12/site-packages/airflow/example_dags/example_branch_python_dop_operator_3.py took 0.089 seconds
[2025-03-11T03:10:55.145+0000] {processor.py:161} INFO - Started process (PID=62375) to work on /home/airflow/.local/lib/python3.12/site-packages/airflow/example_dags/example_branch_python_dop_operator_3.py
[2025-03-11T03:10:55.146+0000] {processor.py:830} INFO - Processing file /home/airflow/.local/lib/python3.12/site-packages/airflow/example_dags/example_branch_python_dop_operator_3.py for tasks to queue
[2025-03-11T03:10:55.148+0000] {logging_mixin.py:188} INFO - [2025-03-11T03:10:55.148+0000] {dagbag.py:545} INFO - Filling up the DagBag from /home/airflow/.local/lib/python3.12/site-packages/airflow/example_dags/example_branch_python_dop_operator_3.py
[2025-03-11T03:10:55.156+0000] {processor.py:840} INFO - DAG(s) 'example_branch_dop_operator_v3' retrieved from /home/airflow/.local/lib/python3.12/site-packages/airflow/example_dags/example_branch_python_dop_operator_3.py
[2025-03-11T03:10:55.174+0000] {logging_mixin.py:188} INFO - [2025-03-11T03:10:55.174+0000] {dag.py:3096} INFO - Sync 1 DAGs
[2025-03-11T03:10:55.197+0000] {logging_mixin.py:188} INFO - [2025-03-11T03:10:55.197+0000] {dag.py:3954} INFO - Setting next_dagrun for example_branch_dop_operator_v3 to 2025-03-11 03:09:00+00:00, run_after=2025-03-11 03:10:00+00:00
[2025-03-11T03:10:55.214+0000] {processor.py:183} INFO - Processing /home/airflow/.local/lib/python3.12/site-packages/airflow/example_dags/example_branch_python_dop_operator_3.py took 0.075 seconds
[2025-03-11T03:11:26.375+0000] {processor.py:161} INFO - Started process (PID=62637) to work on /home/airflow/.local/lib/python3.12/site-packages/airflow/example_dags/example_branch_python_dop_operator_3.py
[2025-03-11T03:11:26.376+0000] {processor.py:830} INFO - Processing file /home/airflow/.local/lib/python3.12/site-packages/airflow/example_dags/example_branch_python_dop_operator_3.py for tasks to queue
[2025-03-11T03:11:26.379+0000] {logging_mixin.py:188} INFO - [2025-03-11T03:11:26.379+0000] {dagbag.py:545} INFO - Filling up the DagBag from /home/airflow/.local/lib/python3.12/site-packages/airflow/example_dags/example_branch_python_dop_operator_3.py
[2025-03-11T03:11:26.400+0000] {processor.py:840} INFO - DAG(s) 'example_branch_dop_operator_v3' retrieved from /home/airflow/.local/lib/python3.12/site-packages/airflow/example_dags/example_branch_python_dop_operator_3.py
[2025-03-11T03:11:26.432+0000] {logging_mixin.py:188} INFO - [2025-03-11T03:11:26.432+0000] {dag.py:3096} INFO - Sync 1 DAGs
[2025-03-11T03:11:26.457+0000] {logging_mixin.py:188} INFO - [2025-03-11T03:11:26.457+0000] {dag.py:3954} INFO - Setting next_dagrun for example_branch_dop_operator_v3 to 2025-03-11 03:10:00+00:00, run_after=2025-03-11 03:11:00+00:00
[2025-03-11T03:11:26.477+0000] {processor.py:183} INFO - Processing /home/airflow/.local/lib/python3.12/site-packages/airflow/example_dags/example_branch_python_dop_operator_3.py took 0.123 seconds
[2025-03-11T03:11:56.864+0000] {processor.py:161} INFO - Started process (PID=62899) to work on /home/airflow/.local/lib/python3.12/site-packages/airflow/example_dags/example_branch_python_dop_operator_3.py
[2025-03-11T03:11:56.866+0000] {processor.py:830} INFO - Processing file /home/airflow/.local/lib/python3.12/site-packages/airflow/example_dags/example_branch_python_dop_operator_3.py for tasks to queue
[2025-03-11T03:11:56.868+0000] {logging_mixin.py:188} INFO - [2025-03-11T03:11:56.867+0000] {dagbag.py:545} INFO - Filling up the DagBag from /home/airflow/.local/lib/python3.12/site-packages/airflow/example_dags/example_branch_python_dop_operator_3.py
[2025-03-11T03:11:56.880+0000] {processor.py:840} INFO - DAG(s) 'example_branch_dop_operator_v3' retrieved from /home/airflow/.local/lib/python3.12/site-packages/airflow/example_dags/example_branch_python_dop_operator_3.py
[2025-03-11T03:11:56.913+0000] {logging_mixin.py:188} INFO - [2025-03-11T03:11:56.912+0000] {dag.py:3096} INFO - Sync 1 DAGs
[2025-03-11T03:11:56.953+0000] {logging_mixin.py:188} INFO - [2025-03-11T03:11:56.952+0000] {dag.py:3954} INFO - Setting next_dagrun for example_branch_dop_operator_v3 to 2025-03-11 03:10:00+00:00, run_after=2025-03-11 03:11:00+00:00
[2025-03-11T03:11:56.988+0000] {processor.py:183} INFO - Processing /home/airflow/.local/lib/python3.12/site-packages/airflow/example_dags/example_branch_python_dop_operator_3.py took 0.132 seconds
[2025-03-11T03:12:27.554+0000] {processor.py:161} INFO - Started process (PID=63171) to work on /home/airflow/.local/lib/python3.12/site-packages/airflow/example_dags/example_branch_python_dop_operator_3.py
[2025-03-11T03:12:27.556+0000] {processor.py:830} INFO - Processing file /home/airflow/.local/lib/python3.12/site-packages/airflow/example_dags/example_branch_python_dop_operator_3.py for tasks to queue
[2025-03-11T03:12:27.558+0000] {logging_mixin.py:188} INFO - [2025-03-11T03:12:27.558+0000] {dagbag.py:545} INFO - Filling up the DagBag from /home/airflow/.local/lib/python3.12/site-packages/airflow/example_dags/example_branch_python_dop_operator_3.py
[2025-03-11T03:12:27.566+0000] {processor.py:840} INFO - DAG(s) 'example_branch_dop_operator_v3' retrieved from /home/airflow/.local/lib/python3.12/site-packages/airflow/example_dags/example_branch_python_dop_operator_3.py
[2025-03-11T03:12:27.586+0000] {logging_mixin.py:188} INFO - [2025-03-11T03:12:27.586+0000] {dag.py:3096} INFO - Sync 1 DAGs
[2025-03-11T03:12:27.619+0000] {logging_mixin.py:188} INFO - [2025-03-11T03:12:27.618+0000] {dag.py:3954} INFO - Setting next_dagrun for example_branch_dop_operator_v3 to 2025-03-11 03:11:00+00:00, run_after=2025-03-11 03:12:00+00:00
[2025-03-11T03:12:27.647+0000] {processor.py:183} INFO - Processing /home/airflow/.local/lib/python3.12/site-packages/airflow/example_dags/example_branch_python_dop_operator_3.py took 0.099 seconds
[2025-03-11T03:12:57.952+0000] {processor.py:161} INFO - Started process (PID=63432) to work on /home/airflow/.local/lib/python3.12/site-packages/airflow/example_dags/example_branch_python_dop_operator_3.py
[2025-03-11T03:12:57.955+0000] {processor.py:830} INFO - Processing file /home/airflow/.local/lib/python3.12/site-packages/airflow/example_dags/example_branch_python_dop_operator_3.py for tasks to queue
[2025-03-11T03:12:57.957+0000] {logging_mixin.py:188} INFO - [2025-03-11T03:12:57.957+0000] {dagbag.py:545} INFO - Filling up the DagBag from /home/airflow/.local/lib/python3.12/site-packages/airflow/example_dags/example_branch_python_dop_operator_3.py
[2025-03-11T03:12:57.970+0000] {processor.py:840} INFO - DAG(s) 'example_branch_dop_operator_v3' retrieved from /home/airflow/.local/lib/python3.12/site-packages/airflow/example_dags/example_branch_python_dop_operator_3.py
[2025-03-11T03:12:57.994+0000] {logging_mixin.py:188} INFO - [2025-03-11T03:12:57.994+0000] {dag.py:3096} INFO - Sync 1 DAGs
[2025-03-11T03:12:58.020+0000] {logging_mixin.py:188} INFO - [2025-03-11T03:12:58.019+0000] {dag.py:3954} INFO - Setting next_dagrun for example_branch_dop_operator_v3 to 2025-03-11 03:11:00+00:00, run_after=2025-03-11 03:12:00+00:00
[2025-03-11T03:12:58.044+0000] {processor.py:183} INFO - Processing /home/airflow/.local/lib/python3.12/site-packages/airflow/example_dags/example_branch_python_dop_operator_3.py took 0.103 seconds
[2025-03-11T03:13:28.439+0000] {processor.py:161} INFO - Started process (PID=63694) to work on /home/airflow/.local/lib/python3.12/site-packages/airflow/example_dags/example_branch_python_dop_operator_3.py
[2025-03-11T03:13:28.441+0000] {processor.py:830} INFO - Processing file /home/airflow/.local/lib/python3.12/site-packages/airflow/example_dags/example_branch_python_dop_operator_3.py for tasks to queue
[2025-03-11T03:13:28.443+0000] {logging_mixin.py:188} INFO - [2025-03-11T03:13:28.442+0000] {dagbag.py:545} INFO - Filling up the DagBag from /home/airflow/.local/lib/python3.12/site-packages/airflow/example_dags/example_branch_python_dop_operator_3.py
[2025-03-11T03:13:28.452+0000] {processor.py:840} INFO - DAG(s) 'example_branch_dop_operator_v3' retrieved from /home/airflow/.local/lib/python3.12/site-packages/airflow/example_dags/example_branch_python_dop_operator_3.py
[2025-03-11T03:13:28.473+0000] {logging_mixin.py:188} INFO - [2025-03-11T03:13:28.472+0000] {dag.py:3096} INFO - Sync 1 DAGs
[2025-03-11T03:13:28.503+0000] {logging_mixin.py:188} INFO - [2025-03-11T03:13:28.503+0000] {dag.py:3954} INFO - Setting next_dagrun for example_branch_dop_operator_v3 to 2025-03-11 03:12:00+00:00, run_after=2025-03-11 03:13:00+00:00
[2025-03-11T03:13:28.525+0000] {processor.py:183} INFO - Processing /home/airflow/.local/lib/python3.12/site-packages/airflow/example_dags/example_branch_python_dop_operator_3.py took 0.092 seconds
[2025-03-11T03:14:00.481+0000] {processor.py:161} INFO - Started process (PID=63956) to work on /home/airflow/.local/lib/python3.12/site-packages/airflow/example_dags/example_branch_python_dop_operator_3.py
[2025-03-11T03:14:00.485+0000] {processor.py:830} INFO - Processing file /home/airflow/.local/lib/python3.12/site-packages/airflow/example_dags/example_branch_python_dop_operator_3.py for tasks to queue
[2025-03-11T03:14:00.494+0000] {logging_mixin.py:188} INFO - [2025-03-11T03:14:00.492+0000] {dagbag.py:545} INFO - Filling up the DagBag from /home/airflow/.local/lib/python3.12/site-packages/airflow/example_dags/example_branch_python_dop_operator_3.py
[2025-03-11T03:14:00.531+0000] {processor.py:840} INFO - DAG(s) 'example_branch_dop_operator_v3' retrieved from /home/airflow/.local/lib/python3.12/site-packages/airflow/example_dags/example_branch_python_dop_operator_3.py
[2025-03-11T03:14:00.572+0000] {logging_mixin.py:188} INFO - [2025-03-11T03:14:00.572+0000] {dag.py:3096} INFO - Sync 1 DAGs
[2025-03-11T03:14:00.603+0000] {logging_mixin.py:188} INFO - [2025-03-11T03:14:00.603+0000] {dag.py:3954} INFO - Setting next_dagrun for example_branch_dop_operator_v3 to 2025-03-11 03:13:00+00:00, run_after=2025-03-11 03:14:00+00:00
[2025-03-11T03:14:00.626+0000] {processor.py:183} INFO - Processing /home/airflow/.local/lib/python3.12/site-packages/airflow/example_dags/example_branch_python_dop_operator_3.py took 0.168 seconds
[2025-03-11T03:14:31.616+0000] {processor.py:161} INFO - Started process (PID=64218) to work on /home/airflow/.local/lib/python3.12/site-packages/airflow/example_dags/example_branch_python_dop_operator_3.py
[2025-03-11T03:14:31.617+0000] {processor.py:830} INFO - Processing file /home/airflow/.local/lib/python3.12/site-packages/airflow/example_dags/example_branch_python_dop_operator_3.py for tasks to queue
[2025-03-11T03:14:31.619+0000] {logging_mixin.py:188} INFO - [2025-03-11T03:14:31.618+0000] {dagbag.py:545} INFO - Filling up the DagBag from /home/airflow/.local/lib/python3.12/site-packages/airflow/example_dags/example_branch_python_dop_operator_3.py
[2025-03-11T03:14:31.629+0000] {processor.py:840} INFO - DAG(s) 'example_branch_dop_operator_v3' retrieved from /home/airflow/.local/lib/python3.12/site-packages/airflow/example_dags/example_branch_python_dop_operator_3.py
[2025-03-11T03:14:31.650+0000] {logging_mixin.py:188} INFO - [2025-03-11T03:14:31.649+0000] {dag.py:3096} INFO - Sync 1 DAGs
[2025-03-11T03:14:31.681+0000] {logging_mixin.py:188} INFO - [2025-03-11T03:14:31.681+0000] {dag.py:3954} INFO - Setting next_dagrun for example_branch_dop_operator_v3 to 2025-03-11 03:13:00+00:00, run_after=2025-03-11 03:14:00+00:00
[2025-03-11T03:14:31.707+0000] {processor.py:183} INFO - Processing /home/airflow/.local/lib/python3.12/site-packages/airflow/example_dags/example_branch_python_dop_operator_3.py took 0.099 seconds
[2025-03-11T03:15:04.807+0000] {processor.py:161} INFO - Started process (PID=64480) to work on /home/airflow/.local/lib/python3.12/site-packages/airflow/example_dags/example_branch_python_dop_operator_3.py
[2025-03-11T03:15:04.809+0000] {processor.py:830} INFO - Processing file /home/airflow/.local/lib/python3.12/site-packages/airflow/example_dags/example_branch_python_dop_operator_3.py for tasks to queue
[2025-03-11T03:15:04.811+0000] {logging_mixin.py:188} INFO - [2025-03-11T03:15:04.811+0000] {dagbag.py:545} INFO - Filling up the DagBag from /home/airflow/.local/lib/python3.12/site-packages/airflow/example_dags/example_branch_python_dop_operator_3.py
[2025-03-11T03:15:04.824+0000] {processor.py:840} INFO - DAG(s) 'example_branch_dop_operator_v3' retrieved from /home/airflow/.local/lib/python3.12/site-packages/airflow/example_dags/example_branch_python_dop_operator_3.py
[2025-03-11T03:15:04.852+0000] {logging_mixin.py:188} INFO - [2025-03-11T03:15:04.851+0000] {dag.py:3096} INFO - Sync 1 DAGs
[2025-03-11T03:15:04.885+0000] {logging_mixin.py:188} INFO - [2025-03-11T03:15:04.885+0000] {dag.py:3954} INFO - Setting next_dagrun for example_branch_dop_operator_v3 to 2025-03-11 03:14:00+00:00, run_after=2025-03-11 03:15:00+00:00
[2025-03-11T03:15:04.924+0000] {processor.py:183} INFO - Processing /home/airflow/.local/lib/python3.12/site-packages/airflow/example_dags/example_branch_python_dop_operator_3.py took 0.124 seconds
[2025-03-11T03:15:38.047+0000] {processor.py:161} INFO - Started process (PID=64742) to work on /home/airflow/.local/lib/python3.12/site-packages/airflow/example_dags/example_branch_python_dop_operator_3.py
[2025-03-11T03:15:38.050+0000] {processor.py:830} INFO - Processing file /home/airflow/.local/lib/python3.12/site-packages/airflow/example_dags/example_branch_python_dop_operator_3.py for tasks to queue
[2025-03-11T03:15:38.057+0000] {logging_mixin.py:188} INFO - [2025-03-11T03:15:38.056+0000] {dagbag.py:545} INFO - Filling up the DagBag from /home/airflow/.local/lib/python3.12/site-packages/airflow/example_dags/example_branch_python_dop_operator_3.py
[2025-03-11T03:15:38.076+0000] {processor.py:840} INFO - DAG(s) 'example_branch_dop_operator_v3' retrieved from /home/airflow/.local/lib/python3.12/site-packages/airflow/example_dags/example_branch_python_dop_operator_3.py
[2025-03-11T03:15:38.114+0000] {logging_mixin.py:188} INFO - [2025-03-11T03:15:38.114+0000] {dag.py:3096} INFO - Sync 1 DAGs
[2025-03-11T03:15:38.148+0000] {logging_mixin.py:188} INFO - [2025-03-11T03:15:38.148+0000] {dag.py:3954} INFO - Setting next_dagrun for example_branch_dop_operator_v3 to 2025-03-11 03:14:00+00:00, run_after=2025-03-11 03:15:00+00:00
[2025-03-11T03:15:38.357+0000] {processor.py:183} INFO - Processing /home/airflow/.local/lib/python3.12/site-packages/airflow/example_dags/example_branch_python_dop_operator_3.py took 0.322 seconds
[2025-03-11T03:16:08.637+0000] {processor.py:161} INFO - Started process (PID=65004) to work on /home/airflow/.local/lib/python3.12/site-packages/airflow/example_dags/example_branch_python_dop_operator_3.py
[2025-03-11T03:16:08.639+0000] {processor.py:830} INFO - Processing file /home/airflow/.local/lib/python3.12/site-packages/airflow/example_dags/example_branch_python_dop_operator_3.py for tasks to queue
[2025-03-11T03:16:08.644+0000] {logging_mixin.py:188} INFO - [2025-03-11T03:16:08.643+0000] {dagbag.py:545} INFO - Filling up the DagBag from /home/airflow/.local/lib/python3.12/site-packages/airflow/example_dags/example_branch_python_dop_operator_3.py
[2025-03-11T03:16:08.655+0000] {processor.py:840} INFO - DAG(s) 'example_branch_dop_operator_v3' retrieved from /home/airflow/.local/lib/python3.12/site-packages/airflow/example_dags/example_branch_python_dop_operator_3.py
[2025-03-11T03:16:08.682+0000] {logging_mixin.py:188} INFO - [2025-03-11T03:16:08.681+0000] {dag.py:3096} INFO - Sync 1 DAGs
[2025-03-11T03:16:08.716+0000] {logging_mixin.py:188} INFO - [2025-03-11T03:16:08.716+0000] {dag.py:3954} INFO - Setting next_dagrun for example_branch_dop_operator_v3 to 2025-03-11 03:15:00+00:00, run_after=2025-03-11 03:16:00+00:00
[2025-03-11T03:16:08.744+0000] {processor.py:183} INFO - Processing /home/airflow/.local/lib/python3.12/site-packages/airflow/example_dags/example_branch_python_dop_operator_3.py took 0.114 seconds
[2025-03-11T03:16:42.714+0000] {processor.py:161} INFO - Started process (PID=65266) to work on /home/airflow/.local/lib/python3.12/site-packages/airflow/example_dags/example_branch_python_dop_operator_3.py
[2025-03-11T03:16:42.715+0000] {processor.py:830} INFO - Processing file /home/airflow/.local/lib/python3.12/site-packages/airflow/example_dags/example_branch_python_dop_operator_3.py for tasks to queue
[2025-03-11T03:16:42.717+0000] {logging_mixin.py:188} INFO - [2025-03-11T03:16:42.717+0000] {dagbag.py:545} INFO - Filling up the DagBag from /home/airflow/.local/lib/python3.12/site-packages/airflow/example_dags/example_branch_python_dop_operator_3.py
[2025-03-11T03:16:42.725+0000] {processor.py:840} INFO - DAG(s) 'example_branch_dop_operator_v3' retrieved from /home/airflow/.local/lib/python3.12/site-packages/airflow/example_dags/example_branch_python_dop_operator_3.py
[2025-03-11T03:16:42.745+0000] {logging_mixin.py:188} INFO - [2025-03-11T03:16:42.745+0000] {dag.py:3096} INFO - Sync 1 DAGs
[2025-03-11T03:16:42.770+0000] {logging_mixin.py:188} INFO - [2025-03-11T03:16:42.770+0000] {dag.py:3954} INFO - Setting next_dagrun for example_branch_dop_operator_v3 to 2025-03-11 03:15:00+00:00, run_after=2025-03-11 03:16:00+00:00
[2025-03-11T03:16:42.789+0000] {processor.py:183} INFO - Processing /home/airflow/.local/lib/python3.12/site-packages/airflow/example_dags/example_branch_python_dop_operator_3.py took 0.080 seconds
[2025-03-11T03:17:13.895+0000] {processor.py:161} INFO - Started process (PID=65530) to work on /home/airflow/.local/lib/python3.12/site-packages/airflow/example_dags/example_branch_python_dop_operator_3.py
[2025-03-11T03:17:13.896+0000] {processor.py:830} INFO - Processing file /home/airflow/.local/lib/python3.12/site-packages/airflow/example_dags/example_branch_python_dop_operator_3.py for tasks to queue
[2025-03-11T03:17:13.899+0000] {logging_mixin.py:188} INFO - [2025-03-11T03:17:13.898+0000] {dagbag.py:545} INFO - Filling up the DagBag from /home/airflow/.local/lib/python3.12/site-packages/airflow/example_dags/example_branch_python_dop_operator_3.py
[2025-03-11T03:17:13.907+0000] {processor.py:840} INFO - DAG(s) 'example_branch_dop_operator_v3' retrieved from /home/airflow/.local/lib/python3.12/site-packages/airflow/example_dags/example_branch_python_dop_operator_3.py
[2025-03-11T03:17:13.926+0000] {logging_mixin.py:188} INFO - [2025-03-11T03:17:13.926+0000] {dag.py:3096} INFO - Sync 1 DAGs
[2025-03-11T03:17:13.952+0000] {logging_mixin.py:188} INFO - [2025-03-11T03:17:13.952+0000] {dag.py:3954} INFO - Setting next_dagrun for example_branch_dop_operator_v3 to 2025-03-11 03:16:00+00:00, run_after=2025-03-11 03:17:00+00:00
[2025-03-11T03:17:14.092+0000] {processor.py:183} INFO - Processing /home/airflow/.local/lib/python3.12/site-packages/airflow/example_dags/example_branch_python_dop_operator_3.py took 0.203 seconds
[2025-03-11T03:17:45.240+0000] {processor.py:161} INFO - Started process (PID=65790) to work on /home/airflow/.local/lib/python3.12/site-packages/airflow/example_dags/example_branch_python_dop_operator_3.py
[2025-03-11T03:17:45.241+0000] {processor.py:830} INFO - Processing file /home/airflow/.local/lib/python3.12/site-packages/airflow/example_dags/example_branch_python_dop_operator_3.py for tasks to queue
[2025-03-11T03:17:45.243+0000] {logging_mixin.py:188} INFO - [2025-03-11T03:17:45.243+0000] {dagbag.py:545} INFO - Filling up the DagBag from /home/airflow/.local/lib/python3.12/site-packages/airflow/example_dags/example_branch_python_dop_operator_3.py
[2025-03-11T03:17:45.253+0000] {processor.py:840} INFO - DAG(s) 'example_branch_dop_operator_v3' retrieved from /home/airflow/.local/lib/python3.12/site-packages/airflow/example_dags/example_branch_python_dop_operator_3.py
[2025-03-11T03:17:45.276+0000] {logging_mixin.py:188} INFO - [2025-03-11T03:17:45.276+0000] {dag.py:3096} INFO - Sync 1 DAGs
[2025-03-11T03:17:45.307+0000] {logging_mixin.py:188} INFO - [2025-03-11T03:17:45.307+0000] {dag.py:3954} INFO - Setting next_dagrun for example_branch_dop_operator_v3 to 2025-03-11 03:16:00+00:00, run_after=2025-03-11 03:17:00+00:00
[2025-03-11T03:17:45.333+0000] {processor.py:183} INFO - Processing /home/airflow/.local/lib/python3.12/site-packages/airflow/example_dags/example_branch_python_dop_operator_3.py took 0.099 seconds
[2025-03-11T03:18:19.398+0000] {processor.py:161} INFO - Started process (PID=66054) to work on /home/airflow/.local/lib/python3.12/site-packages/airflow/example_dags/example_branch_python_dop_operator_3.py
[2025-03-11T03:18:19.400+0000] {processor.py:830} INFO - Processing file /home/airflow/.local/lib/python3.12/site-packages/airflow/example_dags/example_branch_python_dop_operator_3.py for tasks to queue
[2025-03-11T03:18:19.403+0000] {logging_mixin.py:188} INFO - [2025-03-11T03:18:19.402+0000] {dagbag.py:545} INFO - Filling up the DagBag from /home/airflow/.local/lib/python3.12/site-packages/airflow/example_dags/example_branch_python_dop_operator_3.py
[2025-03-11T03:18:19.414+0000] {processor.py:840} INFO - DAG(s) 'example_branch_dop_operator_v3' retrieved from /home/airflow/.local/lib/python3.12/site-packages/airflow/example_dags/example_branch_python_dop_operator_3.py
[2025-03-11T03:18:19.562+0000] {logging_mixin.py:188} INFO - [2025-03-11T03:18:19.561+0000] {dag.py:3096} INFO - Sync 1 DAGs
[2025-03-11T03:18:19.588+0000] {logging_mixin.py:188} INFO - [2025-03-11T03:18:19.588+0000] {dag.py:3954} INFO - Setting next_dagrun for example_branch_dop_operator_v3 to 2025-03-11 03:17:00+00:00, run_after=2025-03-11 03:18:00+00:00
[2025-03-11T03:18:19.613+0000] {processor.py:183} INFO - Processing /home/airflow/.local/lib/python3.12/site-packages/airflow/example_dags/example_branch_python_dop_operator_3.py took 0.224 seconds
[2025-03-11T03:18:49.906+0000] {processor.py:161} INFO - Started process (PID=66314) to work on /home/airflow/.local/lib/python3.12/site-packages/airflow/example_dags/example_branch_python_dop_operator_3.py
[2025-03-11T03:18:49.907+0000] {processor.py:830} INFO - Processing file /home/airflow/.local/lib/python3.12/site-packages/airflow/example_dags/example_branch_python_dop_operator_3.py for tasks to queue
[2025-03-11T03:18:49.909+0000] {logging_mixin.py:188} INFO - [2025-03-11T03:18:49.909+0000] {dagbag.py:545} INFO - Filling up the DagBag from /home/airflow/.local/lib/python3.12/site-packages/airflow/example_dags/example_branch_python_dop_operator_3.py
[2025-03-11T03:18:49.919+0000] {processor.py:840} INFO - DAG(s) 'example_branch_dop_operator_v3' retrieved from /home/airflow/.local/lib/python3.12/site-packages/airflow/example_dags/example_branch_python_dop_operator_3.py
[2025-03-11T03:18:49.940+0000] {logging_mixin.py:188} INFO - [2025-03-11T03:18:49.940+0000] {dag.py:3096} INFO - Sync 1 DAGs
[2025-03-11T03:18:49.967+0000] {logging_mixin.py:188} INFO - [2025-03-11T03:18:49.966+0000] {dag.py:3954} INFO - Setting next_dagrun for example_branch_dop_operator_v3 to 2025-03-11 03:17:00+00:00, run_after=2025-03-11 03:18:00+00:00
[2025-03-11T03:18:49.989+0000] {processor.py:183} INFO - Processing /home/airflow/.local/lib/python3.12/site-packages/airflow/example_dags/example_branch_python_dop_operator_3.py took 0.090 seconds
[2025-03-11T03:19:21.923+0000] {processor.py:161} INFO - Started process (PID=66576) to work on /home/airflow/.local/lib/python3.12/site-packages/airflow/example_dags/example_branch_python_dop_operator_3.py
[2025-03-11T03:19:21.924+0000] {processor.py:830} INFO - Processing file /home/airflow/.local/lib/python3.12/site-packages/airflow/example_dags/example_branch_python_dop_operator_3.py for tasks to queue
[2025-03-11T03:19:21.926+0000] {logging_mixin.py:188} INFO - [2025-03-11T03:19:21.926+0000] {dagbag.py:545} INFO - Filling up the DagBag from /home/airflow/.local/lib/python3.12/site-packages/airflow/example_dags/example_branch_python_dop_operator_3.py
[2025-03-11T03:19:21.936+0000] {processor.py:840} INFO - DAG(s) 'example_branch_dop_operator_v3' retrieved from /home/airflow/.local/lib/python3.12/site-packages/airflow/example_dags/example_branch_python_dop_operator_3.py
[2025-03-11T03:19:21.956+0000] {logging_mixin.py:188} INFO - [2025-03-11T03:19:21.956+0000] {dag.py:3096} INFO - Sync 1 DAGs
[2025-03-11T03:19:21.983+0000] {logging_mixin.py:188} INFO - [2025-03-11T03:19:21.983+0000] {dag.py:3954} INFO - Setting next_dagrun for example_branch_dop_operator_v3 to 2025-03-11 03:18:00+00:00, run_after=2025-03-11 03:19:00+00:00
[2025-03-11T03:19:22.007+0000] {processor.py:183} INFO - Processing /home/airflow/.local/lib/python3.12/site-packages/airflow/example_dags/example_branch_python_dop_operator_3.py took 0.090 seconds
[2025-03-11T03:19:53.140+0000] {processor.py:161} INFO - Started process (PID=66838) to work on /home/airflow/.local/lib/python3.12/site-packages/airflow/example_dags/example_branch_python_dop_operator_3.py
[2025-03-11T03:19:53.142+0000] {processor.py:830} INFO - Processing file /home/airflow/.local/lib/python3.12/site-packages/airflow/example_dags/example_branch_python_dop_operator_3.py for tasks to queue
[2025-03-11T03:19:53.144+0000] {logging_mixin.py:188} INFO - [2025-03-11T03:19:53.144+0000] {dagbag.py:545} INFO - Filling up the DagBag from /home/airflow/.local/lib/python3.12/site-packages/airflow/example_dags/example_branch_python_dop_operator_3.py
[2025-03-11T03:19:53.154+0000] {processor.py:840} INFO - DAG(s) 'example_branch_dop_operator_v3' retrieved from /home/airflow/.local/lib/python3.12/site-packages/airflow/example_dags/example_branch_python_dop_operator_3.py
[2025-03-11T03:19:53.173+0000] {logging_mixin.py:188} INFO - [2025-03-11T03:19:53.173+0000] {dag.py:3096} INFO - Sync 1 DAGs
[2025-03-11T03:19:53.198+0000] {logging_mixin.py:188} INFO - [2025-03-11T03:19:53.198+0000] {dag.py:3954} INFO - Setting next_dagrun for example_branch_dop_operator_v3 to 2025-03-11 03:18:00+00:00, run_after=2025-03-11 03:19:00+00:00
[2025-03-11T03:19:53.219+0000] {processor.py:183} INFO - Processing /home/airflow/.local/lib/python3.12/site-packages/airflow/example_dags/example_branch_python_dop_operator_3.py took 0.085 seconds
[2025-03-11T03:20:26.094+0000] {processor.py:161} INFO - Started process (PID=67101) to work on /home/airflow/.local/lib/python3.12/site-packages/airflow/example_dags/example_branch_python_dop_operator_3.py
[2025-03-11T03:20:26.097+0000] {processor.py:830} INFO - Processing file /home/airflow/.local/lib/python3.12/site-packages/airflow/example_dags/example_branch_python_dop_operator_3.py for tasks to queue
[2025-03-11T03:20:26.102+0000] {logging_mixin.py:188} INFO - [2025-03-11T03:20:26.101+0000] {dagbag.py:545} INFO - Filling up the DagBag from /home/airflow/.local/lib/python3.12/site-packages/airflow/example_dags/example_branch_python_dop_operator_3.py
[2025-03-11T03:20:26.115+0000] {processor.py:840} INFO - DAG(s) 'example_branch_dop_operator_v3' retrieved from /home/airflow/.local/lib/python3.12/site-packages/airflow/example_dags/example_branch_python_dop_operator_3.py
[2025-03-11T03:20:26.167+0000] {logging_mixin.py:188} INFO - [2025-03-11T03:20:26.167+0000] {dag.py:3096} INFO - Sync 1 DAGs
[2025-03-11T03:20:26.213+0000] {logging_mixin.py:188} INFO - [2025-03-11T03:20:26.213+0000] {dag.py:3954} INFO - Setting next_dagrun for example_branch_dop_operator_v3 to 2025-03-11 03:19:00+00:00, run_after=2025-03-11 03:20:00+00:00
[2025-03-11T03:20:26.247+0000] {processor.py:183} INFO - Processing /home/airflow/.local/lib/python3.12/site-packages/airflow/example_dags/example_branch_python_dop_operator_3.py took 0.168 seconds
[2025-03-11T03:20:57.395+0000] {processor.py:161} INFO - Started process (PID=67366) to work on /home/airflow/.local/lib/python3.12/site-packages/airflow/example_dags/example_branch_python_dop_operator_3.py
[2025-03-11T03:20:57.396+0000] {processor.py:830} INFO - Processing file /home/airflow/.local/lib/python3.12/site-packages/airflow/example_dags/example_branch_python_dop_operator_3.py for tasks to queue
[2025-03-11T03:20:57.398+0000] {logging_mixin.py:188} INFO - [2025-03-11T03:20:57.398+0000] {dagbag.py:545} INFO - Filling up the DagBag from /home/airflow/.local/lib/python3.12/site-packages/airflow/example_dags/example_branch_python_dop_operator_3.py
[2025-03-11T03:20:57.409+0000] {processor.py:840} INFO - DAG(s) 'example_branch_dop_operator_v3' retrieved from /home/airflow/.local/lib/python3.12/site-packages/airflow/example_dags/example_branch_python_dop_operator_3.py
[2025-03-11T03:20:57.433+0000] {logging_mixin.py:188} INFO - [2025-03-11T03:20:57.432+0000] {dag.py:3096} INFO - Sync 1 DAGs
[2025-03-11T03:20:57.461+0000] {logging_mixin.py:188} INFO - [2025-03-11T03:20:57.460+0000] {dag.py:3954} INFO - Setting next_dagrun for example_branch_dop_operator_v3 to 2025-03-11 03:19:00+00:00, run_after=2025-03-11 03:20:00+00:00
[2025-03-11T03:20:57.479+0000] {processor.py:183} INFO - Processing /home/airflow/.local/lib/python3.12/site-packages/airflow/example_dags/example_branch_python_dop_operator_3.py took 0.089 seconds
[2025-03-11T03:21:30.894+0000] {processor.py:161} INFO - Started process (PID=67628) to work on /home/airflow/.local/lib/python3.12/site-packages/airflow/example_dags/example_branch_python_dop_operator_3.py
[2025-03-11T03:21:30.896+0000] {processor.py:830} INFO - Processing file /home/airflow/.local/lib/python3.12/site-packages/airflow/example_dags/example_branch_python_dop_operator_3.py for tasks to queue
[2025-03-11T03:21:30.898+0000] {logging_mixin.py:188} INFO - [2025-03-11T03:21:30.898+0000] {dagbag.py:545} INFO - Filling up the DagBag from /home/airflow/.local/lib/python3.12/site-packages/airflow/example_dags/example_branch_python_dop_operator_3.py
[2025-03-11T03:21:30.907+0000] {processor.py:840} INFO - DAG(s) 'example_branch_dop_operator_v3' retrieved from /home/airflow/.local/lib/python3.12/site-packages/airflow/example_dags/example_branch_python_dop_operator_3.py
[2025-03-11T03:21:30.925+0000] {logging_mixin.py:188} INFO - [2025-03-11T03:21:30.925+0000] {dag.py:3096} INFO - Sync 1 DAGs
[2025-03-11T03:21:30.947+0000] {logging_mixin.py:188} INFO - [2025-03-11T03:21:30.946+0000] {dag.py:3954} INFO - Setting next_dagrun for example_branch_dop_operator_v3 to 2025-03-11 03:20:00+00:00, run_after=2025-03-11 03:21:00+00:00
[2025-03-11T03:21:30.968+0000] {processor.py:183} INFO - Processing /home/airflow/.local/lib/python3.12/site-packages/airflow/example_dags/example_branch_python_dop_operator_3.py took 0.079 seconds
[2025-03-11T03:22:02.501+0000] {processor.py:161} INFO - Started process (PID=67890) to work on /home/airflow/.local/lib/python3.12/site-packages/airflow/example_dags/example_branch_python_dop_operator_3.py
[2025-03-11T03:22:02.503+0000] {processor.py:830} INFO - Processing file /home/airflow/.local/lib/python3.12/site-packages/airflow/example_dags/example_branch_python_dop_operator_3.py for tasks to queue
[2025-03-11T03:22:02.505+0000] {logging_mixin.py:188} INFO - [2025-03-11T03:22:02.504+0000] {dagbag.py:545} INFO - Filling up the DagBag from /home/airflow/.local/lib/python3.12/site-packages/airflow/example_dags/example_branch_python_dop_operator_3.py
[2025-03-11T03:22:02.514+0000] {processor.py:840} INFO - DAG(s) 'example_branch_dop_operator_v3' retrieved from /home/airflow/.local/lib/python3.12/site-packages/airflow/example_dags/example_branch_python_dop_operator_3.py
[2025-03-11T03:22:02.534+0000] {logging_mixin.py:188} INFO - [2025-03-11T03:22:02.534+0000] {dag.py:3096} INFO - Sync 1 DAGs
[2025-03-11T03:22:02.562+0000] {logging_mixin.py:188} INFO - [2025-03-11T03:22:02.562+0000] {dag.py:3954} INFO - Setting next_dagrun for example_branch_dop_operator_v3 to 2025-03-11 03:21:00+00:00, run_after=2025-03-11 03:22:00+00:00
[2025-03-11T03:22:02.582+0000] {processor.py:183} INFO - Processing /home/airflow/.local/lib/python3.12/site-packages/airflow/example_dags/example_branch_python_dop_operator_3.py took 0.087 seconds
[2025-03-11T03:22:35.474+0000] {processor.py:161} INFO - Started process (PID=68164) to work on /home/airflow/.local/lib/python3.12/site-packages/airflow/example_dags/example_branch_python_dop_operator_3.py
[2025-03-11T03:22:35.476+0000] {processor.py:830} INFO - Processing file /home/airflow/.local/lib/python3.12/site-packages/airflow/example_dags/example_branch_python_dop_operator_3.py for tasks to queue
[2025-03-11T03:22:35.483+0000] {logging_mixin.py:188} INFO - [2025-03-11T03:22:35.482+0000] {dagbag.py:545} INFO - Filling up the DagBag from /home/airflow/.local/lib/python3.12/site-packages/airflow/example_dags/example_branch_python_dop_operator_3.py
[2025-03-11T03:22:35.496+0000] {processor.py:840} INFO - DAG(s) 'example_branch_dop_operator_v3' retrieved from /home/airflow/.local/lib/python3.12/site-packages/airflow/example_dags/example_branch_python_dop_operator_3.py
[2025-03-11T03:22:35.542+0000] {logging_mixin.py:188} INFO - [2025-03-11T03:22:35.541+0000] {dag.py:3096} INFO - Sync 1 DAGs
[2025-03-11T03:22:35.587+0000] {logging_mixin.py:188} INFO - [2025-03-11T03:22:35.586+0000] {dag.py:3954} INFO - Setting next_dagrun for example_branch_dop_operator_v3 to 2025-03-11 03:21:00+00:00, run_after=2025-03-11 03:22:00+00:00
[2025-03-11T03:22:35.617+0000] {processor.py:183} INFO - Processing /home/airflow/.local/lib/python3.12/site-packages/airflow/example_dags/example_branch_python_dop_operator_3.py took 0.156 seconds
[2025-03-11T03:23:07.636+0000] {processor.py:161} INFO - Started process (PID=68426) to work on /home/airflow/.local/lib/python3.12/site-packages/airflow/example_dags/example_branch_python_dop_operator_3.py
[2025-03-11T03:23:07.637+0000] {processor.py:830} INFO - Processing file /home/airflow/.local/lib/python3.12/site-packages/airflow/example_dags/example_branch_python_dop_operator_3.py for tasks to queue
[2025-03-11T03:23:07.640+0000] {logging_mixin.py:188} INFO - [2025-03-11T03:23:07.640+0000] {dagbag.py:545} INFO - Filling up the DagBag from /home/airflow/.local/lib/python3.12/site-packages/airflow/example_dags/example_branch_python_dop_operator_3.py
[2025-03-11T03:23:07.648+0000] {processor.py:840} INFO - DAG(s) 'example_branch_dop_operator_v3' retrieved from /home/airflow/.local/lib/python3.12/site-packages/airflow/example_dags/example_branch_python_dop_operator_3.py
[2025-03-11T03:23:07.667+0000] {logging_mixin.py:188} INFO - [2025-03-11T03:23:07.666+0000] {dag.py:3096} INFO - Sync 1 DAGs
[2025-03-11T03:23:07.693+0000] {logging_mixin.py:188} INFO - [2025-03-11T03:23:07.692+0000] {dag.py:3954} INFO - Setting next_dagrun for example_branch_dop_operator_v3 to 2025-03-11 03:22:00+00:00, run_after=2025-03-11 03:23:00+00:00
[2025-03-11T03:23:07.716+0000] {processor.py:183} INFO - Processing /home/airflow/.local/lib/python3.12/site-packages/airflow/example_dags/example_branch_python_dop_operator_3.py took 0.086 seconds
[2025-03-11T03:23:38.685+0000] {processor.py:161} INFO - Started process (PID=68686) to work on /home/airflow/.local/lib/python3.12/site-packages/airflow/example_dags/example_branch_python_dop_operator_3.py
[2025-03-11T03:23:38.687+0000] {processor.py:830} INFO - Processing file /home/airflow/.local/lib/python3.12/site-packages/airflow/example_dags/example_branch_python_dop_operator_3.py for tasks to queue
[2025-03-11T03:23:38.689+0000] {logging_mixin.py:188} INFO - [2025-03-11T03:23:38.688+0000] {dagbag.py:545} INFO - Filling up the DagBag from /home/airflow/.local/lib/python3.12/site-packages/airflow/example_dags/example_branch_python_dop_operator_3.py
[2025-03-11T03:23:38.698+0000] {processor.py:840} INFO - DAG(s) 'example_branch_dop_operator_v3' retrieved from /home/airflow/.local/lib/python3.12/site-packages/airflow/example_dags/example_branch_python_dop_operator_3.py
[2025-03-11T03:23:38.719+0000] {logging_mixin.py:188} INFO - [2025-03-11T03:23:38.719+0000] {dag.py:3096} INFO - Sync 1 DAGs
[2025-03-11T03:23:38.745+0000] {logging_mixin.py:188} INFO - [2025-03-11T03:23:38.745+0000] {dag.py:3954} INFO - Setting next_dagrun for example_branch_dop_operator_v3 to 2025-03-11 03:22:00+00:00, run_after=2025-03-11 03:23:00+00:00
[2025-03-11T03:23:38.766+0000] {processor.py:183} INFO - Processing /home/airflow/.local/lib/python3.12/site-packages/airflow/example_dags/example_branch_python_dop_operator_3.py took 0.087 seconds
[2025-03-11T03:24:11.750+0000] {processor.py:161} INFO - Started process (PID=68948) to work on /home/airflow/.local/lib/python3.12/site-packages/airflow/example_dags/example_branch_python_dop_operator_3.py
[2025-03-11T03:24:11.751+0000] {processor.py:830} INFO - Processing file /home/airflow/.local/lib/python3.12/site-packages/airflow/example_dags/example_branch_python_dop_operator_3.py for tasks to queue
[2025-03-11T03:24:11.753+0000] {logging_mixin.py:188} INFO - [2025-03-11T03:24:11.753+0000] {dagbag.py:545} INFO - Filling up the DagBag from /home/airflow/.local/lib/python3.12/site-packages/airflow/example_dags/example_branch_python_dop_operator_3.py
[2025-03-11T03:24:11.761+0000] {processor.py:840} INFO - DAG(s) 'example_branch_dop_operator_v3' retrieved from /home/airflow/.local/lib/python3.12/site-packages/airflow/example_dags/example_branch_python_dop_operator_3.py
[2025-03-11T03:24:11.780+0000] {logging_mixin.py:188} INFO - [2025-03-11T03:24:11.780+0000] {dag.py:3096} INFO - Sync 1 DAGs
[2025-03-11T03:24:11.805+0000] {logging_mixin.py:188} INFO - [2025-03-11T03:24:11.804+0000] {dag.py:3954} INFO - Setting next_dagrun for example_branch_dop_operator_v3 to 2025-03-11 03:23:00+00:00, run_after=2025-03-11 03:24:00+00:00
[2025-03-11T03:24:11.826+0000] {processor.py:183} INFO - Processing /home/airflow/.local/lib/python3.12/site-packages/airflow/example_dags/example_branch_python_dop_operator_3.py took 0.081 seconds
[2025-03-11T03:24:43.741+0000] {processor.py:161} INFO - Started process (PID=69210) to work on /home/airflow/.local/lib/python3.12/site-packages/airflow/example_dags/example_branch_python_dop_operator_3.py
[2025-03-11T03:24:43.742+0000] {processor.py:830} INFO - Processing file /home/airflow/.local/lib/python3.12/site-packages/airflow/example_dags/example_branch_python_dop_operator_3.py for tasks to queue
[2025-03-11T03:24:43.744+0000] {logging_mixin.py:188} INFO - [2025-03-11T03:24:43.744+0000] {dagbag.py:545} INFO - Filling up the DagBag from /home/airflow/.local/lib/python3.12/site-packages/airflow/example_dags/example_branch_python_dop_operator_3.py
[2025-03-11T03:24:43.752+0000] {processor.py:840} INFO - DAG(s) 'example_branch_dop_operator_v3' retrieved from /home/airflow/.local/lib/python3.12/site-packages/airflow/example_dags/example_branch_python_dop_operator_3.py
[2025-03-11T03:24:43.772+0000] {logging_mixin.py:188} INFO - [2025-03-11T03:24:43.772+0000] {dag.py:3096} INFO - Sync 1 DAGs
[2025-03-11T03:24:43.796+0000] {logging_mixin.py:188} INFO - [2025-03-11T03:24:43.796+0000] {dag.py:3954} INFO - Setting next_dagrun for example_branch_dop_operator_v3 to 2025-03-11 03:23:00+00:00, run_after=2025-03-11 03:24:00+00:00
[2025-03-11T03:24:43.815+0000] {processor.py:183} INFO - Processing /home/airflow/.local/lib/python3.12/site-packages/airflow/example_dags/example_branch_python_dop_operator_3.py took 0.080 seconds
[2025-03-11T03:25:15.324+0000] {processor.py:161} INFO - Started process (PID=69474) to work on /home/airflow/.local/lib/python3.12/site-packages/airflow/example_dags/example_branch_python_dop_operator_3.py
[2025-03-11T03:25:15.326+0000] {processor.py:830} INFO - Processing file /home/airflow/.local/lib/python3.12/site-packages/airflow/example_dags/example_branch_python_dop_operator_3.py for tasks to queue
[2025-03-11T03:25:15.330+0000] {logging_mixin.py:188} INFO - [2025-03-11T03:25:15.329+0000] {dagbag.py:545} INFO - Filling up the DagBag from /home/airflow/.local/lib/python3.12/site-packages/airflow/example_dags/example_branch_python_dop_operator_3.py
[2025-03-11T03:25:15.344+0000] {processor.py:840} INFO - DAG(s) 'example_branch_dop_operator_v3' retrieved from /home/airflow/.local/lib/python3.12/site-packages/airflow/example_dags/example_branch_python_dop_operator_3.py
[2025-03-11T03:25:15.381+0000] {logging_mixin.py:188} INFO - [2025-03-11T03:25:15.380+0000] {dag.py:3096} INFO - Sync 1 DAGs
[2025-03-11T03:25:15.444+0000] {logging_mixin.py:188} INFO - [2025-03-11T03:25:15.443+0000] {dag.py:3954} INFO - Setting next_dagrun for example_branch_dop_operator_v3 to 2025-03-11 03:24:00+00:00, run_after=2025-03-11 03:25:00+00:00
[2025-03-11T03:25:15.476+0000] {processor.py:183} INFO - Processing /home/airflow/.local/lib/python3.12/site-packages/airflow/example_dags/example_branch_python_dop_operator_3.py took 0.162 seconds
[2025-03-11T03:25:47.660+0000] {processor.py:161} INFO - Started process (PID=69734) to work on /home/airflow/.local/lib/python3.12/site-packages/airflow/example_dags/example_branch_python_dop_operator_3.py
[2025-03-11T03:25:47.662+0000] {processor.py:830} INFO - Processing file /home/airflow/.local/lib/python3.12/site-packages/airflow/example_dags/example_branch_python_dop_operator_3.py for tasks to queue
[2025-03-11T03:25:47.664+0000] {logging_mixin.py:188} INFO - [2025-03-11T03:25:47.663+0000] {dagbag.py:545} INFO - Filling up the DagBag from /home/airflow/.local/lib/python3.12/site-packages/airflow/example_dags/example_branch_python_dop_operator_3.py
[2025-03-11T03:25:47.673+0000] {processor.py:840} INFO - DAG(s) 'example_branch_dop_operator_v3' retrieved from /home/airflow/.local/lib/python3.12/site-packages/airflow/example_dags/example_branch_python_dop_operator_3.py
[2025-03-11T03:25:47.698+0000] {logging_mixin.py:188} INFO - [2025-03-11T03:25:47.698+0000] {dag.py:3096} INFO - Sync 1 DAGs
[2025-03-11T03:25:47.728+0000] {logging_mixin.py:188} INFO - [2025-03-11T03:25:47.728+0000] {dag.py:3954} INFO - Setting next_dagrun for example_branch_dop_operator_v3 to 2025-03-11 03:24:00+00:00, run_after=2025-03-11 03:25:00+00:00
[2025-03-11T03:25:47.756+0000] {processor.py:183} INFO - Processing /home/airflow/.local/lib/python3.12/site-packages/airflow/example_dags/example_branch_python_dop_operator_3.py took 0.102 seconds
[2025-03-11T03:26:20.107+0000] {processor.py:161} INFO - Started process (PID=69996) to work on /home/airflow/.local/lib/python3.12/site-packages/airflow/example_dags/example_branch_python_dop_operator_3.py
[2025-03-11T03:26:20.108+0000] {processor.py:830} INFO - Processing file /home/airflow/.local/lib/python3.12/site-packages/airflow/example_dags/example_branch_python_dop_operator_3.py for tasks to queue
[2025-03-11T03:26:20.110+0000] {logging_mixin.py:188} INFO - [2025-03-11T03:26:20.110+0000] {dagbag.py:545} INFO - Filling up the DagBag from /home/airflow/.local/lib/python3.12/site-packages/airflow/example_dags/example_branch_python_dop_operator_3.py
[2025-03-11T03:26:20.118+0000] {processor.py:840} INFO - DAG(s) 'example_branch_dop_operator_v3' retrieved from /home/airflow/.local/lib/python3.12/site-packages/airflow/example_dags/example_branch_python_dop_operator_3.py
[2025-03-11T03:26:20.137+0000] {logging_mixin.py:188} INFO - [2025-03-11T03:26:20.137+0000] {dag.py:3096} INFO - Sync 1 DAGs
[2025-03-11T03:26:20.161+0000] {logging_mixin.py:188} INFO - [2025-03-11T03:26:20.161+0000] {dag.py:3954} INFO - Setting next_dagrun for example_branch_dop_operator_v3 to 2025-03-11 03:25:00+00:00, run_after=2025-03-11 03:26:00+00:00
[2025-03-11T03:26:20.180+0000] {processor.py:183} INFO - Processing /home/airflow/.local/lib/python3.12/site-packages/airflow/example_dags/example_branch_python_dop_operator_3.py took 0.079 seconds
[2025-03-11T03:26:50.926+0000] {processor.py:161} INFO - Started process (PID=70258) to work on /home/airflow/.local/lib/python3.12/site-packages/airflow/example_dags/example_branch_python_dop_operator_3.py
[2025-03-11T03:26:50.928+0000] {processor.py:830} INFO - Processing file /home/airflow/.local/lib/python3.12/site-packages/airflow/example_dags/example_branch_python_dop_operator_3.py for tasks to queue
[2025-03-11T03:26:50.930+0000] {logging_mixin.py:188} INFO - [2025-03-11T03:26:50.930+0000] {dagbag.py:545} INFO - Filling up the DagBag from /home/airflow/.local/lib/python3.12/site-packages/airflow/example_dags/example_branch_python_dop_operator_3.py
[2025-03-11T03:26:50.939+0000] {processor.py:840} INFO - DAG(s) 'example_branch_dop_operator_v3' retrieved from /home/airflow/.local/lib/python3.12/site-packages/airflow/example_dags/example_branch_python_dop_operator_3.py
[2025-03-11T03:26:50.959+0000] {logging_mixin.py:188} INFO - [2025-03-11T03:26:50.959+0000] {dag.py:3096} INFO - Sync 1 DAGs
[2025-03-11T03:26:50.989+0000] {logging_mixin.py:188} INFO - [2025-03-11T03:26:50.988+0000] {dag.py:3954} INFO - Setting next_dagrun for example_branch_dop_operator_v3 to 2025-03-11 03:25:00+00:00, run_after=2025-03-11 03:26:00+00:00
[2025-03-11T03:26:51.010+0000] {processor.py:183} INFO - Processing /home/airflow/.local/lib/python3.12/site-packages/airflow/example_dags/example_branch_python_dop_operator_3.py took 0.089 seconds
[2025-03-11T03:27:23.965+0000] {processor.py:161} INFO - Started process (PID=70520) to work on /home/airflow/.local/lib/python3.12/site-packages/airflow/example_dags/example_branch_python_dop_operator_3.py
[2025-03-11T03:27:23.967+0000] {processor.py:830} INFO - Processing file /home/airflow/.local/lib/python3.12/site-packages/airflow/example_dags/example_branch_python_dop_operator_3.py for tasks to queue
[2025-03-11T03:27:23.970+0000] {logging_mixin.py:188} INFO - [2025-03-11T03:27:23.970+0000] {dagbag.py:545} INFO - Filling up the DagBag from /home/airflow/.local/lib/python3.12/site-packages/airflow/example_dags/example_branch_python_dop_operator_3.py
[2025-03-11T03:27:23.979+0000] {processor.py:840} INFO - DAG(s) 'example_branch_dop_operator_v3' retrieved from /home/airflow/.local/lib/python3.12/site-packages/airflow/example_dags/example_branch_python_dop_operator_3.py
[2025-03-11T03:27:24.000+0000] {logging_mixin.py:188} INFO - [2025-03-11T03:27:23.999+0000] {dag.py:3096} INFO - Sync 1 DAGs
[2025-03-11T03:27:24.025+0000] {logging_mixin.py:188} INFO - [2025-03-11T03:27:24.025+0000] {dag.py:3954} INFO - Setting next_dagrun for example_branch_dop_operator_v3 to 2025-03-11 03:26:00+00:00, run_after=2025-03-11 03:27:00+00:00
[2025-03-11T03:27:24.046+0000] {processor.py:183} INFO - Processing /home/airflow/.local/lib/python3.12/site-packages/airflow/example_dags/example_branch_python_dop_operator_3.py took 0.087 seconds
[2025-03-11T03:27:55.741+0000] {processor.py:161} INFO - Started process (PID=70782) to work on /home/airflow/.local/lib/python3.12/site-packages/airflow/example_dags/example_branch_python_dop_operator_3.py
[2025-03-11T03:27:55.742+0000] {processor.py:830} INFO - Processing file /home/airflow/.local/lib/python3.12/site-packages/airflow/example_dags/example_branch_python_dop_operator_3.py for tasks to queue
[2025-03-11T03:27:55.744+0000] {logging_mixin.py:188} INFO - [2025-03-11T03:27:55.744+0000] {dagbag.py:545} INFO - Filling up the DagBag from /home/airflow/.local/lib/python3.12/site-packages/airflow/example_dags/example_branch_python_dop_operator_3.py
[2025-03-11T03:27:55.758+0000] {processor.py:840} INFO - DAG(s) 'example_branch_dop_operator_v3' retrieved from /home/airflow/.local/lib/python3.12/site-packages/airflow/example_dags/example_branch_python_dop_operator_3.py
[2025-03-11T03:27:55.781+0000] {logging_mixin.py:188} INFO - [2025-03-11T03:27:55.781+0000] {dag.py:3096} INFO - Sync 1 DAGs
[2025-03-11T03:27:55.813+0000] {logging_mixin.py:188} INFO - [2025-03-11T03:27:55.813+0000] {dag.py:3954} INFO - Setting next_dagrun for example_branch_dop_operator_v3 to 2025-03-11 03:26:00+00:00, run_after=2025-03-11 03:27:00+00:00
[2025-03-11T03:27:55.842+0000] {processor.py:183} INFO - Processing /home/airflow/.local/lib/python3.12/site-packages/airflow/example_dags/example_branch_python_dop_operator_3.py took 0.109 seconds
[2025-03-11T03:28:28.632+0000] {processor.py:161} INFO - Started process (PID=71044) to work on /home/airflow/.local/lib/python3.12/site-packages/airflow/example_dags/example_branch_python_dop_operator_3.py
[2025-03-11T03:28:28.633+0000] {processor.py:830} INFO - Processing file /home/airflow/.local/lib/python3.12/site-packages/airflow/example_dags/example_branch_python_dop_operator_3.py for tasks to queue
[2025-03-11T03:28:28.636+0000] {logging_mixin.py:188} INFO - [2025-03-11T03:28:28.635+0000] {dagbag.py:545} INFO - Filling up the DagBag from /home/airflow/.local/lib/python3.12/site-packages/airflow/example_dags/example_branch_python_dop_operator_3.py
[2025-03-11T03:28:28.648+0000] {processor.py:840} INFO - DAG(s) 'example_branch_dop_operator_v3' retrieved from /home/airflow/.local/lib/python3.12/site-packages/airflow/example_dags/example_branch_python_dop_operator_3.py
[2025-03-11T03:28:28.672+0000] {logging_mixin.py:188} INFO - [2025-03-11T03:28:28.671+0000] {dag.py:3096} INFO - Sync 1 DAGs
[2025-03-11T03:28:28.699+0000] {logging_mixin.py:188} INFO - [2025-03-11T03:28:28.698+0000] {dag.py:3954} INFO - Setting next_dagrun for example_branch_dop_operator_v3 to 2025-03-11 03:27:00+00:00, run_after=2025-03-11 03:28:00+00:00
[2025-03-11T03:28:28.724+0000] {processor.py:183} INFO - Processing /home/airflow/.local/lib/python3.12/site-packages/airflow/example_dags/example_branch_python_dop_operator_3.py took 0.099 seconds
[2025-03-11T03:29:00.831+0000] {processor.py:161} INFO - Started process (PID=71306) to work on /home/airflow/.local/lib/python3.12/site-packages/airflow/example_dags/example_branch_python_dop_operator_3.py
[2025-03-11T03:29:00.832+0000] {processor.py:830} INFO - Processing file /home/airflow/.local/lib/python3.12/site-packages/airflow/example_dags/example_branch_python_dop_operator_3.py for tasks to queue
[2025-03-11T03:29:00.836+0000] {logging_mixin.py:188} INFO - [2025-03-11T03:29:00.835+0000] {dagbag.py:545} INFO - Filling up the DagBag from /home/airflow/.local/lib/python3.12/site-packages/airflow/example_dags/example_branch_python_dop_operator_3.py
[2025-03-11T03:29:00.848+0000] {processor.py:840} INFO - DAG(s) 'example_branch_dop_operator_v3' retrieved from /home/airflow/.local/lib/python3.12/site-packages/airflow/example_dags/example_branch_python_dop_operator_3.py
[2025-03-11T03:29:00.876+0000] {logging_mixin.py:188} INFO - [2025-03-11T03:29:00.875+0000] {dag.py:3096} INFO - Sync 1 DAGs
[2025-03-11T03:29:00.905+0000] {logging_mixin.py:188} INFO - [2025-03-11T03:29:00.905+0000] {dag.py:3954} INFO - Setting next_dagrun for example_branch_dop_operator_v3 to 2025-03-11 03:28:00+00:00, run_after=2025-03-11 03:29:00+00:00
[2025-03-11T03:29:00.934+0000] {processor.py:183} INFO - Processing /home/airflow/.local/lib/python3.12/site-packages/airflow/example_dags/example_branch_python_dop_operator_3.py took 0.111 seconds
[2025-03-11T03:29:32.687+0000] {processor.py:161} INFO - Started process (PID=71568) to work on /home/airflow/.local/lib/python3.12/site-packages/airflow/example_dags/example_branch_python_dop_operator_3.py
[2025-03-11T03:29:32.688+0000] {processor.py:830} INFO - Processing file /home/airflow/.local/lib/python3.12/site-packages/airflow/example_dags/example_branch_python_dop_operator_3.py for tasks to queue
[2025-03-11T03:29:32.690+0000] {logging_mixin.py:188} INFO - [2025-03-11T03:29:32.690+0000] {dagbag.py:545} INFO - Filling up the DagBag from /home/airflow/.local/lib/python3.12/site-packages/airflow/example_dags/example_branch_python_dop_operator_3.py
[2025-03-11T03:29:32.699+0000] {processor.py:840} INFO - DAG(s) 'example_branch_dop_operator_v3' retrieved from /home/airflow/.local/lib/python3.12/site-packages/airflow/example_dags/example_branch_python_dop_operator_3.py
[2025-03-11T03:29:32.720+0000] {logging_mixin.py:188} INFO - [2025-03-11T03:29:32.720+0000] {dag.py:3096} INFO - Sync 1 DAGs
[2025-03-11T03:29:32.751+0000] {logging_mixin.py:188} INFO - [2025-03-11T03:29:32.751+0000] {dag.py:3954} INFO - Setting next_dagrun for example_branch_dop_operator_v3 to 2025-03-11 03:28:00+00:00, run_after=2025-03-11 03:29:00+00:00
[2025-03-11T03:29:32.775+0000] {processor.py:183} INFO - Processing /home/airflow/.local/lib/python3.12/site-packages/airflow/example_dags/example_branch_python_dop_operator_3.py took 0.094 seconds
[2025-03-11T03:30:05.007+0000] {processor.py:161} INFO - Started process (PID=71830) to work on /home/airflow/.local/lib/python3.12/site-packages/airflow/example_dags/example_branch_python_dop_operator_3.py
[2025-03-11T03:30:05.008+0000] {processor.py:830} INFO - Processing file /home/airflow/.local/lib/python3.12/site-packages/airflow/example_dags/example_branch_python_dop_operator_3.py for tasks to queue
[2025-03-11T03:30:05.010+0000] {logging_mixin.py:188} INFO - [2025-03-11T03:30:05.010+0000] {dagbag.py:545} INFO - Filling up the DagBag from /home/airflow/.local/lib/python3.12/site-packages/airflow/example_dags/example_branch_python_dop_operator_3.py
[2025-03-11T03:30:05.024+0000] {processor.py:840} INFO - DAG(s) 'example_branch_dop_operator_v3' retrieved from /home/airflow/.local/lib/python3.12/site-packages/airflow/example_dags/example_branch_python_dop_operator_3.py
[2025-03-11T03:30:05.049+0000] {logging_mixin.py:188} INFO - [2025-03-11T03:30:05.049+0000] {dag.py:3096} INFO - Sync 1 DAGs
[2025-03-11T03:30:05.078+0000] {logging_mixin.py:188} INFO - [2025-03-11T03:30:05.078+0000] {dag.py:3954} INFO - Setting next_dagrun for example_branch_dop_operator_v3 to 2025-03-11 03:29:00+00:00, run_after=2025-03-11 03:30:00+00:00
[2025-03-11T03:30:05.106+0000] {processor.py:183} INFO - Processing /home/airflow/.local/lib/python3.12/site-packages/airflow/example_dags/example_branch_python_dop_operator_3.py took 0.105 seconds
[2025-03-11T03:30:37.386+0000] {processor.py:161} INFO - Started process (PID=72092) to work on /home/airflow/.local/lib/python3.12/site-packages/airflow/example_dags/example_branch_python_dop_operator_3.py
[2025-03-11T03:30:37.388+0000] {processor.py:830} INFO - Processing file /home/airflow/.local/lib/python3.12/site-packages/airflow/example_dags/example_branch_python_dop_operator_3.py for tasks to queue
[2025-03-11T03:30:37.390+0000] {logging_mixin.py:188} INFO - [2025-03-11T03:30:37.390+0000] {dagbag.py:545} INFO - Filling up the DagBag from /home/airflow/.local/lib/python3.12/site-packages/airflow/example_dags/example_branch_python_dop_operator_3.py
[2025-03-11T03:30:37.402+0000] {processor.py:840} INFO - DAG(s) 'example_branch_dop_operator_v3' retrieved from /home/airflow/.local/lib/python3.12/site-packages/airflow/example_dags/example_branch_python_dop_operator_3.py
[2025-03-11T03:30:37.429+0000] {logging_mixin.py:188} INFO - [2025-03-11T03:30:37.428+0000] {dag.py:3096} INFO - Sync 1 DAGs
[2025-03-11T03:30:37.459+0000] {logging_mixin.py:188} INFO - [2025-03-11T03:30:37.459+0000] {dag.py:3954} INFO - Setting next_dagrun for example_branch_dop_operator_v3 to 2025-03-11 03:29:00+00:00, run_after=2025-03-11 03:30:00+00:00
[2025-03-11T03:30:37.483+0000] {processor.py:183} INFO - Processing /home/airflow/.local/lib/python3.12/site-packages/airflow/example_dags/example_branch_python_dop_operator_3.py took 0.103 seconds
[2025-03-11T03:31:07.696+0000] {processor.py:161} INFO - Started process (PID=72354) to work on /home/airflow/.local/lib/python3.12/site-packages/airflow/example_dags/example_branch_python_dop_operator_3.py
[2025-03-11T03:31:07.699+0000] {processor.py:830} INFO - Processing file /home/airflow/.local/lib/python3.12/site-packages/airflow/example_dags/example_branch_python_dop_operator_3.py for tasks to queue
[2025-03-11T03:31:07.708+0000] {logging_mixin.py:188} INFO - [2025-03-11T03:31:07.707+0000] {dagbag.py:545} INFO - Filling up the DagBag from /home/airflow/.local/lib/python3.12/site-packages/airflow/example_dags/example_branch_python_dop_operator_3.py
[2025-03-11T03:31:07.728+0000] {processor.py:840} INFO - DAG(s) 'example_branch_dop_operator_v3' retrieved from /home/airflow/.local/lib/python3.12/site-packages/airflow/example_dags/example_branch_python_dop_operator_3.py
[2025-03-11T03:31:07.748+0000] {logging_mixin.py:188} INFO - [2025-03-11T03:31:07.748+0000] {dag.py:3096} INFO - Sync 1 DAGs
[2025-03-11T03:31:07.772+0000] {logging_mixin.py:188} INFO - [2025-03-11T03:31:07.772+0000] {dag.py:3954} INFO - Setting next_dagrun for example_branch_dop_operator_v3 to 2025-03-11 03:30:00+00:00, run_after=2025-03-11 03:31:00+00:00
[2025-03-11T03:31:07.793+0000] {processor.py:183} INFO - Processing /home/airflow/.local/lib/python3.12/site-packages/airflow/example_dags/example_branch_python_dop_operator_3.py took 0.125 seconds
[2025-03-11T03:31:40.731+0000] {processor.py:161} INFO - Started process (PID=72618) to work on /home/airflow/.local/lib/python3.12/site-packages/airflow/example_dags/example_branch_python_dop_operator_3.py
[2025-03-11T03:31:40.733+0000] {processor.py:830} INFO - Processing file /home/airflow/.local/lib/python3.12/site-packages/airflow/example_dags/example_branch_python_dop_operator_3.py for tasks to queue
[2025-03-11T03:31:40.737+0000] {logging_mixin.py:188} INFO - [2025-03-11T03:31:40.737+0000] {dagbag.py:545} INFO - Filling up the DagBag from /home/airflow/.local/lib/python3.12/site-packages/airflow/example_dags/example_branch_python_dop_operator_3.py
[2025-03-11T03:31:40.750+0000] {processor.py:840} INFO - DAG(s) 'example_branch_dop_operator_v3' retrieved from /home/airflow/.local/lib/python3.12/site-packages/airflow/example_dags/example_branch_python_dop_operator_3.py
[2025-03-11T03:31:40.779+0000] {logging_mixin.py:188} INFO - [2025-03-11T03:31:40.778+0000] {dag.py:3096} INFO - Sync 1 DAGs
[2025-03-11T03:31:40.807+0000] {logging_mixin.py:188} INFO - [2025-03-11T03:31:40.807+0000] {dag.py:3954} INFO - Setting next_dagrun for example_branch_dop_operator_v3 to 2025-03-11 03:30:00+00:00, run_after=2025-03-11 03:31:00+00:00
[2025-03-11T03:31:40.827+0000] {processor.py:183} INFO - Processing /home/airflow/.local/lib/python3.12/site-packages/airflow/example_dags/example_branch_python_dop_operator_3.py took 0.108 seconds
[2025-03-11T03:32:11.842+0000] {processor.py:161} INFO - Started process (PID=72878) to work on /home/airflow/.local/lib/python3.12/site-packages/airflow/example_dags/example_branch_python_dop_operator_3.py
[2025-03-11T03:32:11.844+0000] {processor.py:830} INFO - Processing file /home/airflow/.local/lib/python3.12/site-packages/airflow/example_dags/example_branch_python_dop_operator_3.py for tasks to queue
[2025-03-11T03:32:11.846+0000] {logging_mixin.py:188} INFO - [2025-03-11T03:32:11.846+0000] {dagbag.py:545} INFO - Filling up the DagBag from /home/airflow/.local/lib/python3.12/site-packages/airflow/example_dags/example_branch_python_dop_operator_3.py
[2025-03-11T03:32:11.855+0000] {processor.py:840} INFO - DAG(s) 'example_branch_dop_operator_v3' retrieved from /home/airflow/.local/lib/python3.12/site-packages/airflow/example_dags/example_branch_python_dop_operator_3.py
[2025-03-11T03:32:11.876+0000] {logging_mixin.py:188} INFO - [2025-03-11T03:32:11.875+0000] {dag.py:3096} INFO - Sync 1 DAGs
[2025-03-11T03:32:11.901+0000] {logging_mixin.py:188} INFO - [2025-03-11T03:32:11.900+0000] {dag.py:3954} INFO - Setting next_dagrun for example_branch_dop_operator_v3 to 2025-03-11 03:31:00+00:00, run_after=2025-03-11 03:32:00+00:00
[2025-03-11T03:32:11.921+0000] {processor.py:183} INFO - Processing /home/airflow/.local/lib/python3.12/site-packages/airflow/example_dags/example_branch_python_dop_operator_3.py took 0.085 seconds
[2025-03-11T03:32:44.394+0000] {processor.py:161} INFO - Started process (PID=73142) to work on /home/airflow/.local/lib/python3.12/site-packages/airflow/example_dags/example_branch_python_dop_operator_3.py
[2025-03-11T03:32:44.397+0000] {processor.py:830} INFO - Processing file /home/airflow/.local/lib/python3.12/site-packages/airflow/example_dags/example_branch_python_dop_operator_3.py for tasks to queue
[2025-03-11T03:32:44.401+0000] {logging_mixin.py:188} INFO - [2025-03-11T03:32:44.400+0000] {dagbag.py:545} INFO - Filling up the DagBag from /home/airflow/.local/lib/python3.12/site-packages/airflow/example_dags/example_branch_python_dop_operator_3.py
[2025-03-11T03:32:44.424+0000] {processor.py:840} INFO - DAG(s) 'example_branch_dop_operator_v3' retrieved from /home/airflow/.local/lib/python3.12/site-packages/airflow/example_dags/example_branch_python_dop_operator_3.py
[2025-03-11T03:32:44.455+0000] {logging_mixin.py:188} INFO - [2025-03-11T03:32:44.455+0000] {dag.py:3096} INFO - Sync 1 DAGs
[2025-03-11T03:32:44.481+0000] {logging_mixin.py:188} INFO - [2025-03-11T03:32:44.481+0000] {dag.py:3954} INFO - Setting next_dagrun for example_branch_dop_operator_v3 to 2025-03-11 03:31:00+00:00, run_after=2025-03-11 03:32:00+00:00
[2025-03-11T03:32:44.503+0000] {processor.py:183} INFO - Processing /home/airflow/.local/lib/python3.12/site-packages/airflow/example_dags/example_branch_python_dop_operator_3.py took 0.121 seconds
