[2025-03-11T03:05:12.235+0000] {processor.py:161} INFO - Started process (PID=59393) to work on /home/airflow/.local/lib/python3.12/site-packages/airflow/example_dags/example_params_ui_tutorial.py
[2025-03-11T03:05:12.237+0000] {processor.py:830} INFO - Processing file /home/airflow/.local/lib/python3.12/site-packages/airflow/example_dags/example_params_ui_tutorial.py for tasks to queue
[2025-03-11T03:05:12.245+0000] {logging_mixin.py:188} INFO - [2025-03-11T03:05:12.244+0000] {dagbag.py:545} INFO - Filling up the DagBag from /home/airflow/.local/lib/python3.12/site-packages/airflow/example_dags/example_params_ui_tutorial.py
[2025-03-11T03:05:12.263+0000] {processor.py:840} INFO - DAG(s) 'example_params_ui_tutorial' retrieved from /home/airflow/.local/lib/python3.12/site-packages/airflow/example_dags/example_params_ui_tutorial.py
[2025-03-11T03:05:12.527+0000] {logging_mixin.py:188} INFO - [2025-03-11T03:05:12.527+0000] {dag.py:3096} INFO - Sync 1 DAGs
[2025-03-11T03:05:12.570+0000] {logging_mixin.py:188} INFO - [2025-03-11T03:05:12.569+0000] {dag.py:3954} INFO - Setting next_dagrun for example_params_ui_tutorial to None, run_after=None
[2025-03-11T03:05:12.998+0000] {processor.py:183} INFO - Processing /home/airflow/.local/lib/python3.12/site-packages/airflow/example_dags/example_params_ui_tutorial.py took 0.771 seconds
[2025-03-11T03:05:43.068+0000] {processor.py:161} INFO - Started process (PID=59655) to work on /home/airflow/.local/lib/python3.12/site-packages/airflow/example_dags/example_params_ui_tutorial.py
[2025-03-11T03:05:43.069+0000] {processor.py:830} INFO - Processing file /home/airflow/.local/lib/python3.12/site-packages/airflow/example_dags/example_params_ui_tutorial.py for tasks to queue
[2025-03-11T03:05:43.071+0000] {logging_mixin.py:188} INFO - [2025-03-11T03:05:43.071+0000] {dagbag.py:545} INFO - Filling up the DagBag from /home/airflow/.local/lib/python3.12/site-packages/airflow/example_dags/example_params_ui_tutorial.py
[2025-03-11T03:05:43.083+0000] {processor.py:840} INFO - DAG(s) 'example_params_ui_tutorial' retrieved from /home/airflow/.local/lib/python3.12/site-packages/airflow/example_dags/example_params_ui_tutorial.py
[2025-03-11T03:05:43.130+0000] {logging_mixin.py:188} INFO - [2025-03-11T03:05:43.130+0000] {dag.py:3096} INFO - Sync 1 DAGs
[2025-03-11T03:05:43.141+0000] {logging_mixin.py:188} INFO - [2025-03-11T03:05:43.141+0000] {dag.py:3954} INFO - Setting next_dagrun for example_params_ui_tutorial to None, run_after=None
[2025-03-11T03:05:43.159+0000] {processor.py:183} INFO - Processing /home/airflow/.local/lib/python3.12/site-packages/airflow/example_dags/example_params_ui_tutorial.py took 0.097 seconds
[2025-03-11T03:06:13.358+0000] {processor.py:161} INFO - Started process (PID=59917) to work on /home/airflow/.local/lib/python3.12/site-packages/airflow/example_dags/example_params_ui_tutorial.py
[2025-03-11T03:06:13.359+0000] {processor.py:830} INFO - Processing file /home/airflow/.local/lib/python3.12/site-packages/airflow/example_dags/example_params_ui_tutorial.py for tasks to queue
[2025-03-11T03:06:13.360+0000] {logging_mixin.py:188} INFO - [2025-03-11T03:06:13.360+0000] {dagbag.py:545} INFO - Filling up the DagBag from /home/airflow/.local/lib/python3.12/site-packages/airflow/example_dags/example_params_ui_tutorial.py
[2025-03-11T03:06:13.370+0000] {processor.py:840} INFO - DAG(s) 'example_params_ui_tutorial' retrieved from /home/airflow/.local/lib/python3.12/site-packages/airflow/example_dags/example_params_ui_tutorial.py
[2025-03-11T03:06:13.411+0000] {logging_mixin.py:188} INFO - [2025-03-11T03:06:13.411+0000] {dag.py:3096} INFO - Sync 1 DAGs
[2025-03-11T03:06:13.422+0000] {logging_mixin.py:188} INFO - [2025-03-11T03:06:13.421+0000] {dag.py:3954} INFO - Setting next_dagrun for example_params_ui_tutorial to None, run_after=None
[2025-03-11T03:06:13.439+0000] {processor.py:183} INFO - Processing /home/airflow/.local/lib/python3.12/site-packages/airflow/example_dags/example_params_ui_tutorial.py took 0.087 seconds
[2025-03-11T03:06:44.350+0000] {processor.py:161} INFO - Started process (PID=60179) to work on /home/airflow/.local/lib/python3.12/site-packages/airflow/example_dags/example_params_ui_tutorial.py
[2025-03-11T03:06:44.351+0000] {processor.py:830} INFO - Processing file /home/airflow/.local/lib/python3.12/site-packages/airflow/example_dags/example_params_ui_tutorial.py for tasks to queue
[2025-03-11T03:06:44.353+0000] {logging_mixin.py:188} INFO - [2025-03-11T03:06:44.352+0000] {dagbag.py:545} INFO - Filling up the DagBag from /home/airflow/.local/lib/python3.12/site-packages/airflow/example_dags/example_params_ui_tutorial.py
[2025-03-11T03:06:44.367+0000] {processor.py:840} INFO - DAG(s) 'example_params_ui_tutorial' retrieved from /home/airflow/.local/lib/python3.12/site-packages/airflow/example_dags/example_params_ui_tutorial.py
[2025-03-11T03:06:44.416+0000] {logging_mixin.py:188} INFO - [2025-03-11T03:06:44.416+0000] {dag.py:3096} INFO - Sync 1 DAGs
[2025-03-11T03:06:44.428+0000] {logging_mixin.py:188} INFO - [2025-03-11T03:06:44.428+0000] {dag.py:3954} INFO - Setting next_dagrun for example_params_ui_tutorial to None, run_after=None
[2025-03-11T03:06:44.447+0000] {processor.py:183} INFO - Processing /home/airflow/.local/lib/python3.12/site-packages/airflow/example_dags/example_params_ui_tutorial.py took 0.103 seconds
[2025-03-11T03:07:14.810+0000] {processor.py:161} INFO - Started process (PID=60435) to work on /home/airflow/.local/lib/python3.12/site-packages/airflow/example_dags/example_params_ui_tutorial.py
[2025-03-11T03:07:14.811+0000] {processor.py:830} INFO - Processing file /home/airflow/.local/lib/python3.12/site-packages/airflow/example_dags/example_params_ui_tutorial.py for tasks to queue
[2025-03-11T03:07:14.814+0000] {logging_mixin.py:188} INFO - [2025-03-11T03:07:14.813+0000] {dagbag.py:545} INFO - Filling up the DagBag from /home/airflow/.local/lib/python3.12/site-packages/airflow/example_dags/example_params_ui_tutorial.py
[2025-03-11T03:07:14.827+0000] {processor.py:840} INFO - DAG(s) 'example_params_ui_tutorial' retrieved from /home/airflow/.local/lib/python3.12/site-packages/airflow/example_dags/example_params_ui_tutorial.py
[2025-03-11T03:07:14.885+0000] {logging_mixin.py:188} INFO - [2025-03-11T03:07:14.884+0000] {dag.py:3096} INFO - Sync 1 DAGs
[2025-03-11T03:07:14.899+0000] {logging_mixin.py:188} INFO - [2025-03-11T03:07:14.899+0000] {dag.py:3954} INFO - Setting next_dagrun for example_params_ui_tutorial to None, run_after=None
[2025-03-11T03:07:14.923+0000] {processor.py:183} INFO - Processing /home/airflow/.local/lib/python3.12/site-packages/airflow/example_dags/example_params_ui_tutorial.py took 0.119 seconds
[2025-03-11T03:07:45.080+0000] {processor.py:161} INFO - Started process (PID=60697) to work on /home/airflow/.local/lib/python3.12/site-packages/airflow/example_dags/example_params_ui_tutorial.py
[2025-03-11T03:07:45.081+0000] {processor.py:830} INFO - Processing file /home/airflow/.local/lib/python3.12/site-packages/airflow/example_dags/example_params_ui_tutorial.py for tasks to queue
[2025-03-11T03:07:45.083+0000] {logging_mixin.py:188} INFO - [2025-03-11T03:07:45.083+0000] {dagbag.py:545} INFO - Filling up the DagBag from /home/airflow/.local/lib/python3.12/site-packages/airflow/example_dags/example_params_ui_tutorial.py
[2025-03-11T03:07:45.095+0000] {processor.py:840} INFO - DAG(s) 'example_params_ui_tutorial' retrieved from /home/airflow/.local/lib/python3.12/site-packages/airflow/example_dags/example_params_ui_tutorial.py
[2025-03-11T03:07:45.143+0000] {logging_mixin.py:188} INFO - [2025-03-11T03:07:45.143+0000] {dag.py:3096} INFO - Sync 1 DAGs
[2025-03-11T03:07:45.155+0000] {logging_mixin.py:188} INFO - [2025-03-11T03:07:45.155+0000] {dag.py:3954} INFO - Setting next_dagrun for example_params_ui_tutorial to None, run_after=None
[2025-03-11T03:07:45.174+0000] {processor.py:183} INFO - Processing /home/airflow/.local/lib/python3.12/site-packages/airflow/example_dags/example_params_ui_tutorial.py took 0.101 seconds
[2025-03-11T03:08:15.426+0000] {processor.py:161} INFO - Started process (PID=60959) to work on /home/airflow/.local/lib/python3.12/site-packages/airflow/example_dags/example_params_ui_tutorial.py
[2025-03-11T03:08:15.427+0000] {processor.py:830} INFO - Processing file /home/airflow/.local/lib/python3.12/site-packages/airflow/example_dags/example_params_ui_tutorial.py for tasks to queue
[2025-03-11T03:08:15.429+0000] {logging_mixin.py:188} INFO - [2025-03-11T03:08:15.429+0000] {dagbag.py:545} INFO - Filling up the DagBag from /home/airflow/.local/lib/python3.12/site-packages/airflow/example_dags/example_params_ui_tutorial.py
[2025-03-11T03:08:15.442+0000] {processor.py:840} INFO - DAG(s) 'example_params_ui_tutorial' retrieved from /home/airflow/.local/lib/python3.12/site-packages/airflow/example_dags/example_params_ui_tutorial.py
[2025-03-11T03:08:15.500+0000] {logging_mixin.py:188} INFO - [2025-03-11T03:08:15.500+0000] {dag.py:3096} INFO - Sync 1 DAGs
[2025-03-11T03:08:15.514+0000] {logging_mixin.py:188} INFO - [2025-03-11T03:08:15.514+0000] {dag.py:3954} INFO - Setting next_dagrun for example_params_ui_tutorial to None, run_after=None
[2025-03-11T03:08:15.535+0000] {processor.py:183} INFO - Processing /home/airflow/.local/lib/python3.12/site-packages/airflow/example_dags/example_params_ui_tutorial.py took 0.115 seconds
[2025-03-11T03:08:45.822+0000] {processor.py:161} INFO - Started process (PID=61221) to work on /home/airflow/.local/lib/python3.12/site-packages/airflow/example_dags/example_params_ui_tutorial.py
[2025-03-11T03:08:45.823+0000] {processor.py:830} INFO - Processing file /home/airflow/.local/lib/python3.12/site-packages/airflow/example_dags/example_params_ui_tutorial.py for tasks to queue
[2025-03-11T03:08:45.825+0000] {logging_mixin.py:188} INFO - [2025-03-11T03:08:45.825+0000] {dagbag.py:545} INFO - Filling up the DagBag from /home/airflow/.local/lib/python3.12/site-packages/airflow/example_dags/example_params_ui_tutorial.py
[2025-03-11T03:08:45.838+0000] {processor.py:840} INFO - DAG(s) 'example_params_ui_tutorial' retrieved from /home/airflow/.local/lib/python3.12/site-packages/airflow/example_dags/example_params_ui_tutorial.py
[2025-03-11T03:08:45.892+0000] {logging_mixin.py:188} INFO - [2025-03-11T03:08:45.892+0000] {dag.py:3096} INFO - Sync 1 DAGs
[2025-03-11T03:08:45.905+0000] {logging_mixin.py:188} INFO - [2025-03-11T03:08:45.905+0000] {dag.py:3954} INFO - Setting next_dagrun for example_params_ui_tutorial to None, run_after=None
[2025-03-11T03:08:45.925+0000] {processor.py:183} INFO - Processing /home/airflow/.local/lib/python3.12/site-packages/airflow/example_dags/example_params_ui_tutorial.py took 0.109 seconds
[2025-03-11T03:09:16.104+0000] {processor.py:161} INFO - Started process (PID=61485) to work on /home/airflow/.local/lib/python3.12/site-packages/airflow/example_dags/example_params_ui_tutorial.py
[2025-03-11T03:09:16.106+0000] {processor.py:830} INFO - Processing file /home/airflow/.local/lib/python3.12/site-packages/airflow/example_dags/example_params_ui_tutorial.py for tasks to queue
[2025-03-11T03:09:16.108+0000] {logging_mixin.py:188} INFO - [2025-03-11T03:09:16.107+0000] {dagbag.py:545} INFO - Filling up the DagBag from /home/airflow/.local/lib/python3.12/site-packages/airflow/example_dags/example_params_ui_tutorial.py
[2025-03-11T03:09:16.120+0000] {processor.py:840} INFO - DAG(s) 'example_params_ui_tutorial' retrieved from /home/airflow/.local/lib/python3.12/site-packages/airflow/example_dags/example_params_ui_tutorial.py
[2025-03-11T03:09:16.181+0000] {logging_mixin.py:188} INFO - [2025-03-11T03:09:16.181+0000] {dag.py:3096} INFO - Sync 1 DAGs
[2025-03-11T03:09:16.194+0000] {logging_mixin.py:188} INFO - [2025-03-11T03:09:16.194+0000] {dag.py:3954} INFO - Setting next_dagrun for example_params_ui_tutorial to None, run_after=None
[2025-03-11T03:09:16.214+0000] {processor.py:183} INFO - Processing /home/airflow/.local/lib/python3.12/site-packages/airflow/example_dags/example_params_ui_tutorial.py took 0.117 seconds
[2025-03-11T03:09:46.721+0000] {processor.py:161} INFO - Started process (PID=61746) to work on /home/airflow/.local/lib/python3.12/site-packages/airflow/example_dags/example_params_ui_tutorial.py
[2025-03-11T03:09:46.723+0000] {processor.py:830} INFO - Processing file /home/airflow/.local/lib/python3.12/site-packages/airflow/example_dags/example_params_ui_tutorial.py for tasks to queue
[2025-03-11T03:09:46.725+0000] {logging_mixin.py:188} INFO - [2025-03-11T03:09:46.725+0000] {dagbag.py:545} INFO - Filling up the DagBag from /home/airflow/.local/lib/python3.12/site-packages/airflow/example_dags/example_params_ui_tutorial.py
[2025-03-11T03:09:46.737+0000] {processor.py:840} INFO - DAG(s) 'example_params_ui_tutorial' retrieved from /home/airflow/.local/lib/python3.12/site-packages/airflow/example_dags/example_params_ui_tutorial.py
[2025-03-11T03:09:46.786+0000] {logging_mixin.py:188} INFO - [2025-03-11T03:09:46.786+0000] {dag.py:3096} INFO - Sync 1 DAGs
[2025-03-11T03:09:46.799+0000] {logging_mixin.py:188} INFO - [2025-03-11T03:09:46.799+0000] {dag.py:3954} INFO - Setting next_dagrun for example_params_ui_tutorial to None, run_after=None
[2025-03-11T03:09:46.818+0000] {processor.py:183} INFO - Processing /home/airflow/.local/lib/python3.12/site-packages/airflow/example_dags/example_params_ui_tutorial.py took 0.102 seconds
[2025-03-11T03:10:17.747+0000] {processor.py:161} INFO - Started process (PID=62008) to work on /home/airflow/.local/lib/python3.12/site-packages/airflow/example_dags/example_params_ui_tutorial.py
[2025-03-11T03:10:17.748+0000] {processor.py:830} INFO - Processing file /home/airflow/.local/lib/python3.12/site-packages/airflow/example_dags/example_params_ui_tutorial.py for tasks to queue
[2025-03-11T03:10:17.751+0000] {logging_mixin.py:188} INFO - [2025-03-11T03:10:17.750+0000] {dagbag.py:545} INFO - Filling up the DagBag from /home/airflow/.local/lib/python3.12/site-packages/airflow/example_dags/example_params_ui_tutorial.py
[2025-03-11T03:10:17.778+0000] {processor.py:840} INFO - DAG(s) 'example_params_ui_tutorial' retrieved from /home/airflow/.local/lib/python3.12/site-packages/airflow/example_dags/example_params_ui_tutorial.py
[2025-03-11T03:10:17.854+0000] {logging_mixin.py:188} INFO - [2025-03-11T03:10:17.854+0000] {dag.py:3096} INFO - Sync 1 DAGs
[2025-03-11T03:10:17.869+0000] {logging_mixin.py:188} INFO - [2025-03-11T03:10:17.869+0000] {dag.py:3954} INFO - Setting next_dagrun for example_params_ui_tutorial to None, run_after=None
[2025-03-11T03:10:17.895+0000] {processor.py:183} INFO - Processing /home/airflow/.local/lib/python3.12/site-packages/airflow/example_dags/example_params_ui_tutorial.py took 0.154 seconds
[2025-03-11T03:10:48.066+0000] {processor.py:161} INFO - Started process (PID=62270) to work on /home/airflow/.local/lib/python3.12/site-packages/airflow/example_dags/example_params_ui_tutorial.py
[2025-03-11T03:10:48.067+0000] {processor.py:830} INFO - Processing file /home/airflow/.local/lib/python3.12/site-packages/airflow/example_dags/example_params_ui_tutorial.py for tasks to queue
[2025-03-11T03:10:48.069+0000] {logging_mixin.py:188} INFO - [2025-03-11T03:10:48.069+0000] {dagbag.py:545} INFO - Filling up the DagBag from /home/airflow/.local/lib/python3.12/site-packages/airflow/example_dags/example_params_ui_tutorial.py
[2025-03-11T03:10:48.081+0000] {processor.py:840} INFO - DAG(s) 'example_params_ui_tutorial' retrieved from /home/airflow/.local/lib/python3.12/site-packages/airflow/example_dags/example_params_ui_tutorial.py
[2025-03-11T03:10:48.134+0000] {logging_mixin.py:188} INFO - [2025-03-11T03:10:48.134+0000] {dag.py:3096} INFO - Sync 1 DAGs
[2025-03-11T03:10:48.147+0000] {logging_mixin.py:188} INFO - [2025-03-11T03:10:48.146+0000] {dag.py:3954} INFO - Setting next_dagrun for example_params_ui_tutorial to None, run_after=None
[2025-03-11T03:10:48.167+0000] {processor.py:183} INFO - Processing /home/airflow/.local/lib/python3.12/site-packages/airflow/example_dags/example_params_ui_tutorial.py took 0.109 seconds
[2025-03-11T03:11:18.636+0000] {processor.py:161} INFO - Started process (PID=62532) to work on /home/airflow/.local/lib/python3.12/site-packages/airflow/example_dags/example_params_ui_tutorial.py
[2025-03-11T03:11:18.637+0000] {processor.py:830} INFO - Processing file /home/airflow/.local/lib/python3.12/site-packages/airflow/example_dags/example_params_ui_tutorial.py for tasks to queue
[2025-03-11T03:11:18.643+0000] {logging_mixin.py:188} INFO - [2025-03-11T03:11:18.642+0000] {dagbag.py:545} INFO - Filling up the DagBag from /home/airflow/.local/lib/python3.12/site-packages/airflow/example_dags/example_params_ui_tutorial.py
[2025-03-11T03:11:18.663+0000] {processor.py:840} INFO - DAG(s) 'example_params_ui_tutorial' retrieved from /home/airflow/.local/lib/python3.12/site-packages/airflow/example_dags/example_params_ui_tutorial.py
[2025-03-11T03:11:18.758+0000] {logging_mixin.py:188} INFO - [2025-03-11T03:11:18.757+0000] {dag.py:3096} INFO - Sync 1 DAGs
[2025-03-11T03:11:18.770+0000] {logging_mixin.py:188} INFO - [2025-03-11T03:11:18.769+0000] {dag.py:3954} INFO - Setting next_dagrun for example_params_ui_tutorial to None, run_after=None
[2025-03-11T03:11:18.790+0000] {processor.py:183} INFO - Processing /home/airflow/.local/lib/python3.12/site-packages/airflow/example_dags/example_params_ui_tutorial.py took 0.160 seconds
[2025-03-11T03:11:49.239+0000] {processor.py:161} INFO - Started process (PID=62794) to work on /home/airflow/.local/lib/python3.12/site-packages/airflow/example_dags/example_params_ui_tutorial.py
[2025-03-11T03:11:49.240+0000] {processor.py:830} INFO - Processing file /home/airflow/.local/lib/python3.12/site-packages/airflow/example_dags/example_params_ui_tutorial.py for tasks to queue
[2025-03-11T03:11:49.242+0000] {logging_mixin.py:188} INFO - [2025-03-11T03:11:49.242+0000] {dagbag.py:545} INFO - Filling up the DagBag from /home/airflow/.local/lib/python3.12/site-packages/airflow/example_dags/example_params_ui_tutorial.py
[2025-03-11T03:11:49.254+0000] {processor.py:840} INFO - DAG(s) 'example_params_ui_tutorial' retrieved from /home/airflow/.local/lib/python3.12/site-packages/airflow/example_dags/example_params_ui_tutorial.py
[2025-03-11T03:11:49.313+0000] {logging_mixin.py:188} INFO - [2025-03-11T03:11:49.313+0000] {dag.py:3096} INFO - Sync 1 DAGs
[2025-03-11T03:11:49.326+0000] {logging_mixin.py:188} INFO - [2025-03-11T03:11:49.326+0000] {dag.py:3954} INFO - Setting next_dagrun for example_params_ui_tutorial to None, run_after=None
[2025-03-11T03:11:49.346+0000] {processor.py:183} INFO - Processing /home/airflow/.local/lib/python3.12/site-packages/airflow/example_dags/example_params_ui_tutorial.py took 0.113 seconds
[2025-03-11T03:12:21.884+0000] {processor.py:161} INFO - Started process (PID=63056) to work on /home/airflow/.local/lib/python3.12/site-packages/airflow/example_dags/example_params_ui_tutorial.py
[2025-03-11T03:12:21.885+0000] {processor.py:830} INFO - Processing file /home/airflow/.local/lib/python3.12/site-packages/airflow/example_dags/example_params_ui_tutorial.py for tasks to queue
[2025-03-11T03:12:21.887+0000] {logging_mixin.py:188} INFO - [2025-03-11T03:12:21.887+0000] {dagbag.py:545} INFO - Filling up the DagBag from /home/airflow/.local/lib/python3.12/site-packages/airflow/example_dags/example_params_ui_tutorial.py
[2025-03-11T03:12:21.899+0000] {processor.py:840} INFO - DAG(s) 'example_params_ui_tutorial' retrieved from /home/airflow/.local/lib/python3.12/site-packages/airflow/example_dags/example_params_ui_tutorial.py
[2025-03-11T03:12:21.948+0000] {logging_mixin.py:188} INFO - [2025-03-11T03:12:21.948+0000] {dag.py:3096} INFO - Sync 1 DAGs
[2025-03-11T03:12:21.961+0000] {logging_mixin.py:188} INFO - [2025-03-11T03:12:21.961+0000] {dag.py:3954} INFO - Setting next_dagrun for example_params_ui_tutorial to None, run_after=None
[2025-03-11T03:12:21.981+0000] {processor.py:183} INFO - Processing /home/airflow/.local/lib/python3.12/site-packages/airflow/example_dags/example_params_ui_tutorial.py took 0.103 seconds
[2025-03-11T03:12:53.753+0000] {processor.py:161} INFO - Started process (PID=63317) to work on /home/airflow/.local/lib/python3.12/site-packages/airflow/example_dags/example_params_ui_tutorial.py
[2025-03-11T03:12:53.754+0000] {processor.py:830} INFO - Processing file /home/airflow/.local/lib/python3.12/site-packages/airflow/example_dags/example_params_ui_tutorial.py for tasks to queue
[2025-03-11T03:12:53.757+0000] {logging_mixin.py:188} INFO - [2025-03-11T03:12:53.756+0000] {dagbag.py:545} INFO - Filling up the DagBag from /home/airflow/.local/lib/python3.12/site-packages/airflow/example_dags/example_params_ui_tutorial.py
[2025-03-11T03:12:53.770+0000] {processor.py:840} INFO - DAG(s) 'example_params_ui_tutorial' retrieved from /home/airflow/.local/lib/python3.12/site-packages/airflow/example_dags/example_params_ui_tutorial.py
[2025-03-11T03:12:53.825+0000] {logging_mixin.py:188} INFO - [2025-03-11T03:12:53.825+0000] {dag.py:3096} INFO - Sync 1 DAGs
[2025-03-11T03:12:53.838+0000] {logging_mixin.py:188} INFO - [2025-03-11T03:12:53.838+0000] {dag.py:3954} INFO - Setting next_dagrun for example_params_ui_tutorial to None, run_after=None
[2025-03-11T03:12:53.859+0000] {processor.py:183} INFO - Processing /home/airflow/.local/lib/python3.12/site-packages/airflow/example_dags/example_params_ui_tutorial.py took 0.113 seconds
[2025-03-11T03:13:25.550+0000] {processor.py:161} INFO - Started process (PID=63579) to work on /home/airflow/.local/lib/python3.12/site-packages/airflow/example_dags/example_params_ui_tutorial.py
[2025-03-11T03:13:25.552+0000] {processor.py:830} INFO - Processing file /home/airflow/.local/lib/python3.12/site-packages/airflow/example_dags/example_params_ui_tutorial.py for tasks to queue
[2025-03-11T03:13:25.554+0000] {logging_mixin.py:188} INFO - [2025-03-11T03:13:25.554+0000] {dagbag.py:545} INFO - Filling up the DagBag from /home/airflow/.local/lib/python3.12/site-packages/airflow/example_dags/example_params_ui_tutorial.py
[2025-03-11T03:13:25.567+0000] {processor.py:840} INFO - DAG(s) 'example_params_ui_tutorial' retrieved from /home/airflow/.local/lib/python3.12/site-packages/airflow/example_dags/example_params_ui_tutorial.py
[2025-03-11T03:13:25.621+0000] {logging_mixin.py:188} INFO - [2025-03-11T03:13:25.621+0000] {dag.py:3096} INFO - Sync 1 DAGs
[2025-03-11T03:13:25.634+0000] {logging_mixin.py:188} INFO - [2025-03-11T03:13:25.634+0000] {dag.py:3954} INFO - Setting next_dagrun for example_params_ui_tutorial to None, run_after=None
[2025-03-11T03:13:25.659+0000] {processor.py:183} INFO - Processing /home/airflow/.local/lib/python3.12/site-packages/airflow/example_dags/example_params_ui_tutorial.py took 0.117 seconds
[2025-03-11T03:13:57.675+0000] {processor.py:161} INFO - Started process (PID=63841) to work on /home/airflow/.local/lib/python3.12/site-packages/airflow/example_dags/example_params_ui_tutorial.py
[2025-03-11T03:13:57.676+0000] {processor.py:830} INFO - Processing file /home/airflow/.local/lib/python3.12/site-packages/airflow/example_dags/example_params_ui_tutorial.py for tasks to queue
[2025-03-11T03:13:57.678+0000] {logging_mixin.py:188} INFO - [2025-03-11T03:13:57.678+0000] {dagbag.py:545} INFO - Filling up the DagBag from /home/airflow/.local/lib/python3.12/site-packages/airflow/example_dags/example_params_ui_tutorial.py
[2025-03-11T03:13:57.689+0000] {processor.py:840} INFO - DAG(s) 'example_params_ui_tutorial' retrieved from /home/airflow/.local/lib/python3.12/site-packages/airflow/example_dags/example_params_ui_tutorial.py
[2025-03-11T03:13:57.741+0000] {logging_mixin.py:188} INFO - [2025-03-11T03:13:57.740+0000] {dag.py:3096} INFO - Sync 1 DAGs
[2025-03-11T03:13:57.753+0000] {logging_mixin.py:188} INFO - [2025-03-11T03:13:57.752+0000] {dag.py:3954} INFO - Setting next_dagrun for example_params_ui_tutorial to None, run_after=None
[2025-03-11T03:13:57.772+0000] {processor.py:183} INFO - Processing /home/airflow/.local/lib/python3.12/site-packages/airflow/example_dags/example_params_ui_tutorial.py took 0.103 seconds
[2025-03-11T03:14:30.122+0000] {processor.py:161} INFO - Started process (PID=64103) to work on /home/airflow/.local/lib/python3.12/site-packages/airflow/example_dags/example_params_ui_tutorial.py
[2025-03-11T03:14:30.124+0000] {processor.py:830} INFO - Processing file /home/airflow/.local/lib/python3.12/site-packages/airflow/example_dags/example_params_ui_tutorial.py for tasks to queue
[2025-03-11T03:14:30.128+0000] {logging_mixin.py:188} INFO - [2025-03-11T03:14:30.127+0000] {dagbag.py:545} INFO - Filling up the DagBag from /home/airflow/.local/lib/python3.12/site-packages/airflow/example_dags/example_params_ui_tutorial.py
[2025-03-11T03:14:30.145+0000] {processor.py:840} INFO - DAG(s) 'example_params_ui_tutorial' retrieved from /home/airflow/.local/lib/python3.12/site-packages/airflow/example_dags/example_params_ui_tutorial.py
[2025-03-11T03:14:30.225+0000] {logging_mixin.py:188} INFO - [2025-03-11T03:14:30.225+0000] {dag.py:3096} INFO - Sync 1 DAGs
[2025-03-11T03:14:30.248+0000] {logging_mixin.py:188} INFO - [2025-03-11T03:14:30.248+0000] {dag.py:3954} INFO - Setting next_dagrun for example_params_ui_tutorial to None, run_after=None
[2025-03-11T03:14:30.284+0000] {processor.py:183} INFO - Processing /home/airflow/.local/lib/python3.12/site-packages/airflow/example_dags/example_params_ui_tutorial.py took 0.169 seconds
[2025-03-11T03:15:03.073+0000] {processor.py:161} INFO - Started process (PID=64375) to work on /home/airflow/.local/lib/python3.12/site-packages/airflow/example_dags/example_params_ui_tutorial.py
[2025-03-11T03:15:03.075+0000] {processor.py:830} INFO - Processing file /home/airflow/.local/lib/python3.12/site-packages/airflow/example_dags/example_params_ui_tutorial.py for tasks to queue
[2025-03-11T03:15:03.077+0000] {logging_mixin.py:188} INFO - [2025-03-11T03:15:03.077+0000] {dagbag.py:545} INFO - Filling up the DagBag from /home/airflow/.local/lib/python3.12/site-packages/airflow/example_dags/example_params_ui_tutorial.py
[2025-03-11T03:15:03.092+0000] {processor.py:840} INFO - DAG(s) 'example_params_ui_tutorial' retrieved from /home/airflow/.local/lib/python3.12/site-packages/airflow/example_dags/example_params_ui_tutorial.py
[2025-03-11T03:15:03.154+0000] {logging_mixin.py:188} INFO - [2025-03-11T03:15:03.154+0000] {dag.py:3096} INFO - Sync 1 DAGs
[2025-03-11T03:15:03.169+0000] {logging_mixin.py:188} INFO - [2025-03-11T03:15:03.169+0000] {dag.py:3954} INFO - Setting next_dagrun for example_params_ui_tutorial to None, run_after=None
[2025-03-11T03:15:03.208+0000] {processor.py:183} INFO - Processing /home/airflow/.local/lib/python3.12/site-packages/airflow/example_dags/example_params_ui_tutorial.py took 0.141 seconds
[2025-03-11T03:15:35.128+0000] {processor.py:161} INFO - Started process (PID=64637) to work on /home/airflow/.local/lib/python3.12/site-packages/airflow/example_dags/example_params_ui_tutorial.py
[2025-03-11T03:15:35.129+0000] {processor.py:830} INFO - Processing file /home/airflow/.local/lib/python3.12/site-packages/airflow/example_dags/example_params_ui_tutorial.py for tasks to queue
[2025-03-11T03:15:35.132+0000] {logging_mixin.py:188} INFO - [2025-03-11T03:15:35.131+0000] {dagbag.py:545} INFO - Filling up the DagBag from /home/airflow/.local/lib/python3.12/site-packages/airflow/example_dags/example_params_ui_tutorial.py
[2025-03-11T03:15:35.143+0000] {processor.py:840} INFO - DAG(s) 'example_params_ui_tutorial' retrieved from /home/airflow/.local/lib/python3.12/site-packages/airflow/example_dags/example_params_ui_tutorial.py
[2025-03-11T03:15:35.193+0000] {logging_mixin.py:188} INFO - [2025-03-11T03:15:35.193+0000] {dag.py:3096} INFO - Sync 1 DAGs
[2025-03-11T03:15:35.211+0000] {logging_mixin.py:188} INFO - [2025-03-11T03:15:35.211+0000] {dag.py:3954} INFO - Setting next_dagrun for example_params_ui_tutorial to None, run_after=None
[2025-03-11T03:15:35.272+0000] {processor.py:183} INFO - Processing /home/airflow/.local/lib/python3.12/site-packages/airflow/example_dags/example_params_ui_tutorial.py took 0.150 seconds
[2025-03-11T03:16:06.817+0000] {processor.py:161} INFO - Started process (PID=64899) to work on /home/airflow/.local/lib/python3.12/site-packages/airflow/example_dags/example_params_ui_tutorial.py
[2025-03-11T03:16:06.819+0000] {processor.py:830} INFO - Processing file /home/airflow/.local/lib/python3.12/site-packages/airflow/example_dags/example_params_ui_tutorial.py for tasks to queue
[2025-03-11T03:16:06.822+0000] {logging_mixin.py:188} INFO - [2025-03-11T03:16:06.822+0000] {dagbag.py:545} INFO - Filling up the DagBag from /home/airflow/.local/lib/python3.12/site-packages/airflow/example_dags/example_params_ui_tutorial.py
[2025-03-11T03:16:06.836+0000] {processor.py:840} INFO - DAG(s) 'example_params_ui_tutorial' retrieved from /home/airflow/.local/lib/python3.12/site-packages/airflow/example_dags/example_params_ui_tutorial.py
[2025-03-11T03:16:06.912+0000] {logging_mixin.py:188} INFO - [2025-03-11T03:16:06.912+0000] {dag.py:3096} INFO - Sync 1 DAGs
[2025-03-11T03:16:06.926+0000] {logging_mixin.py:188} INFO - [2025-03-11T03:16:06.926+0000] {dag.py:3954} INFO - Setting next_dagrun for example_params_ui_tutorial to None, run_after=None
[2025-03-11T03:16:06.963+0000] {processor.py:183} INFO - Processing /home/airflow/.local/lib/python3.12/site-packages/airflow/example_dags/example_params_ui_tutorial.py took 0.154 seconds
[2025-03-11T03:16:40.222+0000] {processor.py:161} INFO - Started process (PID=65161) to work on /home/airflow/.local/lib/python3.12/site-packages/airflow/example_dags/example_params_ui_tutorial.py
[2025-03-11T03:16:40.223+0000] {processor.py:830} INFO - Processing file /home/airflow/.local/lib/python3.12/site-packages/airflow/example_dags/example_params_ui_tutorial.py for tasks to queue
[2025-03-11T03:16:40.226+0000] {logging_mixin.py:188} INFO - [2025-03-11T03:16:40.225+0000] {dagbag.py:545} INFO - Filling up the DagBag from /home/airflow/.local/lib/python3.12/site-packages/airflow/example_dags/example_params_ui_tutorial.py
[2025-03-11T03:16:40.237+0000] {processor.py:840} INFO - DAG(s) 'example_params_ui_tutorial' retrieved from /home/airflow/.local/lib/python3.12/site-packages/airflow/example_dags/example_params_ui_tutorial.py
[2025-03-11T03:16:40.420+0000] {logging_mixin.py:188} INFO - [2025-03-11T03:16:40.420+0000] {dag.py:3096} INFO - Sync 1 DAGs
[2025-03-11T03:16:40.431+0000] {logging_mixin.py:188} INFO - [2025-03-11T03:16:40.430+0000] {dag.py:3954} INFO - Setting next_dagrun for example_params_ui_tutorial to None, run_after=None
[2025-03-11T03:16:40.450+0000] {processor.py:183} INFO - Processing /home/airflow/.local/lib/python3.12/site-packages/airflow/example_dags/example_params_ui_tutorial.py took 0.235 seconds
[2025-03-11T03:17:11.509+0000] {processor.py:161} INFO - Started process (PID=65423) to work on /home/airflow/.local/lib/python3.12/site-packages/airflow/example_dags/example_params_ui_tutorial.py
[2025-03-11T03:17:11.510+0000] {processor.py:830} INFO - Processing file /home/airflow/.local/lib/python3.12/site-packages/airflow/example_dags/example_params_ui_tutorial.py for tasks to queue
[2025-03-11T03:17:11.513+0000] {logging_mixin.py:188} INFO - [2025-03-11T03:17:11.512+0000] {dagbag.py:545} INFO - Filling up the DagBag from /home/airflow/.local/lib/python3.12/site-packages/airflow/example_dags/example_params_ui_tutorial.py
[2025-03-11T03:17:11.526+0000] {processor.py:840} INFO - DAG(s) 'example_params_ui_tutorial' retrieved from /home/airflow/.local/lib/python3.12/site-packages/airflow/example_dags/example_params_ui_tutorial.py
[2025-03-11T03:17:11.584+0000] {logging_mixin.py:188} INFO - [2025-03-11T03:17:11.584+0000] {dag.py:3096} INFO - Sync 1 DAGs
[2025-03-11T03:17:11.598+0000] {logging_mixin.py:188} INFO - [2025-03-11T03:17:11.598+0000] {dag.py:3954} INFO - Setting next_dagrun for example_params_ui_tutorial to None, run_after=None
[2025-03-11T03:17:11.626+0000] {processor.py:183} INFO - Processing /home/airflow/.local/lib/python3.12/site-packages/airflow/example_dags/example_params_ui_tutorial.py took 0.123 seconds
[2025-03-11T03:17:43.717+0000] {processor.py:161} INFO - Started process (PID=65685) to work on /home/airflow/.local/lib/python3.12/site-packages/airflow/example_dags/example_params_ui_tutorial.py
[2025-03-11T03:17:43.719+0000] {processor.py:830} INFO - Processing file /home/airflow/.local/lib/python3.12/site-packages/airflow/example_dags/example_params_ui_tutorial.py for tasks to queue
[2025-03-11T03:17:43.722+0000] {logging_mixin.py:188} INFO - [2025-03-11T03:17:43.722+0000] {dagbag.py:545} INFO - Filling up the DagBag from /home/airflow/.local/lib/python3.12/site-packages/airflow/example_dags/example_params_ui_tutorial.py
[2025-03-11T03:17:43.740+0000] {processor.py:840} INFO - DAG(s) 'example_params_ui_tutorial' retrieved from /home/airflow/.local/lib/python3.12/site-packages/airflow/example_dags/example_params_ui_tutorial.py
[2025-03-11T03:17:43.810+0000] {logging_mixin.py:188} INFO - [2025-03-11T03:17:43.809+0000] {dag.py:3096} INFO - Sync 1 DAGs
[2025-03-11T03:17:43.828+0000] {logging_mixin.py:188} INFO - [2025-03-11T03:17:43.828+0000] {dag.py:3954} INFO - Setting next_dagrun for example_params_ui_tutorial to None, run_after=None
[2025-03-11T03:17:43.853+0000] {processor.py:183} INFO - Processing /home/airflow/.local/lib/python3.12/site-packages/airflow/example_dags/example_params_ui_tutorial.py took 0.144 seconds
[2025-03-11T03:18:16.513+0000] {processor.py:161} INFO - Started process (PID=65947) to work on /home/airflow/.local/lib/python3.12/site-packages/airflow/example_dags/example_params_ui_tutorial.py
[2025-03-11T03:18:16.514+0000] {processor.py:830} INFO - Processing file /home/airflow/.local/lib/python3.12/site-packages/airflow/example_dags/example_params_ui_tutorial.py for tasks to queue
[2025-03-11T03:18:16.517+0000] {logging_mixin.py:188} INFO - [2025-03-11T03:18:16.517+0000] {dagbag.py:545} INFO - Filling up the DagBag from /home/airflow/.local/lib/python3.12/site-packages/airflow/example_dags/example_params_ui_tutorial.py
[2025-03-11T03:18:16.530+0000] {processor.py:840} INFO - DAG(s) 'example_params_ui_tutorial' retrieved from /home/airflow/.local/lib/python3.12/site-packages/airflow/example_dags/example_params_ui_tutorial.py
[2025-03-11T03:18:16.706+0000] {logging_mixin.py:188} INFO - [2025-03-11T03:18:16.705+0000] {dag.py:3096} INFO - Sync 1 DAGs
[2025-03-11T03:18:16.718+0000] {logging_mixin.py:188} INFO - [2025-03-11T03:18:16.718+0000] {dag.py:3954} INFO - Setting next_dagrun for example_params_ui_tutorial to None, run_after=None
[2025-03-11T03:18:16.739+0000] {processor.py:183} INFO - Processing /home/airflow/.local/lib/python3.12/site-packages/airflow/example_dags/example_params_ui_tutorial.py took 0.232 seconds
[2025-03-11T03:18:48.247+0000] {processor.py:161} INFO - Started process (PID=66209) to work on /home/airflow/.local/lib/python3.12/site-packages/airflow/example_dags/example_params_ui_tutorial.py
[2025-03-11T03:18:48.249+0000] {processor.py:830} INFO - Processing file /home/airflow/.local/lib/python3.12/site-packages/airflow/example_dags/example_params_ui_tutorial.py for tasks to queue
[2025-03-11T03:18:48.252+0000] {logging_mixin.py:188} INFO - [2025-03-11T03:18:48.252+0000] {dagbag.py:545} INFO - Filling up the DagBag from /home/airflow/.local/lib/python3.12/site-packages/airflow/example_dags/example_params_ui_tutorial.py
[2025-03-11T03:18:48.267+0000] {processor.py:840} INFO - DAG(s) 'example_params_ui_tutorial' retrieved from /home/airflow/.local/lib/python3.12/site-packages/airflow/example_dags/example_params_ui_tutorial.py
[2025-03-11T03:18:48.343+0000] {logging_mixin.py:188} INFO - [2025-03-11T03:18:48.342+0000] {dag.py:3096} INFO - Sync 1 DAGs
[2025-03-11T03:18:48.361+0000] {logging_mixin.py:188} INFO - [2025-03-11T03:18:48.360+0000] {dag.py:3954} INFO - Setting next_dagrun for example_params_ui_tutorial to None, run_after=None
[2025-03-11T03:18:48.389+0000] {processor.py:183} INFO - Processing /home/airflow/.local/lib/python3.12/site-packages/airflow/example_dags/example_params_ui_tutorial.py took 0.150 seconds
[2025-03-11T03:19:20.509+0000] {processor.py:161} INFO - Started process (PID=66471) to work on /home/airflow/.local/lib/python3.12/site-packages/airflow/example_dags/example_params_ui_tutorial.py
[2025-03-11T03:19:20.511+0000] {processor.py:830} INFO - Processing file /home/airflow/.local/lib/python3.12/site-packages/airflow/example_dags/example_params_ui_tutorial.py for tasks to queue
[2025-03-11T03:19:20.513+0000] {logging_mixin.py:188} INFO - [2025-03-11T03:19:20.513+0000] {dagbag.py:545} INFO - Filling up the DagBag from /home/airflow/.local/lib/python3.12/site-packages/airflow/example_dags/example_params_ui_tutorial.py
[2025-03-11T03:19:20.526+0000] {processor.py:840} INFO - DAG(s) 'example_params_ui_tutorial' retrieved from /home/airflow/.local/lib/python3.12/site-packages/airflow/example_dags/example_params_ui_tutorial.py
[2025-03-11T03:19:20.579+0000] {logging_mixin.py:188} INFO - [2025-03-11T03:19:20.579+0000] {dag.py:3096} INFO - Sync 1 DAGs
[2025-03-11T03:19:20.592+0000] {logging_mixin.py:188} INFO - [2025-03-11T03:19:20.592+0000] {dag.py:3954} INFO - Setting next_dagrun for example_params_ui_tutorial to None, run_after=None
[2025-03-11T03:19:20.614+0000] {processor.py:183} INFO - Processing /home/airflow/.local/lib/python3.12/site-packages/airflow/example_dags/example_params_ui_tutorial.py took 0.111 seconds
[2025-03-11T03:19:51.629+0000] {processor.py:161} INFO - Started process (PID=66733) to work on /home/airflow/.local/lib/python3.12/site-packages/airflow/example_dags/example_params_ui_tutorial.py
[2025-03-11T03:19:51.631+0000] {processor.py:830} INFO - Processing file /home/airflow/.local/lib/python3.12/site-packages/airflow/example_dags/example_params_ui_tutorial.py for tasks to queue
[2025-03-11T03:19:51.633+0000] {logging_mixin.py:188} INFO - [2025-03-11T03:19:51.633+0000] {dagbag.py:545} INFO - Filling up the DagBag from /home/airflow/.local/lib/python3.12/site-packages/airflow/example_dags/example_params_ui_tutorial.py
[2025-03-11T03:19:51.647+0000] {processor.py:840} INFO - DAG(s) 'example_params_ui_tutorial' retrieved from /home/airflow/.local/lib/python3.12/site-packages/airflow/example_dags/example_params_ui_tutorial.py
[2025-03-11T03:19:51.703+0000] {logging_mixin.py:188} INFO - [2025-03-11T03:19:51.703+0000] {dag.py:3096} INFO - Sync 1 DAGs
[2025-03-11T03:19:51.717+0000] {logging_mixin.py:188} INFO - [2025-03-11T03:19:51.716+0000] {dag.py:3954} INFO - Setting next_dagrun for example_params_ui_tutorial to None, run_after=None
[2025-03-11T03:19:51.737+0000] {processor.py:183} INFO - Processing /home/airflow/.local/lib/python3.12/site-packages/airflow/example_dags/example_params_ui_tutorial.py took 0.115 seconds
[2025-03-11T03:20:24.155+0000] {processor.py:161} INFO - Started process (PID=66994) to work on /home/airflow/.local/lib/python3.12/site-packages/airflow/example_dags/example_params_ui_tutorial.py
[2025-03-11T03:20:24.156+0000] {processor.py:830} INFO - Processing file /home/airflow/.local/lib/python3.12/site-packages/airflow/example_dags/example_params_ui_tutorial.py for tasks to queue
[2025-03-11T03:20:24.158+0000] {logging_mixin.py:188} INFO - [2025-03-11T03:20:24.158+0000] {dagbag.py:545} INFO - Filling up the DagBag from /home/airflow/.local/lib/python3.12/site-packages/airflow/example_dags/example_params_ui_tutorial.py
[2025-03-11T03:20:24.171+0000] {processor.py:840} INFO - DAG(s) 'example_params_ui_tutorial' retrieved from /home/airflow/.local/lib/python3.12/site-packages/airflow/example_dags/example_params_ui_tutorial.py
[2025-03-11T03:20:24.219+0000] {logging_mixin.py:188} INFO - [2025-03-11T03:20:24.219+0000] {dag.py:3096} INFO - Sync 1 DAGs
[2025-03-11T03:20:24.232+0000] {logging_mixin.py:188} INFO - [2025-03-11T03:20:24.232+0000] {dag.py:3954} INFO - Setting next_dagrun for example_params_ui_tutorial to None, run_after=None
[2025-03-11T03:20:24.255+0000] {processor.py:183} INFO - Processing /home/airflow/.local/lib/python3.12/site-packages/airflow/example_dags/example_params_ui_tutorial.py took 0.107 seconds
[2025-03-11T03:20:56.016+0000] {processor.py:161} INFO - Started process (PID=67256) to work on /home/airflow/.local/lib/python3.12/site-packages/airflow/example_dags/example_params_ui_tutorial.py
[2025-03-11T03:20:56.017+0000] {processor.py:830} INFO - Processing file /home/airflow/.local/lib/python3.12/site-packages/airflow/example_dags/example_params_ui_tutorial.py for tasks to queue
[2025-03-11T03:20:56.019+0000] {logging_mixin.py:188} INFO - [2025-03-11T03:20:56.019+0000] {dagbag.py:545} INFO - Filling up the DagBag from /home/airflow/.local/lib/python3.12/site-packages/airflow/example_dags/example_params_ui_tutorial.py
[2025-03-11T03:20:56.031+0000] {processor.py:840} INFO - DAG(s) 'example_params_ui_tutorial' retrieved from /home/airflow/.local/lib/python3.12/site-packages/airflow/example_dags/example_params_ui_tutorial.py
[2025-03-11T03:20:56.081+0000] {logging_mixin.py:188} INFO - [2025-03-11T03:20:56.081+0000] {dag.py:3096} INFO - Sync 1 DAGs
[2025-03-11T03:20:56.094+0000] {logging_mixin.py:188} INFO - [2025-03-11T03:20:56.094+0000] {dag.py:3954} INFO - Setting next_dagrun for example_params_ui_tutorial to None, run_after=None
[2025-03-11T03:20:56.114+0000] {processor.py:183} INFO - Processing /home/airflow/.local/lib/python3.12/site-packages/airflow/example_dags/example_params_ui_tutorial.py took 0.104 seconds
[2025-03-11T03:21:28.372+0000] {processor.py:161} INFO - Started process (PID=67525) to work on /home/airflow/.local/lib/python3.12/site-packages/airflow/example_dags/example_params_ui_tutorial.py
[2025-03-11T03:21:28.373+0000] {processor.py:830} INFO - Processing file /home/airflow/.local/lib/python3.12/site-packages/airflow/example_dags/example_params_ui_tutorial.py for tasks to queue
[2025-03-11T03:21:28.376+0000] {logging_mixin.py:188} INFO - [2025-03-11T03:21:28.376+0000] {dagbag.py:545} INFO - Filling up the DagBag from /home/airflow/.local/lib/python3.12/site-packages/airflow/example_dags/example_params_ui_tutorial.py
[2025-03-11T03:21:28.404+0000] {processor.py:840} INFO - DAG(s) 'example_params_ui_tutorial' retrieved from /home/airflow/.local/lib/python3.12/site-packages/airflow/example_dags/example_params_ui_tutorial.py
[2025-03-11T03:21:28.459+0000] {logging_mixin.py:188} INFO - [2025-03-11T03:21:28.459+0000] {dag.py:3096} INFO - Sync 1 DAGs
[2025-03-11T03:21:28.473+0000] {logging_mixin.py:188} INFO - [2025-03-11T03:21:28.472+0000] {dag.py:3954} INFO - Setting next_dagrun for example_params_ui_tutorial to None, run_after=None
[2025-03-11T03:21:28.494+0000] {processor.py:183} INFO - Processing /home/airflow/.local/lib/python3.12/site-packages/airflow/example_dags/example_params_ui_tutorial.py took 0.137 seconds
[2025-03-11T03:22:01.172+0000] {processor.py:161} INFO - Started process (PID=67787) to work on /home/airflow/.local/lib/python3.12/site-packages/airflow/example_dags/example_params_ui_tutorial.py
[2025-03-11T03:22:01.173+0000] {processor.py:830} INFO - Processing file /home/airflow/.local/lib/python3.12/site-packages/airflow/example_dags/example_params_ui_tutorial.py for tasks to queue
[2025-03-11T03:22:01.176+0000] {logging_mixin.py:188} INFO - [2025-03-11T03:22:01.175+0000] {dagbag.py:545} INFO - Filling up the DagBag from /home/airflow/.local/lib/python3.12/site-packages/airflow/example_dags/example_params_ui_tutorial.py
[2025-03-11T03:22:01.188+0000] {processor.py:840} INFO - DAG(s) 'example_params_ui_tutorial' retrieved from /home/airflow/.local/lib/python3.12/site-packages/airflow/example_dags/example_params_ui_tutorial.py
[2025-03-11T03:22:01.241+0000] {logging_mixin.py:188} INFO - [2025-03-11T03:22:01.241+0000] {dag.py:3096} INFO - Sync 1 DAGs
[2025-03-11T03:22:01.256+0000] {logging_mixin.py:188} INFO - [2025-03-11T03:22:01.256+0000] {dag.py:3954} INFO - Setting next_dagrun for example_params_ui_tutorial to None, run_after=None
[2025-03-11T03:22:01.278+0000] {processor.py:183} INFO - Processing /home/airflow/.local/lib/python3.12/site-packages/airflow/example_dags/example_params_ui_tutorial.py took 0.112 seconds
[2025-03-11T03:22:33.403+0000] {processor.py:161} INFO - Started process (PID=68049) to work on /home/airflow/.local/lib/python3.12/site-packages/airflow/example_dags/example_params_ui_tutorial.py
[2025-03-11T03:22:33.405+0000] {processor.py:830} INFO - Processing file /home/airflow/.local/lib/python3.12/site-packages/airflow/example_dags/example_params_ui_tutorial.py for tasks to queue
[2025-03-11T03:22:33.407+0000] {logging_mixin.py:188} INFO - [2025-03-11T03:22:33.407+0000] {dagbag.py:545} INFO - Filling up the DagBag from /home/airflow/.local/lib/python3.12/site-packages/airflow/example_dags/example_params_ui_tutorial.py
[2025-03-11T03:22:33.419+0000] {processor.py:840} INFO - DAG(s) 'example_params_ui_tutorial' retrieved from /home/airflow/.local/lib/python3.12/site-packages/airflow/example_dags/example_params_ui_tutorial.py
[2025-03-11T03:22:33.497+0000] {logging_mixin.py:188} INFO - [2025-03-11T03:22:33.496+0000] {dag.py:3096} INFO - Sync 1 DAGs
[2025-03-11T03:22:33.523+0000] {logging_mixin.py:188} INFO - [2025-03-11T03:22:33.523+0000] {dag.py:3954} INFO - Setting next_dagrun for example_params_ui_tutorial to None, run_after=None
[2025-03-11T03:22:33.546+0000] {processor.py:183} INFO - Processing /home/airflow/.local/lib/python3.12/site-packages/airflow/example_dags/example_params_ui_tutorial.py took 0.151 seconds
[2025-03-11T03:23:05.323+0000] {processor.py:161} INFO - Started process (PID=68311) to work on /home/airflow/.local/lib/python3.12/site-packages/airflow/example_dags/example_params_ui_tutorial.py
[2025-03-11T03:23:05.324+0000] {processor.py:830} INFO - Processing file /home/airflow/.local/lib/python3.12/site-packages/airflow/example_dags/example_params_ui_tutorial.py for tasks to queue
[2025-03-11T03:23:05.327+0000] {logging_mixin.py:188} INFO - [2025-03-11T03:23:05.326+0000] {dagbag.py:545} INFO - Filling up the DagBag from /home/airflow/.local/lib/python3.12/site-packages/airflow/example_dags/example_params_ui_tutorial.py
[2025-03-11T03:23:05.341+0000] {processor.py:840} INFO - DAG(s) 'example_params_ui_tutorial' retrieved from /home/airflow/.local/lib/python3.12/site-packages/airflow/example_dags/example_params_ui_tutorial.py
[2025-03-11T03:23:05.406+0000] {logging_mixin.py:188} INFO - [2025-03-11T03:23:05.406+0000] {dag.py:3096} INFO - Sync 1 DAGs
[2025-03-11T03:23:05.419+0000] {logging_mixin.py:188} INFO - [2025-03-11T03:23:05.418+0000] {dag.py:3954} INFO - Setting next_dagrun for example_params_ui_tutorial to None, run_after=None
[2025-03-11T03:23:05.441+0000] {processor.py:183} INFO - Processing /home/airflow/.local/lib/python3.12/site-packages/airflow/example_dags/example_params_ui_tutorial.py took 0.126 seconds
[2025-03-11T03:23:37.446+0000] {processor.py:161} INFO - Started process (PID=68583) to work on /home/airflow/.local/lib/python3.12/site-packages/airflow/example_dags/example_params_ui_tutorial.py
[2025-03-11T03:23:37.447+0000] {processor.py:830} INFO - Processing file /home/airflow/.local/lib/python3.12/site-packages/airflow/example_dags/example_params_ui_tutorial.py for tasks to queue
[2025-03-11T03:23:37.450+0000] {logging_mixin.py:188} INFO - [2025-03-11T03:23:37.449+0000] {dagbag.py:545} INFO - Filling up the DagBag from /home/airflow/.local/lib/python3.12/site-packages/airflow/example_dags/example_params_ui_tutorial.py
[2025-03-11T03:23:37.461+0000] {processor.py:840} INFO - DAG(s) 'example_params_ui_tutorial' retrieved from /home/airflow/.local/lib/python3.12/site-packages/airflow/example_dags/example_params_ui_tutorial.py
[2025-03-11T03:23:37.510+0000] {logging_mixin.py:188} INFO - [2025-03-11T03:23:37.509+0000] {dag.py:3096} INFO - Sync 1 DAGs
[2025-03-11T03:23:37.521+0000] {logging_mixin.py:188} INFO - [2025-03-11T03:23:37.521+0000] {dag.py:3954} INFO - Setting next_dagrun for example_params_ui_tutorial to None, run_after=None
[2025-03-11T03:23:37.542+0000] {processor.py:183} INFO - Processing /home/airflow/.local/lib/python3.12/site-packages/airflow/example_dags/example_params_ui_tutorial.py took 0.101 seconds
[2025-03-11T03:24:09.642+0000] {processor.py:161} INFO - Started process (PID=68845) to work on /home/airflow/.local/lib/python3.12/site-packages/airflow/example_dags/example_params_ui_tutorial.py
[2025-03-11T03:24:09.646+0000] {processor.py:830} INFO - Processing file /home/airflow/.local/lib/python3.12/site-packages/airflow/example_dags/example_params_ui_tutorial.py for tasks to queue
[2025-03-11T03:24:09.649+0000] {logging_mixin.py:188} INFO - [2025-03-11T03:24:09.648+0000] {dagbag.py:545} INFO - Filling up the DagBag from /home/airflow/.local/lib/python3.12/site-packages/airflow/example_dags/example_params_ui_tutorial.py
[2025-03-11T03:24:09.661+0000] {processor.py:840} INFO - DAG(s) 'example_params_ui_tutorial' retrieved from /home/airflow/.local/lib/python3.12/site-packages/airflow/example_dags/example_params_ui_tutorial.py
[2025-03-11T03:24:09.714+0000] {logging_mixin.py:188} INFO - [2025-03-11T03:24:09.714+0000] {dag.py:3096} INFO - Sync 1 DAGs
[2025-03-11T03:24:09.727+0000] {logging_mixin.py:188} INFO - [2025-03-11T03:24:09.727+0000] {dag.py:3954} INFO - Setting next_dagrun for example_params_ui_tutorial to None, run_after=None
[2025-03-11T03:24:09.747+0000] {processor.py:183} INFO - Processing /home/airflow/.local/lib/python3.12/site-packages/airflow/example_dags/example_params_ui_tutorial.py took 0.116 seconds
[2025-03-11T03:24:41.334+0000] {processor.py:161} INFO - Started process (PID=69107) to work on /home/airflow/.local/lib/python3.12/site-packages/airflow/example_dags/example_params_ui_tutorial.py
[2025-03-11T03:24:41.336+0000] {processor.py:830} INFO - Processing file /home/airflow/.local/lib/python3.12/site-packages/airflow/example_dags/example_params_ui_tutorial.py for tasks to queue
[2025-03-11T03:24:41.339+0000] {logging_mixin.py:188} INFO - [2025-03-11T03:24:41.338+0000] {dagbag.py:545} INFO - Filling up the DagBag from /home/airflow/.local/lib/python3.12/site-packages/airflow/example_dags/example_params_ui_tutorial.py
[2025-03-11T03:24:41.354+0000] {processor.py:840} INFO - DAG(s) 'example_params_ui_tutorial' retrieved from /home/airflow/.local/lib/python3.12/site-packages/airflow/example_dags/example_params_ui_tutorial.py
[2025-03-11T03:24:41.410+0000] {logging_mixin.py:188} INFO - [2025-03-11T03:24:41.409+0000] {dag.py:3096} INFO - Sync 1 DAGs
[2025-03-11T03:24:41.423+0000] {logging_mixin.py:188} INFO - [2025-03-11T03:24:41.423+0000] {dag.py:3954} INFO - Setting next_dagrun for example_params_ui_tutorial to None, run_after=None
[2025-03-11T03:24:41.444+0000] {processor.py:183} INFO - Processing /home/airflow/.local/lib/python3.12/site-packages/airflow/example_dags/example_params_ui_tutorial.py took 0.126 seconds
[2025-03-11T03:25:13.481+0000] {processor.py:161} INFO - Started process (PID=69369) to work on /home/airflow/.local/lib/python3.12/site-packages/airflow/example_dags/example_params_ui_tutorial.py
[2025-03-11T03:25:13.483+0000] {processor.py:830} INFO - Processing file /home/airflow/.local/lib/python3.12/site-packages/airflow/example_dags/example_params_ui_tutorial.py for tasks to queue
[2025-03-11T03:25:13.486+0000] {logging_mixin.py:188} INFO - [2025-03-11T03:25:13.485+0000] {dagbag.py:545} INFO - Filling up the DagBag from /home/airflow/.local/lib/python3.12/site-packages/airflow/example_dags/example_params_ui_tutorial.py
[2025-03-11T03:25:13.497+0000] {processor.py:840} INFO - DAG(s) 'example_params_ui_tutorial' retrieved from /home/airflow/.local/lib/python3.12/site-packages/airflow/example_dags/example_params_ui_tutorial.py
[2025-03-11T03:25:13.549+0000] {logging_mixin.py:188} INFO - [2025-03-11T03:25:13.548+0000] {dag.py:3096} INFO - Sync 1 DAGs
[2025-03-11T03:25:13.562+0000] {logging_mixin.py:188} INFO - [2025-03-11T03:25:13.561+0000] {dag.py:3954} INFO - Setting next_dagrun for example_params_ui_tutorial to None, run_after=None
[2025-03-11T03:25:13.584+0000] {processor.py:183} INFO - Processing /home/airflow/.local/lib/python3.12/site-packages/airflow/example_dags/example_params_ui_tutorial.py took 0.110 seconds
[2025-03-11T03:25:45.408+0000] {processor.py:161} INFO - Started process (PID=69631) to work on /home/airflow/.local/lib/python3.12/site-packages/airflow/example_dags/example_params_ui_tutorial.py
[2025-03-11T03:25:45.410+0000] {processor.py:830} INFO - Processing file /home/airflow/.local/lib/python3.12/site-packages/airflow/example_dags/example_params_ui_tutorial.py for tasks to queue
[2025-03-11T03:25:45.413+0000] {logging_mixin.py:188} INFO - [2025-03-11T03:25:45.412+0000] {dagbag.py:545} INFO - Filling up the DagBag from /home/airflow/.local/lib/python3.12/site-packages/airflow/example_dags/example_params_ui_tutorial.py
[2025-03-11T03:25:45.426+0000] {processor.py:840} INFO - DAG(s) 'example_params_ui_tutorial' retrieved from /home/airflow/.local/lib/python3.12/site-packages/airflow/example_dags/example_params_ui_tutorial.py
[2025-03-11T03:25:45.484+0000] {logging_mixin.py:188} INFO - [2025-03-11T03:25:45.484+0000] {dag.py:3096} INFO - Sync 1 DAGs
[2025-03-11T03:25:45.500+0000] {logging_mixin.py:188} INFO - [2025-03-11T03:25:45.500+0000] {dag.py:3954} INFO - Setting next_dagrun for example_params_ui_tutorial to None, run_after=None
[2025-03-11T03:25:45.525+0000] {processor.py:183} INFO - Processing /home/airflow/.local/lib/python3.12/site-packages/airflow/example_dags/example_params_ui_tutorial.py took 0.127 seconds
[2025-03-11T03:26:18.137+0000] {processor.py:161} INFO - Started process (PID=69891) to work on /home/airflow/.local/lib/python3.12/site-packages/airflow/example_dags/example_params_ui_tutorial.py
[2025-03-11T03:26:18.139+0000] {processor.py:830} INFO - Processing file /home/airflow/.local/lib/python3.12/site-packages/airflow/example_dags/example_params_ui_tutorial.py for tasks to queue
[2025-03-11T03:26:18.141+0000] {logging_mixin.py:188} INFO - [2025-03-11T03:26:18.141+0000] {dagbag.py:545} INFO - Filling up the DagBag from /home/airflow/.local/lib/python3.12/site-packages/airflow/example_dags/example_params_ui_tutorial.py
[2025-03-11T03:26:18.161+0000] {processor.py:840} INFO - DAG(s) 'example_params_ui_tutorial' retrieved from /home/airflow/.local/lib/python3.12/site-packages/airflow/example_dags/example_params_ui_tutorial.py
[2025-03-11T03:26:18.211+0000] {logging_mixin.py:188} INFO - [2025-03-11T03:26:18.211+0000] {dag.py:3096} INFO - Sync 1 DAGs
[2025-03-11T03:26:18.225+0000] {logging_mixin.py:188} INFO - [2025-03-11T03:26:18.225+0000] {dag.py:3954} INFO - Setting next_dagrun for example_params_ui_tutorial to None, run_after=None
[2025-03-11T03:26:18.247+0000] {processor.py:183} INFO - Processing /home/airflow/.local/lib/python3.12/site-packages/airflow/example_dags/example_params_ui_tutorial.py took 0.116 seconds
[2025-03-11T03:26:49.665+0000] {processor.py:161} INFO - Started process (PID=70155) to work on /home/airflow/.local/lib/python3.12/site-packages/airflow/example_dags/example_params_ui_tutorial.py
[2025-03-11T03:26:49.666+0000] {processor.py:830} INFO - Processing file /home/airflow/.local/lib/python3.12/site-packages/airflow/example_dags/example_params_ui_tutorial.py for tasks to queue
[2025-03-11T03:26:49.668+0000] {logging_mixin.py:188} INFO - [2025-03-11T03:26:49.668+0000] {dagbag.py:545} INFO - Filling up the DagBag from /home/airflow/.local/lib/python3.12/site-packages/airflow/example_dags/example_params_ui_tutorial.py
[2025-03-11T03:26:49.681+0000] {processor.py:840} INFO - DAG(s) 'example_params_ui_tutorial' retrieved from /home/airflow/.local/lib/python3.12/site-packages/airflow/example_dags/example_params_ui_tutorial.py
[2025-03-11T03:26:49.732+0000] {logging_mixin.py:188} INFO - [2025-03-11T03:26:49.732+0000] {dag.py:3096} INFO - Sync 1 DAGs
[2025-03-11T03:26:49.744+0000] {logging_mixin.py:188} INFO - [2025-03-11T03:26:49.744+0000] {dag.py:3954} INFO - Setting next_dagrun for example_params_ui_tutorial to None, run_after=None
[2025-03-11T03:26:49.764+0000] {processor.py:183} INFO - Processing /home/airflow/.local/lib/python3.12/site-packages/airflow/example_dags/example_params_ui_tutorial.py took 0.105 seconds
[2025-03-11T03:27:22.251+0000] {processor.py:161} INFO - Started process (PID=70415) to work on /home/airflow/.local/lib/python3.12/site-packages/airflow/example_dags/example_params_ui_tutorial.py
[2025-03-11T03:27:22.253+0000] {processor.py:830} INFO - Processing file /home/airflow/.local/lib/python3.12/site-packages/airflow/example_dags/example_params_ui_tutorial.py for tasks to queue
[2025-03-11T03:27:22.255+0000] {logging_mixin.py:188} INFO - [2025-03-11T03:27:22.255+0000] {dagbag.py:545} INFO - Filling up the DagBag from /home/airflow/.local/lib/python3.12/site-packages/airflow/example_dags/example_params_ui_tutorial.py
[2025-03-11T03:27:22.267+0000] {processor.py:840} INFO - DAG(s) 'example_params_ui_tutorial' retrieved from /home/airflow/.local/lib/python3.12/site-packages/airflow/example_dags/example_params_ui_tutorial.py
[2025-03-11T03:27:22.316+0000] {logging_mixin.py:188} INFO - [2025-03-11T03:27:22.316+0000] {dag.py:3096} INFO - Sync 1 DAGs
[2025-03-11T03:27:22.330+0000] {logging_mixin.py:188} INFO - [2025-03-11T03:27:22.330+0000] {dag.py:3954} INFO - Setting next_dagrun for example_params_ui_tutorial to None, run_after=None
[2025-03-11T03:27:22.352+0000] {processor.py:183} INFO - Processing /home/airflow/.local/lib/python3.12/site-packages/airflow/example_dags/example_params_ui_tutorial.py took 0.106 seconds
[2025-03-11T03:27:53.813+0000] {processor.py:161} INFO - Started process (PID=70679) to work on /home/airflow/.local/lib/python3.12/site-packages/airflow/example_dags/example_params_ui_tutorial.py
[2025-03-11T03:27:53.815+0000] {processor.py:830} INFO - Processing file /home/airflow/.local/lib/python3.12/site-packages/airflow/example_dags/example_params_ui_tutorial.py for tasks to queue
[2025-03-11T03:27:53.817+0000] {logging_mixin.py:188} INFO - [2025-03-11T03:27:53.817+0000] {dagbag.py:545} INFO - Filling up the DagBag from /home/airflow/.local/lib/python3.12/site-packages/airflow/example_dags/example_params_ui_tutorial.py
[2025-03-11T03:27:53.831+0000] {processor.py:840} INFO - DAG(s) 'example_params_ui_tutorial' retrieved from /home/airflow/.local/lib/python3.12/site-packages/airflow/example_dags/example_params_ui_tutorial.py
[2025-03-11T03:27:53.885+0000] {logging_mixin.py:188} INFO - [2025-03-11T03:27:53.885+0000] {dag.py:3096} INFO - Sync 1 DAGs
[2025-03-11T03:27:53.899+0000] {logging_mixin.py:188} INFO - [2025-03-11T03:27:53.899+0000] {dag.py:3954} INFO - Setting next_dagrun for example_params_ui_tutorial to None, run_after=None
[2025-03-11T03:27:53.926+0000] {processor.py:183} INFO - Processing /home/airflow/.local/lib/python3.12/site-packages/airflow/example_dags/example_params_ui_tutorial.py took 0.121 seconds
[2025-03-11T03:28:26.617+0000] {processor.py:161} INFO - Started process (PID=70939) to work on /home/airflow/.local/lib/python3.12/site-packages/airflow/example_dags/example_params_ui_tutorial.py
[2025-03-11T03:28:26.618+0000] {processor.py:830} INFO - Processing file /home/airflow/.local/lib/python3.12/site-packages/airflow/example_dags/example_params_ui_tutorial.py for tasks to queue
[2025-03-11T03:28:26.621+0000] {logging_mixin.py:188} INFO - [2025-03-11T03:28:26.620+0000] {dagbag.py:545} INFO - Filling up the DagBag from /home/airflow/.local/lib/python3.12/site-packages/airflow/example_dags/example_params_ui_tutorial.py
[2025-03-11T03:28:26.635+0000] {processor.py:840} INFO - DAG(s) 'example_params_ui_tutorial' retrieved from /home/airflow/.local/lib/python3.12/site-packages/airflow/example_dags/example_params_ui_tutorial.py
[2025-03-11T03:28:26.693+0000] {logging_mixin.py:188} INFO - [2025-03-11T03:28:26.693+0000] {dag.py:3096} INFO - Sync 1 DAGs
[2025-03-11T03:28:26.706+0000] {logging_mixin.py:188} INFO - [2025-03-11T03:28:26.706+0000] {dag.py:3954} INFO - Setting next_dagrun for example_params_ui_tutorial to None, run_after=None
[2025-03-11T03:28:26.733+0000] {processor.py:183} INFO - Processing /home/airflow/.local/lib/python3.12/site-packages/airflow/example_dags/example_params_ui_tutorial.py took 0.124 seconds
[2025-03-11T03:28:58.471+0000] {processor.py:161} INFO - Started process (PID=71203) to work on /home/airflow/.local/lib/python3.12/site-packages/airflow/example_dags/example_params_ui_tutorial.py
[2025-03-11T03:28:58.473+0000] {processor.py:830} INFO - Processing file /home/airflow/.local/lib/python3.12/site-packages/airflow/example_dags/example_params_ui_tutorial.py for tasks to queue
[2025-03-11T03:28:58.479+0000] {logging_mixin.py:188} INFO - [2025-03-11T03:28:58.478+0000] {dagbag.py:545} INFO - Filling up the DagBag from /home/airflow/.local/lib/python3.12/site-packages/airflow/example_dags/example_params_ui_tutorial.py
[2025-03-11T03:28:58.496+0000] {processor.py:840} INFO - DAG(s) 'example_params_ui_tutorial' retrieved from /home/airflow/.local/lib/python3.12/site-packages/airflow/example_dags/example_params_ui_tutorial.py
[2025-03-11T03:28:58.564+0000] {logging_mixin.py:188} INFO - [2025-03-11T03:28:58.564+0000] {dag.py:3096} INFO - Sync 1 DAGs
[2025-03-11T03:28:58.580+0000] {logging_mixin.py:188} INFO - [2025-03-11T03:28:58.580+0000] {dag.py:3954} INFO - Setting next_dagrun for example_params_ui_tutorial to None, run_after=None
[2025-03-11T03:28:58.604+0000] {processor.py:183} INFO - Processing /home/airflow/.local/lib/python3.12/site-packages/airflow/example_dags/example_params_ui_tutorial.py took 0.144 seconds
[2025-03-11T03:29:30.695+0000] {processor.py:161} INFO - Started process (PID=71465) to work on /home/airflow/.local/lib/python3.12/site-packages/airflow/example_dags/example_params_ui_tutorial.py
[2025-03-11T03:29:30.697+0000] {processor.py:830} INFO - Processing file /home/airflow/.local/lib/python3.12/site-packages/airflow/example_dags/example_params_ui_tutorial.py for tasks to queue
[2025-03-11T03:29:30.699+0000] {logging_mixin.py:188} INFO - [2025-03-11T03:29:30.699+0000] {dagbag.py:545} INFO - Filling up the DagBag from /home/airflow/.local/lib/python3.12/site-packages/airflow/example_dags/example_params_ui_tutorial.py
[2025-03-11T03:29:30.710+0000] {processor.py:840} INFO - DAG(s) 'example_params_ui_tutorial' retrieved from /home/airflow/.local/lib/python3.12/site-packages/airflow/example_dags/example_params_ui_tutorial.py
[2025-03-11T03:29:30.772+0000] {logging_mixin.py:188} INFO - [2025-03-11T03:29:30.772+0000] {dag.py:3096} INFO - Sync 1 DAGs
[2025-03-11T03:29:30.787+0000] {logging_mixin.py:188} INFO - [2025-03-11T03:29:30.786+0000] {dag.py:3954} INFO - Setting next_dagrun for example_params_ui_tutorial to None, run_after=None
[2025-03-11T03:29:30.810+0000] {processor.py:183} INFO - Processing /home/airflow/.local/lib/python3.12/site-packages/airflow/example_dags/example_params_ui_tutorial.py took 0.121 seconds
[2025-03-11T03:30:02.449+0000] {processor.py:161} INFO - Started process (PID=71725) to work on /home/airflow/.local/lib/python3.12/site-packages/airflow/example_dags/example_params_ui_tutorial.py
[2025-03-11T03:30:02.450+0000] {processor.py:830} INFO - Processing file /home/airflow/.local/lib/python3.12/site-packages/airflow/example_dags/example_params_ui_tutorial.py for tasks to queue
[2025-03-11T03:30:02.452+0000] {logging_mixin.py:188} INFO - [2025-03-11T03:30:02.452+0000] {dagbag.py:545} INFO - Filling up the DagBag from /home/airflow/.local/lib/python3.12/site-packages/airflow/example_dags/example_params_ui_tutorial.py
[2025-03-11T03:30:02.466+0000] {processor.py:840} INFO - DAG(s) 'example_params_ui_tutorial' retrieved from /home/airflow/.local/lib/python3.12/site-packages/airflow/example_dags/example_params_ui_tutorial.py
[2025-03-11T03:30:02.519+0000] {logging_mixin.py:188} INFO - [2025-03-11T03:30:02.518+0000] {dag.py:3096} INFO - Sync 1 DAGs
[2025-03-11T03:30:02.532+0000] {logging_mixin.py:188} INFO - [2025-03-11T03:30:02.532+0000] {dag.py:3954} INFO - Setting next_dagrun for example_params_ui_tutorial to None, run_after=None
[2025-03-11T03:30:02.555+0000] {processor.py:183} INFO - Processing /home/airflow/.local/lib/python3.12/site-packages/airflow/example_dags/example_params_ui_tutorial.py took 0.112 seconds
[2025-03-11T03:30:35.194+0000] {processor.py:161} INFO - Started process (PID=71989) to work on /home/airflow/.local/lib/python3.12/site-packages/airflow/example_dags/example_params_ui_tutorial.py
[2025-03-11T03:30:35.198+0000] {processor.py:830} INFO - Processing file /home/airflow/.local/lib/python3.12/site-packages/airflow/example_dags/example_params_ui_tutorial.py for tasks to queue
[2025-03-11T03:30:35.206+0000] {logging_mixin.py:188} INFO - [2025-03-11T03:30:35.204+0000] {dagbag.py:545} INFO - Filling up the DagBag from /home/airflow/.local/lib/python3.12/site-packages/airflow/example_dags/example_params_ui_tutorial.py
[2025-03-11T03:30:35.225+0000] {processor.py:840} INFO - DAG(s) 'example_params_ui_tutorial' retrieved from /home/airflow/.local/lib/python3.12/site-packages/airflow/example_dags/example_params_ui_tutorial.py
[2025-03-11T03:30:35.343+0000] {logging_mixin.py:188} INFO - [2025-03-11T03:30:35.342+0000] {dag.py:3096} INFO - Sync 1 DAGs
[2025-03-11T03:30:35.380+0000] {logging_mixin.py:188} INFO - [2025-03-11T03:30:35.380+0000] {dag.py:3954} INFO - Setting next_dagrun for example_params_ui_tutorial to None, run_after=None
[2025-03-11T03:30:35.401+0000] {processor.py:183} INFO - Processing /home/airflow/.local/lib/python3.12/site-packages/airflow/example_dags/example_params_ui_tutorial.py took 0.223 seconds
[2025-03-11T03:31:06.210+0000] {processor.py:161} INFO - Started process (PID=72251) to work on /home/airflow/.local/lib/python3.12/site-packages/airflow/example_dags/example_params_ui_tutorial.py
[2025-03-11T03:31:06.212+0000] {processor.py:830} INFO - Processing file /home/airflow/.local/lib/python3.12/site-packages/airflow/example_dags/example_params_ui_tutorial.py for tasks to queue
[2025-03-11T03:31:06.216+0000] {logging_mixin.py:188} INFO - [2025-03-11T03:31:06.216+0000] {dagbag.py:545} INFO - Filling up the DagBag from /home/airflow/.local/lib/python3.12/site-packages/airflow/example_dags/example_params_ui_tutorial.py
[2025-03-11T03:31:06.230+0000] {processor.py:840} INFO - DAG(s) 'example_params_ui_tutorial' retrieved from /home/airflow/.local/lib/python3.12/site-packages/airflow/example_dags/example_params_ui_tutorial.py
[2025-03-11T03:31:06.283+0000] {logging_mixin.py:188} INFO - [2025-03-11T03:31:06.283+0000] {dag.py:3096} INFO - Sync 1 DAGs
[2025-03-11T03:31:06.298+0000] {logging_mixin.py:188} INFO - [2025-03-11T03:31:06.298+0000] {dag.py:3954} INFO - Setting next_dagrun for example_params_ui_tutorial to None, run_after=None
[2025-03-11T03:31:06.333+0000] {processor.py:183} INFO - Processing /home/airflow/.local/lib/python3.12/site-packages/airflow/example_dags/example_params_ui_tutorial.py took 0.129 seconds
[2025-03-11T03:31:38.723+0000] {processor.py:161} INFO - Started process (PID=72513) to work on /home/airflow/.local/lib/python3.12/site-packages/airflow/example_dags/example_params_ui_tutorial.py
[2025-03-11T03:31:38.724+0000] {processor.py:830} INFO - Processing file /home/airflow/.local/lib/python3.12/site-packages/airflow/example_dags/example_params_ui_tutorial.py for tasks to queue
[2025-03-11T03:31:38.726+0000] {logging_mixin.py:188} INFO - [2025-03-11T03:31:38.726+0000] {dagbag.py:545} INFO - Filling up the DagBag from /home/airflow/.local/lib/python3.12/site-packages/airflow/example_dags/example_params_ui_tutorial.py
[2025-03-11T03:31:38.739+0000] {processor.py:840} INFO - DAG(s) 'example_params_ui_tutorial' retrieved from /home/airflow/.local/lib/python3.12/site-packages/airflow/example_dags/example_params_ui_tutorial.py
[2025-03-11T03:31:38.801+0000] {logging_mixin.py:188} INFO - [2025-03-11T03:31:38.801+0000] {dag.py:3096} INFO - Sync 1 DAGs
[2025-03-11T03:31:38.814+0000] {logging_mixin.py:188} INFO - [2025-03-11T03:31:38.813+0000] {dag.py:3954} INFO - Setting next_dagrun for example_params_ui_tutorial to None, run_after=None
[2025-03-11T03:31:38.838+0000] {processor.py:183} INFO - Processing /home/airflow/.local/lib/python3.12/site-packages/airflow/example_dags/example_params_ui_tutorial.py took 0.121 seconds
[2025-03-11T03:32:10.440+0000] {processor.py:161} INFO - Started process (PID=72775) to work on /home/airflow/.local/lib/python3.12/site-packages/airflow/example_dags/example_params_ui_tutorial.py
[2025-03-11T03:32:10.442+0000] {processor.py:830} INFO - Processing file /home/airflow/.local/lib/python3.12/site-packages/airflow/example_dags/example_params_ui_tutorial.py for tasks to queue
[2025-03-11T03:32:10.444+0000] {logging_mixin.py:188} INFO - [2025-03-11T03:32:10.444+0000] {dagbag.py:545} INFO - Filling up the DagBag from /home/airflow/.local/lib/python3.12/site-packages/airflow/example_dags/example_params_ui_tutorial.py
[2025-03-11T03:32:10.459+0000] {processor.py:840} INFO - DAG(s) 'example_params_ui_tutorial' retrieved from /home/airflow/.local/lib/python3.12/site-packages/airflow/example_dags/example_params_ui_tutorial.py
[2025-03-11T03:32:10.512+0000] {logging_mixin.py:188} INFO - [2025-03-11T03:32:10.511+0000] {dag.py:3096} INFO - Sync 1 DAGs
[2025-03-11T03:32:10.525+0000] {logging_mixin.py:188} INFO - [2025-03-11T03:32:10.524+0000] {dag.py:3954} INFO - Setting next_dagrun for example_params_ui_tutorial to None, run_after=None
[2025-03-11T03:32:10.546+0000] {processor.py:183} INFO - Processing /home/airflow/.local/lib/python3.12/site-packages/airflow/example_dags/example_params_ui_tutorial.py took 0.120 seconds
[2025-03-11T03:32:42.542+0000] {processor.py:161} INFO - Started process (PID=73037) to work on /home/airflow/.local/lib/python3.12/site-packages/airflow/example_dags/example_params_ui_tutorial.py
[2025-03-11T03:32:42.544+0000] {processor.py:830} INFO - Processing file /home/airflow/.local/lib/python3.12/site-packages/airflow/example_dags/example_params_ui_tutorial.py for tasks to queue
[2025-03-11T03:32:42.548+0000] {logging_mixin.py:188} INFO - [2025-03-11T03:32:42.548+0000] {dagbag.py:545} INFO - Filling up the DagBag from /home/airflow/.local/lib/python3.12/site-packages/airflow/example_dags/example_params_ui_tutorial.py
[2025-03-11T03:32:42.564+0000] {processor.py:840} INFO - DAG(s) 'example_params_ui_tutorial' retrieved from /home/airflow/.local/lib/python3.12/site-packages/airflow/example_dags/example_params_ui_tutorial.py
[2025-03-11T03:32:42.615+0000] {logging_mixin.py:188} INFO - [2025-03-11T03:32:42.615+0000] {dag.py:3096} INFO - Sync 1 DAGs
[2025-03-11T03:32:42.628+0000] {logging_mixin.py:188} INFO - [2025-03-11T03:32:42.628+0000] {dag.py:3954} INFO - Setting next_dagrun for example_params_ui_tutorial to None, run_after=None
[2025-03-11T03:32:42.649+0000] {processor.py:183} INFO - Processing /home/airflow/.local/lib/python3.12/site-packages/airflow/example_dags/example_params_ui_tutorial.py took 0.119 seconds
