[2025-03-11T03:05:11.337+0000] {processor.py:161} INFO - Started process (PID=59375) to work on /home/airflow/.local/lib/python3.12/site-packages/airflow/example_dags/example_xcom.py
[2025-03-11T03:05:11.342+0000] {processor.py:830} INFO - Processing file /home/airflow/.local/lib/python3.12/site-packages/airflow/example_dags/example_xcom.py for tasks to queue
[2025-03-11T03:05:11.345+0000] {logging_mixin.py:188} INFO - [2025-03-11T03:05:11.345+0000] {dagbag.py:545} INFO - Filling up the DagBag from /home/airflow/.local/lib/python3.12/site-packages/airflow/example_dags/example_xcom.py
[2025-03-11T03:05:11.355+0000] {processor.py:840} INFO - DAG(s) 'example_xcom' retrieved from /home/airflow/.local/lib/python3.12/site-packages/airflow/example_dags/example_xcom.py
[2025-03-11T03:05:11.387+0000] {logging_mixin.py:188} INFO - [2025-03-11T03:05:11.386+0000] {dag.py:3096} INFO - Sync 1 DAGs
[2025-03-11T03:05:11.438+0000] {logging_mixin.py:188} INFO - [2025-03-11T03:05:11.437+0000] {dag.py:3954} INFO - Setting next_dagrun for example_xcom to 2021-01-01 00:00:00+00:00, run_after=2021-01-01 00:00:00+00:00
[2025-03-11T03:05:11.497+0000] {processor.py:183} INFO - Processing /home/airflow/.local/lib/python3.12/site-packages/airflow/example_dags/example_xcom.py took 0.167 seconds
[2025-03-11T03:05:41.831+0000] {processor.py:161} INFO - Started process (PID=59635) to work on /home/airflow/.local/lib/python3.12/site-packages/airflow/example_dags/example_xcom.py
[2025-03-11T03:05:41.832+0000] {processor.py:830} INFO - Processing file /home/airflow/.local/lib/python3.12/site-packages/airflow/example_dags/example_xcom.py for tasks to queue
[2025-03-11T03:05:41.834+0000] {logging_mixin.py:188} INFO - [2025-03-11T03:05:41.834+0000] {dagbag.py:545} INFO - Filling up the DagBag from /home/airflow/.local/lib/python3.12/site-packages/airflow/example_dags/example_xcom.py
[2025-03-11T03:05:41.840+0000] {processor.py:840} INFO - DAG(s) 'example_xcom' retrieved from /home/airflow/.local/lib/python3.12/site-packages/airflow/example_dags/example_xcom.py
[2025-03-11T03:05:41.858+0000] {logging_mixin.py:188} INFO - [2025-03-11T03:05:41.858+0000] {dag.py:3096} INFO - Sync 1 DAGs
[2025-03-11T03:05:41.876+0000] {logging_mixin.py:188} INFO - [2025-03-11T03:05:41.876+0000] {dag.py:3954} INFO - Setting next_dagrun for example_xcom to 2021-01-01 00:00:00+00:00, run_after=2021-01-01 00:00:00+00:00
[2025-03-11T03:05:41.895+0000] {processor.py:183} INFO - Processing /home/airflow/.local/lib/python3.12/site-packages/airflow/example_dags/example_xcom.py took 0.068 seconds
[2025-03-11T03:06:12.128+0000] {processor.py:161} INFO - Started process (PID=59897) to work on /home/airflow/.local/lib/python3.12/site-packages/airflow/example_dags/example_xcom.py
[2025-03-11T03:06:12.129+0000] {processor.py:830} INFO - Processing file /home/airflow/.local/lib/python3.12/site-packages/airflow/example_dags/example_xcom.py for tasks to queue
[2025-03-11T03:06:12.131+0000] {logging_mixin.py:188} INFO - [2025-03-11T03:06:12.130+0000] {dagbag.py:545} INFO - Filling up the DagBag from /home/airflow/.local/lib/python3.12/site-packages/airflow/example_dags/example_xcom.py
[2025-03-11T03:06:12.139+0000] {processor.py:840} INFO - DAG(s) 'example_xcom' retrieved from /home/airflow/.local/lib/python3.12/site-packages/airflow/example_dags/example_xcom.py
[2025-03-11T03:06:12.156+0000] {logging_mixin.py:188} INFO - [2025-03-11T03:06:12.156+0000] {dag.py:3096} INFO - Sync 1 DAGs
[2025-03-11T03:06:12.173+0000] {logging_mixin.py:188} INFO - [2025-03-11T03:06:12.172+0000] {dag.py:3954} INFO - Setting next_dagrun for example_xcom to 2021-01-01 00:00:00+00:00, run_after=2021-01-01 00:00:00+00:00
[2025-03-11T03:06:12.188+0000] {processor.py:183} INFO - Processing /home/airflow/.local/lib/python3.12/site-packages/airflow/example_dags/example_xcom.py took 0.067 seconds
[2025-03-11T03:06:43.043+0000] {processor.py:161} INFO - Started process (PID=60153) to work on /home/airflow/.local/lib/python3.12/site-packages/airflow/example_dags/example_xcom.py
[2025-03-11T03:06:43.045+0000] {processor.py:830} INFO - Processing file /home/airflow/.local/lib/python3.12/site-packages/airflow/example_dags/example_xcom.py for tasks to queue
[2025-03-11T03:06:43.048+0000] {logging_mixin.py:188} INFO - [2025-03-11T03:06:43.047+0000] {dagbag.py:545} INFO - Filling up the DagBag from /home/airflow/.local/lib/python3.12/site-packages/airflow/example_dags/example_xcom.py
[2025-03-11T03:06:43.059+0000] {processor.py:840} INFO - DAG(s) 'example_xcom' retrieved from /home/airflow/.local/lib/python3.12/site-packages/airflow/example_dags/example_xcom.py
[2025-03-11T03:06:43.084+0000] {logging_mixin.py:188} INFO - [2025-03-11T03:06:43.084+0000] {dag.py:3096} INFO - Sync 1 DAGs
[2025-03-11T03:06:43.108+0000] {logging_mixin.py:188} INFO - [2025-03-11T03:06:43.107+0000] {dag.py:3954} INFO - Setting next_dagrun for example_xcom to 2021-01-01 00:00:00+00:00, run_after=2021-01-01 00:00:00+00:00
[2025-03-11T03:06:43.127+0000] {processor.py:183} INFO - Processing /home/airflow/.local/lib/python3.12/site-packages/airflow/example_dags/example_xcom.py took 0.091 seconds
[2025-03-11T03:07:13.549+0000] {processor.py:161} INFO - Started process (PID=60415) to work on /home/airflow/.local/lib/python3.12/site-packages/airflow/example_dags/example_xcom.py
[2025-03-11T03:07:13.550+0000] {processor.py:830} INFO - Processing file /home/airflow/.local/lib/python3.12/site-packages/airflow/example_dags/example_xcom.py for tasks to queue
[2025-03-11T03:07:13.553+0000] {logging_mixin.py:188} INFO - [2025-03-11T03:07:13.552+0000] {dagbag.py:545} INFO - Filling up the DagBag from /home/airflow/.local/lib/python3.12/site-packages/airflow/example_dags/example_xcom.py
[2025-03-11T03:07:13.560+0000] {processor.py:840} INFO - DAG(s) 'example_xcom' retrieved from /home/airflow/.local/lib/python3.12/site-packages/airflow/example_dags/example_xcom.py
[2025-03-11T03:07:13.580+0000] {logging_mixin.py:188} INFO - [2025-03-11T03:07:13.579+0000] {dag.py:3096} INFO - Sync 1 DAGs
[2025-03-11T03:07:13.607+0000] {logging_mixin.py:188} INFO - [2025-03-11T03:07:13.607+0000] {dag.py:3954} INFO - Setting next_dagrun for example_xcom to 2021-01-01 00:00:00+00:00, run_after=2021-01-01 00:00:00+00:00
[2025-03-11T03:07:13.644+0000] {processor.py:183} INFO - Processing /home/airflow/.local/lib/python3.12/site-packages/airflow/example_dags/example_xcom.py took 0.102 seconds
[2025-03-11T03:07:43.765+0000] {processor.py:161} INFO - Started process (PID=60677) to work on /home/airflow/.local/lib/python3.12/site-packages/airflow/example_dags/example_xcom.py
[2025-03-11T03:07:43.767+0000] {processor.py:830} INFO - Processing file /home/airflow/.local/lib/python3.12/site-packages/airflow/example_dags/example_xcom.py for tasks to queue
[2025-03-11T03:07:43.769+0000] {logging_mixin.py:188} INFO - [2025-03-11T03:07:43.769+0000] {dagbag.py:545} INFO - Filling up the DagBag from /home/airflow/.local/lib/python3.12/site-packages/airflow/example_dags/example_xcom.py
[2025-03-11T03:07:43.778+0000] {processor.py:840} INFO - DAG(s) 'example_xcom' retrieved from /home/airflow/.local/lib/python3.12/site-packages/airflow/example_dags/example_xcom.py
[2025-03-11T03:07:43.800+0000] {logging_mixin.py:188} INFO - [2025-03-11T03:07:43.800+0000] {dag.py:3096} INFO - Sync 1 DAGs
[2025-03-11T03:07:43.822+0000] {logging_mixin.py:188} INFO - [2025-03-11T03:07:43.822+0000] {dag.py:3954} INFO - Setting next_dagrun for example_xcom to 2021-01-01 00:00:00+00:00, run_after=2021-01-01 00:00:00+00:00
[2025-03-11T03:07:43.847+0000] {processor.py:183} INFO - Processing /home/airflow/.local/lib/python3.12/site-packages/airflow/example_dags/example_xcom.py took 0.089 seconds
[2025-03-11T03:08:14.162+0000] {processor.py:161} INFO - Started process (PID=60939) to work on /home/airflow/.local/lib/python3.12/site-packages/airflow/example_dags/example_xcom.py
[2025-03-11T03:08:14.163+0000] {processor.py:830} INFO - Processing file /home/airflow/.local/lib/python3.12/site-packages/airflow/example_dags/example_xcom.py for tasks to queue
[2025-03-11T03:08:14.165+0000] {logging_mixin.py:188} INFO - [2025-03-11T03:08:14.165+0000] {dagbag.py:545} INFO - Filling up the DagBag from /home/airflow/.local/lib/python3.12/site-packages/airflow/example_dags/example_xcom.py
[2025-03-11T03:08:14.174+0000] {processor.py:840} INFO - DAG(s) 'example_xcom' retrieved from /home/airflow/.local/lib/python3.12/site-packages/airflow/example_dags/example_xcom.py
[2025-03-11T03:08:14.196+0000] {logging_mixin.py:188} INFO - [2025-03-11T03:08:14.195+0000] {dag.py:3096} INFO - Sync 1 DAGs
[2025-03-11T03:08:14.218+0000] {logging_mixin.py:188} INFO - [2025-03-11T03:08:14.218+0000] {dag.py:3954} INFO - Setting next_dagrun for example_xcom to 2021-01-01 00:00:00+00:00, run_after=2021-01-01 00:00:00+00:00
[2025-03-11T03:08:14.241+0000] {processor.py:183} INFO - Processing /home/airflow/.local/lib/python3.12/site-packages/airflow/example_dags/example_xcom.py took 0.085 seconds
[2025-03-11T03:08:44.499+0000] {processor.py:161} INFO - Started process (PID=61201) to work on /home/airflow/.local/lib/python3.12/site-packages/airflow/example_dags/example_xcom.py
[2025-03-11T03:08:44.500+0000] {processor.py:830} INFO - Processing file /home/airflow/.local/lib/python3.12/site-packages/airflow/example_dags/example_xcom.py for tasks to queue
[2025-03-11T03:08:44.502+0000] {logging_mixin.py:188} INFO - [2025-03-11T03:08:44.502+0000] {dagbag.py:545} INFO - Filling up the DagBag from /home/airflow/.local/lib/python3.12/site-packages/airflow/example_dags/example_xcom.py
[2025-03-11T03:08:44.511+0000] {processor.py:840} INFO - DAG(s) 'example_xcom' retrieved from /home/airflow/.local/lib/python3.12/site-packages/airflow/example_dags/example_xcom.py
[2025-03-11T03:08:44.536+0000] {logging_mixin.py:188} INFO - [2025-03-11T03:08:44.536+0000] {dag.py:3096} INFO - Sync 1 DAGs
[2025-03-11T03:08:44.563+0000] {logging_mixin.py:188} INFO - [2025-03-11T03:08:44.562+0000] {dag.py:3954} INFO - Setting next_dagrun for example_xcom to 2021-01-01 00:00:00+00:00, run_after=2021-01-01 00:00:00+00:00
[2025-03-11T03:08:44.608+0000] {processor.py:183} INFO - Processing /home/airflow/.local/lib/python3.12/site-packages/airflow/example_dags/example_xcom.py took 0.115 seconds
[2025-03-11T03:09:14.741+0000] {processor.py:161} INFO - Started process (PID=61463) to work on /home/airflow/.local/lib/python3.12/site-packages/airflow/example_dags/example_xcom.py
[2025-03-11T03:09:14.742+0000] {processor.py:830} INFO - Processing file /home/airflow/.local/lib/python3.12/site-packages/airflow/example_dags/example_xcom.py for tasks to queue
[2025-03-11T03:09:14.744+0000] {logging_mixin.py:188} INFO - [2025-03-11T03:09:14.744+0000] {dagbag.py:545} INFO - Filling up the DagBag from /home/airflow/.local/lib/python3.12/site-packages/airflow/example_dags/example_xcom.py
[2025-03-11T03:09:14.752+0000] {processor.py:840} INFO - DAG(s) 'example_xcom' retrieved from /home/airflow/.local/lib/python3.12/site-packages/airflow/example_dags/example_xcom.py
[2025-03-11T03:09:14.775+0000] {logging_mixin.py:188} INFO - [2025-03-11T03:09:14.774+0000] {dag.py:3096} INFO - Sync 1 DAGs
[2025-03-11T03:09:14.800+0000] {logging_mixin.py:188} INFO - [2025-03-11T03:09:14.799+0000] {dag.py:3954} INFO - Setting next_dagrun for example_xcom to 2021-01-01 00:00:00+00:00, run_after=2021-01-01 00:00:00+00:00
[2025-03-11T03:09:14.820+0000] {processor.py:183} INFO - Processing /home/airflow/.local/lib/python3.12/site-packages/airflow/example_dags/example_xcom.py took 0.086 seconds
[2025-03-11T03:09:45.494+0000] {processor.py:161} INFO - Started process (PID=61726) to work on /home/airflow/.local/lib/python3.12/site-packages/airflow/example_dags/example_xcom.py
[2025-03-11T03:09:45.496+0000] {processor.py:830} INFO - Processing file /home/airflow/.local/lib/python3.12/site-packages/airflow/example_dags/example_xcom.py for tasks to queue
[2025-03-11T03:09:45.499+0000] {logging_mixin.py:188} INFO - [2025-03-11T03:09:45.498+0000] {dagbag.py:545} INFO - Filling up the DagBag from /home/airflow/.local/lib/python3.12/site-packages/airflow/example_dags/example_xcom.py
[2025-03-11T03:09:45.506+0000] {processor.py:840} INFO - DAG(s) 'example_xcom' retrieved from /home/airflow/.local/lib/python3.12/site-packages/airflow/example_dags/example_xcom.py
[2025-03-11T03:09:45.526+0000] {logging_mixin.py:188} INFO - [2025-03-11T03:09:45.526+0000] {dag.py:3096} INFO - Sync 1 DAGs
[2025-03-11T03:09:45.549+0000] {logging_mixin.py:188} INFO - [2025-03-11T03:09:45.549+0000] {dag.py:3954} INFO - Setting next_dagrun for example_xcom to 2021-01-01 00:00:00+00:00, run_after=2021-01-01 00:00:00+00:00
[2025-03-11T03:09:45.571+0000] {processor.py:183} INFO - Processing /home/airflow/.local/lib/python3.12/site-packages/airflow/example_dags/example_xcom.py took 0.083 seconds
[2025-03-11T03:10:16.336+0000] {processor.py:161} INFO - Started process (PID=61988) to work on /home/airflow/.local/lib/python3.12/site-packages/airflow/example_dags/example_xcom.py
[2025-03-11T03:10:16.338+0000] {processor.py:830} INFO - Processing file /home/airflow/.local/lib/python3.12/site-packages/airflow/example_dags/example_xcom.py for tasks to queue
[2025-03-11T03:10:16.340+0000] {logging_mixin.py:188} INFO - [2025-03-11T03:10:16.340+0000] {dagbag.py:545} INFO - Filling up the DagBag from /home/airflow/.local/lib/python3.12/site-packages/airflow/example_dags/example_xcom.py
[2025-03-11T03:10:16.348+0000] {processor.py:840} INFO - DAG(s) 'example_xcom' retrieved from /home/airflow/.local/lib/python3.12/site-packages/airflow/example_dags/example_xcom.py
[2025-03-11T03:10:16.370+0000] {logging_mixin.py:188} INFO - [2025-03-11T03:10:16.370+0000] {dag.py:3096} INFO - Sync 1 DAGs
[2025-03-11T03:10:16.394+0000] {logging_mixin.py:188} INFO - [2025-03-11T03:10:16.394+0000] {dag.py:3954} INFO - Setting next_dagrun for example_xcom to 2021-01-01 00:00:00+00:00, run_after=2021-01-01 00:00:00+00:00
[2025-03-11T03:10:16.415+0000] {processor.py:183} INFO - Processing /home/airflow/.local/lib/python3.12/site-packages/airflow/example_dags/example_xcom.py took 0.085 seconds
[2025-03-11T03:10:46.671+0000] {processor.py:161} INFO - Started process (PID=62250) to work on /home/airflow/.local/lib/python3.12/site-packages/airflow/example_dags/example_xcom.py
[2025-03-11T03:10:46.672+0000] {processor.py:830} INFO - Processing file /home/airflow/.local/lib/python3.12/site-packages/airflow/example_dags/example_xcom.py for tasks to queue
[2025-03-11T03:10:46.674+0000] {logging_mixin.py:188} INFO - [2025-03-11T03:10:46.674+0000] {dagbag.py:545} INFO - Filling up the DagBag from /home/airflow/.local/lib/python3.12/site-packages/airflow/example_dags/example_xcom.py
[2025-03-11T03:10:46.681+0000] {processor.py:840} INFO - DAG(s) 'example_xcom' retrieved from /home/airflow/.local/lib/python3.12/site-packages/airflow/example_dags/example_xcom.py
[2025-03-11T03:10:46.703+0000] {logging_mixin.py:188} INFO - [2025-03-11T03:10:46.702+0000] {dag.py:3096} INFO - Sync 1 DAGs
[2025-03-11T03:10:46.724+0000] {logging_mixin.py:188} INFO - [2025-03-11T03:10:46.724+0000] {dag.py:3954} INFO - Setting next_dagrun for example_xcom to 2021-01-01 00:00:00+00:00, run_after=2021-01-01 00:00:00+00:00
[2025-03-11T03:10:46.743+0000] {processor.py:183} INFO - Processing /home/airflow/.local/lib/python3.12/site-packages/airflow/example_dags/example_xcom.py took 0.078 seconds
[2025-03-11T03:11:17.325+0000] {processor.py:161} INFO - Started process (PID=62514) to work on /home/airflow/.local/lib/python3.12/site-packages/airflow/example_dags/example_xcom.py
[2025-03-11T03:11:17.330+0000] {processor.py:830} INFO - Processing file /home/airflow/.local/lib/python3.12/site-packages/airflow/example_dags/example_xcom.py for tasks to queue
[2025-03-11T03:11:17.339+0000] {logging_mixin.py:188} INFO - [2025-03-11T03:11:17.336+0000] {dagbag.py:545} INFO - Filling up the DagBag from /home/airflow/.local/lib/python3.12/site-packages/airflow/example_dags/example_xcom.py
[2025-03-11T03:11:17.359+0000] {processor.py:840} INFO - DAG(s) 'example_xcom' retrieved from /home/airflow/.local/lib/python3.12/site-packages/airflow/example_dags/example_xcom.py
[2025-03-11T03:11:17.388+0000] {logging_mixin.py:188} INFO - [2025-03-11T03:11:17.387+0000] {dag.py:3096} INFO - Sync 1 DAGs
[2025-03-11T03:11:17.432+0000] {logging_mixin.py:188} INFO - [2025-03-11T03:11:17.432+0000] {dag.py:3954} INFO - Setting next_dagrun for example_xcom to 2021-01-01 00:00:00+00:00, run_after=2021-01-01 00:00:00+00:00
[2025-03-11T03:11:17.466+0000] {processor.py:183} INFO - Processing /home/airflow/.local/lib/python3.12/site-packages/airflow/example_dags/example_xcom.py took 0.156 seconds
[2025-03-11T03:11:48.962+0000] {processor.py:161} INFO - Started process (PID=62774) to work on /home/airflow/.local/lib/python3.12/site-packages/airflow/example_dags/example_xcom.py
[2025-03-11T03:11:48.963+0000] {processor.py:830} INFO - Processing file /home/airflow/.local/lib/python3.12/site-packages/airflow/example_dags/example_xcom.py for tasks to queue
[2025-03-11T03:11:48.965+0000] {logging_mixin.py:188} INFO - [2025-03-11T03:11:48.964+0000] {dagbag.py:545} INFO - Filling up the DagBag from /home/airflow/.local/lib/python3.12/site-packages/airflow/example_dags/example_xcom.py
[2025-03-11T03:11:48.972+0000] {processor.py:840} INFO - DAG(s) 'example_xcom' retrieved from /home/airflow/.local/lib/python3.12/site-packages/airflow/example_dags/example_xcom.py
[2025-03-11T03:11:48.998+0000] {logging_mixin.py:188} INFO - [2025-03-11T03:11:48.997+0000] {dag.py:3096} INFO - Sync 1 DAGs
[2025-03-11T03:11:49.019+0000] {logging_mixin.py:188} INFO - [2025-03-11T03:11:49.019+0000] {dag.py:3954} INFO - Setting next_dagrun for example_xcom to 2021-01-01 00:00:00+00:00, run_after=2021-01-01 00:00:00+00:00
[2025-03-11T03:11:49.039+0000] {processor.py:183} INFO - Processing /home/airflow/.local/lib/python3.12/site-packages/airflow/example_dags/example_xcom.py took 0.084 seconds
[2025-03-11T03:12:21.623+0000] {processor.py:161} INFO - Started process (PID=63036) to work on /home/airflow/.local/lib/python3.12/site-packages/airflow/example_dags/example_xcom.py
[2025-03-11T03:12:21.624+0000] {processor.py:830} INFO - Processing file /home/airflow/.local/lib/python3.12/site-packages/airflow/example_dags/example_xcom.py for tasks to queue
[2025-03-11T03:12:21.627+0000] {logging_mixin.py:188} INFO - [2025-03-11T03:12:21.627+0000] {dagbag.py:545} INFO - Filling up the DagBag from /home/airflow/.local/lib/python3.12/site-packages/airflow/example_dags/example_xcom.py
[2025-03-11T03:12:21.635+0000] {processor.py:840} INFO - DAG(s) 'example_xcom' retrieved from /home/airflow/.local/lib/python3.12/site-packages/airflow/example_dags/example_xcom.py
[2025-03-11T03:12:21.656+0000] {logging_mixin.py:188} INFO - [2025-03-11T03:12:21.656+0000] {dag.py:3096} INFO - Sync 1 DAGs
[2025-03-11T03:12:21.676+0000] {logging_mixin.py:188} INFO - [2025-03-11T03:12:21.676+0000] {dag.py:3954} INFO - Setting next_dagrun for example_xcom to 2021-01-01 00:00:00+00:00, run_after=2021-01-01 00:00:00+00:00
[2025-03-11T03:12:21.695+0000] {processor.py:183} INFO - Processing /home/airflow/.local/lib/python3.12/site-packages/airflow/example_dags/example_xcom.py took 0.078 seconds
[2025-03-11T03:12:53.460+0000] {processor.py:161} INFO - Started process (PID=63297) to work on /home/airflow/.local/lib/python3.12/site-packages/airflow/example_dags/example_xcom.py
[2025-03-11T03:12:53.461+0000] {processor.py:830} INFO - Processing file /home/airflow/.local/lib/python3.12/site-packages/airflow/example_dags/example_xcom.py for tasks to queue
[2025-03-11T03:12:53.464+0000] {logging_mixin.py:188} INFO - [2025-03-11T03:12:53.463+0000] {dagbag.py:545} INFO - Filling up the DagBag from /home/airflow/.local/lib/python3.12/site-packages/airflow/example_dags/example_xcom.py
[2025-03-11T03:12:53.473+0000] {processor.py:840} INFO - DAG(s) 'example_xcom' retrieved from /home/airflow/.local/lib/python3.12/site-packages/airflow/example_dags/example_xcom.py
[2025-03-11T03:12:53.497+0000] {logging_mixin.py:188} INFO - [2025-03-11T03:12:53.497+0000] {dag.py:3096} INFO - Sync 1 DAGs
[2025-03-11T03:12:53.521+0000] {logging_mixin.py:188} INFO - [2025-03-11T03:12:53.521+0000] {dag.py:3954} INFO - Setting next_dagrun for example_xcom to 2021-01-01 00:00:00+00:00, run_after=2021-01-01 00:00:00+00:00
[2025-03-11T03:12:53.539+0000] {processor.py:183} INFO - Processing /home/airflow/.local/lib/python3.12/site-packages/airflow/example_dags/example_xcom.py took 0.085 seconds
[2025-03-11T03:13:25.246+0000] {processor.py:161} INFO - Started process (PID=63559) to work on /home/airflow/.local/lib/python3.12/site-packages/airflow/example_dags/example_xcom.py
[2025-03-11T03:13:25.249+0000] {processor.py:830} INFO - Processing file /home/airflow/.local/lib/python3.12/site-packages/airflow/example_dags/example_xcom.py for tasks to queue
[2025-03-11T03:13:25.254+0000] {logging_mixin.py:188} INFO - [2025-03-11T03:13:25.254+0000] {dagbag.py:545} INFO - Filling up the DagBag from /home/airflow/.local/lib/python3.12/site-packages/airflow/example_dags/example_xcom.py
[2025-03-11T03:13:25.272+0000] {processor.py:840} INFO - DAG(s) 'example_xcom' retrieved from /home/airflow/.local/lib/python3.12/site-packages/airflow/example_dags/example_xcom.py
[2025-03-11T03:13:25.305+0000] {logging_mixin.py:188} INFO - [2025-03-11T03:13:25.304+0000] {dag.py:3096} INFO - Sync 1 DAGs
[2025-03-11T03:13:25.331+0000] {logging_mixin.py:188} INFO - [2025-03-11T03:13:25.331+0000] {dag.py:3954} INFO - Setting next_dagrun for example_xcom to 2021-01-01 00:00:00+00:00, run_after=2021-01-01 00:00:00+00:00
[2025-03-11T03:13:25.355+0000] {processor.py:183} INFO - Processing /home/airflow/.local/lib/python3.12/site-packages/airflow/example_dags/example_xcom.py took 0.126 seconds
[2025-03-11T03:13:57.393+0000] {processor.py:161} INFO - Started process (PID=63821) to work on /home/airflow/.local/lib/python3.12/site-packages/airflow/example_dags/example_xcom.py
[2025-03-11T03:13:57.394+0000] {processor.py:830} INFO - Processing file /home/airflow/.local/lib/python3.12/site-packages/airflow/example_dags/example_xcom.py for tasks to queue
[2025-03-11T03:13:57.397+0000] {logging_mixin.py:188} INFO - [2025-03-11T03:13:57.396+0000] {dagbag.py:545} INFO - Filling up the DagBag from /home/airflow/.local/lib/python3.12/site-packages/airflow/example_dags/example_xcom.py
[2025-03-11T03:13:57.405+0000] {processor.py:840} INFO - DAG(s) 'example_xcom' retrieved from /home/airflow/.local/lib/python3.12/site-packages/airflow/example_dags/example_xcom.py
[2025-03-11T03:13:57.424+0000] {logging_mixin.py:188} INFO - [2025-03-11T03:13:57.424+0000] {dag.py:3096} INFO - Sync 1 DAGs
[2025-03-11T03:13:57.445+0000] {logging_mixin.py:188} INFO - [2025-03-11T03:13:57.445+0000] {dag.py:3954} INFO - Setting next_dagrun for example_xcom to 2021-01-01 00:00:00+00:00, run_after=2021-01-01 00:00:00+00:00
[2025-03-11T03:13:57.465+0000] {processor.py:183} INFO - Processing /home/airflow/.local/lib/python3.12/site-packages/airflow/example_dags/example_xcom.py took 0.078 seconds
[2025-03-11T03:14:29.709+0000] {processor.py:161} INFO - Started process (PID=64083) to work on /home/airflow/.local/lib/python3.12/site-packages/airflow/example_dags/example_xcom.py
[2025-03-11T03:14:29.710+0000] {processor.py:830} INFO - Processing file /home/airflow/.local/lib/python3.12/site-packages/airflow/example_dags/example_xcom.py for tasks to queue
[2025-03-11T03:14:29.713+0000] {logging_mixin.py:188} INFO - [2025-03-11T03:14:29.712+0000] {dagbag.py:545} INFO - Filling up the DagBag from /home/airflow/.local/lib/python3.12/site-packages/airflow/example_dags/example_xcom.py
[2025-03-11T03:14:29.723+0000] {processor.py:840} INFO - DAG(s) 'example_xcom' retrieved from /home/airflow/.local/lib/python3.12/site-packages/airflow/example_dags/example_xcom.py
[2025-03-11T03:14:29.754+0000] {logging_mixin.py:188} INFO - [2025-03-11T03:14:29.754+0000] {dag.py:3096} INFO - Sync 1 DAGs
[2025-03-11T03:14:29.795+0000] {logging_mixin.py:188} INFO - [2025-03-11T03:14:29.794+0000] {dag.py:3954} INFO - Setting next_dagrun for example_xcom to 2021-01-01 00:00:00+00:00, run_after=2021-01-01 00:00:00+00:00
[2025-03-11T03:14:29.824+0000] {processor.py:183} INFO - Processing /home/airflow/.local/lib/python3.12/site-packages/airflow/example_dags/example_xcom.py took 0.128 seconds
[2025-03-11T03:15:02.536+0000] {processor.py:161} INFO - Started process (PID=64355) to work on /home/airflow/.local/lib/python3.12/site-packages/airflow/example_dags/example_xcom.py
[2025-03-11T03:15:02.537+0000] {processor.py:830} INFO - Processing file /home/airflow/.local/lib/python3.12/site-packages/airflow/example_dags/example_xcom.py for tasks to queue
[2025-03-11T03:15:02.540+0000] {logging_mixin.py:188} INFO - [2025-03-11T03:15:02.539+0000] {dagbag.py:545} INFO - Filling up the DagBag from /home/airflow/.local/lib/python3.12/site-packages/airflow/example_dags/example_xcom.py
[2025-03-11T03:15:02.549+0000] {processor.py:840} INFO - DAG(s) 'example_xcom' retrieved from /home/airflow/.local/lib/python3.12/site-packages/airflow/example_dags/example_xcom.py
[2025-03-11T03:15:02.574+0000] {logging_mixin.py:188} INFO - [2025-03-11T03:15:02.574+0000] {dag.py:3096} INFO - Sync 1 DAGs
[2025-03-11T03:15:02.605+0000] {logging_mixin.py:188} INFO - [2025-03-11T03:15:02.604+0000] {dag.py:3954} INFO - Setting next_dagrun for example_xcom to 2021-01-01 00:00:00+00:00, run_after=2021-01-01 00:00:00+00:00
[2025-03-11T03:15:02.788+0000] {processor.py:183} INFO - Processing /home/airflow/.local/lib/python3.12/site-packages/airflow/example_dags/example_xcom.py took 0.258 seconds
[2025-03-11T03:15:34.681+0000] {processor.py:161} INFO - Started process (PID=64617) to work on /home/airflow/.local/lib/python3.12/site-packages/airflow/example_dags/example_xcom.py
[2025-03-11T03:15:34.682+0000] {processor.py:830} INFO - Processing file /home/airflow/.local/lib/python3.12/site-packages/airflow/example_dags/example_xcom.py for tasks to queue
[2025-03-11T03:15:34.685+0000] {logging_mixin.py:188} INFO - [2025-03-11T03:15:34.684+0000] {dagbag.py:545} INFO - Filling up the DagBag from /home/airflow/.local/lib/python3.12/site-packages/airflow/example_dags/example_xcom.py
[2025-03-11T03:15:34.693+0000] {processor.py:840} INFO - DAG(s) 'example_xcom' retrieved from /home/airflow/.local/lib/python3.12/site-packages/airflow/example_dags/example_xcom.py
[2025-03-11T03:15:34.718+0000] {logging_mixin.py:188} INFO - [2025-03-11T03:15:34.717+0000] {dag.py:3096} INFO - Sync 1 DAGs
[2025-03-11T03:15:34.749+0000] {logging_mixin.py:188} INFO - [2025-03-11T03:15:34.749+0000] {dag.py:3954} INFO - Setting next_dagrun for example_xcom to 2021-01-01 00:00:00+00:00, run_after=2021-01-01 00:00:00+00:00
[2025-03-11T03:15:34.781+0000] {processor.py:183} INFO - Processing /home/airflow/.local/lib/python3.12/site-packages/airflow/example_dags/example_xcom.py took 0.107 seconds
[2025-03-11T03:16:06.240+0000] {processor.py:161} INFO - Started process (PID=64879) to work on /home/airflow/.local/lib/python3.12/site-packages/airflow/example_dags/example_xcom.py
[2025-03-11T03:16:06.241+0000] {processor.py:830} INFO - Processing file /home/airflow/.local/lib/python3.12/site-packages/airflow/example_dags/example_xcom.py for tasks to queue
[2025-03-11T03:16:06.244+0000] {logging_mixin.py:188} INFO - [2025-03-11T03:16:06.243+0000] {dagbag.py:545} INFO - Filling up the DagBag from /home/airflow/.local/lib/python3.12/site-packages/airflow/example_dags/example_xcom.py
[2025-03-11T03:16:06.253+0000] {processor.py:840} INFO - DAG(s) 'example_xcom' retrieved from /home/airflow/.local/lib/python3.12/site-packages/airflow/example_dags/example_xcom.py
[2025-03-11T03:16:06.277+0000] {logging_mixin.py:188} INFO - [2025-03-11T03:16:06.276+0000] {dag.py:3096} INFO - Sync 1 DAGs
[2025-03-11T03:16:06.301+0000] {logging_mixin.py:188} INFO - [2025-03-11T03:16:06.300+0000] {dag.py:3954} INFO - Setting next_dagrun for example_xcom to 2021-01-01 00:00:00+00:00, run_after=2021-01-01 00:00:00+00:00
[2025-03-11T03:16:06.322+0000] {processor.py:183} INFO - Processing /home/airflow/.local/lib/python3.12/site-packages/airflow/example_dags/example_xcom.py took 0.088 seconds
[2025-03-11T03:16:39.635+0000] {processor.py:161} INFO - Started process (PID=65141) to work on /home/airflow/.local/lib/python3.12/site-packages/airflow/example_dags/example_xcom.py
[2025-03-11T03:16:39.637+0000] {processor.py:830} INFO - Processing file /home/airflow/.local/lib/python3.12/site-packages/airflow/example_dags/example_xcom.py for tasks to queue
[2025-03-11T03:16:39.641+0000] {logging_mixin.py:188} INFO - [2025-03-11T03:16:39.640+0000] {dagbag.py:545} INFO - Filling up the DagBag from /home/airflow/.local/lib/python3.12/site-packages/airflow/example_dags/example_xcom.py
[2025-03-11T03:16:39.655+0000] {processor.py:840} INFO - DAG(s) 'example_xcom' retrieved from /home/airflow/.local/lib/python3.12/site-packages/airflow/example_dags/example_xcom.py
[2025-03-11T03:16:39.691+0000] {logging_mixin.py:188} INFO - [2025-03-11T03:16:39.691+0000] {dag.py:3096} INFO - Sync 1 DAGs
[2025-03-11T03:16:39.878+0000] {logging_mixin.py:188} INFO - [2025-03-11T03:16:39.877+0000] {dag.py:3954} INFO - Setting next_dagrun for example_xcom to 2021-01-01 00:00:00+00:00, run_after=2021-01-01 00:00:00+00:00
[2025-03-11T03:16:39.901+0000] {processor.py:183} INFO - Processing /home/airflow/.local/lib/python3.12/site-packages/airflow/example_dags/example_xcom.py took 0.280 seconds
[2025-03-11T03:17:11.033+0000] {processor.py:161} INFO - Started process (PID=65403) to work on /home/airflow/.local/lib/python3.12/site-packages/airflow/example_dags/example_xcom.py
[2025-03-11T03:17:11.034+0000] {processor.py:830} INFO - Processing file /home/airflow/.local/lib/python3.12/site-packages/airflow/example_dags/example_xcom.py for tasks to queue
[2025-03-11T03:17:11.038+0000] {logging_mixin.py:188} INFO - [2025-03-11T03:17:11.037+0000] {dagbag.py:545} INFO - Filling up the DagBag from /home/airflow/.local/lib/python3.12/site-packages/airflow/example_dags/example_xcom.py
[2025-03-11T03:17:11.048+0000] {processor.py:840} INFO - DAG(s) 'example_xcom' retrieved from /home/airflow/.local/lib/python3.12/site-packages/airflow/example_dags/example_xcom.py
[2025-03-11T03:17:11.074+0000] {logging_mixin.py:188} INFO - [2025-03-11T03:17:11.073+0000] {dag.py:3096} INFO - Sync 1 DAGs
[2025-03-11T03:17:11.098+0000] {logging_mixin.py:188} INFO - [2025-03-11T03:17:11.098+0000] {dag.py:3954} INFO - Setting next_dagrun for example_xcom to 2021-01-01 00:00:00+00:00, run_after=2021-01-01 00:00:00+00:00
[2025-03-11T03:17:11.123+0000] {processor.py:183} INFO - Processing /home/airflow/.local/lib/python3.12/site-packages/airflow/example_dags/example_xcom.py took 0.096 seconds
[2025-03-11T03:17:43.212+0000] {processor.py:161} INFO - Started process (PID=65665) to work on /home/airflow/.local/lib/python3.12/site-packages/airflow/example_dags/example_xcom.py
[2025-03-11T03:17:43.214+0000] {processor.py:830} INFO - Processing file /home/airflow/.local/lib/python3.12/site-packages/airflow/example_dags/example_xcom.py for tasks to queue
[2025-03-11T03:17:43.217+0000] {logging_mixin.py:188} INFO - [2025-03-11T03:17:43.216+0000] {dagbag.py:545} INFO - Filling up the DagBag from /home/airflow/.local/lib/python3.12/site-packages/airflow/example_dags/example_xcom.py
[2025-03-11T03:17:43.227+0000] {processor.py:840} INFO - DAG(s) 'example_xcom' retrieved from /home/airflow/.local/lib/python3.12/site-packages/airflow/example_dags/example_xcom.py
[2025-03-11T03:17:43.253+0000] {logging_mixin.py:188} INFO - [2025-03-11T03:17:43.253+0000] {dag.py:3096} INFO - Sync 1 DAGs
[2025-03-11T03:17:43.280+0000] {logging_mixin.py:188} INFO - [2025-03-11T03:17:43.279+0000] {dag.py:3954} INFO - Setting next_dagrun for example_xcom to 2021-01-01 00:00:00+00:00, run_after=2021-01-01 00:00:00+00:00
[2025-03-11T03:17:43.303+0000] {processor.py:183} INFO - Processing /home/airflow/.local/lib/python3.12/site-packages/airflow/example_dags/example_xcom.py took 0.098 seconds
[2025-03-11T03:18:15.952+0000] {processor.py:161} INFO - Started process (PID=65927) to work on /home/airflow/.local/lib/python3.12/site-packages/airflow/example_dags/example_xcom.py
[2025-03-11T03:18:15.954+0000] {processor.py:830} INFO - Processing file /home/airflow/.local/lib/python3.12/site-packages/airflow/example_dags/example_xcom.py for tasks to queue
[2025-03-11T03:18:15.956+0000] {logging_mixin.py:188} INFO - [2025-03-11T03:18:15.955+0000] {dagbag.py:545} INFO - Filling up the DagBag from /home/airflow/.local/lib/python3.12/site-packages/airflow/example_dags/example_xcom.py
[2025-03-11T03:18:15.963+0000] {processor.py:840} INFO - DAG(s) 'example_xcom' retrieved from /home/airflow/.local/lib/python3.12/site-packages/airflow/example_dags/example_xcom.py
[2025-03-11T03:18:15.985+0000] {logging_mixin.py:188} INFO - [2025-03-11T03:18:15.985+0000] {dag.py:3096} INFO - Sync 1 DAGs
[2025-03-11T03:18:16.125+0000] {logging_mixin.py:188} INFO - [2025-03-11T03:18:16.124+0000] {dag.py:3954} INFO - Setting next_dagrun for example_xcom to 2021-01-01 00:00:00+00:00, run_after=2021-01-01 00:00:00+00:00
[2025-03-11T03:18:16.144+0000] {processor.py:183} INFO - Processing /home/airflow/.local/lib/python3.12/site-packages/airflow/example_dags/example_xcom.py took 0.199 seconds
[2025-03-11T03:18:47.968+0000] {processor.py:161} INFO - Started process (PID=66189) to work on /home/airflow/.local/lib/python3.12/site-packages/airflow/example_dags/example_xcom.py
[2025-03-11T03:18:47.969+0000] {processor.py:830} INFO - Processing file /home/airflow/.local/lib/python3.12/site-packages/airflow/example_dags/example_xcom.py for tasks to queue
[2025-03-11T03:18:47.972+0000] {logging_mixin.py:188} INFO - [2025-03-11T03:18:47.971+0000] {dagbag.py:545} INFO - Filling up the DagBag from /home/airflow/.local/lib/python3.12/site-packages/airflow/example_dags/example_xcom.py
[2025-03-11T03:18:47.980+0000] {processor.py:840} INFO - DAG(s) 'example_xcom' retrieved from /home/airflow/.local/lib/python3.12/site-packages/airflow/example_dags/example_xcom.py
[2025-03-11T03:18:48.002+0000] {logging_mixin.py:188} INFO - [2025-03-11T03:18:48.002+0000] {dag.py:3096} INFO - Sync 1 DAGs
[2025-03-11T03:18:48.025+0000] {logging_mixin.py:188} INFO - [2025-03-11T03:18:48.025+0000] {dag.py:3954} INFO - Setting next_dagrun for example_xcom to 2021-01-01 00:00:00+00:00, run_after=2021-01-01 00:00:00+00:00
[2025-03-11T03:18:48.046+0000] {processor.py:183} INFO - Processing /home/airflow/.local/lib/python3.12/site-packages/airflow/example_dags/example_xcom.py took 0.083 seconds
[2025-03-11T03:19:20.206+0000] {processor.py:161} INFO - Started process (PID=66451) to work on /home/airflow/.local/lib/python3.12/site-packages/airflow/example_dags/example_xcom.py
[2025-03-11T03:19:20.208+0000] {processor.py:830} INFO - Processing file /home/airflow/.local/lib/python3.12/site-packages/airflow/example_dags/example_xcom.py for tasks to queue
[2025-03-11T03:19:20.210+0000] {logging_mixin.py:188} INFO - [2025-03-11T03:19:20.210+0000] {dagbag.py:545} INFO - Filling up the DagBag from /home/airflow/.local/lib/python3.12/site-packages/airflow/example_dags/example_xcom.py
[2025-03-11T03:19:20.219+0000] {processor.py:840} INFO - DAG(s) 'example_xcom' retrieved from /home/airflow/.local/lib/python3.12/site-packages/airflow/example_dags/example_xcom.py
[2025-03-11T03:19:20.243+0000] {logging_mixin.py:188} INFO - [2025-03-11T03:19:20.242+0000] {dag.py:3096} INFO - Sync 1 DAGs
[2025-03-11T03:19:20.269+0000] {logging_mixin.py:188} INFO - [2025-03-11T03:19:20.268+0000] {dag.py:3954} INFO - Setting next_dagrun for example_xcom to 2021-01-01 00:00:00+00:00, run_after=2021-01-01 00:00:00+00:00
[2025-03-11T03:19:20.289+0000] {processor.py:183} INFO - Processing /home/airflow/.local/lib/python3.12/site-packages/airflow/example_dags/example_xcom.py took 0.089 seconds
[2025-03-11T03:19:51.292+0000] {processor.py:161} INFO - Started process (PID=66713) to work on /home/airflow/.local/lib/python3.12/site-packages/airflow/example_dags/example_xcom.py
[2025-03-11T03:19:51.294+0000] {processor.py:830} INFO - Processing file /home/airflow/.local/lib/python3.12/site-packages/airflow/example_dags/example_xcom.py for tasks to queue
[2025-03-11T03:19:51.296+0000] {logging_mixin.py:188} INFO - [2025-03-11T03:19:51.296+0000] {dagbag.py:545} INFO - Filling up the DagBag from /home/airflow/.local/lib/python3.12/site-packages/airflow/example_dags/example_xcom.py
[2025-03-11T03:19:51.304+0000] {processor.py:840} INFO - DAG(s) 'example_xcom' retrieved from /home/airflow/.local/lib/python3.12/site-packages/airflow/example_dags/example_xcom.py
[2025-03-11T03:19:51.326+0000] {logging_mixin.py:188} INFO - [2025-03-11T03:19:51.326+0000] {dag.py:3096} INFO - Sync 1 DAGs
[2025-03-11T03:19:51.347+0000] {logging_mixin.py:188} INFO - [2025-03-11T03:19:51.347+0000] {dag.py:3954} INFO - Setting next_dagrun for example_xcom to 2021-01-01 00:00:00+00:00, run_after=2021-01-01 00:00:00+00:00
[2025-03-11T03:19:51.366+0000] {processor.py:183} INFO - Processing /home/airflow/.local/lib/python3.12/site-packages/airflow/example_dags/example_xcom.py took 0.080 seconds
[2025-03-11T03:20:23.835+0000] {processor.py:161} INFO - Started process (PID=66974) to work on /home/airflow/.local/lib/python3.12/site-packages/airflow/example_dags/example_xcom.py
[2025-03-11T03:20:23.837+0000] {processor.py:830} INFO - Processing file /home/airflow/.local/lib/python3.12/site-packages/airflow/example_dags/example_xcom.py for tasks to queue
[2025-03-11T03:20:23.839+0000] {logging_mixin.py:188} INFO - [2025-03-11T03:20:23.839+0000] {dagbag.py:545} INFO - Filling up the DagBag from /home/airflow/.local/lib/python3.12/site-packages/airflow/example_dags/example_xcom.py
[2025-03-11T03:20:23.848+0000] {processor.py:840} INFO - DAG(s) 'example_xcom' retrieved from /home/airflow/.local/lib/python3.12/site-packages/airflow/example_dags/example_xcom.py
[2025-03-11T03:20:23.871+0000] {logging_mixin.py:188} INFO - [2025-03-11T03:20:23.871+0000] {dag.py:3096} INFO - Sync 1 DAGs
[2025-03-11T03:20:23.893+0000] {logging_mixin.py:188} INFO - [2025-03-11T03:20:23.892+0000] {dag.py:3954} INFO - Setting next_dagrun for example_xcom to 2021-01-01 00:00:00+00:00, run_after=2021-01-01 00:00:00+00:00
[2025-03-11T03:20:23.914+0000] {processor.py:183} INFO - Processing /home/airflow/.local/lib/python3.12/site-packages/airflow/example_dags/example_xcom.py took 0.084 seconds
[2025-03-11T03:20:55.542+0000] {processor.py:161} INFO - Started process (PID=67236) to work on /home/airflow/.local/lib/python3.12/site-packages/airflow/example_dags/example_xcom.py
[2025-03-11T03:20:55.543+0000] {processor.py:830} INFO - Processing file /home/airflow/.local/lib/python3.12/site-packages/airflow/example_dags/example_xcom.py for tasks to queue
[2025-03-11T03:20:55.546+0000] {logging_mixin.py:188} INFO - [2025-03-11T03:20:55.545+0000] {dagbag.py:545} INFO - Filling up the DagBag from /home/airflow/.local/lib/python3.12/site-packages/airflow/example_dags/example_xcom.py
[2025-03-11T03:20:55.554+0000] {processor.py:840} INFO - DAG(s) 'example_xcom' retrieved from /home/airflow/.local/lib/python3.12/site-packages/airflow/example_dags/example_xcom.py
[2025-03-11T03:20:55.579+0000] {logging_mixin.py:188} INFO - [2025-03-11T03:20:55.579+0000] {dag.py:3096} INFO - Sync 1 DAGs
[2025-03-11T03:20:55.602+0000] {logging_mixin.py:188} INFO - [2025-03-11T03:20:55.602+0000] {dag.py:3954} INFO - Setting next_dagrun for example_xcom to 2021-01-01 00:00:00+00:00, run_after=2021-01-01 00:00:00+00:00
[2025-03-11T03:20:55.629+0000] {processor.py:183} INFO - Processing /home/airflow/.local/lib/python3.12/site-packages/airflow/example_dags/example_xcom.py took 0.093 seconds
[2025-03-11T03:21:27.955+0000] {processor.py:161} INFO - Started process (PID=67498) to work on /home/airflow/.local/lib/python3.12/site-packages/airflow/example_dags/example_xcom.py
[2025-03-11T03:21:27.957+0000] {processor.py:830} INFO - Processing file /home/airflow/.local/lib/python3.12/site-packages/airflow/example_dags/example_xcom.py for tasks to queue
[2025-03-11T03:21:27.959+0000] {logging_mixin.py:188} INFO - [2025-03-11T03:21:27.958+0000] {dagbag.py:545} INFO - Filling up the DagBag from /home/airflow/.local/lib/python3.12/site-packages/airflow/example_dags/example_xcom.py
[2025-03-11T03:21:27.967+0000] {processor.py:840} INFO - DAG(s) 'example_xcom' retrieved from /home/airflow/.local/lib/python3.12/site-packages/airflow/example_dags/example_xcom.py
[2025-03-11T03:21:27.991+0000] {logging_mixin.py:188} INFO - [2025-03-11T03:21:27.990+0000] {dag.py:3096} INFO - Sync 1 DAGs
[2025-03-11T03:21:28.014+0000] {logging_mixin.py:188} INFO - [2025-03-11T03:21:28.014+0000] {dag.py:3954} INFO - Setting next_dagrun for example_xcom to 2021-01-01 00:00:00+00:00, run_after=2021-01-01 00:00:00+00:00
[2025-03-11T03:21:28.036+0000] {processor.py:183} INFO - Processing /home/airflow/.local/lib/python3.12/site-packages/airflow/example_dags/example_xcom.py took 0.087 seconds
[2025-03-11T03:22:00.846+0000] {processor.py:161} INFO - Started process (PID=67765) to work on /home/airflow/.local/lib/python3.12/site-packages/airflow/example_dags/example_xcom.py
[2025-03-11T03:22:00.847+0000] {processor.py:830} INFO - Processing file /home/airflow/.local/lib/python3.12/site-packages/airflow/example_dags/example_xcom.py for tasks to queue
[2025-03-11T03:22:00.850+0000] {logging_mixin.py:188} INFO - [2025-03-11T03:22:00.850+0000] {dagbag.py:545} INFO - Filling up the DagBag from /home/airflow/.local/lib/python3.12/site-packages/airflow/example_dags/example_xcom.py
[2025-03-11T03:22:00.860+0000] {processor.py:840} INFO - DAG(s) 'example_xcom' retrieved from /home/airflow/.local/lib/python3.12/site-packages/airflow/example_dags/example_xcom.py
[2025-03-11T03:22:00.884+0000] {logging_mixin.py:188} INFO - [2025-03-11T03:22:00.883+0000] {dag.py:3096} INFO - Sync 1 DAGs
[2025-03-11T03:22:00.908+0000] {logging_mixin.py:188} INFO - [2025-03-11T03:22:00.907+0000] {dag.py:3954} INFO - Setting next_dagrun for example_xcom to 2021-01-01 00:00:00+00:00, run_after=2021-01-01 00:00:00+00:00
[2025-03-11T03:22:00.928+0000] {processor.py:183} INFO - Processing /home/airflow/.local/lib/python3.12/site-packages/airflow/example_dags/example_xcom.py took 0.089 seconds
[2025-03-11T03:22:33.047+0000] {processor.py:161} INFO - Started process (PID=68027) to work on /home/airflow/.local/lib/python3.12/site-packages/airflow/example_dags/example_xcom.py
[2025-03-11T03:22:33.049+0000] {processor.py:830} INFO - Processing file /home/airflow/.local/lib/python3.12/site-packages/airflow/example_dags/example_xcom.py for tasks to queue
[2025-03-11T03:22:33.052+0000] {logging_mixin.py:188} INFO - [2025-03-11T03:22:33.052+0000] {dagbag.py:545} INFO - Filling up the DagBag from /home/airflow/.local/lib/python3.12/site-packages/airflow/example_dags/example_xcom.py
[2025-03-11T03:22:33.061+0000] {processor.py:840} INFO - DAG(s) 'example_xcom' retrieved from /home/airflow/.local/lib/python3.12/site-packages/airflow/example_dags/example_xcom.py
[2025-03-11T03:22:33.087+0000] {logging_mixin.py:188} INFO - [2025-03-11T03:22:33.087+0000] {dag.py:3096} INFO - Sync 1 DAGs
[2025-03-11T03:22:33.110+0000] {logging_mixin.py:188} INFO - [2025-03-11T03:22:33.110+0000] {dag.py:3954} INFO - Setting next_dagrun for example_xcom to 2021-01-01 00:00:00+00:00, run_after=2021-01-01 00:00:00+00:00
[2025-03-11T03:22:33.136+0000] {processor.py:183} INFO - Processing /home/airflow/.local/lib/python3.12/site-packages/airflow/example_dags/example_xcom.py took 0.095 seconds
[2025-03-11T03:23:04.911+0000] {processor.py:161} INFO - Started process (PID=68289) to work on /home/airflow/.local/lib/python3.12/site-packages/airflow/example_dags/example_xcom.py
[2025-03-11T03:23:04.912+0000] {processor.py:830} INFO - Processing file /home/airflow/.local/lib/python3.12/site-packages/airflow/example_dags/example_xcom.py for tasks to queue
[2025-03-11T03:23:04.915+0000] {logging_mixin.py:188} INFO - [2025-03-11T03:23:04.915+0000] {dagbag.py:545} INFO - Filling up the DagBag from /home/airflow/.local/lib/python3.12/site-packages/airflow/example_dags/example_xcom.py
[2025-03-11T03:23:04.926+0000] {processor.py:840} INFO - DAG(s) 'example_xcom' retrieved from /home/airflow/.local/lib/python3.12/site-packages/airflow/example_dags/example_xcom.py
[2025-03-11T03:23:04.950+0000] {logging_mixin.py:188} INFO - [2025-03-11T03:23:04.950+0000] {dag.py:3096} INFO - Sync 1 DAGs
[2025-03-11T03:23:04.974+0000] {logging_mixin.py:188} INFO - [2025-03-11T03:23:04.974+0000] {dag.py:3954} INFO - Setting next_dagrun for example_xcom to 2021-01-01 00:00:00+00:00, run_after=2021-01-01 00:00:00+00:00
[2025-03-11T03:23:04.996+0000] {processor.py:183} INFO - Processing /home/airflow/.local/lib/python3.12/site-packages/airflow/example_dags/example_xcom.py took 0.095 seconds
[2025-03-11T03:23:37.136+0000] {processor.py:161} INFO - Started process (PID=68561) to work on /home/airflow/.local/lib/python3.12/site-packages/airflow/example_dags/example_xcom.py
[2025-03-11T03:23:37.137+0000] {processor.py:830} INFO - Processing file /home/airflow/.local/lib/python3.12/site-packages/airflow/example_dags/example_xcom.py for tasks to queue
[2025-03-11T03:23:37.140+0000] {logging_mixin.py:188} INFO - [2025-03-11T03:23:37.139+0000] {dagbag.py:545} INFO - Filling up the DagBag from /home/airflow/.local/lib/python3.12/site-packages/airflow/example_dags/example_xcom.py
[2025-03-11T03:23:37.148+0000] {processor.py:840} INFO - DAG(s) 'example_xcom' retrieved from /home/airflow/.local/lib/python3.12/site-packages/airflow/example_dags/example_xcom.py
[2025-03-11T03:23:37.168+0000] {logging_mixin.py:188} INFO - [2025-03-11T03:23:37.168+0000] {dag.py:3096} INFO - Sync 1 DAGs
[2025-03-11T03:23:37.191+0000] {logging_mixin.py:188} INFO - [2025-03-11T03:23:37.191+0000] {dag.py:3954} INFO - Setting next_dagrun for example_xcom to 2021-01-01 00:00:00+00:00, run_after=2021-01-01 00:00:00+00:00
[2025-03-11T03:23:37.211+0000] {processor.py:183} INFO - Processing /home/airflow/.local/lib/python3.12/site-packages/airflow/example_dags/example_xcom.py took 0.081 seconds
[2025-03-11T03:24:09.242+0000] {processor.py:161} INFO - Started process (PID=68823) to work on /home/airflow/.local/lib/python3.12/site-packages/airflow/example_dags/example_xcom.py
[2025-03-11T03:24:09.243+0000] {processor.py:830} INFO - Processing file /home/airflow/.local/lib/python3.12/site-packages/airflow/example_dags/example_xcom.py for tasks to queue
[2025-03-11T03:24:09.246+0000] {logging_mixin.py:188} INFO - [2025-03-11T03:24:09.245+0000] {dagbag.py:545} INFO - Filling up the DagBag from /home/airflow/.local/lib/python3.12/site-packages/airflow/example_dags/example_xcom.py
[2025-03-11T03:24:09.257+0000] {processor.py:840} INFO - DAG(s) 'example_xcom' retrieved from /home/airflow/.local/lib/python3.12/site-packages/airflow/example_dags/example_xcom.py
[2025-03-11T03:24:09.290+0000] {logging_mixin.py:188} INFO - [2025-03-11T03:24:09.289+0000] {dag.py:3096} INFO - Sync 1 DAGs
[2025-03-11T03:24:09.320+0000] {logging_mixin.py:188} INFO - [2025-03-11T03:24:09.320+0000] {dag.py:3954} INFO - Setting next_dagrun for example_xcom to 2021-01-01 00:00:00+00:00, run_after=2021-01-01 00:00:00+00:00
[2025-03-11T03:24:09.344+0000] {processor.py:183} INFO - Processing /home/airflow/.local/lib/python3.12/site-packages/airflow/example_dags/example_xcom.py took 0.111 seconds
[2025-03-11T03:24:40.992+0000] {processor.py:161} INFO - Started process (PID=69085) to work on /home/airflow/.local/lib/python3.12/site-packages/airflow/example_dags/example_xcom.py
[2025-03-11T03:24:40.993+0000] {processor.py:830} INFO - Processing file /home/airflow/.local/lib/python3.12/site-packages/airflow/example_dags/example_xcom.py for tasks to queue
[2025-03-11T03:24:40.997+0000] {logging_mixin.py:188} INFO - [2025-03-11T03:24:40.996+0000] {dagbag.py:545} INFO - Filling up the DagBag from /home/airflow/.local/lib/python3.12/site-packages/airflow/example_dags/example_xcom.py
[2025-03-11T03:24:41.004+0000] {processor.py:840} INFO - DAG(s) 'example_xcom' retrieved from /home/airflow/.local/lib/python3.12/site-packages/airflow/example_dags/example_xcom.py
[2025-03-11T03:24:41.025+0000] {logging_mixin.py:188} INFO - [2025-03-11T03:24:41.025+0000] {dag.py:3096} INFO - Sync 1 DAGs
[2025-03-11T03:24:41.045+0000] {logging_mixin.py:188} INFO - [2025-03-11T03:24:41.045+0000] {dag.py:3954} INFO - Setting next_dagrun for example_xcom to 2021-01-01 00:00:00+00:00, run_after=2021-01-01 00:00:00+00:00
[2025-03-11T03:24:41.062+0000] {processor.py:183} INFO - Processing /home/airflow/.local/lib/python3.12/site-packages/airflow/example_dags/example_xcom.py took 0.076 seconds
[2025-03-11T03:25:13.110+0000] {processor.py:161} INFO - Started process (PID=69347) to work on /home/airflow/.local/lib/python3.12/site-packages/airflow/example_dags/example_xcom.py
[2025-03-11T03:25:13.112+0000] {processor.py:830} INFO - Processing file /home/airflow/.local/lib/python3.12/site-packages/airflow/example_dags/example_xcom.py for tasks to queue
[2025-03-11T03:25:13.114+0000] {logging_mixin.py:188} INFO - [2025-03-11T03:25:13.114+0000] {dagbag.py:545} INFO - Filling up the DagBag from /home/airflow/.local/lib/python3.12/site-packages/airflow/example_dags/example_xcom.py
[2025-03-11T03:25:13.125+0000] {processor.py:840} INFO - DAG(s) 'example_xcom' retrieved from /home/airflow/.local/lib/python3.12/site-packages/airflow/example_dags/example_xcom.py
[2025-03-11T03:25:13.149+0000] {logging_mixin.py:188} INFO - [2025-03-11T03:25:13.149+0000] {dag.py:3096} INFO - Sync 1 DAGs
[2025-03-11T03:25:13.180+0000] {logging_mixin.py:188} INFO - [2025-03-11T03:25:13.179+0000] {dag.py:3954} INFO - Setting next_dagrun for example_xcom to 2021-01-01 00:00:00+00:00, run_after=2021-01-01 00:00:00+00:00
[2025-03-11T03:25:13.207+0000] {processor.py:183} INFO - Processing /home/airflow/.local/lib/python3.12/site-packages/airflow/example_dags/example_xcom.py took 0.104 seconds
[2025-03-11T03:25:45.072+0000] {processor.py:161} INFO - Started process (PID=69609) to work on /home/airflow/.local/lib/python3.12/site-packages/airflow/example_dags/example_xcom.py
[2025-03-11T03:25:45.073+0000] {processor.py:830} INFO - Processing file /home/airflow/.local/lib/python3.12/site-packages/airflow/example_dags/example_xcom.py for tasks to queue
[2025-03-11T03:25:45.075+0000] {logging_mixin.py:188} INFO - [2025-03-11T03:25:45.075+0000] {dagbag.py:545} INFO - Filling up the DagBag from /home/airflow/.local/lib/python3.12/site-packages/airflow/example_dags/example_xcom.py
[2025-03-11T03:25:45.084+0000] {processor.py:840} INFO - DAG(s) 'example_xcom' retrieved from /home/airflow/.local/lib/python3.12/site-packages/airflow/example_dags/example_xcom.py
[2025-03-11T03:25:45.104+0000] {logging_mixin.py:188} INFO - [2025-03-11T03:25:45.104+0000] {dag.py:3096} INFO - Sync 1 DAGs
[2025-03-11T03:25:45.128+0000] {logging_mixin.py:188} INFO - [2025-03-11T03:25:45.127+0000] {dag.py:3954} INFO - Setting next_dagrun for example_xcom to 2021-01-01 00:00:00+00:00, run_after=2021-01-01 00:00:00+00:00
[2025-03-11T03:25:45.149+0000] {processor.py:183} INFO - Processing /home/airflow/.local/lib/python3.12/site-packages/airflow/example_dags/example_xcom.py took 0.083 seconds
[2025-03-11T03:26:17.844+0000] {processor.py:161} INFO - Started process (PID=69871) to work on /home/airflow/.local/lib/python3.12/site-packages/airflow/example_dags/example_xcom.py
[2025-03-11T03:26:17.845+0000] {processor.py:830} INFO - Processing file /home/airflow/.local/lib/python3.12/site-packages/airflow/example_dags/example_xcom.py for tasks to queue
[2025-03-11T03:26:17.848+0000] {logging_mixin.py:188} INFO - [2025-03-11T03:26:17.847+0000] {dagbag.py:545} INFO - Filling up the DagBag from /home/airflow/.local/lib/python3.12/site-packages/airflow/example_dags/example_xcom.py
[2025-03-11T03:26:17.856+0000] {processor.py:840} INFO - DAG(s) 'example_xcom' retrieved from /home/airflow/.local/lib/python3.12/site-packages/airflow/example_dags/example_xcom.py
[2025-03-11T03:26:17.878+0000] {logging_mixin.py:188} INFO - [2025-03-11T03:26:17.878+0000] {dag.py:3096} INFO - Sync 1 DAGs
[2025-03-11T03:26:17.901+0000] {logging_mixin.py:188} INFO - [2025-03-11T03:26:17.901+0000] {dag.py:3954} INFO - Setting next_dagrun for example_xcom to 2021-01-01 00:00:00+00:00, run_after=2021-01-01 00:00:00+00:00
[2025-03-11T03:26:17.922+0000] {processor.py:183} INFO - Processing /home/airflow/.local/lib/python3.12/site-packages/airflow/example_dags/example_xcom.py took 0.084 seconds
[2025-03-11T03:26:49.329+0000] {processor.py:161} INFO - Started process (PID=70133) to work on /home/airflow/.local/lib/python3.12/site-packages/airflow/example_dags/example_xcom.py
[2025-03-11T03:26:49.331+0000] {processor.py:830} INFO - Processing file /home/airflow/.local/lib/python3.12/site-packages/airflow/example_dags/example_xcom.py for tasks to queue
[2025-03-11T03:26:49.333+0000] {logging_mixin.py:188} INFO - [2025-03-11T03:26:49.333+0000] {dagbag.py:545} INFO - Filling up the DagBag from /home/airflow/.local/lib/python3.12/site-packages/airflow/example_dags/example_xcom.py
[2025-03-11T03:26:49.343+0000] {processor.py:840} INFO - DAG(s) 'example_xcom' retrieved from /home/airflow/.local/lib/python3.12/site-packages/airflow/example_dags/example_xcom.py
[2025-03-11T03:26:49.368+0000] {logging_mixin.py:188} INFO - [2025-03-11T03:26:49.368+0000] {dag.py:3096} INFO - Sync 1 DAGs
[2025-03-11T03:26:49.392+0000] {logging_mixin.py:188} INFO - [2025-03-11T03:26:49.391+0000] {dag.py:3954} INFO - Setting next_dagrun for example_xcom to 2021-01-01 00:00:00+00:00, run_after=2021-01-01 00:00:00+00:00
[2025-03-11T03:26:49.413+0000] {processor.py:183} INFO - Processing /home/airflow/.local/lib/python3.12/site-packages/airflow/example_dags/example_xcom.py took 0.090 seconds
[2025-03-11T03:27:21.932+0000] {processor.py:161} INFO - Started process (PID=70395) to work on /home/airflow/.local/lib/python3.12/site-packages/airflow/example_dags/example_xcom.py
[2025-03-11T03:27:21.933+0000] {processor.py:830} INFO - Processing file /home/airflow/.local/lib/python3.12/site-packages/airflow/example_dags/example_xcom.py for tasks to queue
[2025-03-11T03:27:21.935+0000] {logging_mixin.py:188} INFO - [2025-03-11T03:27:21.935+0000] {dagbag.py:545} INFO - Filling up the DagBag from /home/airflow/.local/lib/python3.12/site-packages/airflow/example_dags/example_xcom.py
[2025-03-11T03:27:21.943+0000] {processor.py:840} INFO - DAG(s) 'example_xcom' retrieved from /home/airflow/.local/lib/python3.12/site-packages/airflow/example_dags/example_xcom.py
[2025-03-11T03:27:21.967+0000] {logging_mixin.py:188} INFO - [2025-03-11T03:27:21.967+0000] {dag.py:3096} INFO - Sync 1 DAGs
[2025-03-11T03:27:21.992+0000] {logging_mixin.py:188} INFO - [2025-03-11T03:27:21.992+0000] {dag.py:3954} INFO - Setting next_dagrun for example_xcom to 2021-01-01 00:00:00+00:00, run_after=2021-01-01 00:00:00+00:00
[2025-03-11T03:27:22.013+0000] {processor.py:183} INFO - Processing /home/airflow/.local/lib/python3.12/site-packages/airflow/example_dags/example_xcom.py took 0.088 seconds
[2025-03-11T03:27:53.485+0000] {processor.py:161} INFO - Started process (PID=70657) to work on /home/airflow/.local/lib/python3.12/site-packages/airflow/example_dags/example_xcom.py
[2025-03-11T03:27:53.486+0000] {processor.py:830} INFO - Processing file /home/airflow/.local/lib/python3.12/site-packages/airflow/example_dags/example_xcom.py for tasks to queue
[2025-03-11T03:27:53.488+0000] {logging_mixin.py:188} INFO - [2025-03-11T03:27:53.488+0000] {dagbag.py:545} INFO - Filling up the DagBag from /home/airflow/.local/lib/python3.12/site-packages/airflow/example_dags/example_xcom.py
[2025-03-11T03:27:53.496+0000] {processor.py:840} INFO - DAG(s) 'example_xcom' retrieved from /home/airflow/.local/lib/python3.12/site-packages/airflow/example_dags/example_xcom.py
[2025-03-11T03:27:53.520+0000] {logging_mixin.py:188} INFO - [2025-03-11T03:27:53.520+0000] {dag.py:3096} INFO - Sync 1 DAGs
[2025-03-11T03:27:53.544+0000] {logging_mixin.py:188} INFO - [2025-03-11T03:27:53.544+0000] {dag.py:3954} INFO - Setting next_dagrun for example_xcom to 2021-01-01 00:00:00+00:00, run_after=2021-01-01 00:00:00+00:00
[2025-03-11T03:27:53.563+0000] {processor.py:183} INFO - Processing /home/airflow/.local/lib/python3.12/site-packages/airflow/example_dags/example_xcom.py took 0.084 seconds
[2025-03-11T03:28:26.324+0000] {processor.py:161} INFO - Started process (PID=70919) to work on /home/airflow/.local/lib/python3.12/site-packages/airflow/example_dags/example_xcom.py
[2025-03-11T03:28:26.325+0000] {processor.py:830} INFO - Processing file /home/airflow/.local/lib/python3.12/site-packages/airflow/example_dags/example_xcom.py for tasks to queue
[2025-03-11T03:28:26.328+0000] {logging_mixin.py:188} INFO - [2025-03-11T03:28:26.328+0000] {dagbag.py:545} INFO - Filling up the DagBag from /home/airflow/.local/lib/python3.12/site-packages/airflow/example_dags/example_xcom.py
[2025-03-11T03:28:26.337+0000] {processor.py:840} INFO - DAG(s) 'example_xcom' retrieved from /home/airflow/.local/lib/python3.12/site-packages/airflow/example_dags/example_xcom.py
[2025-03-11T03:28:26.359+0000] {logging_mixin.py:188} INFO - [2025-03-11T03:28:26.359+0000] {dag.py:3096} INFO - Sync 1 DAGs
[2025-03-11T03:28:26.382+0000] {logging_mixin.py:188} INFO - [2025-03-11T03:28:26.381+0000] {dag.py:3954} INFO - Setting next_dagrun for example_xcom to 2021-01-01 00:00:00+00:00, run_after=2021-01-01 00:00:00+00:00
[2025-03-11T03:28:26.404+0000] {processor.py:183} INFO - Processing /home/airflow/.local/lib/python3.12/site-packages/airflow/example_dags/example_xcom.py took 0.087 seconds
[2025-03-11T03:28:58.083+0000] {processor.py:161} INFO - Started process (PID=71181) to work on /home/airflow/.local/lib/python3.12/site-packages/airflow/example_dags/example_xcom.py
[2025-03-11T03:28:58.084+0000] {processor.py:830} INFO - Processing file /home/airflow/.local/lib/python3.12/site-packages/airflow/example_dags/example_xcom.py for tasks to queue
[2025-03-11T03:28:58.086+0000] {logging_mixin.py:188} INFO - [2025-03-11T03:28:58.085+0000] {dagbag.py:545} INFO - Filling up the DagBag from /home/airflow/.local/lib/python3.12/site-packages/airflow/example_dags/example_xcom.py
[2025-03-11T03:28:58.094+0000] {processor.py:840} INFO - DAG(s) 'example_xcom' retrieved from /home/airflow/.local/lib/python3.12/site-packages/airflow/example_dags/example_xcom.py
[2025-03-11T03:28:58.117+0000] {logging_mixin.py:188} INFO - [2025-03-11T03:28:58.116+0000] {dag.py:3096} INFO - Sync 1 DAGs
[2025-03-11T03:28:58.141+0000] {logging_mixin.py:188} INFO - [2025-03-11T03:28:58.141+0000] {dag.py:3954} INFO - Setting next_dagrun for example_xcom to 2021-01-01 00:00:00+00:00, run_after=2021-01-01 00:00:00+00:00
[2025-03-11T03:28:58.164+0000] {processor.py:183} INFO - Processing /home/airflow/.local/lib/python3.12/site-packages/airflow/example_dags/example_xcom.py took 0.088 seconds
[2025-03-11T03:29:30.335+0000] {processor.py:161} INFO - Started process (PID=71443) to work on /home/airflow/.local/lib/python3.12/site-packages/airflow/example_dags/example_xcom.py
[2025-03-11T03:29:30.337+0000] {processor.py:830} INFO - Processing file /home/airflow/.local/lib/python3.12/site-packages/airflow/example_dags/example_xcom.py for tasks to queue
[2025-03-11T03:29:30.340+0000] {logging_mixin.py:188} INFO - [2025-03-11T03:29:30.340+0000] {dagbag.py:545} INFO - Filling up the DagBag from /home/airflow/.local/lib/python3.12/site-packages/airflow/example_dags/example_xcom.py
[2025-03-11T03:29:30.349+0000] {processor.py:840} INFO - DAG(s) 'example_xcom' retrieved from /home/airflow/.local/lib/python3.12/site-packages/airflow/example_dags/example_xcom.py
[2025-03-11T03:29:30.371+0000] {logging_mixin.py:188} INFO - [2025-03-11T03:29:30.371+0000] {dag.py:3096} INFO - Sync 1 DAGs
[2025-03-11T03:29:30.399+0000] {logging_mixin.py:188} INFO - [2025-03-11T03:29:30.398+0000] {dag.py:3954} INFO - Setting next_dagrun for example_xcom to 2021-01-01 00:00:00+00:00, run_after=2021-01-01 00:00:00+00:00
[2025-03-11T03:29:30.430+0000] {processor.py:183} INFO - Processing /home/airflow/.local/lib/python3.12/site-packages/airflow/example_dags/example_xcom.py took 0.103 seconds
[2025-03-11T03:30:02.140+0000] {processor.py:161} INFO - Started process (PID=71705) to work on /home/airflow/.local/lib/python3.12/site-packages/airflow/example_dags/example_xcom.py
[2025-03-11T03:30:02.142+0000] {processor.py:830} INFO - Processing file /home/airflow/.local/lib/python3.12/site-packages/airflow/example_dags/example_xcom.py for tasks to queue
[2025-03-11T03:30:02.145+0000] {logging_mixin.py:188} INFO - [2025-03-11T03:30:02.144+0000] {dagbag.py:545} INFO - Filling up the DagBag from /home/airflow/.local/lib/python3.12/site-packages/airflow/example_dags/example_xcom.py
[2025-03-11T03:30:02.153+0000] {processor.py:840} INFO - DAG(s) 'example_xcom' retrieved from /home/airflow/.local/lib/python3.12/site-packages/airflow/example_dags/example_xcom.py
[2025-03-11T03:30:02.176+0000] {logging_mixin.py:188} INFO - [2025-03-11T03:30:02.176+0000] {dag.py:3096} INFO - Sync 1 DAGs
[2025-03-11T03:30:02.199+0000] {logging_mixin.py:188} INFO - [2025-03-11T03:30:02.199+0000] {dag.py:3954} INFO - Setting next_dagrun for example_xcom to 2021-01-01 00:00:00+00:00, run_after=2021-01-01 00:00:00+00:00
[2025-03-11T03:30:02.220+0000] {processor.py:183} INFO - Processing /home/airflow/.local/lib/python3.12/site-packages/airflow/example_dags/example_xcom.py took 0.086 seconds
[2025-03-11T03:30:34.774+0000] {processor.py:161} INFO - Started process (PID=71967) to work on /home/airflow/.local/lib/python3.12/site-packages/airflow/example_dags/example_xcom.py
[2025-03-11T03:30:34.775+0000] {processor.py:830} INFO - Processing file /home/airflow/.local/lib/python3.12/site-packages/airflow/example_dags/example_xcom.py for tasks to queue
[2025-03-11T03:30:34.779+0000] {logging_mixin.py:188} INFO - [2025-03-11T03:30:34.778+0000] {dagbag.py:545} INFO - Filling up the DagBag from /home/airflow/.local/lib/python3.12/site-packages/airflow/example_dags/example_xcom.py
[2025-03-11T03:30:34.789+0000] {processor.py:840} INFO - DAG(s) 'example_xcom' retrieved from /home/airflow/.local/lib/python3.12/site-packages/airflow/example_dags/example_xcom.py
[2025-03-11T03:30:34.812+0000] {logging_mixin.py:188} INFO - [2025-03-11T03:30:34.812+0000] {dag.py:3096} INFO - Sync 1 DAGs
[2025-03-11T03:30:34.839+0000] {logging_mixin.py:188} INFO - [2025-03-11T03:30:34.838+0000] {dag.py:3954} INFO - Setting next_dagrun for example_xcom to 2021-01-01 00:00:00+00:00, run_after=2021-01-01 00:00:00+00:00
[2025-03-11T03:30:34.865+0000] {processor.py:183} INFO - Processing /home/airflow/.local/lib/python3.12/site-packages/airflow/example_dags/example_xcom.py took 0.098 seconds
[2025-03-11T03:31:05.868+0000] {processor.py:161} INFO - Started process (PID=72229) to work on /home/airflow/.local/lib/python3.12/site-packages/airflow/example_dags/example_xcom.py
[2025-03-11T03:31:05.870+0000] {processor.py:830} INFO - Processing file /home/airflow/.local/lib/python3.12/site-packages/airflow/example_dags/example_xcom.py for tasks to queue
[2025-03-11T03:31:05.872+0000] {logging_mixin.py:188} INFO - [2025-03-11T03:31:05.871+0000] {dagbag.py:545} INFO - Filling up the DagBag from /home/airflow/.local/lib/python3.12/site-packages/airflow/example_dags/example_xcom.py
[2025-03-11T03:31:05.881+0000] {processor.py:840} INFO - DAG(s) 'example_xcom' retrieved from /home/airflow/.local/lib/python3.12/site-packages/airflow/example_dags/example_xcom.py
[2025-03-11T03:31:05.902+0000] {logging_mixin.py:188} INFO - [2025-03-11T03:31:05.901+0000] {dag.py:3096} INFO - Sync 1 DAGs
[2025-03-11T03:31:05.923+0000] {logging_mixin.py:188} INFO - [2025-03-11T03:31:05.923+0000] {dag.py:3954} INFO - Setting next_dagrun for example_xcom to 2021-01-01 00:00:00+00:00, run_after=2021-01-01 00:00:00+00:00
[2025-03-11T03:31:05.943+0000] {processor.py:183} INFO - Processing /home/airflow/.local/lib/python3.12/site-packages/airflow/example_dags/example_xcom.py took 0.080 seconds
[2025-03-11T03:31:38.341+0000] {processor.py:161} INFO - Started process (PID=72491) to work on /home/airflow/.local/lib/python3.12/site-packages/airflow/example_dags/example_xcom.py
[2025-03-11T03:31:38.342+0000] {processor.py:830} INFO - Processing file /home/airflow/.local/lib/python3.12/site-packages/airflow/example_dags/example_xcom.py for tasks to queue
[2025-03-11T03:31:38.345+0000] {logging_mixin.py:188} INFO - [2025-03-11T03:31:38.344+0000] {dagbag.py:545} INFO - Filling up the DagBag from /home/airflow/.local/lib/python3.12/site-packages/airflow/example_dags/example_xcom.py
[2025-03-11T03:31:38.353+0000] {processor.py:840} INFO - DAG(s) 'example_xcom' retrieved from /home/airflow/.local/lib/python3.12/site-packages/airflow/example_dags/example_xcom.py
[2025-03-11T03:31:38.392+0000] {logging_mixin.py:188} INFO - [2025-03-11T03:31:38.392+0000] {dag.py:3096} INFO - Sync 1 DAGs
[2025-03-11T03:31:38.424+0000] {logging_mixin.py:188} INFO - [2025-03-11T03:31:38.423+0000] {dag.py:3954} INFO - Setting next_dagrun for example_xcom to 2021-01-01 00:00:00+00:00, run_after=2021-01-01 00:00:00+00:00
[2025-03-11T03:31:38.444+0000] {processor.py:183} INFO - Processing /home/airflow/.local/lib/python3.12/site-packages/airflow/example_dags/example_xcom.py took 0.110 seconds
[2025-03-11T03:32:10.048+0000] {processor.py:161} INFO - Started process (PID=72753) to work on /home/airflow/.local/lib/python3.12/site-packages/airflow/example_dags/example_xcom.py
[2025-03-11T03:32:10.050+0000] {processor.py:830} INFO - Processing file /home/airflow/.local/lib/python3.12/site-packages/airflow/example_dags/example_xcom.py for tasks to queue
[2025-03-11T03:32:10.055+0000] {logging_mixin.py:188} INFO - [2025-03-11T03:32:10.054+0000] {dagbag.py:545} INFO - Filling up the DagBag from /home/airflow/.local/lib/python3.12/site-packages/airflow/example_dags/example_xcom.py
[2025-03-11T03:32:10.065+0000] {processor.py:840} INFO - DAG(s) 'example_xcom' retrieved from /home/airflow/.local/lib/python3.12/site-packages/airflow/example_dags/example_xcom.py
[2025-03-11T03:32:10.095+0000] {logging_mixin.py:188} INFO - [2025-03-11T03:32:10.094+0000] {dag.py:3096} INFO - Sync 1 DAGs
[2025-03-11T03:32:10.119+0000] {logging_mixin.py:188} INFO - [2025-03-11T03:32:10.119+0000] {dag.py:3954} INFO - Setting next_dagrun for example_xcom to 2021-01-01 00:00:00+00:00, run_after=2021-01-01 00:00:00+00:00
[2025-03-11T03:32:10.141+0000] {processor.py:183} INFO - Processing /home/airflow/.local/lib/python3.12/site-packages/airflow/example_dags/example_xcom.py took 0.101 seconds
[2025-03-11T03:32:42.143+0000] {processor.py:161} INFO - Started process (PID=73015) to work on /home/airflow/.local/lib/python3.12/site-packages/airflow/example_dags/example_xcom.py
[2025-03-11T03:32:42.145+0000] {processor.py:830} INFO - Processing file /home/airflow/.local/lib/python3.12/site-packages/airflow/example_dags/example_xcom.py for tasks to queue
[2025-03-11T03:32:42.148+0000] {logging_mixin.py:188} INFO - [2025-03-11T03:32:42.147+0000] {dagbag.py:545} INFO - Filling up the DagBag from /home/airflow/.local/lib/python3.12/site-packages/airflow/example_dags/example_xcom.py
[2025-03-11T03:32:42.157+0000] {processor.py:840} INFO - DAG(s) 'example_xcom' retrieved from /home/airflow/.local/lib/python3.12/site-packages/airflow/example_dags/example_xcom.py
[2025-03-11T03:32:42.180+0000] {logging_mixin.py:188} INFO - [2025-03-11T03:32:42.180+0000] {dag.py:3096} INFO - Sync 1 DAGs
[2025-03-11T03:32:42.205+0000] {logging_mixin.py:188} INFO - [2025-03-11T03:32:42.205+0000] {dag.py:3954} INFO - Setting next_dagrun for example_xcom to 2021-01-01 00:00:00+00:00, run_after=2021-01-01 00:00:00+00:00
[2025-03-11T03:32:42.228+0000] {processor.py:183} INFO - Processing /home/airflow/.local/lib/python3.12/site-packages/airflow/example_dags/example_xcom.py took 0.091 seconds
