[2025-03-11T03:05:18.658+0000] {processor.py:161} INFO - Started process (PID=59503) to work on /home/airflow/.local/lib/python3.12/site-packages/airflow/example_dags/example_short_circuit_operator.py
[2025-03-11T03:05:18.659+0000] {processor.py:830} INFO - Processing file /home/airflow/.local/lib/python3.12/site-packages/airflow/example_dags/example_short_circuit_operator.py for tasks to queue
[2025-03-11T03:05:18.662+0000] {logging_mixin.py:188} INFO - [2025-03-11T03:05:18.661+0000] {dagbag.py:545} INFO - Filling up the DagBag from /home/airflow/.local/lib/python3.12/site-packages/airflow/example_dags/example_short_circuit_operator.py
[2025-03-11T03:05:18.672+0000] {processor.py:840} INFO - DAG(s) 'example_short_circuit_operator' retrieved from /home/airflow/.local/lib/python3.12/site-packages/airflow/example_dags/example_short_circuit_operator.py
[2025-03-11T03:05:18.699+0000] {logging_mixin.py:188} INFO - [2025-03-11T03:05:18.698+0000] {dag.py:3096} INFO - Sync 1 DAGs
[2025-03-11T03:05:18.723+0000] {logging_mixin.py:188} INFO - [2025-03-11T03:05:18.722+0000] {dag.py:3954} INFO - Setting next_dagrun for example_short_circuit_operator to 2025-03-10 00:00:00+00:00, run_after=2025-03-11 00:00:00+00:00
[2025-03-11T03:05:18.747+0000] {processor.py:183} INFO - Processing /home/airflow/.local/lib/python3.12/site-packages/airflow/example_dags/example_short_circuit_operator.py took 0.095 seconds
[2025-03-11T03:05:48.800+0000] {processor.py:161} INFO - Started process (PID=59760) to work on /home/airflow/.local/lib/python3.12/site-packages/airflow/example_dags/example_short_circuit_operator.py
[2025-03-11T03:05:48.802+0000] {processor.py:830} INFO - Processing file /home/airflow/.local/lib/python3.12/site-packages/airflow/example_dags/example_short_circuit_operator.py for tasks to queue
[2025-03-11T03:05:48.804+0000] {logging_mixin.py:188} INFO - [2025-03-11T03:05:48.803+0000] {dagbag.py:545} INFO - Filling up the DagBag from /home/airflow/.local/lib/python3.12/site-packages/airflow/example_dags/example_short_circuit_operator.py
[2025-03-11T03:05:48.813+0000] {processor.py:840} INFO - DAG(s) 'example_short_circuit_operator' retrieved from /home/airflow/.local/lib/python3.12/site-packages/airflow/example_dags/example_short_circuit_operator.py
[2025-03-11T03:05:48.842+0000] {logging_mixin.py:188} INFO - [2025-03-11T03:05:48.842+0000] {dag.py:3096} INFO - Sync 1 DAGs
[2025-03-11T03:05:48.866+0000] {logging_mixin.py:188} INFO - [2025-03-11T03:05:48.866+0000] {dag.py:3954} INFO - Setting next_dagrun for example_short_circuit_operator to 2025-03-10 00:00:00+00:00, run_after=2025-03-11 00:00:00+00:00
[2025-03-11T03:05:48.886+0000] {processor.py:183} INFO - Processing /home/airflow/.local/lib/python3.12/site-packages/airflow/example_dags/example_short_circuit_operator.py took 0.092 seconds
[2025-03-11T03:06:18.983+0000] {processor.py:161} INFO - Started process (PID=60022) to work on /home/airflow/.local/lib/python3.12/site-packages/airflow/example_dags/example_short_circuit_operator.py
[2025-03-11T03:06:18.983+0000] {processor.py:830} INFO - Processing file /home/airflow/.local/lib/python3.12/site-packages/airflow/example_dags/example_short_circuit_operator.py for tasks to queue
[2025-03-11T03:06:18.985+0000] {logging_mixin.py:188} INFO - [2025-03-11T03:06:18.985+0000] {dagbag.py:545} INFO - Filling up the DagBag from /home/airflow/.local/lib/python3.12/site-packages/airflow/example_dags/example_short_circuit_operator.py
[2025-03-11T03:06:18.990+0000] {processor.py:840} INFO - DAG(s) 'example_short_circuit_operator' retrieved from /home/airflow/.local/lib/python3.12/site-packages/airflow/example_dags/example_short_circuit_operator.py
[2025-03-11T03:06:19.009+0000] {logging_mixin.py:188} INFO - [2025-03-11T03:06:19.009+0000] {dag.py:3096} INFO - Sync 1 DAGs
[2025-03-11T03:06:19.027+0000] {logging_mixin.py:188} INFO - [2025-03-11T03:06:19.027+0000] {dag.py:3954} INFO - Setting next_dagrun for example_short_circuit_operator to 2025-03-10 00:00:00+00:00, run_after=2025-03-11 00:00:00+00:00
[2025-03-11T03:06:19.046+0000] {processor.py:183} INFO - Processing /home/airflow/.local/lib/python3.12/site-packages/airflow/example_dags/example_short_circuit_operator.py took 0.068 seconds
[2025-03-11T03:06:49.629+0000] {processor.py:161} INFO - Started process (PID=60284) to work on /home/airflow/.local/lib/python3.12/site-packages/airflow/example_dags/example_short_circuit_operator.py
[2025-03-11T03:06:49.631+0000] {processor.py:830} INFO - Processing file /home/airflow/.local/lib/python3.12/site-packages/airflow/example_dags/example_short_circuit_operator.py for tasks to queue
[2025-03-11T03:06:49.633+0000] {logging_mixin.py:188} INFO - [2025-03-11T03:06:49.632+0000] {dagbag.py:545} INFO - Filling up the DagBag from /home/airflow/.local/lib/python3.12/site-packages/airflow/example_dags/example_short_circuit_operator.py
[2025-03-11T03:06:49.640+0000] {processor.py:840} INFO - DAG(s) 'example_short_circuit_operator' retrieved from /home/airflow/.local/lib/python3.12/site-packages/airflow/example_dags/example_short_circuit_operator.py
[2025-03-11T03:06:49.663+0000] {logging_mixin.py:188} INFO - [2025-03-11T03:06:49.663+0000] {dag.py:3096} INFO - Sync 1 DAGs
[2025-03-11T03:06:49.685+0000] {logging_mixin.py:188} INFO - [2025-03-11T03:06:49.685+0000] {dag.py:3954} INFO - Setting next_dagrun for example_short_circuit_operator to 2025-03-10 00:00:00+00:00, run_after=2025-03-11 00:00:00+00:00
[2025-03-11T03:06:49.703+0000] {processor.py:183} INFO - Processing /home/airflow/.local/lib/python3.12/site-packages/airflow/example_dags/example_short_circuit_operator.py took 0.080 seconds
[2025-03-11T03:07:20.347+0000] {processor.py:161} INFO - Started process (PID=60546) to work on /home/airflow/.local/lib/python3.12/site-packages/airflow/example_dags/example_short_circuit_operator.py
[2025-03-11T03:07:20.348+0000] {processor.py:830} INFO - Processing file /home/airflow/.local/lib/python3.12/site-packages/airflow/example_dags/example_short_circuit_operator.py for tasks to queue
[2025-03-11T03:07:20.352+0000] {logging_mixin.py:188} INFO - [2025-03-11T03:07:20.351+0000] {dagbag.py:545} INFO - Filling up the DagBag from /home/airflow/.local/lib/python3.12/site-packages/airflow/example_dags/example_short_circuit_operator.py
[2025-03-11T03:07:20.359+0000] {processor.py:840} INFO - DAG(s) 'example_short_circuit_operator' retrieved from /home/airflow/.local/lib/python3.12/site-packages/airflow/example_dags/example_short_circuit_operator.py
[2025-03-11T03:07:20.384+0000] {logging_mixin.py:188} INFO - [2025-03-11T03:07:20.383+0000] {dag.py:3096} INFO - Sync 1 DAGs
[2025-03-11T03:07:20.405+0000] {logging_mixin.py:188} INFO - [2025-03-11T03:07:20.405+0000] {dag.py:3954} INFO - Setting next_dagrun for example_short_circuit_operator to 2025-03-10 00:00:00+00:00, run_after=2025-03-11 00:00:00+00:00
[2025-03-11T03:07:20.425+0000] {processor.py:183} INFO - Processing /home/airflow/.local/lib/python3.12/site-packages/airflow/example_dags/example_short_circuit_operator.py took 0.085 seconds
[2025-03-11T03:07:50.541+0000] {processor.py:161} INFO - Started process (PID=60808) to work on /home/airflow/.local/lib/python3.12/site-packages/airflow/example_dags/example_short_circuit_operator.py
[2025-03-11T03:07:50.543+0000] {processor.py:830} INFO - Processing file /home/airflow/.local/lib/python3.12/site-packages/airflow/example_dags/example_short_circuit_operator.py for tasks to queue
[2025-03-11T03:07:50.545+0000] {logging_mixin.py:188} INFO - [2025-03-11T03:07:50.545+0000] {dagbag.py:545} INFO - Filling up the DagBag from /home/airflow/.local/lib/python3.12/site-packages/airflow/example_dags/example_short_circuit_operator.py
[2025-03-11T03:07:50.552+0000] {processor.py:840} INFO - DAG(s) 'example_short_circuit_operator' retrieved from /home/airflow/.local/lib/python3.12/site-packages/airflow/example_dags/example_short_circuit_operator.py
[2025-03-11T03:07:50.574+0000] {logging_mixin.py:188} INFO - [2025-03-11T03:07:50.574+0000] {dag.py:3096} INFO - Sync 1 DAGs
[2025-03-11T03:07:50.595+0000] {logging_mixin.py:188} INFO - [2025-03-11T03:07:50.594+0000] {dag.py:3954} INFO - Setting next_dagrun for example_short_circuit_operator to 2025-03-10 00:00:00+00:00, run_after=2025-03-11 00:00:00+00:00
[2025-03-11T03:07:50.612+0000] {processor.py:183} INFO - Processing /home/airflow/.local/lib/python3.12/site-packages/airflow/example_dags/example_short_circuit_operator.py took 0.077 seconds
[2025-03-11T03:08:21.160+0000] {processor.py:161} INFO - Started process (PID=61070) to work on /home/airflow/.local/lib/python3.12/site-packages/airflow/example_dags/example_short_circuit_operator.py
[2025-03-11T03:08:21.162+0000] {processor.py:830} INFO - Processing file /home/airflow/.local/lib/python3.12/site-packages/airflow/example_dags/example_short_circuit_operator.py for tasks to queue
[2025-03-11T03:08:21.165+0000] {logging_mixin.py:188} INFO - [2025-03-11T03:08:21.164+0000] {dagbag.py:545} INFO - Filling up the DagBag from /home/airflow/.local/lib/python3.12/site-packages/airflow/example_dags/example_short_circuit_operator.py
[2025-03-11T03:08:21.172+0000] {processor.py:840} INFO - DAG(s) 'example_short_circuit_operator' retrieved from /home/airflow/.local/lib/python3.12/site-packages/airflow/example_dags/example_short_circuit_operator.py
[2025-03-11T03:08:21.199+0000] {logging_mixin.py:188} INFO - [2025-03-11T03:08:21.198+0000] {dag.py:3096} INFO - Sync 1 DAGs
[2025-03-11T03:08:21.228+0000] {logging_mixin.py:188} INFO - [2025-03-11T03:08:21.228+0000] {dag.py:3954} INFO - Setting next_dagrun for example_short_circuit_operator to 2025-03-10 00:00:00+00:00, run_after=2025-03-11 00:00:00+00:00
[2025-03-11T03:08:21.249+0000] {processor.py:183} INFO - Processing /home/airflow/.local/lib/python3.12/site-packages/airflow/example_dags/example_short_circuit_operator.py took 0.095 seconds
[2025-03-11T03:08:51.766+0000] {processor.py:161} INFO - Started process (PID=61331) to work on /home/airflow/.local/lib/python3.12/site-packages/airflow/example_dags/example_short_circuit_operator.py
[2025-03-11T03:08:51.768+0000] {processor.py:830} INFO - Processing file /home/airflow/.local/lib/python3.12/site-packages/airflow/example_dags/example_short_circuit_operator.py for tasks to queue
[2025-03-11T03:08:51.772+0000] {logging_mixin.py:188} INFO - [2025-03-11T03:08:51.772+0000] {dagbag.py:545} INFO - Filling up the DagBag from /home/airflow/.local/lib/python3.12/site-packages/airflow/example_dags/example_short_circuit_operator.py
[2025-03-11T03:08:51.780+0000] {processor.py:840} INFO - DAG(s) 'example_short_circuit_operator' retrieved from /home/airflow/.local/lib/python3.12/site-packages/airflow/example_dags/example_short_circuit_operator.py
[2025-03-11T03:08:51.804+0000] {logging_mixin.py:188} INFO - [2025-03-11T03:08:51.804+0000] {dag.py:3096} INFO - Sync 1 DAGs
[2025-03-11T03:08:51.826+0000] {logging_mixin.py:188} INFO - [2025-03-11T03:08:51.826+0000] {dag.py:3954} INFO - Setting next_dagrun for example_short_circuit_operator to 2025-03-10 00:00:00+00:00, run_after=2025-03-11 00:00:00+00:00
[2025-03-11T03:08:51.845+0000] {processor.py:183} INFO - Processing /home/airflow/.local/lib/python3.12/site-packages/airflow/example_dags/example_short_circuit_operator.py took 0.088 seconds
[2025-03-11T03:09:22.599+0000] {processor.py:161} INFO - Started process (PID=61593) to work on /home/airflow/.local/lib/python3.12/site-packages/airflow/example_dags/example_short_circuit_operator.py
[2025-03-11T03:09:22.600+0000] {processor.py:830} INFO - Processing file /home/airflow/.local/lib/python3.12/site-packages/airflow/example_dags/example_short_circuit_operator.py for tasks to queue
[2025-03-11T03:09:22.602+0000] {logging_mixin.py:188} INFO - [2025-03-11T03:09:22.602+0000] {dagbag.py:545} INFO - Filling up the DagBag from /home/airflow/.local/lib/python3.12/site-packages/airflow/example_dags/example_short_circuit_operator.py
[2025-03-11T03:09:22.611+0000] {processor.py:840} INFO - DAG(s) 'example_short_circuit_operator' retrieved from /home/airflow/.local/lib/python3.12/site-packages/airflow/example_dags/example_short_circuit_operator.py
[2025-03-11T03:09:22.634+0000] {logging_mixin.py:188} INFO - [2025-03-11T03:09:22.634+0000] {dag.py:3096} INFO - Sync 1 DAGs
[2025-03-11T03:09:22.656+0000] {logging_mixin.py:188} INFO - [2025-03-11T03:09:22.656+0000] {dag.py:3954} INFO - Setting next_dagrun for example_short_circuit_operator to 2025-03-10 00:00:00+00:00, run_after=2025-03-11 00:00:00+00:00
[2025-03-11T03:09:22.675+0000] {processor.py:183} INFO - Processing /home/airflow/.local/lib/python3.12/site-packages/airflow/example_dags/example_short_circuit_operator.py took 0.082 seconds
[2025-03-11T03:09:53.408+0000] {processor.py:161} INFO - Started process (PID=61856) to work on /home/airflow/.local/lib/python3.12/site-packages/airflow/example_dags/example_short_circuit_operator.py
[2025-03-11T03:09:53.410+0000] {processor.py:830} INFO - Processing file /home/airflow/.local/lib/python3.12/site-packages/airflow/example_dags/example_short_circuit_operator.py for tasks to queue
[2025-03-11T03:09:53.412+0000] {logging_mixin.py:188} INFO - [2025-03-11T03:09:53.412+0000] {dagbag.py:545} INFO - Filling up the DagBag from /home/airflow/.local/lib/python3.12/site-packages/airflow/example_dags/example_short_circuit_operator.py
[2025-03-11T03:09:53.420+0000] {processor.py:840} INFO - DAG(s) 'example_short_circuit_operator' retrieved from /home/airflow/.local/lib/python3.12/site-packages/airflow/example_dags/example_short_circuit_operator.py
[2025-03-11T03:09:53.443+0000] {logging_mixin.py:188} INFO - [2025-03-11T03:09:53.443+0000] {dag.py:3096} INFO - Sync 1 DAGs
[2025-03-11T03:09:53.466+0000] {logging_mixin.py:188} INFO - [2025-03-11T03:09:53.465+0000] {dag.py:3954} INFO - Setting next_dagrun for example_short_circuit_operator to 2025-03-10 00:00:00+00:00, run_after=2025-03-11 00:00:00+00:00
[2025-03-11T03:09:53.487+0000] {processor.py:183} INFO - Processing /home/airflow/.local/lib/python3.12/site-packages/airflow/example_dags/example_short_circuit_operator.py took 0.085 seconds
[2025-03-11T03:10:24.650+0000] {processor.py:161} INFO - Started process (PID=62120) to work on /home/airflow/.local/lib/python3.12/site-packages/airflow/example_dags/example_short_circuit_operator.py
[2025-03-11T03:10:24.654+0000] {processor.py:830} INFO - Processing file /home/airflow/.local/lib/python3.12/site-packages/airflow/example_dags/example_short_circuit_operator.py for tasks to queue
[2025-03-11T03:10:24.664+0000] {logging_mixin.py:188} INFO - [2025-03-11T03:10:24.662+0000] {dagbag.py:545} INFO - Filling up the DagBag from /home/airflow/.local/lib/python3.12/site-packages/airflow/example_dags/example_short_circuit_operator.py
[2025-03-11T03:10:24.691+0000] {processor.py:840} INFO - DAG(s) 'example_short_circuit_operator' retrieved from /home/airflow/.local/lib/python3.12/site-packages/airflow/example_dags/example_short_circuit_operator.py
[2025-03-11T03:10:24.754+0000] {logging_mixin.py:188} INFO - [2025-03-11T03:10:24.754+0000] {dag.py:3096} INFO - Sync 1 DAGs
[2025-03-11T03:10:24.786+0000] {logging_mixin.py:188} INFO - [2025-03-11T03:10:24.786+0000] {dag.py:3954} INFO - Setting next_dagrun for example_short_circuit_operator to 2025-03-10 00:00:00+00:00, run_after=2025-03-11 00:00:00+00:00
[2025-03-11T03:10:24.811+0000] {processor.py:183} INFO - Processing /home/airflow/.local/lib/python3.12/site-packages/airflow/example_dags/example_short_circuit_operator.py took 0.187 seconds
[2025-03-11T03:10:55.219+0000] {processor.py:161} INFO - Started process (PID=62380) to work on /home/airflow/.local/lib/python3.12/site-packages/airflow/example_dags/example_short_circuit_operator.py
[2025-03-11T03:10:55.220+0000] {processor.py:830} INFO - Processing file /home/airflow/.local/lib/python3.12/site-packages/airflow/example_dags/example_short_circuit_operator.py for tasks to queue
[2025-03-11T03:10:55.222+0000] {logging_mixin.py:188} INFO - [2025-03-11T03:10:55.222+0000] {dagbag.py:545} INFO - Filling up the DagBag from /home/airflow/.local/lib/python3.12/site-packages/airflow/example_dags/example_short_circuit_operator.py
[2025-03-11T03:10:55.229+0000] {processor.py:840} INFO - DAG(s) 'example_short_circuit_operator' retrieved from /home/airflow/.local/lib/python3.12/site-packages/airflow/example_dags/example_short_circuit_operator.py
[2025-03-11T03:10:55.249+0000] {logging_mixin.py:188} INFO - [2025-03-11T03:10:55.249+0000] {dag.py:3096} INFO - Sync 1 DAGs
[2025-03-11T03:10:55.271+0000] {logging_mixin.py:188} INFO - [2025-03-11T03:10:55.271+0000] {dag.py:3954} INFO - Setting next_dagrun for example_short_circuit_operator to 2025-03-10 00:00:00+00:00, run_after=2025-03-11 00:00:00+00:00
[2025-03-11T03:10:55.290+0000] {processor.py:183} INFO - Processing /home/airflow/.local/lib/python3.12/site-packages/airflow/example_dags/example_short_circuit_operator.py took 0.076 seconds
[2025-03-11T03:11:26.525+0000] {processor.py:161} INFO - Started process (PID=62644) to work on /home/airflow/.local/lib/python3.12/site-packages/airflow/example_dags/example_short_circuit_operator.py
[2025-03-11T03:11:26.526+0000] {processor.py:830} INFO - Processing file /home/airflow/.local/lib/python3.12/site-packages/airflow/example_dags/example_short_circuit_operator.py for tasks to queue
[2025-03-11T03:11:26.529+0000] {logging_mixin.py:188} INFO - [2025-03-11T03:11:26.528+0000] {dagbag.py:545} INFO - Filling up the DagBag from /home/airflow/.local/lib/python3.12/site-packages/airflow/example_dags/example_short_circuit_operator.py
[2025-03-11T03:11:26.536+0000] {processor.py:840} INFO - DAG(s) 'example_short_circuit_operator' retrieved from /home/airflow/.local/lib/python3.12/site-packages/airflow/example_dags/example_short_circuit_operator.py
[2025-03-11T03:11:26.561+0000] {logging_mixin.py:188} INFO - [2025-03-11T03:11:26.561+0000] {dag.py:3096} INFO - Sync 1 DAGs
[2025-03-11T03:11:26.590+0000] {logging_mixin.py:188} INFO - [2025-03-11T03:11:26.590+0000] {dag.py:3954} INFO - Setting next_dagrun for example_short_circuit_operator to 2025-03-10 00:00:00+00:00, run_after=2025-03-11 00:00:00+00:00
[2025-03-11T03:11:26.628+0000] {processor.py:183} INFO - Processing /home/airflow/.local/lib/python3.12/site-packages/airflow/example_dags/example_short_circuit_operator.py took 0.109 seconds
[2025-03-11T03:11:57.062+0000] {processor.py:161} INFO - Started process (PID=62906) to work on /home/airflow/.local/lib/python3.12/site-packages/airflow/example_dags/example_short_circuit_operator.py
[2025-03-11T03:11:57.064+0000] {processor.py:830} INFO - Processing file /home/airflow/.local/lib/python3.12/site-packages/airflow/example_dags/example_short_circuit_operator.py for tasks to queue
[2025-03-11T03:11:57.067+0000] {logging_mixin.py:188} INFO - [2025-03-11T03:11:57.066+0000] {dagbag.py:545} INFO - Filling up the DagBag from /home/airflow/.local/lib/python3.12/site-packages/airflow/example_dags/example_short_circuit_operator.py
[2025-03-11T03:11:57.077+0000] {processor.py:840} INFO - DAG(s) 'example_short_circuit_operator' retrieved from /home/airflow/.local/lib/python3.12/site-packages/airflow/example_dags/example_short_circuit_operator.py
[2025-03-11T03:11:57.103+0000] {logging_mixin.py:188} INFO - [2025-03-11T03:11:57.102+0000] {dag.py:3096} INFO - Sync 1 DAGs
[2025-03-11T03:11:57.126+0000] {logging_mixin.py:188} INFO - [2025-03-11T03:11:57.126+0000] {dag.py:3954} INFO - Setting next_dagrun for example_short_circuit_operator to 2025-03-10 00:00:00+00:00, run_after=2025-03-11 00:00:00+00:00
[2025-03-11T03:11:57.148+0000] {processor.py:183} INFO - Processing /home/airflow/.local/lib/python3.12/site-packages/airflow/example_dags/example_short_circuit_operator.py took 0.101 seconds
[2025-03-11T03:12:27.631+0000] {processor.py:161} INFO - Started process (PID=63176) to work on /home/airflow/.local/lib/python3.12/site-packages/airflow/example_dags/example_short_circuit_operator.py
[2025-03-11T03:12:27.632+0000] {processor.py:830} INFO - Processing file /home/airflow/.local/lib/python3.12/site-packages/airflow/example_dags/example_short_circuit_operator.py for tasks to queue
[2025-03-11T03:12:27.635+0000] {logging_mixin.py:188} INFO - [2025-03-11T03:12:27.634+0000] {dagbag.py:545} INFO - Filling up the DagBag from /home/airflow/.local/lib/python3.12/site-packages/airflow/example_dags/example_short_circuit_operator.py
[2025-03-11T03:12:27.643+0000] {processor.py:840} INFO - DAG(s) 'example_short_circuit_operator' retrieved from /home/airflow/.local/lib/python3.12/site-packages/airflow/example_dags/example_short_circuit_operator.py
[2025-03-11T03:12:27.670+0000] {logging_mixin.py:188} INFO - [2025-03-11T03:12:27.669+0000] {dag.py:3096} INFO - Sync 1 DAGs
[2025-03-11T03:12:27.693+0000] {logging_mixin.py:188} INFO - [2025-03-11T03:12:27.692+0000] {dag.py:3954} INFO - Setting next_dagrun for example_short_circuit_operator to 2025-03-10 00:00:00+00:00, run_after=2025-03-11 00:00:00+00:00
[2025-03-11T03:12:27.719+0000] {processor.py:183} INFO - Processing /home/airflow/.local/lib/python3.12/site-packages/airflow/example_dags/example_short_circuit_operator.py took 0.098 seconds
[2025-03-11T03:12:58.015+0000] {processor.py:161} INFO - Started process (PID=63437) to work on /home/airflow/.local/lib/python3.12/site-packages/airflow/example_dags/example_short_circuit_operator.py
[2025-03-11T03:12:58.016+0000] {processor.py:830} INFO - Processing file /home/airflow/.local/lib/python3.12/site-packages/airflow/example_dags/example_short_circuit_operator.py for tasks to queue
[2025-03-11T03:12:58.019+0000] {logging_mixin.py:188} INFO - [2025-03-11T03:12:58.019+0000] {dagbag.py:545} INFO - Filling up the DagBag from /home/airflow/.local/lib/python3.12/site-packages/airflow/example_dags/example_short_circuit_operator.py
[2025-03-11T03:12:58.028+0000] {processor.py:840} INFO - DAG(s) 'example_short_circuit_operator' retrieved from /home/airflow/.local/lib/python3.12/site-packages/airflow/example_dags/example_short_circuit_operator.py
[2025-03-11T03:12:58.056+0000] {logging_mixin.py:188} INFO - [2025-03-11T03:12:58.055+0000] {dag.py:3096} INFO - Sync 1 DAGs
[2025-03-11T03:12:58.092+0000] {logging_mixin.py:188} INFO - [2025-03-11T03:12:58.091+0000] {dag.py:3954} INFO - Setting next_dagrun for example_short_circuit_operator to 2025-03-10 00:00:00+00:00, run_after=2025-03-11 00:00:00+00:00
[2025-03-11T03:12:58.145+0000] {processor.py:183} INFO - Processing /home/airflow/.local/lib/python3.12/site-packages/airflow/example_dags/example_short_circuit_operator.py took 0.137 seconds
[2025-03-11T03:13:28.514+0000] {processor.py:161} INFO - Started process (PID=63699) to work on /home/airflow/.local/lib/python3.12/site-packages/airflow/example_dags/example_short_circuit_operator.py
[2025-03-11T03:13:28.515+0000] {processor.py:830} INFO - Processing file /home/airflow/.local/lib/python3.12/site-packages/airflow/example_dags/example_short_circuit_operator.py for tasks to queue
[2025-03-11T03:13:28.517+0000] {logging_mixin.py:188} INFO - [2025-03-11T03:13:28.517+0000] {dagbag.py:545} INFO - Filling up the DagBag from /home/airflow/.local/lib/python3.12/site-packages/airflow/example_dags/example_short_circuit_operator.py
[2025-03-11T03:13:28.525+0000] {processor.py:840} INFO - DAG(s) 'example_short_circuit_operator' retrieved from /home/airflow/.local/lib/python3.12/site-packages/airflow/example_dags/example_short_circuit_operator.py
[2025-03-11T03:13:28.551+0000] {logging_mixin.py:188} INFO - [2025-03-11T03:13:28.551+0000] {dag.py:3096} INFO - Sync 1 DAGs
[2025-03-11T03:13:28.574+0000] {logging_mixin.py:188} INFO - [2025-03-11T03:13:28.574+0000] {dag.py:3954} INFO - Setting next_dagrun for example_short_circuit_operator to 2025-03-10 00:00:00+00:00, run_after=2025-03-11 00:00:00+00:00
[2025-03-11T03:13:28.598+0000] {processor.py:183} INFO - Processing /home/airflow/.local/lib/python3.12/site-packages/airflow/example_dags/example_short_circuit_operator.py took 0.091 seconds
[2025-03-11T03:14:00.627+0000] {processor.py:161} INFO - Started process (PID=63961) to work on /home/airflow/.local/lib/python3.12/site-packages/airflow/example_dags/example_short_circuit_operator.py
[2025-03-11T03:14:00.629+0000] {processor.py:830} INFO - Processing file /home/airflow/.local/lib/python3.12/site-packages/airflow/example_dags/example_short_circuit_operator.py for tasks to queue
[2025-03-11T03:14:00.633+0000] {logging_mixin.py:188} INFO - [2025-03-11T03:14:00.632+0000] {dagbag.py:545} INFO - Filling up the DagBag from /home/airflow/.local/lib/python3.12/site-packages/airflow/example_dags/example_short_circuit_operator.py
[2025-03-11T03:14:00.642+0000] {processor.py:840} INFO - DAG(s) 'example_short_circuit_operator' retrieved from /home/airflow/.local/lib/python3.12/site-packages/airflow/example_dags/example_short_circuit_operator.py
[2025-03-11T03:14:00.665+0000] {logging_mixin.py:188} INFO - [2025-03-11T03:14:00.665+0000] {dag.py:3096} INFO - Sync 1 DAGs
[2025-03-11T03:14:00.699+0000] {logging_mixin.py:188} INFO - [2025-03-11T03:14:00.698+0000] {dag.py:3954} INFO - Setting next_dagrun for example_short_circuit_operator to 2025-03-10 00:00:00+00:00, run_after=2025-03-11 00:00:00+00:00
[2025-03-11T03:14:00.746+0000] {processor.py:183} INFO - Processing /home/airflow/.local/lib/python3.12/site-packages/airflow/example_dags/example_short_circuit_operator.py took 0.125 seconds
[2025-03-11T03:14:31.663+0000] {processor.py:161} INFO - Started process (PID=64223) to work on /home/airflow/.local/lib/python3.12/site-packages/airflow/example_dags/example_short_circuit_operator.py
[2025-03-11T03:14:31.664+0000] {processor.py:830} INFO - Processing file /home/airflow/.local/lib/python3.12/site-packages/airflow/example_dags/example_short_circuit_operator.py for tasks to queue
[2025-03-11T03:14:31.666+0000] {logging_mixin.py:188} INFO - [2025-03-11T03:14:31.666+0000] {dagbag.py:545} INFO - Filling up the DagBag from /home/airflow/.local/lib/python3.12/site-packages/airflow/example_dags/example_short_circuit_operator.py
[2025-03-11T03:14:31.675+0000] {processor.py:840} INFO - DAG(s) 'example_short_circuit_operator' retrieved from /home/airflow/.local/lib/python3.12/site-packages/airflow/example_dags/example_short_circuit_operator.py
[2025-03-11T03:14:31.703+0000] {logging_mixin.py:188} INFO - [2025-03-11T03:14:31.703+0000] {dag.py:3096} INFO - Sync 1 DAGs
[2025-03-11T03:14:31.730+0000] {logging_mixin.py:188} INFO - [2025-03-11T03:14:31.730+0000] {dag.py:3954} INFO - Setting next_dagrun for example_short_circuit_operator to 2025-03-10 00:00:00+00:00, run_after=2025-03-11 00:00:00+00:00
[2025-03-11T03:14:31.752+0000] {processor.py:183} INFO - Processing /home/airflow/.local/lib/python3.12/site-packages/airflow/example_dags/example_short_circuit_operator.py took 0.096 seconds
[2025-03-11T03:15:04.833+0000] {processor.py:161} INFO - Started process (PID=64485) to work on /home/airflow/.local/lib/python3.12/site-packages/airflow/example_dags/example_short_circuit_operator.py
[2025-03-11T03:15:04.834+0000] {processor.py:830} INFO - Processing file /home/airflow/.local/lib/python3.12/site-packages/airflow/example_dags/example_short_circuit_operator.py for tasks to queue
[2025-03-11T03:15:04.838+0000] {logging_mixin.py:188} INFO - [2025-03-11T03:15:04.836+0000] {dagbag.py:545} INFO - Filling up the DagBag from /home/airflow/.local/lib/python3.12/site-packages/airflow/example_dags/example_short_circuit_operator.py
[2025-03-11T03:15:04.847+0000] {processor.py:840} INFO - DAG(s) 'example_short_circuit_operator' retrieved from /home/airflow/.local/lib/python3.12/site-packages/airflow/example_dags/example_short_circuit_operator.py
[2025-03-11T03:15:04.876+0000] {logging_mixin.py:188} INFO - [2025-03-11T03:15:04.875+0000] {dag.py:3096} INFO - Sync 1 DAGs
[2025-03-11T03:15:04.902+0000] {logging_mixin.py:188} INFO - [2025-03-11T03:15:04.902+0000] {dag.py:3954} INFO - Setting next_dagrun for example_short_circuit_operator to 2025-03-10 00:00:00+00:00, run_after=2025-03-11 00:00:00+00:00
[2025-03-11T03:15:04.931+0000] {processor.py:183} INFO - Processing /home/airflow/.local/lib/python3.12/site-packages/airflow/example_dags/example_short_circuit_operator.py took 0.106 seconds
[2025-03-11T03:15:38.389+0000] {processor.py:161} INFO - Started process (PID=64749) to work on /home/airflow/.local/lib/python3.12/site-packages/airflow/example_dags/example_short_circuit_operator.py
[2025-03-11T03:15:38.390+0000] {processor.py:830} INFO - Processing file /home/airflow/.local/lib/python3.12/site-packages/airflow/example_dags/example_short_circuit_operator.py for tasks to queue
[2025-03-11T03:15:38.393+0000] {logging_mixin.py:188} INFO - [2025-03-11T03:15:38.393+0000] {dagbag.py:545} INFO - Filling up the DagBag from /home/airflow/.local/lib/python3.12/site-packages/airflow/example_dags/example_short_circuit_operator.py
[2025-03-11T03:15:38.407+0000] {processor.py:840} INFO - DAG(s) 'example_short_circuit_operator' retrieved from /home/airflow/.local/lib/python3.12/site-packages/airflow/example_dags/example_short_circuit_operator.py
[2025-03-11T03:15:38.445+0000] {logging_mixin.py:188} INFO - [2025-03-11T03:15:38.444+0000] {dag.py:3096} INFO - Sync 1 DAGs
[2025-03-11T03:15:38.592+0000] {logging_mixin.py:188} INFO - [2025-03-11T03:15:38.591+0000] {dag.py:3954} INFO - Setting next_dagrun for example_short_circuit_operator to 2025-03-10 00:00:00+00:00, run_after=2025-03-11 00:00:00+00:00
[2025-03-11T03:15:38.621+0000] {processor.py:183} INFO - Processing /home/airflow/.local/lib/python3.12/site-packages/airflow/example_dags/example_short_circuit_operator.py took 0.239 seconds
[2025-03-11T03:16:08.708+0000] {processor.py:161} INFO - Started process (PID=65009) to work on /home/airflow/.local/lib/python3.12/site-packages/airflow/example_dags/example_short_circuit_operator.py
[2025-03-11T03:16:08.709+0000] {processor.py:830} INFO - Processing file /home/airflow/.local/lib/python3.12/site-packages/airflow/example_dags/example_short_circuit_operator.py for tasks to queue
[2025-03-11T03:16:08.711+0000] {logging_mixin.py:188} INFO - [2025-03-11T03:16:08.711+0000] {dagbag.py:545} INFO - Filling up the DagBag from /home/airflow/.local/lib/python3.12/site-packages/airflow/example_dags/example_short_circuit_operator.py
[2025-03-11T03:16:08.721+0000] {processor.py:840} INFO - DAG(s) 'example_short_circuit_operator' retrieved from /home/airflow/.local/lib/python3.12/site-packages/airflow/example_dags/example_short_circuit_operator.py
[2025-03-11T03:16:08.748+0000] {logging_mixin.py:188} INFO - [2025-03-11T03:16:08.748+0000] {dag.py:3096} INFO - Sync 1 DAGs
[2025-03-11T03:16:08.784+0000] {logging_mixin.py:188} INFO - [2025-03-11T03:16:08.784+0000] {dag.py:3954} INFO - Setting next_dagrun for example_short_circuit_operator to 2025-03-10 00:00:00+00:00, run_after=2025-03-11 00:00:00+00:00
[2025-03-11T03:16:08.811+0000] {processor.py:183} INFO - Processing /home/airflow/.local/lib/python3.12/site-packages/airflow/example_dags/example_short_circuit_operator.py took 0.110 seconds
[2025-03-11T03:16:42.784+0000] {processor.py:161} INFO - Started process (PID=65271) to work on /home/airflow/.local/lib/python3.12/site-packages/airflow/example_dags/example_short_circuit_operator.py
[2025-03-11T03:16:42.785+0000] {processor.py:830} INFO - Processing file /home/airflow/.local/lib/python3.12/site-packages/airflow/example_dags/example_short_circuit_operator.py for tasks to queue
[2025-03-11T03:16:42.787+0000] {logging_mixin.py:188} INFO - [2025-03-11T03:16:42.787+0000] {dagbag.py:545} INFO - Filling up the DagBag from /home/airflow/.local/lib/python3.12/site-packages/airflow/example_dags/example_short_circuit_operator.py
[2025-03-11T03:16:42.794+0000] {processor.py:840} INFO - DAG(s) 'example_short_circuit_operator' retrieved from /home/airflow/.local/lib/python3.12/site-packages/airflow/example_dags/example_short_circuit_operator.py
[2025-03-11T03:16:42.818+0000] {logging_mixin.py:188} INFO - [2025-03-11T03:16:42.818+0000] {dag.py:3096} INFO - Sync 1 DAGs
[2025-03-11T03:16:42.841+0000] {logging_mixin.py:188} INFO - [2025-03-11T03:16:42.841+0000] {dag.py:3954} INFO - Setting next_dagrun for example_short_circuit_operator to 2025-03-10 00:00:00+00:00, run_after=2025-03-11 00:00:00+00:00
[2025-03-11T03:16:42.859+0000] {processor.py:183} INFO - Processing /home/airflow/.local/lib/python3.12/site-packages/airflow/example_dags/example_short_circuit_operator.py took 0.081 seconds
[2025-03-11T03:17:13.912+0000] {processor.py:161} INFO - Started process (PID=65533) to work on /home/airflow/.local/lib/python3.12/site-packages/airflow/example_dags/example_short_circuit_operator.py
[2025-03-11T03:17:13.913+0000] {processor.py:830} INFO - Processing file /home/airflow/.local/lib/python3.12/site-packages/airflow/example_dags/example_short_circuit_operator.py for tasks to queue
[2025-03-11T03:17:13.915+0000] {logging_mixin.py:188} INFO - [2025-03-11T03:17:13.915+0000] {dagbag.py:545} INFO - Filling up the DagBag from /home/airflow/.local/lib/python3.12/site-packages/airflow/example_dags/example_short_circuit_operator.py
[2025-03-11T03:17:13.922+0000] {processor.py:840} INFO - DAG(s) 'example_short_circuit_operator' retrieved from /home/airflow/.local/lib/python3.12/site-packages/airflow/example_dags/example_short_circuit_operator.py
[2025-03-11T03:17:13.948+0000] {logging_mixin.py:188} INFO - [2025-03-11T03:17:13.948+0000] {dag.py:3096} INFO - Sync 1 DAGs
[2025-03-11T03:17:14.089+0000] {logging_mixin.py:188} INFO - [2025-03-11T03:17:14.089+0000] {dag.py:3954} INFO - Setting next_dagrun for example_short_circuit_operator to 2025-03-10 00:00:00+00:00, run_after=2025-03-11 00:00:00+00:00
[2025-03-11T03:17:14.108+0000] {processor.py:183} INFO - Processing /home/airflow/.local/lib/python3.12/site-packages/airflow/example_dags/example_short_circuit_operator.py took 0.202 seconds
[2025-03-11T03:17:45.271+0000] {processor.py:161} INFO - Started process (PID=65795) to work on /home/airflow/.local/lib/python3.12/site-packages/airflow/example_dags/example_short_circuit_operator.py
[2025-03-11T03:17:45.272+0000] {processor.py:830} INFO - Processing file /home/airflow/.local/lib/python3.12/site-packages/airflow/example_dags/example_short_circuit_operator.py for tasks to queue
[2025-03-11T03:17:45.275+0000] {logging_mixin.py:188} INFO - [2025-03-11T03:17:45.274+0000] {dagbag.py:545} INFO - Filling up the DagBag from /home/airflow/.local/lib/python3.12/site-packages/airflow/example_dags/example_short_circuit_operator.py
[2025-03-11T03:17:45.284+0000] {processor.py:840} INFO - DAG(s) 'example_short_circuit_operator' retrieved from /home/airflow/.local/lib/python3.12/site-packages/airflow/example_dags/example_short_circuit_operator.py
[2025-03-11T03:17:45.313+0000] {logging_mixin.py:188} INFO - [2025-03-11T03:17:45.313+0000] {dag.py:3096} INFO - Sync 1 DAGs
[2025-03-11T03:17:45.341+0000] {logging_mixin.py:188} INFO - [2025-03-11T03:17:45.341+0000] {dag.py:3954} INFO - Setting next_dagrun for example_short_circuit_operator to 2025-03-10 00:00:00+00:00, run_after=2025-03-11 00:00:00+00:00
[2025-03-11T03:17:45.370+0000] {processor.py:183} INFO - Processing /home/airflow/.local/lib/python3.12/site-packages/airflow/example_dags/example_short_circuit_operator.py took 0.106 seconds
[2025-03-11T03:18:19.398+0000] {processor.py:161} INFO - Started process (PID=66057) to work on /home/airflow/.local/lib/python3.12/site-packages/airflow/example_dags/example_short_circuit_operator.py
[2025-03-11T03:18:19.400+0000] {processor.py:830} INFO - Processing file /home/airflow/.local/lib/python3.12/site-packages/airflow/example_dags/example_short_circuit_operator.py for tasks to queue
[2025-03-11T03:18:19.403+0000] {logging_mixin.py:188} INFO - [2025-03-11T03:18:19.402+0000] {dagbag.py:545} INFO - Filling up the DagBag from /home/airflow/.local/lib/python3.12/site-packages/airflow/example_dags/example_short_circuit_operator.py
[2025-03-11T03:18:19.412+0000] {processor.py:840} INFO - DAG(s) 'example_short_circuit_operator' retrieved from /home/airflow/.local/lib/python3.12/site-packages/airflow/example_dags/example_short_circuit_operator.py
[2025-03-11T03:18:19.584+0000] {logging_mixin.py:188} INFO - [2025-03-11T03:18:19.584+0000] {dag.py:3096} INFO - Sync 1 DAGs
[2025-03-11T03:18:19.608+0000] {logging_mixin.py:188} INFO - [2025-03-11T03:18:19.608+0000] {dag.py:3954} INFO - Setting next_dagrun for example_short_circuit_operator to 2025-03-10 00:00:00+00:00, run_after=2025-03-11 00:00:00+00:00
[2025-03-11T03:18:19.631+0000] {processor.py:183} INFO - Processing /home/airflow/.local/lib/python3.12/site-packages/airflow/example_dags/example_short_circuit_operator.py took 0.242 seconds
[2025-03-11T03:18:50.045+0000] {processor.py:161} INFO - Started process (PID=66321) to work on /home/airflow/.local/lib/python3.12/site-packages/airflow/example_dags/example_short_circuit_operator.py
[2025-03-11T03:18:50.047+0000] {processor.py:830} INFO - Processing file /home/airflow/.local/lib/python3.12/site-packages/airflow/example_dags/example_short_circuit_operator.py for tasks to queue
[2025-03-11T03:18:50.050+0000] {logging_mixin.py:188} INFO - [2025-03-11T03:18:50.050+0000] {dagbag.py:545} INFO - Filling up the DagBag from /home/airflow/.local/lib/python3.12/site-packages/airflow/example_dags/example_short_circuit_operator.py
[2025-03-11T03:18:50.060+0000] {processor.py:840} INFO - DAG(s) 'example_short_circuit_operator' retrieved from /home/airflow/.local/lib/python3.12/site-packages/airflow/example_dags/example_short_circuit_operator.py
[2025-03-11T03:18:50.090+0000] {logging_mixin.py:188} INFO - [2025-03-11T03:18:50.090+0000] {dag.py:3096} INFO - Sync 1 DAGs
[2025-03-11T03:18:50.116+0000] {logging_mixin.py:188} INFO - [2025-03-11T03:18:50.115+0000] {dag.py:3954} INFO - Setting next_dagrun for example_short_circuit_operator to 2025-03-10 00:00:00+00:00, run_after=2025-03-11 00:00:00+00:00
[2025-03-11T03:18:50.138+0000] {processor.py:183} INFO - Processing /home/airflow/.local/lib/python3.12/site-packages/airflow/example_dags/example_short_circuit_operator.py took 0.101 seconds
[2025-03-11T03:19:21.975+0000] {processor.py:161} INFO - Started process (PID=66581) to work on /home/airflow/.local/lib/python3.12/site-packages/airflow/example_dags/example_short_circuit_operator.py
[2025-03-11T03:19:21.976+0000] {processor.py:830} INFO - Processing file /home/airflow/.local/lib/python3.12/site-packages/airflow/example_dags/example_short_circuit_operator.py for tasks to queue
[2025-03-11T03:19:21.978+0000] {logging_mixin.py:188} INFO - [2025-03-11T03:19:21.978+0000] {dagbag.py:545} INFO - Filling up the DagBag from /home/airflow/.local/lib/python3.12/site-packages/airflow/example_dags/example_short_circuit_operator.py
[2025-03-11T03:19:21.986+0000] {processor.py:840} INFO - DAG(s) 'example_short_circuit_operator' retrieved from /home/airflow/.local/lib/python3.12/site-packages/airflow/example_dags/example_short_circuit_operator.py
[2025-03-11T03:19:22.012+0000] {logging_mixin.py:188} INFO - [2025-03-11T03:19:22.012+0000] {dag.py:3096} INFO - Sync 1 DAGs
[2025-03-11T03:19:22.036+0000] {logging_mixin.py:188} INFO - [2025-03-11T03:19:22.036+0000] {dag.py:3954} INFO - Setting next_dagrun for example_short_circuit_operator to 2025-03-10 00:00:00+00:00, run_after=2025-03-11 00:00:00+00:00
[2025-03-11T03:19:22.062+0000] {processor.py:183} INFO - Processing /home/airflow/.local/lib/python3.12/site-packages/airflow/example_dags/example_short_circuit_operator.py took 0.093 seconds
[2025-03-11T03:19:53.285+0000] {processor.py:161} INFO - Started process (PID=66845) to work on /home/airflow/.local/lib/python3.12/site-packages/airflow/example_dags/example_short_circuit_operator.py
[2025-03-11T03:19:53.287+0000] {processor.py:830} INFO - Processing file /home/airflow/.local/lib/python3.12/site-packages/airflow/example_dags/example_short_circuit_operator.py for tasks to queue
[2025-03-11T03:19:53.290+0000] {logging_mixin.py:188} INFO - [2025-03-11T03:19:53.290+0000] {dagbag.py:545} INFO - Filling up the DagBag from /home/airflow/.local/lib/python3.12/site-packages/airflow/example_dags/example_short_circuit_operator.py
[2025-03-11T03:19:53.300+0000] {processor.py:840} INFO - DAG(s) 'example_short_circuit_operator' retrieved from /home/airflow/.local/lib/python3.12/site-packages/airflow/example_dags/example_short_circuit_operator.py
[2025-03-11T03:19:53.325+0000] {logging_mixin.py:188} INFO - [2025-03-11T03:19:53.325+0000] {dag.py:3096} INFO - Sync 1 DAGs
[2025-03-11T03:19:53.350+0000] {logging_mixin.py:188} INFO - [2025-03-11T03:19:53.349+0000] {dag.py:3954} INFO - Setting next_dagrun for example_short_circuit_operator to 2025-03-10 00:00:00+00:00, run_after=2025-03-11 00:00:00+00:00
[2025-03-11T03:19:53.376+0000] {processor.py:183} INFO - Processing /home/airflow/.local/lib/python3.12/site-packages/airflow/example_dags/example_short_circuit_operator.py took 0.102 seconds
[2025-03-11T03:20:26.338+0000] {processor.py:161} INFO - Started process (PID=67109) to work on /home/airflow/.local/lib/python3.12/site-packages/airflow/example_dags/example_short_circuit_operator.py
[2025-03-11T03:20:26.339+0000] {processor.py:830} INFO - Processing file /home/airflow/.local/lib/python3.12/site-packages/airflow/example_dags/example_short_circuit_operator.py for tasks to queue
[2025-03-11T03:20:26.342+0000] {logging_mixin.py:188} INFO - [2025-03-11T03:20:26.341+0000] {dagbag.py:545} INFO - Filling up the DagBag from /home/airflow/.local/lib/python3.12/site-packages/airflow/example_dags/example_short_circuit_operator.py
[2025-03-11T03:20:26.356+0000] {processor.py:840} INFO - DAG(s) 'example_short_circuit_operator' retrieved from /home/airflow/.local/lib/python3.12/site-packages/airflow/example_dags/example_short_circuit_operator.py
[2025-03-11T03:20:26.391+0000] {logging_mixin.py:188} INFO - [2025-03-11T03:20:26.391+0000] {dag.py:3096} INFO - Sync 1 DAGs
[2025-03-11T03:20:26.418+0000] {logging_mixin.py:188} INFO - [2025-03-11T03:20:26.418+0000] {dag.py:3954} INFO - Setting next_dagrun for example_short_circuit_operator to 2025-03-10 00:00:00+00:00, run_after=2025-03-11 00:00:00+00:00
[2025-03-11T03:20:26.443+0000] {processor.py:183} INFO - Processing /home/airflow/.local/lib/python3.12/site-packages/airflow/example_dags/example_short_circuit_operator.py took 0.114 seconds
[2025-03-11T03:20:57.481+0000] {processor.py:161} INFO - Started process (PID=67371) to work on /home/airflow/.local/lib/python3.12/site-packages/airflow/example_dags/example_short_circuit_operator.py
[2025-03-11T03:20:57.482+0000] {processor.py:830} INFO - Processing file /home/airflow/.local/lib/python3.12/site-packages/airflow/example_dags/example_short_circuit_operator.py for tasks to queue
[2025-03-11T03:20:57.485+0000] {logging_mixin.py:188} INFO - [2025-03-11T03:20:57.484+0000] {dagbag.py:545} INFO - Filling up the DagBag from /home/airflow/.local/lib/python3.12/site-packages/airflow/example_dags/example_short_circuit_operator.py
[2025-03-11T03:20:57.494+0000] {processor.py:840} INFO - DAG(s) 'example_short_circuit_operator' retrieved from /home/airflow/.local/lib/python3.12/site-packages/airflow/example_dags/example_short_circuit_operator.py
[2025-03-11T03:20:57.518+0000] {logging_mixin.py:188} INFO - [2025-03-11T03:20:57.518+0000] {dag.py:3096} INFO - Sync 1 DAGs
[2025-03-11T03:20:57.541+0000] {logging_mixin.py:188} INFO - [2025-03-11T03:20:57.540+0000] {dag.py:3954} INFO - Setting next_dagrun for example_short_circuit_operator to 2025-03-10 00:00:00+00:00, run_after=2025-03-11 00:00:00+00:00
[2025-03-11T03:20:57.560+0000] {processor.py:183} INFO - Processing /home/airflow/.local/lib/python3.12/site-packages/airflow/example_dags/example_short_circuit_operator.py took 0.087 seconds
[2025-03-11T03:21:31.027+0000] {processor.py:161} INFO - Started process (PID=67635) to work on /home/airflow/.local/lib/python3.12/site-packages/airflow/example_dags/example_short_circuit_operator.py
[2025-03-11T03:21:31.030+0000] {processor.py:830} INFO - Processing file /home/airflow/.local/lib/python3.12/site-packages/airflow/example_dags/example_short_circuit_operator.py for tasks to queue
[2025-03-11T03:21:31.036+0000] {logging_mixin.py:188} INFO - [2025-03-11T03:21:31.035+0000] {dagbag.py:545} INFO - Filling up the DagBag from /home/airflow/.local/lib/python3.12/site-packages/airflow/example_dags/example_short_circuit_operator.py
[2025-03-11T03:21:31.050+0000] {processor.py:840} INFO - DAG(s) 'example_short_circuit_operator' retrieved from /home/airflow/.local/lib/python3.12/site-packages/airflow/example_dags/example_short_circuit_operator.py
[2025-03-11T03:21:31.087+0000] {logging_mixin.py:188} INFO - [2025-03-11T03:21:31.087+0000] {dag.py:3096} INFO - Sync 1 DAGs
[2025-03-11T03:21:31.107+0000] {logging_mixin.py:188} INFO - [2025-03-11T03:21:31.106+0000] {dag.py:3954} INFO - Setting next_dagrun for example_short_circuit_operator to 2025-03-10 00:00:00+00:00, run_after=2025-03-11 00:00:00+00:00
[2025-03-11T03:21:31.125+0000] {processor.py:183} INFO - Processing /home/airflow/.local/lib/python3.12/site-packages/airflow/example_dags/example_short_circuit_operator.py took 0.112 seconds
[2025-03-11T03:22:02.537+0000] {processor.py:161} INFO - Started process (PID=67895) to work on /home/airflow/.local/lib/python3.12/site-packages/airflow/example_dags/example_short_circuit_operator.py
[2025-03-11T03:22:02.539+0000] {processor.py:830} INFO - Processing file /home/airflow/.local/lib/python3.12/site-packages/airflow/example_dags/example_short_circuit_operator.py for tasks to queue
[2025-03-11T03:22:02.541+0000] {logging_mixin.py:188} INFO - [2025-03-11T03:22:02.541+0000] {dagbag.py:545} INFO - Filling up the DagBag from /home/airflow/.local/lib/python3.12/site-packages/airflow/example_dags/example_short_circuit_operator.py
[2025-03-11T03:22:02.550+0000] {processor.py:840} INFO - DAG(s) 'example_short_circuit_operator' retrieved from /home/airflow/.local/lib/python3.12/site-packages/airflow/example_dags/example_short_circuit_operator.py
[2025-03-11T03:22:02.577+0000] {logging_mixin.py:188} INFO - [2025-03-11T03:22:02.577+0000] {dag.py:3096} INFO - Sync 1 DAGs
[2025-03-11T03:22:02.602+0000] {logging_mixin.py:188} INFO - [2025-03-11T03:22:02.602+0000] {dag.py:3954} INFO - Setting next_dagrun for example_short_circuit_operator to 2025-03-10 00:00:00+00:00, run_after=2025-03-11 00:00:00+00:00
[2025-03-11T03:22:02.625+0000] {processor.py:183} INFO - Processing /home/airflow/.local/lib/python3.12/site-packages/airflow/example_dags/example_short_circuit_operator.py took 0.094 seconds
[2025-03-11T03:22:35.679+0000] {processor.py:161} INFO - Started process (PID=68169) to work on /home/airflow/.local/lib/python3.12/site-packages/airflow/example_dags/example_short_circuit_operator.py
[2025-03-11T03:22:35.680+0000] {processor.py:830} INFO - Processing file /home/airflow/.local/lib/python3.12/site-packages/airflow/example_dags/example_short_circuit_operator.py for tasks to queue
[2025-03-11T03:22:35.684+0000] {logging_mixin.py:188} INFO - [2025-03-11T03:22:35.683+0000] {dagbag.py:545} INFO - Filling up the DagBag from /home/airflow/.local/lib/python3.12/site-packages/airflow/example_dags/example_short_circuit_operator.py
[2025-03-11T03:22:35.691+0000] {processor.py:840} INFO - DAG(s) 'example_short_circuit_operator' retrieved from /home/airflow/.local/lib/python3.12/site-packages/airflow/example_dags/example_short_circuit_operator.py
[2025-03-11T03:22:35.712+0000] {logging_mixin.py:188} INFO - [2025-03-11T03:22:35.712+0000] {dag.py:3096} INFO - Sync 1 DAGs
[2025-03-11T03:22:35.733+0000] {logging_mixin.py:188} INFO - [2025-03-11T03:22:35.733+0000] {dag.py:3954} INFO - Setting next_dagrun for example_short_circuit_operator to 2025-03-10 00:00:00+00:00, run_after=2025-03-11 00:00:00+00:00
[2025-03-11T03:22:35.752+0000] {processor.py:183} INFO - Processing /home/airflow/.local/lib/python3.12/site-packages/airflow/example_dags/example_short_circuit_operator.py took 0.079 seconds
[2025-03-11T03:23:07.636+0000] {processor.py:161} INFO - Started process (PID=68429) to work on /home/airflow/.local/lib/python3.12/site-packages/airflow/example_dags/example_short_circuit_operator.py
[2025-03-11T03:23:07.637+0000] {processor.py:830} INFO - Processing file /home/airflow/.local/lib/python3.12/site-packages/airflow/example_dags/example_short_circuit_operator.py for tasks to queue
[2025-03-11T03:23:07.640+0000] {logging_mixin.py:188} INFO - [2025-03-11T03:23:07.640+0000] {dagbag.py:545} INFO - Filling up the DagBag from /home/airflow/.local/lib/python3.12/site-packages/airflow/example_dags/example_short_circuit_operator.py
[2025-03-11T03:23:07.648+0000] {processor.py:840} INFO - DAG(s) 'example_short_circuit_operator' retrieved from /home/airflow/.local/lib/python3.12/site-packages/airflow/example_dags/example_short_circuit_operator.py
[2025-03-11T03:23:07.670+0000] {logging_mixin.py:188} INFO - [2025-03-11T03:23:07.670+0000] {dag.py:3096} INFO - Sync 1 DAGs
[2025-03-11T03:23:07.695+0000] {logging_mixin.py:188} INFO - [2025-03-11T03:23:07.694+0000] {dag.py:3954} INFO - Setting next_dagrun for example_short_circuit_operator to 2025-03-10 00:00:00+00:00, run_after=2025-03-11 00:00:00+00:00
[2025-03-11T03:23:07.717+0000] {processor.py:183} INFO - Processing /home/airflow/.local/lib/python3.12/site-packages/airflow/example_dags/example_short_circuit_operator.py took 0.086 seconds
[2025-03-11T03:23:38.737+0000] {processor.py:161} INFO - Started process (PID=68691) to work on /home/airflow/.local/lib/python3.12/site-packages/airflow/example_dags/example_short_circuit_operator.py
[2025-03-11T03:23:38.739+0000] {processor.py:830} INFO - Processing file /home/airflow/.local/lib/python3.12/site-packages/airflow/example_dags/example_short_circuit_operator.py for tasks to queue
[2025-03-11T03:23:38.741+0000] {logging_mixin.py:188} INFO - [2025-03-11T03:23:38.741+0000] {dagbag.py:545} INFO - Filling up the DagBag from /home/airflow/.local/lib/python3.12/site-packages/airflow/example_dags/example_short_circuit_operator.py
[2025-03-11T03:23:38.749+0000] {processor.py:840} INFO - DAG(s) 'example_short_circuit_operator' retrieved from /home/airflow/.local/lib/python3.12/site-packages/airflow/example_dags/example_short_circuit_operator.py
[2025-03-11T03:23:38.772+0000] {logging_mixin.py:188} INFO - [2025-03-11T03:23:38.772+0000] {dag.py:3096} INFO - Sync 1 DAGs
[2025-03-11T03:23:38.795+0000] {logging_mixin.py:188} INFO - [2025-03-11T03:23:38.795+0000] {dag.py:3954} INFO - Setting next_dagrun for example_short_circuit_operator to 2025-03-10 00:00:00+00:00, run_after=2025-03-11 00:00:00+00:00
[2025-03-11T03:23:38.822+0000] {processor.py:183} INFO - Processing /home/airflow/.local/lib/python3.12/site-packages/airflow/example_dags/example_short_circuit_operator.py took 0.092 seconds
[2025-03-11T03:24:11.878+0000] {processor.py:161} INFO - Started process (PID=68953) to work on /home/airflow/.local/lib/python3.12/site-packages/airflow/example_dags/example_short_circuit_operator.py
[2025-03-11T03:24:11.883+0000] {processor.py:830} INFO - Processing file /home/airflow/.local/lib/python3.12/site-packages/airflow/example_dags/example_short_circuit_operator.py for tasks to queue
[2025-03-11T03:24:11.893+0000] {logging_mixin.py:188} INFO - [2025-03-11T03:24:11.891+0000] {dagbag.py:545} INFO - Filling up the DagBag from /home/airflow/.local/lib/python3.12/site-packages/airflow/example_dags/example_short_circuit_operator.py
[2025-03-11T03:24:11.908+0000] {processor.py:840} INFO - DAG(s) 'example_short_circuit_operator' retrieved from /home/airflow/.local/lib/python3.12/site-packages/airflow/example_dags/example_short_circuit_operator.py
[2025-03-11T03:24:11.936+0000] {logging_mixin.py:188} INFO - [2025-03-11T03:24:11.936+0000] {dag.py:3096} INFO - Sync 1 DAGs
[2025-03-11T03:24:11.958+0000] {logging_mixin.py:188} INFO - [2025-03-11T03:24:11.958+0000] {dag.py:3954} INFO - Setting next_dagrun for example_short_circuit_operator to 2025-03-10 00:00:00+00:00, run_after=2025-03-11 00:00:00+00:00
[2025-03-11T03:24:11.978+0000] {processor.py:183} INFO - Processing /home/airflow/.local/lib/python3.12/site-packages/airflow/example_dags/example_short_circuit_operator.py took 0.115 seconds
[2025-03-11T03:24:43.825+0000] {processor.py:161} INFO - Started process (PID=69215) to work on /home/airflow/.local/lib/python3.12/site-packages/airflow/example_dags/example_short_circuit_operator.py
[2025-03-11T03:24:43.827+0000] {processor.py:830} INFO - Processing file /home/airflow/.local/lib/python3.12/site-packages/airflow/example_dags/example_short_circuit_operator.py for tasks to queue
[2025-03-11T03:24:43.829+0000] {logging_mixin.py:188} INFO - [2025-03-11T03:24:43.829+0000] {dagbag.py:545} INFO - Filling up the DagBag from /home/airflow/.local/lib/python3.12/site-packages/airflow/example_dags/example_short_circuit_operator.py
[2025-03-11T03:24:43.837+0000] {processor.py:840} INFO - DAG(s) 'example_short_circuit_operator' retrieved from /home/airflow/.local/lib/python3.12/site-packages/airflow/example_dags/example_short_circuit_operator.py
[2025-03-11T03:24:43.859+0000] {logging_mixin.py:188} INFO - [2025-03-11T03:24:43.859+0000] {dag.py:3096} INFO - Sync 1 DAGs
[2025-03-11T03:24:43.881+0000] {logging_mixin.py:188} INFO - [2025-03-11T03:24:43.881+0000] {dag.py:3954} INFO - Setting next_dagrun for example_short_circuit_operator to 2025-03-10 00:00:00+00:00, run_after=2025-03-11 00:00:00+00:00
[2025-03-11T03:24:43.904+0000] {processor.py:183} INFO - Processing /home/airflow/.local/lib/python3.12/site-packages/airflow/example_dags/example_short_circuit_operator.py took 0.085 seconds
[2025-03-11T03:25:15.530+0000] {processor.py:161} INFO - Started process (PID=69479) to work on /home/airflow/.local/lib/python3.12/site-packages/airflow/example_dags/example_short_circuit_operator.py
[2025-03-11T03:25:15.532+0000] {processor.py:830} INFO - Processing file /home/airflow/.local/lib/python3.12/site-packages/airflow/example_dags/example_short_circuit_operator.py for tasks to queue
[2025-03-11T03:25:15.534+0000] {logging_mixin.py:188} INFO - [2025-03-11T03:25:15.534+0000] {dagbag.py:545} INFO - Filling up the DagBag from /home/airflow/.local/lib/python3.12/site-packages/airflow/example_dags/example_short_circuit_operator.py
[2025-03-11T03:25:15.544+0000] {processor.py:840} INFO - DAG(s) 'example_short_circuit_operator' retrieved from /home/airflow/.local/lib/python3.12/site-packages/airflow/example_dags/example_short_circuit_operator.py
[2025-03-11T03:25:15.578+0000] {logging_mixin.py:188} INFO - [2025-03-11T03:25:15.577+0000] {dag.py:3096} INFO - Sync 1 DAGs
[2025-03-11T03:25:15.605+0000] {logging_mixin.py:188} INFO - [2025-03-11T03:25:15.605+0000] {dag.py:3954} INFO - Setting next_dagrun for example_short_circuit_operator to 2025-03-10 00:00:00+00:00, run_after=2025-03-11 00:00:00+00:00
[2025-03-11T03:25:15.631+0000] {processor.py:183} INFO - Processing /home/airflow/.local/lib/python3.12/site-packages/airflow/example_dags/example_short_circuit_operator.py took 0.107 seconds
[2025-03-11T03:25:47.822+0000] {processor.py:161} INFO - Started process (PID=69741) to work on /home/airflow/.local/lib/python3.12/site-packages/airflow/example_dags/example_short_circuit_operator.py
[2025-03-11T03:25:47.824+0000] {processor.py:830} INFO - Processing file /home/airflow/.local/lib/python3.12/site-packages/airflow/example_dags/example_short_circuit_operator.py for tasks to queue
[2025-03-11T03:25:47.826+0000] {logging_mixin.py:188} INFO - [2025-03-11T03:25:47.826+0000] {dagbag.py:545} INFO - Filling up the DagBag from /home/airflow/.local/lib/python3.12/site-packages/airflow/example_dags/example_short_circuit_operator.py
[2025-03-11T03:25:47.836+0000] {processor.py:840} INFO - DAG(s) 'example_short_circuit_operator' retrieved from /home/airflow/.local/lib/python3.12/site-packages/airflow/example_dags/example_short_circuit_operator.py
[2025-03-11T03:25:47.861+0000] {logging_mixin.py:188} INFO - [2025-03-11T03:25:47.861+0000] {dag.py:3096} INFO - Sync 1 DAGs
[2025-03-11T03:25:47.884+0000] {logging_mixin.py:188} INFO - [2025-03-11T03:25:47.884+0000] {dag.py:3954} INFO - Setting next_dagrun for example_short_circuit_operator to 2025-03-10 00:00:00+00:00, run_after=2025-03-11 00:00:00+00:00
[2025-03-11T03:25:47.910+0000] {processor.py:183} INFO - Processing /home/airflow/.local/lib/python3.12/site-packages/airflow/example_dags/example_short_circuit_operator.py took 0.095 seconds
[2025-03-11T03:26:20.187+0000] {processor.py:161} INFO - Started process (PID=70001) to work on /home/airflow/.local/lib/python3.12/site-packages/airflow/example_dags/example_short_circuit_operator.py
[2025-03-11T03:26:20.189+0000] {processor.py:830} INFO - Processing file /home/airflow/.local/lib/python3.12/site-packages/airflow/example_dags/example_short_circuit_operator.py for tasks to queue
[2025-03-11T03:26:20.191+0000] {logging_mixin.py:188} INFO - [2025-03-11T03:26:20.191+0000] {dagbag.py:545} INFO - Filling up the DagBag from /home/airflow/.local/lib/python3.12/site-packages/airflow/example_dags/example_short_circuit_operator.py
[2025-03-11T03:26:20.198+0000] {processor.py:840} INFO - DAG(s) 'example_short_circuit_operator' retrieved from /home/airflow/.local/lib/python3.12/site-packages/airflow/example_dags/example_short_circuit_operator.py
[2025-03-11T03:26:20.220+0000] {logging_mixin.py:188} INFO - [2025-03-11T03:26:20.220+0000] {dag.py:3096} INFO - Sync 1 DAGs
[2025-03-11T03:26:20.241+0000] {logging_mixin.py:188} INFO - [2025-03-11T03:26:20.241+0000] {dag.py:3954} INFO - Setting next_dagrun for example_short_circuit_operator to 2025-03-10 00:00:00+00:00, run_after=2025-03-11 00:00:00+00:00
[2025-03-11T03:26:20.260+0000] {processor.py:183} INFO - Processing /home/airflow/.local/lib/python3.12/site-packages/airflow/example_dags/example_short_circuit_operator.py took 0.079 seconds
[2025-03-11T03:26:50.970+0000] {processor.py:161} INFO - Started process (PID=70263) to work on /home/airflow/.local/lib/python3.12/site-packages/airflow/example_dags/example_short_circuit_operator.py
[2025-03-11T03:26:50.973+0000] {processor.py:830} INFO - Processing file /home/airflow/.local/lib/python3.12/site-packages/airflow/example_dags/example_short_circuit_operator.py for tasks to queue
[2025-03-11T03:26:50.975+0000] {logging_mixin.py:188} INFO - [2025-03-11T03:26:50.975+0000] {dagbag.py:545} INFO - Filling up the DagBag from /home/airflow/.local/lib/python3.12/site-packages/airflow/example_dags/example_short_circuit_operator.py
[2025-03-11T03:26:50.985+0000] {processor.py:840} INFO - DAG(s) 'example_short_circuit_operator' retrieved from /home/airflow/.local/lib/python3.12/site-packages/airflow/example_dags/example_short_circuit_operator.py
[2025-03-11T03:26:51.009+0000] {logging_mixin.py:188} INFO - [2025-03-11T03:26:51.008+0000] {dag.py:3096} INFO - Sync 1 DAGs
[2025-03-11T03:26:51.034+0000] {logging_mixin.py:188} INFO - [2025-03-11T03:26:51.034+0000] {dag.py:3954} INFO - Setting next_dagrun for example_short_circuit_operator to 2025-03-10 00:00:00+00:00, run_after=2025-03-11 00:00:00+00:00
[2025-03-11T03:26:51.057+0000] {processor.py:183} INFO - Processing /home/airflow/.local/lib/python3.12/site-packages/airflow/example_dags/example_short_circuit_operator.py took 0.092 seconds
[2025-03-11T03:27:24.104+0000] {processor.py:161} INFO - Started process (PID=70527) to work on /home/airflow/.local/lib/python3.12/site-packages/airflow/example_dags/example_short_circuit_operator.py
[2025-03-11T03:27:24.106+0000] {processor.py:830} INFO - Processing file /home/airflow/.local/lib/python3.12/site-packages/airflow/example_dags/example_short_circuit_operator.py for tasks to queue
[2025-03-11T03:27:24.108+0000] {logging_mixin.py:188} INFO - [2025-03-11T03:27:24.108+0000] {dagbag.py:545} INFO - Filling up the DagBag from /home/airflow/.local/lib/python3.12/site-packages/airflow/example_dags/example_short_circuit_operator.py
[2025-03-11T03:27:24.116+0000] {processor.py:840} INFO - DAG(s) 'example_short_circuit_operator' retrieved from /home/airflow/.local/lib/python3.12/site-packages/airflow/example_dags/example_short_circuit_operator.py
[2025-03-11T03:27:24.141+0000] {logging_mixin.py:188} INFO - [2025-03-11T03:27:24.141+0000] {dag.py:3096} INFO - Sync 1 DAGs
[2025-03-11T03:27:24.165+0000] {logging_mixin.py:188} INFO - [2025-03-11T03:27:24.164+0000] {dag.py:3954} INFO - Setting next_dagrun for example_short_circuit_operator to 2025-03-10 00:00:00+00:00, run_after=2025-03-11 00:00:00+00:00
[2025-03-11T03:27:24.189+0000] {processor.py:183} INFO - Processing /home/airflow/.local/lib/python3.12/site-packages/airflow/example_dags/example_short_circuit_operator.py took 0.094 seconds
[2025-03-11T03:27:55.887+0000] {processor.py:161} INFO - Started process (PID=70789) to work on /home/airflow/.local/lib/python3.12/site-packages/airflow/example_dags/example_short_circuit_operator.py
[2025-03-11T03:27:55.889+0000] {processor.py:830} INFO - Processing file /home/airflow/.local/lib/python3.12/site-packages/airflow/example_dags/example_short_circuit_operator.py for tasks to queue
[2025-03-11T03:27:55.891+0000] {logging_mixin.py:188} INFO - [2025-03-11T03:27:55.890+0000] {dagbag.py:545} INFO - Filling up the DagBag from /home/airflow/.local/lib/python3.12/site-packages/airflow/example_dags/example_short_circuit_operator.py
[2025-03-11T03:27:55.898+0000] {processor.py:840} INFO - DAG(s) 'example_short_circuit_operator' retrieved from /home/airflow/.local/lib/python3.12/site-packages/airflow/example_dags/example_short_circuit_operator.py
[2025-03-11T03:27:55.928+0000] {logging_mixin.py:188} INFO - [2025-03-11T03:27:55.928+0000] {dag.py:3096} INFO - Sync 1 DAGs
[2025-03-11T03:27:55.951+0000] {logging_mixin.py:188} INFO - [2025-03-11T03:27:55.951+0000] {dag.py:3954} INFO - Setting next_dagrun for example_short_circuit_operator to 2025-03-10 00:00:00+00:00, run_after=2025-03-11 00:00:00+00:00
[2025-03-11T03:27:55.975+0000] {processor.py:183} INFO - Processing /home/airflow/.local/lib/python3.12/site-packages/airflow/example_dags/example_short_circuit_operator.py took 0.093 seconds
[2025-03-11T03:28:28.737+0000] {processor.py:161} INFO - Started process (PID=71049) to work on /home/airflow/.local/lib/python3.12/site-packages/airflow/example_dags/example_short_circuit_operator.py
[2025-03-11T03:28:28.739+0000] {processor.py:830} INFO - Processing file /home/airflow/.local/lib/python3.12/site-packages/airflow/example_dags/example_short_circuit_operator.py for tasks to queue
[2025-03-11T03:28:28.742+0000] {logging_mixin.py:188} INFO - [2025-03-11T03:28:28.741+0000] {dagbag.py:545} INFO - Filling up the DagBag from /home/airflow/.local/lib/python3.12/site-packages/airflow/example_dags/example_short_circuit_operator.py
[2025-03-11T03:28:28.753+0000] {processor.py:840} INFO - DAG(s) 'example_short_circuit_operator' retrieved from /home/airflow/.local/lib/python3.12/site-packages/airflow/example_dags/example_short_circuit_operator.py
[2025-03-11T03:28:28.784+0000] {logging_mixin.py:188} INFO - [2025-03-11T03:28:28.784+0000] {dag.py:3096} INFO - Sync 1 DAGs
[2025-03-11T03:28:28.815+0000] {logging_mixin.py:188} INFO - [2025-03-11T03:28:28.814+0000] {dag.py:3954} INFO - Setting next_dagrun for example_short_circuit_operator to 2025-03-10 00:00:00+00:00, run_after=2025-03-11 00:00:00+00:00
[2025-03-11T03:28:28.839+0000] {processor.py:183} INFO - Processing /home/airflow/.local/lib/python3.12/site-packages/airflow/example_dags/example_short_circuit_operator.py took 0.109 seconds
[2025-03-11T03:29:00.933+0000] {processor.py:161} INFO - Started process (PID=71311) to work on /home/airflow/.local/lib/python3.12/site-packages/airflow/example_dags/example_short_circuit_operator.py
[2025-03-11T03:29:00.935+0000] {processor.py:830} INFO - Processing file /home/airflow/.local/lib/python3.12/site-packages/airflow/example_dags/example_short_circuit_operator.py for tasks to queue
[2025-03-11T03:29:00.938+0000] {logging_mixin.py:188} INFO - [2025-03-11T03:29:00.937+0000] {dagbag.py:545} INFO - Filling up the DagBag from /home/airflow/.local/lib/python3.12/site-packages/airflow/example_dags/example_short_circuit_operator.py
[2025-03-11T03:29:00.949+0000] {processor.py:840} INFO - DAG(s) 'example_short_circuit_operator' retrieved from /home/airflow/.local/lib/python3.12/site-packages/airflow/example_dags/example_short_circuit_operator.py
[2025-03-11T03:29:00.982+0000] {logging_mixin.py:188} INFO - [2025-03-11T03:29:00.982+0000] {dag.py:3096} INFO - Sync 1 DAGs
[2025-03-11T03:29:01.011+0000] {logging_mixin.py:188} INFO - [2025-03-11T03:29:01.011+0000] {dag.py:3954} INFO - Setting next_dagrun for example_short_circuit_operator to 2025-03-10 00:00:00+00:00, run_after=2025-03-11 00:00:00+00:00
[2025-03-11T03:29:01.043+0000] {processor.py:183} INFO - Processing /home/airflow/.local/lib/python3.12/site-packages/airflow/example_dags/example_short_circuit_operator.py took 0.118 seconds
[2025-03-11T03:29:32.712+0000] {processor.py:161} INFO - Started process (PID=71573) to work on /home/airflow/.local/lib/python3.12/site-packages/airflow/example_dags/example_short_circuit_operator.py
[2025-03-11T03:29:32.714+0000] {processor.py:830} INFO - Processing file /home/airflow/.local/lib/python3.12/site-packages/airflow/example_dags/example_short_circuit_operator.py for tasks to queue
[2025-03-11T03:29:32.716+0000] {logging_mixin.py:188} INFO - [2025-03-11T03:29:32.715+0000] {dagbag.py:545} INFO - Filling up the DagBag from /home/airflow/.local/lib/python3.12/site-packages/airflow/example_dags/example_short_circuit_operator.py
[2025-03-11T03:29:32.725+0000] {processor.py:840} INFO - DAG(s) 'example_short_circuit_operator' retrieved from /home/airflow/.local/lib/python3.12/site-packages/airflow/example_dags/example_short_circuit_operator.py
[2025-03-11T03:29:32.752+0000] {logging_mixin.py:188} INFO - [2025-03-11T03:29:32.751+0000] {dag.py:3096} INFO - Sync 1 DAGs
[2025-03-11T03:29:32.776+0000] {logging_mixin.py:188} INFO - [2025-03-11T03:29:32.775+0000] {dag.py:3954} INFO - Setting next_dagrun for example_short_circuit_operator to 2025-03-10 00:00:00+00:00, run_after=2025-03-11 00:00:00+00:00
[2025-03-11T03:29:32.801+0000] {processor.py:183} INFO - Processing /home/airflow/.local/lib/python3.12/site-packages/airflow/example_dags/example_short_circuit_operator.py took 0.095 seconds
[2025-03-11T03:30:05.115+0000] {processor.py:161} INFO - Started process (PID=71835) to work on /home/airflow/.local/lib/python3.12/site-packages/airflow/example_dags/example_short_circuit_operator.py
[2025-03-11T03:30:05.117+0000] {processor.py:830} INFO - Processing file /home/airflow/.local/lib/python3.12/site-packages/airflow/example_dags/example_short_circuit_operator.py for tasks to queue
[2025-03-11T03:30:05.119+0000] {logging_mixin.py:188} INFO - [2025-03-11T03:30:05.119+0000] {dagbag.py:545} INFO - Filling up the DagBag from /home/airflow/.local/lib/python3.12/site-packages/airflow/example_dags/example_short_circuit_operator.py
[2025-03-11T03:30:05.128+0000] {processor.py:840} INFO - DAG(s) 'example_short_circuit_operator' retrieved from /home/airflow/.local/lib/python3.12/site-packages/airflow/example_dags/example_short_circuit_operator.py
[2025-03-11T03:30:05.174+0000] {logging_mixin.py:188} INFO - [2025-03-11T03:30:05.173+0000] {dag.py:3096} INFO - Sync 1 DAGs
[2025-03-11T03:30:05.200+0000] {logging_mixin.py:188} INFO - [2025-03-11T03:30:05.199+0000] {dag.py:3954} INFO - Setting next_dagrun for example_short_circuit_operator to 2025-03-10 00:00:00+00:00, run_after=2025-03-11 00:00:00+00:00
[2025-03-11T03:30:05.222+0000] {processor.py:183} INFO - Processing /home/airflow/.local/lib/python3.12/site-packages/airflow/example_dags/example_short_circuit_operator.py took 0.116 seconds
[2025-03-11T03:30:37.490+0000] {processor.py:161} INFO - Started process (PID=72097) to work on /home/airflow/.local/lib/python3.12/site-packages/airflow/example_dags/example_short_circuit_operator.py
[2025-03-11T03:30:37.492+0000] {processor.py:830} INFO - Processing file /home/airflow/.local/lib/python3.12/site-packages/airflow/example_dags/example_short_circuit_operator.py for tasks to queue
[2025-03-11T03:30:37.494+0000] {logging_mixin.py:188} INFO - [2025-03-11T03:30:37.493+0000] {dagbag.py:545} INFO - Filling up the DagBag from /home/airflow/.local/lib/python3.12/site-packages/airflow/example_dags/example_short_circuit_operator.py
[2025-03-11T03:30:37.501+0000] {processor.py:840} INFO - DAG(s) 'example_short_circuit_operator' retrieved from /home/airflow/.local/lib/python3.12/site-packages/airflow/example_dags/example_short_circuit_operator.py
[2025-03-11T03:30:37.528+0000] {logging_mixin.py:188} INFO - [2025-03-11T03:30:37.528+0000] {dag.py:3096} INFO - Sync 1 DAGs
[2025-03-11T03:30:37.553+0000] {logging_mixin.py:188} INFO - [2025-03-11T03:30:37.552+0000] {dag.py:3954} INFO - Setting next_dagrun for example_short_circuit_operator to 2025-03-10 00:00:00+00:00, run_after=2025-03-11 00:00:00+00:00
[2025-03-11T03:30:37.578+0000] {processor.py:183} INFO - Processing /home/airflow/.local/lib/python3.12/site-packages/airflow/example_dags/example_short_circuit_operator.py took 0.095 seconds
[2025-03-11T03:31:07.859+0000] {processor.py:161} INFO - Started process (PID=72361) to work on /home/airflow/.local/lib/python3.12/site-packages/airflow/example_dags/example_short_circuit_operator.py
[2025-03-11T03:31:07.861+0000] {processor.py:830} INFO - Processing file /home/airflow/.local/lib/python3.12/site-packages/airflow/example_dags/example_short_circuit_operator.py for tasks to queue
[2025-03-11T03:31:07.867+0000] {logging_mixin.py:188} INFO - [2025-03-11T03:31:07.866+0000] {dagbag.py:545} INFO - Filling up the DagBag from /home/airflow/.local/lib/python3.12/site-packages/airflow/example_dags/example_short_circuit_operator.py
[2025-03-11T03:31:07.883+0000] {processor.py:840} INFO - DAG(s) 'example_short_circuit_operator' retrieved from /home/airflow/.local/lib/python3.12/site-packages/airflow/example_dags/example_short_circuit_operator.py
[2025-03-11T03:31:07.918+0000] {logging_mixin.py:188} INFO - [2025-03-11T03:31:07.917+0000] {dag.py:3096} INFO - Sync 1 DAGs
[2025-03-11T03:31:07.948+0000] {logging_mixin.py:188} INFO - [2025-03-11T03:31:07.948+0000] {dag.py:3954} INFO - Setting next_dagrun for example_short_circuit_operator to 2025-03-10 00:00:00+00:00, run_after=2025-03-11 00:00:00+00:00
[2025-03-11T03:31:07.977+0000] {processor.py:183} INFO - Processing /home/airflow/.local/lib/python3.12/site-packages/airflow/example_dags/example_short_circuit_operator.py took 0.129 seconds
[2025-03-11T03:31:40.866+0000] {processor.py:161} INFO - Started process (PID=72623) to work on /home/airflow/.local/lib/python3.12/site-packages/airflow/example_dags/example_short_circuit_operator.py
[2025-03-11T03:31:40.868+0000] {processor.py:830} INFO - Processing file /home/airflow/.local/lib/python3.12/site-packages/airflow/example_dags/example_short_circuit_operator.py for tasks to queue
[2025-03-11T03:31:40.870+0000] {logging_mixin.py:188} INFO - [2025-03-11T03:31:40.869+0000] {dagbag.py:545} INFO - Filling up the DagBag from /home/airflow/.local/lib/python3.12/site-packages/airflow/example_dags/example_short_circuit_operator.py
[2025-03-11T03:31:40.877+0000] {processor.py:840} INFO - DAG(s) 'example_short_circuit_operator' retrieved from /home/airflow/.local/lib/python3.12/site-packages/airflow/example_dags/example_short_circuit_operator.py
[2025-03-11T03:31:40.900+0000] {logging_mixin.py:188} INFO - [2025-03-11T03:31:40.900+0000] {dag.py:3096} INFO - Sync 1 DAGs
[2025-03-11T03:31:40.921+0000] {logging_mixin.py:188} INFO - [2025-03-11T03:31:40.921+0000] {dag.py:3954} INFO - Setting next_dagrun for example_short_circuit_operator to 2025-03-10 00:00:00+00:00, run_after=2025-03-11 00:00:00+00:00
[2025-03-11T03:31:40.940+0000] {processor.py:183} INFO - Processing /home/airflow/.local/lib/python3.12/site-packages/airflow/example_dags/example_short_circuit_operator.py took 0.079 seconds
[2025-03-11T03:32:11.880+0000] {processor.py:161} INFO - Started process (PID=72883) to work on /home/airflow/.local/lib/python3.12/site-packages/airflow/example_dags/example_short_circuit_operator.py
[2025-03-11T03:32:11.881+0000] {processor.py:830} INFO - Processing file /home/airflow/.local/lib/python3.12/site-packages/airflow/example_dags/example_short_circuit_operator.py for tasks to queue
[2025-03-11T03:32:11.883+0000] {logging_mixin.py:188} INFO - [2025-03-11T03:32:11.883+0000] {dagbag.py:545} INFO - Filling up the DagBag from /home/airflow/.local/lib/python3.12/site-packages/airflow/example_dags/example_short_circuit_operator.py
[2025-03-11T03:32:11.891+0000] {processor.py:840} INFO - DAG(s) 'example_short_circuit_operator' retrieved from /home/airflow/.local/lib/python3.12/site-packages/airflow/example_dags/example_short_circuit_operator.py
[2025-03-11T03:32:11.914+0000] {logging_mixin.py:188} INFO - [2025-03-11T03:32:11.914+0000] {dag.py:3096} INFO - Sync 1 DAGs
[2025-03-11T03:32:11.937+0000] {logging_mixin.py:188} INFO - [2025-03-11T03:32:11.937+0000] {dag.py:3954} INFO - Setting next_dagrun for example_short_circuit_operator to 2025-03-10 00:00:00+00:00, run_after=2025-03-11 00:00:00+00:00
[2025-03-11T03:32:11.957+0000] {processor.py:183} INFO - Processing /home/airflow/.local/lib/python3.12/site-packages/airflow/example_dags/example_short_circuit_operator.py took 0.082 seconds
[2025-03-11T03:32:44.543+0000] {processor.py:161} INFO - Started process (PID=73147) to work on /home/airflow/.local/lib/python3.12/site-packages/airflow/example_dags/example_short_circuit_operator.py
[2025-03-11T03:32:44.544+0000] {processor.py:830} INFO - Processing file /home/airflow/.local/lib/python3.12/site-packages/airflow/example_dags/example_short_circuit_operator.py for tasks to queue
[2025-03-11T03:32:44.546+0000] {logging_mixin.py:188} INFO - [2025-03-11T03:32:44.546+0000] {dagbag.py:545} INFO - Filling up the DagBag from /home/airflow/.local/lib/python3.12/site-packages/airflow/example_dags/example_short_circuit_operator.py
[2025-03-11T03:32:44.555+0000] {processor.py:840} INFO - DAG(s) 'example_short_circuit_operator' retrieved from /home/airflow/.local/lib/python3.12/site-packages/airflow/example_dags/example_short_circuit_operator.py
[2025-03-11T03:32:44.585+0000] {logging_mixin.py:188} INFO - [2025-03-11T03:32:44.585+0000] {dag.py:3096} INFO - Sync 1 DAGs
[2025-03-11T03:32:44.617+0000] {logging_mixin.py:188} INFO - [2025-03-11T03:32:44.617+0000] {dag.py:3954} INFO - Setting next_dagrun for example_short_circuit_operator to 2025-03-10 00:00:00+00:00, run_after=2025-03-11 00:00:00+00:00
[2025-03-11T03:32:44.648+0000] {processor.py:183} INFO - Processing /home/airflow/.local/lib/python3.12/site-packages/airflow/example_dags/example_short_circuit_operator.py took 0.111 seconds
