[2025-03-11T03:05:19.868+0000] {processor.py:161} INFO - Started process (PID=59579) to work on /home/airflow/.local/lib/python3.12/site-packages/airflow/example_dags/example_setup_teardown.py
[2025-03-11T03:05:19.870+0000] {processor.py:830} INFO - Processing file /home/airflow/.local/lib/python3.12/site-packages/airflow/example_dags/example_setup_teardown.py for tasks to queue
[2025-03-11T03:05:19.873+0000] {logging_mixin.py:188} INFO - [2025-03-11T03:05:19.872+0000] {dagbag.py:545} INFO - Filling up the DagBag from /home/airflow/.local/lib/python3.12/site-packages/airflow/example_dags/example_setup_teardown.py
[2025-03-11T03:05:19.882+0000] {processor.py:840} INFO - DAG(s) 'example_setup_teardown' retrieved from /home/airflow/.local/lib/python3.12/site-packages/airflow/example_dags/example_setup_teardown.py
[2025-03-11T03:05:19.911+0000] {logging_mixin.py:188} INFO - [2025-03-11T03:05:19.910+0000] {dag.py:3096} INFO - Sync 1 DAGs
[2025-03-11T03:05:19.940+0000] {logging_mixin.py:188} INFO - [2025-03-11T03:05:19.939+0000] {dag.py:3954} INFO - Setting next_dagrun for example_setup_teardown to 2025-03-10 00:00:00+00:00, run_after=2025-03-11 00:00:00+00:00
[2025-03-11T03:05:19.966+0000] {processor.py:183} INFO - Processing /home/airflow/.local/lib/python3.12/site-packages/airflow/example_dags/example_setup_teardown.py took 0.105 seconds
[2025-03-11T03:05:50.055+0000] {processor.py:161} INFO - Started process (PID=59825) to work on /home/airflow/.local/lib/python3.12/site-packages/airflow/example_dags/example_setup_teardown.py
[2025-03-11T03:05:50.056+0000] {processor.py:830} INFO - Processing file /home/airflow/.local/lib/python3.12/site-packages/airflow/example_dags/example_setup_teardown.py for tasks to queue
[2025-03-11T03:05:50.058+0000] {logging_mixin.py:188} INFO - [2025-03-11T03:05:50.058+0000] {dagbag.py:545} INFO - Filling up the DagBag from /home/airflow/.local/lib/python3.12/site-packages/airflow/example_dags/example_setup_teardown.py
[2025-03-11T03:05:50.064+0000] {processor.py:840} INFO - DAG(s) 'example_setup_teardown' retrieved from /home/airflow/.local/lib/python3.12/site-packages/airflow/example_dags/example_setup_teardown.py
[2025-03-11T03:05:50.085+0000] {logging_mixin.py:188} INFO - [2025-03-11T03:05:50.085+0000] {dag.py:3096} INFO - Sync 1 DAGs
[2025-03-11T03:05:50.109+0000] {logging_mixin.py:188} INFO - [2025-03-11T03:05:50.109+0000] {dag.py:3954} INFO - Setting next_dagrun for example_setup_teardown to 2025-03-10 00:00:00+00:00, run_after=2025-03-11 00:00:00+00:00
[2025-03-11T03:05:50.134+0000] {processor.py:183} INFO - Processing /home/airflow/.local/lib/python3.12/site-packages/airflow/example_dags/example_setup_teardown.py took 0.084 seconds
[2025-03-11T03:06:20.882+0000] {processor.py:161} INFO - Started process (PID=60087) to work on /home/airflow/.local/lib/python3.12/site-packages/airflow/example_dags/example_setup_teardown.py
[2025-03-11T03:06:20.883+0000] {processor.py:830} INFO - Processing file /home/airflow/.local/lib/python3.12/site-packages/airflow/example_dags/example_setup_teardown.py for tasks to queue
[2025-03-11T03:06:20.884+0000] {logging_mixin.py:188} INFO - [2025-03-11T03:06:20.884+0000] {dagbag.py:545} INFO - Filling up the DagBag from /home/airflow/.local/lib/python3.12/site-packages/airflow/example_dags/example_setup_teardown.py
[2025-03-11T03:06:20.890+0000] {processor.py:840} INFO - DAG(s) 'example_setup_teardown' retrieved from /home/airflow/.local/lib/python3.12/site-packages/airflow/example_dags/example_setup_teardown.py
[2025-03-11T03:06:20.906+0000] {logging_mixin.py:188} INFO - [2025-03-11T03:06:20.906+0000] {dag.py:3096} INFO - Sync 1 DAGs
[2025-03-11T03:06:20.924+0000] {logging_mixin.py:188} INFO - [2025-03-11T03:06:20.924+0000] {dag.py:3954} INFO - Setting next_dagrun for example_setup_teardown to 2025-03-10 00:00:00+00:00, run_after=2025-03-11 00:00:00+00:00
[2025-03-11T03:06:20.943+0000] {processor.py:183} INFO - Processing /home/airflow/.local/lib/python3.12/site-packages/airflow/example_dags/example_setup_teardown.py took 0.066 seconds
[2025-03-11T03:06:51.377+0000] {processor.py:161} INFO - Started process (PID=60329) to work on /home/airflow/.local/lib/python3.12/site-packages/airflow/example_dags/example_setup_teardown.py
[2025-03-11T03:06:51.379+0000] {processor.py:830} INFO - Processing file /home/airflow/.local/lib/python3.12/site-packages/airflow/example_dags/example_setup_teardown.py for tasks to queue
[2025-03-11T03:06:51.381+0000] {logging_mixin.py:188} INFO - [2025-03-11T03:06:51.381+0000] {dagbag.py:545} INFO - Filling up the DagBag from /home/airflow/.local/lib/python3.12/site-packages/airflow/example_dags/example_setup_teardown.py
[2025-03-11T03:06:51.389+0000] {processor.py:840} INFO - DAG(s) 'example_setup_teardown' retrieved from /home/airflow/.local/lib/python3.12/site-packages/airflow/example_dags/example_setup_teardown.py
[2025-03-11T03:06:51.410+0000] {logging_mixin.py:188} INFO - [2025-03-11T03:06:51.409+0000] {dag.py:3096} INFO - Sync 1 DAGs
[2025-03-11T03:06:51.432+0000] {logging_mixin.py:188} INFO - [2025-03-11T03:06:51.431+0000] {dag.py:3954} INFO - Setting next_dagrun for example_setup_teardown to 2025-03-10 00:00:00+00:00, run_after=2025-03-11 00:00:00+00:00
[2025-03-11T03:06:51.457+0000] {processor.py:183} INFO - Processing /home/airflow/.local/lib/python3.12/site-packages/airflow/example_dags/example_setup_teardown.py took 0.086 seconds
[2025-03-11T03:07:22.452+0000] {processor.py:161} INFO - Started process (PID=60593) to work on /home/airflow/.local/lib/python3.12/site-packages/airflow/example_dags/example_setup_teardown.py
[2025-03-11T03:07:22.454+0000] {processor.py:830} INFO - Processing file /home/airflow/.local/lib/python3.12/site-packages/airflow/example_dags/example_setup_teardown.py for tasks to queue
[2025-03-11T03:07:22.456+0000] {logging_mixin.py:188} INFO - [2025-03-11T03:07:22.456+0000] {dagbag.py:545} INFO - Filling up the DagBag from /home/airflow/.local/lib/python3.12/site-packages/airflow/example_dags/example_setup_teardown.py
[2025-03-11T03:07:22.464+0000] {processor.py:840} INFO - DAG(s) 'example_setup_teardown' retrieved from /home/airflow/.local/lib/python3.12/site-packages/airflow/example_dags/example_setup_teardown.py
[2025-03-11T03:07:22.487+0000] {logging_mixin.py:188} INFO - [2025-03-11T03:07:22.486+0000] {dag.py:3096} INFO - Sync 1 DAGs
[2025-03-11T03:07:22.511+0000] {logging_mixin.py:188} INFO - [2025-03-11T03:07:22.511+0000] {dag.py:3954} INFO - Setting next_dagrun for example_setup_teardown to 2025-03-10 00:00:00+00:00, run_after=2025-03-11 00:00:00+00:00
[2025-03-11T03:07:22.545+0000] {processor.py:183} INFO - Processing /home/airflow/.local/lib/python3.12/site-packages/airflow/example_dags/example_setup_teardown.py took 0.100 seconds
[2025-03-11T03:07:52.969+0000] {processor.py:161} INFO - Started process (PID=60830) to work on /home/airflow/.local/lib/python3.12/site-packages/airflow/example_dags/example_setup_teardown.py
[2025-03-11T03:07:52.972+0000] {processor.py:830} INFO - Processing file /home/airflow/.local/lib/python3.12/site-packages/airflow/example_dags/example_setup_teardown.py for tasks to queue
[2025-03-11T03:07:52.977+0000] {logging_mixin.py:188} INFO - [2025-03-11T03:07:52.977+0000] {dagbag.py:545} INFO - Filling up the DagBag from /home/airflow/.local/lib/python3.12/site-packages/airflow/example_dags/example_setup_teardown.py
[2025-03-11T03:07:52.995+0000] {processor.py:840} INFO - DAG(s) 'example_setup_teardown' retrieved from /home/airflow/.local/lib/python3.12/site-packages/airflow/example_dags/example_setup_teardown.py
[2025-03-11T03:07:53.018+0000] {logging_mixin.py:188} INFO - [2025-03-11T03:07:53.018+0000] {dag.py:3096} INFO - Sync 1 DAGs
[2025-03-11T03:07:53.041+0000] {logging_mixin.py:188} INFO - [2025-03-11T03:07:53.040+0000] {dag.py:3954} INFO - Setting next_dagrun for example_setup_teardown to 2025-03-10 00:00:00+00:00, run_after=2025-03-11 00:00:00+00:00
[2025-03-11T03:07:53.062+0000] {processor.py:183} INFO - Processing /home/airflow/.local/lib/python3.12/site-packages/airflow/example_dags/example_setup_teardown.py took 0.110 seconds
[2025-03-11T03:08:23.474+0000] {processor.py:161} INFO - Started process (PID=61092) to work on /home/airflow/.local/lib/python3.12/site-packages/airflow/example_dags/example_setup_teardown.py
[2025-03-11T03:08:23.475+0000] {processor.py:830} INFO - Processing file /home/airflow/.local/lib/python3.12/site-packages/airflow/example_dags/example_setup_teardown.py for tasks to queue
[2025-03-11T03:08:23.478+0000] {logging_mixin.py:188} INFO - [2025-03-11T03:08:23.477+0000] {dagbag.py:545} INFO - Filling up the DagBag from /home/airflow/.local/lib/python3.12/site-packages/airflow/example_dags/example_setup_teardown.py
[2025-03-11T03:08:23.489+0000] {processor.py:840} INFO - DAG(s) 'example_setup_teardown' retrieved from /home/airflow/.local/lib/python3.12/site-packages/airflow/example_dags/example_setup_teardown.py
[2025-03-11T03:08:23.508+0000] {logging_mixin.py:188} INFO - [2025-03-11T03:08:23.508+0000] {dag.py:3096} INFO - Sync 1 DAGs
[2025-03-11T03:08:23.530+0000] {logging_mixin.py:188} INFO - [2025-03-11T03:08:23.530+0000] {dag.py:3954} INFO - Setting next_dagrun for example_setup_teardown to 2025-03-10 00:00:00+00:00, run_after=2025-03-11 00:00:00+00:00
[2025-03-11T03:08:23.548+0000] {processor.py:183} INFO - Processing /home/airflow/.local/lib/python3.12/site-packages/airflow/example_dags/example_setup_teardown.py took 0.080 seconds
[2025-03-11T03:08:53.949+0000] {processor.py:161} INFO - Started process (PID=61354) to work on /home/airflow/.local/lib/python3.12/site-packages/airflow/example_dags/example_setup_teardown.py
[2025-03-11T03:08:53.950+0000] {processor.py:830} INFO - Processing file /home/airflow/.local/lib/python3.12/site-packages/airflow/example_dags/example_setup_teardown.py for tasks to queue
[2025-03-11T03:08:53.952+0000] {logging_mixin.py:188} INFO - [2025-03-11T03:08:53.951+0000] {dagbag.py:545} INFO - Filling up the DagBag from /home/airflow/.local/lib/python3.12/site-packages/airflow/example_dags/example_setup_teardown.py
[2025-03-11T03:08:53.960+0000] {processor.py:840} INFO - DAG(s) 'example_setup_teardown' retrieved from /home/airflow/.local/lib/python3.12/site-packages/airflow/example_dags/example_setup_teardown.py
[2025-03-11T03:08:53.985+0000] {logging_mixin.py:188} INFO - [2025-03-11T03:08:53.984+0000] {dag.py:3096} INFO - Sync 1 DAGs
[2025-03-11T03:08:54.009+0000] {logging_mixin.py:188} INFO - [2025-03-11T03:08:54.009+0000] {dag.py:3954} INFO - Setting next_dagrun for example_setup_teardown to 2025-03-10 00:00:00+00:00, run_after=2025-03-11 00:00:00+00:00
[2025-03-11T03:08:54.032+0000] {processor.py:183} INFO - Processing /home/airflow/.local/lib/python3.12/site-packages/airflow/example_dags/example_setup_teardown.py took 0.090 seconds
[2025-03-11T03:09:24.751+0000] {processor.py:161} INFO - Started process (PID=61610) to work on /home/airflow/.local/lib/python3.12/site-packages/airflow/example_dags/example_setup_teardown.py
[2025-03-11T03:09:24.752+0000] {processor.py:830} INFO - Processing file /home/airflow/.local/lib/python3.12/site-packages/airflow/example_dags/example_setup_teardown.py for tasks to queue
[2025-03-11T03:09:24.754+0000] {logging_mixin.py:188} INFO - [2025-03-11T03:09:24.754+0000] {dagbag.py:545} INFO - Filling up the DagBag from /home/airflow/.local/lib/python3.12/site-packages/airflow/example_dags/example_setup_teardown.py
[2025-03-11T03:09:24.761+0000] {processor.py:840} INFO - DAG(s) 'example_setup_teardown' retrieved from /home/airflow/.local/lib/python3.12/site-packages/airflow/example_dags/example_setup_teardown.py
[2025-03-11T03:09:24.781+0000] {logging_mixin.py:188} INFO - [2025-03-11T03:09:24.781+0000] {dag.py:3096} INFO - Sync 1 DAGs
[2025-03-11T03:09:24.813+0000] {logging_mixin.py:188} INFO - [2025-03-11T03:09:24.812+0000] {dag.py:3954} INFO - Setting next_dagrun for example_setup_teardown to 2025-03-10 00:00:00+00:00, run_after=2025-03-11 00:00:00+00:00
[2025-03-11T03:09:24.834+0000] {processor.py:183} INFO - Processing /home/airflow/.local/lib/python3.12/site-packages/airflow/example_dags/example_setup_teardown.py took 0.089 seconds
[2025-03-11T03:09:55.666+0000] {processor.py:161} INFO - Started process (PID=61873) to work on /home/airflow/.local/lib/python3.12/site-packages/airflow/example_dags/example_setup_teardown.py
[2025-03-11T03:09:55.668+0000] {processor.py:830} INFO - Processing file /home/airflow/.local/lib/python3.12/site-packages/airflow/example_dags/example_setup_teardown.py for tasks to queue
[2025-03-11T03:09:55.671+0000] {logging_mixin.py:188} INFO - [2025-03-11T03:09:55.670+0000] {dagbag.py:545} INFO - Filling up the DagBag from /home/airflow/.local/lib/python3.12/site-packages/airflow/example_dags/example_setup_teardown.py
[2025-03-11T03:09:55.679+0000] {processor.py:840} INFO - DAG(s) 'example_setup_teardown' retrieved from /home/airflow/.local/lib/python3.12/site-packages/airflow/example_dags/example_setup_teardown.py
[2025-03-11T03:09:55.701+0000] {logging_mixin.py:188} INFO - [2025-03-11T03:09:55.701+0000] {dag.py:3096} INFO - Sync 1 DAGs
[2025-03-11T03:09:55.721+0000] {logging_mixin.py:188} INFO - [2025-03-11T03:09:55.721+0000] {dag.py:3954} INFO - Setting next_dagrun for example_setup_teardown to 2025-03-10 00:00:00+00:00, run_after=2025-03-11 00:00:00+00:00
[2025-03-11T03:09:55.741+0000] {processor.py:183} INFO - Processing /home/airflow/.local/lib/python3.12/site-packages/airflow/example_dags/example_setup_teardown.py took 0.089 seconds
[2025-03-11T03:10:26.113+0000] {processor.py:161} INFO - Started process (PID=62135) to work on /home/airflow/.local/lib/python3.12/site-packages/airflow/example_dags/example_setup_teardown.py
[2025-03-11T03:10:26.114+0000] {processor.py:830} INFO - Processing file /home/airflow/.local/lib/python3.12/site-packages/airflow/example_dags/example_setup_teardown.py for tasks to queue
[2025-03-11T03:10:26.116+0000] {logging_mixin.py:188} INFO - [2025-03-11T03:10:26.116+0000] {dagbag.py:545} INFO - Filling up the DagBag from /home/airflow/.local/lib/python3.12/site-packages/airflow/example_dags/example_setup_teardown.py
[2025-03-11T03:10:26.123+0000] {processor.py:840} INFO - DAG(s) 'example_setup_teardown' retrieved from /home/airflow/.local/lib/python3.12/site-packages/airflow/example_dags/example_setup_teardown.py
[2025-03-11T03:10:26.143+0000] {logging_mixin.py:188} INFO - [2025-03-11T03:10:26.142+0000] {dag.py:3096} INFO - Sync 1 DAGs
[2025-03-11T03:10:26.162+0000] {logging_mixin.py:188} INFO - [2025-03-11T03:10:26.162+0000] {dag.py:3954} INFO - Setting next_dagrun for example_setup_teardown to 2025-03-10 00:00:00+00:00, run_after=2025-03-11 00:00:00+00:00
[2025-03-11T03:10:26.181+0000] {processor.py:183} INFO - Processing /home/airflow/.local/lib/python3.12/site-packages/airflow/example_dags/example_setup_teardown.py took 0.075 seconds
[2025-03-11T03:10:56.388+0000] {processor.py:161} INFO - Started process (PID=62397) to work on /home/airflow/.local/lib/python3.12/site-packages/airflow/example_dags/example_setup_teardown.py
[2025-03-11T03:10:56.389+0000] {processor.py:830} INFO - Processing file /home/airflow/.local/lib/python3.12/site-packages/airflow/example_dags/example_setup_teardown.py for tasks to queue
[2025-03-11T03:10:56.392+0000] {logging_mixin.py:188} INFO - [2025-03-11T03:10:56.391+0000] {dagbag.py:545} INFO - Filling up the DagBag from /home/airflow/.local/lib/python3.12/site-packages/airflow/example_dags/example_setup_teardown.py
[2025-03-11T03:10:56.399+0000] {processor.py:840} INFO - DAG(s) 'example_setup_teardown' retrieved from /home/airflow/.local/lib/python3.12/site-packages/airflow/example_dags/example_setup_teardown.py
[2025-03-11T03:10:56.422+0000] {logging_mixin.py:188} INFO - [2025-03-11T03:10:56.422+0000] {dag.py:3096} INFO - Sync 1 DAGs
[2025-03-11T03:10:56.444+0000] {logging_mixin.py:188} INFO - [2025-03-11T03:10:56.444+0000] {dag.py:3954} INFO - Setting next_dagrun for example_setup_teardown to 2025-03-10 00:00:00+00:00, run_after=2025-03-11 00:00:00+00:00
[2025-03-11T03:10:56.460+0000] {processor.py:183} INFO - Processing /home/airflow/.local/lib/python3.12/site-packages/airflow/example_dags/example_setup_teardown.py took 0.078 seconds
[2025-03-11T03:11:26.954+0000] {processor.py:161} INFO - Started process (PID=62659) to work on /home/airflow/.local/lib/python3.12/site-packages/airflow/example_dags/example_setup_teardown.py
[2025-03-11T03:11:26.957+0000] {processor.py:830} INFO - Processing file /home/airflow/.local/lib/python3.12/site-packages/airflow/example_dags/example_setup_teardown.py for tasks to queue
[2025-03-11T03:11:26.961+0000] {logging_mixin.py:188} INFO - [2025-03-11T03:11:26.960+0000] {dagbag.py:545} INFO - Filling up the DagBag from /home/airflow/.local/lib/python3.12/site-packages/airflow/example_dags/example_setup_teardown.py
[2025-03-11T03:11:26.978+0000] {processor.py:840} INFO - DAG(s) 'example_setup_teardown' retrieved from /home/airflow/.local/lib/python3.12/site-packages/airflow/example_dags/example_setup_teardown.py
[2025-03-11T03:11:27.010+0000] {logging_mixin.py:188} INFO - [2025-03-11T03:11:27.010+0000] {dag.py:3096} INFO - Sync 1 DAGs
[2025-03-11T03:11:27.036+0000] {logging_mixin.py:188} INFO - [2025-03-11T03:11:27.036+0000] {dag.py:3954} INFO - Setting next_dagrun for example_setup_teardown to 2025-03-10 00:00:00+00:00, run_after=2025-03-11 00:00:00+00:00
[2025-03-11T03:11:27.055+0000] {processor.py:183} INFO - Processing /home/airflow/.local/lib/python3.12/site-packages/airflow/example_dags/example_setup_teardown.py took 0.109 seconds
[2025-03-11T03:11:57.207+0000] {processor.py:161} INFO - Started process (PID=62911) to work on /home/airflow/.local/lib/python3.12/site-packages/airflow/example_dags/example_setup_teardown.py
[2025-03-11T03:11:57.210+0000] {processor.py:830} INFO - Processing file /home/airflow/.local/lib/python3.12/site-packages/airflow/example_dags/example_setup_teardown.py for tasks to queue
[2025-03-11T03:11:57.216+0000] {logging_mixin.py:188} INFO - [2025-03-11T03:11:57.215+0000] {dagbag.py:545} INFO - Filling up the DagBag from /home/airflow/.local/lib/python3.12/site-packages/airflow/example_dags/example_setup_teardown.py
[2025-03-11T03:11:57.233+0000] {processor.py:840} INFO - DAG(s) 'example_setup_teardown' retrieved from /home/airflow/.local/lib/python3.12/site-packages/airflow/example_dags/example_setup_teardown.py
[2025-03-11T03:11:57.261+0000] {logging_mixin.py:188} INFO - [2025-03-11T03:11:57.260+0000] {dag.py:3096} INFO - Sync 1 DAGs
[2025-03-11T03:11:57.284+0000] {logging_mixin.py:188} INFO - [2025-03-11T03:11:57.284+0000] {dag.py:3954} INFO - Setting next_dagrun for example_setup_teardown to 2025-03-10 00:00:00+00:00, run_after=2025-03-11 00:00:00+00:00
[2025-03-11T03:11:57.305+0000] {processor.py:183} INFO - Processing /home/airflow/.local/lib/python3.12/site-packages/airflow/example_dags/example_setup_teardown.py took 0.108 seconds
[2025-03-11T03:12:27.391+0000] {processor.py:161} INFO - Started process (PID=63156) to work on /home/airflow/.local/lib/python3.12/site-packages/airflow/example_dags/example_setup_teardown.py
[2025-03-11T03:12:27.392+0000] {processor.py:830} INFO - Processing file /home/airflow/.local/lib/python3.12/site-packages/airflow/example_dags/example_setup_teardown.py for tasks to queue
[2025-03-11T03:12:27.394+0000] {logging_mixin.py:188} INFO - [2025-03-11T03:12:27.394+0000] {dagbag.py:545} INFO - Filling up the DagBag from /home/airflow/.local/lib/python3.12/site-packages/airflow/example_dags/example_setup_teardown.py
[2025-03-11T03:12:27.402+0000] {processor.py:840} INFO - DAG(s) 'example_setup_teardown' retrieved from /home/airflow/.local/lib/python3.12/site-packages/airflow/example_dags/example_setup_teardown.py
[2025-03-11T03:12:27.424+0000] {logging_mixin.py:188} INFO - [2025-03-11T03:12:27.424+0000] {dag.py:3096} INFO - Sync 1 DAGs
[2025-03-11T03:12:27.446+0000] {logging_mixin.py:188} INFO - [2025-03-11T03:12:27.445+0000] {dag.py:3954} INFO - Setting next_dagrun for example_setup_teardown to 2025-03-10 00:00:00+00:00, run_after=2025-03-11 00:00:00+00:00
[2025-03-11T03:12:27.465+0000] {processor.py:183} INFO - Processing /home/airflow/.local/lib/python3.12/site-packages/airflow/example_dags/example_setup_teardown.py took 0.082 seconds
[2025-03-11T03:12:57.653+0000] {processor.py:161} INFO - Started process (PID=63409) to work on /home/airflow/.local/lib/python3.12/site-packages/airflow/example_dags/example_setup_teardown.py
[2025-03-11T03:12:57.654+0000] {processor.py:830} INFO - Processing file /home/airflow/.local/lib/python3.12/site-packages/airflow/example_dags/example_setup_teardown.py for tasks to queue
[2025-03-11T03:12:57.656+0000] {logging_mixin.py:188} INFO - [2025-03-11T03:12:57.655+0000] {dagbag.py:545} INFO - Filling up the DagBag from /home/airflow/.local/lib/python3.12/site-packages/airflow/example_dags/example_setup_teardown.py
[2025-03-11T03:12:57.662+0000] {processor.py:840} INFO - DAG(s) 'example_setup_teardown' retrieved from /home/airflow/.local/lib/python3.12/site-packages/airflow/example_dags/example_setup_teardown.py
[2025-03-11T03:12:57.681+0000] {logging_mixin.py:188} INFO - [2025-03-11T03:12:57.681+0000] {dag.py:3096} INFO - Sync 1 DAGs
[2025-03-11T03:12:57.702+0000] {logging_mixin.py:188} INFO - [2025-03-11T03:12:57.702+0000] {dag.py:3954} INFO - Setting next_dagrun for example_setup_teardown to 2025-03-10 00:00:00+00:00, run_after=2025-03-11 00:00:00+00:00
[2025-03-11T03:12:57.722+0000] {processor.py:183} INFO - Processing /home/airflow/.local/lib/python3.12/site-packages/airflow/example_dags/example_setup_teardown.py took 0.075 seconds
[2025-03-11T03:13:28.070+0000] {processor.py:161} INFO - Started process (PID=63671) to work on /home/airflow/.local/lib/python3.12/site-packages/airflow/example_dags/example_setup_teardown.py
[2025-03-11T03:13:28.073+0000] {processor.py:830} INFO - Processing file /home/airflow/.local/lib/python3.12/site-packages/airflow/example_dags/example_setup_teardown.py for tasks to queue
[2025-03-11T03:13:28.078+0000] {logging_mixin.py:188} INFO - [2025-03-11T03:13:28.076+0000] {dagbag.py:545} INFO - Filling up the DagBag from /home/airflow/.local/lib/python3.12/site-packages/airflow/example_dags/example_setup_teardown.py
[2025-03-11T03:13:28.093+0000] {processor.py:840} INFO - DAG(s) 'example_setup_teardown' retrieved from /home/airflow/.local/lib/python3.12/site-packages/airflow/example_dags/example_setup_teardown.py
[2025-03-11T03:13:28.139+0000] {logging_mixin.py:188} INFO - [2025-03-11T03:13:28.138+0000] {dag.py:3096} INFO - Sync 1 DAGs
[2025-03-11T03:13:28.166+0000] {logging_mixin.py:188} INFO - [2025-03-11T03:13:28.166+0000] {dag.py:3954} INFO - Setting next_dagrun for example_setup_teardown to 2025-03-10 00:00:00+00:00, run_after=2025-03-11 00:00:00+00:00
[2025-03-11T03:13:28.187+0000] {processor.py:183} INFO - Processing /home/airflow/.local/lib/python3.12/site-packages/airflow/example_dags/example_setup_teardown.py took 0.126 seconds
[2025-03-11T03:13:59.798+0000] {processor.py:161} INFO - Started process (PID=63918) to work on /home/airflow/.local/lib/python3.12/site-packages/airflow/example_dags/example_setup_teardown.py
[2025-03-11T03:13:59.799+0000] {processor.py:830} INFO - Processing file /home/airflow/.local/lib/python3.12/site-packages/airflow/example_dags/example_setup_teardown.py for tasks to queue
[2025-03-11T03:13:59.802+0000] {logging_mixin.py:188} INFO - [2025-03-11T03:13:59.802+0000] {dagbag.py:545} INFO - Filling up the DagBag from /home/airflow/.local/lib/python3.12/site-packages/airflow/example_dags/example_setup_teardown.py
[2025-03-11T03:13:59.810+0000] {processor.py:840} INFO - DAG(s) 'example_setup_teardown' retrieved from /home/airflow/.local/lib/python3.12/site-packages/airflow/example_dags/example_setup_teardown.py
[2025-03-11T03:13:59.835+0000] {logging_mixin.py:188} INFO - [2025-03-11T03:13:59.835+0000] {dag.py:3096} INFO - Sync 1 DAGs
[2025-03-11T03:13:59.861+0000] {logging_mixin.py:188} INFO - [2025-03-11T03:13:59.861+0000] {dag.py:3954} INFO - Setting next_dagrun for example_setup_teardown to 2025-03-10 00:00:00+00:00, run_after=2025-03-11 00:00:00+00:00
[2025-03-11T03:13:59.884+0000] {processor.py:183} INFO - Processing /home/airflow/.local/lib/python3.12/site-packages/airflow/example_dags/example_setup_teardown.py took 0.095 seconds
[2025-03-11T03:14:31.018+0000] {processor.py:161} INFO - Started process (PID=64173) to work on /home/airflow/.local/lib/python3.12/site-packages/airflow/example_dags/example_setup_teardown.py
[2025-03-11T03:14:31.020+0000] {processor.py:830} INFO - Processing file /home/airflow/.local/lib/python3.12/site-packages/airflow/example_dags/example_setup_teardown.py for tasks to queue
[2025-03-11T03:14:31.022+0000] {logging_mixin.py:188} INFO - [2025-03-11T03:14:31.021+0000] {dagbag.py:545} INFO - Filling up the DagBag from /home/airflow/.local/lib/python3.12/site-packages/airflow/example_dags/example_setup_teardown.py
[2025-03-11T03:14:31.036+0000] {processor.py:840} INFO - DAG(s) 'example_setup_teardown' retrieved from /home/airflow/.local/lib/python3.12/site-packages/airflow/example_dags/example_setup_teardown.py
[2025-03-11T03:14:31.073+0000] {logging_mixin.py:188} INFO - [2025-03-11T03:14:31.072+0000] {dag.py:3096} INFO - Sync 1 DAGs
[2025-03-11T03:14:31.115+0000] {logging_mixin.py:188} INFO - [2025-03-11T03:14:31.115+0000] {dag.py:3954} INFO - Setting next_dagrun for example_setup_teardown to 2025-03-10 00:00:00+00:00, run_after=2025-03-11 00:00:00+00:00
[2025-03-11T03:14:31.141+0000] {processor.py:183} INFO - Processing /home/airflow/.local/lib/python3.12/site-packages/airflow/example_dags/example_setup_teardown.py took 0.129 seconds
[2025-03-11T03:15:01.899+0000] {processor.py:161} INFO - Started process (PID=64322) to work on /home/airflow/.local/lib/python3.12/site-packages/airflow/example_dags/example_setup_teardown.py
[2025-03-11T03:15:01.904+0000] {processor.py:830} INFO - Processing file /home/airflow/.local/lib/python3.12/site-packages/airflow/example_dags/example_setup_teardown.py for tasks to queue
[2025-03-11T03:15:01.912+0000] {logging_mixin.py:188} INFO - [2025-03-11T03:15:01.911+0000] {dagbag.py:545} INFO - Filling up the DagBag from /home/airflow/.local/lib/python3.12/site-packages/airflow/example_dags/example_setup_teardown.py
[2025-03-11T03:15:01.930+0000] {processor.py:840} INFO - DAG(s) 'example_setup_teardown' retrieved from /home/airflow/.local/lib/python3.12/site-packages/airflow/example_dags/example_setup_teardown.py
[2025-03-11T03:15:01.966+0000] {logging_mixin.py:188} INFO - [2025-03-11T03:15:01.966+0000] {dag.py:3096} INFO - Sync 1 DAGs
[2025-03-11T03:15:01.998+0000] {logging_mixin.py:188} INFO - [2025-03-11T03:15:01.998+0000] {dag.py:3954} INFO - Setting next_dagrun for example_setup_teardown to 2025-03-10 00:00:00+00:00, run_after=2025-03-11 00:00:00+00:00
[2025-03-11T03:15:02.031+0000] {processor.py:183} INFO - Processing /home/airflow/.local/lib/python3.12/site-packages/airflow/example_dags/example_setup_teardown.py took 0.142 seconds
[2025-03-11T03:15:33.853+0000] {processor.py:161} INFO - Started process (PID=64584) to work on /home/airflow/.local/lib/python3.12/site-packages/airflow/example_dags/example_setup_teardown.py
[2025-03-11T03:15:33.855+0000] {processor.py:830} INFO - Processing file /home/airflow/.local/lib/python3.12/site-packages/airflow/example_dags/example_setup_teardown.py for tasks to queue
[2025-03-11T03:15:33.858+0000] {logging_mixin.py:188} INFO - [2025-03-11T03:15:33.858+0000] {dagbag.py:545} INFO - Filling up the DagBag from /home/airflow/.local/lib/python3.12/site-packages/airflow/example_dags/example_setup_teardown.py
[2025-03-11T03:15:33.865+0000] {processor.py:840} INFO - DAG(s) 'example_setup_teardown' retrieved from /home/airflow/.local/lib/python3.12/site-packages/airflow/example_dags/example_setup_teardown.py
[2025-03-11T03:15:33.887+0000] {logging_mixin.py:188} INFO - [2025-03-11T03:15:33.887+0000] {dag.py:3096} INFO - Sync 1 DAGs
[2025-03-11T03:15:33.910+0000] {logging_mixin.py:188} INFO - [2025-03-11T03:15:33.909+0000] {dag.py:3954} INFO - Setting next_dagrun for example_setup_teardown to 2025-03-10 00:00:00+00:00, run_after=2025-03-11 00:00:00+00:00
[2025-03-11T03:15:33.945+0000] {processor.py:183} INFO - Processing /home/airflow/.local/lib/python3.12/site-packages/airflow/example_dags/example_setup_teardown.py took 0.118 seconds
[2025-03-11T03:16:05.810+0000] {processor.py:161} INFO - Started process (PID=64846) to work on /home/airflow/.local/lib/python3.12/site-packages/airflow/example_dags/example_setup_teardown.py
[2025-03-11T03:16:05.812+0000] {processor.py:830} INFO - Processing file /home/airflow/.local/lib/python3.12/site-packages/airflow/example_dags/example_setup_teardown.py for tasks to queue
[2025-03-11T03:16:05.815+0000] {logging_mixin.py:188} INFO - [2025-03-11T03:16:05.814+0000] {dagbag.py:545} INFO - Filling up the DagBag from /home/airflow/.local/lib/python3.12/site-packages/airflow/example_dags/example_setup_teardown.py
[2025-03-11T03:16:05.822+0000] {processor.py:840} INFO - DAG(s) 'example_setup_teardown' retrieved from /home/airflow/.local/lib/python3.12/site-packages/airflow/example_dags/example_setup_teardown.py
[2025-03-11T03:16:05.849+0000] {logging_mixin.py:188} INFO - [2025-03-11T03:16:05.849+0000] {dag.py:3096} INFO - Sync 1 DAGs
[2025-03-11T03:16:05.876+0000] {logging_mixin.py:188} INFO - [2025-03-11T03:16:05.876+0000] {dag.py:3954} INFO - Setting next_dagrun for example_setup_teardown to 2025-03-10 00:00:00+00:00, run_after=2025-03-11 00:00:00+00:00
[2025-03-11T03:16:05.904+0000] {processor.py:183} INFO - Processing /home/airflow/.local/lib/python3.12/site-packages/airflow/example_dags/example_setup_teardown.py took 0.102 seconds
[2025-03-11T03:16:38.246+0000] {processor.py:161} INFO - Started process (PID=65108) to work on /home/airflow/.local/lib/python3.12/site-packages/airflow/example_dags/example_setup_teardown.py
[2025-03-11T03:16:38.251+0000] {processor.py:830} INFO - Processing file /home/airflow/.local/lib/python3.12/site-packages/airflow/example_dags/example_setup_teardown.py for tasks to queue
[2025-03-11T03:16:38.256+0000] {logging_mixin.py:188} INFO - [2025-03-11T03:16:38.255+0000] {dagbag.py:545} INFO - Filling up the DagBag from /home/airflow/.local/lib/python3.12/site-packages/airflow/example_dags/example_setup_teardown.py
[2025-03-11T03:16:38.273+0000] {processor.py:840} INFO - DAG(s) 'example_setup_teardown' retrieved from /home/airflow/.local/lib/python3.12/site-packages/airflow/example_dags/example_setup_teardown.py
[2025-03-11T03:16:38.301+0000] {logging_mixin.py:188} INFO - [2025-03-11T03:16:38.300+0000] {dag.py:3096} INFO - Sync 1 DAGs
[2025-03-11T03:16:38.332+0000] {logging_mixin.py:188} INFO - [2025-03-11T03:16:38.331+0000] {dag.py:3954} INFO - Setting next_dagrun for example_setup_teardown to 2025-03-10 00:00:00+00:00, run_after=2025-03-11 00:00:00+00:00
[2025-03-11T03:16:38.511+0000] {processor.py:183} INFO - Processing /home/airflow/.local/lib/python3.12/site-packages/airflow/example_dags/example_setup_teardown.py took 0.285 seconds
[2025-03-11T03:17:10.579+0000] {processor.py:161} INFO - Started process (PID=65370) to work on /home/airflow/.local/lib/python3.12/site-packages/airflow/example_dags/example_setup_teardown.py
[2025-03-11T03:17:10.582+0000] {processor.py:830} INFO - Processing file /home/airflow/.local/lib/python3.12/site-packages/airflow/example_dags/example_setup_teardown.py for tasks to queue
[2025-03-11T03:17:10.586+0000] {logging_mixin.py:188} INFO - [2025-03-11T03:17:10.585+0000] {dagbag.py:545} INFO - Filling up the DagBag from /home/airflow/.local/lib/python3.12/site-packages/airflow/example_dags/example_setup_teardown.py
[2025-03-11T03:17:10.596+0000] {processor.py:840} INFO - DAG(s) 'example_setup_teardown' retrieved from /home/airflow/.local/lib/python3.12/site-packages/airflow/example_dags/example_setup_teardown.py
[2025-03-11T03:17:10.622+0000] {logging_mixin.py:188} INFO - [2025-03-11T03:17:10.621+0000] {dag.py:3096} INFO - Sync 1 DAGs
[2025-03-11T03:17:10.646+0000] {logging_mixin.py:188} INFO - [2025-03-11T03:17:10.645+0000] {dag.py:3954} INFO - Setting next_dagrun for example_setup_teardown to 2025-03-10 00:00:00+00:00, run_after=2025-03-11 00:00:00+00:00
[2025-03-11T03:17:10.667+0000] {processor.py:183} INFO - Processing /home/airflow/.local/lib/python3.12/site-packages/airflow/example_dags/example_setup_teardown.py took 0.100 seconds
[2025-03-11T03:17:42.636+0000] {processor.py:161} INFO - Started process (PID=65632) to work on /home/airflow/.local/lib/python3.12/site-packages/airflow/example_dags/example_setup_teardown.py
[2025-03-11T03:17:42.639+0000] {processor.py:830} INFO - Processing file /home/airflow/.local/lib/python3.12/site-packages/airflow/example_dags/example_setup_teardown.py for tasks to queue
[2025-03-11T03:17:42.642+0000] {logging_mixin.py:188} INFO - [2025-03-11T03:17:42.641+0000] {dagbag.py:545} INFO - Filling up the DagBag from /home/airflow/.local/lib/python3.12/site-packages/airflow/example_dags/example_setup_teardown.py
[2025-03-11T03:17:42.651+0000] {processor.py:840} INFO - DAG(s) 'example_setup_teardown' retrieved from /home/airflow/.local/lib/python3.12/site-packages/airflow/example_dags/example_setup_teardown.py
[2025-03-11T03:17:42.828+0000] {logging_mixin.py:188} INFO - [2025-03-11T03:17:42.827+0000] {dag.py:3096} INFO - Sync 1 DAGs
[2025-03-11T03:17:42.850+0000] {logging_mixin.py:188} INFO - [2025-03-11T03:17:42.849+0000] {dag.py:3954} INFO - Setting next_dagrun for example_setup_teardown to 2025-03-10 00:00:00+00:00, run_after=2025-03-11 00:00:00+00:00
[2025-03-11T03:17:42.870+0000] {processor.py:183} INFO - Processing /home/airflow/.local/lib/python3.12/site-packages/airflow/example_dags/example_setup_teardown.py took 0.243 seconds
[2025-03-11T03:18:15.075+0000] {processor.py:161} INFO - Started process (PID=65894) to work on /home/airflow/.local/lib/python3.12/site-packages/airflow/example_dags/example_setup_teardown.py
[2025-03-11T03:18:15.076+0000] {processor.py:830} INFO - Processing file /home/airflow/.local/lib/python3.12/site-packages/airflow/example_dags/example_setup_teardown.py for tasks to queue
[2025-03-11T03:18:15.079+0000] {logging_mixin.py:188} INFO - [2025-03-11T03:18:15.079+0000] {dagbag.py:545} INFO - Filling up the DagBag from /home/airflow/.local/lib/python3.12/site-packages/airflow/example_dags/example_setup_teardown.py
[2025-03-11T03:18:15.088+0000] {processor.py:840} INFO - DAG(s) 'example_setup_teardown' retrieved from /home/airflow/.local/lib/python3.12/site-packages/airflow/example_dags/example_setup_teardown.py
[2025-03-11T03:18:15.114+0000] {logging_mixin.py:188} INFO - [2025-03-11T03:18:15.114+0000] {dag.py:3096} INFO - Sync 1 DAGs
[2025-03-11T03:18:15.141+0000] {logging_mixin.py:188} INFO - [2025-03-11T03:18:15.141+0000] {dag.py:3954} INFO - Setting next_dagrun for example_setup_teardown to 2025-03-10 00:00:00+00:00, run_after=2025-03-11 00:00:00+00:00
[2025-03-11T03:18:15.326+0000] {processor.py:183} INFO - Processing /home/airflow/.local/lib/python3.12/site-packages/airflow/example_dags/example_setup_teardown.py took 0.262 seconds
[2025-03-11T03:18:47.376+0000] {processor.py:161} INFO - Started process (PID=66156) to work on /home/airflow/.local/lib/python3.12/site-packages/airflow/example_dags/example_setup_teardown.py
[2025-03-11T03:18:47.378+0000] {processor.py:830} INFO - Processing file /home/airflow/.local/lib/python3.12/site-packages/airflow/example_dags/example_setup_teardown.py for tasks to queue
[2025-03-11T03:18:47.382+0000] {logging_mixin.py:188} INFO - [2025-03-11T03:18:47.381+0000] {dagbag.py:545} INFO - Filling up the DagBag from /home/airflow/.local/lib/python3.12/site-packages/airflow/example_dags/example_setup_teardown.py
[2025-03-11T03:18:47.391+0000] {processor.py:840} INFO - DAG(s) 'example_setup_teardown' retrieved from /home/airflow/.local/lib/python3.12/site-packages/airflow/example_dags/example_setup_teardown.py
[2025-03-11T03:18:47.420+0000] {logging_mixin.py:188} INFO - [2025-03-11T03:18:47.420+0000] {dag.py:3096} INFO - Sync 1 DAGs
[2025-03-11T03:18:47.451+0000] {logging_mixin.py:188} INFO - [2025-03-11T03:18:47.450+0000] {dag.py:3954} INFO - Setting next_dagrun for example_setup_teardown to 2025-03-10 00:00:00+00:00, run_after=2025-03-11 00:00:00+00:00
[2025-03-11T03:18:47.477+0000] {processor.py:183} INFO - Processing /home/airflow/.local/lib/python3.12/site-packages/airflow/example_dags/example_setup_teardown.py took 0.115 seconds
[2025-03-11T03:19:19.593+0000] {processor.py:161} INFO - Started process (PID=66418) to work on /home/airflow/.local/lib/python3.12/site-packages/airflow/example_dags/example_setup_teardown.py
[2025-03-11T03:19:19.595+0000] {processor.py:830} INFO - Processing file /home/airflow/.local/lib/python3.12/site-packages/airflow/example_dags/example_setup_teardown.py for tasks to queue
[2025-03-11T03:19:19.598+0000] {logging_mixin.py:188} INFO - [2025-03-11T03:19:19.597+0000] {dagbag.py:545} INFO - Filling up the DagBag from /home/airflow/.local/lib/python3.12/site-packages/airflow/example_dags/example_setup_teardown.py
[2025-03-11T03:19:19.609+0000] {processor.py:840} INFO - DAG(s) 'example_setup_teardown' retrieved from /home/airflow/.local/lib/python3.12/site-packages/airflow/example_dags/example_setup_teardown.py
[2025-03-11T03:19:19.635+0000] {logging_mixin.py:188} INFO - [2025-03-11T03:19:19.635+0000] {dag.py:3096} INFO - Sync 1 DAGs
[2025-03-11T03:19:19.662+0000] {logging_mixin.py:188} INFO - [2025-03-11T03:19:19.661+0000] {dag.py:3954} INFO - Setting next_dagrun for example_setup_teardown to 2025-03-10 00:00:00+00:00, run_after=2025-03-11 00:00:00+00:00
[2025-03-11T03:19:19.684+0000] {processor.py:183} INFO - Processing /home/airflow/.local/lib/python3.12/site-packages/airflow/example_dags/example_setup_teardown.py took 0.102 seconds
[2025-03-11T03:19:50.869+0000] {processor.py:161} INFO - Started process (PID=66680) to work on /home/airflow/.local/lib/python3.12/site-packages/airflow/example_dags/example_setup_teardown.py
[2025-03-11T03:19:50.871+0000] {processor.py:830} INFO - Processing file /home/airflow/.local/lib/python3.12/site-packages/airflow/example_dags/example_setup_teardown.py for tasks to queue
[2025-03-11T03:19:50.876+0000] {logging_mixin.py:188} INFO - [2025-03-11T03:19:50.875+0000] {dagbag.py:545} INFO - Filling up the DagBag from /home/airflow/.local/lib/python3.12/site-packages/airflow/example_dags/example_setup_teardown.py
[2025-03-11T03:19:50.887+0000] {processor.py:840} INFO - DAG(s) 'example_setup_teardown' retrieved from /home/airflow/.local/lib/python3.12/site-packages/airflow/example_dags/example_setup_teardown.py
[2025-03-11T03:19:50.916+0000] {logging_mixin.py:188} INFO - [2025-03-11T03:19:50.916+0000] {dag.py:3096} INFO - Sync 1 DAGs
[2025-03-11T03:19:50.941+0000] {logging_mixin.py:188} INFO - [2025-03-11T03:19:50.941+0000] {dag.py:3954} INFO - Setting next_dagrun for example_setup_teardown to 2025-03-10 00:00:00+00:00, run_after=2025-03-11 00:00:00+00:00
[2025-03-11T03:19:50.964+0000] {processor.py:183} INFO - Processing /home/airflow/.local/lib/python3.12/site-packages/airflow/example_dags/example_setup_teardown.py took 0.106 seconds
[2025-03-11T03:20:23.460+0000] {processor.py:161} INFO - Started process (PID=66941) to work on /home/airflow/.local/lib/python3.12/site-packages/airflow/example_dags/example_setup_teardown.py
[2025-03-11T03:20:23.462+0000] {processor.py:830} INFO - Processing file /home/airflow/.local/lib/python3.12/site-packages/airflow/example_dags/example_setup_teardown.py for tasks to queue
[2025-03-11T03:20:23.466+0000] {logging_mixin.py:188} INFO - [2025-03-11T03:20:23.465+0000] {dagbag.py:545} INFO - Filling up the DagBag from /home/airflow/.local/lib/python3.12/site-packages/airflow/example_dags/example_setup_teardown.py
[2025-03-11T03:20:23.477+0000] {processor.py:840} INFO - DAG(s) 'example_setup_teardown' retrieved from /home/airflow/.local/lib/python3.12/site-packages/airflow/example_dags/example_setup_teardown.py
[2025-03-11T03:20:23.500+0000] {logging_mixin.py:188} INFO - [2025-03-11T03:20:23.500+0000] {dag.py:3096} INFO - Sync 1 DAGs
[2025-03-11T03:20:23.524+0000] {logging_mixin.py:188} INFO - [2025-03-11T03:20:23.524+0000] {dag.py:3954} INFO - Setting next_dagrun for example_setup_teardown to 2025-03-10 00:00:00+00:00, run_after=2025-03-11 00:00:00+00:00
[2025-03-11T03:20:23.545+0000] {processor.py:183} INFO - Processing /home/airflow/.local/lib/python3.12/site-packages/airflow/example_dags/example_setup_teardown.py took 0.103 seconds
[2025-03-11T03:20:53.753+0000] {processor.py:161} INFO - Started process (PID=67203) to work on /home/airflow/.local/lib/python3.12/site-packages/airflow/example_dags/example_setup_teardown.py
[2025-03-11T03:20:53.755+0000] {processor.py:830} INFO - Processing file /home/airflow/.local/lib/python3.12/site-packages/airflow/example_dags/example_setup_teardown.py for tasks to queue
[2025-03-11T03:20:53.757+0000] {logging_mixin.py:188} INFO - [2025-03-11T03:20:53.757+0000] {dagbag.py:545} INFO - Filling up the DagBag from /home/airflow/.local/lib/python3.12/site-packages/airflow/example_dags/example_setup_teardown.py
[2025-03-11T03:20:53.764+0000] {processor.py:840} INFO - DAG(s) 'example_setup_teardown' retrieved from /home/airflow/.local/lib/python3.12/site-packages/airflow/example_dags/example_setup_teardown.py
[2025-03-11T03:20:55.177+0000] {logging_mixin.py:188} INFO - [2025-03-11T03:20:55.177+0000] {dag.py:3096} INFO - Sync 1 DAGs
[2025-03-11T03:20:55.200+0000] {logging_mixin.py:188} INFO - [2025-03-11T03:20:55.200+0000] {dag.py:3954} INFO - Setting next_dagrun for example_setup_teardown to 2025-03-10 00:00:00+00:00, run_after=2025-03-11 00:00:00+00:00
[2025-03-11T03:20:55.218+0000] {processor.py:183} INFO - Processing /home/airflow/.local/lib/python3.12/site-packages/airflow/example_dags/example_setup_teardown.py took 0.079 seconds
[2025-03-11T03:21:27.373+0000] {processor.py:161} INFO - Started process (PID=67465) to work on /home/airflow/.local/lib/python3.12/site-packages/airflow/example_dags/example_setup_teardown.py
[2025-03-11T03:21:27.376+0000] {processor.py:830} INFO - Processing file /home/airflow/.local/lib/python3.12/site-packages/airflow/example_dags/example_setup_teardown.py for tasks to queue
[2025-03-11T03:21:27.380+0000] {logging_mixin.py:188} INFO - [2025-03-11T03:21:27.380+0000] {dagbag.py:545} INFO - Filling up the DagBag from /home/airflow/.local/lib/python3.12/site-packages/airflow/example_dags/example_setup_teardown.py
[2025-03-11T03:21:27.387+0000] {processor.py:840} INFO - DAG(s) 'example_setup_teardown' retrieved from /home/airflow/.local/lib/python3.12/site-packages/airflow/example_dags/example_setup_teardown.py
[2025-03-11T03:21:27.410+0000] {logging_mixin.py:188} INFO - [2025-03-11T03:21:27.409+0000] {dag.py:3096} INFO - Sync 1 DAGs
[2025-03-11T03:21:27.435+0000] {logging_mixin.py:188} INFO - [2025-03-11T03:21:27.434+0000] {dag.py:3954} INFO - Setting next_dagrun for example_setup_teardown to 2025-03-10 00:00:00+00:00, run_after=2025-03-11 00:00:00+00:00
[2025-03-11T03:21:27.460+0000] {processor.py:183} INFO - Processing /home/airflow/.local/lib/python3.12/site-packages/airflow/example_dags/example_setup_teardown.py took 0.100 seconds
[2025-03-11T03:22:00.317+0000] {processor.py:161} INFO - Started process (PID=67727) to work on /home/airflow/.local/lib/python3.12/site-packages/airflow/example_dags/example_setup_teardown.py
[2025-03-11T03:22:00.318+0000] {processor.py:830} INFO - Processing file /home/airflow/.local/lib/python3.12/site-packages/airflow/example_dags/example_setup_teardown.py for tasks to queue
[2025-03-11T03:22:00.321+0000] {logging_mixin.py:188} INFO - [2025-03-11T03:22:00.321+0000] {dagbag.py:545} INFO - Filling up the DagBag from /home/airflow/.local/lib/python3.12/site-packages/airflow/example_dags/example_setup_teardown.py
[2025-03-11T03:22:00.330+0000] {processor.py:840} INFO - DAG(s) 'example_setup_teardown' retrieved from /home/airflow/.local/lib/python3.12/site-packages/airflow/example_dags/example_setup_teardown.py
[2025-03-11T03:22:00.360+0000] {logging_mixin.py:188} INFO - [2025-03-11T03:22:00.360+0000] {dag.py:3096} INFO - Sync 1 DAGs
[2025-03-11T03:22:00.388+0000] {logging_mixin.py:188} INFO - [2025-03-11T03:22:00.388+0000] {dag.py:3954} INFO - Setting next_dagrun for example_setup_teardown to 2025-03-10 00:00:00+00:00, run_after=2025-03-11 00:00:00+00:00
[2025-03-11T03:22:00.412+0000] {processor.py:183} INFO - Processing /home/airflow/.local/lib/python3.12/site-packages/airflow/example_dags/example_setup_teardown.py took 0.103 seconds
[2025-03-11T03:22:32.333+0000] {processor.py:161} INFO - Started process (PID=67989) to work on /home/airflow/.local/lib/python3.12/site-packages/airflow/example_dags/example_setup_teardown.py
[2025-03-11T03:22:32.335+0000] {processor.py:830} INFO - Processing file /home/airflow/.local/lib/python3.12/site-packages/airflow/example_dags/example_setup_teardown.py for tasks to queue
[2025-03-11T03:22:32.337+0000] {logging_mixin.py:188} INFO - [2025-03-11T03:22:32.337+0000] {dagbag.py:545} INFO - Filling up the DagBag from /home/airflow/.local/lib/python3.12/site-packages/airflow/example_dags/example_setup_teardown.py
[2025-03-11T03:22:32.345+0000] {processor.py:840} INFO - DAG(s) 'example_setup_teardown' retrieved from /home/airflow/.local/lib/python3.12/site-packages/airflow/example_dags/example_setup_teardown.py
[2025-03-11T03:22:32.370+0000] {logging_mixin.py:188} INFO - [2025-03-11T03:22:32.370+0000] {dag.py:3096} INFO - Sync 1 DAGs
[2025-03-11T03:22:32.393+0000] {logging_mixin.py:188} INFO - [2025-03-11T03:22:32.393+0000] {dag.py:3954} INFO - Setting next_dagrun for example_setup_teardown to 2025-03-10 00:00:00+00:00, run_after=2025-03-11 00:00:00+00:00
[2025-03-11T03:22:32.416+0000] {processor.py:183} INFO - Processing /home/airflow/.local/lib/python3.12/site-packages/airflow/example_dags/example_setup_teardown.py took 0.090 seconds
[2025-03-11T03:23:04.162+0000] {processor.py:161} INFO - Started process (PID=68251) to work on /home/airflow/.local/lib/python3.12/site-packages/airflow/example_dags/example_setup_teardown.py
[2025-03-11T03:23:04.165+0000] {processor.py:830} INFO - Processing file /home/airflow/.local/lib/python3.12/site-packages/airflow/example_dags/example_setup_teardown.py for tasks to queue
[2025-03-11T03:23:04.170+0000] {logging_mixin.py:188} INFO - [2025-03-11T03:23:04.170+0000] {dagbag.py:545} INFO - Filling up the DagBag from /home/airflow/.local/lib/python3.12/site-packages/airflow/example_dags/example_setup_teardown.py
[2025-03-11T03:23:04.187+0000] {processor.py:840} INFO - DAG(s) 'example_setup_teardown' retrieved from /home/airflow/.local/lib/python3.12/site-packages/airflow/example_dags/example_setup_teardown.py
[2025-03-11T03:23:04.236+0000] {logging_mixin.py:188} INFO - [2025-03-11T03:23:04.236+0000] {dag.py:3096} INFO - Sync 1 DAGs
[2025-03-11T03:23:04.268+0000] {logging_mixin.py:188} INFO - [2025-03-11T03:23:04.268+0000] {dag.py:3954} INFO - Setting next_dagrun for example_setup_teardown to 2025-03-10 00:00:00+00:00, run_after=2025-03-11 00:00:00+00:00
[2025-03-11T03:23:04.295+0000] {processor.py:183} INFO - Processing /home/airflow/.local/lib/python3.12/site-packages/airflow/example_dags/example_setup_teardown.py took 0.145 seconds
[2025-03-11T03:23:36.569+0000] {processor.py:161} INFO - Started process (PID=68513) to work on /home/airflow/.local/lib/python3.12/site-packages/airflow/example_dags/example_setup_teardown.py
[2025-03-11T03:23:36.571+0000] {processor.py:830} INFO - Processing file /home/airflow/.local/lib/python3.12/site-packages/airflow/example_dags/example_setup_teardown.py for tasks to queue
[2025-03-11T03:23:36.575+0000] {logging_mixin.py:188} INFO - [2025-03-11T03:23:36.574+0000] {dagbag.py:545} INFO - Filling up the DagBag from /home/airflow/.local/lib/python3.12/site-packages/airflow/example_dags/example_setup_teardown.py
[2025-03-11T03:23:36.586+0000] {processor.py:840} INFO - DAG(s) 'example_setup_teardown' retrieved from /home/airflow/.local/lib/python3.12/site-packages/airflow/example_dags/example_setup_teardown.py
[2025-03-11T03:23:36.609+0000] {logging_mixin.py:188} INFO - [2025-03-11T03:23:36.609+0000] {dag.py:3096} INFO - Sync 1 DAGs
[2025-03-11T03:23:36.630+0000] {logging_mixin.py:188} INFO - [2025-03-11T03:23:36.630+0000] {dag.py:3954} INFO - Setting next_dagrun for example_setup_teardown to 2025-03-10 00:00:00+00:00, run_after=2025-03-11 00:00:00+00:00
[2025-03-11T03:23:36.650+0000] {processor.py:183} INFO - Processing /home/airflow/.local/lib/python3.12/site-packages/airflow/example_dags/example_setup_teardown.py took 0.095 seconds
[2025-03-11T03:24:08.528+0000] {processor.py:161} INFO - Started process (PID=68775) to work on /home/airflow/.local/lib/python3.12/site-packages/airflow/example_dags/example_setup_teardown.py
[2025-03-11T03:24:08.530+0000] {processor.py:830} INFO - Processing file /home/airflow/.local/lib/python3.12/site-packages/airflow/example_dags/example_setup_teardown.py for tasks to queue
[2025-03-11T03:24:08.533+0000] {logging_mixin.py:188} INFO - [2025-03-11T03:24:08.533+0000] {dagbag.py:545} INFO - Filling up the DagBag from /home/airflow/.local/lib/python3.12/site-packages/airflow/example_dags/example_setup_teardown.py
[2025-03-11T03:24:08.542+0000] {processor.py:840} INFO - DAG(s) 'example_setup_teardown' retrieved from /home/airflow/.local/lib/python3.12/site-packages/airflow/example_dags/example_setup_teardown.py
[2025-03-11T03:24:08.569+0000] {logging_mixin.py:188} INFO - [2025-03-11T03:24:08.568+0000] {dag.py:3096} INFO - Sync 1 DAGs
[2025-03-11T03:24:08.597+0000] {logging_mixin.py:188} INFO - [2025-03-11T03:24:08.597+0000] {dag.py:3954} INFO - Setting next_dagrun for example_setup_teardown to 2025-03-10 00:00:00+00:00, run_after=2025-03-11 00:00:00+00:00
[2025-03-11T03:24:08.624+0000] {processor.py:183} INFO - Processing /home/airflow/.local/lib/python3.12/site-packages/airflow/example_dags/example_setup_teardown.py took 0.103 seconds
[2025-03-11T03:24:40.376+0000] {processor.py:161} INFO - Started process (PID=69037) to work on /home/airflow/.local/lib/python3.12/site-packages/airflow/example_dags/example_setup_teardown.py
[2025-03-11T03:24:40.378+0000] {processor.py:830} INFO - Processing file /home/airflow/.local/lib/python3.12/site-packages/airflow/example_dags/example_setup_teardown.py for tasks to queue
[2025-03-11T03:24:40.380+0000] {logging_mixin.py:188} INFO - [2025-03-11T03:24:40.380+0000] {dagbag.py:545} INFO - Filling up the DagBag from /home/airflow/.local/lib/python3.12/site-packages/airflow/example_dags/example_setup_teardown.py
[2025-03-11T03:24:40.387+0000] {processor.py:840} INFO - DAG(s) 'example_setup_teardown' retrieved from /home/airflow/.local/lib/python3.12/site-packages/airflow/example_dags/example_setup_teardown.py
[2025-03-11T03:24:40.408+0000] {logging_mixin.py:188} INFO - [2025-03-11T03:24:40.407+0000] {dag.py:3096} INFO - Sync 1 DAGs
[2025-03-11T03:24:40.429+0000] {logging_mixin.py:188} INFO - [2025-03-11T03:24:40.429+0000] {dag.py:3954} INFO - Setting next_dagrun for example_setup_teardown to 2025-03-10 00:00:00+00:00, run_after=2025-03-11 00:00:00+00:00
[2025-03-11T03:24:40.448+0000] {processor.py:183} INFO - Processing /home/airflow/.local/lib/python3.12/site-packages/airflow/example_dags/example_setup_teardown.py took 0.091 seconds
[2025-03-11T03:25:12.469+0000] {processor.py:161} INFO - Started process (PID=69299) to work on /home/airflow/.local/lib/python3.12/site-packages/airflow/example_dags/example_setup_teardown.py
[2025-03-11T03:25:12.471+0000] {processor.py:830} INFO - Processing file /home/airflow/.local/lib/python3.12/site-packages/airflow/example_dags/example_setup_teardown.py for tasks to queue
[2025-03-11T03:25:12.474+0000] {logging_mixin.py:188} INFO - [2025-03-11T03:25:12.474+0000] {dagbag.py:545} INFO - Filling up the DagBag from /home/airflow/.local/lib/python3.12/site-packages/airflow/example_dags/example_setup_teardown.py
[2025-03-11T03:25:12.481+0000] {processor.py:840} INFO - DAG(s) 'example_setup_teardown' retrieved from /home/airflow/.local/lib/python3.12/site-packages/airflow/example_dags/example_setup_teardown.py
[2025-03-11T03:25:12.504+0000] {logging_mixin.py:188} INFO - [2025-03-11T03:25:12.503+0000] {dag.py:3096} INFO - Sync 1 DAGs
[2025-03-11T03:25:12.526+0000] {logging_mixin.py:188} INFO - [2025-03-11T03:25:12.526+0000] {dag.py:3954} INFO - Setting next_dagrun for example_setup_teardown to 2025-03-10 00:00:00+00:00, run_after=2025-03-11 00:00:00+00:00
[2025-03-11T03:25:12.549+0000] {processor.py:183} INFO - Processing /home/airflow/.local/lib/python3.12/site-packages/airflow/example_dags/example_setup_teardown.py took 0.090 seconds
[2025-03-11T03:25:43.062+0000] {processor.py:161} INFO - Started process (PID=69561) to work on /home/airflow/.local/lib/python3.12/site-packages/airflow/example_dags/example_setup_teardown.py
[2025-03-11T03:25:43.064+0000] {processor.py:830} INFO - Processing file /home/airflow/.local/lib/python3.12/site-packages/airflow/example_dags/example_setup_teardown.py for tasks to queue
[2025-03-11T03:25:43.068+0000] {logging_mixin.py:188} INFO - [2025-03-11T03:25:43.067+0000] {dagbag.py:545} INFO - Filling up the DagBag from /home/airflow/.local/lib/python3.12/site-packages/airflow/example_dags/example_setup_teardown.py
[2025-03-11T03:25:43.077+0000] {processor.py:840} INFO - DAG(s) 'example_setup_teardown' retrieved from /home/airflow/.local/lib/python3.12/site-packages/airflow/example_dags/example_setup_teardown.py
[2025-03-11T03:25:43.103+0000] {logging_mixin.py:188} INFO - [2025-03-11T03:25:43.103+0000] {dag.py:3096} INFO - Sync 1 DAGs
[2025-03-11T03:25:44.524+0000] {logging_mixin.py:188} INFO - [2025-03-11T03:25:44.524+0000] {dag.py:3954} INFO - Setting next_dagrun for example_setup_teardown to 2025-03-10 00:00:00+00:00, run_after=2025-03-11 00:00:00+00:00
[2025-03-11T03:25:44.546+0000] {processor.py:183} INFO - Processing /home/airflow/.local/lib/python3.12/site-packages/airflow/example_dags/example_setup_teardown.py took 0.099 seconds
[2025-03-11T03:26:17.245+0000] {processor.py:161} INFO - Started process (PID=69823) to work on /home/airflow/.local/lib/python3.12/site-packages/airflow/example_dags/example_setup_teardown.py
[2025-03-11T03:26:17.247+0000] {processor.py:830} INFO - Processing file /home/airflow/.local/lib/python3.12/site-packages/airflow/example_dags/example_setup_teardown.py for tasks to queue
[2025-03-11T03:26:17.249+0000] {logging_mixin.py:188} INFO - [2025-03-11T03:26:17.249+0000] {dagbag.py:545} INFO - Filling up the DagBag from /home/airflow/.local/lib/python3.12/site-packages/airflow/example_dags/example_setup_teardown.py
[2025-03-11T03:26:17.258+0000] {processor.py:840} INFO - DAG(s) 'example_setup_teardown' retrieved from /home/airflow/.local/lib/python3.12/site-packages/airflow/example_dags/example_setup_teardown.py
[2025-03-11T03:26:17.280+0000] {logging_mixin.py:188} INFO - [2025-03-11T03:26:17.280+0000] {dag.py:3096} INFO - Sync 1 DAGs
[2025-03-11T03:26:17.301+0000] {logging_mixin.py:188} INFO - [2025-03-11T03:26:17.300+0000] {dag.py:3954} INFO - Setting next_dagrun for example_setup_teardown to 2025-03-10 00:00:00+00:00, run_after=2025-03-11 00:00:00+00:00
[2025-03-11T03:26:17.322+0000] {processor.py:183} INFO - Processing /home/airflow/.local/lib/python3.12/site-packages/airflow/example_dags/example_setup_teardown.py took 0.084 seconds
[2025-03-11T03:26:48.690+0000] {processor.py:161} INFO - Started process (PID=70085) to work on /home/airflow/.local/lib/python3.12/site-packages/airflow/example_dags/example_setup_teardown.py
[2025-03-11T03:26:48.692+0000] {processor.py:830} INFO - Processing file /home/airflow/.local/lib/python3.12/site-packages/airflow/example_dags/example_setup_teardown.py for tasks to queue
[2025-03-11T03:26:48.696+0000] {logging_mixin.py:188} INFO - [2025-03-11T03:26:48.695+0000] {dagbag.py:545} INFO - Filling up the DagBag from /home/airflow/.local/lib/python3.12/site-packages/airflow/example_dags/example_setup_teardown.py
[2025-03-11T03:26:48.705+0000] {processor.py:840} INFO - DAG(s) 'example_setup_teardown' retrieved from /home/airflow/.local/lib/python3.12/site-packages/airflow/example_dags/example_setup_teardown.py
[2025-03-11T03:26:48.732+0000] {logging_mixin.py:188} INFO - [2025-03-11T03:26:48.732+0000] {dag.py:3096} INFO - Sync 1 DAGs
[2025-03-11T03:26:48.756+0000] {logging_mixin.py:188} INFO - [2025-03-11T03:26:48.756+0000] {dag.py:3954} INFO - Setting next_dagrun for example_setup_teardown to 2025-03-10 00:00:00+00:00, run_after=2025-03-11 00:00:00+00:00
[2025-03-11T03:26:48.783+0000] {processor.py:183} INFO - Processing /home/airflow/.local/lib/python3.12/site-packages/airflow/example_dags/example_setup_teardown.py took 0.103 seconds
[2025-03-11T03:27:21.295+0000] {processor.py:161} INFO - Started process (PID=70347) to work on /home/airflow/.local/lib/python3.12/site-packages/airflow/example_dags/example_setup_teardown.py
[2025-03-11T03:27:21.297+0000] {processor.py:830} INFO - Processing file /home/airflow/.local/lib/python3.12/site-packages/airflow/example_dags/example_setup_teardown.py for tasks to queue
[2025-03-11T03:27:21.300+0000] {logging_mixin.py:188} INFO - [2025-03-11T03:27:21.300+0000] {dagbag.py:545} INFO - Filling up the DagBag from /home/airflow/.local/lib/python3.12/site-packages/airflow/example_dags/example_setup_teardown.py
[2025-03-11T03:27:21.308+0000] {processor.py:840} INFO - DAG(s) 'example_setup_teardown' retrieved from /home/airflow/.local/lib/python3.12/site-packages/airflow/example_dags/example_setup_teardown.py
[2025-03-11T03:27:21.335+0000] {logging_mixin.py:188} INFO - [2025-03-11T03:27:21.335+0000] {dag.py:3096} INFO - Sync 1 DAGs
[2025-03-11T03:27:21.362+0000] {logging_mixin.py:188} INFO - [2025-03-11T03:27:21.362+0000] {dag.py:3954} INFO - Setting next_dagrun for example_setup_teardown to 2025-03-10 00:00:00+00:00, run_after=2025-03-11 00:00:00+00:00
[2025-03-11T03:27:21.386+0000] {processor.py:183} INFO - Processing /home/airflow/.local/lib/python3.12/site-packages/airflow/example_dags/example_setup_teardown.py took 0.098 seconds
[2025-03-11T03:27:52.811+0000] {processor.py:161} INFO - Started process (PID=70609) to work on /home/airflow/.local/lib/python3.12/site-packages/airflow/example_dags/example_setup_teardown.py
[2025-03-11T03:27:52.813+0000] {processor.py:830} INFO - Processing file /home/airflow/.local/lib/python3.12/site-packages/airflow/example_dags/example_setup_teardown.py for tasks to queue
[2025-03-11T03:27:52.817+0000] {logging_mixin.py:188} INFO - [2025-03-11T03:27:52.816+0000] {dagbag.py:545} INFO - Filling up the DagBag from /home/airflow/.local/lib/python3.12/site-packages/airflow/example_dags/example_setup_teardown.py
[2025-03-11T03:27:52.825+0000] {processor.py:840} INFO - DAG(s) 'example_setup_teardown' retrieved from /home/airflow/.local/lib/python3.12/site-packages/airflow/example_dags/example_setup_teardown.py
[2025-03-11T03:27:52.855+0000] {logging_mixin.py:188} INFO - [2025-03-11T03:27:52.854+0000] {dag.py:3096} INFO - Sync 1 DAGs
[2025-03-11T03:27:52.882+0000] {logging_mixin.py:188} INFO - [2025-03-11T03:27:52.882+0000] {dag.py:3954} INFO - Setting next_dagrun for example_setup_teardown to 2025-03-10 00:00:00+00:00, run_after=2025-03-11 00:00:00+00:00
[2025-03-11T03:27:52.902+0000] {processor.py:183} INFO - Processing /home/airflow/.local/lib/python3.12/site-packages/airflow/example_dags/example_setup_teardown.py took 0.105 seconds
[2025-03-11T03:28:25.339+0000] {processor.py:161} INFO - Started process (PID=70871) to work on /home/airflow/.local/lib/python3.12/site-packages/airflow/example_dags/example_setup_teardown.py
[2025-03-11T03:28:25.342+0000] {processor.py:830} INFO - Processing file /home/airflow/.local/lib/python3.12/site-packages/airflow/example_dags/example_setup_teardown.py for tasks to queue
[2025-03-11T03:28:25.347+0000] {logging_mixin.py:188} INFO - [2025-03-11T03:28:25.347+0000] {dagbag.py:545} INFO - Filling up the DagBag from /home/airflow/.local/lib/python3.12/site-packages/airflow/example_dags/example_setup_teardown.py
[2025-03-11T03:28:25.357+0000] {processor.py:840} INFO - DAG(s) 'example_setup_teardown' retrieved from /home/airflow/.local/lib/python3.12/site-packages/airflow/example_dags/example_setup_teardown.py
[2025-03-11T03:28:25.394+0000] {logging_mixin.py:188} INFO - [2025-03-11T03:28:25.394+0000] {dag.py:3096} INFO - Sync 1 DAGs
[2025-03-11T03:28:25.421+0000] {logging_mixin.py:188} INFO - [2025-03-11T03:28:25.421+0000] {dag.py:3954} INFO - Setting next_dagrun for example_setup_teardown to 2025-03-10 00:00:00+00:00, run_after=2025-03-11 00:00:00+00:00
[2025-03-11T03:28:25.457+0000] {processor.py:183} INFO - Processing /home/airflow/.local/lib/python3.12/site-packages/airflow/example_dags/example_setup_teardown.py took 0.129 seconds
[2025-03-11T03:28:57.464+0000] {processor.py:161} INFO - Started process (PID=71133) to work on /home/airflow/.local/lib/python3.12/site-packages/airflow/example_dags/example_setup_teardown.py
[2025-03-11T03:28:57.468+0000] {processor.py:830} INFO - Processing file /home/airflow/.local/lib/python3.12/site-packages/airflow/example_dags/example_setup_teardown.py for tasks to queue
[2025-03-11T03:28:57.471+0000] {logging_mixin.py:188} INFO - [2025-03-11T03:28:57.471+0000] {dagbag.py:545} INFO - Filling up the DagBag from /home/airflow/.local/lib/python3.12/site-packages/airflow/example_dags/example_setup_teardown.py
[2025-03-11T03:28:57.481+0000] {processor.py:840} INFO - DAG(s) 'example_setup_teardown' retrieved from /home/airflow/.local/lib/python3.12/site-packages/airflow/example_dags/example_setup_teardown.py
[2025-03-11T03:28:57.509+0000] {logging_mixin.py:188} INFO - [2025-03-11T03:28:57.509+0000] {dag.py:3096} INFO - Sync 1 DAGs
[2025-03-11T03:28:57.532+0000] {logging_mixin.py:188} INFO - [2025-03-11T03:28:57.531+0000] {dag.py:3954} INFO - Setting next_dagrun for example_setup_teardown to 2025-03-10 00:00:00+00:00, run_after=2025-03-11 00:00:00+00:00
[2025-03-11T03:28:57.552+0000] {processor.py:183} INFO - Processing /home/airflow/.local/lib/python3.12/site-packages/airflow/example_dags/example_setup_teardown.py took 0.111 seconds
[2025-03-11T03:29:29.630+0000] {processor.py:161} INFO - Started process (PID=71395) to work on /home/airflow/.local/lib/python3.12/site-packages/airflow/example_dags/example_setup_teardown.py
[2025-03-11T03:29:29.631+0000] {processor.py:830} INFO - Processing file /home/airflow/.local/lib/python3.12/site-packages/airflow/example_dags/example_setup_teardown.py for tasks to queue
[2025-03-11T03:29:29.634+0000] {logging_mixin.py:188} INFO - [2025-03-11T03:29:29.633+0000] {dagbag.py:545} INFO - Filling up the DagBag from /home/airflow/.local/lib/python3.12/site-packages/airflow/example_dags/example_setup_teardown.py
[2025-03-11T03:29:29.641+0000] {processor.py:840} INFO - DAG(s) 'example_setup_teardown' retrieved from /home/airflow/.local/lib/python3.12/site-packages/airflow/example_dags/example_setup_teardown.py
[2025-03-11T03:29:29.664+0000] {logging_mixin.py:188} INFO - [2025-03-11T03:29:29.663+0000] {dag.py:3096} INFO - Sync 1 DAGs
[2025-03-11T03:29:29.687+0000] {logging_mixin.py:188} INFO - [2025-03-11T03:29:29.687+0000] {dag.py:3954} INFO - Setting next_dagrun for example_setup_teardown to 2025-03-10 00:00:00+00:00, run_after=2025-03-11 00:00:00+00:00
[2025-03-11T03:29:29.709+0000] {processor.py:183} INFO - Processing /home/airflow/.local/lib/python3.12/site-packages/airflow/example_dags/example_setup_teardown.py took 0.086 seconds
[2025-03-11T03:30:01.503+0000] {processor.py:161} INFO - Started process (PID=71657) to work on /home/airflow/.local/lib/python3.12/site-packages/airflow/example_dags/example_setup_teardown.py
[2025-03-11T03:30:01.504+0000] {processor.py:830} INFO - Processing file /home/airflow/.local/lib/python3.12/site-packages/airflow/example_dags/example_setup_teardown.py for tasks to queue
[2025-03-11T03:30:01.507+0000] {logging_mixin.py:188} INFO - [2025-03-11T03:30:01.506+0000] {dagbag.py:545} INFO - Filling up the DagBag from /home/airflow/.local/lib/python3.12/site-packages/airflow/example_dags/example_setup_teardown.py
[2025-03-11T03:30:01.513+0000] {processor.py:840} INFO - DAG(s) 'example_setup_teardown' retrieved from /home/airflow/.local/lib/python3.12/site-packages/airflow/example_dags/example_setup_teardown.py
[2025-03-11T03:30:01.535+0000] {logging_mixin.py:188} INFO - [2025-03-11T03:30:01.534+0000] {dag.py:3096} INFO - Sync 1 DAGs
[2025-03-11T03:30:01.559+0000] {logging_mixin.py:188} INFO - [2025-03-11T03:30:01.558+0000] {dag.py:3954} INFO - Setting next_dagrun for example_setup_teardown to 2025-03-10 00:00:00+00:00, run_after=2025-03-11 00:00:00+00:00
[2025-03-11T03:30:01.579+0000] {processor.py:183} INFO - Processing /home/airflow/.local/lib/python3.12/site-packages/airflow/example_dags/example_setup_teardown.py took 0.082 seconds
[2025-03-11T03:30:33.994+0000] {processor.py:161} INFO - Started process (PID=71919) to work on /home/airflow/.local/lib/python3.12/site-packages/airflow/example_dags/example_setup_teardown.py
[2025-03-11T03:30:34.001+0000] {processor.py:830} INFO - Processing file /home/airflow/.local/lib/python3.12/site-packages/airflow/example_dags/example_setup_teardown.py for tasks to queue
[2025-03-11T03:30:34.009+0000] {logging_mixin.py:188} INFO - [2025-03-11T03:30:34.008+0000] {dagbag.py:545} INFO - Filling up the DagBag from /home/airflow/.local/lib/python3.12/site-packages/airflow/example_dags/example_setup_teardown.py
[2025-03-11T03:30:34.025+0000] {processor.py:840} INFO - DAG(s) 'example_setup_teardown' retrieved from /home/airflow/.local/lib/python3.12/site-packages/airflow/example_dags/example_setup_teardown.py
[2025-03-11T03:30:34.062+0000] {logging_mixin.py:188} INFO - [2025-03-11T03:30:34.061+0000] {dag.py:3096} INFO - Sync 1 DAGs
[2025-03-11T03:30:34.093+0000] {logging_mixin.py:188} INFO - [2025-03-11T03:30:34.092+0000] {dag.py:3954} INFO - Setting next_dagrun for example_setup_teardown to 2025-03-10 00:00:00+00:00, run_after=2025-03-11 00:00:00+00:00
[2025-03-11T03:30:34.123+0000] {processor.py:183} INFO - Processing /home/airflow/.local/lib/python3.12/site-packages/airflow/example_dags/example_setup_teardown.py took 0.143 seconds
[2025-03-11T03:31:05.275+0000] {processor.py:161} INFO - Started process (PID=72181) to work on /home/airflow/.local/lib/python3.12/site-packages/airflow/example_dags/example_setup_teardown.py
[2025-03-11T03:31:05.278+0000] {processor.py:830} INFO - Processing file /home/airflow/.local/lib/python3.12/site-packages/airflow/example_dags/example_setup_teardown.py for tasks to queue
[2025-03-11T03:31:05.281+0000] {logging_mixin.py:188} INFO - [2025-03-11T03:31:05.280+0000] {dagbag.py:545} INFO - Filling up the DagBag from /home/airflow/.local/lib/python3.12/site-packages/airflow/example_dags/example_setup_teardown.py
[2025-03-11T03:31:05.290+0000] {processor.py:840} INFO - DAG(s) 'example_setup_teardown' retrieved from /home/airflow/.local/lib/python3.12/site-packages/airflow/example_dags/example_setup_teardown.py
[2025-03-11T03:31:05.312+0000] {logging_mixin.py:188} INFO - [2025-03-11T03:31:05.312+0000] {dag.py:3096} INFO - Sync 1 DAGs
[2025-03-11T03:31:05.336+0000] {logging_mixin.py:188} INFO - [2025-03-11T03:31:05.336+0000] {dag.py:3954} INFO - Setting next_dagrun for example_setup_teardown to 2025-03-10 00:00:00+00:00, run_after=2025-03-11 00:00:00+00:00
[2025-03-11T03:31:05.356+0000] {processor.py:183} INFO - Processing /home/airflow/.local/lib/python3.12/site-packages/airflow/example_dags/example_setup_teardown.py took 0.088 seconds
[2025-03-11T03:31:37.679+0000] {processor.py:161} INFO - Started process (PID=72443) to work on /home/airflow/.local/lib/python3.12/site-packages/airflow/example_dags/example_setup_teardown.py
[2025-03-11T03:31:37.681+0000] {processor.py:830} INFO - Processing file /home/airflow/.local/lib/python3.12/site-packages/airflow/example_dags/example_setup_teardown.py for tasks to queue
[2025-03-11T03:31:37.687+0000] {logging_mixin.py:188} INFO - [2025-03-11T03:31:37.686+0000] {dagbag.py:545} INFO - Filling up the DagBag from /home/airflow/.local/lib/python3.12/site-packages/airflow/example_dags/example_setup_teardown.py
[2025-03-11T03:31:37.696+0000] {processor.py:840} INFO - DAG(s) 'example_setup_teardown' retrieved from /home/airflow/.local/lib/python3.12/site-packages/airflow/example_dags/example_setup_teardown.py
[2025-03-11T03:31:37.729+0000] {logging_mixin.py:188} INFO - [2025-03-11T03:31:37.728+0000] {dag.py:3096} INFO - Sync 1 DAGs
[2025-03-11T03:31:37.762+0000] {logging_mixin.py:188} INFO - [2025-03-11T03:31:37.762+0000] {dag.py:3954} INFO - Setting next_dagrun for example_setup_teardown to 2025-03-10 00:00:00+00:00, run_after=2025-03-11 00:00:00+00:00
[2025-03-11T03:31:37.784+0000] {processor.py:183} INFO - Processing /home/airflow/.local/lib/python3.12/site-packages/airflow/example_dags/example_setup_teardown.py took 0.113 seconds
[2025-03-11T03:32:09.351+0000] {processor.py:161} INFO - Started process (PID=72705) to work on /home/airflow/.local/lib/python3.12/site-packages/airflow/example_dags/example_setup_teardown.py
[2025-03-11T03:32:09.352+0000] {processor.py:830} INFO - Processing file /home/airflow/.local/lib/python3.12/site-packages/airflow/example_dags/example_setup_teardown.py for tasks to queue
[2025-03-11T03:32:09.358+0000] {logging_mixin.py:188} INFO - [2025-03-11T03:32:09.357+0000] {dagbag.py:545} INFO - Filling up the DagBag from /home/airflow/.local/lib/python3.12/site-packages/airflow/example_dags/example_setup_teardown.py
[2025-03-11T03:32:09.373+0000] {processor.py:840} INFO - DAG(s) 'example_setup_teardown' retrieved from /home/airflow/.local/lib/python3.12/site-packages/airflow/example_dags/example_setup_teardown.py
[2025-03-11T03:32:09.409+0000] {logging_mixin.py:188} INFO - [2025-03-11T03:32:09.408+0000] {dag.py:3096} INFO - Sync 1 DAGs
[2025-03-11T03:32:09.438+0000] {logging_mixin.py:188} INFO - [2025-03-11T03:32:09.438+0000] {dag.py:3954} INFO - Setting next_dagrun for example_setup_teardown to 2025-03-10 00:00:00+00:00, run_after=2025-03-11 00:00:00+00:00
[2025-03-11T03:32:09.463+0000] {processor.py:183} INFO - Processing /home/airflow/.local/lib/python3.12/site-packages/airflow/example_dags/example_setup_teardown.py took 0.129 seconds
[2025-03-11T03:32:40.093+0000] {processor.py:161} INFO - Started process (PID=72967) to work on /home/airflow/.local/lib/python3.12/site-packages/airflow/example_dags/example_setup_teardown.py
[2025-03-11T03:32:40.095+0000] {processor.py:830} INFO - Processing file /home/airflow/.local/lib/python3.12/site-packages/airflow/example_dags/example_setup_teardown.py for tasks to queue
[2025-03-11T03:32:40.098+0000] {logging_mixin.py:188} INFO - [2025-03-11T03:32:40.097+0000] {dagbag.py:545} INFO - Filling up the DagBag from /home/airflow/.local/lib/python3.12/site-packages/airflow/example_dags/example_setup_teardown.py
[2025-03-11T03:32:40.106+0000] {processor.py:840} INFO - DAG(s) 'example_setup_teardown' retrieved from /home/airflow/.local/lib/python3.12/site-packages/airflow/example_dags/example_setup_teardown.py
[2025-03-11T03:32:41.515+0000] {logging_mixin.py:188} INFO - [2025-03-11T03:32:41.514+0000] {dag.py:3096} INFO - Sync 1 DAGs
[2025-03-11T03:32:41.543+0000] {logging_mixin.py:188} INFO - [2025-03-11T03:32:41.543+0000] {dag.py:3954} INFO - Setting next_dagrun for example_setup_teardown to 2025-03-10 00:00:00+00:00, run_after=2025-03-11 00:00:00+00:00
[2025-03-11T03:32:41.570+0000] {processor.py:183} INFO - Processing /home/airflow/.local/lib/python3.12/site-packages/airflow/example_dags/example_setup_teardown.py took 0.112 seconds
