[2025-03-11T03:05:15.580+0000] {processor.py:161} INFO - Started process (PID=59463) to work on /home/airflow/.local/lib/python3.12/site-packages/airflow/example_dags/example_nested_branch_dag.py
[2025-03-11T03:05:15.582+0000] {processor.py:830} INFO - Processing file /home/airflow/.local/lib/python3.12/site-packages/airflow/example_dags/example_nested_branch_dag.py for tasks to queue
[2025-03-11T03:05:15.591+0000] {logging_mixin.py:188} INFO - [2025-03-11T03:05:15.590+0000] {dagbag.py:545} INFO - Filling up the DagBag from /home/airflow/.local/lib/python3.12/site-packages/airflow/example_dags/example_nested_branch_dag.py
[2025-03-11T03:05:15.609+0000] {processor.py:840} INFO - DAG(s) 'example_nested_branch_dag' retrieved from /home/airflow/.local/lib/python3.12/site-packages/airflow/example_dags/example_nested_branch_dag.py
[2025-03-11T03:05:15.636+0000] {logging_mixin.py:188} INFO - [2025-03-11T03:05:15.636+0000] {dag.py:3096} INFO - Sync 1 DAGs
[2025-03-11T03:05:15.678+0000] {logging_mixin.py:188} INFO - [2025-03-11T03:05:15.677+0000] {dag.py:3954} INFO - Setting next_dagrun for example_nested_branch_dag to 2025-03-10 00:00:00+00:00, run_after=2025-03-11 00:00:00+00:00
[2025-03-11T03:05:15.717+0000] {processor.py:183} INFO - Processing /home/airflow/.local/lib/python3.12/site-packages/airflow/example_dags/example_nested_branch_dag.py took 0.144 seconds
[2025-03-11T03:05:46.235+0000] {processor.py:161} INFO - Started process (PID=59725) to work on /home/airflow/.local/lib/python3.12/site-packages/airflow/example_dags/example_nested_branch_dag.py
[2025-03-11T03:05:46.236+0000] {processor.py:830} INFO - Processing file /home/airflow/.local/lib/python3.12/site-packages/airflow/example_dags/example_nested_branch_dag.py for tasks to queue
[2025-03-11T03:05:46.238+0000] {logging_mixin.py:188} INFO - [2025-03-11T03:05:46.237+0000] {dagbag.py:545} INFO - Filling up the DagBag from /home/airflow/.local/lib/python3.12/site-packages/airflow/example_dags/example_nested_branch_dag.py
[2025-03-11T03:05:46.247+0000] {processor.py:840} INFO - DAG(s) 'example_nested_branch_dag' retrieved from /home/airflow/.local/lib/python3.12/site-packages/airflow/example_dags/example_nested_branch_dag.py
[2025-03-11T03:05:46.268+0000] {logging_mixin.py:188} INFO - [2025-03-11T03:05:46.268+0000] {dag.py:3096} INFO - Sync 1 DAGs
[2025-03-11T03:05:46.314+0000] {logging_mixin.py:188} INFO - [2025-03-11T03:05:46.314+0000] {dag.py:3954} INFO - Setting next_dagrun for example_nested_branch_dag to 2025-03-10 00:00:00+00:00, run_after=2025-03-11 00:00:00+00:00
[2025-03-11T03:05:46.377+0000] {processor.py:183} INFO - Processing /home/airflow/.local/lib/python3.12/site-packages/airflow/example_dags/example_nested_branch_dag.py took 0.148 seconds
[2025-03-11T03:06:16.505+0000] {processor.py:161} INFO - Started process (PID=59989) to work on /home/airflow/.local/lib/python3.12/site-packages/airflow/example_dags/example_nested_branch_dag.py
[2025-03-11T03:06:16.505+0000] {processor.py:830} INFO - Processing file /home/airflow/.local/lib/python3.12/site-packages/airflow/example_dags/example_nested_branch_dag.py for tasks to queue
[2025-03-11T03:06:16.507+0000] {logging_mixin.py:188} INFO - [2025-03-11T03:06:16.507+0000] {dagbag.py:545} INFO - Filling up the DagBag from /home/airflow/.local/lib/python3.12/site-packages/airflow/example_dags/example_nested_branch_dag.py
[2025-03-11T03:06:16.515+0000] {processor.py:840} INFO - DAG(s) 'example_nested_branch_dag' retrieved from /home/airflow/.local/lib/python3.12/site-packages/airflow/example_dags/example_nested_branch_dag.py
[2025-03-11T03:06:16.534+0000] {logging_mixin.py:188} INFO - [2025-03-11T03:06:16.533+0000] {dag.py:3096} INFO - Sync 1 DAGs
[2025-03-11T03:06:16.551+0000] {logging_mixin.py:188} INFO - [2025-03-11T03:06:16.551+0000] {dag.py:3954} INFO - Setting next_dagrun for example_nested_branch_dag to 2025-03-10 00:00:00+00:00, run_after=2025-03-11 00:00:00+00:00
[2025-03-11T03:06:16.568+0000] {processor.py:183} INFO - Processing /home/airflow/.local/lib/python3.12/site-packages/airflow/example_dags/example_nested_branch_dag.py took 0.068 seconds
[2025-03-11T03:06:47.087+0000] {processor.py:161} INFO - Started process (PID=60251) to work on /home/airflow/.local/lib/python3.12/site-packages/airflow/example_dags/example_nested_branch_dag.py
[2025-03-11T03:06:47.089+0000] {processor.py:830} INFO - Processing file /home/airflow/.local/lib/python3.12/site-packages/airflow/example_dags/example_nested_branch_dag.py for tasks to queue
[2025-03-11T03:06:47.091+0000] {logging_mixin.py:188} INFO - [2025-03-11T03:06:47.091+0000] {dagbag.py:545} INFO - Filling up the DagBag from /home/airflow/.local/lib/python3.12/site-packages/airflow/example_dags/example_nested_branch_dag.py
[2025-03-11T03:06:47.101+0000] {processor.py:840} INFO - DAG(s) 'example_nested_branch_dag' retrieved from /home/airflow/.local/lib/python3.12/site-packages/airflow/example_dags/example_nested_branch_dag.py
[2025-03-11T03:06:47.128+0000] {logging_mixin.py:188} INFO - [2025-03-11T03:06:47.128+0000] {dag.py:3096} INFO - Sync 1 DAGs
[2025-03-11T03:06:47.158+0000] {logging_mixin.py:188} INFO - [2025-03-11T03:06:47.158+0000] {dag.py:3954} INFO - Setting next_dagrun for example_nested_branch_dag to 2025-03-10 00:00:00+00:00, run_after=2025-03-11 00:00:00+00:00
[2025-03-11T03:06:47.186+0000] {processor.py:183} INFO - Processing /home/airflow/.local/lib/python3.12/site-packages/airflow/example_dags/example_nested_branch_dag.py took 0.110 seconds
[2025-03-11T03:07:17.792+0000] {processor.py:161} INFO - Started process (PID=60513) to work on /home/airflow/.local/lib/python3.12/site-packages/airflow/example_dags/example_nested_branch_dag.py
[2025-03-11T03:07:17.793+0000] {processor.py:830} INFO - Processing file /home/airflow/.local/lib/python3.12/site-packages/airflow/example_dags/example_nested_branch_dag.py for tasks to queue
[2025-03-11T03:07:17.797+0000] {logging_mixin.py:188} INFO - [2025-03-11T03:07:17.796+0000] {dagbag.py:545} INFO - Filling up the DagBag from /home/airflow/.local/lib/python3.12/site-packages/airflow/example_dags/example_nested_branch_dag.py
[2025-03-11T03:07:17.812+0000] {processor.py:840} INFO - DAG(s) 'example_nested_branch_dag' retrieved from /home/airflow/.local/lib/python3.12/site-packages/airflow/example_dags/example_nested_branch_dag.py
[2025-03-11T03:07:17.841+0000] {logging_mixin.py:188} INFO - [2025-03-11T03:07:17.840+0000] {dag.py:3096} INFO - Sync 1 DAGs
[2025-03-11T03:07:17.863+0000] {logging_mixin.py:188} INFO - [2025-03-11T03:07:17.863+0000] {dag.py:3954} INFO - Setting next_dagrun for example_nested_branch_dag to 2025-03-10 00:00:00+00:00, run_after=2025-03-11 00:00:00+00:00
[2025-03-11T03:07:17.911+0000] {processor.py:183} INFO - Processing /home/airflow/.local/lib/python3.12/site-packages/airflow/example_dags/example_nested_branch_dag.py took 0.127 seconds
[2025-03-11T03:07:47.959+0000] {processor.py:161} INFO - Started process (PID=60767) to work on /home/airflow/.local/lib/python3.12/site-packages/airflow/example_dags/example_nested_branch_dag.py
[2025-03-11T03:07:47.960+0000] {processor.py:830} INFO - Processing file /home/airflow/.local/lib/python3.12/site-packages/airflow/example_dags/example_nested_branch_dag.py for tasks to queue
[2025-03-11T03:07:47.962+0000] {logging_mixin.py:188} INFO - [2025-03-11T03:07:47.962+0000] {dagbag.py:545} INFO - Filling up the DagBag from /home/airflow/.local/lib/python3.12/site-packages/airflow/example_dags/example_nested_branch_dag.py
[2025-03-11T03:07:47.972+0000] {processor.py:840} INFO - DAG(s) 'example_nested_branch_dag' retrieved from /home/airflow/.local/lib/python3.12/site-packages/airflow/example_dags/example_nested_branch_dag.py
[2025-03-11T03:07:47.992+0000] {logging_mixin.py:188} INFO - [2025-03-11T03:07:47.992+0000] {dag.py:3096} INFO - Sync 1 DAGs
[2025-03-11T03:07:48.013+0000] {logging_mixin.py:188} INFO - [2025-03-11T03:07:48.012+0000] {dag.py:3954} INFO - Setting next_dagrun for example_nested_branch_dag to 2025-03-10 00:00:00+00:00, run_after=2025-03-11 00:00:00+00:00
[2025-03-11T03:07:48.031+0000] {processor.py:183} INFO - Processing /home/airflow/.local/lib/python3.12/site-packages/airflow/example_dags/example_nested_branch_dag.py took 0.078 seconds
[2025-03-11T03:08:18.547+0000] {processor.py:161} INFO - Started process (PID=61029) to work on /home/airflow/.local/lib/python3.12/site-packages/airflow/example_dags/example_nested_branch_dag.py
[2025-03-11T03:08:18.548+0000] {processor.py:830} INFO - Processing file /home/airflow/.local/lib/python3.12/site-packages/airflow/example_dags/example_nested_branch_dag.py for tasks to queue
[2025-03-11T03:08:18.550+0000] {logging_mixin.py:188} INFO - [2025-03-11T03:08:18.550+0000] {dagbag.py:545} INFO - Filling up the DagBag from /home/airflow/.local/lib/python3.12/site-packages/airflow/example_dags/example_nested_branch_dag.py
[2025-03-11T03:08:18.562+0000] {processor.py:840} INFO - DAG(s) 'example_nested_branch_dag' retrieved from /home/airflow/.local/lib/python3.12/site-packages/airflow/example_dags/example_nested_branch_dag.py
[2025-03-11T03:08:18.587+0000] {logging_mixin.py:188} INFO - [2025-03-11T03:08:18.587+0000] {dag.py:3096} INFO - Sync 1 DAGs
[2025-03-11T03:08:18.610+0000] {logging_mixin.py:188} INFO - [2025-03-11T03:08:18.610+0000] {dag.py:3954} INFO - Setting next_dagrun for example_nested_branch_dag to 2025-03-10 00:00:00+00:00, run_after=2025-03-11 00:00:00+00:00
[2025-03-11T03:08:18.631+0000] {processor.py:183} INFO - Processing /home/airflow/.local/lib/python3.12/site-packages/airflow/example_dags/example_nested_branch_dag.py took 0.091 seconds
[2025-03-11T03:08:49.125+0000] {processor.py:161} INFO - Started process (PID=61293) to work on /home/airflow/.local/lib/python3.12/site-packages/airflow/example_dags/example_nested_branch_dag.py
[2025-03-11T03:08:49.126+0000] {processor.py:830} INFO - Processing file /home/airflow/.local/lib/python3.12/site-packages/airflow/example_dags/example_nested_branch_dag.py for tasks to queue
[2025-03-11T03:08:49.128+0000] {logging_mixin.py:188} INFO - [2025-03-11T03:08:49.128+0000] {dagbag.py:545} INFO - Filling up the DagBag from /home/airflow/.local/lib/python3.12/site-packages/airflow/example_dags/example_nested_branch_dag.py
[2025-03-11T03:08:49.138+0000] {processor.py:840} INFO - DAG(s) 'example_nested_branch_dag' retrieved from /home/airflow/.local/lib/python3.12/site-packages/airflow/example_dags/example_nested_branch_dag.py
[2025-03-11T03:08:49.158+0000] {logging_mixin.py:188} INFO - [2025-03-11T03:08:49.158+0000] {dag.py:3096} INFO - Sync 1 DAGs
[2025-03-11T03:08:49.180+0000] {logging_mixin.py:188} INFO - [2025-03-11T03:08:49.179+0000] {dag.py:3954} INFO - Setting next_dagrun for example_nested_branch_dag to 2025-03-10 00:00:00+00:00, run_after=2025-03-11 00:00:00+00:00
[2025-03-11T03:08:49.198+0000] {processor.py:183} INFO - Processing /home/airflow/.local/lib/python3.12/site-packages/airflow/example_dags/example_nested_branch_dag.py took 0.082 seconds
[2025-03-11T03:09:20.047+0000] {processor.py:161} INFO - Started process (PID=61553) to work on /home/airflow/.local/lib/python3.12/site-packages/airflow/example_dags/example_nested_branch_dag.py
[2025-03-11T03:09:20.049+0000] {processor.py:830} INFO - Processing file /home/airflow/.local/lib/python3.12/site-packages/airflow/example_dags/example_nested_branch_dag.py for tasks to queue
[2025-03-11T03:09:20.051+0000] {logging_mixin.py:188} INFO - [2025-03-11T03:09:20.051+0000] {dagbag.py:545} INFO - Filling up the DagBag from /home/airflow/.local/lib/python3.12/site-packages/airflow/example_dags/example_nested_branch_dag.py
[2025-03-11T03:09:20.061+0000] {processor.py:840} INFO - DAG(s) 'example_nested_branch_dag' retrieved from /home/airflow/.local/lib/python3.12/site-packages/airflow/example_dags/example_nested_branch_dag.py
[2025-03-11T03:09:20.082+0000] {logging_mixin.py:188} INFO - [2025-03-11T03:09:20.082+0000] {dag.py:3096} INFO - Sync 1 DAGs
[2025-03-11T03:09:20.104+0000] {logging_mixin.py:188} INFO - [2025-03-11T03:09:20.104+0000] {dag.py:3954} INFO - Setting next_dagrun for example_nested_branch_dag to 2025-03-10 00:00:00+00:00, run_after=2025-03-11 00:00:00+00:00
[2025-03-11T03:09:20.123+0000] {processor.py:183} INFO - Processing /home/airflow/.local/lib/python3.12/site-packages/airflow/example_dags/example_nested_branch_dag.py took 0.082 seconds
[2025-03-11T03:09:50.736+0000] {processor.py:161} INFO - Started process (PID=61816) to work on /home/airflow/.local/lib/python3.12/site-packages/airflow/example_dags/example_nested_branch_dag.py
[2025-03-11T03:09:50.737+0000] {processor.py:830} INFO - Processing file /home/airflow/.local/lib/python3.12/site-packages/airflow/example_dags/example_nested_branch_dag.py for tasks to queue
[2025-03-11T03:09:50.740+0000] {logging_mixin.py:188} INFO - [2025-03-11T03:09:50.739+0000] {dagbag.py:545} INFO - Filling up the DagBag from /home/airflow/.local/lib/python3.12/site-packages/airflow/example_dags/example_nested_branch_dag.py
[2025-03-11T03:09:50.750+0000] {processor.py:840} INFO - DAG(s) 'example_nested_branch_dag' retrieved from /home/airflow/.local/lib/python3.12/site-packages/airflow/example_dags/example_nested_branch_dag.py
[2025-03-11T03:09:50.772+0000] {logging_mixin.py:188} INFO - [2025-03-11T03:09:50.771+0000] {dag.py:3096} INFO - Sync 1 DAGs
[2025-03-11T03:09:50.795+0000] {logging_mixin.py:188} INFO - [2025-03-11T03:09:50.795+0000] {dag.py:3954} INFO - Setting next_dagrun for example_nested_branch_dag to 2025-03-10 00:00:00+00:00, run_after=2025-03-11 00:00:00+00:00
[2025-03-11T03:09:50.814+0000] {processor.py:183} INFO - Processing /home/airflow/.local/lib/python3.12/site-packages/airflow/example_dags/example_nested_branch_dag.py took 0.083 seconds
[2025-03-11T03:10:21.731+0000] {processor.py:161} INFO - Started process (PID=62078) to work on /home/airflow/.local/lib/python3.12/site-packages/airflow/example_dags/example_nested_branch_dag.py
[2025-03-11T03:10:21.732+0000] {processor.py:830} INFO - Processing file /home/airflow/.local/lib/python3.12/site-packages/airflow/example_dags/example_nested_branch_dag.py for tasks to queue
[2025-03-11T03:10:21.734+0000] {logging_mixin.py:188} INFO - [2025-03-11T03:10:21.734+0000] {dagbag.py:545} INFO - Filling up the DagBag from /home/airflow/.local/lib/python3.12/site-packages/airflow/example_dags/example_nested_branch_dag.py
[2025-03-11T03:10:21.743+0000] {processor.py:840} INFO - DAG(s) 'example_nested_branch_dag' retrieved from /home/airflow/.local/lib/python3.12/site-packages/airflow/example_dags/example_nested_branch_dag.py
[2025-03-11T03:10:21.762+0000] {logging_mixin.py:188} INFO - [2025-03-11T03:10:21.762+0000] {dag.py:3096} INFO - Sync 1 DAGs
[2025-03-11T03:10:21.783+0000] {logging_mixin.py:188} INFO - [2025-03-11T03:10:21.782+0000] {dag.py:3954} INFO - Setting next_dagrun for example_nested_branch_dag to 2025-03-10 00:00:00+00:00, run_after=2025-03-11 00:00:00+00:00
[2025-03-11T03:10:21.802+0000] {processor.py:183} INFO - Processing /home/airflow/.local/lib/python3.12/site-packages/airflow/example_dags/example_nested_branch_dag.py took 0.077 seconds
[2025-03-11T03:10:52.561+0000] {processor.py:161} INFO - Started process (PID=62340) to work on /home/airflow/.local/lib/python3.12/site-packages/airflow/example_dags/example_nested_branch_dag.py
[2025-03-11T03:10:52.562+0000] {processor.py:830} INFO - Processing file /home/airflow/.local/lib/python3.12/site-packages/airflow/example_dags/example_nested_branch_dag.py for tasks to queue
[2025-03-11T03:10:52.564+0000] {logging_mixin.py:188} INFO - [2025-03-11T03:10:52.564+0000] {dagbag.py:545} INFO - Filling up the DagBag from /home/airflow/.local/lib/python3.12/site-packages/airflow/example_dags/example_nested_branch_dag.py
[2025-03-11T03:10:52.573+0000] {processor.py:840} INFO - DAG(s) 'example_nested_branch_dag' retrieved from /home/airflow/.local/lib/python3.12/site-packages/airflow/example_dags/example_nested_branch_dag.py
[2025-03-11T03:10:52.592+0000] {logging_mixin.py:188} INFO - [2025-03-11T03:10:52.592+0000] {dag.py:3096} INFO - Sync 1 DAGs
[2025-03-11T03:10:52.614+0000] {logging_mixin.py:188} INFO - [2025-03-11T03:10:52.614+0000] {dag.py:3954} INFO - Setting next_dagrun for example_nested_branch_dag to 2025-03-10 00:00:00+00:00, run_after=2025-03-11 00:00:00+00:00
[2025-03-11T03:10:52.632+0000] {processor.py:183} INFO - Processing /home/airflow/.local/lib/python3.12/site-packages/airflow/example_dags/example_nested_branch_dag.py took 0.077 seconds
[2025-03-11T03:11:23.549+0000] {processor.py:161} INFO - Started process (PID=62602) to work on /home/airflow/.local/lib/python3.12/site-packages/airflow/example_dags/example_nested_branch_dag.py
[2025-03-11T03:11:23.551+0000] {processor.py:830} INFO - Processing file /home/airflow/.local/lib/python3.12/site-packages/airflow/example_dags/example_nested_branch_dag.py for tasks to queue
[2025-03-11T03:11:23.555+0000] {logging_mixin.py:188} INFO - [2025-03-11T03:11:23.554+0000] {dagbag.py:545} INFO - Filling up the DagBag from /home/airflow/.local/lib/python3.12/site-packages/airflow/example_dags/example_nested_branch_dag.py
[2025-03-11T03:11:23.578+0000] {processor.py:840} INFO - DAG(s) 'example_nested_branch_dag' retrieved from /home/airflow/.local/lib/python3.12/site-packages/airflow/example_dags/example_nested_branch_dag.py
[2025-03-11T03:11:23.623+0000] {logging_mixin.py:188} INFO - [2025-03-11T03:11:23.623+0000] {dag.py:3096} INFO - Sync 1 DAGs
[2025-03-11T03:11:23.661+0000] {logging_mixin.py:188} INFO - [2025-03-11T03:11:23.660+0000] {dag.py:3954} INFO - Setting next_dagrun for example_nested_branch_dag to 2025-03-10 00:00:00+00:00, run_after=2025-03-11 00:00:00+00:00
[2025-03-11T03:11:23.701+0000] {processor.py:183} INFO - Processing /home/airflow/.local/lib/python3.12/site-packages/airflow/example_dags/example_nested_branch_dag.py took 0.164 seconds
[2025-03-11T03:11:54.254+0000] {processor.py:161} INFO - Started process (PID=62864) to work on /home/airflow/.local/lib/python3.12/site-packages/airflow/example_dags/example_nested_branch_dag.py
[2025-03-11T03:11:54.256+0000] {processor.py:830} INFO - Processing file /home/airflow/.local/lib/python3.12/site-packages/airflow/example_dags/example_nested_branch_dag.py for tasks to queue
[2025-03-11T03:11:54.258+0000] {logging_mixin.py:188} INFO - [2025-03-11T03:11:54.258+0000] {dagbag.py:545} INFO - Filling up the DagBag from /home/airflow/.local/lib/python3.12/site-packages/airflow/example_dags/example_nested_branch_dag.py
[2025-03-11T03:11:54.269+0000] {processor.py:840} INFO - DAG(s) 'example_nested_branch_dag' retrieved from /home/airflow/.local/lib/python3.12/site-packages/airflow/example_dags/example_nested_branch_dag.py
[2025-03-11T03:11:54.295+0000] {logging_mixin.py:188} INFO - [2025-03-11T03:11:54.294+0000] {dag.py:3096} INFO - Sync 1 DAGs
[2025-03-11T03:11:54.320+0000] {logging_mixin.py:188} INFO - [2025-03-11T03:11:54.320+0000] {dag.py:3954} INFO - Setting next_dagrun for example_nested_branch_dag to 2025-03-10 00:00:00+00:00, run_after=2025-03-11 00:00:00+00:00
[2025-03-11T03:11:54.342+0000] {processor.py:183} INFO - Processing /home/airflow/.local/lib/python3.12/site-packages/airflow/example_dags/example_nested_branch_dag.py took 0.094 seconds
[2025-03-11T03:12:24.799+0000] {processor.py:161} INFO - Started process (PID=63126) to work on /home/airflow/.local/lib/python3.12/site-packages/airflow/example_dags/example_nested_branch_dag.py
[2025-03-11T03:12:24.801+0000] {processor.py:830} INFO - Processing file /home/airflow/.local/lib/python3.12/site-packages/airflow/example_dags/example_nested_branch_dag.py for tasks to queue
[2025-03-11T03:12:24.804+0000] {logging_mixin.py:188} INFO - [2025-03-11T03:12:24.804+0000] {dagbag.py:545} INFO - Filling up the DagBag from /home/airflow/.local/lib/python3.12/site-packages/airflow/example_dags/example_nested_branch_dag.py
[2025-03-11T03:12:24.816+0000] {processor.py:840} INFO - DAG(s) 'example_nested_branch_dag' retrieved from /home/airflow/.local/lib/python3.12/site-packages/airflow/example_dags/example_nested_branch_dag.py
[2025-03-11T03:12:24.840+0000] {logging_mixin.py:188} INFO - [2025-03-11T03:12:24.840+0000] {dag.py:3096} INFO - Sync 1 DAGs
[2025-03-11T03:12:24.867+0000] {logging_mixin.py:188} INFO - [2025-03-11T03:12:24.866+0000] {dag.py:3954} INFO - Setting next_dagrun for example_nested_branch_dag to 2025-03-10 00:00:00+00:00, run_after=2025-03-11 00:00:00+00:00
[2025-03-11T03:12:24.887+0000] {processor.py:183} INFO - Processing /home/airflow/.local/lib/python3.12/site-packages/airflow/example_dags/example_nested_branch_dag.py took 0.097 seconds
[2025-03-11T03:12:55.159+0000] {processor.py:161} INFO - Started process (PID=63387) to work on /home/airflow/.local/lib/python3.12/site-packages/airflow/example_dags/example_nested_branch_dag.py
[2025-03-11T03:12:55.161+0000] {processor.py:830} INFO - Processing file /home/airflow/.local/lib/python3.12/site-packages/airflow/example_dags/example_nested_branch_dag.py for tasks to queue
[2025-03-11T03:12:55.165+0000] {logging_mixin.py:188} INFO - [2025-03-11T03:12:55.164+0000] {dagbag.py:545} INFO - Filling up the DagBag from /home/airflow/.local/lib/python3.12/site-packages/airflow/example_dags/example_nested_branch_dag.py
[2025-03-11T03:12:55.181+0000] {processor.py:840} INFO - DAG(s) 'example_nested_branch_dag' retrieved from /home/airflow/.local/lib/python3.12/site-packages/airflow/example_dags/example_nested_branch_dag.py
[2025-03-11T03:12:55.207+0000] {logging_mixin.py:188} INFO - [2025-03-11T03:12:55.206+0000] {dag.py:3096} INFO - Sync 1 DAGs
[2025-03-11T03:12:55.236+0000] {logging_mixin.py:188} INFO - [2025-03-11T03:12:55.236+0000] {dag.py:3954} INFO - Setting next_dagrun for example_nested_branch_dag to 2025-03-10 00:00:00+00:00, run_after=2025-03-11 00:00:00+00:00
[2025-03-11T03:12:55.295+0000] {processor.py:183} INFO - Processing /home/airflow/.local/lib/python3.12/site-packages/airflow/example_dags/example_nested_branch_dag.py took 0.151 seconds
[2025-03-11T03:13:26.530+0000] {processor.py:161} INFO - Started process (PID=63650) to work on /home/airflow/.local/lib/python3.12/site-packages/airflow/example_dags/example_nested_branch_dag.py
[2025-03-11T03:13:26.532+0000] {processor.py:830} INFO - Processing file /home/airflow/.local/lib/python3.12/site-packages/airflow/example_dags/example_nested_branch_dag.py for tasks to queue
[2025-03-11T03:13:26.535+0000] {logging_mixin.py:188} INFO - [2025-03-11T03:13:26.535+0000] {dagbag.py:545} INFO - Filling up the DagBag from /home/airflow/.local/lib/python3.12/site-packages/airflow/example_dags/example_nested_branch_dag.py
[2025-03-11T03:13:26.550+0000] {processor.py:840} INFO - DAG(s) 'example_nested_branch_dag' retrieved from /home/airflow/.local/lib/python3.12/site-packages/airflow/example_dags/example_nested_branch_dag.py
[2025-03-11T03:13:26.575+0000] {logging_mixin.py:188} INFO - [2025-03-11T03:13:26.575+0000] {dag.py:3096} INFO - Sync 1 DAGs
[2025-03-11T03:13:26.602+0000] {logging_mixin.py:188} INFO - [2025-03-11T03:13:26.601+0000] {dag.py:3954} INFO - Setting next_dagrun for example_nested_branch_dag to 2025-03-10 00:00:00+00:00, run_after=2025-03-11 00:00:00+00:00
[2025-03-11T03:13:26.626+0000] {processor.py:183} INFO - Processing /home/airflow/.local/lib/python3.12/site-packages/airflow/example_dags/example_nested_branch_dag.py took 0.105 seconds
[2025-03-11T03:13:59.585+0000] {processor.py:161} INFO - Started process (PID=63913) to work on /home/airflow/.local/lib/python3.12/site-packages/airflow/example_dags/example_nested_branch_dag.py
[2025-03-11T03:13:59.588+0000] {processor.py:830} INFO - Processing file /home/airflow/.local/lib/python3.12/site-packages/airflow/example_dags/example_nested_branch_dag.py for tasks to queue
[2025-03-11T03:13:59.590+0000] {logging_mixin.py:188} INFO - [2025-03-11T03:13:59.590+0000] {dagbag.py:545} INFO - Filling up the DagBag from /home/airflow/.local/lib/python3.12/site-packages/airflow/example_dags/example_nested_branch_dag.py
[2025-03-11T03:13:59.604+0000] {processor.py:840} INFO - DAG(s) 'example_nested_branch_dag' retrieved from /home/airflow/.local/lib/python3.12/site-packages/airflow/example_dags/example_nested_branch_dag.py
[2025-03-11T03:13:59.630+0000] {logging_mixin.py:188} INFO - [2025-03-11T03:13:59.630+0000] {dag.py:3096} INFO - Sync 1 DAGs
[2025-03-11T03:13:59.662+0000] {logging_mixin.py:188} INFO - [2025-03-11T03:13:59.661+0000] {dag.py:3954} INFO - Setting next_dagrun for example_nested_branch_dag to 2025-03-10 00:00:00+00:00, run_after=2025-03-11 00:00:00+00:00
[2025-03-11T03:13:59.711+0000] {processor.py:183} INFO - Processing /home/airflow/.local/lib/python3.12/site-packages/airflow/example_dags/example_nested_branch_dag.py took 0.133 seconds
[2025-03-11T03:14:31.181+0000] {processor.py:161} INFO - Started process (PID=64183) to work on /home/airflow/.local/lib/python3.12/site-packages/airflow/example_dags/example_nested_branch_dag.py
[2025-03-11T03:14:31.182+0000] {processor.py:830} INFO - Processing file /home/airflow/.local/lib/python3.12/site-packages/airflow/example_dags/example_nested_branch_dag.py for tasks to queue
[2025-03-11T03:14:31.184+0000] {logging_mixin.py:188} INFO - [2025-03-11T03:14:31.184+0000] {dagbag.py:545} INFO - Filling up the DagBag from /home/airflow/.local/lib/python3.12/site-packages/airflow/example_dags/example_nested_branch_dag.py
[2025-03-11T03:14:31.195+0000] {processor.py:840} INFO - DAG(s) 'example_nested_branch_dag' retrieved from /home/airflow/.local/lib/python3.12/site-packages/airflow/example_dags/example_nested_branch_dag.py
[2025-03-11T03:14:31.217+0000] {logging_mixin.py:188} INFO - [2025-03-11T03:14:31.217+0000] {dag.py:3096} INFO - Sync 1 DAGs
[2025-03-11T03:14:31.240+0000] {logging_mixin.py:188} INFO - [2025-03-11T03:14:31.239+0000] {dag.py:3954} INFO - Setting next_dagrun for example_nested_branch_dag to 2025-03-10 00:00:00+00:00, run_after=2025-03-11 00:00:00+00:00
[2025-03-11T03:14:31.261+0000] {processor.py:183} INFO - Processing /home/airflow/.local/lib/python3.12/site-packages/airflow/example_dags/example_nested_branch_dag.py took 0.087 seconds
[2025-03-11T03:15:04.242+0000] {processor.py:161} INFO - Started process (PID=64445) to work on /home/airflow/.local/lib/python3.12/site-packages/airflow/example_dags/example_nested_branch_dag.py
[2025-03-11T03:15:04.243+0000] {processor.py:830} INFO - Processing file /home/airflow/.local/lib/python3.12/site-packages/airflow/example_dags/example_nested_branch_dag.py for tasks to queue
[2025-03-11T03:15:04.246+0000] {logging_mixin.py:188} INFO - [2025-03-11T03:15:04.245+0000] {dagbag.py:545} INFO - Filling up the DagBag from /home/airflow/.local/lib/python3.12/site-packages/airflow/example_dags/example_nested_branch_dag.py
[2025-03-11T03:15:04.264+0000] {processor.py:840} INFO - DAG(s) 'example_nested_branch_dag' retrieved from /home/airflow/.local/lib/python3.12/site-packages/airflow/example_dags/example_nested_branch_dag.py
[2025-03-11T03:15:04.303+0000] {logging_mixin.py:188} INFO - [2025-03-11T03:15:04.302+0000] {dag.py:3096} INFO - Sync 1 DAGs
[2025-03-11T03:15:04.329+0000] {logging_mixin.py:188} INFO - [2025-03-11T03:15:04.329+0000] {dag.py:3954} INFO - Setting next_dagrun for example_nested_branch_dag to 2025-03-10 00:00:00+00:00, run_after=2025-03-11 00:00:00+00:00
[2025-03-11T03:15:04.366+0000] {processor.py:183} INFO - Processing /home/airflow/.local/lib/python3.12/site-packages/airflow/example_dags/example_nested_branch_dag.py took 0.131 seconds
[2025-03-11T03:15:36.723+0000] {processor.py:161} INFO - Started process (PID=64709) to work on /home/airflow/.local/lib/python3.12/site-packages/airflow/example_dags/example_nested_branch_dag.py
[2025-03-11T03:15:36.724+0000] {processor.py:830} INFO - Processing file /home/airflow/.local/lib/python3.12/site-packages/airflow/example_dags/example_nested_branch_dag.py for tasks to queue
[2025-03-11T03:15:36.727+0000] {logging_mixin.py:188} INFO - [2025-03-11T03:15:36.727+0000] {dagbag.py:545} INFO - Filling up the DagBag from /home/airflow/.local/lib/python3.12/site-packages/airflow/example_dags/example_nested_branch_dag.py
[2025-03-11T03:15:36.741+0000] {processor.py:840} INFO - DAG(s) 'example_nested_branch_dag' retrieved from /home/airflow/.local/lib/python3.12/site-packages/airflow/example_dags/example_nested_branch_dag.py
[2025-03-11T03:15:36.785+0000] {logging_mixin.py:188} INFO - [2025-03-11T03:15:36.784+0000] {dag.py:3096} INFO - Sync 1 DAGs
[2025-03-11T03:15:36.815+0000] {logging_mixin.py:188} INFO - [2025-03-11T03:15:36.814+0000] {dag.py:3954} INFO - Setting next_dagrun for example_nested_branch_dag to 2025-03-10 00:00:00+00:00, run_after=2025-03-11 00:00:00+00:00
[2025-03-11T03:15:36.960+0000] {processor.py:183} INFO - Processing /home/airflow/.local/lib/python3.12/site-packages/airflow/example_dags/example_nested_branch_dag.py took 0.244 seconds
[2025-03-11T03:16:08.021+0000] {processor.py:161} INFO - Started process (PID=64969) to work on /home/airflow/.local/lib/python3.12/site-packages/airflow/example_dags/example_nested_branch_dag.py
[2025-03-11T03:16:08.022+0000] {processor.py:830} INFO - Processing file /home/airflow/.local/lib/python3.12/site-packages/airflow/example_dags/example_nested_branch_dag.py for tasks to queue
[2025-03-11T03:16:08.024+0000] {logging_mixin.py:188} INFO - [2025-03-11T03:16:08.024+0000] {dagbag.py:545} INFO - Filling up the DagBag from /home/airflow/.local/lib/python3.12/site-packages/airflow/example_dags/example_nested_branch_dag.py
[2025-03-11T03:16:08.035+0000] {processor.py:840} INFO - DAG(s) 'example_nested_branch_dag' retrieved from /home/airflow/.local/lib/python3.12/site-packages/airflow/example_dags/example_nested_branch_dag.py
[2025-03-11T03:16:08.064+0000] {logging_mixin.py:188} INFO - [2025-03-11T03:16:08.064+0000] {dag.py:3096} INFO - Sync 1 DAGs
[2025-03-11T03:16:08.098+0000] {logging_mixin.py:188} INFO - [2025-03-11T03:16:08.097+0000] {dag.py:3954} INFO - Setting next_dagrun for example_nested_branch_dag to 2025-03-10 00:00:00+00:00, run_after=2025-03-11 00:00:00+00:00
[2025-03-11T03:16:08.129+0000] {processor.py:183} INFO - Processing /home/airflow/.local/lib/python3.12/site-packages/airflow/example_dags/example_nested_branch_dag.py took 0.115 seconds
[2025-03-11T03:16:42.051+0000] {processor.py:161} INFO - Started process (PID=65233) to work on /home/airflow/.local/lib/python3.12/site-packages/airflow/example_dags/example_nested_branch_dag.py
[2025-03-11T03:16:42.053+0000] {processor.py:830} INFO - Processing file /home/airflow/.local/lib/python3.12/site-packages/airflow/example_dags/example_nested_branch_dag.py for tasks to queue
[2025-03-11T03:16:42.056+0000] {logging_mixin.py:188} INFO - [2025-03-11T03:16:42.055+0000] {dagbag.py:545} INFO - Filling up the DagBag from /home/airflow/.local/lib/python3.12/site-packages/airflow/example_dags/example_nested_branch_dag.py
[2025-03-11T03:16:42.075+0000] {processor.py:840} INFO - DAG(s) 'example_nested_branch_dag' retrieved from /home/airflow/.local/lib/python3.12/site-packages/airflow/example_dags/example_nested_branch_dag.py
[2025-03-11T03:16:42.123+0000] {logging_mixin.py:188} INFO - [2025-03-11T03:16:42.122+0000] {dag.py:3096} INFO - Sync 1 DAGs
[2025-03-11T03:16:42.155+0000] {logging_mixin.py:188} INFO - [2025-03-11T03:16:42.155+0000] {dag.py:3954} INFO - Setting next_dagrun for example_nested_branch_dag to 2025-03-10 00:00:00+00:00, run_after=2025-03-11 00:00:00+00:00
[2025-03-11T03:16:42.182+0000] {processor.py:183} INFO - Processing /home/airflow/.local/lib/python3.12/site-packages/airflow/example_dags/example_nested_branch_dag.py took 0.141 seconds
[2025-03-11T03:17:13.079+0000] {processor.py:161} INFO - Started process (PID=65493) to work on /home/airflow/.local/lib/python3.12/site-packages/airflow/example_dags/example_nested_branch_dag.py
[2025-03-11T03:17:13.081+0000] {processor.py:830} INFO - Processing file /home/airflow/.local/lib/python3.12/site-packages/airflow/example_dags/example_nested_branch_dag.py for tasks to queue
[2025-03-11T03:17:13.083+0000] {logging_mixin.py:188} INFO - [2025-03-11T03:17:13.082+0000] {dagbag.py:545} INFO - Filling up the DagBag from /home/airflow/.local/lib/python3.12/site-packages/airflow/example_dags/example_nested_branch_dag.py
[2025-03-11T03:17:13.094+0000] {processor.py:840} INFO - DAG(s) 'example_nested_branch_dag' retrieved from /home/airflow/.local/lib/python3.12/site-packages/airflow/example_dags/example_nested_branch_dag.py
[2025-03-11T03:17:13.119+0000] {logging_mixin.py:188} INFO - [2025-03-11T03:17:13.119+0000] {dag.py:3096} INFO - Sync 1 DAGs
[2025-03-11T03:17:13.145+0000] {logging_mixin.py:188} INFO - [2025-03-11T03:17:13.145+0000] {dag.py:3954} INFO - Setting next_dagrun for example_nested_branch_dag to 2025-03-10 00:00:00+00:00, run_after=2025-03-11 00:00:00+00:00
[2025-03-11T03:17:13.279+0000] {processor.py:183} INFO - Processing /home/airflow/.local/lib/python3.12/site-packages/airflow/example_dags/example_nested_branch_dag.py took 0.206 seconds
[2025-03-11T03:17:44.731+0000] {processor.py:161} INFO - Started process (PID=65755) to work on /home/airflow/.local/lib/python3.12/site-packages/airflow/example_dags/example_nested_branch_dag.py
[2025-03-11T03:17:44.732+0000] {processor.py:830} INFO - Processing file /home/airflow/.local/lib/python3.12/site-packages/airflow/example_dags/example_nested_branch_dag.py for tasks to queue
[2025-03-11T03:17:44.735+0000] {logging_mixin.py:188} INFO - [2025-03-11T03:17:44.735+0000] {dagbag.py:545} INFO - Filling up the DagBag from /home/airflow/.local/lib/python3.12/site-packages/airflow/example_dags/example_nested_branch_dag.py
[2025-03-11T03:17:44.748+0000] {processor.py:840} INFO - DAG(s) 'example_nested_branch_dag' retrieved from /home/airflow/.local/lib/python3.12/site-packages/airflow/example_dags/example_nested_branch_dag.py
[2025-03-11T03:17:44.776+0000] {logging_mixin.py:188} INFO - [2025-03-11T03:17:44.775+0000] {dag.py:3096} INFO - Sync 1 DAGs
[2025-03-11T03:17:44.801+0000] {logging_mixin.py:188} INFO - [2025-03-11T03:17:44.801+0000] {dag.py:3954} INFO - Setting next_dagrun for example_nested_branch_dag to 2025-03-10 00:00:00+00:00, run_after=2025-03-11 00:00:00+00:00
[2025-03-11T03:17:44.828+0000] {processor.py:183} INFO - Processing /home/airflow/.local/lib/python3.12/site-packages/airflow/example_dags/example_nested_branch_dag.py took 0.105 seconds
[2025-03-11T03:18:18.356+0000] {processor.py:161} INFO - Started process (PID=66017) to work on /home/airflow/.local/lib/python3.12/site-packages/airflow/example_dags/example_nested_branch_dag.py
[2025-03-11T03:18:18.358+0000] {processor.py:830} INFO - Processing file /home/airflow/.local/lib/python3.12/site-packages/airflow/example_dags/example_nested_branch_dag.py for tasks to queue
[2025-03-11T03:18:18.362+0000] {logging_mixin.py:188} INFO - [2025-03-11T03:18:18.361+0000] {dagbag.py:545} INFO - Filling up the DagBag from /home/airflow/.local/lib/python3.12/site-packages/airflow/example_dags/example_nested_branch_dag.py
[2025-03-11T03:18:18.373+0000] {processor.py:840} INFO - DAG(s) 'example_nested_branch_dag' retrieved from /home/airflow/.local/lib/python3.12/site-packages/airflow/example_dags/example_nested_branch_dag.py
[2025-03-11T03:18:18.522+0000] {logging_mixin.py:188} INFO - [2025-03-11T03:18:18.522+0000] {dag.py:3096} INFO - Sync 1 DAGs
[2025-03-11T03:18:18.544+0000] {logging_mixin.py:188} INFO - [2025-03-11T03:18:18.543+0000] {dag.py:3954} INFO - Setting next_dagrun for example_nested_branch_dag to 2025-03-10 00:00:00+00:00, run_after=2025-03-11 00:00:00+00:00
[2025-03-11T03:18:18.564+0000] {processor.py:183} INFO - Processing /home/airflow/.local/lib/python3.12/site-packages/airflow/example_dags/example_nested_branch_dag.py took 0.217 seconds
[2025-03-11T03:18:49.262+0000] {processor.py:161} INFO - Started process (PID=66281) to work on /home/airflow/.local/lib/python3.12/site-packages/airflow/example_dags/example_nested_branch_dag.py
[2025-03-11T03:18:49.263+0000] {processor.py:830} INFO - Processing file /home/airflow/.local/lib/python3.12/site-packages/airflow/example_dags/example_nested_branch_dag.py for tasks to queue
[2025-03-11T03:18:49.266+0000] {logging_mixin.py:188} INFO - [2025-03-11T03:18:49.265+0000] {dagbag.py:545} INFO - Filling up the DagBag from /home/airflow/.local/lib/python3.12/site-packages/airflow/example_dags/example_nested_branch_dag.py
[2025-03-11T03:18:49.276+0000] {processor.py:840} INFO - DAG(s) 'example_nested_branch_dag' retrieved from /home/airflow/.local/lib/python3.12/site-packages/airflow/example_dags/example_nested_branch_dag.py
[2025-03-11T03:18:49.299+0000] {logging_mixin.py:188} INFO - [2025-03-11T03:18:49.299+0000] {dag.py:3096} INFO - Sync 1 DAGs
[2025-03-11T03:18:49.325+0000] {logging_mixin.py:188} INFO - [2025-03-11T03:18:49.325+0000] {dag.py:3954} INFO - Setting next_dagrun for example_nested_branch_dag to 2025-03-10 00:00:00+00:00, run_after=2025-03-11 00:00:00+00:00
[2025-03-11T03:18:49.345+0000] {processor.py:183} INFO - Processing /home/airflow/.local/lib/python3.12/site-packages/airflow/example_dags/example_nested_branch_dag.py took 0.090 seconds
[2025-03-11T03:19:21.485+0000] {processor.py:161} INFO - Started process (PID=66541) to work on /home/airflow/.local/lib/python3.12/site-packages/airflow/example_dags/example_nested_branch_dag.py
[2025-03-11T03:19:21.486+0000] {processor.py:830} INFO - Processing file /home/airflow/.local/lib/python3.12/site-packages/airflow/example_dags/example_nested_branch_dag.py for tasks to queue
[2025-03-11T03:19:21.489+0000] {logging_mixin.py:188} INFO - [2025-03-11T03:19:21.488+0000] {dagbag.py:545} INFO - Filling up the DagBag from /home/airflow/.local/lib/python3.12/site-packages/airflow/example_dags/example_nested_branch_dag.py
[2025-03-11T03:19:21.500+0000] {processor.py:840} INFO - DAG(s) 'example_nested_branch_dag' retrieved from /home/airflow/.local/lib/python3.12/site-packages/airflow/example_dags/example_nested_branch_dag.py
[2025-03-11T03:19:21.523+0000] {logging_mixin.py:188} INFO - [2025-03-11T03:19:21.523+0000] {dag.py:3096} INFO - Sync 1 DAGs
[2025-03-11T03:19:21.550+0000] {logging_mixin.py:188} INFO - [2025-03-11T03:19:21.550+0000] {dag.py:3954} INFO - Setting next_dagrun for example_nested_branch_dag to 2025-03-10 00:00:00+00:00, run_after=2025-03-11 00:00:00+00:00
[2025-03-11T03:19:21.574+0000] {processor.py:183} INFO - Processing /home/airflow/.local/lib/python3.12/site-packages/airflow/example_dags/example_nested_branch_dag.py took 0.096 seconds
[2025-03-11T03:19:52.604+0000] {processor.py:161} INFO - Started process (PID=66805) to work on /home/airflow/.local/lib/python3.12/site-packages/airflow/example_dags/example_nested_branch_dag.py
[2025-03-11T03:19:52.607+0000] {processor.py:830} INFO - Processing file /home/airflow/.local/lib/python3.12/site-packages/airflow/example_dags/example_nested_branch_dag.py for tasks to queue
[2025-03-11T03:19:52.609+0000] {logging_mixin.py:188} INFO - [2025-03-11T03:19:52.609+0000] {dagbag.py:545} INFO - Filling up the DagBag from /home/airflow/.local/lib/python3.12/site-packages/airflow/example_dags/example_nested_branch_dag.py
[2025-03-11T03:19:52.622+0000] {processor.py:840} INFO - DAG(s) 'example_nested_branch_dag' retrieved from /home/airflow/.local/lib/python3.12/site-packages/airflow/example_dags/example_nested_branch_dag.py
[2025-03-11T03:19:52.646+0000] {logging_mixin.py:188} INFO - [2025-03-11T03:19:52.645+0000] {dag.py:3096} INFO - Sync 1 DAGs
[2025-03-11T03:19:52.671+0000] {logging_mixin.py:188} INFO - [2025-03-11T03:19:52.671+0000] {dag.py:3954} INFO - Setting next_dagrun for example_nested_branch_dag to 2025-03-10 00:00:00+00:00, run_after=2025-03-11 00:00:00+00:00
[2025-03-11T03:19:52.692+0000] {processor.py:183} INFO - Processing /home/airflow/.local/lib/python3.12/site-packages/airflow/example_dags/example_nested_branch_dag.py took 0.102 seconds
[2025-03-11T03:20:25.573+0000] {processor.py:161} INFO - Started process (PID=67064) to work on /home/airflow/.local/lib/python3.12/site-packages/airflow/example_dags/example_nested_branch_dag.py
[2025-03-11T03:20:25.574+0000] {processor.py:830} INFO - Processing file /home/airflow/.local/lib/python3.12/site-packages/airflow/example_dags/example_nested_branch_dag.py for tasks to queue
[2025-03-11T03:20:25.576+0000] {logging_mixin.py:188} INFO - [2025-03-11T03:20:25.576+0000] {dagbag.py:545} INFO - Filling up the DagBag from /home/airflow/.local/lib/python3.12/site-packages/airflow/example_dags/example_nested_branch_dag.py
[2025-03-11T03:20:25.589+0000] {processor.py:840} INFO - DAG(s) 'example_nested_branch_dag' retrieved from /home/airflow/.local/lib/python3.12/site-packages/airflow/example_dags/example_nested_branch_dag.py
[2025-03-11T03:20:25.612+0000] {logging_mixin.py:188} INFO - [2025-03-11T03:20:25.612+0000] {dag.py:3096} INFO - Sync 1 DAGs
[2025-03-11T03:20:25.637+0000] {logging_mixin.py:188} INFO - [2025-03-11T03:20:25.636+0000] {dag.py:3954} INFO - Setting next_dagrun for example_nested_branch_dag to 2025-03-10 00:00:00+00:00, run_after=2025-03-11 00:00:00+00:00
[2025-03-11T03:20:25.657+0000] {processor.py:183} INFO - Processing /home/airflow/.local/lib/python3.12/site-packages/airflow/example_dags/example_nested_branch_dag.py took 0.090 seconds
[2025-03-11T03:20:56.942+0000] {processor.py:161} INFO - Started process (PID=67331) to work on /home/airflow/.local/lib/python3.12/site-packages/airflow/example_dags/example_nested_branch_dag.py
[2025-03-11T03:20:56.943+0000] {processor.py:830} INFO - Processing file /home/airflow/.local/lib/python3.12/site-packages/airflow/example_dags/example_nested_branch_dag.py for tasks to queue
[2025-03-11T03:20:56.945+0000] {logging_mixin.py:188} INFO - [2025-03-11T03:20:56.945+0000] {dagbag.py:545} INFO - Filling up the DagBag from /home/airflow/.local/lib/python3.12/site-packages/airflow/example_dags/example_nested_branch_dag.py
[2025-03-11T03:20:56.955+0000] {processor.py:840} INFO - DAG(s) 'example_nested_branch_dag' retrieved from /home/airflow/.local/lib/python3.12/site-packages/airflow/example_dags/example_nested_branch_dag.py
[2025-03-11T03:20:56.974+0000] {logging_mixin.py:188} INFO - [2025-03-11T03:20:56.974+0000] {dag.py:3096} INFO - Sync 1 DAGs
[2025-03-11T03:20:56.995+0000] {logging_mixin.py:188} INFO - [2025-03-11T03:20:56.995+0000] {dag.py:3954} INFO - Setting next_dagrun for example_nested_branch_dag to 2025-03-10 00:00:00+00:00, run_after=2025-03-11 00:00:00+00:00
[2025-03-11T03:20:57.013+0000] {processor.py:183} INFO - Processing /home/airflow/.local/lib/python3.12/site-packages/airflow/example_dags/example_nested_branch_dag.py took 0.076 seconds
[2025-03-11T03:21:30.244+0000] {processor.py:161} INFO - Started process (PID=67595) to work on /home/airflow/.local/lib/python3.12/site-packages/airflow/example_dags/example_nested_branch_dag.py
[2025-03-11T03:21:30.246+0000] {processor.py:830} INFO - Processing file /home/airflow/.local/lib/python3.12/site-packages/airflow/example_dags/example_nested_branch_dag.py for tasks to queue
[2025-03-11T03:21:30.250+0000] {logging_mixin.py:188} INFO - [2025-03-11T03:21:30.250+0000] {dagbag.py:545} INFO - Filling up the DagBag from /home/airflow/.local/lib/python3.12/site-packages/airflow/example_dags/example_nested_branch_dag.py
[2025-03-11T03:21:30.263+0000] {processor.py:840} INFO - DAG(s) 'example_nested_branch_dag' retrieved from /home/airflow/.local/lib/python3.12/site-packages/airflow/example_dags/example_nested_branch_dag.py
[2025-03-11T03:21:30.289+0000] {logging_mixin.py:188} INFO - [2025-03-11T03:21:30.289+0000] {dag.py:3096} INFO - Sync 1 DAGs
[2025-03-11T03:21:30.319+0000] {logging_mixin.py:188} INFO - [2025-03-11T03:21:30.319+0000] {dag.py:3954} INFO - Setting next_dagrun for example_nested_branch_dag to 2025-03-10 00:00:00+00:00, run_after=2025-03-11 00:00:00+00:00
[2025-03-11T03:21:30.340+0000] {processor.py:183} INFO - Processing /home/airflow/.local/lib/python3.12/site-packages/airflow/example_dags/example_nested_branch_dag.py took 0.107 seconds
[2025-03-11T03:22:02.070+0000] {processor.py:161} INFO - Started process (PID=67855) to work on /home/airflow/.local/lib/python3.12/site-packages/airflow/example_dags/example_nested_branch_dag.py
[2025-03-11T03:22:02.072+0000] {processor.py:830} INFO - Processing file /home/airflow/.local/lib/python3.12/site-packages/airflow/example_dags/example_nested_branch_dag.py for tasks to queue
[2025-03-11T03:22:02.074+0000] {logging_mixin.py:188} INFO - [2025-03-11T03:22:02.074+0000] {dagbag.py:545} INFO - Filling up the DagBag from /home/airflow/.local/lib/python3.12/site-packages/airflow/example_dags/example_nested_branch_dag.py
[2025-03-11T03:22:02.086+0000] {processor.py:840} INFO - DAG(s) 'example_nested_branch_dag' retrieved from /home/airflow/.local/lib/python3.12/site-packages/airflow/example_dags/example_nested_branch_dag.py
[2025-03-11T03:22:02.110+0000] {logging_mixin.py:188} INFO - [2025-03-11T03:22:02.109+0000] {dag.py:3096} INFO - Sync 1 DAGs
[2025-03-11T03:22:02.137+0000] {logging_mixin.py:188} INFO - [2025-03-11T03:22:02.137+0000] {dag.py:3954} INFO - Setting next_dagrun for example_nested_branch_dag to 2025-03-10 00:00:00+00:00, run_after=2025-03-11 00:00:00+00:00
[2025-03-11T03:22:02.160+0000] {processor.py:183} INFO - Processing /home/airflow/.local/lib/python3.12/site-packages/airflow/example_dags/example_nested_branch_dag.py took 0.096 seconds
[2025-03-11T03:22:34.789+0000] {processor.py:161} INFO - Started process (PID=68117) to work on /home/airflow/.local/lib/python3.12/site-packages/airflow/example_dags/example_nested_branch_dag.py
[2025-03-11T03:22:34.791+0000] {processor.py:830} INFO - Processing file /home/airflow/.local/lib/python3.12/site-packages/airflow/example_dags/example_nested_branch_dag.py for tasks to queue
[2025-03-11T03:22:34.793+0000] {logging_mixin.py:188} INFO - [2025-03-11T03:22:34.793+0000] {dagbag.py:545} INFO - Filling up the DagBag from /home/airflow/.local/lib/python3.12/site-packages/airflow/example_dags/example_nested_branch_dag.py
[2025-03-11T03:22:34.804+0000] {processor.py:840} INFO - DAG(s) 'example_nested_branch_dag' retrieved from /home/airflow/.local/lib/python3.12/site-packages/airflow/example_dags/example_nested_branch_dag.py
[2025-03-11T03:22:34.828+0000] {logging_mixin.py:188} INFO - [2025-03-11T03:22:34.828+0000] {dag.py:3096} INFO - Sync 1 DAGs
[2025-03-11T03:22:34.852+0000] {logging_mixin.py:188} INFO - [2025-03-11T03:22:34.852+0000] {dag.py:3954} INFO - Setting next_dagrun for example_nested_branch_dag to 2025-03-10 00:00:00+00:00, run_after=2025-03-11 00:00:00+00:00
[2025-03-11T03:22:34.879+0000] {processor.py:183} INFO - Processing /home/airflow/.local/lib/python3.12/site-packages/airflow/example_dags/example_nested_branch_dag.py took 0.095 seconds
[2025-03-11T03:23:06.744+0000] {processor.py:161} INFO - Started process (PID=68391) to work on /home/airflow/.local/lib/python3.12/site-packages/airflow/example_dags/example_nested_branch_dag.py
[2025-03-11T03:23:06.746+0000] {processor.py:830} INFO - Processing file /home/airflow/.local/lib/python3.12/site-packages/airflow/example_dags/example_nested_branch_dag.py for tasks to queue
[2025-03-11T03:23:06.750+0000] {logging_mixin.py:188} INFO - [2025-03-11T03:23:06.749+0000] {dagbag.py:545} INFO - Filling up the DagBag from /home/airflow/.local/lib/python3.12/site-packages/airflow/example_dags/example_nested_branch_dag.py
[2025-03-11T03:23:06.774+0000] {processor.py:840} INFO - DAG(s) 'example_nested_branch_dag' retrieved from /home/airflow/.local/lib/python3.12/site-packages/airflow/example_dags/example_nested_branch_dag.py
[2025-03-11T03:23:06.800+0000] {logging_mixin.py:188} INFO - [2025-03-11T03:23:06.800+0000] {dag.py:3096} INFO - Sync 1 DAGs
[2025-03-11T03:23:06.824+0000] {logging_mixin.py:188} INFO - [2025-03-11T03:23:06.824+0000] {dag.py:3954} INFO - Setting next_dagrun for example_nested_branch_dag to 2025-03-10 00:00:00+00:00, run_after=2025-03-11 00:00:00+00:00
[2025-03-11T03:23:06.847+0000] {processor.py:183} INFO - Processing /home/airflow/.local/lib/python3.12/site-packages/airflow/example_dags/example_nested_branch_dag.py took 0.109 seconds
[2025-03-11T03:23:38.261+0000] {processor.py:161} INFO - Started process (PID=68651) to work on /home/airflow/.local/lib/python3.12/site-packages/airflow/example_dags/example_nested_branch_dag.py
[2025-03-11T03:23:38.262+0000] {processor.py:830} INFO - Processing file /home/airflow/.local/lib/python3.12/site-packages/airflow/example_dags/example_nested_branch_dag.py for tasks to queue
[2025-03-11T03:23:38.264+0000] {logging_mixin.py:188} INFO - [2025-03-11T03:23:38.263+0000] {dagbag.py:545} INFO - Filling up the DagBag from /home/airflow/.local/lib/python3.12/site-packages/airflow/example_dags/example_nested_branch_dag.py
[2025-03-11T03:23:38.274+0000] {processor.py:840} INFO - DAG(s) 'example_nested_branch_dag' retrieved from /home/airflow/.local/lib/python3.12/site-packages/airflow/example_dags/example_nested_branch_dag.py
[2025-03-11T03:23:38.294+0000] {logging_mixin.py:188} INFO - [2025-03-11T03:23:38.294+0000] {dag.py:3096} INFO - Sync 1 DAGs
[2025-03-11T03:23:38.317+0000] {logging_mixin.py:188} INFO - [2025-03-11T03:23:38.316+0000] {dag.py:3954} INFO - Setting next_dagrun for example_nested_branch_dag to 2025-03-10 00:00:00+00:00, run_after=2025-03-11 00:00:00+00:00
[2025-03-11T03:23:38.335+0000] {processor.py:183} INFO - Processing /home/airflow/.local/lib/python3.12/site-packages/airflow/example_dags/example_nested_branch_dag.py took 0.080 seconds
[2025-03-11T03:24:10.987+0000] {processor.py:161} INFO - Started process (PID=68915) to work on /home/airflow/.local/lib/python3.12/site-packages/airflow/example_dags/example_nested_branch_dag.py
[2025-03-11T03:24:10.989+0000] {processor.py:830} INFO - Processing file /home/airflow/.local/lib/python3.12/site-packages/airflow/example_dags/example_nested_branch_dag.py for tasks to queue
[2025-03-11T03:24:10.995+0000] {logging_mixin.py:188} INFO - [2025-03-11T03:24:10.994+0000] {dagbag.py:545} INFO - Filling up the DagBag from /home/airflow/.local/lib/python3.12/site-packages/airflow/example_dags/example_nested_branch_dag.py
[2025-03-11T03:24:11.015+0000] {processor.py:840} INFO - DAG(s) 'example_nested_branch_dag' retrieved from /home/airflow/.local/lib/python3.12/site-packages/airflow/example_dags/example_nested_branch_dag.py
[2025-03-11T03:24:11.097+0000] {logging_mixin.py:188} INFO - [2025-03-11T03:24:11.096+0000] {dag.py:3096} INFO - Sync 1 DAGs
[2025-03-11T03:24:11.185+0000] {logging_mixin.py:188} INFO - [2025-03-11T03:24:11.185+0000] {dag.py:3954} INFO - Setting next_dagrun for example_nested_branch_dag to 2025-03-10 00:00:00+00:00, run_after=2025-03-11 00:00:00+00:00
[2025-03-11T03:24:11.221+0000] {processor.py:183} INFO - Processing /home/airflow/.local/lib/python3.12/site-packages/airflow/example_dags/example_nested_branch_dag.py took 0.247 seconds
[2025-03-11T03:24:42.966+0000] {processor.py:161} INFO - Started process (PID=69177) to work on /home/airflow/.local/lib/python3.12/site-packages/airflow/example_dags/example_nested_branch_dag.py
[2025-03-11T03:24:42.967+0000] {processor.py:830} INFO - Processing file /home/airflow/.local/lib/python3.12/site-packages/airflow/example_dags/example_nested_branch_dag.py for tasks to queue
[2025-03-11T03:24:42.969+0000] {logging_mixin.py:188} INFO - [2025-03-11T03:24:42.969+0000] {dagbag.py:545} INFO - Filling up the DagBag from /home/airflow/.local/lib/python3.12/site-packages/airflow/example_dags/example_nested_branch_dag.py
[2025-03-11T03:24:42.979+0000] {processor.py:840} INFO - DAG(s) 'example_nested_branch_dag' retrieved from /home/airflow/.local/lib/python3.12/site-packages/airflow/example_dags/example_nested_branch_dag.py
[2025-03-11T03:24:43.003+0000] {logging_mixin.py:188} INFO - [2025-03-11T03:24:43.002+0000] {dag.py:3096} INFO - Sync 1 DAGs
[2025-03-11T03:24:43.023+0000] {logging_mixin.py:188} INFO - [2025-03-11T03:24:43.023+0000] {dag.py:3954} INFO - Setting next_dagrun for example_nested_branch_dag to 2025-03-10 00:00:00+00:00, run_after=2025-03-11 00:00:00+00:00
[2025-03-11T03:24:43.046+0000] {processor.py:183} INFO - Processing /home/airflow/.local/lib/python3.12/site-packages/airflow/example_dags/example_nested_branch_dag.py took 0.085 seconds
[2025-03-11T03:25:14.799+0000] {processor.py:161} INFO - Started process (PID=69437) to work on /home/airflow/.local/lib/python3.12/site-packages/airflow/example_dags/example_nested_branch_dag.py
[2025-03-11T03:25:14.800+0000] {processor.py:830} INFO - Processing file /home/airflow/.local/lib/python3.12/site-packages/airflow/example_dags/example_nested_branch_dag.py for tasks to queue
[2025-03-11T03:25:14.802+0000] {logging_mixin.py:188} INFO - [2025-03-11T03:25:14.802+0000] {dagbag.py:545} INFO - Filling up the DagBag from /home/airflow/.local/lib/python3.12/site-packages/airflow/example_dags/example_nested_branch_dag.py
[2025-03-11T03:25:14.812+0000] {processor.py:840} INFO - DAG(s) 'example_nested_branch_dag' retrieved from /home/airflow/.local/lib/python3.12/site-packages/airflow/example_dags/example_nested_branch_dag.py
[2025-03-11T03:25:14.834+0000] {logging_mixin.py:188} INFO - [2025-03-11T03:25:14.834+0000] {dag.py:3096} INFO - Sync 1 DAGs
[2025-03-11T03:25:14.870+0000] {logging_mixin.py:188} INFO - [2025-03-11T03:25:14.870+0000] {dag.py:3954} INFO - Setting next_dagrun for example_nested_branch_dag to 2025-03-10 00:00:00+00:00, run_after=2025-03-11 00:00:00+00:00
[2025-03-11T03:25:14.900+0000] {processor.py:183} INFO - Processing /home/airflow/.local/lib/python3.12/site-packages/airflow/example_dags/example_nested_branch_dag.py took 0.107 seconds
[2025-03-11T03:25:46.932+0000] {processor.py:161} INFO - Started process (PID=69701) to work on /home/airflow/.local/lib/python3.12/site-packages/airflow/example_dags/example_nested_branch_dag.py
[2025-03-11T03:25:46.934+0000] {processor.py:830} INFO - Processing file /home/airflow/.local/lib/python3.12/site-packages/airflow/example_dags/example_nested_branch_dag.py for tasks to queue
[2025-03-11T03:25:46.937+0000] {logging_mixin.py:188} INFO - [2025-03-11T03:25:46.937+0000] {dagbag.py:545} INFO - Filling up the DagBag from /home/airflow/.local/lib/python3.12/site-packages/airflow/example_dags/example_nested_branch_dag.py
[2025-03-11T03:25:46.960+0000] {processor.py:840} INFO - DAG(s) 'example_nested_branch_dag' retrieved from /home/airflow/.local/lib/python3.12/site-packages/airflow/example_dags/example_nested_branch_dag.py
[2025-03-11T03:25:46.989+0000] {logging_mixin.py:188} INFO - [2025-03-11T03:25:46.989+0000] {dag.py:3096} INFO - Sync 1 DAGs
[2025-03-11T03:25:47.027+0000] {logging_mixin.py:188} INFO - [2025-03-11T03:25:47.027+0000] {dag.py:3954} INFO - Setting next_dagrun for example_nested_branch_dag to 2025-03-10 00:00:00+00:00, run_after=2025-03-11 00:00:00+00:00
[2025-03-11T03:25:47.070+0000] {processor.py:183} INFO - Processing /home/airflow/.local/lib/python3.12/site-packages/airflow/example_dags/example_nested_branch_dag.py took 0.147 seconds
[2025-03-11T03:26:19.612+0000] {processor.py:161} INFO - Started process (PID=69963) to work on /home/airflow/.local/lib/python3.12/site-packages/airflow/example_dags/example_nested_branch_dag.py
[2025-03-11T03:26:19.613+0000] {processor.py:830} INFO - Processing file /home/airflow/.local/lib/python3.12/site-packages/airflow/example_dags/example_nested_branch_dag.py for tasks to queue
[2025-03-11T03:26:19.616+0000] {logging_mixin.py:188} INFO - [2025-03-11T03:26:19.615+0000] {dagbag.py:545} INFO - Filling up the DagBag from /home/airflow/.local/lib/python3.12/site-packages/airflow/example_dags/example_nested_branch_dag.py
[2025-03-11T03:26:19.626+0000] {processor.py:840} INFO - DAG(s) 'example_nested_branch_dag' retrieved from /home/airflow/.local/lib/python3.12/site-packages/airflow/example_dags/example_nested_branch_dag.py
[2025-03-11T03:26:19.648+0000] {logging_mixin.py:188} INFO - [2025-03-11T03:26:19.647+0000] {dag.py:3096} INFO - Sync 1 DAGs
[2025-03-11T03:26:19.671+0000] {logging_mixin.py:188} INFO - [2025-03-11T03:26:19.671+0000] {dag.py:3954} INFO - Setting next_dagrun for example_nested_branch_dag to 2025-03-10 00:00:00+00:00, run_after=2025-03-11 00:00:00+00:00
[2025-03-11T03:26:19.692+0000] {processor.py:183} INFO - Processing /home/airflow/.local/lib/python3.12/site-packages/airflow/example_dags/example_nested_branch_dag.py took 0.086 seconds
[2025-03-11T03:26:50.520+0000] {processor.py:161} INFO - Started process (PID=70223) to work on /home/airflow/.local/lib/python3.12/site-packages/airflow/example_dags/example_nested_branch_dag.py
[2025-03-11T03:26:50.521+0000] {processor.py:830} INFO - Processing file /home/airflow/.local/lib/python3.12/site-packages/airflow/example_dags/example_nested_branch_dag.py for tasks to queue
[2025-03-11T03:26:50.523+0000] {logging_mixin.py:188} INFO - [2025-03-11T03:26:50.523+0000] {dagbag.py:545} INFO - Filling up the DagBag from /home/airflow/.local/lib/python3.12/site-packages/airflow/example_dags/example_nested_branch_dag.py
[2025-03-11T03:26:50.537+0000] {processor.py:840} INFO - DAG(s) 'example_nested_branch_dag' retrieved from /home/airflow/.local/lib/python3.12/site-packages/airflow/example_dags/example_nested_branch_dag.py
[2025-03-11T03:26:50.562+0000] {logging_mixin.py:188} INFO - [2025-03-11T03:26:50.561+0000] {dag.py:3096} INFO - Sync 1 DAGs
[2025-03-11T03:26:50.585+0000] {logging_mixin.py:188} INFO - [2025-03-11T03:26:50.585+0000] {dag.py:3954} INFO - Setting next_dagrun for example_nested_branch_dag to 2025-03-10 00:00:00+00:00, run_after=2025-03-11 00:00:00+00:00
[2025-03-11T03:26:50.605+0000] {processor.py:183} INFO - Processing /home/airflow/.local/lib/python3.12/site-packages/airflow/example_dags/example_nested_branch_dag.py took 0.092 seconds
[2025-03-11T03:27:23.324+0000] {processor.py:161} INFO - Started process (PID=70485) to work on /home/airflow/.local/lib/python3.12/site-packages/airflow/example_dags/example_nested_branch_dag.py
[2025-03-11T03:27:23.325+0000] {processor.py:830} INFO - Processing file /home/airflow/.local/lib/python3.12/site-packages/airflow/example_dags/example_nested_branch_dag.py for tasks to queue
[2025-03-11T03:27:23.327+0000] {logging_mixin.py:188} INFO - [2025-03-11T03:27:23.327+0000] {dagbag.py:545} INFO - Filling up the DagBag from /home/airflow/.local/lib/python3.12/site-packages/airflow/example_dags/example_nested_branch_dag.py
[2025-03-11T03:27:23.339+0000] {processor.py:840} INFO - DAG(s) 'example_nested_branch_dag' retrieved from /home/airflow/.local/lib/python3.12/site-packages/airflow/example_dags/example_nested_branch_dag.py
[2025-03-11T03:27:23.362+0000] {logging_mixin.py:188} INFO - [2025-03-11T03:27:23.362+0000] {dag.py:3096} INFO - Sync 1 DAGs
[2025-03-11T03:27:23.385+0000] {logging_mixin.py:188} INFO - [2025-03-11T03:27:23.385+0000] {dag.py:3954} INFO - Setting next_dagrun for example_nested_branch_dag to 2025-03-10 00:00:00+00:00, run_after=2025-03-11 00:00:00+00:00
[2025-03-11T03:27:23.408+0000] {processor.py:183} INFO - Processing /home/airflow/.local/lib/python3.12/site-packages/airflow/example_dags/example_nested_branch_dag.py took 0.091 seconds
[2025-03-11T03:27:55.152+0000] {processor.py:161} INFO - Started process (PID=70747) to work on /home/airflow/.local/lib/python3.12/site-packages/airflow/example_dags/example_nested_branch_dag.py
[2025-03-11T03:27:55.154+0000] {processor.py:830} INFO - Processing file /home/airflow/.local/lib/python3.12/site-packages/airflow/example_dags/example_nested_branch_dag.py for tasks to queue
[2025-03-11T03:27:55.156+0000] {logging_mixin.py:188} INFO - [2025-03-11T03:27:55.156+0000] {dagbag.py:545} INFO - Filling up the DagBag from /home/airflow/.local/lib/python3.12/site-packages/airflow/example_dags/example_nested_branch_dag.py
[2025-03-11T03:27:55.167+0000] {processor.py:840} INFO - DAG(s) 'example_nested_branch_dag' retrieved from /home/airflow/.local/lib/python3.12/site-packages/airflow/example_dags/example_nested_branch_dag.py
[2025-03-11T03:27:55.188+0000] {logging_mixin.py:188} INFO - [2025-03-11T03:27:55.188+0000] {dag.py:3096} INFO - Sync 1 DAGs
[2025-03-11T03:27:55.211+0000] {logging_mixin.py:188} INFO - [2025-03-11T03:27:55.211+0000] {dag.py:3954} INFO - Setting next_dagrun for example_nested_branch_dag to 2025-03-10 00:00:00+00:00, run_after=2025-03-11 00:00:00+00:00
[2025-03-11T03:27:55.231+0000] {processor.py:183} INFO - Processing /home/airflow/.local/lib/python3.12/site-packages/airflow/example_dags/example_nested_branch_dag.py took 0.085 seconds
[2025-03-11T03:28:28.054+0000] {processor.py:161} INFO - Started process (PID=71009) to work on /home/airflow/.local/lib/python3.12/site-packages/airflow/example_dags/example_nested_branch_dag.py
[2025-03-11T03:28:28.057+0000] {processor.py:830} INFO - Processing file /home/airflow/.local/lib/python3.12/site-packages/airflow/example_dags/example_nested_branch_dag.py for tasks to queue
[2025-03-11T03:28:28.060+0000] {logging_mixin.py:188} INFO - [2025-03-11T03:28:28.059+0000] {dagbag.py:545} INFO - Filling up the DagBag from /home/airflow/.local/lib/python3.12/site-packages/airflow/example_dags/example_nested_branch_dag.py
[2025-03-11T03:28:28.072+0000] {processor.py:840} INFO - DAG(s) 'example_nested_branch_dag' retrieved from /home/airflow/.local/lib/python3.12/site-packages/airflow/example_dags/example_nested_branch_dag.py
[2025-03-11T03:28:28.097+0000] {logging_mixin.py:188} INFO - [2025-03-11T03:28:28.097+0000] {dag.py:3096} INFO - Sync 1 DAGs
[2025-03-11T03:28:28.124+0000] {logging_mixin.py:188} INFO - [2025-03-11T03:28:28.124+0000] {dag.py:3954} INFO - Setting next_dagrun for example_nested_branch_dag to 2025-03-10 00:00:00+00:00, run_after=2025-03-11 00:00:00+00:00
[2025-03-11T03:28:28.152+0000] {processor.py:183} INFO - Processing /home/airflow/.local/lib/python3.12/site-packages/airflow/example_dags/example_nested_branch_dag.py took 0.106 seconds
[2025-03-11T03:29:00.109+0000] {processor.py:161} INFO - Started process (PID=71273) to work on /home/airflow/.local/lib/python3.12/site-packages/airflow/example_dags/example_nested_branch_dag.py
[2025-03-11T03:29:00.111+0000] {processor.py:830} INFO - Processing file /home/airflow/.local/lib/python3.12/site-packages/airflow/example_dags/example_nested_branch_dag.py for tasks to queue
[2025-03-11T03:29:00.115+0000] {logging_mixin.py:188} INFO - [2025-03-11T03:29:00.114+0000] {dagbag.py:545} INFO - Filling up the DagBag from /home/airflow/.local/lib/python3.12/site-packages/airflow/example_dags/example_nested_branch_dag.py
[2025-03-11T03:29:00.131+0000] {processor.py:840} INFO - DAG(s) 'example_nested_branch_dag' retrieved from /home/airflow/.local/lib/python3.12/site-packages/airflow/example_dags/example_nested_branch_dag.py
[2025-03-11T03:29:00.158+0000] {logging_mixin.py:188} INFO - [2025-03-11T03:29:00.157+0000] {dag.py:3096} INFO - Sync 1 DAGs
[2025-03-11T03:29:00.192+0000] {logging_mixin.py:188} INFO - [2025-03-11T03:29:00.192+0000] {dag.py:3954} INFO - Setting next_dagrun for example_nested_branch_dag to 2025-03-10 00:00:00+00:00, run_after=2025-03-11 00:00:00+00:00
[2025-03-11T03:29:00.223+0000] {processor.py:183} INFO - Processing /home/airflow/.local/lib/python3.12/site-packages/airflow/example_dags/example_nested_branch_dag.py took 0.127 seconds
[2025-03-11T03:29:32.132+0000] {processor.py:161} INFO - Started process (PID=71535) to work on /home/airflow/.local/lib/python3.12/site-packages/airflow/example_dags/example_nested_branch_dag.py
[2025-03-11T03:29:32.134+0000] {processor.py:830} INFO - Processing file /home/airflow/.local/lib/python3.12/site-packages/airflow/example_dags/example_nested_branch_dag.py for tasks to queue
[2025-03-11T03:29:32.136+0000] {logging_mixin.py:188} INFO - [2025-03-11T03:29:32.136+0000] {dagbag.py:545} INFO - Filling up the DagBag from /home/airflow/.local/lib/python3.12/site-packages/airflow/example_dags/example_nested_branch_dag.py
[2025-03-11T03:29:32.148+0000] {processor.py:840} INFO - DAG(s) 'example_nested_branch_dag' retrieved from /home/airflow/.local/lib/python3.12/site-packages/airflow/example_dags/example_nested_branch_dag.py
[2025-03-11T03:29:32.170+0000] {logging_mixin.py:188} INFO - [2025-03-11T03:29:32.170+0000] {dag.py:3096} INFO - Sync 1 DAGs
[2025-03-11T03:29:32.196+0000] {logging_mixin.py:188} INFO - [2025-03-11T03:29:32.195+0000] {dag.py:3954} INFO - Setting next_dagrun for example_nested_branch_dag to 2025-03-10 00:00:00+00:00, run_after=2025-03-11 00:00:00+00:00
[2025-03-11T03:29:32.220+0000] {processor.py:183} INFO - Processing /home/airflow/.local/lib/python3.12/site-packages/airflow/example_dags/example_nested_branch_dag.py took 0.093 seconds
[2025-03-11T03:30:04.327+0000] {processor.py:161} INFO - Started process (PID=71797) to work on /home/airflow/.local/lib/python3.12/site-packages/airflow/example_dags/example_nested_branch_dag.py
[2025-03-11T03:30:04.328+0000] {processor.py:830} INFO - Processing file /home/airflow/.local/lib/python3.12/site-packages/airflow/example_dags/example_nested_branch_dag.py for tasks to queue
[2025-03-11T03:30:04.331+0000] {logging_mixin.py:188} INFO - [2025-03-11T03:30:04.330+0000] {dagbag.py:545} INFO - Filling up the DagBag from /home/airflow/.local/lib/python3.12/site-packages/airflow/example_dags/example_nested_branch_dag.py
[2025-03-11T03:30:04.341+0000] {processor.py:840} INFO - DAG(s) 'example_nested_branch_dag' retrieved from /home/airflow/.local/lib/python3.12/site-packages/airflow/example_dags/example_nested_branch_dag.py
[2025-03-11T03:30:04.367+0000] {logging_mixin.py:188} INFO - [2025-03-11T03:30:04.366+0000] {dag.py:3096} INFO - Sync 1 DAGs
[2025-03-11T03:30:04.391+0000] {logging_mixin.py:188} INFO - [2025-03-11T03:30:04.391+0000] {dag.py:3954} INFO - Setting next_dagrun for example_nested_branch_dag to 2025-03-10 00:00:00+00:00, run_after=2025-03-11 00:00:00+00:00
[2025-03-11T03:30:04.414+0000] {processor.py:183} INFO - Processing /home/airflow/.local/lib/python3.12/site-packages/airflow/example_dags/example_nested_branch_dag.py took 0.096 seconds
[2025-03-11T03:30:36.655+0000] {processor.py:161} INFO - Started process (PID=72059) to work on /home/airflow/.local/lib/python3.12/site-packages/airflow/example_dags/example_nested_branch_dag.py
[2025-03-11T03:30:36.658+0000] {processor.py:830} INFO - Processing file /home/airflow/.local/lib/python3.12/site-packages/airflow/example_dags/example_nested_branch_dag.py for tasks to queue
[2025-03-11T03:30:36.662+0000] {logging_mixin.py:188} INFO - [2025-03-11T03:30:36.661+0000] {dagbag.py:545} INFO - Filling up the DagBag from /home/airflow/.local/lib/python3.12/site-packages/airflow/example_dags/example_nested_branch_dag.py
[2025-03-11T03:30:36.678+0000] {processor.py:840} INFO - DAG(s) 'example_nested_branch_dag' retrieved from /home/airflow/.local/lib/python3.12/site-packages/airflow/example_dags/example_nested_branch_dag.py
[2025-03-11T03:30:36.723+0000] {logging_mixin.py:188} INFO - [2025-03-11T03:30:36.723+0000] {dag.py:3096} INFO - Sync 1 DAGs
[2025-03-11T03:30:36.757+0000] {logging_mixin.py:188} INFO - [2025-03-11T03:30:36.757+0000] {dag.py:3954} INFO - Setting next_dagrun for example_nested_branch_dag to 2025-03-10 00:00:00+00:00, run_after=2025-03-11 00:00:00+00:00
[2025-03-11T03:30:36.781+0000] {processor.py:183} INFO - Processing /home/airflow/.local/lib/python3.12/site-packages/airflow/example_dags/example_nested_branch_dag.py took 0.143 seconds
[2025-03-11T03:31:07.110+0000] {processor.py:161} INFO - Started process (PID=72319) to work on /home/airflow/.local/lib/python3.12/site-packages/airflow/example_dags/example_nested_branch_dag.py
[2025-03-11T03:31:07.112+0000] {processor.py:830} INFO - Processing file /home/airflow/.local/lib/python3.12/site-packages/airflow/example_dags/example_nested_branch_dag.py for tasks to queue
[2025-03-11T03:31:07.114+0000] {logging_mixin.py:188} INFO - [2025-03-11T03:31:07.114+0000] {dagbag.py:545} INFO - Filling up the DagBag from /home/airflow/.local/lib/python3.12/site-packages/airflow/example_dags/example_nested_branch_dag.py
[2025-03-11T03:31:07.124+0000] {processor.py:840} INFO - DAG(s) 'example_nested_branch_dag' retrieved from /home/airflow/.local/lib/python3.12/site-packages/airflow/example_dags/example_nested_branch_dag.py
[2025-03-11T03:31:07.146+0000] {logging_mixin.py:188} INFO - [2025-03-11T03:31:07.146+0000] {dag.py:3096} INFO - Sync 1 DAGs
[2025-03-11T03:31:07.170+0000] {logging_mixin.py:188} INFO - [2025-03-11T03:31:07.170+0000] {dag.py:3954} INFO - Setting next_dagrun for example_nested_branch_dag to 2025-03-10 00:00:00+00:00, run_after=2025-03-11 00:00:00+00:00
[2025-03-11T03:31:07.202+0000] {processor.py:183} INFO - Processing /home/airflow/.local/lib/python3.12/site-packages/airflow/example_dags/example_nested_branch_dag.py took 0.098 seconds
[2025-03-11T03:31:40.245+0000] {processor.py:161} INFO - Started process (PID=72581) to work on /home/airflow/.local/lib/python3.12/site-packages/airflow/example_dags/example_nested_branch_dag.py
[2025-03-11T03:31:40.246+0000] {processor.py:830} INFO - Processing file /home/airflow/.local/lib/python3.12/site-packages/airflow/example_dags/example_nested_branch_dag.py for tasks to queue
[2025-03-11T03:31:40.249+0000] {logging_mixin.py:188} INFO - [2025-03-11T03:31:40.248+0000] {dagbag.py:545} INFO - Filling up the DagBag from /home/airflow/.local/lib/python3.12/site-packages/airflow/example_dags/example_nested_branch_dag.py
[2025-03-11T03:31:40.259+0000] {processor.py:840} INFO - DAG(s) 'example_nested_branch_dag' retrieved from /home/airflow/.local/lib/python3.12/site-packages/airflow/example_dags/example_nested_branch_dag.py
[2025-03-11T03:31:40.280+0000] {logging_mixin.py:188} INFO - [2025-03-11T03:31:40.280+0000] {dag.py:3096} INFO - Sync 1 DAGs
[2025-03-11T03:31:40.304+0000] {logging_mixin.py:188} INFO - [2025-03-11T03:31:40.304+0000] {dag.py:3954} INFO - Setting next_dagrun for example_nested_branch_dag to 2025-03-10 00:00:00+00:00, run_after=2025-03-11 00:00:00+00:00
[2025-03-11T03:31:40.323+0000] {processor.py:183} INFO - Processing /home/airflow/.local/lib/python3.12/site-packages/airflow/example_dags/example_nested_branch_dag.py took 0.084 seconds
[2025-03-11T03:32:11.416+0000] {processor.py:161} INFO - Started process (PID=72843) to work on /home/airflow/.local/lib/python3.12/site-packages/airflow/example_dags/example_nested_branch_dag.py
[2025-03-11T03:32:11.417+0000] {processor.py:830} INFO - Processing file /home/airflow/.local/lib/python3.12/site-packages/airflow/example_dags/example_nested_branch_dag.py for tasks to queue
[2025-03-11T03:32:11.422+0000] {logging_mixin.py:188} INFO - [2025-03-11T03:32:11.421+0000] {dagbag.py:545} INFO - Filling up the DagBag from /home/airflow/.local/lib/python3.12/site-packages/airflow/example_dags/example_nested_branch_dag.py
[2025-03-11T03:32:11.433+0000] {processor.py:840} INFO - DAG(s) 'example_nested_branch_dag' retrieved from /home/airflow/.local/lib/python3.12/site-packages/airflow/example_dags/example_nested_branch_dag.py
[2025-03-11T03:32:11.456+0000] {logging_mixin.py:188} INFO - [2025-03-11T03:32:11.456+0000] {dag.py:3096} INFO - Sync 1 DAGs
[2025-03-11T03:32:11.482+0000] {logging_mixin.py:188} INFO - [2025-03-11T03:32:11.481+0000] {dag.py:3954} INFO - Setting next_dagrun for example_nested_branch_dag to 2025-03-10 00:00:00+00:00, run_after=2025-03-11 00:00:00+00:00
[2025-03-11T03:32:11.502+0000] {processor.py:183} INFO - Processing /home/airflow/.local/lib/python3.12/site-packages/airflow/example_dags/example_nested_branch_dag.py took 0.093 seconds
[2025-03-11T03:32:43.808+0000] {processor.py:161} INFO - Started process (PID=73105) to work on /home/airflow/.local/lib/python3.12/site-packages/airflow/example_dags/example_nested_branch_dag.py
[2025-03-11T03:32:43.810+0000] {processor.py:830} INFO - Processing file /home/airflow/.local/lib/python3.12/site-packages/airflow/example_dags/example_nested_branch_dag.py for tasks to queue
[2025-03-11T03:32:43.813+0000] {logging_mixin.py:188} INFO - [2025-03-11T03:32:43.813+0000] {dagbag.py:545} INFO - Filling up the DagBag from /home/airflow/.local/lib/python3.12/site-packages/airflow/example_dags/example_nested_branch_dag.py
[2025-03-11T03:32:43.826+0000] {processor.py:840} INFO - DAG(s) 'example_nested_branch_dag' retrieved from /home/airflow/.local/lib/python3.12/site-packages/airflow/example_dags/example_nested_branch_dag.py
[2025-03-11T03:32:43.856+0000] {logging_mixin.py:188} INFO - [2025-03-11T03:32:43.856+0000] {dag.py:3096} INFO - Sync 1 DAGs
[2025-03-11T03:32:43.889+0000] {logging_mixin.py:188} INFO - [2025-03-11T03:32:43.888+0000] {dag.py:3954} INFO - Setting next_dagrun for example_nested_branch_dag to 2025-03-10 00:00:00+00:00, run_after=2025-03-11 00:00:00+00:00
[2025-03-11T03:32:43.912+0000] {processor.py:183} INFO - Processing /home/airflow/.local/lib/python3.12/site-packages/airflow/example_dags/example_nested_branch_dag.py took 0.111 seconds
