[2025-03-11T03:05:18.011+0000] {processor.py:161} INFO - Started process (PID=59480) to work on /home/airflow/.local/lib/python3.12/site-packages/airflow/example_dags/example_python_operator.py
[2025-03-11T03:05:18.012+0000] {processor.py:830} INFO - Processing file /home/airflow/.local/lib/python3.12/site-packages/airflow/example_dags/example_python_operator.py for tasks to queue
[2025-03-11T03:05:18.015+0000] {logging_mixin.py:188} INFO - [2025-03-11T03:05:18.015+0000] {dagbag.py:545} INFO - Filling up the DagBag from /home/airflow/.local/lib/python3.12/site-packages/airflow/example_dags/example_python_operator.py
[2025-03-11T03:05:18.025+0000] {processor.py:840} INFO - DAG(s) 'example_python_operator' retrieved from /home/airflow/.local/lib/python3.12/site-packages/airflow/example_dags/example_python_operator.py
[2025-03-11T03:05:18.054+0000] {logging_mixin.py:188} INFO - [2025-03-11T03:05:18.054+0000] {dag.py:3096} INFO - Sync 1 DAGs
[2025-03-11T03:05:18.068+0000] {logging_mixin.py:188} INFO - [2025-03-11T03:05:18.068+0000] {dag.py:3954} INFO - Setting next_dagrun for example_python_operator to None, run_after=None
[2025-03-11T03:05:18.090+0000] {processor.py:183} INFO - Processing /home/airflow/.local/lib/python3.12/site-packages/airflow/example_dags/example_python_operator.py took 0.084 seconds
[2025-03-11T03:05:48.488+0000] {processor.py:161} INFO - Started process (PID=59742) to work on /home/airflow/.local/lib/python3.12/site-packages/airflow/example_dags/example_python_operator.py
[2025-03-11T03:05:48.490+0000] {processor.py:830} INFO - Processing file /home/airflow/.local/lib/python3.12/site-packages/airflow/example_dags/example_python_operator.py for tasks to queue
[2025-03-11T03:05:48.492+0000] {logging_mixin.py:188} INFO - [2025-03-11T03:05:48.492+0000] {dagbag.py:545} INFO - Filling up the DagBag from /home/airflow/.local/lib/python3.12/site-packages/airflow/example_dags/example_python_operator.py
[2025-03-11T03:05:48.507+0000] {processor.py:840} INFO - DAG(s) 'example_python_operator' retrieved from /home/airflow/.local/lib/python3.12/site-packages/airflow/example_dags/example_python_operator.py
[2025-03-11T03:05:48.539+0000] {logging_mixin.py:188} INFO - [2025-03-11T03:05:48.539+0000] {dag.py:3096} INFO - Sync 1 DAGs
[2025-03-11T03:05:48.557+0000] {logging_mixin.py:188} INFO - [2025-03-11T03:05:48.557+0000] {dag.py:3954} INFO - Setting next_dagrun for example_python_operator to None, run_after=None
[2025-03-11T03:05:48.585+0000] {processor.py:183} INFO - Processing /home/airflow/.local/lib/python3.12/site-packages/airflow/example_dags/example_python_operator.py took 0.105 seconds
[2025-03-11T03:06:18.637+0000] {processor.py:161} INFO - Started process (PID=60004) to work on /home/airflow/.local/lib/python3.12/site-packages/airflow/example_dags/example_python_operator.py
[2025-03-11T03:06:18.638+0000] {processor.py:830} INFO - Processing file /home/airflow/.local/lib/python3.12/site-packages/airflow/example_dags/example_python_operator.py for tasks to queue
[2025-03-11T03:06:18.639+0000] {logging_mixin.py:188} INFO - [2025-03-11T03:06:18.639+0000] {dagbag.py:545} INFO - Filling up the DagBag from /home/airflow/.local/lib/python3.12/site-packages/airflow/example_dags/example_python_operator.py
[2025-03-11T03:06:18.648+0000] {processor.py:840} INFO - DAG(s) 'example_python_operator' retrieved from /home/airflow/.local/lib/python3.12/site-packages/airflow/example_dags/example_python_operator.py
[2025-03-11T03:06:18.667+0000] {logging_mixin.py:188} INFO - [2025-03-11T03:06:18.667+0000] {dag.py:3096} INFO - Sync 1 DAGs
[2025-03-11T03:06:18.678+0000] {logging_mixin.py:188} INFO - [2025-03-11T03:06:18.678+0000] {dag.py:3954} INFO - Setting next_dagrun for example_python_operator to None, run_after=None
[2025-03-11T03:06:18.695+0000] {processor.py:183} INFO - Processing /home/airflow/.local/lib/python3.12/site-packages/airflow/example_dags/example_python_operator.py took 0.063 seconds
[2025-03-11T03:06:49.267+0000] {processor.py:161} INFO - Started process (PID=60266) to work on /home/airflow/.local/lib/python3.12/site-packages/airflow/example_dags/example_python_operator.py
[2025-03-11T03:06:49.268+0000] {processor.py:830} INFO - Processing file /home/airflow/.local/lib/python3.12/site-packages/airflow/example_dags/example_python_operator.py for tasks to queue
[2025-03-11T03:06:49.272+0000] {logging_mixin.py:188} INFO - [2025-03-11T03:06:49.271+0000] {dagbag.py:545} INFO - Filling up the DagBag from /home/airflow/.local/lib/python3.12/site-packages/airflow/example_dags/example_python_operator.py
[2025-03-11T03:06:49.287+0000] {processor.py:840} INFO - DAG(s) 'example_python_operator' retrieved from /home/airflow/.local/lib/python3.12/site-packages/airflow/example_dags/example_python_operator.py
[2025-03-11T03:06:49.319+0000] {logging_mixin.py:188} INFO - [2025-03-11T03:06:49.319+0000] {dag.py:3096} INFO - Sync 1 DAGs
[2025-03-11T03:06:49.339+0000] {logging_mixin.py:188} INFO - [2025-03-11T03:06:49.338+0000] {dag.py:3954} INFO - Setting next_dagrun for example_python_operator to None, run_after=None
[2025-03-11T03:06:49.360+0000] {processor.py:183} INFO - Processing /home/airflow/.local/lib/python3.12/site-packages/airflow/example_dags/example_python_operator.py took 0.101 seconds
[2025-03-11T03:07:19.985+0000] {processor.py:161} INFO - Started process (PID=60528) to work on /home/airflow/.local/lib/python3.12/site-packages/airflow/example_dags/example_python_operator.py
[2025-03-11T03:07:19.986+0000] {processor.py:830} INFO - Processing file /home/airflow/.local/lib/python3.12/site-packages/airflow/example_dags/example_python_operator.py for tasks to queue
[2025-03-11T03:07:19.989+0000] {logging_mixin.py:188} INFO - [2025-03-11T03:07:19.988+0000] {dagbag.py:545} INFO - Filling up the DagBag from /home/airflow/.local/lib/python3.12/site-packages/airflow/example_dags/example_python_operator.py
[2025-03-11T03:07:20.005+0000] {processor.py:840} INFO - DAG(s) 'example_python_operator' retrieved from /home/airflow/.local/lib/python3.12/site-packages/airflow/example_dags/example_python_operator.py
[2025-03-11T03:07:20.030+0000] {logging_mixin.py:188} INFO - [2025-03-11T03:07:20.030+0000] {dag.py:3096} INFO - Sync 1 DAGs
[2025-03-11T03:07:20.043+0000] {logging_mixin.py:188} INFO - [2025-03-11T03:07:20.042+0000] {dag.py:3954} INFO - Setting next_dagrun for example_python_operator to None, run_after=None
[2025-03-11T03:07:20.090+0000] {processor.py:183} INFO - Processing /home/airflow/.local/lib/python3.12/site-packages/airflow/example_dags/example_python_operator.py took 0.112 seconds
[2025-03-11T03:07:50.236+0000] {processor.py:161} INFO - Started process (PID=60790) to work on /home/airflow/.local/lib/python3.12/site-packages/airflow/example_dags/example_python_operator.py
[2025-03-11T03:07:50.237+0000] {processor.py:830} INFO - Processing file /home/airflow/.local/lib/python3.12/site-packages/airflow/example_dags/example_python_operator.py for tasks to queue
[2025-03-11T03:07:50.241+0000] {logging_mixin.py:188} INFO - [2025-03-11T03:07:50.240+0000] {dagbag.py:545} INFO - Filling up the DagBag from /home/airflow/.local/lib/python3.12/site-packages/airflow/example_dags/example_python_operator.py
[2025-03-11T03:07:50.261+0000] {processor.py:840} INFO - DAG(s) 'example_python_operator' retrieved from /home/airflow/.local/lib/python3.12/site-packages/airflow/example_dags/example_python_operator.py
[2025-03-11T03:07:50.287+0000] {logging_mixin.py:188} INFO - [2025-03-11T03:07:50.286+0000] {dag.py:3096} INFO - Sync 1 DAGs
[2025-03-11T03:07:50.301+0000] {logging_mixin.py:188} INFO - [2025-03-11T03:07:50.301+0000] {dag.py:3954} INFO - Setting next_dagrun for example_python_operator to None, run_after=None
[2025-03-11T03:07:50.325+0000] {processor.py:183} INFO - Processing /home/airflow/.local/lib/python3.12/site-packages/airflow/example_dags/example_python_operator.py took 0.096 seconds
[2025-03-11T03:08:20.837+0000] {processor.py:161} INFO - Started process (PID=61052) to work on /home/airflow/.local/lib/python3.12/site-packages/airflow/example_dags/example_python_operator.py
[2025-03-11T03:08:20.839+0000] {processor.py:830} INFO - Processing file /home/airflow/.local/lib/python3.12/site-packages/airflow/example_dags/example_python_operator.py for tasks to queue
[2025-03-11T03:08:20.843+0000] {logging_mixin.py:188} INFO - [2025-03-11T03:08:20.842+0000] {dagbag.py:545} INFO - Filling up the DagBag from /home/airflow/.local/lib/python3.12/site-packages/airflow/example_dags/example_python_operator.py
[2025-03-11T03:08:20.856+0000] {processor.py:840} INFO - DAG(s) 'example_python_operator' retrieved from /home/airflow/.local/lib/python3.12/site-packages/airflow/example_dags/example_python_operator.py
[2025-03-11T03:08:20.888+0000] {logging_mixin.py:188} INFO - [2025-03-11T03:08:20.888+0000] {dag.py:3096} INFO - Sync 1 DAGs
[2025-03-11T03:08:20.930+0000] {logging_mixin.py:188} INFO - [2025-03-11T03:08:20.930+0000] {dag.py:3954} INFO - Setting next_dagrun for example_python_operator to None, run_after=None
[2025-03-11T03:08:20.953+0000] {processor.py:183} INFO - Processing /home/airflow/.local/lib/python3.12/site-packages/airflow/example_dags/example_python_operator.py took 0.127 seconds
[2025-03-11T03:08:51.360+0000] {processor.py:161} INFO - Started process (PID=61308) to work on /home/airflow/.local/lib/python3.12/site-packages/airflow/example_dags/example_python_operator.py
[2025-03-11T03:08:51.361+0000] {processor.py:830} INFO - Processing file /home/airflow/.local/lib/python3.12/site-packages/airflow/example_dags/example_python_operator.py for tasks to queue
[2025-03-11T03:08:51.365+0000] {logging_mixin.py:188} INFO - [2025-03-11T03:08:51.364+0000] {dagbag.py:545} INFO - Filling up the DagBag from /home/airflow/.local/lib/python3.12/site-packages/airflow/example_dags/example_python_operator.py
[2025-03-11T03:08:51.380+0000] {processor.py:840} INFO - DAG(s) 'example_python_operator' retrieved from /home/airflow/.local/lib/python3.12/site-packages/airflow/example_dags/example_python_operator.py
[2025-03-11T03:08:51.412+0000] {logging_mixin.py:188} INFO - [2025-03-11T03:08:51.412+0000] {dag.py:3096} INFO - Sync 1 DAGs
[2025-03-11T03:08:51.426+0000] {logging_mixin.py:188} INFO - [2025-03-11T03:08:51.425+0000] {dag.py:3954} INFO - Setting next_dagrun for example_python_operator to None, run_after=None
[2025-03-11T03:08:51.450+0000] {processor.py:183} INFO - Processing /home/airflow/.local/lib/python3.12/site-packages/airflow/example_dags/example_python_operator.py took 0.096 seconds
[2025-03-11T03:09:22.255+0000] {processor.py:161} INFO - Started process (PID=61570) to work on /home/airflow/.local/lib/python3.12/site-packages/airflow/example_dags/example_python_operator.py
[2025-03-11T03:09:22.256+0000] {processor.py:830} INFO - Processing file /home/airflow/.local/lib/python3.12/site-packages/airflow/example_dags/example_python_operator.py for tasks to queue
[2025-03-11T03:09:22.258+0000] {logging_mixin.py:188} INFO - [2025-03-11T03:09:22.257+0000] {dagbag.py:545} INFO - Filling up the DagBag from /home/airflow/.local/lib/python3.12/site-packages/airflow/example_dags/example_python_operator.py
[2025-03-11T03:09:22.268+0000] {processor.py:840} INFO - DAG(s) 'example_python_operator' retrieved from /home/airflow/.local/lib/python3.12/site-packages/airflow/example_dags/example_python_operator.py
[2025-03-11T03:09:22.290+0000] {logging_mixin.py:188} INFO - [2025-03-11T03:09:22.290+0000] {dag.py:3096} INFO - Sync 1 DAGs
[2025-03-11T03:09:22.303+0000] {logging_mixin.py:188} INFO - [2025-03-11T03:09:22.303+0000] {dag.py:3954} INFO - Setting next_dagrun for example_python_operator to None, run_after=None
[2025-03-11T03:09:22.326+0000] {processor.py:183} INFO - Processing /home/airflow/.local/lib/python3.12/site-packages/airflow/example_dags/example_python_operator.py took 0.077 seconds
[2025-03-11T03:09:53.042+0000] {processor.py:161} INFO - Started process (PID=61833) to work on /home/airflow/.local/lib/python3.12/site-packages/airflow/example_dags/example_python_operator.py
[2025-03-11T03:09:53.044+0000] {processor.py:830} INFO - Processing file /home/airflow/.local/lib/python3.12/site-packages/airflow/example_dags/example_python_operator.py for tasks to queue
[2025-03-11T03:09:53.047+0000] {logging_mixin.py:188} INFO - [2025-03-11T03:09:53.047+0000] {dagbag.py:545} INFO - Filling up the DagBag from /home/airflow/.local/lib/python3.12/site-packages/airflow/example_dags/example_python_operator.py
[2025-03-11T03:09:53.060+0000] {processor.py:840} INFO - DAG(s) 'example_python_operator' retrieved from /home/airflow/.local/lib/python3.12/site-packages/airflow/example_dags/example_python_operator.py
[2025-03-11T03:09:53.084+0000] {logging_mixin.py:188} INFO - [2025-03-11T03:09:53.084+0000] {dag.py:3096} INFO - Sync 1 DAGs
[2025-03-11T03:09:53.098+0000] {logging_mixin.py:188} INFO - [2025-03-11T03:09:53.098+0000] {dag.py:3954} INFO - Setting next_dagrun for example_python_operator to None, run_after=None
[2025-03-11T03:09:53.122+0000] {processor.py:183} INFO - Processing /home/airflow/.local/lib/python3.12/site-packages/airflow/example_dags/example_python_operator.py took 0.086 seconds
[2025-03-11T03:10:24.018+0000] {processor.py:161} INFO - Started process (PID=62095) to work on /home/airflow/.local/lib/python3.12/site-packages/airflow/example_dags/example_python_operator.py
[2025-03-11T03:10:24.019+0000] {processor.py:830} INFO - Processing file /home/airflow/.local/lib/python3.12/site-packages/airflow/example_dags/example_python_operator.py for tasks to queue
[2025-03-11T03:10:24.021+0000] {logging_mixin.py:188} INFO - [2025-03-11T03:10:24.021+0000] {dagbag.py:545} INFO - Filling up the DagBag from /home/airflow/.local/lib/python3.12/site-packages/airflow/example_dags/example_python_operator.py
[2025-03-11T03:10:24.033+0000] {processor.py:840} INFO - DAG(s) 'example_python_operator' retrieved from /home/airflow/.local/lib/python3.12/site-packages/airflow/example_dags/example_python_operator.py
[2025-03-11T03:10:24.053+0000] {logging_mixin.py:188} INFO - [2025-03-11T03:10:24.053+0000] {dag.py:3096} INFO - Sync 1 DAGs
[2025-03-11T03:10:24.065+0000] {logging_mixin.py:188} INFO - [2025-03-11T03:10:24.065+0000] {dag.py:3954} INFO - Setting next_dagrun for example_python_operator to None, run_after=None
[2025-03-11T03:10:24.085+0000] {processor.py:183} INFO - Processing /home/airflow/.local/lib/python3.12/site-packages/airflow/example_dags/example_python_operator.py took 0.081 seconds
[2025-03-11T03:10:54.868+0000] {processor.py:161} INFO - Started process (PID=62357) to work on /home/airflow/.local/lib/python3.12/site-packages/airflow/example_dags/example_python_operator.py
[2025-03-11T03:10:54.870+0000] {processor.py:830} INFO - Processing file /home/airflow/.local/lib/python3.12/site-packages/airflow/example_dags/example_python_operator.py for tasks to queue
[2025-03-11T03:10:54.874+0000] {logging_mixin.py:188} INFO - [2025-03-11T03:10:54.873+0000] {dagbag.py:545} INFO - Filling up the DagBag from /home/airflow/.local/lib/python3.12/site-packages/airflow/example_dags/example_python_operator.py
[2025-03-11T03:10:54.892+0000] {processor.py:840} INFO - DAG(s) 'example_python_operator' retrieved from /home/airflow/.local/lib/python3.12/site-packages/airflow/example_dags/example_python_operator.py
[2025-03-11T03:10:54.938+0000] {logging_mixin.py:188} INFO - [2025-03-11T03:10:54.938+0000] {dag.py:3096} INFO - Sync 1 DAGs
[2025-03-11T03:10:54.951+0000] {logging_mixin.py:188} INFO - [2025-03-11T03:10:54.951+0000] {dag.py:3954} INFO - Setting next_dagrun for example_python_operator to None, run_after=None
[2025-03-11T03:10:54.977+0000] {processor.py:183} INFO - Processing /home/airflow/.local/lib/python3.12/site-packages/airflow/example_dags/example_python_operator.py took 0.118 seconds
[2025-03-11T03:11:25.886+0000] {processor.py:161} INFO - Started process (PID=62619) to work on /home/airflow/.local/lib/python3.12/site-packages/airflow/example_dags/example_python_operator.py
[2025-03-11T03:11:25.888+0000] {processor.py:830} INFO - Processing file /home/airflow/.local/lib/python3.12/site-packages/airflow/example_dags/example_python_operator.py for tasks to queue
[2025-03-11T03:11:25.891+0000] {logging_mixin.py:188} INFO - [2025-03-11T03:11:25.890+0000] {dagbag.py:545} INFO - Filling up the DagBag from /home/airflow/.local/lib/python3.12/site-packages/airflow/example_dags/example_python_operator.py
[2025-03-11T03:11:25.904+0000] {processor.py:840} INFO - DAG(s) 'example_python_operator' retrieved from /home/airflow/.local/lib/python3.12/site-packages/airflow/example_dags/example_python_operator.py
[2025-03-11T03:11:25.933+0000] {logging_mixin.py:188} INFO - [2025-03-11T03:11:25.932+0000] {dag.py:3096} INFO - Sync 1 DAGs
[2025-03-11T03:11:25.979+0000] {logging_mixin.py:188} INFO - [2025-03-11T03:11:25.978+0000] {dag.py:3954} INFO - Setting next_dagrun for example_python_operator to None, run_after=None
[2025-03-11T03:11:26.035+0000] {processor.py:183} INFO - Processing /home/airflow/.local/lib/python3.12/site-packages/airflow/example_dags/example_python_operator.py took 0.159 seconds
[2025-03-11T03:11:56.525+0000] {processor.py:161} INFO - Started process (PID=62881) to work on /home/airflow/.local/lib/python3.12/site-packages/airflow/example_dags/example_python_operator.py
[2025-03-11T03:11:56.526+0000] {processor.py:830} INFO - Processing file /home/airflow/.local/lib/python3.12/site-packages/airflow/example_dags/example_python_operator.py for tasks to queue
[2025-03-11T03:11:56.531+0000] {logging_mixin.py:188} INFO - [2025-03-11T03:11:56.530+0000] {dagbag.py:545} INFO - Filling up the DagBag from /home/airflow/.local/lib/python3.12/site-packages/airflow/example_dags/example_python_operator.py
[2025-03-11T03:11:56.549+0000] {processor.py:840} INFO - DAG(s) 'example_python_operator' retrieved from /home/airflow/.local/lib/python3.12/site-packages/airflow/example_dags/example_python_operator.py
[2025-03-11T03:11:56.579+0000] {logging_mixin.py:188} INFO - [2025-03-11T03:11:56.579+0000] {dag.py:3096} INFO - Sync 1 DAGs
[2025-03-11T03:11:56.593+0000] {logging_mixin.py:188} INFO - [2025-03-11T03:11:56.593+0000] {dag.py:3954} INFO - Setting next_dagrun for example_python_operator to None, run_after=None
[2025-03-11T03:11:56.613+0000] {processor.py:183} INFO - Processing /home/airflow/.local/lib/python3.12/site-packages/airflow/example_dags/example_python_operator.py took 0.100 seconds
[2025-03-11T03:12:27.143+0000] {processor.py:161} INFO - Started process (PID=63143) to work on /home/airflow/.local/lib/python3.12/site-packages/airflow/example_dags/example_python_operator.py
[2025-03-11T03:12:27.145+0000] {processor.py:830} INFO - Processing file /home/airflow/.local/lib/python3.12/site-packages/airflow/example_dags/example_python_operator.py for tasks to queue
[2025-03-11T03:12:27.147+0000] {logging_mixin.py:188} INFO - [2025-03-11T03:12:27.147+0000] {dagbag.py:545} INFO - Filling up the DagBag from /home/airflow/.local/lib/python3.12/site-packages/airflow/example_dags/example_python_operator.py
[2025-03-11T03:12:27.158+0000] {processor.py:840} INFO - DAG(s) 'example_python_operator' retrieved from /home/airflow/.local/lib/python3.12/site-packages/airflow/example_dags/example_python_operator.py
[2025-03-11T03:12:27.183+0000] {logging_mixin.py:188} INFO - [2025-03-11T03:12:27.183+0000] {dag.py:3096} INFO - Sync 1 DAGs
[2025-03-11T03:12:27.202+0000] {logging_mixin.py:188} INFO - [2025-03-11T03:12:27.201+0000] {dag.py:3954} INFO - Setting next_dagrun for example_python_operator to None, run_after=None
[2025-03-11T03:12:27.226+0000] {processor.py:183} INFO - Processing /home/airflow/.local/lib/python3.12/site-packages/airflow/example_dags/example_python_operator.py took 0.102 seconds
[2025-03-11T03:12:57.544+0000] {processor.py:161} INFO - Started process (PID=63404) to work on /home/airflow/.local/lib/python3.12/site-packages/airflow/example_dags/example_python_operator.py
[2025-03-11T03:12:57.545+0000] {processor.py:830} INFO - Processing file /home/airflow/.local/lib/python3.12/site-packages/airflow/example_dags/example_python_operator.py for tasks to queue
[2025-03-11T03:12:57.548+0000] {logging_mixin.py:188} INFO - [2025-03-11T03:12:57.547+0000] {dagbag.py:545} INFO - Filling up the DagBag from /home/airflow/.local/lib/python3.12/site-packages/airflow/example_dags/example_python_operator.py
[2025-03-11T03:12:57.565+0000] {processor.py:840} INFO - DAG(s) 'example_python_operator' retrieved from /home/airflow/.local/lib/python3.12/site-packages/airflow/example_dags/example_python_operator.py
[2025-03-11T03:12:57.585+0000] {logging_mixin.py:188} INFO - [2025-03-11T03:12:57.585+0000] {dag.py:3096} INFO - Sync 1 DAGs
[2025-03-11T03:12:57.598+0000] {logging_mixin.py:188} INFO - [2025-03-11T03:12:57.597+0000] {dag.py:3954} INFO - Setting next_dagrun for example_python_operator to None, run_after=None
[2025-03-11T03:12:57.617+0000] {processor.py:183} INFO - Processing /home/airflow/.local/lib/python3.12/site-packages/airflow/example_dags/example_python_operator.py took 0.080 seconds
[2025-03-11T03:13:27.863+0000] {processor.py:161} INFO - Started process (PID=63666) to work on /home/airflow/.local/lib/python3.12/site-packages/airflow/example_dags/example_python_operator.py
[2025-03-11T03:13:27.866+0000] {processor.py:830} INFO - Processing file /home/airflow/.local/lib/python3.12/site-packages/airflow/example_dags/example_python_operator.py for tasks to queue
[2025-03-11T03:13:27.879+0000] {logging_mixin.py:188} INFO - [2025-03-11T03:13:27.875+0000] {dagbag.py:545} INFO - Filling up the DagBag from /home/airflow/.local/lib/python3.12/site-packages/airflow/example_dags/example_python_operator.py
[2025-03-11T03:13:27.941+0000] {processor.py:840} INFO - DAG(s) 'example_python_operator' retrieved from /home/airflow/.local/lib/python3.12/site-packages/airflow/example_dags/example_python_operator.py
[2025-03-11T03:13:27.968+0000] {logging_mixin.py:188} INFO - [2025-03-11T03:13:27.967+0000] {dag.py:3096} INFO - Sync 1 DAGs
[2025-03-11T03:13:27.980+0000] {logging_mixin.py:188} INFO - [2025-03-11T03:13:27.980+0000] {dag.py:3954} INFO - Setting next_dagrun for example_python_operator to None, run_after=None
[2025-03-11T03:13:28.000+0000] {processor.py:183} INFO - Processing /home/airflow/.local/lib/python3.12/site-packages/airflow/example_dags/example_python_operator.py took 0.151 seconds
[2025-03-11T03:14:00.096+0000] {processor.py:161} INFO - Started process (PID=63938) to work on /home/airflow/.local/lib/python3.12/site-packages/airflow/example_dags/example_python_operator.py
[2025-03-11T03:14:00.097+0000] {processor.py:830} INFO - Processing file /home/airflow/.local/lib/python3.12/site-packages/airflow/example_dags/example_python_operator.py for tasks to queue
[2025-03-11T03:14:00.100+0000] {logging_mixin.py:188} INFO - [2025-03-11T03:14:00.100+0000] {dagbag.py:545} INFO - Filling up the DagBag from /home/airflow/.local/lib/python3.12/site-packages/airflow/example_dags/example_python_operator.py
[2025-03-11T03:14:00.117+0000] {processor.py:840} INFO - DAG(s) 'example_python_operator' retrieved from /home/airflow/.local/lib/python3.12/site-packages/airflow/example_dags/example_python_operator.py
[2025-03-11T03:14:00.167+0000] {logging_mixin.py:188} INFO - [2025-03-11T03:14:00.166+0000] {dag.py:3096} INFO - Sync 1 DAGs
[2025-03-11T03:14:00.180+0000] {logging_mixin.py:188} INFO - [2025-03-11T03:14:00.180+0000] {dag.py:3954} INFO - Setting next_dagrun for example_python_operator to None, run_after=None
[2025-03-11T03:14:00.206+0000] {processor.py:183} INFO - Processing /home/airflow/.local/lib/python3.12/site-packages/airflow/example_dags/example_python_operator.py took 0.117 seconds
[2025-03-11T03:14:31.358+0000] {processor.py:161} INFO - Started process (PID=64198) to work on /home/airflow/.local/lib/python3.12/site-packages/airflow/example_dags/example_python_operator.py
[2025-03-11T03:14:31.360+0000] {processor.py:830} INFO - Processing file /home/airflow/.local/lib/python3.12/site-packages/airflow/example_dags/example_python_operator.py for tasks to queue
[2025-03-11T03:14:31.362+0000] {logging_mixin.py:188} INFO - [2025-03-11T03:14:31.362+0000] {dagbag.py:545} INFO - Filling up the DagBag from /home/airflow/.local/lib/python3.12/site-packages/airflow/example_dags/example_python_operator.py
[2025-03-11T03:14:31.373+0000] {processor.py:840} INFO - DAG(s) 'example_python_operator' retrieved from /home/airflow/.local/lib/python3.12/site-packages/airflow/example_dags/example_python_operator.py
[2025-03-11T03:14:31.395+0000] {logging_mixin.py:188} INFO - [2025-03-11T03:14:31.395+0000] {dag.py:3096} INFO - Sync 1 DAGs
[2025-03-11T03:14:31.409+0000] {logging_mixin.py:188} INFO - [2025-03-11T03:14:31.408+0000] {dag.py:3954} INFO - Setting next_dagrun for example_python_operator to None, run_after=None
[2025-03-11T03:14:31.430+0000] {processor.py:183} INFO - Processing /home/airflow/.local/lib/python3.12/site-packages/airflow/example_dags/example_python_operator.py took 0.078 seconds
[2025-03-11T03:15:04.499+0000] {processor.py:161} INFO - Started process (PID=64460) to work on /home/airflow/.local/lib/python3.12/site-packages/airflow/example_dags/example_python_operator.py
[2025-03-11T03:15:04.501+0000] {processor.py:830} INFO - Processing file /home/airflow/.local/lib/python3.12/site-packages/airflow/example_dags/example_python_operator.py for tasks to queue
[2025-03-11T03:15:04.505+0000] {logging_mixin.py:188} INFO - [2025-03-11T03:15:04.504+0000] {dagbag.py:545} INFO - Filling up the DagBag from /home/airflow/.local/lib/python3.12/site-packages/airflow/example_dags/example_python_operator.py
[2025-03-11T03:15:04.523+0000] {processor.py:840} INFO - DAG(s) 'example_python_operator' retrieved from /home/airflow/.local/lib/python3.12/site-packages/airflow/example_dags/example_python_operator.py
[2025-03-11T03:15:04.553+0000] {logging_mixin.py:188} INFO - [2025-03-11T03:15:04.553+0000] {dag.py:3096} INFO - Sync 1 DAGs
[2025-03-11T03:15:04.568+0000] {logging_mixin.py:188} INFO - [2025-03-11T03:15:04.568+0000] {dag.py:3954} INFO - Setting next_dagrun for example_python_operator to None, run_after=None
[2025-03-11T03:15:04.607+0000] {processor.py:183} INFO - Processing /home/airflow/.local/lib/python3.12/site-packages/airflow/example_dags/example_python_operator.py took 0.121 seconds
[2025-03-11T03:15:37.346+0000] {processor.py:161} INFO - Started process (PID=64724) to work on /home/airflow/.local/lib/python3.12/site-packages/airflow/example_dags/example_python_operator.py
[2025-03-11T03:15:37.349+0000] {processor.py:830} INFO - Processing file /home/airflow/.local/lib/python3.12/site-packages/airflow/example_dags/example_python_operator.py for tasks to queue
[2025-03-11T03:15:37.356+0000] {logging_mixin.py:188} INFO - [2025-03-11T03:15:37.355+0000] {dagbag.py:545} INFO - Filling up the DagBag from /home/airflow/.local/lib/python3.12/site-packages/airflow/example_dags/example_python_operator.py
[2025-03-11T03:15:37.377+0000] {processor.py:840} INFO - DAG(s) 'example_python_operator' retrieved from /home/airflow/.local/lib/python3.12/site-packages/airflow/example_dags/example_python_operator.py
[2025-03-11T03:15:37.407+0000] {logging_mixin.py:188} INFO - [2025-03-11T03:15:37.406+0000] {dag.py:3096} INFO - Sync 1 DAGs
[2025-03-11T03:15:37.423+0000] {logging_mixin.py:188} INFO - [2025-03-11T03:15:37.423+0000] {dag.py:3954} INFO - Setting next_dagrun for example_python_operator to None, run_after=None
[2025-03-11T03:15:37.565+0000] {processor.py:183} INFO - Processing /home/airflow/.local/lib/python3.12/site-packages/airflow/example_dags/example_python_operator.py took 0.244 seconds
[2025-03-11T03:16:08.208+0000] {processor.py:161} INFO - Started process (PID=64984) to work on /home/airflow/.local/lib/python3.12/site-packages/airflow/example_dags/example_python_operator.py
[2025-03-11T03:16:08.210+0000] {processor.py:830} INFO - Processing file /home/airflow/.local/lib/python3.12/site-packages/airflow/example_dags/example_python_operator.py for tasks to queue
[2025-03-11T03:16:08.213+0000] {logging_mixin.py:188} INFO - [2025-03-11T03:16:08.213+0000] {dagbag.py:545} INFO - Filling up the DagBag from /home/airflow/.local/lib/python3.12/site-packages/airflow/example_dags/example_python_operator.py
[2025-03-11T03:16:08.230+0000] {processor.py:840} INFO - DAG(s) 'example_python_operator' retrieved from /home/airflow/.local/lib/python3.12/site-packages/airflow/example_dags/example_python_operator.py
[2025-03-11T03:16:08.260+0000] {logging_mixin.py:188} INFO - [2025-03-11T03:16:08.259+0000] {dag.py:3096} INFO - Sync 1 DAGs
[2025-03-11T03:16:08.278+0000] {logging_mixin.py:188} INFO - [2025-03-11T03:16:08.278+0000] {dag.py:3954} INFO - Setting next_dagrun for example_python_operator to None, run_after=None
[2025-03-11T03:16:08.309+0000] {processor.py:183} INFO - Processing /home/airflow/.local/lib/python3.12/site-packages/airflow/example_dags/example_python_operator.py took 0.109 seconds
[2025-03-11T03:16:42.457+0000] {processor.py:161} INFO - Started process (PID=65248) to work on /home/airflow/.local/lib/python3.12/site-packages/airflow/example_dags/example_python_operator.py
[2025-03-11T03:16:42.459+0000] {processor.py:830} INFO - Processing file /home/airflow/.local/lib/python3.12/site-packages/airflow/example_dags/example_python_operator.py for tasks to queue
[2025-03-11T03:16:42.462+0000] {logging_mixin.py:188} INFO - [2025-03-11T03:16:42.462+0000] {dagbag.py:545} INFO - Filling up the DagBag from /home/airflow/.local/lib/python3.12/site-packages/airflow/example_dags/example_python_operator.py
[2025-03-11T03:16:42.474+0000] {processor.py:840} INFO - DAG(s) 'example_python_operator' retrieved from /home/airflow/.local/lib/python3.12/site-packages/airflow/example_dags/example_python_operator.py
[2025-03-11T03:16:42.501+0000] {logging_mixin.py:188} INFO - [2025-03-11T03:16:42.500+0000] {dag.py:3096} INFO - Sync 1 DAGs
[2025-03-11T03:16:42.516+0000] {logging_mixin.py:188} INFO - [2025-03-11T03:16:42.515+0000] {dag.py:3954} INFO - Setting next_dagrun for example_python_operator to None, run_after=None
[2025-03-11T03:16:42.540+0000] {processor.py:183} INFO - Processing /home/airflow/.local/lib/python3.12/site-packages/airflow/example_dags/example_python_operator.py took 0.101 seconds
[2025-03-11T03:17:13.400+0000] {processor.py:161} INFO - Started process (PID=65508) to work on /home/airflow/.local/lib/python3.12/site-packages/airflow/example_dags/example_python_operator.py
[2025-03-11T03:17:13.401+0000] {processor.py:830} INFO - Processing file /home/airflow/.local/lib/python3.12/site-packages/airflow/example_dags/example_python_operator.py for tasks to queue
[2025-03-11T03:17:13.403+0000] {logging_mixin.py:188} INFO - [2025-03-11T03:17:13.402+0000] {dagbag.py:545} INFO - Filling up the DagBag from /home/airflow/.local/lib/python3.12/site-packages/airflow/example_dags/example_python_operator.py
[2025-03-11T03:17:13.413+0000] {processor.py:840} INFO - DAG(s) 'example_python_operator' retrieved from /home/airflow/.local/lib/python3.12/site-packages/airflow/example_dags/example_python_operator.py
[2025-03-11T03:17:13.437+0000] {logging_mixin.py:188} INFO - [2025-03-11T03:17:13.437+0000] {dag.py:3096} INFO - Sync 1 DAGs
[2025-03-11T03:17:13.451+0000] {logging_mixin.py:188} INFO - [2025-03-11T03:17:13.451+0000] {dag.py:3954} INFO - Setting next_dagrun for example_python_operator to None, run_after=None
[2025-03-11T03:17:13.589+0000] {processor.py:183} INFO - Processing /home/airflow/.local/lib/python3.12/site-packages/airflow/example_dags/example_python_operator.py took 0.196 seconds
[2025-03-11T03:17:44.947+0000] {processor.py:161} INFO - Started process (PID=65770) to work on /home/airflow/.local/lib/python3.12/site-packages/airflow/example_dags/example_python_operator.py
[2025-03-11T03:17:44.950+0000] {processor.py:830} INFO - Processing file /home/airflow/.local/lib/python3.12/site-packages/airflow/example_dags/example_python_operator.py for tasks to queue
[2025-03-11T03:17:44.953+0000] {logging_mixin.py:188} INFO - [2025-03-11T03:17:44.952+0000] {dagbag.py:545} INFO - Filling up the DagBag from /home/airflow/.local/lib/python3.12/site-packages/airflow/example_dags/example_python_operator.py
[2025-03-11T03:17:44.967+0000] {processor.py:840} INFO - DAG(s) 'example_python_operator' retrieved from /home/airflow/.local/lib/python3.12/site-packages/airflow/example_dags/example_python_operator.py
[2025-03-11T03:17:44.992+0000] {logging_mixin.py:188} INFO - [2025-03-11T03:17:44.992+0000] {dag.py:3096} INFO - Sync 1 DAGs
[2025-03-11T03:17:45.008+0000] {logging_mixin.py:188} INFO - [2025-03-11T03:17:45.008+0000] {dag.py:3954} INFO - Setting next_dagrun for example_python_operator to None, run_after=None
[2025-03-11T03:17:45.034+0000] {processor.py:183} INFO - Processing /home/airflow/.local/lib/python3.12/site-packages/airflow/example_dags/example_python_operator.py took 0.097 seconds
[2025-03-11T03:18:18.834+0000] {processor.py:161} INFO - Started process (PID=66032) to work on /home/airflow/.local/lib/python3.12/site-packages/airflow/example_dags/example_python_operator.py
[2025-03-11T03:18:18.836+0000] {processor.py:830} INFO - Processing file /home/airflow/.local/lib/python3.12/site-packages/airflow/example_dags/example_python_operator.py for tasks to queue
[2025-03-11T03:18:18.838+0000] {logging_mixin.py:188} INFO - [2025-03-11T03:18:18.838+0000] {dagbag.py:545} INFO - Filling up the DagBag from /home/airflow/.local/lib/python3.12/site-packages/airflow/example_dags/example_python_operator.py
[2025-03-11T03:18:18.851+0000] {processor.py:840} INFO - DAG(s) 'example_python_operator' retrieved from /home/airflow/.local/lib/python3.12/site-packages/airflow/example_dags/example_python_operator.py
[2025-03-11T03:18:19.006+0000] {logging_mixin.py:188} INFO - [2025-03-11T03:18:19.006+0000] {dag.py:3096} INFO - Sync 1 DAGs
[2025-03-11T03:18:19.018+0000] {logging_mixin.py:188} INFO - [2025-03-11T03:18:19.018+0000] {dag.py:3954} INFO - Setting next_dagrun for example_python_operator to None, run_after=None
[2025-03-11T03:18:19.042+0000] {processor.py:183} INFO - Processing /home/airflow/.local/lib/python3.12/site-packages/airflow/example_dags/example_python_operator.py took 0.214 seconds
[2025-03-11T03:18:49.568+0000] {processor.py:161} INFO - Started process (PID=66296) to work on /home/airflow/.local/lib/python3.12/site-packages/airflow/example_dags/example_python_operator.py
[2025-03-11T03:18:49.570+0000] {processor.py:830} INFO - Processing file /home/airflow/.local/lib/python3.12/site-packages/airflow/example_dags/example_python_operator.py for tasks to queue
[2025-03-11T03:18:49.572+0000] {logging_mixin.py:188} INFO - [2025-03-11T03:18:49.572+0000] {dagbag.py:545} INFO - Filling up the DagBag from /home/airflow/.local/lib/python3.12/site-packages/airflow/example_dags/example_python_operator.py
[2025-03-11T03:18:49.585+0000] {processor.py:840} INFO - DAG(s) 'example_python_operator' retrieved from /home/airflow/.local/lib/python3.12/site-packages/airflow/example_dags/example_python_operator.py
[2025-03-11T03:18:49.610+0000] {logging_mixin.py:188} INFO - [2025-03-11T03:18:49.610+0000] {dag.py:3096} INFO - Sync 1 DAGs
[2025-03-11T03:18:49.628+0000] {logging_mixin.py:188} INFO - [2025-03-11T03:18:49.628+0000] {dag.py:3954} INFO - Setting next_dagrun for example_python_operator to None, run_after=None
[2025-03-11T03:18:49.653+0000] {processor.py:183} INFO - Processing /home/airflow/.local/lib/python3.12/site-packages/airflow/example_dags/example_python_operator.py took 0.092 seconds
[2025-03-11T03:19:21.639+0000] {processor.py:161} INFO - Started process (PID=66556) to work on /home/airflow/.local/lib/python3.12/site-packages/airflow/example_dags/example_python_operator.py
[2025-03-11T03:19:21.641+0000] {processor.py:830} INFO - Processing file /home/airflow/.local/lib/python3.12/site-packages/airflow/example_dags/example_python_operator.py for tasks to queue
[2025-03-11T03:19:21.643+0000] {logging_mixin.py:188} INFO - [2025-03-11T03:19:21.643+0000] {dagbag.py:545} INFO - Filling up the DagBag from /home/airflow/.local/lib/python3.12/site-packages/airflow/example_dags/example_python_operator.py
[2025-03-11T03:19:21.659+0000] {processor.py:840} INFO - DAG(s) 'example_python_operator' retrieved from /home/airflow/.local/lib/python3.12/site-packages/airflow/example_dags/example_python_operator.py
[2025-03-11T03:19:21.687+0000] {logging_mixin.py:188} INFO - [2025-03-11T03:19:21.686+0000] {dag.py:3096} INFO - Sync 1 DAGs
[2025-03-11T03:19:21.702+0000] {logging_mixin.py:188} INFO - [2025-03-11T03:19:21.702+0000] {dag.py:3954} INFO - Setting next_dagrun for example_python_operator to None, run_after=None
[2025-03-11T03:19:21.725+0000] {processor.py:183} INFO - Processing /home/airflow/.local/lib/python3.12/site-packages/airflow/example_dags/example_python_operator.py took 0.093 seconds
[2025-03-11T03:19:52.850+0000] {processor.py:161} INFO - Started process (PID=66820) to work on /home/airflow/.local/lib/python3.12/site-packages/airflow/example_dags/example_python_operator.py
[2025-03-11T03:19:52.851+0000] {processor.py:830} INFO - Processing file /home/airflow/.local/lib/python3.12/site-packages/airflow/example_dags/example_python_operator.py for tasks to queue
[2025-03-11T03:19:52.853+0000] {logging_mixin.py:188} INFO - [2025-03-11T03:19:52.853+0000] {dagbag.py:545} INFO - Filling up the DagBag from /home/airflow/.local/lib/python3.12/site-packages/airflow/example_dags/example_python_operator.py
[2025-03-11T03:19:52.865+0000] {processor.py:840} INFO - DAG(s) 'example_python_operator' retrieved from /home/airflow/.local/lib/python3.12/site-packages/airflow/example_dags/example_python_operator.py
[2025-03-11T03:19:52.887+0000] {logging_mixin.py:188} INFO - [2025-03-11T03:19:52.887+0000] {dag.py:3096} INFO - Sync 1 DAGs
[2025-03-11T03:19:52.899+0000] {logging_mixin.py:188} INFO - [2025-03-11T03:19:52.899+0000] {dag.py:3954} INFO - Setting next_dagrun for example_python_operator to None, run_after=None
[2025-03-11T03:19:52.921+0000] {processor.py:183} INFO - Processing /home/airflow/.local/lib/python3.12/site-packages/airflow/example_dags/example_python_operator.py took 0.077 seconds
[2025-03-11T03:20:25.788+0000] {processor.py:161} INFO - Started process (PID=67079) to work on /home/airflow/.local/lib/python3.12/site-packages/airflow/example_dags/example_python_operator.py
[2025-03-11T03:20:25.789+0000] {processor.py:830} INFO - Processing file /home/airflow/.local/lib/python3.12/site-packages/airflow/example_dags/example_python_operator.py for tasks to queue
[2025-03-11T03:20:25.792+0000] {logging_mixin.py:188} INFO - [2025-03-11T03:20:25.791+0000] {dagbag.py:545} INFO - Filling up the DagBag from /home/airflow/.local/lib/python3.12/site-packages/airflow/example_dags/example_python_operator.py
[2025-03-11T03:20:25.803+0000] {processor.py:840} INFO - DAG(s) 'example_python_operator' retrieved from /home/airflow/.local/lib/python3.12/site-packages/airflow/example_dags/example_python_operator.py
[2025-03-11T03:20:25.825+0000] {logging_mixin.py:188} INFO - [2025-03-11T03:20:25.825+0000] {dag.py:3096} INFO - Sync 1 DAGs
[2025-03-11T03:20:25.840+0000] {logging_mixin.py:188} INFO - [2025-03-11T03:20:25.839+0000] {dag.py:3954} INFO - Setting next_dagrun for example_python_operator to None, run_after=None
[2025-03-11T03:20:25.861+0000] {processor.py:183} INFO - Processing /home/airflow/.local/lib/python3.12/site-packages/airflow/example_dags/example_python_operator.py took 0.081 seconds
[2025-03-11T03:20:57.122+0000] {processor.py:161} INFO - Started process (PID=67346) to work on /home/airflow/.local/lib/python3.12/site-packages/airflow/example_dags/example_python_operator.py
[2025-03-11T03:20:57.124+0000] {processor.py:830} INFO - Processing file /home/airflow/.local/lib/python3.12/site-packages/airflow/example_dags/example_python_operator.py for tasks to queue
[2025-03-11T03:20:57.130+0000] {logging_mixin.py:188} INFO - [2025-03-11T03:20:57.129+0000] {dagbag.py:545} INFO - Filling up the DagBag from /home/airflow/.local/lib/python3.12/site-packages/airflow/example_dags/example_python_operator.py
[2025-03-11T03:20:57.145+0000] {processor.py:840} INFO - DAG(s) 'example_python_operator' retrieved from /home/airflow/.local/lib/python3.12/site-packages/airflow/example_dags/example_python_operator.py
[2025-03-11T03:20:57.171+0000] {logging_mixin.py:188} INFO - [2025-03-11T03:20:57.171+0000] {dag.py:3096} INFO - Sync 1 DAGs
[2025-03-11T03:20:57.187+0000] {logging_mixin.py:188} INFO - [2025-03-11T03:20:57.187+0000] {dag.py:3954} INFO - Setting next_dagrun for example_python_operator to None, run_after=None
[2025-03-11T03:20:57.208+0000] {processor.py:183} INFO - Processing /home/airflow/.local/lib/python3.12/site-packages/airflow/example_dags/example_python_operator.py took 0.104 seconds
[2025-03-11T03:21:30.560+0000] {processor.py:161} INFO - Started process (PID=67610) to work on /home/airflow/.local/lib/python3.12/site-packages/airflow/example_dags/example_python_operator.py
[2025-03-11T03:21:30.561+0000] {processor.py:830} INFO - Processing file /home/airflow/.local/lib/python3.12/site-packages/airflow/example_dags/example_python_operator.py for tasks to queue
[2025-03-11T03:21:30.563+0000] {logging_mixin.py:188} INFO - [2025-03-11T03:21:30.563+0000] {dagbag.py:545} INFO - Filling up the DagBag from /home/airflow/.local/lib/python3.12/site-packages/airflow/example_dags/example_python_operator.py
[2025-03-11T03:21:30.576+0000] {processor.py:840} INFO - DAG(s) 'example_python_operator' retrieved from /home/airflow/.local/lib/python3.12/site-packages/airflow/example_dags/example_python_operator.py
[2025-03-11T03:21:30.599+0000] {logging_mixin.py:188} INFO - [2025-03-11T03:21:30.599+0000] {dag.py:3096} INFO - Sync 1 DAGs
[2025-03-11T03:21:30.619+0000] {logging_mixin.py:188} INFO - [2025-03-11T03:21:30.619+0000] {dag.py:3954} INFO - Setting next_dagrun for example_python_operator to None, run_after=None
[2025-03-11T03:21:30.639+0000] {processor.py:183} INFO - Processing /home/airflow/.local/lib/python3.12/site-packages/airflow/example_dags/example_python_operator.py took 0.085 seconds
[2025-03-11T03:22:02.250+0000] {processor.py:161} INFO - Started process (PID=67870) to work on /home/airflow/.local/lib/python3.12/site-packages/airflow/example_dags/example_python_operator.py
[2025-03-11T03:22:02.251+0000] {processor.py:830} INFO - Processing file /home/airflow/.local/lib/python3.12/site-packages/airflow/example_dags/example_python_operator.py for tasks to queue
[2025-03-11T03:22:02.253+0000] {logging_mixin.py:188} INFO - [2025-03-11T03:22:02.253+0000] {dagbag.py:545} INFO - Filling up the DagBag from /home/airflow/.local/lib/python3.12/site-packages/airflow/example_dags/example_python_operator.py
[2025-03-11T03:22:02.263+0000] {processor.py:840} INFO - DAG(s) 'example_python_operator' retrieved from /home/airflow/.local/lib/python3.12/site-packages/airflow/example_dags/example_python_operator.py
[2025-03-11T03:22:02.286+0000] {logging_mixin.py:188} INFO - [2025-03-11T03:22:02.286+0000] {dag.py:3096} INFO - Sync 1 DAGs
[2025-03-11T03:22:02.298+0000] {logging_mixin.py:188} INFO - [2025-03-11T03:22:02.298+0000] {dag.py:3954} INFO - Setting next_dagrun for example_python_operator to None, run_after=None
[2025-03-11T03:22:02.322+0000] {processor.py:183} INFO - Processing /home/airflow/.local/lib/python3.12/site-packages/airflow/example_dags/example_python_operator.py took 0.078 seconds
[2025-03-11T03:22:35.157+0000] {processor.py:161} INFO - Started process (PID=68142) to work on /home/airflow/.local/lib/python3.12/site-packages/airflow/example_dags/example_python_operator.py
[2025-03-11T03:22:35.159+0000] {processor.py:830} INFO - Processing file /home/airflow/.local/lib/python3.12/site-packages/airflow/example_dags/example_python_operator.py for tasks to queue
[2025-03-11T03:22:35.161+0000] {logging_mixin.py:188} INFO - [2025-03-11T03:22:35.160+0000] {dagbag.py:545} INFO - Filling up the DagBag from /home/airflow/.local/lib/python3.12/site-packages/airflow/example_dags/example_python_operator.py
[2025-03-11T03:22:35.170+0000] {processor.py:840} INFO - DAG(s) 'example_python_operator' retrieved from /home/airflow/.local/lib/python3.12/site-packages/airflow/example_dags/example_python_operator.py
[2025-03-11T03:22:35.191+0000] {logging_mixin.py:188} INFO - [2025-03-11T03:22:35.190+0000] {dag.py:3096} INFO - Sync 1 DAGs
[2025-03-11T03:22:35.203+0000] {logging_mixin.py:188} INFO - [2025-03-11T03:22:35.203+0000] {dag.py:3954} INFO - Setting next_dagrun for example_python_operator to None, run_after=None
[2025-03-11T03:22:35.225+0000] {processor.py:183} INFO - Processing /home/airflow/.local/lib/python3.12/site-packages/airflow/example_dags/example_python_operator.py took 0.073 seconds
[2025-03-11T03:23:07.114+0000] {processor.py:161} INFO - Started process (PID=68406) to work on /home/airflow/.local/lib/python3.12/site-packages/airflow/example_dags/example_python_operator.py
[2025-03-11T03:23:07.116+0000] {processor.py:830} INFO - Processing file /home/airflow/.local/lib/python3.12/site-packages/airflow/example_dags/example_python_operator.py for tasks to queue
[2025-03-11T03:23:07.118+0000] {logging_mixin.py:188} INFO - [2025-03-11T03:23:07.118+0000] {dagbag.py:545} INFO - Filling up the DagBag from /home/airflow/.local/lib/python3.12/site-packages/airflow/example_dags/example_python_operator.py
[2025-03-11T03:23:07.129+0000] {processor.py:840} INFO - DAG(s) 'example_python_operator' retrieved from /home/airflow/.local/lib/python3.12/site-packages/airflow/example_dags/example_python_operator.py
[2025-03-11T03:23:07.151+0000] {logging_mixin.py:188} INFO - [2025-03-11T03:23:07.151+0000] {dag.py:3096} INFO - Sync 1 DAGs
[2025-03-11T03:23:07.167+0000] {logging_mixin.py:188} INFO - [2025-03-11T03:23:07.167+0000] {dag.py:3954} INFO - Setting next_dagrun for example_python_operator to None, run_after=None
[2025-03-11T03:23:07.201+0000] {processor.py:183} INFO - Processing /home/airflow/.local/lib/python3.12/site-packages/airflow/example_dags/example_python_operator.py took 0.096 seconds
[2025-03-11T03:23:38.394+0000] {processor.py:161} INFO - Started process (PID=68666) to work on /home/airflow/.local/lib/python3.12/site-packages/airflow/example_dags/example_python_operator.py
[2025-03-11T03:23:38.395+0000] {processor.py:830} INFO - Processing file /home/airflow/.local/lib/python3.12/site-packages/airflow/example_dags/example_python_operator.py for tasks to queue
[2025-03-11T03:23:38.400+0000] {logging_mixin.py:188} INFO - [2025-03-11T03:23:38.399+0000] {dagbag.py:545} INFO - Filling up the DagBag from /home/airflow/.local/lib/python3.12/site-packages/airflow/example_dags/example_python_operator.py
[2025-03-11T03:23:38.412+0000] {processor.py:840} INFO - DAG(s) 'example_python_operator' retrieved from /home/airflow/.local/lib/python3.12/site-packages/airflow/example_dags/example_python_operator.py
[2025-03-11T03:23:38.434+0000] {logging_mixin.py:188} INFO - [2025-03-11T03:23:38.434+0000] {dag.py:3096} INFO - Sync 1 DAGs
[2025-03-11T03:23:38.448+0000] {logging_mixin.py:188} INFO - [2025-03-11T03:23:38.447+0000] {dag.py:3954} INFO - Setting next_dagrun for example_python_operator to None, run_after=None
[2025-03-11T03:23:38.474+0000] {processor.py:183} INFO - Processing /home/airflow/.local/lib/python3.12/site-packages/airflow/example_dags/example_python_operator.py took 0.086 seconds
[2025-03-11T03:24:11.486+0000] {processor.py:161} INFO - Started process (PID=68930) to work on /home/airflow/.local/lib/python3.12/site-packages/airflow/example_dags/example_python_operator.py
[2025-03-11T03:24:11.491+0000] {processor.py:830} INFO - Processing file /home/airflow/.local/lib/python3.12/site-packages/airflow/example_dags/example_python_operator.py for tasks to queue
[2025-03-11T03:24:11.497+0000] {logging_mixin.py:188} INFO - [2025-03-11T03:24:11.496+0000] {dagbag.py:545} INFO - Filling up the DagBag from /home/airflow/.local/lib/python3.12/site-packages/airflow/example_dags/example_python_operator.py
[2025-03-11T03:24:11.519+0000] {processor.py:840} INFO - DAG(s) 'example_python_operator' retrieved from /home/airflow/.local/lib/python3.12/site-packages/airflow/example_dags/example_python_operator.py
[2025-03-11T03:24:11.548+0000] {logging_mixin.py:188} INFO - [2025-03-11T03:24:11.548+0000] {dag.py:3096} INFO - Sync 1 DAGs
[2025-03-11T03:24:11.560+0000] {logging_mixin.py:188} INFO - [2025-03-11T03:24:11.560+0000] {dag.py:3954} INFO - Setting next_dagrun for example_python_operator to None, run_after=None
[2025-03-11T03:24:11.580+0000] {processor.py:183} INFO - Processing /home/airflow/.local/lib/python3.12/site-packages/airflow/example_dags/example_python_operator.py took 0.111 seconds
[2025-03-11T03:24:43.336+0000] {processor.py:161} INFO - Started process (PID=69192) to work on /home/airflow/.local/lib/python3.12/site-packages/airflow/example_dags/example_python_operator.py
[2025-03-11T03:24:43.339+0000] {processor.py:830} INFO - Processing file /home/airflow/.local/lib/python3.12/site-packages/airflow/example_dags/example_python_operator.py for tasks to queue
[2025-03-11T03:24:43.343+0000] {logging_mixin.py:188} INFO - [2025-03-11T03:24:43.343+0000] {dagbag.py:545} INFO - Filling up the DagBag from /home/airflow/.local/lib/python3.12/site-packages/airflow/example_dags/example_python_operator.py
[2025-03-11T03:24:43.369+0000] {processor.py:840} INFO - DAG(s) 'example_python_operator' retrieved from /home/airflow/.local/lib/python3.12/site-packages/airflow/example_dags/example_python_operator.py
[2025-03-11T03:24:43.455+0000] {logging_mixin.py:188} INFO - [2025-03-11T03:24:43.454+0000] {dag.py:3096} INFO - Sync 1 DAGs
[2025-03-11T03:24:43.470+0000] {logging_mixin.py:188} INFO - [2025-03-11T03:24:43.469+0000] {dag.py:3954} INFO - Setting next_dagrun for example_python_operator to None, run_after=None
[2025-03-11T03:24:43.495+0000] {processor.py:183} INFO - Processing /home/airflow/.local/lib/python3.12/site-packages/airflow/example_dags/example_python_operator.py took 0.170 seconds
[2025-03-11T03:25:15.020+0000] {processor.py:161} INFO - Started process (PID=69452) to work on /home/airflow/.local/lib/python3.12/site-packages/airflow/example_dags/example_python_operator.py
[2025-03-11T03:25:15.022+0000] {processor.py:830} INFO - Processing file /home/airflow/.local/lib/python3.12/site-packages/airflow/example_dags/example_python_operator.py for tasks to queue
[2025-03-11T03:25:15.024+0000] {logging_mixin.py:188} INFO - [2025-03-11T03:25:15.024+0000] {dagbag.py:545} INFO - Filling up the DagBag from /home/airflow/.local/lib/python3.12/site-packages/airflow/example_dags/example_python_operator.py
[2025-03-11T03:25:15.036+0000] {processor.py:840} INFO - DAG(s) 'example_python_operator' retrieved from /home/airflow/.local/lib/python3.12/site-packages/airflow/example_dags/example_python_operator.py
[2025-03-11T03:25:15.061+0000] {logging_mixin.py:188} INFO - [2025-03-11T03:25:15.061+0000] {dag.py:3096} INFO - Sync 1 DAGs
[2025-03-11T03:25:15.076+0000] {logging_mixin.py:188} INFO - [2025-03-11T03:25:15.076+0000] {dag.py:3954} INFO - Setting next_dagrun for example_python_operator to None, run_after=None
[2025-03-11T03:25:15.098+0000] {processor.py:183} INFO - Processing /home/airflow/.local/lib/python3.12/site-packages/airflow/example_dags/example_python_operator.py took 0.084 seconds
[2025-03-11T03:25:47.312+0000] {processor.py:161} INFO - Started process (PID=69716) to work on /home/airflow/.local/lib/python3.12/site-packages/airflow/example_dags/example_python_operator.py
[2025-03-11T03:25:47.314+0000] {processor.py:830} INFO - Processing file /home/airflow/.local/lib/python3.12/site-packages/airflow/example_dags/example_python_operator.py for tasks to queue
[2025-03-11T03:25:47.317+0000] {logging_mixin.py:188} INFO - [2025-03-11T03:25:47.316+0000] {dagbag.py:545} INFO - Filling up the DagBag from /home/airflow/.local/lib/python3.12/site-packages/airflow/example_dags/example_python_operator.py
[2025-03-11T03:25:47.332+0000] {processor.py:840} INFO - DAG(s) 'example_python_operator' retrieved from /home/airflow/.local/lib/python3.12/site-packages/airflow/example_dags/example_python_operator.py
[2025-03-11T03:25:47.353+0000] {logging_mixin.py:188} INFO - [2025-03-11T03:25:47.353+0000] {dag.py:3096} INFO - Sync 1 DAGs
[2025-03-11T03:25:47.368+0000] {logging_mixin.py:188} INFO - [2025-03-11T03:25:47.368+0000] {dag.py:3954} INFO - Setting next_dagrun for example_python_operator to None, run_after=None
[2025-03-11T03:25:47.387+0000] {processor.py:183} INFO - Processing /home/airflow/.local/lib/python3.12/site-packages/airflow/example_dags/example_python_operator.py took 0.084 seconds
[2025-03-11T03:26:19.853+0000] {processor.py:161} INFO - Started process (PID=69978) to work on /home/airflow/.local/lib/python3.12/site-packages/airflow/example_dags/example_python_operator.py
[2025-03-11T03:26:19.854+0000] {processor.py:830} INFO - Processing file /home/airflow/.local/lib/python3.12/site-packages/airflow/example_dags/example_python_operator.py for tasks to queue
[2025-03-11T03:26:19.857+0000] {logging_mixin.py:188} INFO - [2025-03-11T03:26:19.856+0000] {dagbag.py:545} INFO - Filling up the DagBag from /home/airflow/.local/lib/python3.12/site-packages/airflow/example_dags/example_python_operator.py
[2025-03-11T03:26:19.868+0000] {processor.py:840} INFO - DAG(s) 'example_python_operator' retrieved from /home/airflow/.local/lib/python3.12/site-packages/airflow/example_dags/example_python_operator.py
[2025-03-11T03:26:19.892+0000] {logging_mixin.py:188} INFO - [2025-03-11T03:26:19.892+0000] {dag.py:3096} INFO - Sync 1 DAGs
[2025-03-11T03:26:19.906+0000] {logging_mixin.py:188} INFO - [2025-03-11T03:26:19.906+0000] {dag.py:3954} INFO - Setting next_dagrun for example_python_operator to None, run_after=None
[2025-03-11T03:26:19.928+0000] {processor.py:183} INFO - Processing /home/airflow/.local/lib/python3.12/site-packages/airflow/example_dags/example_python_operator.py took 0.081 seconds
[2025-03-11T03:26:50.673+0000] {processor.py:161} INFO - Started process (PID=70238) to work on /home/airflow/.local/lib/python3.12/site-packages/airflow/example_dags/example_python_operator.py
[2025-03-11T03:26:50.674+0000] {processor.py:830} INFO - Processing file /home/airflow/.local/lib/python3.12/site-packages/airflow/example_dags/example_python_operator.py for tasks to queue
[2025-03-11T03:26:50.676+0000] {logging_mixin.py:188} INFO - [2025-03-11T03:26:50.676+0000] {dagbag.py:545} INFO - Filling up the DagBag from /home/airflow/.local/lib/python3.12/site-packages/airflow/example_dags/example_python_operator.py
[2025-03-11T03:26:50.687+0000] {processor.py:840} INFO - DAG(s) 'example_python_operator' retrieved from /home/airflow/.local/lib/python3.12/site-packages/airflow/example_dags/example_python_operator.py
[2025-03-11T03:26:50.712+0000] {logging_mixin.py:188} INFO - [2025-03-11T03:26:50.711+0000] {dag.py:3096} INFO - Sync 1 DAGs
[2025-03-11T03:26:50.725+0000] {logging_mixin.py:188} INFO - [2025-03-11T03:26:50.725+0000] {dag.py:3954} INFO - Setting next_dagrun for example_python_operator to None, run_after=None
[2025-03-11T03:26:50.745+0000] {processor.py:183} INFO - Processing /home/airflow/.local/lib/python3.12/site-packages/airflow/example_dags/example_python_operator.py took 0.078 seconds
[2025-03-11T03:27:23.652+0000] {processor.py:161} INFO - Started process (PID=70502) to work on /home/airflow/.local/lib/python3.12/site-packages/airflow/example_dags/example_python_operator.py
[2025-03-11T03:27:23.654+0000] {processor.py:830} INFO - Processing file /home/airflow/.local/lib/python3.12/site-packages/airflow/example_dags/example_python_operator.py for tasks to queue
[2025-03-11T03:27:23.657+0000] {logging_mixin.py:188} INFO - [2025-03-11T03:27:23.656+0000] {dagbag.py:545} INFO - Filling up the DagBag from /home/airflow/.local/lib/python3.12/site-packages/airflow/example_dags/example_python_operator.py
[2025-03-11T03:27:23.669+0000] {processor.py:840} INFO - DAG(s) 'example_python_operator' retrieved from /home/airflow/.local/lib/python3.12/site-packages/airflow/example_dags/example_python_operator.py
[2025-03-11T03:27:23.689+0000] {logging_mixin.py:188} INFO - [2025-03-11T03:27:23.689+0000] {dag.py:3096} INFO - Sync 1 DAGs
[2025-03-11T03:27:23.702+0000] {logging_mixin.py:188} INFO - [2025-03-11T03:27:23.702+0000] {dag.py:3954} INFO - Setting next_dagrun for example_python_operator to None, run_after=None
[2025-03-11T03:27:23.723+0000] {processor.py:183} INFO - Processing /home/airflow/.local/lib/python3.12/site-packages/airflow/example_dags/example_python_operator.py took 0.076 seconds
[2025-03-11T03:27:55.404+0000] {processor.py:161} INFO - Started process (PID=70764) to work on /home/airflow/.local/lib/python3.12/site-packages/airflow/example_dags/example_python_operator.py
[2025-03-11T03:27:55.405+0000] {processor.py:830} INFO - Processing file /home/airflow/.local/lib/python3.12/site-packages/airflow/example_dags/example_python_operator.py for tasks to queue
[2025-03-11T03:27:55.410+0000] {logging_mixin.py:188} INFO - [2025-03-11T03:27:55.409+0000] {dagbag.py:545} INFO - Filling up the DagBag from /home/airflow/.local/lib/python3.12/site-packages/airflow/example_dags/example_python_operator.py
[2025-03-11T03:27:55.421+0000] {processor.py:840} INFO - DAG(s) 'example_python_operator' retrieved from /home/airflow/.local/lib/python3.12/site-packages/airflow/example_dags/example_python_operator.py
[2025-03-11T03:27:55.443+0000] {logging_mixin.py:188} INFO - [2025-03-11T03:27:55.443+0000] {dag.py:3096} INFO - Sync 1 DAGs
[2025-03-11T03:27:55.456+0000] {logging_mixin.py:188} INFO - [2025-03-11T03:27:55.456+0000] {dag.py:3954} INFO - Setting next_dagrun for example_python_operator to None, run_after=None
[2025-03-11T03:27:55.477+0000] {processor.py:183} INFO - Processing /home/airflow/.local/lib/python3.12/site-packages/airflow/example_dags/example_python_operator.py took 0.079 seconds
[2025-03-11T03:28:28.328+0000] {processor.py:161} INFO - Started process (PID=71026) to work on /home/airflow/.local/lib/python3.12/site-packages/airflow/example_dags/example_python_operator.py
[2025-03-11T03:28:28.329+0000] {processor.py:830} INFO - Processing file /home/airflow/.local/lib/python3.12/site-packages/airflow/example_dags/example_python_operator.py for tasks to queue
[2025-03-11T03:28:28.332+0000] {logging_mixin.py:188} INFO - [2025-03-11T03:28:28.331+0000] {dagbag.py:545} INFO - Filling up the DagBag from /home/airflow/.local/lib/python3.12/site-packages/airflow/example_dags/example_python_operator.py
[2025-03-11T03:28:28.344+0000] {processor.py:840} INFO - DAG(s) 'example_python_operator' retrieved from /home/airflow/.local/lib/python3.12/site-packages/airflow/example_dags/example_python_operator.py
[2025-03-11T03:28:28.367+0000] {logging_mixin.py:188} INFO - [2025-03-11T03:28:28.366+0000] {dag.py:3096} INFO - Sync 1 DAGs
[2025-03-11T03:28:28.382+0000] {logging_mixin.py:188} INFO - [2025-03-11T03:28:28.381+0000] {dag.py:3954} INFO - Setting next_dagrun for example_python_operator to None, run_after=None
[2025-03-11T03:28:28.405+0000] {processor.py:183} INFO - Processing /home/airflow/.local/lib/python3.12/site-packages/airflow/example_dags/example_python_operator.py took 0.083 seconds
[2025-03-11T03:29:00.481+0000] {processor.py:161} INFO - Started process (PID=71288) to work on /home/airflow/.local/lib/python3.12/site-packages/airflow/example_dags/example_python_operator.py
[2025-03-11T03:29:00.488+0000] {processor.py:830} INFO - Processing file /home/airflow/.local/lib/python3.12/site-packages/airflow/example_dags/example_python_operator.py for tasks to queue
[2025-03-11T03:29:00.494+0000] {logging_mixin.py:188} INFO - [2025-03-11T03:29:00.493+0000] {dagbag.py:545} INFO - Filling up the DagBag from /home/airflow/.local/lib/python3.12/site-packages/airflow/example_dags/example_python_operator.py
[2025-03-11T03:29:00.528+0000] {processor.py:840} INFO - DAG(s) 'example_python_operator' retrieved from /home/airflow/.local/lib/python3.12/site-packages/airflow/example_dags/example_python_operator.py
[2025-03-11T03:29:00.561+0000] {logging_mixin.py:188} INFO - [2025-03-11T03:29:00.560+0000] {dag.py:3096} INFO - Sync 1 DAGs
[2025-03-11T03:29:00.576+0000] {logging_mixin.py:188} INFO - [2025-03-11T03:29:00.575+0000] {dag.py:3954} INFO - Setting next_dagrun for example_python_operator to None, run_after=None
[2025-03-11T03:29:00.603+0000] {processor.py:183} INFO - Processing /home/airflow/.local/lib/python3.12/site-packages/airflow/example_dags/example_python_operator.py took 0.130 seconds
[2025-03-11T03:29:32.430+0000] {processor.py:161} INFO - Started process (PID=71550) to work on /home/airflow/.local/lib/python3.12/site-packages/airflow/example_dags/example_python_operator.py
[2025-03-11T03:29:32.432+0000] {processor.py:830} INFO - Processing file /home/airflow/.local/lib/python3.12/site-packages/airflow/example_dags/example_python_operator.py for tasks to queue
[2025-03-11T03:29:32.435+0000] {logging_mixin.py:188} INFO - [2025-03-11T03:29:32.434+0000] {dagbag.py:545} INFO - Filling up the DagBag from /home/airflow/.local/lib/python3.12/site-packages/airflow/example_dags/example_python_operator.py
[2025-03-11T03:29:32.454+0000] {processor.py:840} INFO - DAG(s) 'example_python_operator' retrieved from /home/airflow/.local/lib/python3.12/site-packages/airflow/example_dags/example_python_operator.py
[2025-03-11T03:29:32.477+0000] {logging_mixin.py:188} INFO - [2025-03-11T03:29:32.476+0000] {dag.py:3096} INFO - Sync 1 DAGs
[2025-03-11T03:29:32.489+0000] {logging_mixin.py:188} INFO - [2025-03-11T03:29:32.489+0000] {dag.py:3954} INFO - Setting next_dagrun for example_python_operator to None, run_after=None
[2025-03-11T03:29:32.514+0000] {processor.py:183} INFO - Processing /home/airflow/.local/lib/python3.12/site-packages/airflow/example_dags/example_python_operator.py took 0.093 seconds
[2025-03-11T03:30:04.646+0000] {processor.py:161} INFO - Started process (PID=71812) to work on /home/airflow/.local/lib/python3.12/site-packages/airflow/example_dags/example_python_operator.py
[2025-03-11T03:30:04.648+0000] {processor.py:830} INFO - Processing file /home/airflow/.local/lib/python3.12/site-packages/airflow/example_dags/example_python_operator.py for tasks to queue
[2025-03-11T03:30:04.651+0000] {logging_mixin.py:188} INFO - [2025-03-11T03:30:04.650+0000] {dagbag.py:545} INFO - Filling up the DagBag from /home/airflow/.local/lib/python3.12/site-packages/airflow/example_dags/example_python_operator.py
[2025-03-11T03:30:04.665+0000] {processor.py:840} INFO - DAG(s) 'example_python_operator' retrieved from /home/airflow/.local/lib/python3.12/site-packages/airflow/example_dags/example_python_operator.py
[2025-03-11T03:30:04.691+0000] {logging_mixin.py:188} INFO - [2025-03-11T03:30:04.690+0000] {dag.py:3096} INFO - Sync 1 DAGs
[2025-03-11T03:30:04.705+0000] {logging_mixin.py:188} INFO - [2025-03-11T03:30:04.704+0000] {dag.py:3954} INFO - Setting next_dagrun for example_python_operator to None, run_after=None
[2025-03-11T03:30:04.727+0000] {processor.py:183} INFO - Processing /home/airflow/.local/lib/python3.12/site-packages/airflow/example_dags/example_python_operator.py took 0.092 seconds
[2025-03-11T03:30:37.032+0000] {processor.py:161} INFO - Started process (PID=72074) to work on /home/airflow/.local/lib/python3.12/site-packages/airflow/example_dags/example_python_operator.py
[2025-03-11T03:30:37.037+0000] {processor.py:830} INFO - Processing file /home/airflow/.local/lib/python3.12/site-packages/airflow/example_dags/example_python_operator.py for tasks to queue
[2025-03-11T03:30:37.049+0000] {logging_mixin.py:188} INFO - [2025-03-11T03:30:37.047+0000] {dagbag.py:545} INFO - Filling up the DagBag from /home/airflow/.local/lib/python3.12/site-packages/airflow/example_dags/example_python_operator.py
[2025-03-11T03:30:37.071+0000] {processor.py:840} INFO - DAG(s) 'example_python_operator' retrieved from /home/airflow/.local/lib/python3.12/site-packages/airflow/example_dags/example_python_operator.py
[2025-03-11T03:30:37.099+0000] {logging_mixin.py:188} INFO - [2025-03-11T03:30:37.099+0000] {dag.py:3096} INFO - Sync 1 DAGs
[2025-03-11T03:30:37.115+0000] {logging_mixin.py:188} INFO - [2025-03-11T03:30:37.115+0000] {dag.py:3954} INFO - Setting next_dagrun for example_python_operator to None, run_after=None
[2025-03-11T03:30:37.143+0000] {processor.py:183} INFO - Processing /home/airflow/.local/lib/python3.12/site-packages/airflow/example_dags/example_python_operator.py took 0.134 seconds
[2025-03-11T03:31:07.310+0000] {processor.py:161} INFO - Started process (PID=72334) to work on /home/airflow/.local/lib/python3.12/site-packages/airflow/example_dags/example_python_operator.py
[2025-03-11T03:31:07.312+0000] {processor.py:830} INFO - Processing file /home/airflow/.local/lib/python3.12/site-packages/airflow/example_dags/example_python_operator.py for tasks to queue
[2025-03-11T03:31:07.315+0000] {logging_mixin.py:188} INFO - [2025-03-11T03:31:07.314+0000] {dagbag.py:545} INFO - Filling up the DagBag from /home/airflow/.local/lib/python3.12/site-packages/airflow/example_dags/example_python_operator.py
[2025-03-11T03:31:07.328+0000] {processor.py:840} INFO - DAG(s) 'example_python_operator' retrieved from /home/airflow/.local/lib/python3.12/site-packages/airflow/example_dags/example_python_operator.py
[2025-03-11T03:31:07.353+0000] {logging_mixin.py:188} INFO - [2025-03-11T03:31:07.353+0000] {dag.py:3096} INFO - Sync 1 DAGs
[2025-03-11T03:31:07.368+0000] {logging_mixin.py:188} INFO - [2025-03-11T03:31:07.368+0000] {dag.py:3954} INFO - Setting next_dagrun for example_python_operator to None, run_after=None
[2025-03-11T03:31:07.391+0000] {processor.py:183} INFO - Processing /home/airflow/.local/lib/python3.12/site-packages/airflow/example_dags/example_python_operator.py took 0.088 seconds
[2025-03-11T03:31:40.435+0000] {processor.py:161} INFO - Started process (PID=72596) to work on /home/airflow/.local/lib/python3.12/site-packages/airflow/example_dags/example_python_operator.py
[2025-03-11T03:31:40.436+0000] {processor.py:830} INFO - Processing file /home/airflow/.local/lib/python3.12/site-packages/airflow/example_dags/example_python_operator.py for tasks to queue
[2025-03-11T03:31:40.439+0000] {logging_mixin.py:188} INFO - [2025-03-11T03:31:40.438+0000] {dagbag.py:545} INFO - Filling up the DagBag from /home/airflow/.local/lib/python3.12/site-packages/airflow/example_dags/example_python_operator.py
[2025-03-11T03:31:40.458+0000] {processor.py:840} INFO - DAG(s) 'example_python_operator' retrieved from /home/airflow/.local/lib/python3.12/site-packages/airflow/example_dags/example_python_operator.py
[2025-03-11T03:31:40.490+0000] {logging_mixin.py:188} INFO - [2025-03-11T03:31:40.489+0000] {dag.py:3096} INFO - Sync 1 DAGs
[2025-03-11T03:31:40.503+0000] {logging_mixin.py:188} INFO - [2025-03-11T03:31:40.503+0000] {dag.py:3954} INFO - Setting next_dagrun for example_python_operator to None, run_after=None
[2025-03-11T03:31:40.522+0000] {processor.py:183} INFO - Processing /home/airflow/.local/lib/python3.12/site-packages/airflow/example_dags/example_python_operator.py took 0.094 seconds
[2025-03-11T03:32:11.579+0000] {processor.py:161} INFO - Started process (PID=72858) to work on /home/airflow/.local/lib/python3.12/site-packages/airflow/example_dags/example_python_operator.py
[2025-03-11T03:32:11.581+0000] {processor.py:830} INFO - Processing file /home/airflow/.local/lib/python3.12/site-packages/airflow/example_dags/example_python_operator.py for tasks to queue
[2025-03-11T03:32:11.583+0000] {logging_mixin.py:188} INFO - [2025-03-11T03:32:11.583+0000] {dagbag.py:545} INFO - Filling up the DagBag from /home/airflow/.local/lib/python3.12/site-packages/airflow/example_dags/example_python_operator.py
[2025-03-11T03:32:11.593+0000] {processor.py:840} INFO - DAG(s) 'example_python_operator' retrieved from /home/airflow/.local/lib/python3.12/site-packages/airflow/example_dags/example_python_operator.py
[2025-03-11T03:32:11.619+0000] {logging_mixin.py:188} INFO - [2025-03-11T03:32:11.618+0000] {dag.py:3096} INFO - Sync 1 DAGs
[2025-03-11T03:32:11.635+0000] {logging_mixin.py:188} INFO - [2025-03-11T03:32:11.634+0000] {dag.py:3954} INFO - Setting next_dagrun for example_python_operator to None, run_after=None
[2025-03-11T03:32:11.656+0000] {processor.py:183} INFO - Processing /home/airflow/.local/lib/python3.12/site-packages/airflow/example_dags/example_python_operator.py took 0.083 seconds
[2025-03-11T03:32:44.071+0000] {processor.py:161} INFO - Started process (PID=73120) to work on /home/airflow/.local/lib/python3.12/site-packages/airflow/example_dags/example_python_operator.py
[2025-03-11T03:32:44.072+0000] {processor.py:830} INFO - Processing file /home/airflow/.local/lib/python3.12/site-packages/airflow/example_dags/example_python_operator.py for tasks to queue
[2025-03-11T03:32:44.074+0000] {logging_mixin.py:188} INFO - [2025-03-11T03:32:44.074+0000] {dagbag.py:545} INFO - Filling up the DagBag from /home/airflow/.local/lib/python3.12/site-packages/airflow/example_dags/example_python_operator.py
[2025-03-11T03:32:44.087+0000] {processor.py:840} INFO - DAG(s) 'example_python_operator' retrieved from /home/airflow/.local/lib/python3.12/site-packages/airflow/example_dags/example_python_operator.py
[2025-03-11T03:32:44.112+0000] {logging_mixin.py:188} INFO - [2025-03-11T03:32:44.112+0000] {dag.py:3096} INFO - Sync 1 DAGs
[2025-03-11T03:32:44.130+0000] {logging_mixin.py:188} INFO - [2025-03-11T03:32:44.130+0000] {dag.py:3954} INFO - Setting next_dagrun for example_python_operator to None, run_after=None
[2025-03-11T03:32:44.158+0000] {processor.py:183} INFO - Processing /home/airflow/.local/lib/python3.12/site-packages/airflow/example_dags/example_python_operator.py took 0.094 seconds
