[2025-03-11T03:05:13.729+0000] {processor.py:161} INFO - Started process (PID=59423) to work on /home/airflow/.local/lib/python3.12/site-packages/airflow/example_dags/example_task_group_decorator.py
[2025-03-11T03:05:13.740+0000] {processor.py:830} INFO - Processing file /home/airflow/.local/lib/python3.12/site-packages/airflow/example_dags/example_task_group_decorator.py for tasks to queue
[2025-03-11T03:05:13.746+0000] {logging_mixin.py:188} INFO - [2025-03-11T03:05:13.745+0000] {dagbag.py:545} INFO - Filling up the DagBag from /home/airflow/.local/lib/python3.12/site-packages/airflow/example_dags/example_task_group_decorator.py
[2025-03-11T03:05:13.787+0000] {processor.py:840} INFO - DAG(s) 'example_task_group_decorator' retrieved from /home/airflow/.local/lib/python3.12/site-packages/airflow/example_dags/example_task_group_decorator.py
[2025-03-11T03:05:13.823+0000] {logging_mixin.py:188} INFO - [2025-03-11T03:05:13.822+0000] {dag.py:3096} INFO - Sync 1 DAGs
[2025-03-11T03:05:13.852+0000] {logging_mixin.py:188} INFO - [2025-03-11T03:05:13.852+0000] {dag.py:3954} INFO - Setting next_dagrun for example_task_group_decorator to 2025-03-10 00:00:00+00:00, run_after=2025-03-11 00:00:00+00:00
[2025-03-11T03:05:13.899+0000] {processor.py:183} INFO - Processing /home/airflow/.local/lib/python3.12/site-packages/airflow/example_dags/example_task_group_decorator.py took 0.176 seconds
[2025-03-11T03:05:44.451+0000] {processor.py:161} INFO - Started process (PID=59685) to work on /home/airflow/.local/lib/python3.12/site-packages/airflow/example_dags/example_task_group_decorator.py
[2025-03-11T03:05:44.452+0000] {processor.py:830} INFO - Processing file /home/airflow/.local/lib/python3.12/site-packages/airflow/example_dags/example_task_group_decorator.py for tasks to queue
[2025-03-11T03:05:44.454+0000] {logging_mixin.py:188} INFO - [2025-03-11T03:05:44.453+0000] {dagbag.py:545} INFO - Filling up the DagBag from /home/airflow/.local/lib/python3.12/site-packages/airflow/example_dags/example_task_group_decorator.py
[2025-03-11T03:05:44.467+0000] {processor.py:840} INFO - DAG(s) 'example_task_group_decorator' retrieved from /home/airflow/.local/lib/python3.12/site-packages/airflow/example_dags/example_task_group_decorator.py
[2025-03-11T03:05:44.491+0000] {logging_mixin.py:188} INFO - [2025-03-11T03:05:44.490+0000] {dag.py:3096} INFO - Sync 1 DAGs
[2025-03-11T03:05:44.513+0000] {logging_mixin.py:188} INFO - [2025-03-11T03:05:44.512+0000] {dag.py:3954} INFO - Setting next_dagrun for example_task_group_decorator to 2025-03-10 00:00:00+00:00, run_after=2025-03-11 00:00:00+00:00
[2025-03-11T03:05:44.535+0000] {processor.py:183} INFO - Processing /home/airflow/.local/lib/python3.12/site-packages/airflow/example_dags/example_task_group_decorator.py took 0.090 seconds
[2025-03-11T03:06:14.713+0000] {processor.py:161} INFO - Started process (PID=59947) to work on /home/airflow/.local/lib/python3.12/site-packages/airflow/example_dags/example_task_group_decorator.py
[2025-03-11T03:06:14.715+0000] {processor.py:830} INFO - Processing file /home/airflow/.local/lib/python3.12/site-packages/airflow/example_dags/example_task_group_decorator.py for tasks to queue
[2025-03-11T03:06:14.717+0000] {logging_mixin.py:188} INFO - [2025-03-11T03:06:14.717+0000] {dagbag.py:545} INFO - Filling up the DagBag from /home/airflow/.local/lib/python3.12/site-packages/airflow/example_dags/example_task_group_decorator.py
[2025-03-11T03:06:14.738+0000] {processor.py:840} INFO - DAG(s) 'example_task_group_decorator' retrieved from /home/airflow/.local/lib/python3.12/site-packages/airflow/example_dags/example_task_group_decorator.py
[2025-03-11T03:06:14.766+0000] {logging_mixin.py:188} INFO - [2025-03-11T03:06:14.766+0000] {dag.py:3096} INFO - Sync 1 DAGs
[2025-03-11T03:06:14.786+0000] {logging_mixin.py:188} INFO - [2025-03-11T03:06:14.785+0000] {dag.py:3954} INFO - Setting next_dagrun for example_task_group_decorator to 2025-03-10 00:00:00+00:00, run_after=2025-03-11 00:00:00+00:00
[2025-03-11T03:06:14.805+0000] {processor.py:183} INFO - Processing /home/airflow/.local/lib/python3.12/site-packages/airflow/example_dags/example_task_group_decorator.py took 0.099 seconds
[2025-03-11T03:06:45.815+0000] {processor.py:161} INFO - Started process (PID=60209) to work on /home/airflow/.local/lib/python3.12/site-packages/airflow/example_dags/example_task_group_decorator.py
[2025-03-11T03:06:45.816+0000] {processor.py:830} INFO - Processing file /home/airflow/.local/lib/python3.12/site-packages/airflow/example_dags/example_task_group_decorator.py for tasks to queue
[2025-03-11T03:06:45.821+0000] {logging_mixin.py:188} INFO - [2025-03-11T03:06:45.821+0000] {dagbag.py:545} INFO - Filling up the DagBag from /home/airflow/.local/lib/python3.12/site-packages/airflow/example_dags/example_task_group_decorator.py
[2025-03-11T03:06:45.835+0000] {processor.py:840} INFO - DAG(s) 'example_task_group_decorator' retrieved from /home/airflow/.local/lib/python3.12/site-packages/airflow/example_dags/example_task_group_decorator.py
[2025-03-11T03:06:45.862+0000] {logging_mixin.py:188} INFO - [2025-03-11T03:06:45.862+0000] {dag.py:3096} INFO - Sync 1 DAGs
[2025-03-11T03:06:45.884+0000] {logging_mixin.py:188} INFO - [2025-03-11T03:06:45.884+0000] {dag.py:3954} INFO - Setting next_dagrun for example_task_group_decorator to 2025-03-10 00:00:00+00:00, run_after=2025-03-11 00:00:00+00:00
[2025-03-11T03:06:45.907+0000] {processor.py:183} INFO - Processing /home/airflow/.local/lib/python3.12/site-packages/airflow/example_dags/example_task_group_decorator.py took 0.099 seconds
[2025-03-11T03:07:16.426+0000] {processor.py:161} INFO - Started process (PID=60471) to work on /home/airflow/.local/lib/python3.12/site-packages/airflow/example_dags/example_task_group_decorator.py
[2025-03-11T03:07:16.428+0000] {processor.py:830} INFO - Processing file /home/airflow/.local/lib/python3.12/site-packages/airflow/example_dags/example_task_group_decorator.py for tasks to queue
[2025-03-11T03:07:16.430+0000] {logging_mixin.py:188} INFO - [2025-03-11T03:07:16.429+0000] {dagbag.py:545} INFO - Filling up the DagBag from /home/airflow/.local/lib/python3.12/site-packages/airflow/example_dags/example_task_group_decorator.py
[2025-03-11T03:07:16.445+0000] {processor.py:840} INFO - DAG(s) 'example_task_group_decorator' retrieved from /home/airflow/.local/lib/python3.12/site-packages/airflow/example_dags/example_task_group_decorator.py
[2025-03-11T03:07:16.471+0000] {logging_mixin.py:188} INFO - [2025-03-11T03:07:16.470+0000] {dag.py:3096} INFO - Sync 1 DAGs
[2025-03-11T03:07:16.499+0000] {logging_mixin.py:188} INFO - [2025-03-11T03:07:16.499+0000] {dag.py:3954} INFO - Setting next_dagrun for example_task_group_decorator to 2025-03-10 00:00:00+00:00, run_after=2025-03-11 00:00:00+00:00
[2025-03-11T03:07:16.519+0000] {processor.py:183} INFO - Processing /home/airflow/.local/lib/python3.12/site-packages/airflow/example_dags/example_task_group_decorator.py took 0.099 seconds
[2025-03-11T03:07:47.498+0000] {processor.py:161} INFO - Started process (PID=60729) to work on /home/airflow/.local/lib/python3.12/site-packages/airflow/example_dags/example_task_group_decorator.py
[2025-03-11T03:07:47.500+0000] {processor.py:830} INFO - Processing file /home/airflow/.local/lib/python3.12/site-packages/airflow/example_dags/example_task_group_decorator.py for tasks to queue
[2025-03-11T03:07:47.503+0000] {logging_mixin.py:188} INFO - [2025-03-11T03:07:47.502+0000] {dagbag.py:545} INFO - Filling up the DagBag from /home/airflow/.local/lib/python3.12/site-packages/airflow/example_dags/example_task_group_decorator.py
[2025-03-11T03:07:47.520+0000] {processor.py:840} INFO - DAG(s) 'example_task_group_decorator' retrieved from /home/airflow/.local/lib/python3.12/site-packages/airflow/example_dags/example_task_group_decorator.py
[2025-03-11T03:07:47.542+0000] {logging_mixin.py:188} INFO - [2025-03-11T03:07:47.542+0000] {dag.py:3096} INFO - Sync 1 DAGs
[2025-03-11T03:07:47.562+0000] {logging_mixin.py:188} INFO - [2025-03-11T03:07:47.562+0000] {dag.py:3954} INFO - Setting next_dagrun for example_task_group_decorator to 2025-03-10 00:00:00+00:00, run_after=2025-03-11 00:00:00+00:00
[2025-03-11T03:07:47.579+0000] {processor.py:183} INFO - Processing /home/airflow/.local/lib/python3.12/site-packages/airflow/example_dags/example_task_group_decorator.py took 0.090 seconds
[2025-03-11T03:08:17.894+0000] {processor.py:161} INFO - Started process (PID=60991) to work on /home/airflow/.local/lib/python3.12/site-packages/airflow/example_dags/example_task_group_decorator.py
[2025-03-11T03:08:17.895+0000] {processor.py:830} INFO - Processing file /home/airflow/.local/lib/python3.12/site-packages/airflow/example_dags/example_task_group_decorator.py for tasks to queue
[2025-03-11T03:08:17.897+0000] {logging_mixin.py:188} INFO - [2025-03-11T03:08:17.897+0000] {dagbag.py:545} INFO - Filling up the DagBag from /home/airflow/.local/lib/python3.12/site-packages/airflow/example_dags/example_task_group_decorator.py
[2025-03-11T03:08:17.912+0000] {processor.py:840} INFO - DAG(s) 'example_task_group_decorator' retrieved from /home/airflow/.local/lib/python3.12/site-packages/airflow/example_dags/example_task_group_decorator.py
[2025-03-11T03:08:17.948+0000] {logging_mixin.py:188} INFO - [2025-03-11T03:08:17.948+0000] {dag.py:3096} INFO - Sync 1 DAGs
[2025-03-11T03:08:17.980+0000] {logging_mixin.py:188} INFO - [2025-03-11T03:08:17.979+0000] {dag.py:3954} INFO - Setting next_dagrun for example_task_group_decorator to 2025-03-10 00:00:00+00:00, run_after=2025-03-11 00:00:00+00:00
[2025-03-11T03:08:18.005+0000] {processor.py:183} INFO - Processing /home/airflow/.local/lib/python3.12/site-packages/airflow/example_dags/example_task_group_decorator.py took 0.117 seconds
[2025-03-11T03:08:48.303+0000] {processor.py:161} INFO - Started process (PID=61253) to work on /home/airflow/.local/lib/python3.12/site-packages/airflow/example_dags/example_task_group_decorator.py
[2025-03-11T03:08:48.305+0000] {processor.py:830} INFO - Processing file /home/airflow/.local/lib/python3.12/site-packages/airflow/example_dags/example_task_group_decorator.py for tasks to queue
[2025-03-11T03:08:48.309+0000] {logging_mixin.py:188} INFO - [2025-03-11T03:08:48.309+0000] {dagbag.py:545} INFO - Filling up the DagBag from /home/airflow/.local/lib/python3.12/site-packages/airflow/example_dags/example_task_group_decorator.py
[2025-03-11T03:08:48.325+0000] {processor.py:840} INFO - DAG(s) 'example_task_group_decorator' retrieved from /home/airflow/.local/lib/python3.12/site-packages/airflow/example_dags/example_task_group_decorator.py
[2025-03-11T03:08:48.352+0000] {logging_mixin.py:188} INFO - [2025-03-11T03:08:48.352+0000] {dag.py:3096} INFO - Sync 1 DAGs
[2025-03-11T03:08:48.375+0000] {logging_mixin.py:188} INFO - [2025-03-11T03:08:48.374+0000] {dag.py:3954} INFO - Setting next_dagrun for example_task_group_decorator to 2025-03-10 00:00:00+00:00, run_after=2025-03-11 00:00:00+00:00
[2025-03-11T03:08:48.394+0000] {processor.py:183} INFO - Processing /home/airflow/.local/lib/python3.12/site-packages/airflow/example_dags/example_task_group_decorator.py took 0.097 seconds
[2025-03-11T03:09:18.545+0000] {processor.py:161} INFO - Started process (PID=61513) to work on /home/airflow/.local/lib/python3.12/site-packages/airflow/example_dags/example_task_group_decorator.py
[2025-03-11T03:09:18.547+0000] {processor.py:830} INFO - Processing file /home/airflow/.local/lib/python3.12/site-packages/airflow/example_dags/example_task_group_decorator.py for tasks to queue
[2025-03-11T03:09:18.549+0000] {logging_mixin.py:188} INFO - [2025-03-11T03:09:18.548+0000] {dagbag.py:545} INFO - Filling up the DagBag from /home/airflow/.local/lib/python3.12/site-packages/airflow/example_dags/example_task_group_decorator.py
[2025-03-11T03:09:18.564+0000] {processor.py:840} INFO - DAG(s) 'example_task_group_decorator' retrieved from /home/airflow/.local/lib/python3.12/site-packages/airflow/example_dags/example_task_group_decorator.py
[2025-03-11T03:09:18.590+0000] {logging_mixin.py:188} INFO - [2025-03-11T03:09:18.590+0000] {dag.py:3096} INFO - Sync 1 DAGs
[2025-03-11T03:09:18.612+0000] {logging_mixin.py:188} INFO - [2025-03-11T03:09:18.612+0000] {dag.py:3954} INFO - Setting next_dagrun for example_task_group_decorator to 2025-03-10 00:00:00+00:00, run_after=2025-03-11 00:00:00+00:00
[2025-03-11T03:09:18.641+0000] {processor.py:183} INFO - Processing /home/airflow/.local/lib/python3.12/site-packages/airflow/example_dags/example_task_group_decorator.py took 0.101 seconds
[2025-03-11T03:09:49.233+0000] {processor.py:161} INFO - Started process (PID=61778) to work on /home/airflow/.local/lib/python3.12/site-packages/airflow/example_dags/example_task_group_decorator.py
[2025-03-11T03:09:49.234+0000] {processor.py:830} INFO - Processing file /home/airflow/.local/lib/python3.12/site-packages/airflow/example_dags/example_task_group_decorator.py for tasks to queue
[2025-03-11T03:09:49.236+0000] {logging_mixin.py:188} INFO - [2025-03-11T03:09:49.236+0000] {dagbag.py:545} INFO - Filling up the DagBag from /home/airflow/.local/lib/python3.12/site-packages/airflow/example_dags/example_task_group_decorator.py
[2025-03-11T03:09:49.253+0000] {processor.py:840} INFO - DAG(s) 'example_task_group_decorator' retrieved from /home/airflow/.local/lib/python3.12/site-packages/airflow/example_dags/example_task_group_decorator.py
[2025-03-11T03:09:49.278+0000] {logging_mixin.py:188} INFO - [2025-03-11T03:09:49.278+0000] {dag.py:3096} INFO - Sync 1 DAGs
[2025-03-11T03:09:49.300+0000] {logging_mixin.py:188} INFO - [2025-03-11T03:09:49.300+0000] {dag.py:3954} INFO - Setting next_dagrun for example_task_group_decorator to 2025-03-10 00:00:00+00:00, run_after=2025-03-11 00:00:00+00:00
[2025-03-11T03:09:49.319+0000] {processor.py:183} INFO - Processing /home/airflow/.local/lib/python3.12/site-packages/airflow/example_dags/example_task_group_decorator.py took 0.091 seconds
[2025-03-11T03:10:20.203+0000] {processor.py:161} INFO - Started process (PID=62040) to work on /home/airflow/.local/lib/python3.12/site-packages/airflow/example_dags/example_task_group_decorator.py
[2025-03-11T03:10:20.204+0000] {processor.py:830} INFO - Processing file /home/airflow/.local/lib/python3.12/site-packages/airflow/example_dags/example_task_group_decorator.py for tasks to queue
[2025-03-11T03:10:20.207+0000] {logging_mixin.py:188} INFO - [2025-03-11T03:10:20.206+0000] {dagbag.py:545} INFO - Filling up the DagBag from /home/airflow/.local/lib/python3.12/site-packages/airflow/example_dags/example_task_group_decorator.py
[2025-03-11T03:10:20.220+0000] {processor.py:840} INFO - DAG(s) 'example_task_group_decorator' retrieved from /home/airflow/.local/lib/python3.12/site-packages/airflow/example_dags/example_task_group_decorator.py
[2025-03-11T03:10:20.247+0000] {logging_mixin.py:188} INFO - [2025-03-11T03:10:20.247+0000] {dag.py:3096} INFO - Sync 1 DAGs
[2025-03-11T03:10:20.271+0000] {logging_mixin.py:188} INFO - [2025-03-11T03:10:20.271+0000] {dag.py:3954} INFO - Setting next_dagrun for example_task_group_decorator to 2025-03-10 00:00:00+00:00, run_after=2025-03-11 00:00:00+00:00
[2025-03-11T03:10:20.301+0000] {processor.py:183} INFO - Processing /home/airflow/.local/lib/python3.12/site-packages/airflow/example_dags/example_task_group_decorator.py took 0.104 seconds
[2025-03-11T03:10:50.643+0000] {processor.py:161} INFO - Started process (PID=62302) to work on /home/airflow/.local/lib/python3.12/site-packages/airflow/example_dags/example_task_group_decorator.py
[2025-03-11T03:10:50.644+0000] {processor.py:830} INFO - Processing file /home/airflow/.local/lib/python3.12/site-packages/airflow/example_dags/example_task_group_decorator.py for tasks to queue
[2025-03-11T03:10:50.647+0000] {logging_mixin.py:188} INFO - [2025-03-11T03:10:50.646+0000] {dagbag.py:545} INFO - Filling up the DagBag from /home/airflow/.local/lib/python3.12/site-packages/airflow/example_dags/example_task_group_decorator.py
[2025-03-11T03:10:50.687+0000] {processor.py:840} INFO - DAG(s) 'example_task_group_decorator' retrieved from /home/airflow/.local/lib/python3.12/site-packages/airflow/example_dags/example_task_group_decorator.py
[2025-03-11T03:10:50.736+0000] {logging_mixin.py:188} INFO - [2025-03-11T03:10:50.736+0000] {dag.py:3096} INFO - Sync 1 DAGs
[2025-03-11T03:10:50.758+0000] {logging_mixin.py:188} INFO - [2025-03-11T03:10:50.758+0000] {dag.py:3954} INFO - Setting next_dagrun for example_task_group_decorator to 2025-03-10 00:00:00+00:00, run_after=2025-03-11 00:00:00+00:00
[2025-03-11T03:10:50.794+0000] {processor.py:183} INFO - Processing /home/airflow/.local/lib/python3.12/site-packages/airflow/example_dags/example_task_group_decorator.py took 0.158 seconds
[2025-03-11T03:11:21.520+0000] {processor.py:161} INFO - Started process (PID=62564) to work on /home/airflow/.local/lib/python3.12/site-packages/airflow/example_dags/example_task_group_decorator.py
[2025-03-11T03:11:21.521+0000] {processor.py:830} INFO - Processing file /home/airflow/.local/lib/python3.12/site-packages/airflow/example_dags/example_task_group_decorator.py for tasks to queue
[2025-03-11T03:11:21.526+0000] {logging_mixin.py:188} INFO - [2025-03-11T03:11:21.524+0000] {dagbag.py:545} INFO - Filling up the DagBag from /home/airflow/.local/lib/python3.12/site-packages/airflow/example_dags/example_task_group_decorator.py
[2025-03-11T03:11:21.551+0000] {processor.py:840} INFO - DAG(s) 'example_task_group_decorator' retrieved from /home/airflow/.local/lib/python3.12/site-packages/airflow/example_dags/example_task_group_decorator.py
[2025-03-11T03:11:21.598+0000] {logging_mixin.py:188} INFO - [2025-03-11T03:11:21.598+0000] {dag.py:3096} INFO - Sync 1 DAGs
[2025-03-11T03:11:21.626+0000] {logging_mixin.py:188} INFO - [2025-03-11T03:11:21.625+0000] {dag.py:3954} INFO - Setting next_dagrun for example_task_group_decorator to 2025-03-10 00:00:00+00:00, run_after=2025-03-11 00:00:00+00:00
[2025-03-11T03:11:21.659+0000] {processor.py:183} INFO - Processing /home/airflow/.local/lib/python3.12/site-packages/airflow/example_dags/example_task_group_decorator.py took 0.152 seconds
[2025-03-11T03:11:52.741+0000] {processor.py:161} INFO - Started process (PID=62826) to work on /home/airflow/.local/lib/python3.12/site-packages/airflow/example_dags/example_task_group_decorator.py
[2025-03-11T03:11:52.742+0000] {processor.py:830} INFO - Processing file /home/airflow/.local/lib/python3.12/site-packages/airflow/example_dags/example_task_group_decorator.py for tasks to queue
[2025-03-11T03:11:52.745+0000] {logging_mixin.py:188} INFO - [2025-03-11T03:11:52.744+0000] {dagbag.py:545} INFO - Filling up the DagBag from /home/airflow/.local/lib/python3.12/site-packages/airflow/example_dags/example_task_group_decorator.py
[2025-03-11T03:11:52.758+0000] {processor.py:840} INFO - DAG(s) 'example_task_group_decorator' retrieved from /home/airflow/.local/lib/python3.12/site-packages/airflow/example_dags/example_task_group_decorator.py
[2025-03-11T03:11:52.782+0000] {logging_mixin.py:188} INFO - [2025-03-11T03:11:52.782+0000] {dag.py:3096} INFO - Sync 1 DAGs
[2025-03-11T03:11:52.803+0000] {logging_mixin.py:188} INFO - [2025-03-11T03:11:52.803+0000] {dag.py:3954} INFO - Setting next_dagrun for example_task_group_decorator to 2025-03-10 00:00:00+00:00, run_after=2025-03-11 00:00:00+00:00
[2025-03-11T03:11:52.831+0000] {processor.py:183} INFO - Processing /home/airflow/.local/lib/python3.12/site-packages/airflow/example_dags/example_task_group_decorator.py took 0.096 seconds
[2025-03-11T03:12:23.340+0000] {processor.py:161} INFO - Started process (PID=63088) to work on /home/airflow/.local/lib/python3.12/site-packages/airflow/example_dags/example_task_group_decorator.py
[2025-03-11T03:12:23.342+0000] {processor.py:830} INFO - Processing file /home/airflow/.local/lib/python3.12/site-packages/airflow/example_dags/example_task_group_decorator.py for tasks to queue
[2025-03-11T03:12:23.345+0000] {logging_mixin.py:188} INFO - [2025-03-11T03:12:23.345+0000] {dagbag.py:545} INFO - Filling up the DagBag from /home/airflow/.local/lib/python3.12/site-packages/airflow/example_dags/example_task_group_decorator.py
[2025-03-11T03:12:23.372+0000] {processor.py:840} INFO - DAG(s) 'example_task_group_decorator' retrieved from /home/airflow/.local/lib/python3.12/site-packages/airflow/example_dags/example_task_group_decorator.py
[2025-03-11T03:12:23.404+0000] {logging_mixin.py:188} INFO - [2025-03-11T03:12:23.404+0000] {dag.py:3096} INFO - Sync 1 DAGs
[2025-03-11T03:12:23.429+0000] {logging_mixin.py:188} INFO - [2025-03-11T03:12:23.429+0000] {dag.py:3954} INFO - Setting next_dagrun for example_task_group_decorator to 2025-03-10 00:00:00+00:00, run_after=2025-03-11 00:00:00+00:00
[2025-03-11T03:12:23.451+0000] {processor.py:183} INFO - Processing /home/airflow/.local/lib/python3.12/site-packages/airflow/example_dags/example_task_group_decorator.py took 0.134 seconds
[2025-03-11T03:12:54.375+0000] {processor.py:161} INFO - Started process (PID=63349) to work on /home/airflow/.local/lib/python3.12/site-packages/airflow/example_dags/example_task_group_decorator.py
[2025-03-11T03:12:54.377+0000] {processor.py:830} INFO - Processing file /home/airflow/.local/lib/python3.12/site-packages/airflow/example_dags/example_task_group_decorator.py for tasks to queue
[2025-03-11T03:12:54.379+0000] {logging_mixin.py:188} INFO - [2025-03-11T03:12:54.379+0000] {dagbag.py:545} INFO - Filling up the DagBag from /home/airflow/.local/lib/python3.12/site-packages/airflow/example_dags/example_task_group_decorator.py
[2025-03-11T03:12:54.395+0000] {processor.py:840} INFO - DAG(s) 'example_task_group_decorator' retrieved from /home/airflow/.local/lib/python3.12/site-packages/airflow/example_dags/example_task_group_decorator.py
[2025-03-11T03:12:54.422+0000] {logging_mixin.py:188} INFO - [2025-03-11T03:12:54.421+0000] {dag.py:3096} INFO - Sync 1 DAGs
[2025-03-11T03:12:54.445+0000] {logging_mixin.py:188} INFO - [2025-03-11T03:12:54.444+0000] {dag.py:3954} INFO - Setting next_dagrun for example_task_group_decorator to 2025-03-10 00:00:00+00:00, run_after=2025-03-11 00:00:00+00:00
[2025-03-11T03:12:54.466+0000] {processor.py:183} INFO - Processing /home/airflow/.local/lib/python3.12/site-packages/airflow/example_dags/example_task_group_decorator.py took 0.101 seconds
[2025-03-11T03:13:25.974+0000] {processor.py:161} INFO - Started process (PID=63609) to work on /home/airflow/.local/lib/python3.12/site-packages/airflow/example_dags/example_task_group_decorator.py
[2025-03-11T03:13:25.975+0000] {processor.py:830} INFO - Processing file /home/airflow/.local/lib/python3.12/site-packages/airflow/example_dags/example_task_group_decorator.py for tasks to queue
[2025-03-11T03:13:25.977+0000] {logging_mixin.py:188} INFO - [2025-03-11T03:13:25.977+0000] {dagbag.py:545} INFO - Filling up the DagBag from /home/airflow/.local/lib/python3.12/site-packages/airflow/example_dags/example_task_group_decorator.py
[2025-03-11T03:13:25.991+0000] {processor.py:840} INFO - DAG(s) 'example_task_group_decorator' retrieved from /home/airflow/.local/lib/python3.12/site-packages/airflow/example_dags/example_task_group_decorator.py
[2025-03-11T03:13:26.016+0000] {logging_mixin.py:188} INFO - [2025-03-11T03:13:26.016+0000] {dag.py:3096} INFO - Sync 1 DAGs
[2025-03-11T03:13:26.038+0000] {logging_mixin.py:188} INFO - [2025-03-11T03:13:26.037+0000] {dag.py:3954} INFO - Setting next_dagrun for example_task_group_decorator to 2025-03-10 00:00:00+00:00, run_after=2025-03-11 00:00:00+00:00
[2025-03-11T03:13:26.059+0000] {processor.py:183} INFO - Processing /home/airflow/.local/lib/python3.12/site-packages/airflow/example_dags/example_task_group_decorator.py took 0.091 seconds
[2025-03-11T03:13:58.489+0000] {processor.py:161} INFO - Started process (PID=63873) to work on /home/airflow/.local/lib/python3.12/site-packages/airflow/example_dags/example_task_group_decorator.py
[2025-03-11T03:13:58.493+0000] {processor.py:830} INFO - Processing file /home/airflow/.local/lib/python3.12/site-packages/airflow/example_dags/example_task_group_decorator.py for tasks to queue
[2025-03-11T03:13:58.498+0000] {logging_mixin.py:188} INFO - [2025-03-11T03:13:58.497+0000] {dagbag.py:545} INFO - Filling up the DagBag from /home/airflow/.local/lib/python3.12/site-packages/airflow/example_dags/example_task_group_decorator.py
[2025-03-11T03:13:58.527+0000] {processor.py:840} INFO - DAG(s) 'example_task_group_decorator' retrieved from /home/airflow/.local/lib/python3.12/site-packages/airflow/example_dags/example_task_group_decorator.py
[2025-03-11T03:13:58.555+0000] {logging_mixin.py:188} INFO - [2025-03-11T03:13:58.555+0000] {dag.py:3096} INFO - Sync 1 DAGs
[2025-03-11T03:13:58.576+0000] {logging_mixin.py:188} INFO - [2025-03-11T03:13:58.575+0000] {dag.py:3954} INFO - Setting next_dagrun for example_task_group_decorator to 2025-03-10 00:00:00+00:00, run_after=2025-03-11 00:00:00+00:00
[2025-03-11T03:13:58.601+0000] {processor.py:183} INFO - Processing /home/airflow/.local/lib/python3.12/site-packages/airflow/example_dags/example_task_group_decorator.py took 0.125 seconds
[2025-03-11T03:14:30.558+0000] {processor.py:161} INFO - Started process (PID=64133) to work on /home/airflow/.local/lib/python3.12/site-packages/airflow/example_dags/example_task_group_decorator.py
[2025-03-11T03:14:30.559+0000] {processor.py:830} INFO - Processing file /home/airflow/.local/lib/python3.12/site-packages/airflow/example_dags/example_task_group_decorator.py for tasks to queue
[2025-03-11T03:14:30.561+0000] {logging_mixin.py:188} INFO - [2025-03-11T03:14:30.561+0000] {dagbag.py:545} INFO - Filling up the DagBag from /home/airflow/.local/lib/python3.12/site-packages/airflow/example_dags/example_task_group_decorator.py
[2025-03-11T03:14:30.575+0000] {processor.py:840} INFO - DAG(s) 'example_task_group_decorator' retrieved from /home/airflow/.local/lib/python3.12/site-packages/airflow/example_dags/example_task_group_decorator.py
[2025-03-11T03:14:30.599+0000] {logging_mixin.py:188} INFO - [2025-03-11T03:14:30.599+0000] {dag.py:3096} INFO - Sync 1 DAGs
[2025-03-11T03:14:30.621+0000] {logging_mixin.py:188} INFO - [2025-03-11T03:14:30.621+0000] {dag.py:3954} INFO - Setting next_dagrun for example_task_group_decorator to 2025-03-10 00:00:00+00:00, run_after=2025-03-11 00:00:00+00:00
[2025-03-11T03:14:30.638+0000] {processor.py:183} INFO - Processing /home/airflow/.local/lib/python3.12/site-packages/airflow/example_dags/example_task_group_decorator.py took 0.087 seconds
[2025-03-11T03:15:03.626+0000] {processor.py:161} INFO - Started process (PID=64405) to work on /home/airflow/.local/lib/python3.12/site-packages/airflow/example_dags/example_task_group_decorator.py
[2025-03-11T03:15:03.628+0000] {processor.py:830} INFO - Processing file /home/airflow/.local/lib/python3.12/site-packages/airflow/example_dags/example_task_group_decorator.py for tasks to queue
[2025-03-11T03:15:03.630+0000] {logging_mixin.py:188} INFO - [2025-03-11T03:15:03.630+0000] {dagbag.py:545} INFO - Filling up the DagBag from /home/airflow/.local/lib/python3.12/site-packages/airflow/example_dags/example_task_group_decorator.py
[2025-03-11T03:15:03.644+0000] {processor.py:840} INFO - DAG(s) 'example_task_group_decorator' retrieved from /home/airflow/.local/lib/python3.12/site-packages/airflow/example_dags/example_task_group_decorator.py
[2025-03-11T03:15:03.671+0000] {logging_mixin.py:188} INFO - [2025-03-11T03:15:03.670+0000] {dag.py:3096} INFO - Sync 1 DAGs
[2025-03-11T03:15:03.696+0000] {logging_mixin.py:188} INFO - [2025-03-11T03:15:03.696+0000] {dag.py:3954} INFO - Setting next_dagrun for example_task_group_decorator to 2025-03-10 00:00:00+00:00, run_after=2025-03-11 00:00:00+00:00
[2025-03-11T03:15:03.739+0000] {processor.py:183} INFO - Processing /home/airflow/.local/lib/python3.12/site-packages/airflow/example_dags/example_task_group_decorator.py took 0.122 seconds
[2025-03-11T03:15:35.598+0000] {processor.py:161} INFO - Started process (PID=64667) to work on /home/airflow/.local/lib/python3.12/site-packages/airflow/example_dags/example_task_group_decorator.py
[2025-03-11T03:15:35.600+0000] {processor.py:830} INFO - Processing file /home/airflow/.local/lib/python3.12/site-packages/airflow/example_dags/example_task_group_decorator.py for tasks to queue
[2025-03-11T03:15:35.602+0000] {logging_mixin.py:188} INFO - [2025-03-11T03:15:35.602+0000] {dagbag.py:545} INFO - Filling up the DagBag from /home/airflow/.local/lib/python3.12/site-packages/airflow/example_dags/example_task_group_decorator.py
[2025-03-11T03:15:35.616+0000] {processor.py:840} INFO - DAG(s) 'example_task_group_decorator' retrieved from /home/airflow/.local/lib/python3.12/site-packages/airflow/example_dags/example_task_group_decorator.py
[2025-03-11T03:15:35.641+0000] {logging_mixin.py:188} INFO - [2025-03-11T03:15:35.641+0000] {dag.py:3096} INFO - Sync 1 DAGs
[2025-03-11T03:15:35.672+0000] {logging_mixin.py:188} INFO - [2025-03-11T03:15:35.671+0000] {dag.py:3954} INFO - Setting next_dagrun for example_task_group_decorator to 2025-03-10 00:00:00+00:00, run_after=2025-03-11 00:00:00+00:00
[2025-03-11T03:15:35.820+0000] {processor.py:183} INFO - Processing /home/airflow/.local/lib/python3.12/site-packages/airflow/example_dags/example_task_group_decorator.py took 0.229 seconds
[2025-03-11T03:16:07.419+0000] {processor.py:161} INFO - Started process (PID=64929) to work on /home/airflow/.local/lib/python3.12/site-packages/airflow/example_dags/example_task_group_decorator.py
[2025-03-11T03:16:07.420+0000] {processor.py:830} INFO - Processing file /home/airflow/.local/lib/python3.12/site-packages/airflow/example_dags/example_task_group_decorator.py for tasks to queue
[2025-03-11T03:16:07.423+0000] {logging_mixin.py:188} INFO - [2025-03-11T03:16:07.422+0000] {dagbag.py:545} INFO - Filling up the DagBag from /home/airflow/.local/lib/python3.12/site-packages/airflow/example_dags/example_task_group_decorator.py
[2025-03-11T03:16:07.438+0000] {processor.py:840} INFO - DAG(s) 'example_task_group_decorator' retrieved from /home/airflow/.local/lib/python3.12/site-packages/airflow/example_dags/example_task_group_decorator.py
[2025-03-11T03:16:07.467+0000] {logging_mixin.py:188} INFO - [2025-03-11T03:16:07.466+0000] {dag.py:3096} INFO - Sync 1 DAGs
[2025-03-11T03:16:07.493+0000] {logging_mixin.py:188} INFO - [2025-03-11T03:16:07.493+0000] {dag.py:3954} INFO - Setting next_dagrun for example_task_group_decorator to 2025-03-10 00:00:00+00:00, run_after=2025-03-11 00:00:00+00:00
[2025-03-11T03:16:07.516+0000] {processor.py:183} INFO - Processing /home/airflow/.local/lib/python3.12/site-packages/airflow/example_dags/example_task_group_decorator.py took 0.104 seconds
[2025-03-11T03:16:41.218+0000] {processor.py:161} INFO - Started process (PID=65193) to work on /home/airflow/.local/lib/python3.12/site-packages/airflow/example_dags/example_task_group_decorator.py
[2025-03-11T03:16:41.220+0000] {processor.py:830} INFO - Processing file /home/airflow/.local/lib/python3.12/site-packages/airflow/example_dags/example_task_group_decorator.py for tasks to queue
[2025-03-11T03:16:41.223+0000] {logging_mixin.py:188} INFO - [2025-03-11T03:16:41.222+0000] {dagbag.py:545} INFO - Filling up the DagBag from /home/airflow/.local/lib/python3.12/site-packages/airflow/example_dags/example_task_group_decorator.py
[2025-03-11T03:16:41.241+0000] {processor.py:840} INFO - DAG(s) 'example_task_group_decorator' retrieved from /home/airflow/.local/lib/python3.12/site-packages/airflow/example_dags/example_task_group_decorator.py
[2025-03-11T03:16:41.270+0000] {logging_mixin.py:188} INFO - [2025-03-11T03:16:41.270+0000] {dag.py:3096} INFO - Sync 1 DAGs
[2025-03-11T03:16:41.292+0000] {logging_mixin.py:188} INFO - [2025-03-11T03:16:41.292+0000] {dag.py:3954} INFO - Setting next_dagrun for example_task_group_decorator to 2025-03-10 00:00:00+00:00, run_after=2025-03-11 00:00:00+00:00
[2025-03-11T03:16:41.312+0000] {processor.py:183} INFO - Processing /home/airflow/.local/lib/python3.12/site-packages/airflow/example_dags/example_task_group_decorator.py took 0.101 seconds
[2025-03-11T03:17:11.981+0000] {processor.py:161} INFO - Started process (PID=65453) to work on /home/airflow/.local/lib/python3.12/site-packages/airflow/example_dags/example_task_group_decorator.py
[2025-03-11T03:17:11.982+0000] {processor.py:830} INFO - Processing file /home/airflow/.local/lib/python3.12/site-packages/airflow/example_dags/example_task_group_decorator.py for tasks to queue
[2025-03-11T03:17:11.985+0000] {logging_mixin.py:188} INFO - [2025-03-11T03:17:11.984+0000] {dagbag.py:545} INFO - Filling up the DagBag from /home/airflow/.local/lib/python3.12/site-packages/airflow/example_dags/example_task_group_decorator.py
[2025-03-11T03:17:11.999+0000] {processor.py:840} INFO - DAG(s) 'example_task_group_decorator' retrieved from /home/airflow/.local/lib/python3.12/site-packages/airflow/example_dags/example_task_group_decorator.py
[2025-03-11T03:17:12.027+0000] {logging_mixin.py:188} INFO - [2025-03-11T03:17:12.027+0000] {dag.py:3096} INFO - Sync 1 DAGs
[2025-03-11T03:17:12.052+0000] {logging_mixin.py:188} INFO - [2025-03-11T03:17:12.052+0000] {dag.py:3954} INFO - Setting next_dagrun for example_task_group_decorator to 2025-03-10 00:00:00+00:00, run_after=2025-03-11 00:00:00+00:00
[2025-03-11T03:17:12.223+0000] {processor.py:183} INFO - Processing /home/airflow/.local/lib/python3.12/site-packages/airflow/example_dags/example_task_group_decorator.py took 0.249 seconds
[2025-03-11T03:17:44.168+0000] {processor.py:161} INFO - Started process (PID=65715) to work on /home/airflow/.local/lib/python3.12/site-packages/airflow/example_dags/example_task_group_decorator.py
[2025-03-11T03:17:44.169+0000] {processor.py:830} INFO - Processing file /home/airflow/.local/lib/python3.12/site-packages/airflow/example_dags/example_task_group_decorator.py for tasks to queue
[2025-03-11T03:17:44.171+0000] {logging_mixin.py:188} INFO - [2025-03-11T03:17:44.171+0000] {dagbag.py:545} INFO - Filling up the DagBag from /home/airflow/.local/lib/python3.12/site-packages/airflow/example_dags/example_task_group_decorator.py
[2025-03-11T03:17:44.188+0000] {processor.py:840} INFO - DAG(s) 'example_task_group_decorator' retrieved from /home/airflow/.local/lib/python3.12/site-packages/airflow/example_dags/example_task_group_decorator.py
[2025-03-11T03:17:44.217+0000] {logging_mixin.py:188} INFO - [2025-03-11T03:17:44.217+0000] {dag.py:3096} INFO - Sync 1 DAGs
[2025-03-11T03:17:44.243+0000] {logging_mixin.py:188} INFO - [2025-03-11T03:17:44.243+0000] {dag.py:3954} INFO - Setting next_dagrun for example_task_group_decorator to 2025-03-10 00:00:00+00:00, run_after=2025-03-11 00:00:00+00:00
[2025-03-11T03:17:44.267+0000] {processor.py:183} INFO - Processing /home/airflow/.local/lib/python3.12/site-packages/airflow/example_dags/example_task_group_decorator.py took 0.105 seconds
[2025-03-11T03:18:17.309+0000] {processor.py:161} INFO - Started process (PID=65977) to work on /home/airflow/.local/lib/python3.12/site-packages/airflow/example_dags/example_task_group_decorator.py
[2025-03-11T03:18:17.311+0000] {processor.py:830} INFO - Processing file /home/airflow/.local/lib/python3.12/site-packages/airflow/example_dags/example_task_group_decorator.py for tasks to queue
[2025-03-11T03:18:17.313+0000] {logging_mixin.py:188} INFO - [2025-03-11T03:18:17.313+0000] {dagbag.py:545} INFO - Filling up the DagBag from /home/airflow/.local/lib/python3.12/site-packages/airflow/example_dags/example_task_group_decorator.py
[2025-03-11T03:18:17.327+0000] {processor.py:840} INFO - DAG(s) 'example_task_group_decorator' retrieved from /home/airflow/.local/lib/python3.12/site-packages/airflow/example_dags/example_task_group_decorator.py
[2025-03-11T03:18:17.472+0000] {logging_mixin.py:188} INFO - [2025-03-11T03:18:17.472+0000] {dag.py:3096} INFO - Sync 1 DAGs
[2025-03-11T03:18:17.492+0000] {logging_mixin.py:188} INFO - [2025-03-11T03:18:17.492+0000] {dag.py:3954} INFO - Setting next_dagrun for example_task_group_decorator to 2025-03-10 00:00:00+00:00, run_after=2025-03-11 00:00:00+00:00
[2025-03-11T03:18:17.517+0000] {processor.py:183} INFO - Processing /home/airflow/.local/lib/python3.12/site-packages/airflow/example_dags/example_task_group_decorator.py took 0.215 seconds
[2025-03-11T03:18:48.711+0000] {processor.py:161} INFO - Started process (PID=66239) to work on /home/airflow/.local/lib/python3.12/site-packages/airflow/example_dags/example_task_group_decorator.py
[2025-03-11T03:18:48.713+0000] {processor.py:830} INFO - Processing file /home/airflow/.local/lib/python3.12/site-packages/airflow/example_dags/example_task_group_decorator.py for tasks to queue
[2025-03-11T03:18:48.715+0000] {logging_mixin.py:188} INFO - [2025-03-11T03:18:48.715+0000] {dagbag.py:545} INFO - Filling up the DagBag from /home/airflow/.local/lib/python3.12/site-packages/airflow/example_dags/example_task_group_decorator.py
[2025-03-11T03:18:48.730+0000] {processor.py:840} INFO - DAG(s) 'example_task_group_decorator' retrieved from /home/airflow/.local/lib/python3.12/site-packages/airflow/example_dags/example_task_group_decorator.py
[2025-03-11T03:18:48.756+0000] {logging_mixin.py:188} INFO - [2025-03-11T03:18:48.755+0000] {dag.py:3096} INFO - Sync 1 DAGs
[2025-03-11T03:18:48.778+0000] {logging_mixin.py:188} INFO - [2025-03-11T03:18:48.777+0000] {dag.py:3954} INFO - Setting next_dagrun for example_task_group_decorator to 2025-03-10 00:00:00+00:00, run_after=2025-03-11 00:00:00+00:00
[2025-03-11T03:18:48.804+0000] {processor.py:183} INFO - Processing /home/airflow/.local/lib/python3.12/site-packages/airflow/example_dags/example_task_group_decorator.py took 0.100 seconds
[2025-03-11T03:19:20.903+0000] {processor.py:161} INFO - Started process (PID=66501) to work on /home/airflow/.local/lib/python3.12/site-packages/airflow/example_dags/example_task_group_decorator.py
[2025-03-11T03:19:20.906+0000] {processor.py:830} INFO - Processing file /home/airflow/.local/lib/python3.12/site-packages/airflow/example_dags/example_task_group_decorator.py for tasks to queue
[2025-03-11T03:19:20.908+0000] {logging_mixin.py:188} INFO - [2025-03-11T03:19:20.907+0000] {dagbag.py:545} INFO - Filling up the DagBag from /home/airflow/.local/lib/python3.12/site-packages/airflow/example_dags/example_task_group_decorator.py
[2025-03-11T03:19:20.923+0000] {processor.py:840} INFO - DAG(s) 'example_task_group_decorator' retrieved from /home/airflow/.local/lib/python3.12/site-packages/airflow/example_dags/example_task_group_decorator.py
[2025-03-11T03:19:20.949+0000] {logging_mixin.py:188} INFO - [2025-03-11T03:19:20.948+0000] {dag.py:3096} INFO - Sync 1 DAGs
[2025-03-11T03:19:20.974+0000] {logging_mixin.py:188} INFO - [2025-03-11T03:19:20.974+0000] {dag.py:3954} INFO - Setting next_dagrun for example_task_group_decorator to 2025-03-10 00:00:00+00:00, run_after=2025-03-11 00:00:00+00:00
[2025-03-11T03:19:20.993+0000] {processor.py:183} INFO - Processing /home/airflow/.local/lib/python3.12/site-packages/airflow/example_dags/example_task_group_decorator.py took 0.097 seconds
[2025-03-11T03:19:52.030+0000] {processor.py:161} INFO - Started process (PID=66763) to work on /home/airflow/.local/lib/python3.12/site-packages/airflow/example_dags/example_task_group_decorator.py
[2025-03-11T03:19:52.032+0000] {processor.py:830} INFO - Processing file /home/airflow/.local/lib/python3.12/site-packages/airflow/example_dags/example_task_group_decorator.py for tasks to queue
[2025-03-11T03:19:52.034+0000] {logging_mixin.py:188} INFO - [2025-03-11T03:19:52.034+0000] {dagbag.py:545} INFO - Filling up the DagBag from /home/airflow/.local/lib/python3.12/site-packages/airflow/example_dags/example_task_group_decorator.py
[2025-03-11T03:19:52.048+0000] {processor.py:840} INFO - DAG(s) 'example_task_group_decorator' retrieved from /home/airflow/.local/lib/python3.12/site-packages/airflow/example_dags/example_task_group_decorator.py
[2025-03-11T03:19:52.076+0000] {logging_mixin.py:188} INFO - [2025-03-11T03:19:52.075+0000] {dag.py:3096} INFO - Sync 1 DAGs
[2025-03-11T03:19:52.103+0000] {logging_mixin.py:188} INFO - [2025-03-11T03:19:52.102+0000] {dag.py:3954} INFO - Setting next_dagrun for example_task_group_decorator to 2025-03-10 00:00:00+00:00, run_after=2025-03-11 00:00:00+00:00
[2025-03-11T03:19:52.124+0000] {processor.py:183} INFO - Processing /home/airflow/.local/lib/python3.12/site-packages/airflow/example_dags/example_task_group_decorator.py took 0.102 seconds
[2025-03-11T03:20:24.916+0000] {processor.py:161} INFO - Started process (PID=67026) to work on /home/airflow/.local/lib/python3.12/site-packages/airflow/example_dags/example_task_group_decorator.py
[2025-03-11T03:20:24.917+0000] {processor.py:830} INFO - Processing file /home/airflow/.local/lib/python3.12/site-packages/airflow/example_dags/example_task_group_decorator.py for tasks to queue
[2025-03-11T03:20:24.919+0000] {logging_mixin.py:188} INFO - [2025-03-11T03:20:24.918+0000] {dagbag.py:545} INFO - Filling up the DagBag from /home/airflow/.local/lib/python3.12/site-packages/airflow/example_dags/example_task_group_decorator.py
[2025-03-11T03:20:24.933+0000] {processor.py:840} INFO - DAG(s) 'example_task_group_decorator' retrieved from /home/airflow/.local/lib/python3.12/site-packages/airflow/example_dags/example_task_group_decorator.py
[2025-03-11T03:20:24.958+0000] {logging_mixin.py:188} INFO - [2025-03-11T03:20:24.958+0000] {dag.py:3096} INFO - Sync 1 DAGs
[2025-03-11T03:20:24.980+0000] {logging_mixin.py:188} INFO - [2025-03-11T03:20:24.980+0000] {dag.py:3954} INFO - Setting next_dagrun for example_task_group_decorator to 2025-03-10 00:00:00+00:00, run_after=2025-03-11 00:00:00+00:00
[2025-03-11T03:20:24.999+0000] {processor.py:183} INFO - Processing /home/airflow/.local/lib/python3.12/site-packages/airflow/example_dags/example_task_group_decorator.py took 0.090 seconds
[2025-03-11T03:20:56.362+0000] {processor.py:161} INFO - Started process (PID=67286) to work on /home/airflow/.local/lib/python3.12/site-packages/airflow/example_dags/example_task_group_decorator.py
[2025-03-11T03:20:56.363+0000] {processor.py:830} INFO - Processing file /home/airflow/.local/lib/python3.12/site-packages/airflow/example_dags/example_task_group_decorator.py for tasks to queue
[2025-03-11T03:20:56.365+0000] {logging_mixin.py:188} INFO - [2025-03-11T03:20:56.365+0000] {dagbag.py:545} INFO - Filling up the DagBag from /home/airflow/.local/lib/python3.12/site-packages/airflow/example_dags/example_task_group_decorator.py
[2025-03-11T03:20:56.385+0000] {processor.py:840} INFO - DAG(s) 'example_task_group_decorator' retrieved from /home/airflow/.local/lib/python3.12/site-packages/airflow/example_dags/example_task_group_decorator.py
[2025-03-11T03:20:56.411+0000] {logging_mixin.py:188} INFO - [2025-03-11T03:20:56.411+0000] {dag.py:3096} INFO - Sync 1 DAGs
[2025-03-11T03:20:56.433+0000] {logging_mixin.py:188} INFO - [2025-03-11T03:20:56.433+0000] {dag.py:3954} INFO - Setting next_dagrun for example_task_group_decorator to 2025-03-10 00:00:00+00:00, run_after=2025-03-11 00:00:00+00:00
[2025-03-11T03:20:56.453+0000] {processor.py:183} INFO - Processing /home/airflow/.local/lib/python3.12/site-packages/airflow/example_dags/example_task_group_decorator.py took 0.097 seconds
[2025-03-11T03:21:29.145+0000] {processor.py:161} INFO - Started process (PID=67555) to work on /home/airflow/.local/lib/python3.12/site-packages/airflow/example_dags/example_task_group_decorator.py
[2025-03-11T03:21:29.148+0000] {processor.py:830} INFO - Processing file /home/airflow/.local/lib/python3.12/site-packages/airflow/example_dags/example_task_group_decorator.py for tasks to queue
[2025-03-11T03:21:29.156+0000] {logging_mixin.py:188} INFO - [2025-03-11T03:21:29.156+0000] {dagbag.py:545} INFO - Filling up the DagBag from /home/airflow/.local/lib/python3.12/site-packages/airflow/example_dags/example_task_group_decorator.py
[2025-03-11T03:21:29.180+0000] {processor.py:840} INFO - DAG(s) 'example_task_group_decorator' retrieved from /home/airflow/.local/lib/python3.12/site-packages/airflow/example_dags/example_task_group_decorator.py
[2025-03-11T03:21:29.227+0000] {logging_mixin.py:188} INFO - [2025-03-11T03:21:29.226+0000] {dag.py:3096} INFO - Sync 1 DAGs
[2025-03-11T03:21:29.260+0000] {logging_mixin.py:188} INFO - [2025-03-11T03:21:29.259+0000] {dag.py:3954} INFO - Setting next_dagrun for example_task_group_decorator to 2025-03-10 00:00:00+00:00, run_after=2025-03-11 00:00:00+00:00
[2025-03-11T03:21:29.302+0000] {processor.py:183} INFO - Processing /home/airflow/.local/lib/python3.12/site-packages/airflow/example_dags/example_task_group_decorator.py took 0.174 seconds
[2025-03-11T03:22:01.562+0000] {processor.py:161} INFO - Started process (PID=67815) to work on /home/airflow/.local/lib/python3.12/site-packages/airflow/example_dags/example_task_group_decorator.py
[2025-03-11T03:22:01.563+0000] {processor.py:830} INFO - Processing file /home/airflow/.local/lib/python3.12/site-packages/airflow/example_dags/example_task_group_decorator.py for tasks to queue
[2025-03-11T03:22:01.567+0000] {logging_mixin.py:188} INFO - [2025-03-11T03:22:01.566+0000] {dagbag.py:545} INFO - Filling up the DagBag from /home/airflow/.local/lib/python3.12/site-packages/airflow/example_dags/example_task_group_decorator.py
[2025-03-11T03:22:01.580+0000] {processor.py:840} INFO - DAG(s) 'example_task_group_decorator' retrieved from /home/airflow/.local/lib/python3.12/site-packages/airflow/example_dags/example_task_group_decorator.py
[2025-03-11T03:22:01.605+0000] {logging_mixin.py:188} INFO - [2025-03-11T03:22:01.604+0000] {dag.py:3096} INFO - Sync 1 DAGs
[2025-03-11T03:22:01.630+0000] {logging_mixin.py:188} INFO - [2025-03-11T03:22:01.630+0000] {dag.py:3954} INFO - Setting next_dagrun for example_task_group_decorator to 2025-03-10 00:00:00+00:00, run_after=2025-03-11 00:00:00+00:00
[2025-03-11T03:22:01.651+0000] {processor.py:183} INFO - Processing /home/airflow/.local/lib/python3.12/site-packages/airflow/example_dags/example_task_group_decorator.py took 0.095 seconds
[2025-03-11T03:22:34.123+0000] {processor.py:161} INFO - Started process (PID=68079) to work on /home/airflow/.local/lib/python3.12/site-packages/airflow/example_dags/example_task_group_decorator.py
[2025-03-11T03:22:34.126+0000] {processor.py:830} INFO - Processing file /home/airflow/.local/lib/python3.12/site-packages/airflow/example_dags/example_task_group_decorator.py for tasks to queue
[2025-03-11T03:22:34.130+0000] {logging_mixin.py:188} INFO - [2025-03-11T03:22:34.129+0000] {dagbag.py:545} INFO - Filling up the DagBag from /home/airflow/.local/lib/python3.12/site-packages/airflow/example_dags/example_task_group_decorator.py
[2025-03-11T03:22:34.148+0000] {processor.py:840} INFO - DAG(s) 'example_task_group_decorator' retrieved from /home/airflow/.local/lib/python3.12/site-packages/airflow/example_dags/example_task_group_decorator.py
[2025-03-11T03:22:34.172+0000] {logging_mixin.py:188} INFO - [2025-03-11T03:22:34.172+0000] {dag.py:3096} INFO - Sync 1 DAGs
[2025-03-11T03:22:34.196+0000] {logging_mixin.py:188} INFO - [2025-03-11T03:22:34.196+0000] {dag.py:3954} INFO - Setting next_dagrun for example_task_group_decorator to 2025-03-10 00:00:00+00:00, run_after=2025-03-11 00:00:00+00:00
[2025-03-11T03:22:34.222+0000] {processor.py:183} INFO - Processing /home/airflow/.local/lib/python3.12/site-packages/airflow/example_dags/example_task_group_decorator.py took 0.111 seconds
[2025-03-11T03:23:05.961+0000] {processor.py:161} INFO - Started process (PID=68349) to work on /home/airflow/.local/lib/python3.12/site-packages/airflow/example_dags/example_task_group_decorator.py
[2025-03-11T03:23:05.963+0000] {processor.py:830} INFO - Processing file /home/airflow/.local/lib/python3.12/site-packages/airflow/example_dags/example_task_group_decorator.py for tasks to queue
[2025-03-11T03:23:05.964+0000] {logging_mixin.py:188} INFO - [2025-03-11T03:23:05.964+0000] {dagbag.py:545} INFO - Filling up the DagBag from /home/airflow/.local/lib/python3.12/site-packages/airflow/example_dags/example_task_group_decorator.py
[2025-03-11T03:23:05.992+0000] {processor.py:840} INFO - DAG(s) 'example_task_group_decorator' retrieved from /home/airflow/.local/lib/python3.12/site-packages/airflow/example_dags/example_task_group_decorator.py
[2025-03-11T03:23:06.036+0000] {logging_mixin.py:188} INFO - [2025-03-11T03:23:06.035+0000] {dag.py:3096} INFO - Sync 1 DAGs
[2025-03-11T03:23:06.060+0000] {logging_mixin.py:188} INFO - [2025-03-11T03:23:06.060+0000] {dag.py:3954} INFO - Setting next_dagrun for example_task_group_decorator to 2025-03-10 00:00:00+00:00, run_after=2025-03-11 00:00:00+00:00
[2025-03-11T03:23:06.087+0000] {processor.py:183} INFO - Processing /home/airflow/.local/lib/python3.12/site-packages/airflow/example_dags/example_task_group_decorator.py took 0.131 seconds
[2025-03-11T03:23:37.805+0000] {processor.py:161} INFO - Started process (PID=68611) to work on /home/airflow/.local/lib/python3.12/site-packages/airflow/example_dags/example_task_group_decorator.py
[2025-03-11T03:23:37.806+0000] {processor.py:830} INFO - Processing file /home/airflow/.local/lib/python3.12/site-packages/airflow/example_dags/example_task_group_decorator.py for tasks to queue
[2025-03-11T03:23:37.808+0000] {logging_mixin.py:188} INFO - [2025-03-11T03:23:37.808+0000] {dagbag.py:545} INFO - Filling up the DagBag from /home/airflow/.local/lib/python3.12/site-packages/airflow/example_dags/example_task_group_decorator.py
[2025-03-11T03:23:37.822+0000] {processor.py:840} INFO - DAG(s) 'example_task_group_decorator' retrieved from /home/airflow/.local/lib/python3.12/site-packages/airflow/example_dags/example_task_group_decorator.py
[2025-03-11T03:23:37.846+0000] {logging_mixin.py:188} INFO - [2025-03-11T03:23:37.845+0000] {dag.py:3096} INFO - Sync 1 DAGs
[2025-03-11T03:23:37.867+0000] {logging_mixin.py:188} INFO - [2025-03-11T03:23:37.867+0000] {dag.py:3954} INFO - Setting next_dagrun for example_task_group_decorator to 2025-03-10 00:00:00+00:00, run_after=2025-03-11 00:00:00+00:00
[2025-03-11T03:23:37.887+0000] {processor.py:183} INFO - Processing /home/airflow/.local/lib/python3.12/site-packages/airflow/example_dags/example_task_group_decorator.py took 0.088 seconds
[2025-03-11T03:24:10.282+0000] {processor.py:161} INFO - Started process (PID=68875) to work on /home/airflow/.local/lib/python3.12/site-packages/airflow/example_dags/example_task_group_decorator.py
[2025-03-11T03:24:10.284+0000] {processor.py:830} INFO - Processing file /home/airflow/.local/lib/python3.12/site-packages/airflow/example_dags/example_task_group_decorator.py for tasks to queue
[2025-03-11T03:24:10.286+0000] {logging_mixin.py:188} INFO - [2025-03-11T03:24:10.286+0000] {dagbag.py:545} INFO - Filling up the DagBag from /home/airflow/.local/lib/python3.12/site-packages/airflow/example_dags/example_task_group_decorator.py
[2025-03-11T03:24:10.304+0000] {processor.py:840} INFO - DAG(s) 'example_task_group_decorator' retrieved from /home/airflow/.local/lib/python3.12/site-packages/airflow/example_dags/example_task_group_decorator.py
[2025-03-11T03:24:10.336+0000] {logging_mixin.py:188} INFO - [2025-03-11T03:24:10.336+0000] {dag.py:3096} INFO - Sync 1 DAGs
[2025-03-11T03:24:10.361+0000] {logging_mixin.py:188} INFO - [2025-03-11T03:24:10.361+0000] {dag.py:3954} INFO - Setting next_dagrun for example_task_group_decorator to 2025-03-10 00:00:00+00:00, run_after=2025-03-11 00:00:00+00:00
[2025-03-11T03:24:10.384+0000] {processor.py:183} INFO - Processing /home/airflow/.local/lib/python3.12/site-packages/airflow/example_dags/example_task_group_decorator.py took 0.112 seconds
[2025-03-11T03:24:42.354+0000] {processor.py:161} INFO - Started process (PID=69137) to work on /home/airflow/.local/lib/python3.12/site-packages/airflow/example_dags/example_task_group_decorator.py
[2025-03-11T03:24:42.356+0000] {processor.py:830} INFO - Processing file /home/airflow/.local/lib/python3.12/site-packages/airflow/example_dags/example_task_group_decorator.py for tasks to queue
[2025-03-11T03:24:42.360+0000] {logging_mixin.py:188} INFO - [2025-03-11T03:24:42.360+0000] {dagbag.py:545} INFO - Filling up the DagBag from /home/airflow/.local/lib/python3.12/site-packages/airflow/example_dags/example_task_group_decorator.py
[2025-03-11T03:24:42.377+0000] {processor.py:840} INFO - DAG(s) 'example_task_group_decorator' retrieved from /home/airflow/.local/lib/python3.12/site-packages/airflow/example_dags/example_task_group_decorator.py
[2025-03-11T03:24:42.402+0000] {logging_mixin.py:188} INFO - [2025-03-11T03:24:42.402+0000] {dag.py:3096} INFO - Sync 1 DAGs
[2025-03-11T03:24:42.422+0000] {logging_mixin.py:188} INFO - [2025-03-11T03:24:42.422+0000] {dag.py:3954} INFO - Setting next_dagrun for example_task_group_decorator to 2025-03-10 00:00:00+00:00, run_after=2025-03-11 00:00:00+00:00
[2025-03-11T03:24:42.442+0000] {processor.py:183} INFO - Processing /home/airflow/.local/lib/python3.12/site-packages/airflow/example_dags/example_task_group_decorator.py took 0.108 seconds
[2025-03-11T03:25:14.135+0000] {processor.py:161} INFO - Started process (PID=69399) to work on /home/airflow/.local/lib/python3.12/site-packages/airflow/example_dags/example_task_group_decorator.py
[2025-03-11T03:25:14.136+0000] {processor.py:830} INFO - Processing file /home/airflow/.local/lib/python3.12/site-packages/airflow/example_dags/example_task_group_decorator.py for tasks to queue
[2025-03-11T03:25:14.138+0000] {logging_mixin.py:188} INFO - [2025-03-11T03:25:14.138+0000] {dagbag.py:545} INFO - Filling up the DagBag from /home/airflow/.local/lib/python3.12/site-packages/airflow/example_dags/example_task_group_decorator.py
[2025-03-11T03:25:14.151+0000] {processor.py:840} INFO - DAG(s) 'example_task_group_decorator' retrieved from /home/airflow/.local/lib/python3.12/site-packages/airflow/example_dags/example_task_group_decorator.py
[2025-03-11T03:25:14.178+0000] {logging_mixin.py:188} INFO - [2025-03-11T03:25:14.178+0000] {dag.py:3096} INFO - Sync 1 DAGs
[2025-03-11T03:25:14.203+0000] {logging_mixin.py:188} INFO - [2025-03-11T03:25:14.203+0000] {dag.py:3954} INFO - Setting next_dagrun for example_task_group_decorator to 2025-03-10 00:00:00+00:00, run_after=2025-03-11 00:00:00+00:00
[2025-03-11T03:25:14.229+0000] {processor.py:183} INFO - Processing /home/airflow/.local/lib/python3.12/site-packages/airflow/example_dags/example_task_group_decorator.py took 0.100 seconds
[2025-03-11T03:25:46.048+0000] {processor.py:161} INFO - Started process (PID=69661) to work on /home/airflow/.local/lib/python3.12/site-packages/airflow/example_dags/example_task_group_decorator.py
[2025-03-11T03:25:46.050+0000] {processor.py:830} INFO - Processing file /home/airflow/.local/lib/python3.12/site-packages/airflow/example_dags/example_task_group_decorator.py for tasks to queue
[2025-03-11T03:25:46.054+0000] {logging_mixin.py:188} INFO - [2025-03-11T03:25:46.053+0000] {dagbag.py:545} INFO - Filling up the DagBag from /home/airflow/.local/lib/python3.12/site-packages/airflow/example_dags/example_task_group_decorator.py
[2025-03-11T03:25:46.073+0000] {processor.py:840} INFO - DAG(s) 'example_task_group_decorator' retrieved from /home/airflow/.local/lib/python3.12/site-packages/airflow/example_dags/example_task_group_decorator.py
[2025-03-11T03:25:46.098+0000] {logging_mixin.py:188} INFO - [2025-03-11T03:25:46.098+0000] {dag.py:3096} INFO - Sync 1 DAGs
[2025-03-11T03:25:46.120+0000] {logging_mixin.py:188} INFO - [2025-03-11T03:25:46.120+0000] {dag.py:3954} INFO - Setting next_dagrun for example_task_group_decorator to 2025-03-10 00:00:00+00:00, run_after=2025-03-11 00:00:00+00:00
[2025-03-11T03:25:46.140+0000] {processor.py:183} INFO - Processing /home/airflow/.local/lib/python3.12/site-packages/airflow/example_dags/example_task_group_decorator.py took 0.104 seconds
[2025-03-11T03:26:18.881+0000] {processor.py:161} INFO - Started process (PID=69923) to work on /home/airflow/.local/lib/python3.12/site-packages/airflow/example_dags/example_task_group_decorator.py
[2025-03-11T03:26:18.882+0000] {processor.py:830} INFO - Processing file /home/airflow/.local/lib/python3.12/site-packages/airflow/example_dags/example_task_group_decorator.py for tasks to queue
[2025-03-11T03:26:18.884+0000] {logging_mixin.py:188} INFO - [2025-03-11T03:26:18.884+0000] {dagbag.py:545} INFO - Filling up the DagBag from /home/airflow/.local/lib/python3.12/site-packages/airflow/example_dags/example_task_group_decorator.py
[2025-03-11T03:26:18.902+0000] {processor.py:840} INFO - DAG(s) 'example_task_group_decorator' retrieved from /home/airflow/.local/lib/python3.12/site-packages/airflow/example_dags/example_task_group_decorator.py
[2025-03-11T03:26:18.935+0000] {logging_mixin.py:188} INFO - [2025-03-11T03:26:18.934+0000] {dag.py:3096} INFO - Sync 1 DAGs
[2025-03-11T03:26:18.959+0000] {logging_mixin.py:188} INFO - [2025-03-11T03:26:18.959+0000] {dag.py:3954} INFO - Setting next_dagrun for example_task_group_decorator to 2025-03-10 00:00:00+00:00, run_after=2025-03-11 00:00:00+00:00
[2025-03-11T03:26:18.978+0000] {processor.py:183} INFO - Processing /home/airflow/.local/lib/python3.12/site-packages/airflow/example_dags/example_task_group_decorator.py took 0.105 seconds
[2025-03-11T03:26:50.025+0000] {processor.py:161} INFO - Started process (PID=70183) to work on /home/airflow/.local/lib/python3.12/site-packages/airflow/example_dags/example_task_group_decorator.py
[2025-03-11T03:26:50.026+0000] {processor.py:830} INFO - Processing file /home/airflow/.local/lib/python3.12/site-packages/airflow/example_dags/example_task_group_decorator.py for tasks to queue
[2025-03-11T03:26:50.028+0000] {logging_mixin.py:188} INFO - [2025-03-11T03:26:50.028+0000] {dagbag.py:545} INFO - Filling up the DagBag from /home/airflow/.local/lib/python3.12/site-packages/airflow/example_dags/example_task_group_decorator.py
[2025-03-11T03:26:50.042+0000] {processor.py:840} INFO - DAG(s) 'example_task_group_decorator' retrieved from /home/airflow/.local/lib/python3.12/site-packages/airflow/example_dags/example_task_group_decorator.py
[2025-03-11T03:26:50.068+0000] {logging_mixin.py:188} INFO - [2025-03-11T03:26:50.068+0000] {dag.py:3096} INFO - Sync 1 DAGs
[2025-03-11T03:26:50.092+0000] {logging_mixin.py:188} INFO - [2025-03-11T03:26:50.092+0000] {dag.py:3954} INFO - Setting next_dagrun for example_task_group_decorator to 2025-03-10 00:00:00+00:00, run_after=2025-03-11 00:00:00+00:00
[2025-03-11T03:26:50.112+0000] {processor.py:183} INFO - Processing /home/airflow/.local/lib/python3.12/site-packages/airflow/example_dags/example_task_group_decorator.py took 0.093 seconds
[2025-03-11T03:27:22.691+0000] {processor.py:161} INFO - Started process (PID=70445) to work on /home/airflow/.local/lib/python3.12/site-packages/airflow/example_dags/example_task_group_decorator.py
[2025-03-11T03:27:22.692+0000] {processor.py:830} INFO - Processing file /home/airflow/.local/lib/python3.12/site-packages/airflow/example_dags/example_task_group_decorator.py for tasks to queue
[2025-03-11T03:27:22.694+0000] {logging_mixin.py:188} INFO - [2025-03-11T03:27:22.694+0000] {dagbag.py:545} INFO - Filling up the DagBag from /home/airflow/.local/lib/python3.12/site-packages/airflow/example_dags/example_task_group_decorator.py
[2025-03-11T03:27:22.708+0000] {processor.py:840} INFO - DAG(s) 'example_task_group_decorator' retrieved from /home/airflow/.local/lib/python3.12/site-packages/airflow/example_dags/example_task_group_decorator.py
[2025-03-11T03:27:22.736+0000] {logging_mixin.py:188} INFO - [2025-03-11T03:27:22.736+0000] {dag.py:3096} INFO - Sync 1 DAGs
[2025-03-11T03:27:22.758+0000] {logging_mixin.py:188} INFO - [2025-03-11T03:27:22.758+0000] {dag.py:3954} INFO - Setting next_dagrun for example_task_group_decorator to 2025-03-10 00:00:00+00:00, run_after=2025-03-11 00:00:00+00:00
[2025-03-11T03:27:22.780+0000] {processor.py:183} INFO - Processing /home/airflow/.local/lib/python3.12/site-packages/airflow/example_dags/example_task_group_decorator.py took 0.095 seconds
[2025-03-11T03:27:54.477+0000] {processor.py:161} INFO - Started process (PID=70707) to work on /home/airflow/.local/lib/python3.12/site-packages/airflow/example_dags/example_task_group_decorator.py
[2025-03-11T03:27:54.479+0000] {processor.py:830} INFO - Processing file /home/airflow/.local/lib/python3.12/site-packages/airflow/example_dags/example_task_group_decorator.py for tasks to queue
[2025-03-11T03:27:54.481+0000] {logging_mixin.py:188} INFO - [2025-03-11T03:27:54.480+0000] {dagbag.py:545} INFO - Filling up the DagBag from /home/airflow/.local/lib/python3.12/site-packages/airflow/example_dags/example_task_group_decorator.py
[2025-03-11T03:27:54.494+0000] {processor.py:840} INFO - DAG(s) 'example_task_group_decorator' retrieved from /home/airflow/.local/lib/python3.12/site-packages/airflow/example_dags/example_task_group_decorator.py
[2025-03-11T03:27:54.520+0000] {logging_mixin.py:188} INFO - [2025-03-11T03:27:54.520+0000] {dag.py:3096} INFO - Sync 1 DAGs
[2025-03-11T03:27:54.544+0000] {logging_mixin.py:188} INFO - [2025-03-11T03:27:54.544+0000] {dag.py:3954} INFO - Setting next_dagrun for example_task_group_decorator to 2025-03-10 00:00:00+00:00, run_after=2025-03-11 00:00:00+00:00
[2025-03-11T03:27:54.568+0000] {processor.py:183} INFO - Processing /home/airflow/.local/lib/python3.12/site-packages/airflow/example_dags/example_task_group_decorator.py took 0.096 seconds
[2025-03-11T03:28:27.164+0000] {processor.py:161} INFO - Started process (PID=70969) to work on /home/airflow/.local/lib/python3.12/site-packages/airflow/example_dags/example_task_group_decorator.py
[2025-03-11T03:28:27.165+0000] {processor.py:830} INFO - Processing file /home/airflow/.local/lib/python3.12/site-packages/airflow/example_dags/example_task_group_decorator.py for tasks to queue
[2025-03-11T03:28:27.168+0000] {logging_mixin.py:188} INFO - [2025-03-11T03:28:27.167+0000] {dagbag.py:545} INFO - Filling up the DagBag from /home/airflow/.local/lib/python3.12/site-packages/airflow/example_dags/example_task_group_decorator.py
[2025-03-11T03:28:27.187+0000] {processor.py:840} INFO - DAG(s) 'example_task_group_decorator' retrieved from /home/airflow/.local/lib/python3.12/site-packages/airflow/example_dags/example_task_group_decorator.py
[2025-03-11T03:28:27.213+0000] {logging_mixin.py:188} INFO - [2025-03-11T03:28:27.213+0000] {dag.py:3096} INFO - Sync 1 DAGs
[2025-03-11T03:28:27.237+0000] {logging_mixin.py:188} INFO - [2025-03-11T03:28:27.237+0000] {dag.py:3954} INFO - Setting next_dagrun for example_task_group_decorator to 2025-03-10 00:00:00+00:00, run_after=2025-03-11 00:00:00+00:00
[2025-03-11T03:28:27.275+0000] {processor.py:183} INFO - Processing /home/airflow/.local/lib/python3.12/site-packages/airflow/example_dags/example_task_group_decorator.py took 0.120 seconds
[2025-03-11T03:28:59.243+0000] {processor.py:161} INFO - Started process (PID=71233) to work on /home/airflow/.local/lib/python3.12/site-packages/airflow/example_dags/example_task_group_decorator.py
[2025-03-11T03:28:59.245+0000] {processor.py:830} INFO - Processing file /home/airflow/.local/lib/python3.12/site-packages/airflow/example_dags/example_task_group_decorator.py for tasks to queue
[2025-03-11T03:28:59.248+0000] {logging_mixin.py:188} INFO - [2025-03-11T03:28:59.248+0000] {dagbag.py:545} INFO - Filling up the DagBag from /home/airflow/.local/lib/python3.12/site-packages/airflow/example_dags/example_task_group_decorator.py
[2025-03-11T03:28:59.266+0000] {processor.py:840} INFO - DAG(s) 'example_task_group_decorator' retrieved from /home/airflow/.local/lib/python3.12/site-packages/airflow/example_dags/example_task_group_decorator.py
[2025-03-11T03:28:59.295+0000] {logging_mixin.py:188} INFO - [2025-03-11T03:28:59.294+0000] {dag.py:3096} INFO - Sync 1 DAGs
[2025-03-11T03:28:59.336+0000] {logging_mixin.py:188} INFO - [2025-03-11T03:28:59.335+0000] {dag.py:3954} INFO - Setting next_dagrun for example_task_group_decorator to 2025-03-10 00:00:00+00:00, run_after=2025-03-11 00:00:00+00:00
[2025-03-11T03:28:59.365+0000] {processor.py:183} INFO - Processing /home/airflow/.local/lib/python3.12/site-packages/airflow/example_dags/example_task_group_decorator.py took 0.130 seconds
[2025-03-11T03:29:31.313+0000] {processor.py:161} INFO - Started process (PID=71495) to work on /home/airflow/.local/lib/python3.12/site-packages/airflow/example_dags/example_task_group_decorator.py
[2025-03-11T03:29:31.315+0000] {processor.py:830} INFO - Processing file /home/airflow/.local/lib/python3.12/site-packages/airflow/example_dags/example_task_group_decorator.py for tasks to queue
[2025-03-11T03:29:31.318+0000] {logging_mixin.py:188} INFO - [2025-03-11T03:29:31.317+0000] {dagbag.py:545} INFO - Filling up the DagBag from /home/airflow/.local/lib/python3.12/site-packages/airflow/example_dags/example_task_group_decorator.py
[2025-03-11T03:29:31.334+0000] {processor.py:840} INFO - DAG(s) 'example_task_group_decorator' retrieved from /home/airflow/.local/lib/python3.12/site-packages/airflow/example_dags/example_task_group_decorator.py
[2025-03-11T03:29:31.365+0000] {logging_mixin.py:188} INFO - [2025-03-11T03:29:31.364+0000] {dag.py:3096} INFO - Sync 1 DAGs
[2025-03-11T03:29:31.391+0000] {logging_mixin.py:188} INFO - [2025-03-11T03:29:31.390+0000] {dag.py:3954} INFO - Setting next_dagrun for example_task_group_decorator to 2025-03-10 00:00:00+00:00, run_after=2025-03-11 00:00:00+00:00
[2025-03-11T03:29:31.416+0000] {processor.py:183} INFO - Processing /home/airflow/.local/lib/python3.12/site-packages/airflow/example_dags/example_task_group_decorator.py took 0.109 seconds
[2025-03-11T03:30:03.057+0000] {processor.py:161} INFO - Started process (PID=71757) to work on /home/airflow/.local/lib/python3.12/site-packages/airflow/example_dags/example_task_group_decorator.py
[2025-03-11T03:30:03.058+0000] {processor.py:830} INFO - Processing file /home/airflow/.local/lib/python3.12/site-packages/airflow/example_dags/example_task_group_decorator.py for tasks to queue
[2025-03-11T03:30:03.061+0000] {logging_mixin.py:188} INFO - [2025-03-11T03:30:03.060+0000] {dagbag.py:545} INFO - Filling up the DagBag from /home/airflow/.local/lib/python3.12/site-packages/airflow/example_dags/example_task_group_decorator.py
[2025-03-11T03:30:03.077+0000] {processor.py:840} INFO - DAG(s) 'example_task_group_decorator' retrieved from /home/airflow/.local/lib/python3.12/site-packages/airflow/example_dags/example_task_group_decorator.py
[2025-03-11T03:30:03.127+0000] {logging_mixin.py:188} INFO - [2025-03-11T03:30:03.127+0000] {dag.py:3096} INFO - Sync 1 DAGs
[2025-03-11T03:30:03.158+0000] {logging_mixin.py:188} INFO - [2025-03-11T03:30:03.158+0000] {dag.py:3954} INFO - Setting next_dagrun for example_task_group_decorator to 2025-03-10 00:00:00+00:00, run_after=2025-03-11 00:00:00+00:00
[2025-03-11T03:30:03.185+0000] {processor.py:183} INFO - Processing /home/airflow/.local/lib/python3.12/site-packages/airflow/example_dags/example_task_group_decorator.py took 0.135 seconds
[2025-03-11T03:30:36.033+0000] {processor.py:161} INFO - Started process (PID=72019) to work on /home/airflow/.local/lib/python3.12/site-packages/airflow/example_dags/example_task_group_decorator.py
[2025-03-11T03:30:36.034+0000] {processor.py:830} INFO - Processing file /home/airflow/.local/lib/python3.12/site-packages/airflow/example_dags/example_task_group_decorator.py for tasks to queue
[2025-03-11T03:30:36.036+0000] {logging_mixin.py:188} INFO - [2025-03-11T03:30:36.036+0000] {dagbag.py:545} INFO - Filling up the DagBag from /home/airflow/.local/lib/python3.12/site-packages/airflow/example_dags/example_task_group_decorator.py
[2025-03-11T03:30:36.057+0000] {processor.py:840} INFO - DAG(s) 'example_task_group_decorator' retrieved from /home/airflow/.local/lib/python3.12/site-packages/airflow/example_dags/example_task_group_decorator.py
[2025-03-11T03:30:36.087+0000] {logging_mixin.py:188} INFO - [2025-03-11T03:30:36.087+0000] {dag.py:3096} INFO - Sync 1 DAGs
[2025-03-11T03:30:36.117+0000] {logging_mixin.py:188} INFO - [2025-03-11T03:30:36.117+0000] {dag.py:3954} INFO - Setting next_dagrun for example_task_group_decorator to 2025-03-10 00:00:00+00:00, run_after=2025-03-11 00:00:00+00:00
[2025-03-11T03:30:36.137+0000] {processor.py:183} INFO - Processing /home/airflow/.local/lib/python3.12/site-packages/airflow/example_dags/example_task_group_decorator.py took 0.111 seconds
[2025-03-11T03:31:06.595+0000] {processor.py:161} INFO - Started process (PID=72279) to work on /home/airflow/.local/lib/python3.12/site-packages/airflow/example_dags/example_task_group_decorator.py
[2025-03-11T03:31:06.596+0000] {processor.py:830} INFO - Processing file /home/airflow/.local/lib/python3.12/site-packages/airflow/example_dags/example_task_group_decorator.py for tasks to queue
[2025-03-11T03:31:06.598+0000] {logging_mixin.py:188} INFO - [2025-03-11T03:31:06.598+0000] {dagbag.py:545} INFO - Filling up the DagBag from /home/airflow/.local/lib/python3.12/site-packages/airflow/example_dags/example_task_group_decorator.py
[2025-03-11T03:31:06.617+0000] {processor.py:840} INFO - DAG(s) 'example_task_group_decorator' retrieved from /home/airflow/.local/lib/python3.12/site-packages/airflow/example_dags/example_task_group_decorator.py
[2025-03-11T03:31:06.646+0000] {logging_mixin.py:188} INFO - [2025-03-11T03:31:06.646+0000] {dag.py:3096} INFO - Sync 1 DAGs
[2025-03-11T03:31:06.671+0000] {logging_mixin.py:188} INFO - [2025-03-11T03:31:06.670+0000] {dag.py:3954} INFO - Setting next_dagrun for example_task_group_decorator to 2025-03-10 00:00:00+00:00, run_after=2025-03-11 00:00:00+00:00
[2025-03-11T03:31:06.691+0000] {processor.py:183} INFO - Processing /home/airflow/.local/lib/python3.12/site-packages/airflow/example_dags/example_task_group_decorator.py took 0.105 seconds
[2025-03-11T03:31:39.269+0000] {processor.py:161} INFO - Started process (PID=72541) to work on /home/airflow/.local/lib/python3.12/site-packages/airflow/example_dags/example_task_group_decorator.py
[2025-03-11T03:31:39.270+0000] {processor.py:830} INFO - Processing file /home/airflow/.local/lib/python3.12/site-packages/airflow/example_dags/example_task_group_decorator.py for tasks to queue
[2025-03-11T03:31:39.273+0000] {logging_mixin.py:188} INFO - [2025-03-11T03:31:39.272+0000] {dagbag.py:545} INFO - Filling up the DagBag from /home/airflow/.local/lib/python3.12/site-packages/airflow/example_dags/example_task_group_decorator.py
[2025-03-11T03:31:39.288+0000] {processor.py:840} INFO - DAG(s) 'example_task_group_decorator' retrieved from /home/airflow/.local/lib/python3.12/site-packages/airflow/example_dags/example_task_group_decorator.py
[2025-03-11T03:31:39.317+0000] {logging_mixin.py:188} INFO - [2025-03-11T03:31:39.317+0000] {dag.py:3096} INFO - Sync 1 DAGs
[2025-03-11T03:31:39.340+0000] {logging_mixin.py:188} INFO - [2025-03-11T03:31:39.339+0000] {dag.py:3954} INFO - Setting next_dagrun for example_task_group_decorator to 2025-03-10 00:00:00+00:00, run_after=2025-03-11 00:00:00+00:00
[2025-03-11T03:31:39.364+0000] {processor.py:183} INFO - Processing /home/airflow/.local/lib/python3.12/site-packages/airflow/example_dags/example_task_group_decorator.py took 0.102 seconds
[2025-03-11T03:32:10.875+0000] {processor.py:161} INFO - Started process (PID=72803) to work on /home/airflow/.local/lib/python3.12/site-packages/airflow/example_dags/example_task_group_decorator.py
[2025-03-11T03:32:10.877+0000] {processor.py:830} INFO - Processing file /home/airflow/.local/lib/python3.12/site-packages/airflow/example_dags/example_task_group_decorator.py for tasks to queue
[2025-03-11T03:32:10.879+0000] {logging_mixin.py:188} INFO - [2025-03-11T03:32:10.878+0000] {dagbag.py:545} INFO - Filling up the DagBag from /home/airflow/.local/lib/python3.12/site-packages/airflow/example_dags/example_task_group_decorator.py
[2025-03-11T03:32:10.894+0000] {processor.py:840} INFO - DAG(s) 'example_task_group_decorator' retrieved from /home/airflow/.local/lib/python3.12/site-packages/airflow/example_dags/example_task_group_decorator.py
[2025-03-11T03:32:10.942+0000] {logging_mixin.py:188} INFO - [2025-03-11T03:32:10.941+0000] {dag.py:3096} INFO - Sync 1 DAGs
[2025-03-11T03:32:10.982+0000] {logging_mixin.py:188} INFO - [2025-03-11T03:32:10.981+0000] {dag.py:3954} INFO - Setting next_dagrun for example_task_group_decorator to 2025-03-10 00:00:00+00:00, run_after=2025-03-11 00:00:00+00:00
[2025-03-11T03:32:11.007+0000] {processor.py:183} INFO - Processing /home/airflow/.local/lib/python3.12/site-packages/airflow/example_dags/example_task_group_decorator.py took 0.139 seconds
[2025-03-11T03:32:43.143+0000] {processor.py:161} INFO - Started process (PID=73065) to work on /home/airflow/.local/lib/python3.12/site-packages/airflow/example_dags/example_task_group_decorator.py
[2025-03-11T03:32:43.145+0000] {processor.py:830} INFO - Processing file /home/airflow/.local/lib/python3.12/site-packages/airflow/example_dags/example_task_group_decorator.py for tasks to queue
[2025-03-11T03:32:43.148+0000] {logging_mixin.py:188} INFO - [2025-03-11T03:32:43.147+0000] {dagbag.py:545} INFO - Filling up the DagBag from /home/airflow/.local/lib/python3.12/site-packages/airflow/example_dags/example_task_group_decorator.py
[2025-03-11T03:32:43.167+0000] {processor.py:840} INFO - DAG(s) 'example_task_group_decorator' retrieved from /home/airflow/.local/lib/python3.12/site-packages/airflow/example_dags/example_task_group_decorator.py
[2025-03-11T03:32:43.200+0000] {logging_mixin.py:188} INFO - [2025-03-11T03:32:43.200+0000] {dag.py:3096} INFO - Sync 1 DAGs
[2025-03-11T03:32:43.223+0000] {logging_mixin.py:188} INFO - [2025-03-11T03:32:43.223+0000] {dag.py:3954} INFO - Setting next_dagrun for example_task_group_decorator to 2025-03-10 00:00:00+00:00, run_after=2025-03-11 00:00:00+00:00
[2025-03-11T03:32:43.247+0000] {processor.py:183} INFO - Processing /home/airflow/.local/lib/python3.12/site-packages/airflow/example_dags/example_task_group_decorator.py took 0.111 seconds
