[2025-03-11T03:05:13.257+0000] {processor.py:161} INFO - Started process (PID=59405) to work on /home/airflow/.local/lib/python3.12/site-packages/airflow/example_dags/example_branch_day_of_week_operator.py
[2025-03-11T03:05:13.262+0000] {processor.py:830} INFO - Processing file /home/airflow/.local/lib/python3.12/site-packages/airflow/example_dags/example_branch_day_of_week_operator.py for tasks to queue
[2025-03-11T03:05:13.267+0000] {logging_mixin.py:188} INFO - [2025-03-11T03:05:13.266+0000] {dagbag.py:545} INFO - Filling up the DagBag from /home/airflow/.local/lib/python3.12/site-packages/airflow/example_dags/example_branch_day_of_week_operator.py
[2025-03-11T03:05:13.290+0000] {processor.py:840} INFO - DAG(s) 'example_weekday_branch_operator' retrieved from /home/airflow/.local/lib/python3.12/site-packages/airflow/example_dags/example_branch_day_of_week_operator.py
[2025-03-11T03:05:13.342+0000] {logging_mixin.py:188} INFO - [2025-03-11T03:05:13.342+0000] {dag.py:3096} INFO - Sync 1 DAGs
[2025-03-11T03:05:13.399+0000] {logging_mixin.py:188} INFO - [2025-03-11T03:05:13.399+0000] {dag.py:3954} INFO - Setting next_dagrun for example_weekday_branch_operator to 2025-03-10 00:00:00+00:00, run_after=2025-03-11 00:00:00+00:00
[2025-03-11T03:05:13.441+0000] {processor.py:183} INFO - Processing /home/airflow/.local/lib/python3.12/site-packages/airflow/example_dags/example_branch_day_of_week_operator.py took 0.192 seconds
[2025-03-11T03:05:44.201+0000] {processor.py:161} INFO - Started process (PID=59667) to work on /home/airflow/.local/lib/python3.12/site-packages/airflow/example_dags/example_branch_day_of_week_operator.py
[2025-03-11T03:05:44.205+0000] {processor.py:830} INFO - Processing file /home/airflow/.local/lib/python3.12/site-packages/airflow/example_dags/example_branch_day_of_week_operator.py for tasks to queue
[2025-03-11T03:05:44.207+0000] {logging_mixin.py:188} INFO - [2025-03-11T03:05:44.207+0000] {dagbag.py:545} INFO - Filling up the DagBag from /home/airflow/.local/lib/python3.12/site-packages/airflow/example_dags/example_branch_day_of_week_operator.py
[2025-03-11T03:05:44.214+0000] {processor.py:840} INFO - DAG(s) 'example_weekday_branch_operator' retrieved from /home/airflow/.local/lib/python3.12/site-packages/airflow/example_dags/example_branch_day_of_week_operator.py
[2025-03-11T03:05:44.236+0000] {logging_mixin.py:188} INFO - [2025-03-11T03:05:44.235+0000] {dag.py:3096} INFO - Sync 1 DAGs
[2025-03-11T03:05:44.266+0000] {logging_mixin.py:188} INFO - [2025-03-11T03:05:44.266+0000] {dag.py:3954} INFO - Setting next_dagrun for example_weekday_branch_operator to 2025-03-10 00:00:00+00:00, run_after=2025-03-11 00:00:00+00:00
[2025-03-11T03:05:44.295+0000] {processor.py:183} INFO - Processing /home/airflow/.local/lib/python3.12/site-packages/airflow/example_dags/example_branch_day_of_week_operator.py took 0.099 seconds
[2025-03-11T03:06:14.490+0000] {processor.py:161} INFO - Started process (PID=59929) to work on /home/airflow/.local/lib/python3.12/site-packages/airflow/example_dags/example_branch_day_of_week_operator.py
[2025-03-11T03:06:14.491+0000] {processor.py:830} INFO - Processing file /home/airflow/.local/lib/python3.12/site-packages/airflow/example_dags/example_branch_day_of_week_operator.py for tasks to queue
[2025-03-11T03:06:14.493+0000] {logging_mixin.py:188} INFO - [2025-03-11T03:06:14.493+0000] {dagbag.py:545} INFO - Filling up the DagBag from /home/airflow/.local/lib/python3.12/site-packages/airflow/example_dags/example_branch_day_of_week_operator.py
[2025-03-11T03:06:14.501+0000] {processor.py:840} INFO - DAG(s) 'example_weekday_branch_operator' retrieved from /home/airflow/.local/lib/python3.12/site-packages/airflow/example_dags/example_branch_day_of_week_operator.py
[2025-03-11T03:06:14.520+0000] {logging_mixin.py:188} INFO - [2025-03-11T03:06:14.520+0000] {dag.py:3096} INFO - Sync 1 DAGs
[2025-03-11T03:06:14.541+0000] {logging_mixin.py:188} INFO - [2025-03-11T03:06:14.541+0000] {dag.py:3954} INFO - Setting next_dagrun for example_weekday_branch_operator to 2025-03-10 00:00:00+00:00, run_after=2025-03-11 00:00:00+00:00
[2025-03-11T03:06:14.561+0000] {processor.py:183} INFO - Processing /home/airflow/.local/lib/python3.12/site-packages/airflow/example_dags/example_branch_day_of_week_operator.py took 0.078 seconds
[2025-03-11T03:06:45.565+0000] {processor.py:161} INFO - Started process (PID=60191) to work on /home/airflow/.local/lib/python3.12/site-packages/airflow/example_dags/example_branch_day_of_week_operator.py
[2025-03-11T03:06:45.568+0000] {processor.py:830} INFO - Processing file /home/airflow/.local/lib/python3.12/site-packages/airflow/example_dags/example_branch_day_of_week_operator.py for tasks to queue
[2025-03-11T03:06:45.570+0000] {logging_mixin.py:188} INFO - [2025-03-11T03:06:45.570+0000] {dagbag.py:545} INFO - Filling up the DagBag from /home/airflow/.local/lib/python3.12/site-packages/airflow/example_dags/example_branch_day_of_week_operator.py
[2025-03-11T03:06:45.578+0000] {processor.py:840} INFO - DAG(s) 'example_weekday_branch_operator' retrieved from /home/airflow/.local/lib/python3.12/site-packages/airflow/example_dags/example_branch_day_of_week_operator.py
[2025-03-11T03:06:45.600+0000] {logging_mixin.py:188} INFO - [2025-03-11T03:06:45.600+0000] {dag.py:3096} INFO - Sync 1 DAGs
[2025-03-11T03:06:45.622+0000] {logging_mixin.py:188} INFO - [2025-03-11T03:06:45.621+0000] {dag.py:3954} INFO - Setting next_dagrun for example_weekday_branch_operator to 2025-03-10 00:00:00+00:00, run_after=2025-03-11 00:00:00+00:00
[2025-03-11T03:06:45.641+0000] {processor.py:183} INFO - Processing /home/airflow/.local/lib/python3.12/site-packages/airflow/example_dags/example_branch_day_of_week_operator.py took 0.081 seconds
[2025-03-11T03:07:16.036+0000] {processor.py:161} INFO - Started process (PID=60447) to work on /home/airflow/.local/lib/python3.12/site-packages/airflow/example_dags/example_branch_day_of_week_operator.py
[2025-03-11T03:07:16.037+0000] {processor.py:830} INFO - Processing file /home/airflow/.local/lib/python3.12/site-packages/airflow/example_dags/example_branch_day_of_week_operator.py for tasks to queue
[2025-03-11T03:07:16.039+0000] {logging_mixin.py:188} INFO - [2025-03-11T03:07:16.039+0000] {dagbag.py:545} INFO - Filling up the DagBag from /home/airflow/.local/lib/python3.12/site-packages/airflow/example_dags/example_branch_day_of_week_operator.py
[2025-03-11T03:07:16.047+0000] {processor.py:840} INFO - DAG(s) 'example_weekday_branch_operator' retrieved from /home/airflow/.local/lib/python3.12/site-packages/airflow/example_dags/example_branch_day_of_week_operator.py
[2025-03-11T03:07:16.068+0000] {logging_mixin.py:188} INFO - [2025-03-11T03:07:16.068+0000] {dag.py:3096} INFO - Sync 1 DAGs
[2025-03-11T03:07:16.092+0000] {logging_mixin.py:188} INFO - [2025-03-11T03:07:16.092+0000] {dag.py:3954} INFO - Setting next_dagrun for example_weekday_branch_operator to 2025-03-10 00:00:00+00:00, run_after=2025-03-11 00:00:00+00:00
[2025-03-11T03:07:16.116+0000] {processor.py:183} INFO - Processing /home/airflow/.local/lib/python3.12/site-packages/airflow/example_dags/example_branch_day_of_week_operator.py took 0.085 seconds
[2025-03-11T03:07:46.234+0000] {processor.py:161} INFO - Started process (PID=60709) to work on /home/airflow/.local/lib/python3.12/site-packages/airflow/example_dags/example_branch_day_of_week_operator.py
[2025-03-11T03:07:46.235+0000] {processor.py:830} INFO - Processing file /home/airflow/.local/lib/python3.12/site-packages/airflow/example_dags/example_branch_day_of_week_operator.py for tasks to queue
[2025-03-11T03:07:46.237+0000] {logging_mixin.py:188} INFO - [2025-03-11T03:07:46.237+0000] {dagbag.py:545} INFO - Filling up the DagBag from /home/airflow/.local/lib/python3.12/site-packages/airflow/example_dags/example_branch_day_of_week_operator.py
[2025-03-11T03:07:46.245+0000] {processor.py:840} INFO - DAG(s) 'example_weekday_branch_operator' retrieved from /home/airflow/.local/lib/python3.12/site-packages/airflow/example_dags/example_branch_day_of_week_operator.py
[2025-03-11T03:07:46.265+0000] {logging_mixin.py:188} INFO - [2025-03-11T03:07:46.265+0000] {dag.py:3096} INFO - Sync 1 DAGs
[2025-03-11T03:07:46.289+0000] {logging_mixin.py:188} INFO - [2025-03-11T03:07:46.289+0000] {dag.py:3954} INFO - Setting next_dagrun for example_weekday_branch_operator to 2025-03-10 00:00:00+00:00, run_after=2025-03-11 00:00:00+00:00
[2025-03-11T03:07:46.311+0000] {processor.py:183} INFO - Processing /home/airflow/.local/lib/python3.12/site-packages/airflow/example_dags/example_branch_day_of_week_operator.py took 0.083 seconds
[2025-03-11T03:08:16.604+0000] {processor.py:161} INFO - Started process (PID=60971) to work on /home/airflow/.local/lib/python3.12/site-packages/airflow/example_dags/example_branch_day_of_week_operator.py
[2025-03-11T03:08:16.606+0000] {processor.py:830} INFO - Processing file /home/airflow/.local/lib/python3.12/site-packages/airflow/example_dags/example_branch_day_of_week_operator.py for tasks to queue
[2025-03-11T03:08:16.609+0000] {logging_mixin.py:188} INFO - [2025-03-11T03:08:16.609+0000] {dagbag.py:545} INFO - Filling up the DagBag from /home/airflow/.local/lib/python3.12/site-packages/airflow/example_dags/example_branch_day_of_week_operator.py
[2025-03-11T03:08:16.621+0000] {processor.py:840} INFO - DAG(s) 'example_weekday_branch_operator' retrieved from /home/airflow/.local/lib/python3.12/site-packages/airflow/example_dags/example_branch_day_of_week_operator.py
[2025-03-11T03:08:16.645+0000] {logging_mixin.py:188} INFO - [2025-03-11T03:08:16.645+0000] {dag.py:3096} INFO - Sync 1 DAGs
[2025-03-11T03:08:16.668+0000] {logging_mixin.py:188} INFO - [2025-03-11T03:08:16.668+0000] {dag.py:3954} INFO - Setting next_dagrun for example_weekday_branch_operator to 2025-03-10 00:00:00+00:00, run_after=2025-03-11 00:00:00+00:00
[2025-03-11T03:08:16.691+0000] {processor.py:183} INFO - Processing /home/airflow/.local/lib/python3.12/site-packages/airflow/example_dags/example_branch_day_of_week_operator.py took 0.097 seconds
[2025-03-11T03:08:47.034+0000] {processor.py:161} INFO - Started process (PID=61233) to work on /home/airflow/.local/lib/python3.12/site-packages/airflow/example_dags/example_branch_day_of_week_operator.py
[2025-03-11T03:08:47.039+0000] {processor.py:830} INFO - Processing file /home/airflow/.local/lib/python3.12/site-packages/airflow/example_dags/example_branch_day_of_week_operator.py for tasks to queue
[2025-03-11T03:08:47.045+0000] {logging_mixin.py:188} INFO - [2025-03-11T03:08:47.044+0000] {dagbag.py:545} INFO - Filling up the DagBag from /home/airflow/.local/lib/python3.12/site-packages/airflow/example_dags/example_branch_day_of_week_operator.py
[2025-03-11T03:08:47.058+0000] {processor.py:840} INFO - DAG(s) 'example_weekday_branch_operator' retrieved from /home/airflow/.local/lib/python3.12/site-packages/airflow/example_dags/example_branch_day_of_week_operator.py
[2025-03-11T03:08:47.081+0000] {logging_mixin.py:188} INFO - [2025-03-11T03:08:47.081+0000] {dag.py:3096} INFO - Sync 1 DAGs
[2025-03-11T03:08:47.104+0000] {logging_mixin.py:188} INFO - [2025-03-11T03:08:47.104+0000] {dag.py:3954} INFO - Setting next_dagrun for example_weekday_branch_operator to 2025-03-10 00:00:00+00:00, run_after=2025-03-11 00:00:00+00:00
[2025-03-11T03:08:47.129+0000] {processor.py:183} INFO - Processing /home/airflow/.local/lib/python3.12/site-packages/airflow/example_dags/example_branch_day_of_week_operator.py took 0.121 seconds
[2025-03-11T03:09:17.296+0000] {processor.py:161} INFO - Started process (PID=61495) to work on /home/airflow/.local/lib/python3.12/site-packages/airflow/example_dags/example_branch_day_of_week_operator.py
[2025-03-11T03:09:17.298+0000] {processor.py:830} INFO - Processing file /home/airflow/.local/lib/python3.12/site-packages/airflow/example_dags/example_branch_day_of_week_operator.py for tasks to queue
[2025-03-11T03:09:17.302+0000] {logging_mixin.py:188} INFO - [2025-03-11T03:09:17.301+0000] {dagbag.py:545} INFO - Filling up the DagBag from /home/airflow/.local/lib/python3.12/site-packages/airflow/example_dags/example_branch_day_of_week_operator.py
[2025-03-11T03:09:17.312+0000] {processor.py:840} INFO - DAG(s) 'example_weekday_branch_operator' retrieved from /home/airflow/.local/lib/python3.12/site-packages/airflow/example_dags/example_branch_day_of_week_operator.py
[2025-03-11T03:09:17.336+0000] {logging_mixin.py:188} INFO - [2025-03-11T03:09:17.336+0000] {dag.py:3096} INFO - Sync 1 DAGs
[2025-03-11T03:09:17.363+0000] {logging_mixin.py:188} INFO - [2025-03-11T03:09:17.363+0000] {dag.py:3954} INFO - Setting next_dagrun for example_weekday_branch_operator to 2025-03-10 00:00:00+00:00, run_after=2025-03-11 00:00:00+00:00
[2025-03-11T03:09:17.385+0000] {processor.py:183} INFO - Processing /home/airflow/.local/lib/python3.12/site-packages/airflow/example_dags/example_branch_day_of_week_operator.py took 0.097 seconds
[2025-03-11T03:09:47.925+0000] {processor.py:161} INFO - Started process (PID=61758) to work on /home/airflow/.local/lib/python3.12/site-packages/airflow/example_dags/example_branch_day_of_week_operator.py
[2025-03-11T03:09:47.926+0000] {processor.py:830} INFO - Processing file /home/airflow/.local/lib/python3.12/site-packages/airflow/example_dags/example_branch_day_of_week_operator.py for tasks to queue
[2025-03-11T03:09:47.928+0000] {logging_mixin.py:188} INFO - [2025-03-11T03:09:47.928+0000] {dagbag.py:545} INFO - Filling up the DagBag from /home/airflow/.local/lib/python3.12/site-packages/airflow/example_dags/example_branch_day_of_week_operator.py
[2025-03-11T03:09:47.937+0000] {processor.py:840} INFO - DAG(s) 'example_weekday_branch_operator' retrieved from /home/airflow/.local/lib/python3.12/site-packages/airflow/example_dags/example_branch_day_of_week_operator.py
[2025-03-11T03:09:47.957+0000] {logging_mixin.py:188} INFO - [2025-03-11T03:09:47.957+0000] {dag.py:3096} INFO - Sync 1 DAGs
[2025-03-11T03:09:47.980+0000] {logging_mixin.py:188} INFO - [2025-03-11T03:09:47.979+0000] {dag.py:3954} INFO - Setting next_dagrun for example_weekday_branch_operator to 2025-03-10 00:00:00+00:00, run_after=2025-03-11 00:00:00+00:00
[2025-03-11T03:09:48.001+0000] {processor.py:183} INFO - Processing /home/airflow/.local/lib/python3.12/site-packages/airflow/example_dags/example_branch_day_of_week_operator.py took 0.084 seconds
[2025-03-11T03:10:19.085+0000] {processor.py:161} INFO - Started process (PID=62020) to work on /home/airflow/.local/lib/python3.12/site-packages/airflow/example_dags/example_branch_day_of_week_operator.py
[2025-03-11T03:10:19.087+0000] {processor.py:830} INFO - Processing file /home/airflow/.local/lib/python3.12/site-packages/airflow/example_dags/example_branch_day_of_week_operator.py for tasks to queue
[2025-03-11T03:10:19.090+0000] {logging_mixin.py:188} INFO - [2025-03-11T03:10:19.090+0000] {dagbag.py:545} INFO - Filling up the DagBag from /home/airflow/.local/lib/python3.12/site-packages/airflow/example_dags/example_branch_day_of_week_operator.py
[2025-03-11T03:10:19.099+0000] {processor.py:840} INFO - DAG(s) 'example_weekday_branch_operator' retrieved from /home/airflow/.local/lib/python3.12/site-packages/airflow/example_dags/example_branch_day_of_week_operator.py
[2025-03-11T03:10:19.121+0000] {logging_mixin.py:188} INFO - [2025-03-11T03:10:19.120+0000] {dag.py:3096} INFO - Sync 1 DAGs
[2025-03-11T03:10:19.143+0000] {logging_mixin.py:188} INFO - [2025-03-11T03:10:19.143+0000] {dag.py:3954} INFO - Setting next_dagrun for example_weekday_branch_operator to 2025-03-10 00:00:00+00:00, run_after=2025-03-11 00:00:00+00:00
[2025-03-11T03:10:19.161+0000] {processor.py:183} INFO - Processing /home/airflow/.local/lib/python3.12/site-packages/airflow/example_dags/example_branch_day_of_week_operator.py took 0.098 seconds
[2025-03-11T03:10:49.371+0000] {processor.py:161} INFO - Started process (PID=62282) to work on /home/airflow/.local/lib/python3.12/site-packages/airflow/example_dags/example_branch_day_of_week_operator.py
[2025-03-11T03:10:49.374+0000] {processor.py:830} INFO - Processing file /home/airflow/.local/lib/python3.12/site-packages/airflow/example_dags/example_branch_day_of_week_operator.py for tasks to queue
[2025-03-11T03:10:49.378+0000] {logging_mixin.py:188} INFO - [2025-03-11T03:10:49.378+0000] {dagbag.py:545} INFO - Filling up the DagBag from /home/airflow/.local/lib/python3.12/site-packages/airflow/example_dags/example_branch_day_of_week_operator.py
[2025-03-11T03:10:49.392+0000] {processor.py:840} INFO - DAG(s) 'example_weekday_branch_operator' retrieved from /home/airflow/.local/lib/python3.12/site-packages/airflow/example_dags/example_branch_day_of_week_operator.py
[2025-03-11T03:10:49.425+0000] {logging_mixin.py:188} INFO - [2025-03-11T03:10:49.425+0000] {dag.py:3096} INFO - Sync 1 DAGs
[2025-03-11T03:10:49.447+0000] {logging_mixin.py:188} INFO - [2025-03-11T03:10:49.447+0000] {dag.py:3954} INFO - Setting next_dagrun for example_weekday_branch_operator to 2025-03-10 00:00:00+00:00, run_after=2025-03-11 00:00:00+00:00
[2025-03-11T03:10:49.467+0000] {processor.py:183} INFO - Processing /home/airflow/.local/lib/python3.12/site-packages/airflow/example_dags/example_branch_day_of_week_operator.py took 0.116 seconds
[2025-03-11T03:11:19.936+0000] {processor.py:161} INFO - Started process (PID=62544) to work on /home/airflow/.local/lib/python3.12/site-packages/airflow/example_dags/example_branch_day_of_week_operator.py
[2025-03-11T03:11:19.941+0000] {processor.py:830} INFO - Processing file /home/airflow/.local/lib/python3.12/site-packages/airflow/example_dags/example_branch_day_of_week_operator.py for tasks to queue
[2025-03-11T03:11:19.953+0000] {logging_mixin.py:188} INFO - [2025-03-11T03:11:19.950+0000] {dagbag.py:545} INFO - Filling up the DagBag from /home/airflow/.local/lib/python3.12/site-packages/airflow/example_dags/example_branch_day_of_week_operator.py
[2025-03-11T03:11:19.996+0000] {processor.py:840} INFO - DAG(s) 'example_weekday_branch_operator' retrieved from /home/airflow/.local/lib/python3.12/site-packages/airflow/example_dags/example_branch_day_of_week_operator.py
[2025-03-11T03:11:20.089+0000] {logging_mixin.py:188} INFO - [2025-03-11T03:11:20.089+0000] {dag.py:3096} INFO - Sync 1 DAGs
[2025-03-11T03:11:20.173+0000] {logging_mixin.py:188} INFO - [2025-03-11T03:11:20.172+0000] {dag.py:3954} INFO - Setting next_dagrun for example_weekday_branch_operator to 2025-03-10 00:00:00+00:00, run_after=2025-03-11 00:00:00+00:00
[2025-03-11T03:11:20.205+0000] {processor.py:183} INFO - Processing /home/airflow/.local/lib/python3.12/site-packages/airflow/example_dags/example_branch_day_of_week_operator.py took 0.287 seconds
[2025-03-11T03:11:50.352+0000] {processor.py:161} INFO - Started process (PID=62806) to work on /home/airflow/.local/lib/python3.12/site-packages/airflow/example_dags/example_branch_day_of_week_operator.py
[2025-03-11T03:11:50.353+0000] {processor.py:830} INFO - Processing file /home/airflow/.local/lib/python3.12/site-packages/airflow/example_dags/example_branch_day_of_week_operator.py for tasks to queue
[2025-03-11T03:11:50.356+0000] {logging_mixin.py:188} INFO - [2025-03-11T03:11:50.355+0000] {dagbag.py:545} INFO - Filling up the DagBag from /home/airflow/.local/lib/python3.12/site-packages/airflow/example_dags/example_branch_day_of_week_operator.py
[2025-03-11T03:11:50.364+0000] {processor.py:840} INFO - DAG(s) 'example_weekday_branch_operator' retrieved from /home/airflow/.local/lib/python3.12/site-packages/airflow/example_dags/example_branch_day_of_week_operator.py
[2025-03-11T03:11:50.389+0000] {logging_mixin.py:188} INFO - [2025-03-11T03:11:50.388+0000] {dag.py:3096} INFO - Sync 1 DAGs
[2025-03-11T03:11:50.415+0000] {logging_mixin.py:188} INFO - [2025-03-11T03:11:50.415+0000] {dag.py:3954} INFO - Setting next_dagrun for example_weekday_branch_operator to 2025-03-10 00:00:00+00:00, run_after=2025-03-11 00:00:00+00:00
[2025-03-11T03:11:50.438+0000] {processor.py:183} INFO - Processing /home/airflow/.local/lib/python3.12/site-packages/airflow/example_dags/example_branch_day_of_week_operator.py took 0.094 seconds
[2025-03-11T03:12:22.038+0000] {processor.py:161} INFO - Started process (PID=63068) to work on /home/airflow/.local/lib/python3.12/site-packages/airflow/example_dags/example_branch_day_of_week_operator.py
[2025-03-11T03:12:22.039+0000] {processor.py:830} INFO - Processing file /home/airflow/.local/lib/python3.12/site-packages/airflow/example_dags/example_branch_day_of_week_operator.py for tasks to queue
[2025-03-11T03:12:22.041+0000] {logging_mixin.py:188} INFO - [2025-03-11T03:12:22.041+0000] {dagbag.py:545} INFO - Filling up the DagBag from /home/airflow/.local/lib/python3.12/site-packages/airflow/example_dags/example_branch_day_of_week_operator.py
[2025-03-11T03:12:22.049+0000] {processor.py:840} INFO - DAG(s) 'example_weekday_branch_operator' retrieved from /home/airflow/.local/lib/python3.12/site-packages/airflow/example_dags/example_branch_day_of_week_operator.py
[2025-03-11T03:12:22.069+0000] {logging_mixin.py:188} INFO - [2025-03-11T03:12:22.068+0000] {dag.py:3096} INFO - Sync 1 DAGs
[2025-03-11T03:12:22.090+0000] {logging_mixin.py:188} INFO - [2025-03-11T03:12:22.090+0000] {dag.py:3954} INFO - Setting next_dagrun for example_weekday_branch_operator to 2025-03-10 00:00:00+00:00, run_after=2025-03-11 00:00:00+00:00
[2025-03-11T03:12:22.110+0000] {processor.py:183} INFO - Processing /home/airflow/.local/lib/python3.12/site-packages/airflow/example_dags/example_branch_day_of_week_operator.py took 0.078 seconds
[2025-03-11T03:12:53.913+0000] {processor.py:161} INFO - Started process (PID=63329) to work on /home/airflow/.local/lib/python3.12/site-packages/airflow/example_dags/example_branch_day_of_week_operator.py
[2025-03-11T03:12:53.914+0000] {processor.py:830} INFO - Processing file /home/airflow/.local/lib/python3.12/site-packages/airflow/example_dags/example_branch_day_of_week_operator.py for tasks to queue
[2025-03-11T03:12:53.916+0000] {logging_mixin.py:188} INFO - [2025-03-11T03:12:53.916+0000] {dagbag.py:545} INFO - Filling up the DagBag from /home/airflow/.local/lib/python3.12/site-packages/airflow/example_dags/example_branch_day_of_week_operator.py
[2025-03-11T03:12:53.924+0000] {processor.py:840} INFO - DAG(s) 'example_weekday_branch_operator' retrieved from /home/airflow/.local/lib/python3.12/site-packages/airflow/example_dags/example_branch_day_of_week_operator.py
[2025-03-11T03:12:53.949+0000] {logging_mixin.py:188} INFO - [2025-03-11T03:12:53.949+0000] {dag.py:3096} INFO - Sync 1 DAGs
[2025-03-11T03:12:53.976+0000] {logging_mixin.py:188} INFO - [2025-03-11T03:12:53.975+0000] {dag.py:3954} INFO - Setting next_dagrun for example_weekday_branch_operator to 2025-03-10 00:00:00+00:00, run_after=2025-03-11 00:00:00+00:00
[2025-03-11T03:12:53.998+0000] {processor.py:183} INFO - Processing /home/airflow/.local/lib/python3.12/site-packages/airflow/example_dags/example_branch_day_of_week_operator.py took 0.091 seconds
[2025-03-11T03:13:25.705+0000] {processor.py:161} INFO - Started process (PID=63589) to work on /home/airflow/.local/lib/python3.12/site-packages/airflow/example_dags/example_branch_day_of_week_operator.py
[2025-03-11T03:13:25.706+0000] {processor.py:830} INFO - Processing file /home/airflow/.local/lib/python3.12/site-packages/airflow/example_dags/example_branch_day_of_week_operator.py for tasks to queue
[2025-03-11T03:13:25.708+0000] {logging_mixin.py:188} INFO - [2025-03-11T03:13:25.708+0000] {dagbag.py:545} INFO - Filling up the DagBag from /home/airflow/.local/lib/python3.12/site-packages/airflow/example_dags/example_branch_day_of_week_operator.py
[2025-03-11T03:13:25.717+0000] {processor.py:840} INFO - DAG(s) 'example_weekday_branch_operator' retrieved from /home/airflow/.local/lib/python3.12/site-packages/airflow/example_dags/example_branch_day_of_week_operator.py
[2025-03-11T03:13:25.737+0000] {logging_mixin.py:188} INFO - [2025-03-11T03:13:25.737+0000] {dag.py:3096} INFO - Sync 1 DAGs
[2025-03-11T03:13:25.771+0000] {logging_mixin.py:188} INFO - [2025-03-11T03:13:25.770+0000] {dag.py:3954} INFO - Setting next_dagrun for example_weekday_branch_operator to 2025-03-10 00:00:00+00:00, run_after=2025-03-11 00:00:00+00:00
[2025-03-11T03:13:25.801+0000] {processor.py:183} INFO - Processing /home/airflow/.local/lib/python3.12/site-packages/airflow/example_dags/example_branch_day_of_week_operator.py took 0.103 seconds
[2025-03-11T03:13:57.812+0000] {processor.py:161} INFO - Started process (PID=63853) to work on /home/airflow/.local/lib/python3.12/site-packages/airflow/example_dags/example_branch_day_of_week_operator.py
[2025-03-11T03:13:57.813+0000] {processor.py:830} INFO - Processing file /home/airflow/.local/lib/python3.12/site-packages/airflow/example_dags/example_branch_day_of_week_operator.py for tasks to queue
[2025-03-11T03:13:57.815+0000] {logging_mixin.py:188} INFO - [2025-03-11T03:13:57.815+0000] {dagbag.py:545} INFO - Filling up the DagBag from /home/airflow/.local/lib/python3.12/site-packages/airflow/example_dags/example_branch_day_of_week_operator.py
[2025-03-11T03:13:57.822+0000] {processor.py:840} INFO - DAG(s) 'example_weekday_branch_operator' retrieved from /home/airflow/.local/lib/python3.12/site-packages/airflow/example_dags/example_branch_day_of_week_operator.py
[2025-03-11T03:13:57.843+0000] {logging_mixin.py:188} INFO - [2025-03-11T03:13:57.842+0000] {dag.py:3096} INFO - Sync 1 DAGs
[2025-03-11T03:13:57.871+0000] {logging_mixin.py:188} INFO - [2025-03-11T03:13:57.870+0000] {dag.py:3954} INFO - Setting next_dagrun for example_weekday_branch_operator to 2025-03-10 00:00:00+00:00, run_after=2025-03-11 00:00:00+00:00
[2025-03-11T03:13:57.898+0000] {processor.py:183} INFO - Processing /home/airflow/.local/lib/python3.12/site-packages/airflow/example_dags/example_branch_day_of_week_operator.py took 0.091 seconds
[2025-03-11T03:14:30.337+0000] {processor.py:161} INFO - Started process (PID=64113) to work on /home/airflow/.local/lib/python3.12/site-packages/airflow/example_dags/example_branch_day_of_week_operator.py
[2025-03-11T03:14:30.338+0000] {processor.py:830} INFO - Processing file /home/airflow/.local/lib/python3.12/site-packages/airflow/example_dags/example_branch_day_of_week_operator.py for tasks to queue
[2025-03-11T03:14:30.340+0000] {logging_mixin.py:188} INFO - [2025-03-11T03:14:30.339+0000] {dagbag.py:545} INFO - Filling up the DagBag from /home/airflow/.local/lib/python3.12/site-packages/airflow/example_dags/example_branch_day_of_week_operator.py
[2025-03-11T03:14:30.349+0000] {processor.py:840} INFO - DAG(s) 'example_weekday_branch_operator' retrieved from /home/airflow/.local/lib/python3.12/site-packages/airflow/example_dags/example_branch_day_of_week_operator.py
[2025-03-11T03:14:30.368+0000] {logging_mixin.py:188} INFO - [2025-03-11T03:14:30.368+0000] {dag.py:3096} INFO - Sync 1 DAGs
[2025-03-11T03:14:30.394+0000] {logging_mixin.py:188} INFO - [2025-03-11T03:14:30.394+0000] {dag.py:3954} INFO - Setting next_dagrun for example_weekday_branch_operator to 2025-03-10 00:00:00+00:00, run_after=2025-03-11 00:00:00+00:00
[2025-03-11T03:14:30.413+0000] {processor.py:183} INFO - Processing /home/airflow/.local/lib/python3.12/site-packages/airflow/example_dags/example_branch_day_of_week_operator.py took 0.083 seconds
[2025-03-11T03:15:03.323+0000] {processor.py:161} INFO - Started process (PID=64385) to work on /home/airflow/.local/lib/python3.12/site-packages/airflow/example_dags/example_branch_day_of_week_operator.py
[2025-03-11T03:15:03.325+0000] {processor.py:830} INFO - Processing file /home/airflow/.local/lib/python3.12/site-packages/airflow/example_dags/example_branch_day_of_week_operator.py for tasks to queue
[2025-03-11T03:15:03.328+0000] {logging_mixin.py:188} INFO - [2025-03-11T03:15:03.327+0000] {dagbag.py:545} INFO - Filling up the DagBag from /home/airflow/.local/lib/python3.12/site-packages/airflow/example_dags/example_branch_day_of_week_operator.py
[2025-03-11T03:15:03.337+0000] {processor.py:840} INFO - DAG(s) 'example_weekday_branch_operator' retrieved from /home/airflow/.local/lib/python3.12/site-packages/airflow/example_dags/example_branch_day_of_week_operator.py
[2025-03-11T03:15:03.365+0000] {logging_mixin.py:188} INFO - [2025-03-11T03:15:03.365+0000] {dag.py:3096} INFO - Sync 1 DAGs
[2025-03-11T03:15:03.397+0000] {logging_mixin.py:188} INFO - [2025-03-11T03:15:03.397+0000] {dag.py:3954} INFO - Setting next_dagrun for example_weekday_branch_operator to 2025-03-10 00:00:00+00:00, run_after=2025-03-11 00:00:00+00:00
[2025-03-11T03:15:03.434+0000] {processor.py:183} INFO - Processing /home/airflow/.local/lib/python3.12/site-packages/airflow/example_dags/example_branch_day_of_week_operator.py took 0.119 seconds
[2025-03-11T03:15:35.328+0000] {processor.py:161} INFO - Started process (PID=64647) to work on /home/airflow/.local/lib/python3.12/site-packages/airflow/example_dags/example_branch_day_of_week_operator.py
[2025-03-11T03:15:35.329+0000] {processor.py:830} INFO - Processing file /home/airflow/.local/lib/python3.12/site-packages/airflow/example_dags/example_branch_day_of_week_operator.py for tasks to queue
[2025-03-11T03:15:35.331+0000] {logging_mixin.py:188} INFO - [2025-03-11T03:15:35.331+0000] {dagbag.py:545} INFO - Filling up the DagBag from /home/airflow/.local/lib/python3.12/site-packages/airflow/example_dags/example_branch_day_of_week_operator.py
[2025-03-11T03:15:35.343+0000] {processor.py:840} INFO - DAG(s) 'example_weekday_branch_operator' retrieved from /home/airflow/.local/lib/python3.12/site-packages/airflow/example_dags/example_branch_day_of_week_operator.py
[2025-03-11T03:15:35.367+0000] {logging_mixin.py:188} INFO - [2025-03-11T03:15:35.366+0000] {dag.py:3096} INFO - Sync 1 DAGs
[2025-03-11T03:15:35.389+0000] {logging_mixin.py:188} INFO - [2025-03-11T03:15:35.389+0000] {dag.py:3954} INFO - Setting next_dagrun for example_weekday_branch_operator to 2025-03-10 00:00:00+00:00, run_after=2025-03-11 00:00:00+00:00
[2025-03-11T03:15:35.410+0000] {processor.py:183} INFO - Processing /home/airflow/.local/lib/python3.12/site-packages/airflow/example_dags/example_branch_day_of_week_operator.py took 0.089 seconds
[2025-03-11T03:16:07.030+0000] {processor.py:161} INFO - Started process (PID=64909) to work on /home/airflow/.local/lib/python3.12/site-packages/airflow/example_dags/example_branch_day_of_week_operator.py
[2025-03-11T03:16:07.032+0000] {processor.py:830} INFO - Processing file /home/airflow/.local/lib/python3.12/site-packages/airflow/example_dags/example_branch_day_of_week_operator.py for tasks to queue
[2025-03-11T03:16:07.035+0000] {logging_mixin.py:188} INFO - [2025-03-11T03:16:07.034+0000] {dagbag.py:545} INFO - Filling up the DagBag from /home/airflow/.local/lib/python3.12/site-packages/airflow/example_dags/example_branch_day_of_week_operator.py
[2025-03-11T03:16:07.046+0000] {processor.py:840} INFO - DAG(s) 'example_weekday_branch_operator' retrieved from /home/airflow/.local/lib/python3.12/site-packages/airflow/example_dags/example_branch_day_of_week_operator.py
[2025-03-11T03:16:07.108+0000] {logging_mixin.py:188} INFO - [2025-03-11T03:16:07.108+0000] {dag.py:3096} INFO - Sync 1 DAGs
[2025-03-11T03:16:07.147+0000] {logging_mixin.py:188} INFO - [2025-03-11T03:16:07.147+0000] {dag.py:3954} INFO - Setting next_dagrun for example_weekday_branch_operator to 2025-03-10 00:00:00+00:00, run_after=2025-03-11 00:00:00+00:00
[2025-03-11T03:16:07.172+0000] {processor.py:183} INFO - Processing /home/airflow/.local/lib/python3.12/site-packages/airflow/example_dags/example_branch_day_of_week_operator.py took 0.156 seconds
[2025-03-11T03:16:40.525+0000] {processor.py:161} INFO - Started process (PID=65173) to work on /home/airflow/.local/lib/python3.12/site-packages/airflow/example_dags/example_branch_day_of_week_operator.py
[2025-03-11T03:16:40.527+0000] {processor.py:830} INFO - Processing file /home/airflow/.local/lib/python3.12/site-packages/airflow/example_dags/example_branch_day_of_week_operator.py for tasks to queue
[2025-03-11T03:16:40.531+0000] {logging_mixin.py:188} INFO - [2025-03-11T03:16:40.530+0000] {dagbag.py:545} INFO - Filling up the DagBag from /home/airflow/.local/lib/python3.12/site-packages/airflow/example_dags/example_branch_day_of_week_operator.py
[2025-03-11T03:16:40.542+0000] {processor.py:840} INFO - DAG(s) 'example_weekday_branch_operator' retrieved from /home/airflow/.local/lib/python3.12/site-packages/airflow/example_dags/example_branch_day_of_week_operator.py
[2025-03-11T03:16:40.563+0000] {logging_mixin.py:188} INFO - [2025-03-11T03:16:40.563+0000] {dag.py:3096} INFO - Sync 1 DAGs
[2025-03-11T03:16:40.700+0000] {logging_mixin.py:188} INFO - [2025-03-11T03:16:40.700+0000] {dag.py:3954} INFO - Setting next_dagrun for example_weekday_branch_operator to 2025-03-10 00:00:00+00:00, run_after=2025-03-11 00:00:00+00:00
[2025-03-11T03:16:40.725+0000] {processor.py:183} INFO - Processing /home/airflow/.local/lib/python3.12/site-packages/airflow/example_dags/example_branch_day_of_week_operator.py took 0.210 seconds
[2025-03-11T03:17:11.715+0000] {processor.py:161} INFO - Started process (PID=65433) to work on /home/airflow/.local/lib/python3.12/site-packages/airflow/example_dags/example_branch_day_of_week_operator.py
[2025-03-11T03:17:11.716+0000] {processor.py:830} INFO - Processing file /home/airflow/.local/lib/python3.12/site-packages/airflow/example_dags/example_branch_day_of_week_operator.py for tasks to queue
[2025-03-11T03:17:11.719+0000] {logging_mixin.py:188} INFO - [2025-03-11T03:17:11.718+0000] {dagbag.py:545} INFO - Filling up the DagBag from /home/airflow/.local/lib/python3.12/site-packages/airflow/example_dags/example_branch_day_of_week_operator.py
[2025-03-11T03:17:11.727+0000] {processor.py:840} INFO - DAG(s) 'example_weekday_branch_operator' retrieved from /home/airflow/.local/lib/python3.12/site-packages/airflow/example_dags/example_branch_day_of_week_operator.py
[2025-03-11T03:17:11.749+0000] {logging_mixin.py:188} INFO - [2025-03-11T03:17:11.748+0000] {dag.py:3096} INFO - Sync 1 DAGs
[2025-03-11T03:17:11.775+0000] {logging_mixin.py:188} INFO - [2025-03-11T03:17:11.775+0000] {dag.py:3954} INFO - Setting next_dagrun for example_weekday_branch_operator to 2025-03-10 00:00:00+00:00, run_after=2025-03-11 00:00:00+00:00
[2025-03-11T03:17:11.795+0000] {processor.py:183} INFO - Processing /home/airflow/.local/lib/python3.12/site-packages/airflow/example_dags/example_branch_day_of_week_operator.py took 0.087 seconds
[2025-03-11T03:17:43.906+0000] {processor.py:161} INFO - Started process (PID=65695) to work on /home/airflow/.local/lib/python3.12/site-packages/airflow/example_dags/example_branch_day_of_week_operator.py
[2025-03-11T03:17:43.907+0000] {processor.py:830} INFO - Processing file /home/airflow/.local/lib/python3.12/site-packages/airflow/example_dags/example_branch_day_of_week_operator.py for tasks to queue
[2025-03-11T03:17:43.910+0000] {logging_mixin.py:188} INFO - [2025-03-11T03:17:43.909+0000] {dagbag.py:545} INFO - Filling up the DagBag from /home/airflow/.local/lib/python3.12/site-packages/airflow/example_dags/example_branch_day_of_week_operator.py
[2025-03-11T03:17:43.920+0000] {processor.py:840} INFO - DAG(s) 'example_weekday_branch_operator' retrieved from /home/airflow/.local/lib/python3.12/site-packages/airflow/example_dags/example_branch_day_of_week_operator.py
[2025-03-11T03:17:43.946+0000] {logging_mixin.py:188} INFO - [2025-03-11T03:17:43.945+0000] {dag.py:3096} INFO - Sync 1 DAGs
[2025-03-11T03:17:43.973+0000] {logging_mixin.py:188} INFO - [2025-03-11T03:17:43.973+0000] {dag.py:3954} INFO - Setting next_dagrun for example_weekday_branch_operator to 2025-03-10 00:00:00+00:00, run_after=2025-03-11 00:00:00+00:00
[2025-03-11T03:17:43.994+0000] {processor.py:183} INFO - Processing /home/airflow/.local/lib/python3.12/site-packages/airflow/example_dags/example_branch_day_of_week_operator.py took 0.096 seconds
[2025-03-11T03:18:16.785+0000] {processor.py:161} INFO - Started process (PID=65957) to work on /home/airflow/.local/lib/python3.12/site-packages/airflow/example_dags/example_branch_day_of_week_operator.py
[2025-03-11T03:18:16.786+0000] {processor.py:830} INFO - Processing file /home/airflow/.local/lib/python3.12/site-packages/airflow/example_dags/example_branch_day_of_week_operator.py for tasks to queue
[2025-03-11T03:18:16.788+0000] {logging_mixin.py:188} INFO - [2025-03-11T03:18:16.788+0000] {dagbag.py:545} INFO - Filling up the DagBag from /home/airflow/.local/lib/python3.12/site-packages/airflow/example_dags/example_branch_day_of_week_operator.py
[2025-03-11T03:18:16.795+0000] {processor.py:840} INFO - DAG(s) 'example_weekday_branch_operator' retrieved from /home/airflow/.local/lib/python3.12/site-packages/airflow/example_dags/example_branch_day_of_week_operator.py
[2025-03-11T03:18:16.817+0000] {logging_mixin.py:188} INFO - [2025-03-11T03:18:16.816+0000] {dag.py:3096} INFO - Sync 1 DAGs
[2025-03-11T03:18:16.965+0000] {logging_mixin.py:188} INFO - [2025-03-11T03:18:16.965+0000] {dag.py:3954} INFO - Setting next_dagrun for example_weekday_branch_operator to 2025-03-10 00:00:00+00:00, run_after=2025-03-11 00:00:00+00:00
[2025-03-11T03:18:16.984+0000] {processor.py:183} INFO - Processing /home/airflow/.local/lib/python3.12/site-packages/airflow/example_dags/example_branch_day_of_week_operator.py took 0.205 seconds
[2025-03-11T03:18:48.434+0000] {processor.py:161} INFO - Started process (PID=66219) to work on /home/airflow/.local/lib/python3.12/site-packages/airflow/example_dags/example_branch_day_of_week_operator.py
[2025-03-11T03:18:48.436+0000] {processor.py:830} INFO - Processing file /home/airflow/.local/lib/python3.12/site-packages/airflow/example_dags/example_branch_day_of_week_operator.py for tasks to queue
[2025-03-11T03:18:48.439+0000] {logging_mixin.py:188} INFO - [2025-03-11T03:18:48.438+0000] {dagbag.py:545} INFO - Filling up the DagBag from /home/airflow/.local/lib/python3.12/site-packages/airflow/example_dags/example_branch_day_of_week_operator.py
[2025-03-11T03:18:48.448+0000] {processor.py:840} INFO - DAG(s) 'example_weekday_branch_operator' retrieved from /home/airflow/.local/lib/python3.12/site-packages/airflow/example_dags/example_branch_day_of_week_operator.py
[2025-03-11T03:18:48.471+0000] {logging_mixin.py:188} INFO - [2025-03-11T03:18:48.471+0000] {dag.py:3096} INFO - Sync 1 DAGs
[2025-03-11T03:18:48.494+0000] {logging_mixin.py:188} INFO - [2025-03-11T03:18:48.493+0000] {dag.py:3954} INFO - Setting next_dagrun for example_weekday_branch_operator to 2025-03-10 00:00:00+00:00, run_after=2025-03-11 00:00:00+00:00
[2025-03-11T03:18:48.515+0000] {processor.py:183} INFO - Processing /home/airflow/.local/lib/python3.12/site-packages/airflow/example_dags/example_branch_day_of_week_operator.py took 0.087 seconds
[2025-03-11T03:19:20.656+0000] {processor.py:161} INFO - Started process (PID=66482) to work on /home/airflow/.local/lib/python3.12/site-packages/airflow/example_dags/example_branch_day_of_week_operator.py
[2025-03-11T03:19:20.657+0000] {processor.py:830} INFO - Processing file /home/airflow/.local/lib/python3.12/site-packages/airflow/example_dags/example_branch_day_of_week_operator.py for tasks to queue
[2025-03-11T03:19:20.660+0000] {logging_mixin.py:188} INFO - [2025-03-11T03:19:20.659+0000] {dagbag.py:545} INFO - Filling up the DagBag from /home/airflow/.local/lib/python3.12/site-packages/airflow/example_dags/example_branch_day_of_week_operator.py
[2025-03-11T03:19:20.669+0000] {processor.py:840} INFO - DAG(s) 'example_weekday_branch_operator' retrieved from /home/airflow/.local/lib/python3.12/site-packages/airflow/example_dags/example_branch_day_of_week_operator.py
[2025-03-11T03:19:20.691+0000] {logging_mixin.py:188} INFO - [2025-03-11T03:19:20.691+0000] {dag.py:3096} INFO - Sync 1 DAGs
[2025-03-11T03:19:20.717+0000] {logging_mixin.py:188} INFO - [2025-03-11T03:19:20.717+0000] {dag.py:3954} INFO - Setting next_dagrun for example_weekday_branch_operator to 2025-03-10 00:00:00+00:00, run_after=2025-03-11 00:00:00+00:00
[2025-03-11T03:19:20.737+0000] {processor.py:183} INFO - Processing /home/airflow/.local/lib/python3.12/site-packages/airflow/example_dags/example_branch_day_of_week_operator.py took 0.087 seconds
[2025-03-11T03:19:51.777+0000] {processor.py:161} INFO - Started process (PID=66743) to work on /home/airflow/.local/lib/python3.12/site-packages/airflow/example_dags/example_branch_day_of_week_operator.py
[2025-03-11T03:19:51.778+0000] {processor.py:830} INFO - Processing file /home/airflow/.local/lib/python3.12/site-packages/airflow/example_dags/example_branch_day_of_week_operator.py for tasks to queue
[2025-03-11T03:19:51.781+0000] {logging_mixin.py:188} INFO - [2025-03-11T03:19:51.780+0000] {dagbag.py:545} INFO - Filling up the DagBag from /home/airflow/.local/lib/python3.12/site-packages/airflow/example_dags/example_branch_day_of_week_operator.py
[2025-03-11T03:19:51.789+0000] {processor.py:840} INFO - DAG(s) 'example_weekday_branch_operator' retrieved from /home/airflow/.local/lib/python3.12/site-packages/airflow/example_dags/example_branch_day_of_week_operator.py
[2025-03-11T03:19:51.812+0000] {logging_mixin.py:188} INFO - [2025-03-11T03:19:51.811+0000] {dag.py:3096} INFO - Sync 1 DAGs
[2025-03-11T03:19:51.836+0000] {logging_mixin.py:188} INFO - [2025-03-11T03:19:51.836+0000] {dag.py:3954} INFO - Setting next_dagrun for example_weekday_branch_operator to 2025-03-10 00:00:00+00:00, run_after=2025-03-11 00:00:00+00:00
[2025-03-11T03:19:51.858+0000] {processor.py:183} INFO - Processing /home/airflow/.local/lib/python3.12/site-packages/airflow/example_dags/example_branch_day_of_week_operator.py took 0.087 seconds
[2025-03-11T03:20:24.350+0000] {processor.py:161} INFO - Started process (PID=67006) to work on /home/airflow/.local/lib/python3.12/site-packages/airflow/example_dags/example_branch_day_of_week_operator.py
[2025-03-11T03:20:24.352+0000] {processor.py:830} INFO - Processing file /home/airflow/.local/lib/python3.12/site-packages/airflow/example_dags/example_branch_day_of_week_operator.py for tasks to queue
[2025-03-11T03:20:24.355+0000] {logging_mixin.py:188} INFO - [2025-03-11T03:20:24.355+0000] {dagbag.py:545} INFO - Filling up the DagBag from /home/airflow/.local/lib/python3.12/site-packages/airflow/example_dags/example_branch_day_of_week_operator.py
[2025-03-11T03:20:24.380+0000] {processor.py:840} INFO - DAG(s) 'example_weekday_branch_operator' retrieved from /home/airflow/.local/lib/python3.12/site-packages/airflow/example_dags/example_branch_day_of_week_operator.py
[2025-03-11T03:20:24.434+0000] {logging_mixin.py:188} INFO - [2025-03-11T03:20:24.433+0000] {dag.py:3096} INFO - Sync 1 DAGs
[2025-03-11T03:20:24.456+0000] {logging_mixin.py:188} INFO - [2025-03-11T03:20:24.456+0000] {dag.py:3954} INFO - Setting next_dagrun for example_weekday_branch_operator to 2025-03-10 00:00:00+00:00, run_after=2025-03-11 00:00:00+00:00
[2025-03-11T03:20:24.479+0000] {processor.py:183} INFO - Processing /home/airflow/.local/lib/python3.12/site-packages/airflow/example_dags/example_branch_day_of_week_operator.py took 0.143 seconds
[2025-03-11T03:20:56.153+0000] {processor.py:161} INFO - Started process (PID=67266) to work on /home/airflow/.local/lib/python3.12/site-packages/airflow/example_dags/example_branch_day_of_week_operator.py
[2025-03-11T03:20:56.154+0000] {processor.py:830} INFO - Processing file /home/airflow/.local/lib/python3.12/site-packages/airflow/example_dags/example_branch_day_of_week_operator.py for tasks to queue
[2025-03-11T03:20:56.156+0000] {logging_mixin.py:188} INFO - [2025-03-11T03:20:56.156+0000] {dagbag.py:545} INFO - Filling up the DagBag from /home/airflow/.local/lib/python3.12/site-packages/airflow/example_dags/example_branch_day_of_week_operator.py
[2025-03-11T03:20:56.164+0000] {processor.py:840} INFO - DAG(s) 'example_weekday_branch_operator' retrieved from /home/airflow/.local/lib/python3.12/site-packages/airflow/example_dags/example_branch_day_of_week_operator.py
[2025-03-11T03:20:56.184+0000] {logging_mixin.py:188} INFO - [2025-03-11T03:20:56.184+0000] {dag.py:3096} INFO - Sync 1 DAGs
[2025-03-11T03:20:56.206+0000] {logging_mixin.py:188} INFO - [2025-03-11T03:20:56.206+0000] {dag.py:3954} INFO - Setting next_dagrun for example_weekday_branch_operator to 2025-03-10 00:00:00+00:00, run_after=2025-03-11 00:00:00+00:00
[2025-03-11T03:20:56.225+0000] {processor.py:183} INFO - Processing /home/airflow/.local/lib/python3.12/site-packages/airflow/example_dags/example_branch_day_of_week_operator.py took 0.078 seconds
[2025-03-11T03:21:28.587+0000] {processor.py:161} INFO - Started process (PID=67533) to work on /home/airflow/.local/lib/python3.12/site-packages/airflow/example_dags/example_branch_day_of_week_operator.py
[2025-03-11T03:21:28.592+0000] {processor.py:830} INFO - Processing file /home/airflow/.local/lib/python3.12/site-packages/airflow/example_dags/example_branch_day_of_week_operator.py for tasks to queue
[2025-03-11T03:21:28.599+0000] {logging_mixin.py:188} INFO - [2025-03-11T03:21:28.597+0000] {dagbag.py:545} INFO - Filling up the DagBag from /home/airflow/.local/lib/python3.12/site-packages/airflow/example_dags/example_branch_day_of_week_operator.py
[2025-03-11T03:21:28.613+0000] {processor.py:840} INFO - DAG(s) 'example_weekday_branch_operator' retrieved from /home/airflow/.local/lib/python3.12/site-packages/airflow/example_dags/example_branch_day_of_week_operator.py
[2025-03-11T03:21:28.644+0000] {logging_mixin.py:188} INFO - [2025-03-11T03:21:28.644+0000] {dag.py:3096} INFO - Sync 1 DAGs
[2025-03-11T03:21:28.681+0000] {logging_mixin.py:188} INFO - [2025-03-11T03:21:28.680+0000] {dag.py:3954} INFO - Setting next_dagrun for example_weekday_branch_operator to 2025-03-10 00:00:00+00:00, run_after=2025-03-11 00:00:00+00:00
[2025-03-11T03:21:28.720+0000] {processor.py:183} INFO - Processing /home/airflow/.local/lib/python3.12/site-packages/airflow/example_dags/example_branch_day_of_week_operator.py took 0.153 seconds
[2025-03-11T03:22:01.306+0000] {processor.py:161} INFO - Started process (PID=67795) to work on /home/airflow/.local/lib/python3.12/site-packages/airflow/example_dags/example_branch_day_of_week_operator.py
[2025-03-11T03:22:01.309+0000] {processor.py:830} INFO - Processing file /home/airflow/.local/lib/python3.12/site-packages/airflow/example_dags/example_branch_day_of_week_operator.py for tasks to queue
[2025-03-11T03:22:01.314+0000] {logging_mixin.py:188} INFO - [2025-03-11T03:22:01.313+0000] {dagbag.py:545} INFO - Filling up the DagBag from /home/airflow/.local/lib/python3.12/site-packages/airflow/example_dags/example_branch_day_of_week_operator.py
[2025-03-11T03:22:01.324+0000] {processor.py:840} INFO - DAG(s) 'example_weekday_branch_operator' retrieved from /home/airflow/.local/lib/python3.12/site-packages/airflow/example_dags/example_branch_day_of_week_operator.py
[2025-03-11T03:22:01.347+0000] {logging_mixin.py:188} INFO - [2025-03-11T03:22:01.346+0000] {dag.py:3096} INFO - Sync 1 DAGs
[2025-03-11T03:22:01.373+0000] {logging_mixin.py:188} INFO - [2025-03-11T03:22:01.373+0000] {dag.py:3954} INFO - Setting next_dagrun for example_weekday_branch_operator to 2025-03-10 00:00:00+00:00, run_after=2025-03-11 00:00:00+00:00
[2025-03-11T03:22:01.394+0000] {processor.py:183} INFO - Processing /home/airflow/.local/lib/python3.12/site-packages/airflow/example_dags/example_branch_day_of_week_operator.py took 0.095 seconds
[2025-03-11T03:22:33.604+0000] {processor.py:161} INFO - Started process (PID=68057) to work on /home/airflow/.local/lib/python3.12/site-packages/airflow/example_dags/example_branch_day_of_week_operator.py
[2025-03-11T03:22:33.606+0000] {processor.py:830} INFO - Processing file /home/airflow/.local/lib/python3.12/site-packages/airflow/example_dags/example_branch_day_of_week_operator.py for tasks to queue
[2025-03-11T03:22:33.608+0000] {logging_mixin.py:188} INFO - [2025-03-11T03:22:33.608+0000] {dagbag.py:545} INFO - Filling up the DagBag from /home/airflow/.local/lib/python3.12/site-packages/airflow/example_dags/example_branch_day_of_week_operator.py
[2025-03-11T03:22:33.618+0000] {processor.py:840} INFO - DAG(s) 'example_weekday_branch_operator' retrieved from /home/airflow/.local/lib/python3.12/site-packages/airflow/example_dags/example_branch_day_of_week_operator.py
[2025-03-11T03:22:33.640+0000] {logging_mixin.py:188} INFO - [2025-03-11T03:22:33.640+0000] {dag.py:3096} INFO - Sync 1 DAGs
[2025-03-11T03:22:33.664+0000] {logging_mixin.py:188} INFO - [2025-03-11T03:22:33.664+0000] {dag.py:3954} INFO - Setting next_dagrun for example_weekday_branch_operator to 2025-03-10 00:00:00+00:00, run_after=2025-03-11 00:00:00+00:00
[2025-03-11T03:22:33.687+0000] {processor.py:183} INFO - Processing /home/airflow/.local/lib/python3.12/site-packages/airflow/example_dags/example_branch_day_of_week_operator.py took 0.089 seconds
[2025-03-11T03:23:05.472+0000] {processor.py:161} INFO - Started process (PID=68319) to work on /home/airflow/.local/lib/python3.12/site-packages/airflow/example_dags/example_branch_day_of_week_operator.py
[2025-03-11T03:23:05.474+0000] {processor.py:830} INFO - Processing file /home/airflow/.local/lib/python3.12/site-packages/airflow/example_dags/example_branch_day_of_week_operator.py for tasks to queue
[2025-03-11T03:23:05.476+0000] {logging_mixin.py:188} INFO - [2025-03-11T03:23:05.475+0000] {dagbag.py:545} INFO - Filling up the DagBag from /home/airflow/.local/lib/python3.12/site-packages/airflow/example_dags/example_branch_day_of_week_operator.py
[2025-03-11T03:23:05.486+0000] {processor.py:840} INFO - DAG(s) 'example_weekday_branch_operator' retrieved from /home/airflow/.local/lib/python3.12/site-packages/airflow/example_dags/example_branch_day_of_week_operator.py
[2025-03-11T03:23:05.526+0000] {logging_mixin.py:188} INFO - [2025-03-11T03:23:05.526+0000] {dag.py:3096} INFO - Sync 1 DAGs
[2025-03-11T03:23:05.552+0000] {logging_mixin.py:188} INFO - [2025-03-11T03:23:05.552+0000] {dag.py:3954} INFO - Setting next_dagrun for example_weekday_branch_operator to 2025-03-10 00:00:00+00:00, run_after=2025-03-11 00:00:00+00:00
[2025-03-11T03:23:05.572+0000] {processor.py:183} INFO - Processing /home/airflow/.local/lib/python3.12/site-packages/airflow/example_dags/example_branch_day_of_week_operator.py took 0.108 seconds
[2025-03-11T03:23:37.548+0000] {processor.py:161} INFO - Started process (PID=68591) to work on /home/airflow/.local/lib/python3.12/site-packages/airflow/example_dags/example_branch_day_of_week_operator.py
[2025-03-11T03:23:37.549+0000] {processor.py:830} INFO - Processing file /home/airflow/.local/lib/python3.12/site-packages/airflow/example_dags/example_branch_day_of_week_operator.py for tasks to queue
[2025-03-11T03:23:37.552+0000] {logging_mixin.py:188} INFO - [2025-03-11T03:23:37.551+0000] {dagbag.py:545} INFO - Filling up the DagBag from /home/airflow/.local/lib/python3.12/site-packages/airflow/example_dags/example_branch_day_of_week_operator.py
[2025-03-11T03:23:37.559+0000] {processor.py:840} INFO - DAG(s) 'example_weekday_branch_operator' retrieved from /home/airflow/.local/lib/python3.12/site-packages/airflow/example_dags/example_branch_day_of_week_operator.py
[2025-03-11T03:23:37.578+0000] {logging_mixin.py:188} INFO - [2025-03-11T03:23:37.578+0000] {dag.py:3096} INFO - Sync 1 DAGs
[2025-03-11T03:23:37.601+0000] {logging_mixin.py:188} INFO - [2025-03-11T03:23:37.601+0000] {dag.py:3954} INFO - Setting next_dagrun for example_weekday_branch_operator to 2025-03-10 00:00:00+00:00, run_after=2025-03-11 00:00:00+00:00
[2025-03-11T03:23:37.621+0000] {processor.py:183} INFO - Processing /home/airflow/.local/lib/python3.12/site-packages/airflow/example_dags/example_branch_day_of_week_operator.py took 0.078 seconds
[2025-03-11T03:24:09.803+0000] {processor.py:161} INFO - Started process (PID=68853) to work on /home/airflow/.local/lib/python3.12/site-packages/airflow/example_dags/example_branch_day_of_week_operator.py
[2025-03-11T03:24:09.805+0000] {processor.py:830} INFO - Processing file /home/airflow/.local/lib/python3.12/site-packages/airflow/example_dags/example_branch_day_of_week_operator.py for tasks to queue
[2025-03-11T03:24:09.807+0000] {logging_mixin.py:188} INFO - [2025-03-11T03:24:09.807+0000] {dagbag.py:545} INFO - Filling up the DagBag from /home/airflow/.local/lib/python3.12/site-packages/airflow/example_dags/example_branch_day_of_week_operator.py
[2025-03-11T03:24:09.815+0000] {processor.py:840} INFO - DAG(s) 'example_weekday_branch_operator' retrieved from /home/airflow/.local/lib/python3.12/site-packages/airflow/example_dags/example_branch_day_of_week_operator.py
[2025-03-11T03:24:09.835+0000] {logging_mixin.py:188} INFO - [2025-03-11T03:24:09.835+0000] {dag.py:3096} INFO - Sync 1 DAGs
[2025-03-11T03:24:09.858+0000] {logging_mixin.py:188} INFO - [2025-03-11T03:24:09.858+0000] {dag.py:3954} INFO - Setting next_dagrun for example_weekday_branch_operator to 2025-03-10 00:00:00+00:00, run_after=2025-03-11 00:00:00+00:00
[2025-03-11T03:24:09.878+0000] {processor.py:183} INFO - Processing /home/airflow/.local/lib/python3.12/site-packages/airflow/example_dags/example_branch_day_of_week_operator.py took 0.082 seconds
[2025-03-11T03:24:41.490+0000] {processor.py:161} INFO - Started process (PID=69115) to work on /home/airflow/.local/lib/python3.12/site-packages/airflow/example_dags/example_branch_day_of_week_operator.py
[2025-03-11T03:24:41.492+0000] {processor.py:830} INFO - Processing file /home/airflow/.local/lib/python3.12/site-packages/airflow/example_dags/example_branch_day_of_week_operator.py for tasks to queue
[2025-03-11T03:24:41.495+0000] {logging_mixin.py:188} INFO - [2025-03-11T03:24:41.494+0000] {dagbag.py:545} INFO - Filling up the DagBag from /home/airflow/.local/lib/python3.12/site-packages/airflow/example_dags/example_branch_day_of_week_operator.py
[2025-03-11T03:24:41.502+0000] {processor.py:840} INFO - DAG(s) 'example_weekday_branch_operator' retrieved from /home/airflow/.local/lib/python3.12/site-packages/airflow/example_dags/example_branch_day_of_week_operator.py
[2025-03-11T03:24:41.522+0000] {logging_mixin.py:188} INFO - [2025-03-11T03:24:41.522+0000] {dag.py:3096} INFO - Sync 1 DAGs
[2025-03-11T03:24:41.546+0000] {logging_mixin.py:188} INFO - [2025-03-11T03:24:41.545+0000] {dag.py:3954} INFO - Setting next_dagrun for example_weekday_branch_operator to 2025-03-10 00:00:00+00:00, run_after=2025-03-11 00:00:00+00:00
[2025-03-11T03:24:41.565+0000] {processor.py:183} INFO - Processing /home/airflow/.local/lib/python3.12/site-packages/airflow/example_dags/example_branch_day_of_week_operator.py took 0.080 seconds
[2025-03-11T03:25:13.636+0000] {processor.py:161} INFO - Started process (PID=69377) to work on /home/airflow/.local/lib/python3.12/site-packages/airflow/example_dags/example_branch_day_of_week_operator.py
[2025-03-11T03:25:13.637+0000] {processor.py:830} INFO - Processing file /home/airflow/.local/lib/python3.12/site-packages/airflow/example_dags/example_branch_day_of_week_operator.py for tasks to queue
[2025-03-11T03:25:13.639+0000] {logging_mixin.py:188} INFO - [2025-03-11T03:25:13.639+0000] {dagbag.py:545} INFO - Filling up the DagBag from /home/airflow/.local/lib/python3.12/site-packages/airflow/example_dags/example_branch_day_of_week_operator.py
[2025-03-11T03:25:13.647+0000] {processor.py:840} INFO - DAG(s) 'example_weekday_branch_operator' retrieved from /home/airflow/.local/lib/python3.12/site-packages/airflow/example_dags/example_branch_day_of_week_operator.py
[2025-03-11T03:25:13.670+0000] {logging_mixin.py:188} INFO - [2025-03-11T03:25:13.669+0000] {dag.py:3096} INFO - Sync 1 DAGs
[2025-03-11T03:25:13.697+0000] {logging_mixin.py:188} INFO - [2025-03-11T03:25:13.697+0000] {dag.py:3954} INFO - Setting next_dagrun for example_weekday_branch_operator to 2025-03-10 00:00:00+00:00, run_after=2025-03-11 00:00:00+00:00
[2025-03-11T03:25:13.719+0000] {processor.py:183} INFO - Processing /home/airflow/.local/lib/python3.12/site-packages/airflow/example_dags/example_branch_day_of_week_operator.py took 0.090 seconds
[2025-03-11T03:25:45.580+0000] {processor.py:161} INFO - Started process (PID=69639) to work on /home/airflow/.local/lib/python3.12/site-packages/airflow/example_dags/example_branch_day_of_week_operator.py
[2025-03-11T03:25:45.583+0000] {processor.py:830} INFO - Processing file /home/airflow/.local/lib/python3.12/site-packages/airflow/example_dags/example_branch_day_of_week_operator.py for tasks to queue
[2025-03-11T03:25:45.586+0000] {logging_mixin.py:188} INFO - [2025-03-11T03:25:45.585+0000] {dagbag.py:545} INFO - Filling up the DagBag from /home/airflow/.local/lib/python3.12/site-packages/airflow/example_dags/example_branch_day_of_week_operator.py
[2025-03-11T03:25:45.594+0000] {processor.py:840} INFO - DAG(s) 'example_weekday_branch_operator' retrieved from /home/airflow/.local/lib/python3.12/site-packages/airflow/example_dags/example_branch_day_of_week_operator.py
[2025-03-11T03:25:45.621+0000] {logging_mixin.py:188} INFO - [2025-03-11T03:25:45.620+0000] {dag.py:3096} INFO - Sync 1 DAGs
[2025-03-11T03:25:45.650+0000] {logging_mixin.py:188} INFO - [2025-03-11T03:25:45.649+0000] {dag.py:3954} INFO - Setting next_dagrun for example_weekday_branch_operator to 2025-03-10 00:00:00+00:00, run_after=2025-03-11 00:00:00+00:00
[2025-03-11T03:25:45.672+0000] {processor.py:183} INFO - Processing /home/airflow/.local/lib/python3.12/site-packages/airflow/example_dags/example_branch_day_of_week_operator.py took 0.099 seconds
[2025-03-11T03:26:18.348+0000] {processor.py:161} INFO - Started process (PID=69903) to work on /home/airflow/.local/lib/python3.12/site-packages/airflow/example_dags/example_branch_day_of_week_operator.py
[2025-03-11T03:26:18.351+0000] {processor.py:830} INFO - Processing file /home/airflow/.local/lib/python3.12/site-packages/airflow/example_dags/example_branch_day_of_week_operator.py for tasks to queue
[2025-03-11T03:26:18.358+0000] {logging_mixin.py:188} INFO - [2025-03-11T03:26:18.356+0000] {dagbag.py:545} INFO - Filling up the DagBag from /home/airflow/.local/lib/python3.12/site-packages/airflow/example_dags/example_branch_day_of_week_operator.py
[2025-03-11T03:26:18.377+0000] {processor.py:840} INFO - DAG(s) 'example_weekday_branch_operator' retrieved from /home/airflow/.local/lib/python3.12/site-packages/airflow/example_dags/example_branch_day_of_week_operator.py
[2025-03-11T03:26:18.428+0000] {logging_mixin.py:188} INFO - [2025-03-11T03:26:18.427+0000] {dag.py:3096} INFO - Sync 1 DAGs
[2025-03-11T03:26:18.481+0000] {logging_mixin.py:188} INFO - [2025-03-11T03:26:18.481+0000] {dag.py:3954} INFO - Setting next_dagrun for example_weekday_branch_operator to 2025-03-10 00:00:00+00:00, run_after=2025-03-11 00:00:00+00:00
[2025-03-11T03:26:18.503+0000] {processor.py:183} INFO - Processing /home/airflow/.local/lib/python3.12/site-packages/airflow/example_dags/example_branch_day_of_week_operator.py took 0.180 seconds
[2025-03-11T03:26:49.784+0000] {processor.py:161} INFO - Started process (PID=70163) to work on /home/airflow/.local/lib/python3.12/site-packages/airflow/example_dags/example_branch_day_of_week_operator.py
[2025-03-11T03:26:49.785+0000] {processor.py:830} INFO - Processing file /home/airflow/.local/lib/python3.12/site-packages/airflow/example_dags/example_branch_day_of_week_operator.py for tasks to queue
[2025-03-11T03:26:49.787+0000] {logging_mixin.py:188} INFO - [2025-03-11T03:26:49.787+0000] {dagbag.py:545} INFO - Filling up the DagBag from /home/airflow/.local/lib/python3.12/site-packages/airflow/example_dags/example_branch_day_of_week_operator.py
[2025-03-11T03:26:49.795+0000] {processor.py:840} INFO - DAG(s) 'example_weekday_branch_operator' retrieved from /home/airflow/.local/lib/python3.12/site-packages/airflow/example_dags/example_branch_day_of_week_operator.py
[2025-03-11T03:26:49.818+0000] {logging_mixin.py:188} INFO - [2025-03-11T03:26:49.818+0000] {dag.py:3096} INFO - Sync 1 DAGs
[2025-03-11T03:26:49.842+0000] {logging_mixin.py:188} INFO - [2025-03-11T03:26:49.841+0000] {dag.py:3954} INFO - Setting next_dagrun for example_weekday_branch_operator to 2025-03-10 00:00:00+00:00, run_after=2025-03-11 00:00:00+00:00
[2025-03-11T03:26:49.863+0000] {processor.py:183} INFO - Processing /home/airflow/.local/lib/python3.12/site-packages/airflow/example_dags/example_branch_day_of_week_operator.py took 0.084 seconds
[2025-03-11T03:27:22.401+0000] {processor.py:161} INFO - Started process (PID=70427) to work on /home/airflow/.local/lib/python3.12/site-packages/airflow/example_dags/example_branch_day_of_week_operator.py
[2025-03-11T03:27:22.403+0000] {processor.py:830} INFO - Processing file /home/airflow/.local/lib/python3.12/site-packages/airflow/example_dags/example_branch_day_of_week_operator.py for tasks to queue
[2025-03-11T03:27:22.405+0000] {logging_mixin.py:188} INFO - [2025-03-11T03:27:22.404+0000] {dagbag.py:545} INFO - Filling up the DagBag from /home/airflow/.local/lib/python3.12/site-packages/airflow/example_dags/example_branch_day_of_week_operator.py
[2025-03-11T03:27:22.412+0000] {processor.py:840} INFO - DAG(s) 'example_weekday_branch_operator' retrieved from /home/airflow/.local/lib/python3.12/site-packages/airflow/example_dags/example_branch_day_of_week_operator.py
[2025-03-11T03:27:22.433+0000] {logging_mixin.py:188} INFO - [2025-03-11T03:27:22.433+0000] {dag.py:3096} INFO - Sync 1 DAGs
[2025-03-11T03:27:22.459+0000] {logging_mixin.py:188} INFO - [2025-03-11T03:27:22.458+0000] {dag.py:3954} INFO - Setting next_dagrun for example_weekday_branch_operator to 2025-03-10 00:00:00+00:00, run_after=2025-03-11 00:00:00+00:00
[2025-03-11T03:27:22.483+0000] {processor.py:183} INFO - Processing /home/airflow/.local/lib/python3.12/site-packages/airflow/example_dags/example_branch_day_of_week_operator.py took 0.088 seconds
[2025-03-11T03:27:53.981+0000] {processor.py:161} INFO - Started process (PID=70687) to work on /home/airflow/.local/lib/python3.12/site-packages/airflow/example_dags/example_branch_day_of_week_operator.py
[2025-03-11T03:27:53.982+0000] {processor.py:830} INFO - Processing file /home/airflow/.local/lib/python3.12/site-packages/airflow/example_dags/example_branch_day_of_week_operator.py for tasks to queue
[2025-03-11T03:27:53.984+0000] {logging_mixin.py:188} INFO - [2025-03-11T03:27:53.984+0000] {dagbag.py:545} INFO - Filling up the DagBag from /home/airflow/.local/lib/python3.12/site-packages/airflow/example_dags/example_branch_day_of_week_operator.py
[2025-03-11T03:27:53.992+0000] {processor.py:840} INFO - DAG(s) 'example_weekday_branch_operator' retrieved from /home/airflow/.local/lib/python3.12/site-packages/airflow/example_dags/example_branch_day_of_week_operator.py
[2025-03-11T03:27:54.015+0000] {logging_mixin.py:188} INFO - [2025-03-11T03:27:54.014+0000] {dag.py:3096} INFO - Sync 1 DAGs
[2025-03-11T03:27:54.039+0000] {logging_mixin.py:188} INFO - [2025-03-11T03:27:54.038+0000] {dag.py:3954} INFO - Setting next_dagrun for example_weekday_branch_operator to 2025-03-10 00:00:00+00:00, run_after=2025-03-11 00:00:00+00:00
[2025-03-11T03:27:54.060+0000] {processor.py:183} INFO - Processing /home/airflow/.local/lib/python3.12/site-packages/airflow/example_dags/example_branch_day_of_week_operator.py took 0.087 seconds
[2025-03-11T03:28:26.781+0000] {processor.py:161} INFO - Started process (PID=70951) to work on /home/airflow/.local/lib/python3.12/site-packages/airflow/example_dags/example_branch_day_of_week_operator.py
[2025-03-11T03:28:26.782+0000] {processor.py:830} INFO - Processing file /home/airflow/.local/lib/python3.12/site-packages/airflow/example_dags/example_branch_day_of_week_operator.py for tasks to queue
[2025-03-11T03:28:26.785+0000] {logging_mixin.py:188} INFO - [2025-03-11T03:28:26.785+0000] {dagbag.py:545} INFO - Filling up the DagBag from /home/airflow/.local/lib/python3.12/site-packages/airflow/example_dags/example_branch_day_of_week_operator.py
[2025-03-11T03:28:26.795+0000] {processor.py:840} INFO - DAG(s) 'example_weekday_branch_operator' retrieved from /home/airflow/.local/lib/python3.12/site-packages/airflow/example_dags/example_branch_day_of_week_operator.py
[2025-03-11T03:28:26.820+0000] {logging_mixin.py:188} INFO - [2025-03-11T03:28:26.820+0000] {dag.py:3096} INFO - Sync 1 DAGs
[2025-03-11T03:28:26.846+0000] {logging_mixin.py:188} INFO - [2025-03-11T03:28:26.846+0000] {dag.py:3954} INFO - Setting next_dagrun for example_weekday_branch_operator to 2025-03-10 00:00:00+00:00, run_after=2025-03-11 00:00:00+00:00
[2025-03-11T03:28:26.880+0000] {processor.py:183} INFO - Processing /home/airflow/.local/lib/python3.12/site-packages/airflow/example_dags/example_branch_day_of_week_operator.py took 0.105 seconds
[2025-03-11T03:28:58.674+0000] {processor.py:161} INFO - Started process (PID=71211) to work on /home/airflow/.local/lib/python3.12/site-packages/airflow/example_dags/example_branch_day_of_week_operator.py
[2025-03-11T03:28:58.676+0000] {processor.py:830} INFO - Processing file /home/airflow/.local/lib/python3.12/site-packages/airflow/example_dags/example_branch_day_of_week_operator.py for tasks to queue
[2025-03-11T03:28:58.679+0000] {logging_mixin.py:188} INFO - [2025-03-11T03:28:58.678+0000] {dagbag.py:545} INFO - Filling up the DagBag from /home/airflow/.local/lib/python3.12/site-packages/airflow/example_dags/example_branch_day_of_week_operator.py
[2025-03-11T03:28:58.689+0000] {processor.py:840} INFO - DAG(s) 'example_weekday_branch_operator' retrieved from /home/airflow/.local/lib/python3.12/site-packages/airflow/example_dags/example_branch_day_of_week_operator.py
[2025-03-11T03:28:58.719+0000] {logging_mixin.py:188} INFO - [2025-03-11T03:28:58.719+0000] {dag.py:3096} INFO - Sync 1 DAGs
[2025-03-11T03:28:58.748+0000] {logging_mixin.py:188} INFO - [2025-03-11T03:28:58.747+0000] {dag.py:3954} INFO - Setting next_dagrun for example_weekday_branch_operator to 2025-03-10 00:00:00+00:00, run_after=2025-03-11 00:00:00+00:00
[2025-03-11T03:28:58.776+0000] {processor.py:183} INFO - Processing /home/airflow/.local/lib/python3.12/site-packages/airflow/example_dags/example_branch_day_of_week_operator.py took 0.114 seconds
[2025-03-11T03:29:30.859+0000] {processor.py:161} INFO - Started process (PID=71473) to work on /home/airflow/.local/lib/python3.12/site-packages/airflow/example_dags/example_branch_day_of_week_operator.py
[2025-03-11T03:29:30.861+0000] {processor.py:830} INFO - Processing file /home/airflow/.local/lib/python3.12/site-packages/airflow/example_dags/example_branch_day_of_week_operator.py for tasks to queue
[2025-03-11T03:29:30.864+0000] {logging_mixin.py:188} INFO - [2025-03-11T03:29:30.863+0000] {dagbag.py:545} INFO - Filling up the DagBag from /home/airflow/.local/lib/python3.12/site-packages/airflow/example_dags/example_branch_day_of_week_operator.py
[2025-03-11T03:29:30.871+0000] {processor.py:840} INFO - DAG(s) 'example_weekday_branch_operator' retrieved from /home/airflow/.local/lib/python3.12/site-packages/airflow/example_dags/example_branch_day_of_week_operator.py
[2025-03-11T03:29:30.895+0000] {logging_mixin.py:188} INFO - [2025-03-11T03:29:30.895+0000] {dag.py:3096} INFO - Sync 1 DAGs
[2025-03-11T03:29:30.923+0000] {logging_mixin.py:188} INFO - [2025-03-11T03:29:30.922+0000] {dag.py:3954} INFO - Setting next_dagrun for example_weekday_branch_operator to 2025-03-10 00:00:00+00:00, run_after=2025-03-11 00:00:00+00:00
[2025-03-11T03:29:30.945+0000] {processor.py:183} INFO - Processing /home/airflow/.local/lib/python3.12/site-packages/airflow/example_dags/example_branch_day_of_week_operator.py took 0.092 seconds
[2025-03-11T03:30:02.615+0000] {processor.py:161} INFO - Started process (PID=71737) to work on /home/airflow/.local/lib/python3.12/site-packages/airflow/example_dags/example_branch_day_of_week_operator.py
[2025-03-11T03:30:02.617+0000] {processor.py:830} INFO - Processing file /home/airflow/.local/lib/python3.12/site-packages/airflow/example_dags/example_branch_day_of_week_operator.py for tasks to queue
[2025-03-11T03:30:02.620+0000] {logging_mixin.py:188} INFO - [2025-03-11T03:30:02.620+0000] {dagbag.py:545} INFO - Filling up the DagBag from /home/airflow/.local/lib/python3.12/site-packages/airflow/example_dags/example_branch_day_of_week_operator.py
[2025-03-11T03:30:02.629+0000] {processor.py:840} INFO - DAG(s) 'example_weekday_branch_operator' retrieved from /home/airflow/.local/lib/python3.12/site-packages/airflow/example_dags/example_branch_day_of_week_operator.py
[2025-03-11T03:30:02.656+0000] {logging_mixin.py:188} INFO - [2025-03-11T03:30:02.656+0000] {dag.py:3096} INFO - Sync 1 DAGs
[2025-03-11T03:30:02.682+0000] {logging_mixin.py:188} INFO - [2025-03-11T03:30:02.682+0000] {dag.py:3954} INFO - Setting next_dagrun for example_weekday_branch_operator to 2025-03-10 00:00:00+00:00, run_after=2025-03-11 00:00:00+00:00
[2025-03-11T03:30:02.705+0000] {processor.py:183} INFO - Processing /home/airflow/.local/lib/python3.12/site-packages/airflow/example_dags/example_branch_day_of_week_operator.py took 0.102 seconds
[2025-03-11T03:30:35.463+0000] {processor.py:161} INFO - Started process (PID=71997) to work on /home/airflow/.local/lib/python3.12/site-packages/airflow/example_dags/example_branch_day_of_week_operator.py
[2025-03-11T03:30:35.465+0000] {processor.py:830} INFO - Processing file /home/airflow/.local/lib/python3.12/site-packages/airflow/example_dags/example_branch_day_of_week_operator.py for tasks to queue
[2025-03-11T03:30:35.473+0000] {logging_mixin.py:188} INFO - [2025-03-11T03:30:35.471+0000] {dagbag.py:545} INFO - Filling up the DagBag from /home/airflow/.local/lib/python3.12/site-packages/airflow/example_dags/example_branch_day_of_week_operator.py
[2025-03-11T03:30:35.493+0000] {processor.py:840} INFO - DAG(s) 'example_weekday_branch_operator' retrieved from /home/airflow/.local/lib/python3.12/site-packages/airflow/example_dags/example_branch_day_of_week_operator.py
[2025-03-11T03:30:35.526+0000] {logging_mixin.py:188} INFO - [2025-03-11T03:30:35.526+0000] {dag.py:3096} INFO - Sync 1 DAGs
[2025-03-11T03:30:35.550+0000] {logging_mixin.py:188} INFO - [2025-03-11T03:30:35.550+0000] {dag.py:3954} INFO - Setting next_dagrun for example_weekday_branch_operator to 2025-03-10 00:00:00+00:00, run_after=2025-03-11 00:00:00+00:00
[2025-03-11T03:30:35.572+0000] {processor.py:183} INFO - Processing /home/airflow/.local/lib/python3.12/site-packages/airflow/example_dags/example_branch_day_of_week_operator.py took 0.122 seconds
[2025-03-11T03:31:06.355+0000] {processor.py:161} INFO - Started process (PID=72259) to work on /home/airflow/.local/lib/python3.12/site-packages/airflow/example_dags/example_branch_day_of_week_operator.py
[2025-03-11T03:31:06.357+0000] {processor.py:830} INFO - Processing file /home/airflow/.local/lib/python3.12/site-packages/airflow/example_dags/example_branch_day_of_week_operator.py for tasks to queue
[2025-03-11T03:31:06.359+0000] {logging_mixin.py:188} INFO - [2025-03-11T03:31:06.359+0000] {dagbag.py:545} INFO - Filling up the DagBag from /home/airflow/.local/lib/python3.12/site-packages/airflow/example_dags/example_branch_day_of_week_operator.py
[2025-03-11T03:31:06.369+0000] {processor.py:840} INFO - DAG(s) 'example_weekday_branch_operator' retrieved from /home/airflow/.local/lib/python3.12/site-packages/airflow/example_dags/example_branch_day_of_week_operator.py
[2025-03-11T03:31:06.389+0000] {logging_mixin.py:188} INFO - [2025-03-11T03:31:06.389+0000] {dag.py:3096} INFO - Sync 1 DAGs
[2025-03-11T03:31:06.412+0000] {logging_mixin.py:188} INFO - [2025-03-11T03:31:06.412+0000] {dag.py:3954} INFO - Setting next_dagrun for example_weekday_branch_operator to 2025-03-10 00:00:00+00:00, run_after=2025-03-11 00:00:00+00:00
[2025-03-11T03:31:06.433+0000] {processor.py:183} INFO - Processing /home/airflow/.local/lib/python3.12/site-packages/airflow/example_dags/example_branch_day_of_week_operator.py took 0.084 seconds
[2025-03-11T03:31:38.949+0000] {processor.py:161} INFO - Started process (PID=72523) to work on /home/airflow/.local/lib/python3.12/site-packages/airflow/example_dags/example_branch_day_of_week_operator.py
[2025-03-11T03:31:38.951+0000] {processor.py:830} INFO - Processing file /home/airflow/.local/lib/python3.12/site-packages/airflow/example_dags/example_branch_day_of_week_operator.py for tasks to queue
[2025-03-11T03:31:38.954+0000] {logging_mixin.py:188} INFO - [2025-03-11T03:31:38.953+0000] {dagbag.py:545} INFO - Filling up the DagBag from /home/airflow/.local/lib/python3.12/site-packages/airflow/example_dags/example_branch_day_of_week_operator.py
[2025-03-11T03:31:38.964+0000] {processor.py:840} INFO - DAG(s) 'example_weekday_branch_operator' retrieved from /home/airflow/.local/lib/python3.12/site-packages/airflow/example_dags/example_branch_day_of_week_operator.py
[2025-03-11T03:31:38.989+0000] {logging_mixin.py:188} INFO - [2025-03-11T03:31:38.988+0000] {dag.py:3096} INFO - Sync 1 DAGs
[2025-03-11T03:31:39.028+0000] {logging_mixin.py:188} INFO - [2025-03-11T03:31:39.028+0000] {dag.py:3954} INFO - Setting next_dagrun for example_weekday_branch_operator to 2025-03-10 00:00:00+00:00, run_after=2025-03-11 00:00:00+00:00
[2025-03-11T03:31:39.068+0000] {processor.py:183} INFO - Processing /home/airflow/.local/lib/python3.12/site-packages/airflow/example_dags/example_branch_day_of_week_operator.py took 0.135 seconds
[2025-03-11T03:32:10.577+0000] {processor.py:161} INFO - Started process (PID=72784) to work on /home/airflow/.local/lib/python3.12/site-packages/airflow/example_dags/example_branch_day_of_week_operator.py
[2025-03-11T03:32:10.578+0000] {processor.py:830} INFO - Processing file /home/airflow/.local/lib/python3.12/site-packages/airflow/example_dags/example_branch_day_of_week_operator.py for tasks to queue
[2025-03-11T03:32:10.581+0000] {logging_mixin.py:188} INFO - [2025-03-11T03:32:10.580+0000] {dagbag.py:545} INFO - Filling up the DagBag from /home/airflow/.local/lib/python3.12/site-packages/airflow/example_dags/example_branch_day_of_week_operator.py
[2025-03-11T03:32:10.591+0000] {processor.py:840} INFO - DAG(s) 'example_weekday_branch_operator' retrieved from /home/airflow/.local/lib/python3.12/site-packages/airflow/example_dags/example_branch_day_of_week_operator.py
[2025-03-11T03:32:10.626+0000] {logging_mixin.py:188} INFO - [2025-03-11T03:32:10.626+0000] {dag.py:3096} INFO - Sync 1 DAGs
[2025-03-11T03:32:10.651+0000] {logging_mixin.py:188} INFO - [2025-03-11T03:32:10.651+0000] {dag.py:3954} INFO - Setting next_dagrun for example_weekday_branch_operator to 2025-03-10 00:00:00+00:00, run_after=2025-03-11 00:00:00+00:00
[2025-03-11T03:32:10.673+0000] {processor.py:183} INFO - Processing /home/airflow/.local/lib/python3.12/site-packages/airflow/example_dags/example_branch_day_of_week_operator.py took 0.102 seconds
[2025-03-11T03:32:42.709+0000] {processor.py:161} INFO - Started process (PID=73045) to work on /home/airflow/.local/lib/python3.12/site-packages/airflow/example_dags/example_branch_day_of_week_operator.py
[2025-03-11T03:32:42.711+0000] {processor.py:830} INFO - Processing file /home/airflow/.local/lib/python3.12/site-packages/airflow/example_dags/example_branch_day_of_week_operator.py for tasks to queue
[2025-03-11T03:32:42.714+0000] {logging_mixin.py:188} INFO - [2025-03-11T03:32:42.713+0000] {dagbag.py:545} INFO - Filling up the DagBag from /home/airflow/.local/lib/python3.12/site-packages/airflow/example_dags/example_branch_day_of_week_operator.py
[2025-03-11T03:32:42.721+0000] {processor.py:840} INFO - DAG(s) 'example_weekday_branch_operator' retrieved from /home/airflow/.local/lib/python3.12/site-packages/airflow/example_dags/example_branch_day_of_week_operator.py
[2025-03-11T03:32:42.745+0000] {logging_mixin.py:188} INFO - [2025-03-11T03:32:42.744+0000] {dag.py:3096} INFO - Sync 1 DAGs
[2025-03-11T03:32:42.767+0000] {logging_mixin.py:188} INFO - [2025-03-11T03:32:42.766+0000] {dag.py:3954} INFO - Setting next_dagrun for example_weekday_branch_operator to 2025-03-10 00:00:00+00:00, run_after=2025-03-11 00:00:00+00:00
[2025-03-11T03:32:42.788+0000] {processor.py:183} INFO - Processing /home/airflow/.local/lib/python3.12/site-packages/airflow/example_dags/example_branch_day_of_week_operator.py took 0.085 seconds
