[2025-03-11T03:05:19.283+0000] {processor.py:161} INFO - Started process (PID=59533) to work on /home/airflow/.local/lib/python3.12/site-packages/airflow/example_dags/example_display_name.py
[2025-03-11T03:05:19.284+0000] {processor.py:830} INFO - Processing file /home/airflow/.local/lib/python3.12/site-packages/airflow/example_dags/example_display_name.py for tasks to queue
[2025-03-11T03:05:19.286+0000] {logging_mixin.py:188} INFO - [2025-03-11T03:05:19.286+0000] {dagbag.py:545} INFO - Filling up the DagBag from /home/airflow/.local/lib/python3.12/site-packages/airflow/example_dags/example_display_name.py
[2025-03-11T03:05:19.300+0000] {processor.py:840} INFO - DAG(s) 'example_display_name' retrieved from /home/airflow/.local/lib/python3.12/site-packages/airflow/example_dags/example_display_name.py
[2025-03-11T03:05:19.322+0000] {logging_mixin.py:188} INFO - [2025-03-11T03:05:19.322+0000] {dag.py:3096} INFO - Sync 1 DAGs
[2025-03-11T03:05:19.339+0000] {logging_mixin.py:188} INFO - [2025-03-11T03:05:19.339+0000] {dag.py:3954} INFO - Setting next_dagrun for example_display_name to None, run_after=None
[2025-03-11T03:05:19.363+0000] {processor.py:183} INFO - Processing /home/airflow/.local/lib/python3.12/site-packages/airflow/example_dags/example_display_name.py took 0.086 seconds
[2025-03-11T03:05:49.759+0000] {processor.py:161} INFO - Started process (PID=59795) to work on /home/airflow/.local/lib/python3.12/site-packages/airflow/example_dags/example_display_name.py
[2025-03-11T03:05:49.760+0000] {processor.py:830} INFO - Processing file /home/airflow/.local/lib/python3.12/site-packages/airflow/example_dags/example_display_name.py for tasks to queue
[2025-03-11T03:05:49.762+0000] {logging_mixin.py:188} INFO - [2025-03-11T03:05:49.762+0000] {dagbag.py:545} INFO - Filling up the DagBag from /home/airflow/.local/lib/python3.12/site-packages/airflow/example_dags/example_display_name.py
[2025-03-11T03:05:49.768+0000] {processor.py:840} INFO - DAG(s) 'example_display_name' retrieved from /home/airflow/.local/lib/python3.12/site-packages/airflow/example_dags/example_display_name.py
[2025-03-11T03:05:49.787+0000] {logging_mixin.py:188} INFO - [2025-03-11T03:05:49.787+0000] {dag.py:3096} INFO - Sync 1 DAGs
[2025-03-11T03:05:49.802+0000] {logging_mixin.py:188} INFO - [2025-03-11T03:05:49.802+0000] {dag.py:3954} INFO - Setting next_dagrun for example_display_name to None, run_after=None
[2025-03-11T03:05:49.822+0000] {processor.py:183} INFO - Processing /home/airflow/.local/lib/python3.12/site-packages/airflow/example_dags/example_display_name.py took 0.069 seconds
[2025-03-11T03:06:20.653+0000] {processor.py:161} INFO - Started process (PID=60057) to work on /home/airflow/.local/lib/python3.12/site-packages/airflow/example_dags/example_display_name.py
[2025-03-11T03:06:20.654+0000] {processor.py:830} INFO - Processing file /home/airflow/.local/lib/python3.12/site-packages/airflow/example_dags/example_display_name.py for tasks to queue
[2025-03-11T03:06:20.656+0000] {logging_mixin.py:188} INFO - [2025-03-11T03:06:20.655+0000] {dagbag.py:545} INFO - Filling up the DagBag from /home/airflow/.local/lib/python3.12/site-packages/airflow/example_dags/example_display_name.py
[2025-03-11T03:06:20.661+0000] {processor.py:840} INFO - DAG(s) 'example_display_name' retrieved from /home/airflow/.local/lib/python3.12/site-packages/airflow/example_dags/example_display_name.py
[2025-03-11T03:06:20.677+0000] {logging_mixin.py:188} INFO - [2025-03-11T03:06:20.677+0000] {dag.py:3096} INFO - Sync 1 DAGs
[2025-03-11T03:06:20.688+0000] {logging_mixin.py:188} INFO - [2025-03-11T03:06:20.687+0000] {dag.py:3954} INFO - Setting next_dagrun for example_display_name to None, run_after=None
[2025-03-11T03:06:20.705+0000] {processor.py:183} INFO - Processing /home/airflow/.local/lib/python3.12/site-packages/airflow/example_dags/example_display_name.py took 0.057 seconds
[2025-03-11T03:06:51.214+0000] {processor.py:161} INFO - Started process (PID=60319) to work on /home/airflow/.local/lib/python3.12/site-packages/airflow/example_dags/example_display_name.py
[2025-03-11T03:06:51.216+0000] {processor.py:830} INFO - Processing file /home/airflow/.local/lib/python3.12/site-packages/airflow/example_dags/example_display_name.py for tasks to queue
[2025-03-11T03:06:51.219+0000] {logging_mixin.py:188} INFO - [2025-03-11T03:06:51.218+0000] {dagbag.py:545} INFO - Filling up the DagBag from /home/airflow/.local/lib/python3.12/site-packages/airflow/example_dags/example_display_name.py
[2025-03-11T03:06:51.227+0000] {processor.py:840} INFO - DAG(s) 'example_display_name' retrieved from /home/airflow/.local/lib/python3.12/site-packages/airflow/example_dags/example_display_name.py
[2025-03-11T03:06:51.250+0000] {logging_mixin.py:188} INFO - [2025-03-11T03:06:51.250+0000] {dag.py:3096} INFO - Sync 1 DAGs
[2025-03-11T03:06:51.266+0000] {logging_mixin.py:188} INFO - [2025-03-11T03:06:51.265+0000] {dag.py:3954} INFO - Setting next_dagrun for example_display_name to None, run_after=None
[2025-03-11T03:06:51.288+0000] {processor.py:183} INFO - Processing /home/airflow/.local/lib/python3.12/site-packages/airflow/example_dags/example_display_name.py took 0.080 seconds
[2025-03-11T03:07:22.306+0000] {processor.py:161} INFO - Started process (PID=60582) to work on /home/airflow/.local/lib/python3.12/site-packages/airflow/example_dags/example_display_name.py
[2025-03-11T03:07:22.307+0000] {processor.py:830} INFO - Processing file /home/airflow/.local/lib/python3.12/site-packages/airflow/example_dags/example_display_name.py for tasks to queue
[2025-03-11T03:07:22.310+0000] {logging_mixin.py:188} INFO - [2025-03-11T03:07:22.309+0000] {dagbag.py:545} INFO - Filling up the DagBag from /home/airflow/.local/lib/python3.12/site-packages/airflow/example_dags/example_display_name.py
[2025-03-11T03:07:22.318+0000] {processor.py:840} INFO - DAG(s) 'example_display_name' retrieved from /home/airflow/.local/lib/python3.12/site-packages/airflow/example_dags/example_display_name.py
[2025-03-11T03:07:22.338+0000] {logging_mixin.py:188} INFO - [2025-03-11T03:07:22.338+0000] {dag.py:3096} INFO - Sync 1 DAGs
[2025-03-11T03:07:22.351+0000] {logging_mixin.py:188} INFO - [2025-03-11T03:07:22.351+0000] {dag.py:3954} INFO - Setting next_dagrun for example_display_name to None, run_after=None
[2025-03-11T03:07:22.387+0000] {processor.py:183} INFO - Processing /home/airflow/.local/lib/python3.12/site-packages/airflow/example_dags/example_display_name.py took 0.087 seconds
[2025-03-11T03:07:53.377+0000] {processor.py:161} INFO - Started process (PID=60853) to work on /home/airflow/.local/lib/python3.12/site-packages/airflow/example_dags/example_display_name.py
[2025-03-11T03:07:53.379+0000] {processor.py:830} INFO - Processing file /home/airflow/.local/lib/python3.12/site-packages/airflow/example_dags/example_display_name.py for tasks to queue
[2025-03-11T03:07:53.382+0000] {logging_mixin.py:188} INFO - [2025-03-11T03:07:53.382+0000] {dagbag.py:545} INFO - Filling up the DagBag from /home/airflow/.local/lib/python3.12/site-packages/airflow/example_dags/example_display_name.py
[2025-03-11T03:07:53.389+0000] {processor.py:840} INFO - DAG(s) 'example_display_name' retrieved from /home/airflow/.local/lib/python3.12/site-packages/airflow/example_dags/example_display_name.py
[2025-03-11T03:07:53.414+0000] {logging_mixin.py:188} INFO - [2025-03-11T03:07:53.413+0000] {dag.py:3096} INFO - Sync 1 DAGs
[2025-03-11T03:07:53.429+0000] {logging_mixin.py:188} INFO - [2025-03-11T03:07:53.429+0000] {dag.py:3954} INFO - Setting next_dagrun for example_display_name to None, run_after=None
[2025-03-11T03:07:53.456+0000] {processor.py:183} INFO - Processing /home/airflow/.local/lib/python3.12/site-packages/airflow/example_dags/example_display_name.py took 0.086 seconds
[2025-03-11T03:08:23.808+0000] {processor.py:161} INFO - Started process (PID=61115) to work on /home/airflow/.local/lib/python3.12/site-packages/airflow/example_dags/example_display_name.py
[2025-03-11T03:08:23.809+0000] {processor.py:830} INFO - Processing file /home/airflow/.local/lib/python3.12/site-packages/airflow/example_dags/example_display_name.py for tasks to queue
[2025-03-11T03:08:23.811+0000] {logging_mixin.py:188} INFO - [2025-03-11T03:08:23.811+0000] {dagbag.py:545} INFO - Filling up the DagBag from /home/airflow/.local/lib/python3.12/site-packages/airflow/example_dags/example_display_name.py
[2025-03-11T03:08:23.818+0000] {processor.py:840} INFO - DAG(s) 'example_display_name' retrieved from /home/airflow/.local/lib/python3.12/site-packages/airflow/example_dags/example_display_name.py
[2025-03-11T03:08:23.842+0000] {logging_mixin.py:188} INFO - [2025-03-11T03:08:23.841+0000] {dag.py:3096} INFO - Sync 1 DAGs
[2025-03-11T03:08:23.853+0000] {logging_mixin.py:188} INFO - [2025-03-11T03:08:23.853+0000] {dag.py:3954} INFO - Setting next_dagrun for example_display_name to None, run_after=None
[2025-03-11T03:08:23.872+0000] {processor.py:183} INFO - Processing /home/airflow/.local/lib/python3.12/site-packages/airflow/example_dags/example_display_name.py took 0.069 seconds
[2025-03-11T03:08:54.184+0000] {processor.py:161} INFO - Started process (PID=61372) to work on /home/airflow/.local/lib/python3.12/site-packages/airflow/example_dags/example_display_name.py
[2025-03-11T03:08:54.186+0000] {processor.py:830} INFO - Processing file /home/airflow/.local/lib/python3.12/site-packages/airflow/example_dags/example_display_name.py for tasks to queue
[2025-03-11T03:08:54.188+0000] {logging_mixin.py:188} INFO - [2025-03-11T03:08:54.187+0000] {dagbag.py:545} INFO - Filling up the DagBag from /home/airflow/.local/lib/python3.12/site-packages/airflow/example_dags/example_display_name.py
[2025-03-11T03:08:54.194+0000] {processor.py:840} INFO - DAG(s) 'example_display_name' retrieved from /home/airflow/.local/lib/python3.12/site-packages/airflow/example_dags/example_display_name.py
[2025-03-11T03:08:54.214+0000] {logging_mixin.py:188} INFO - [2025-03-11T03:08:54.214+0000] {dag.py:3096} INFO - Sync 1 DAGs
[2025-03-11T03:08:54.229+0000] {logging_mixin.py:188} INFO - [2025-03-11T03:08:54.229+0000] {dag.py:3954} INFO - Setting next_dagrun for example_display_name to None, run_after=None
[2025-03-11T03:08:54.252+0000] {processor.py:183} INFO - Processing /home/airflow/.local/lib/python3.12/site-packages/airflow/example_dags/example_display_name.py took 0.074 seconds
[2025-03-11T03:09:25.168+0000] {processor.py:161} INFO - Started process (PID=61640) to work on /home/airflow/.local/lib/python3.12/site-packages/airflow/example_dags/example_display_name.py
[2025-03-11T03:09:25.170+0000] {processor.py:830} INFO - Processing file /home/airflow/.local/lib/python3.12/site-packages/airflow/example_dags/example_display_name.py for tasks to queue
[2025-03-11T03:09:25.173+0000] {logging_mixin.py:188} INFO - [2025-03-11T03:09:25.172+0000] {dagbag.py:545} INFO - Filling up the DagBag from /home/airflow/.local/lib/python3.12/site-packages/airflow/example_dags/example_display_name.py
[2025-03-11T03:09:25.179+0000] {processor.py:840} INFO - DAG(s) 'example_display_name' retrieved from /home/airflow/.local/lib/python3.12/site-packages/airflow/example_dags/example_display_name.py
[2025-03-11T03:09:25.199+0000] {logging_mixin.py:188} INFO - [2025-03-11T03:09:25.199+0000] {dag.py:3096} INFO - Sync 1 DAGs
[2025-03-11T03:09:25.211+0000] {logging_mixin.py:188} INFO - [2025-03-11T03:09:25.211+0000] {dag.py:3954} INFO - Setting next_dagrun for example_display_name to None, run_after=None
[2025-03-11T03:09:25.230+0000] {processor.py:183} INFO - Processing /home/airflow/.local/lib/python3.12/site-packages/airflow/example_dags/example_display_name.py took 0.068 seconds
[2025-03-11T03:09:56.035+0000] {processor.py:161} INFO - Started process (PID=61896) to work on /home/airflow/.local/lib/python3.12/site-packages/airflow/example_dags/example_display_name.py
[2025-03-11T03:09:56.036+0000] {processor.py:830} INFO - Processing file /home/airflow/.local/lib/python3.12/site-packages/airflow/example_dags/example_display_name.py for tasks to queue
[2025-03-11T03:09:56.039+0000] {logging_mixin.py:188} INFO - [2025-03-11T03:09:56.039+0000] {dagbag.py:545} INFO - Filling up the DagBag from /home/airflow/.local/lib/python3.12/site-packages/airflow/example_dags/example_display_name.py
[2025-03-11T03:09:56.047+0000] {processor.py:840} INFO - DAG(s) 'example_display_name' retrieved from /home/airflow/.local/lib/python3.12/site-packages/airflow/example_dags/example_display_name.py
[2025-03-11T03:09:56.072+0000] {logging_mixin.py:188} INFO - [2025-03-11T03:09:56.071+0000] {dag.py:3096} INFO - Sync 1 DAGs
[2025-03-11T03:09:56.092+0000] {logging_mixin.py:188} INFO - [2025-03-11T03:09:56.092+0000] {dag.py:3954} INFO - Setting next_dagrun for example_display_name to None, run_after=None
[2025-03-11T03:09:56.113+0000] {processor.py:183} INFO - Processing /home/airflow/.local/lib/python3.12/site-packages/airflow/example_dags/example_display_name.py took 0.084 seconds
[2025-03-11T03:10:26.342+0000] {processor.py:161} INFO - Started process (PID=62158) to work on /home/airflow/.local/lib/python3.12/site-packages/airflow/example_dags/example_display_name.py
[2025-03-11T03:10:26.342+0000] {processor.py:830} INFO - Processing file /home/airflow/.local/lib/python3.12/site-packages/airflow/example_dags/example_display_name.py for tasks to queue
[2025-03-11T03:10:26.344+0000] {logging_mixin.py:188} INFO - [2025-03-11T03:10:26.344+0000] {dagbag.py:545} INFO - Filling up the DagBag from /home/airflow/.local/lib/python3.12/site-packages/airflow/example_dags/example_display_name.py
[2025-03-11T03:10:26.350+0000] {processor.py:840} INFO - DAG(s) 'example_display_name' retrieved from /home/airflow/.local/lib/python3.12/site-packages/airflow/example_dags/example_display_name.py
[2025-03-11T03:10:26.369+0000] {logging_mixin.py:188} INFO - [2025-03-11T03:10:26.369+0000] {dag.py:3096} INFO - Sync 1 DAGs
[2025-03-11T03:10:26.382+0000] {logging_mixin.py:188} INFO - [2025-03-11T03:10:26.381+0000] {dag.py:3954} INFO - Setting next_dagrun for example_display_name to None, run_after=None
[2025-03-11T03:10:26.399+0000] {processor.py:183} INFO - Processing /home/airflow/.local/lib/python3.12/site-packages/airflow/example_dags/example_display_name.py took 0.063 seconds
[2025-03-11T03:10:56.622+0000] {processor.py:161} INFO - Started process (PID=62415) to work on /home/airflow/.local/lib/python3.12/site-packages/airflow/example_dags/example_display_name.py
[2025-03-11T03:10:56.624+0000] {processor.py:830} INFO - Processing file /home/airflow/.local/lib/python3.12/site-packages/airflow/example_dags/example_display_name.py for tasks to queue
[2025-03-11T03:10:56.626+0000] {logging_mixin.py:188} INFO - [2025-03-11T03:10:56.626+0000] {dagbag.py:545} INFO - Filling up the DagBag from /home/airflow/.local/lib/python3.12/site-packages/airflow/example_dags/example_display_name.py
[2025-03-11T03:10:56.632+0000] {processor.py:840} INFO - DAG(s) 'example_display_name' retrieved from /home/airflow/.local/lib/python3.12/site-packages/airflow/example_dags/example_display_name.py
[2025-03-11T03:10:56.652+0000] {logging_mixin.py:188} INFO - [2025-03-11T03:10:56.651+0000] {dag.py:3096} INFO - Sync 1 DAGs
[2025-03-11T03:10:56.665+0000] {logging_mixin.py:188} INFO - [2025-03-11T03:10:56.665+0000] {dag.py:3954} INFO - Setting next_dagrun for example_display_name to None, run_after=None
[2025-03-11T03:10:56.685+0000] {processor.py:183} INFO - Processing /home/airflow/.local/lib/python3.12/site-packages/airflow/example_dags/example_display_name.py took 0.071 seconds
[2025-03-11T03:11:27.230+0000] {processor.py:161} INFO - Started process (PID=62677) to work on /home/airflow/.local/lib/python3.12/site-packages/airflow/example_dags/example_display_name.py
[2025-03-11T03:11:27.233+0000] {processor.py:830} INFO - Processing file /home/airflow/.local/lib/python3.12/site-packages/airflow/example_dags/example_display_name.py for tasks to queue
[2025-03-11T03:11:27.239+0000] {logging_mixin.py:188} INFO - [2025-03-11T03:11:27.237+0000] {dagbag.py:545} INFO - Filling up the DagBag from /home/airflow/.local/lib/python3.12/site-packages/airflow/example_dags/example_display_name.py
[2025-03-11T03:11:27.265+0000] {processor.py:840} INFO - DAG(s) 'example_display_name' retrieved from /home/airflow/.local/lib/python3.12/site-packages/airflow/example_dags/example_display_name.py
[2025-03-11T03:11:27.313+0000] {logging_mixin.py:188} INFO - [2025-03-11T03:11:27.312+0000] {dag.py:3096} INFO - Sync 1 DAGs
[2025-03-11T03:11:27.331+0000] {logging_mixin.py:188} INFO - [2025-03-11T03:11:27.331+0000] {dag.py:3954} INFO - Setting next_dagrun for example_display_name to None, run_after=None
[2025-03-11T03:11:27.356+0000] {processor.py:183} INFO - Processing /home/airflow/.local/lib/python3.12/site-packages/airflow/example_dags/example_display_name.py took 0.136 seconds
[2025-03-11T03:11:57.563+0000] {processor.py:161} INFO - Started process (PID=62939) to work on /home/airflow/.local/lib/python3.12/site-packages/airflow/example_dags/example_display_name.py
[2025-03-11T03:11:57.564+0000] {processor.py:830} INFO - Processing file /home/airflow/.local/lib/python3.12/site-packages/airflow/example_dags/example_display_name.py for tasks to queue
[2025-03-11T03:11:57.567+0000] {logging_mixin.py:188} INFO - [2025-03-11T03:11:57.566+0000] {dagbag.py:545} INFO - Filling up the DagBag from /home/airflow/.local/lib/python3.12/site-packages/airflow/example_dags/example_display_name.py
[2025-03-11T03:11:57.574+0000] {processor.py:840} INFO - DAG(s) 'example_display_name' retrieved from /home/airflow/.local/lib/python3.12/site-packages/airflow/example_dags/example_display_name.py
[2025-03-11T03:11:57.606+0000] {logging_mixin.py:188} INFO - [2025-03-11T03:11:57.606+0000] {dag.py:3096} INFO - Sync 1 DAGs
[2025-03-11T03:11:57.625+0000] {logging_mixin.py:188} INFO - [2025-03-11T03:11:57.624+0000] {dag.py:3954} INFO - Setting next_dagrun for example_display_name to None, run_after=None
[2025-03-11T03:11:57.658+0000] {processor.py:183} INFO - Processing /home/airflow/.local/lib/python3.12/site-packages/airflow/example_dags/example_display_name.py took 0.100 seconds
[2025-03-11T03:12:27.954+0000] {processor.py:161} INFO - Started process (PID=63201) to work on /home/airflow/.local/lib/python3.12/site-packages/airflow/example_dags/example_display_name.py
[2025-03-11T03:12:27.955+0000] {processor.py:830} INFO - Processing file /home/airflow/.local/lib/python3.12/site-packages/airflow/example_dags/example_display_name.py for tasks to queue
[2025-03-11T03:12:27.958+0000] {logging_mixin.py:188} INFO - [2025-03-11T03:12:27.957+0000] {dagbag.py:545} INFO - Filling up the DagBag from /home/airflow/.local/lib/python3.12/site-packages/airflow/example_dags/example_display_name.py
[2025-03-11T03:12:27.964+0000] {processor.py:840} INFO - DAG(s) 'example_display_name' retrieved from /home/airflow/.local/lib/python3.12/site-packages/airflow/example_dags/example_display_name.py
[2025-03-11T03:12:27.983+0000] {logging_mixin.py:188} INFO - [2025-03-11T03:12:27.983+0000] {dag.py:3096} INFO - Sync 1 DAGs
[2025-03-11T03:12:27.997+0000] {logging_mixin.py:188} INFO - [2025-03-11T03:12:27.997+0000] {dag.py:3954} INFO - Setting next_dagrun for example_display_name to None, run_after=None
[2025-03-11T03:12:28.018+0000] {processor.py:183} INFO - Processing /home/airflow/.local/lib/python3.12/site-packages/airflow/example_dags/example_display_name.py took 0.069 seconds
[2025-03-11T03:12:58.362+0000] {processor.py:161} INFO - Started process (PID=63462) to work on /home/airflow/.local/lib/python3.12/site-packages/airflow/example_dags/example_display_name.py
[2025-03-11T03:12:58.363+0000] {processor.py:830} INFO - Processing file /home/airflow/.local/lib/python3.12/site-packages/airflow/example_dags/example_display_name.py for tasks to queue
[2025-03-11T03:12:58.365+0000] {logging_mixin.py:188} INFO - [2025-03-11T03:12:58.365+0000] {dagbag.py:545} INFO - Filling up the DagBag from /home/airflow/.local/lib/python3.12/site-packages/airflow/example_dags/example_display_name.py
[2025-03-11T03:12:58.371+0000] {processor.py:840} INFO - DAG(s) 'example_display_name' retrieved from /home/airflow/.local/lib/python3.12/site-packages/airflow/example_dags/example_display_name.py
[2025-03-11T03:12:58.390+0000] {logging_mixin.py:188} INFO - [2025-03-11T03:12:58.390+0000] {dag.py:3096} INFO - Sync 1 DAGs
[2025-03-11T03:12:58.403+0000] {logging_mixin.py:188} INFO - [2025-03-11T03:12:58.403+0000] {dag.py:3954} INFO - Setting next_dagrun for example_display_name to None, run_after=None
[2025-03-11T03:12:58.424+0000] {processor.py:183} INFO - Processing /home/airflow/.local/lib/python3.12/site-packages/airflow/example_dags/example_display_name.py took 0.067 seconds
[2025-03-11T03:13:28.799+0000] {processor.py:161} INFO - Started process (PID=63724) to work on /home/airflow/.local/lib/python3.12/site-packages/airflow/example_dags/example_display_name.py
[2025-03-11T03:13:28.801+0000] {processor.py:830} INFO - Processing file /home/airflow/.local/lib/python3.12/site-packages/airflow/example_dags/example_display_name.py for tasks to queue
[2025-03-11T03:13:28.803+0000] {logging_mixin.py:188} INFO - [2025-03-11T03:13:28.802+0000] {dagbag.py:545} INFO - Filling up the DagBag from /home/airflow/.local/lib/python3.12/site-packages/airflow/example_dags/example_display_name.py
[2025-03-11T03:13:28.808+0000] {processor.py:840} INFO - DAG(s) 'example_display_name' retrieved from /home/airflow/.local/lib/python3.12/site-packages/airflow/example_dags/example_display_name.py
[2025-03-11T03:13:28.828+0000] {logging_mixin.py:188} INFO - [2025-03-11T03:13:28.827+0000] {dag.py:3096} INFO - Sync 1 DAGs
[2025-03-11T03:13:28.845+0000] {logging_mixin.py:188} INFO - [2025-03-11T03:13:28.844+0000] {dag.py:3954} INFO - Setting next_dagrun for example_display_name to None, run_after=None
[2025-03-11T03:13:28.867+0000] {processor.py:183} INFO - Processing /home/airflow/.local/lib/python3.12/site-packages/airflow/example_dags/example_display_name.py took 0.073 seconds
[2025-03-11T03:14:01.047+0000] {processor.py:161} INFO - Started process (PID=63986) to work on /home/airflow/.local/lib/python3.12/site-packages/airflow/example_dags/example_display_name.py
[2025-03-11T03:14:01.048+0000] {processor.py:830} INFO - Processing file /home/airflow/.local/lib/python3.12/site-packages/airflow/example_dags/example_display_name.py for tasks to queue
[2025-03-11T03:14:01.050+0000] {logging_mixin.py:188} INFO - [2025-03-11T03:14:01.050+0000] {dagbag.py:545} INFO - Filling up the DagBag from /home/airflow/.local/lib/python3.12/site-packages/airflow/example_dags/example_display_name.py
[2025-03-11T03:14:01.059+0000] {processor.py:840} INFO - DAG(s) 'example_display_name' retrieved from /home/airflow/.local/lib/python3.12/site-packages/airflow/example_dags/example_display_name.py
[2025-03-11T03:14:01.095+0000] {logging_mixin.py:188} INFO - [2025-03-11T03:14:01.095+0000] {dag.py:3096} INFO - Sync 1 DAGs
[2025-03-11T03:14:01.135+0000] {logging_mixin.py:188} INFO - [2025-03-11T03:14:01.135+0000] {dag.py:3954} INFO - Setting next_dagrun for example_display_name to None, run_after=None
[2025-03-11T03:14:01.171+0000] {processor.py:183} INFO - Processing /home/airflow/.local/lib/python3.12/site-packages/airflow/example_dags/example_display_name.py took 0.134 seconds
[2025-03-11T03:14:32.002+0000] {processor.py:161} INFO - Started process (PID=64248) to work on /home/airflow/.local/lib/python3.12/site-packages/airflow/example_dags/example_display_name.py
[2025-03-11T03:14:32.003+0000] {processor.py:830} INFO - Processing file /home/airflow/.local/lib/python3.12/site-packages/airflow/example_dags/example_display_name.py for tasks to queue
[2025-03-11T03:14:32.005+0000] {logging_mixin.py:188} INFO - [2025-03-11T03:14:32.005+0000] {dagbag.py:545} INFO - Filling up the DagBag from /home/airflow/.local/lib/python3.12/site-packages/airflow/example_dags/example_display_name.py
[2025-03-11T03:14:32.013+0000] {processor.py:840} INFO - DAG(s) 'example_display_name' retrieved from /home/airflow/.local/lib/python3.12/site-packages/airflow/example_dags/example_display_name.py
[2025-03-11T03:14:32.032+0000] {logging_mixin.py:188} INFO - [2025-03-11T03:14:32.032+0000] {dag.py:3096} INFO - Sync 1 DAGs
[2025-03-11T03:14:32.046+0000] {logging_mixin.py:188} INFO - [2025-03-11T03:14:32.046+0000] {dag.py:3954} INFO - Setting next_dagrun for example_display_name to None, run_after=None
[2025-03-11T03:14:32.078+0000] {processor.py:183} INFO - Processing /home/airflow/.local/lib/python3.12/site-packages/airflow/example_dags/example_display_name.py took 0.082 seconds
[2025-03-11T03:15:05.315+0000] {processor.py:161} INFO - Started process (PID=64510) to work on /home/airflow/.local/lib/python3.12/site-packages/airflow/example_dags/example_display_name.py
[2025-03-11T03:15:05.317+0000] {processor.py:830} INFO - Processing file /home/airflow/.local/lib/python3.12/site-packages/airflow/example_dags/example_display_name.py for tasks to queue
[2025-03-11T03:15:05.320+0000] {logging_mixin.py:188} INFO - [2025-03-11T03:15:05.319+0000] {dagbag.py:545} INFO - Filling up the DagBag from /home/airflow/.local/lib/python3.12/site-packages/airflow/example_dags/example_display_name.py
[2025-03-11T03:15:05.327+0000] {processor.py:840} INFO - DAG(s) 'example_display_name' retrieved from /home/airflow/.local/lib/python3.12/site-packages/airflow/example_dags/example_display_name.py
[2025-03-11T03:15:05.351+0000] {logging_mixin.py:188} INFO - [2025-03-11T03:15:05.351+0000] {dag.py:3096} INFO - Sync 1 DAGs
[2025-03-11T03:15:05.365+0000] {logging_mixin.py:188} INFO - [2025-03-11T03:15:05.365+0000] {dag.py:3954} INFO - Setting next_dagrun for example_display_name to None, run_after=None
[2025-03-11T03:15:05.390+0000] {processor.py:183} INFO - Processing /home/airflow/.local/lib/python3.12/site-packages/airflow/example_dags/example_display_name.py took 0.082 seconds
[2025-03-11T03:15:39.239+0000] {processor.py:161} INFO - Started process (PID=64774) to work on /home/airflow/.local/lib/python3.12/site-packages/airflow/example_dags/example_display_name.py
[2025-03-11T03:15:39.241+0000] {processor.py:830} INFO - Processing file /home/airflow/.local/lib/python3.12/site-packages/airflow/example_dags/example_display_name.py for tasks to queue
[2025-03-11T03:15:39.245+0000] {logging_mixin.py:188} INFO - [2025-03-11T03:15:39.245+0000] {dagbag.py:545} INFO - Filling up the DagBag from /home/airflow/.local/lib/python3.12/site-packages/airflow/example_dags/example_display_name.py
[2025-03-11T03:15:39.257+0000] {processor.py:840} INFO - DAG(s) 'example_display_name' retrieved from /home/airflow/.local/lib/python3.12/site-packages/airflow/example_dags/example_display_name.py
[2025-03-11T03:15:39.293+0000] {logging_mixin.py:188} INFO - [2025-03-11T03:15:39.293+0000] {dag.py:3096} INFO - Sync 1 DAGs
[2025-03-11T03:15:39.311+0000] {logging_mixin.py:188} INFO - [2025-03-11T03:15:39.311+0000] {dag.py:3954} INFO - Setting next_dagrun for example_display_name to None, run_after=None
[2025-03-11T03:15:39.506+0000] {processor.py:183} INFO - Processing /home/airflow/.local/lib/python3.12/site-packages/airflow/example_dags/example_display_name.py took 0.277 seconds
[2025-03-11T03:16:09.707+0000] {processor.py:161} INFO - Started process (PID=65034) to work on /home/airflow/.local/lib/python3.12/site-packages/airflow/example_dags/example_display_name.py
[2025-03-11T03:16:09.708+0000] {processor.py:830} INFO - Processing file /home/airflow/.local/lib/python3.12/site-packages/airflow/example_dags/example_display_name.py for tasks to queue
[2025-03-11T03:16:09.711+0000] {logging_mixin.py:188} INFO - [2025-03-11T03:16:09.711+0000] {dagbag.py:545} INFO - Filling up the DagBag from /home/airflow/.local/lib/python3.12/site-packages/airflow/example_dags/example_display_name.py
[2025-03-11T03:16:09.719+0000] {processor.py:840} INFO - DAG(s) 'example_display_name' retrieved from /home/airflow/.local/lib/python3.12/site-packages/airflow/example_dags/example_display_name.py
[2025-03-11T03:16:09.740+0000] {logging_mixin.py:188} INFO - [2025-03-11T03:16:09.740+0000] {dag.py:3096} INFO - Sync 1 DAGs
[2025-03-11T03:16:09.758+0000] {logging_mixin.py:188} INFO - [2025-03-11T03:16:09.758+0000] {dag.py:3954} INFO - Setting next_dagrun for example_display_name to None, run_after=None
[2025-03-11T03:16:09.784+0000] {processor.py:183} INFO - Processing /home/airflow/.local/lib/python3.12/site-packages/airflow/example_dags/example_display_name.py took 0.085 seconds
[2025-03-11T03:16:43.258+0000] {processor.py:161} INFO - Started process (PID=65301) to work on /home/airflow/.local/lib/python3.12/site-packages/airflow/example_dags/example_display_name.py
[2025-03-11T03:16:43.260+0000] {processor.py:830} INFO - Processing file /home/airflow/.local/lib/python3.12/site-packages/airflow/example_dags/example_display_name.py for tasks to queue
[2025-03-11T03:16:43.264+0000] {logging_mixin.py:188} INFO - [2025-03-11T03:16:43.263+0000] {dagbag.py:545} INFO - Filling up the DagBag from /home/airflow/.local/lib/python3.12/site-packages/airflow/example_dags/example_display_name.py
[2025-03-11T03:16:43.273+0000] {processor.py:840} INFO - DAG(s) 'example_display_name' retrieved from /home/airflow/.local/lib/python3.12/site-packages/airflow/example_dags/example_display_name.py
[2025-03-11T03:16:43.309+0000] {logging_mixin.py:188} INFO - [2025-03-11T03:16:43.309+0000] {dag.py:3096} INFO - Sync 1 DAGs
[2025-03-11T03:16:43.327+0000] {logging_mixin.py:188} INFO - [2025-03-11T03:16:43.327+0000] {dag.py:3954} INFO - Setting next_dagrun for example_display_name to None, run_after=None
[2025-03-11T03:16:43.356+0000] {processor.py:183} INFO - Processing /home/airflow/.local/lib/python3.12/site-packages/airflow/example_dags/example_display_name.py took 0.105 seconds
[2025-03-11T03:17:14.815+0000] {processor.py:161} INFO - Started process (PID=65563) to work on /home/airflow/.local/lib/python3.12/site-packages/airflow/example_dags/example_display_name.py
[2025-03-11T03:17:14.816+0000] {processor.py:830} INFO - Processing file /home/airflow/.local/lib/python3.12/site-packages/airflow/example_dags/example_display_name.py for tasks to queue
[2025-03-11T03:17:14.819+0000] {logging_mixin.py:188} INFO - [2025-03-11T03:17:14.818+0000] {dagbag.py:545} INFO - Filling up the DagBag from /home/airflow/.local/lib/python3.12/site-packages/airflow/example_dags/example_display_name.py
[2025-03-11T03:17:14.825+0000] {processor.py:840} INFO - DAG(s) 'example_display_name' retrieved from /home/airflow/.local/lib/python3.12/site-packages/airflow/example_dags/example_display_name.py
[2025-03-11T03:17:14.847+0000] {logging_mixin.py:188} INFO - [2025-03-11T03:17:14.847+0000] {dag.py:3096} INFO - Sync 1 DAGs
[2025-03-11T03:17:14.862+0000] {logging_mixin.py:188} INFO - [2025-03-11T03:17:14.862+0000] {dag.py:3954} INFO - Setting next_dagrun for example_display_name to None, run_after=None
[2025-03-11T03:17:15.008+0000] {processor.py:183} INFO - Processing /home/airflow/.local/lib/python3.12/site-packages/airflow/example_dags/example_display_name.py took 0.200 seconds
[2025-03-11T03:17:45.864+0000] {processor.py:161} INFO - Started process (PID=65825) to work on /home/airflow/.local/lib/python3.12/site-packages/airflow/example_dags/example_display_name.py
[2025-03-11T03:17:45.865+0000] {processor.py:830} INFO - Processing file /home/airflow/.local/lib/python3.12/site-packages/airflow/example_dags/example_display_name.py for tasks to queue
[2025-03-11T03:17:45.868+0000] {logging_mixin.py:188} INFO - [2025-03-11T03:17:45.868+0000] {dagbag.py:545} INFO - Filling up the DagBag from /home/airflow/.local/lib/python3.12/site-packages/airflow/example_dags/example_display_name.py
[2025-03-11T03:17:45.874+0000] {processor.py:840} INFO - DAG(s) 'example_display_name' retrieved from /home/airflow/.local/lib/python3.12/site-packages/airflow/example_dags/example_display_name.py
[2025-03-11T03:17:45.896+0000] {logging_mixin.py:188} INFO - [2025-03-11T03:17:45.896+0000] {dag.py:3096} INFO - Sync 1 DAGs
[2025-03-11T03:17:45.911+0000] {logging_mixin.py:188} INFO - [2025-03-11T03:17:45.910+0000] {dag.py:3954} INFO - Setting next_dagrun for example_display_name to None, run_after=None
[2025-03-11T03:17:45.937+0000] {processor.py:183} INFO - Processing /home/airflow/.local/lib/python3.12/site-packages/airflow/example_dags/example_display_name.py took 0.081 seconds
[2025-03-11T03:18:20.381+0000] {processor.py:161} INFO - Started process (PID=66087) to work on /home/airflow/.local/lib/python3.12/site-packages/airflow/example_dags/example_display_name.py
[2025-03-11T03:18:20.383+0000] {processor.py:830} INFO - Processing file /home/airflow/.local/lib/python3.12/site-packages/airflow/example_dags/example_display_name.py for tasks to queue
[2025-03-11T03:18:20.386+0000] {logging_mixin.py:188} INFO - [2025-03-11T03:18:20.385+0000] {dagbag.py:545} INFO - Filling up the DagBag from /home/airflow/.local/lib/python3.12/site-packages/airflow/example_dags/example_display_name.py
[2025-03-11T03:18:20.392+0000] {processor.py:840} INFO - DAG(s) 'example_display_name' retrieved from /home/airflow/.local/lib/python3.12/site-packages/airflow/example_dags/example_display_name.py
[2025-03-11T03:18:20.546+0000] {logging_mixin.py:188} INFO - [2025-03-11T03:18:20.545+0000] {dag.py:3096} INFO - Sync 1 DAGs
[2025-03-11T03:18:20.558+0000] {logging_mixin.py:188} INFO - [2025-03-11T03:18:20.557+0000] {dag.py:3954} INFO - Setting next_dagrun for example_display_name to None, run_after=None
[2025-03-11T03:18:20.582+0000] {processor.py:183} INFO - Processing /home/airflow/.local/lib/python3.12/site-packages/airflow/example_dags/example_display_name.py took 0.207 seconds
[2025-03-11T03:18:50.726+0000] {processor.py:161} INFO - Started process (PID=66349) to work on /home/airflow/.local/lib/python3.12/site-packages/airflow/example_dags/example_display_name.py
[2025-03-11T03:18:50.728+0000] {processor.py:830} INFO - Processing file /home/airflow/.local/lib/python3.12/site-packages/airflow/example_dags/example_display_name.py for tasks to queue
[2025-03-11T03:18:50.730+0000] {logging_mixin.py:188} INFO - [2025-03-11T03:18:50.729+0000] {dagbag.py:545} INFO - Filling up the DagBag from /home/airflow/.local/lib/python3.12/site-packages/airflow/example_dags/example_display_name.py
[2025-03-11T03:18:50.736+0000] {processor.py:840} INFO - DAG(s) 'example_display_name' retrieved from /home/airflow/.local/lib/python3.12/site-packages/airflow/example_dags/example_display_name.py
[2025-03-11T03:18:50.757+0000] {logging_mixin.py:188} INFO - [2025-03-11T03:18:50.757+0000] {dag.py:3096} INFO - Sync 1 DAGs
[2025-03-11T03:18:50.772+0000] {logging_mixin.py:188} INFO - [2025-03-11T03:18:50.771+0000] {dag.py:3954} INFO - Setting next_dagrun for example_display_name to None, run_after=None
[2025-03-11T03:18:50.793+0000] {processor.py:183} INFO - Processing /home/airflow/.local/lib/python3.12/site-packages/airflow/example_dags/example_display_name.py took 0.074 seconds
[2025-03-11T03:19:22.491+0000] {processor.py:161} INFO - Started process (PID=66613) to work on /home/airflow/.local/lib/python3.12/site-packages/airflow/example_dags/example_display_name.py
[2025-03-11T03:19:22.493+0000] {processor.py:830} INFO - Processing file /home/airflow/.local/lib/python3.12/site-packages/airflow/example_dags/example_display_name.py for tasks to queue
[2025-03-11T03:19:22.496+0000] {logging_mixin.py:188} INFO - [2025-03-11T03:19:22.496+0000] {dagbag.py:545} INFO - Filling up the DagBag from /home/airflow/.local/lib/python3.12/site-packages/airflow/example_dags/example_display_name.py
[2025-03-11T03:19:22.502+0000] {processor.py:840} INFO - DAG(s) 'example_display_name' retrieved from /home/airflow/.local/lib/python3.12/site-packages/airflow/example_dags/example_display_name.py
[2025-03-11T03:19:22.523+0000] {logging_mixin.py:188} INFO - [2025-03-11T03:19:22.523+0000] {dag.py:3096} INFO - Sync 1 DAGs
[2025-03-11T03:19:22.537+0000] {logging_mixin.py:188} INFO - [2025-03-11T03:19:22.537+0000] {dag.py:3954} INFO - Setting next_dagrun for example_display_name to None, run_after=None
[2025-03-11T03:19:22.558+0000] {processor.py:183} INFO - Processing /home/airflow/.local/lib/python3.12/site-packages/airflow/example_dags/example_display_name.py took 0.073 seconds
[2025-03-11T03:19:53.853+0000] {processor.py:161} INFO - Started process (PID=66873) to work on /home/airflow/.local/lib/python3.12/site-packages/airflow/example_dags/example_display_name.py
[2025-03-11T03:19:53.855+0000] {processor.py:830} INFO - Processing file /home/airflow/.local/lib/python3.12/site-packages/airflow/example_dags/example_display_name.py for tasks to queue
[2025-03-11T03:19:53.858+0000] {logging_mixin.py:188} INFO - [2025-03-11T03:19:53.857+0000] {dagbag.py:545} INFO - Filling up the DagBag from /home/airflow/.local/lib/python3.12/site-packages/airflow/example_dags/example_display_name.py
[2025-03-11T03:19:53.864+0000] {processor.py:840} INFO - DAG(s) 'example_display_name' retrieved from /home/airflow/.local/lib/python3.12/site-packages/airflow/example_dags/example_display_name.py
[2025-03-11T03:19:53.888+0000] {logging_mixin.py:188} INFO - [2025-03-11T03:19:53.888+0000] {dag.py:3096} INFO - Sync 1 DAGs
[2025-03-11T03:19:53.903+0000] {logging_mixin.py:188} INFO - [2025-03-11T03:19:53.903+0000] {dag.py:3954} INFO - Setting next_dagrun for example_display_name to None, run_after=None
[2025-03-11T03:19:53.930+0000] {processor.py:183} INFO - Processing /home/airflow/.local/lib/python3.12/site-packages/airflow/example_dags/example_display_name.py took 0.083 seconds
[2025-03-11T03:20:26.996+0000] {processor.py:161} INFO - Started process (PID=67139) to work on /home/airflow/.local/lib/python3.12/site-packages/airflow/example_dags/example_display_name.py
[2025-03-11T03:20:26.997+0000] {processor.py:830} INFO - Processing file /home/airflow/.local/lib/python3.12/site-packages/airflow/example_dags/example_display_name.py for tasks to queue
[2025-03-11T03:20:26.999+0000] {logging_mixin.py:188} INFO - [2025-03-11T03:20:26.999+0000] {dagbag.py:545} INFO - Filling up the DagBag from /home/airflow/.local/lib/python3.12/site-packages/airflow/example_dags/example_display_name.py
[2025-03-11T03:20:27.005+0000] {processor.py:840} INFO - DAG(s) 'example_display_name' retrieved from /home/airflow/.local/lib/python3.12/site-packages/airflow/example_dags/example_display_name.py
[2025-03-11T03:20:27.025+0000] {logging_mixin.py:188} INFO - [2025-03-11T03:20:27.025+0000] {dag.py:3096} INFO - Sync 1 DAGs
[2025-03-11T03:20:27.038+0000] {logging_mixin.py:188} INFO - [2025-03-11T03:20:27.037+0000] {dag.py:3954} INFO - Setting next_dagrun for example_display_name to None, run_after=None
[2025-03-11T03:20:27.058+0000] {processor.py:183} INFO - Processing /home/airflow/.local/lib/python3.12/site-packages/airflow/example_dags/example_display_name.py took 0.068 seconds
[2025-03-11T03:20:57.888+0000] {processor.py:161} INFO - Started process (PID=67401) to work on /home/airflow/.local/lib/python3.12/site-packages/airflow/example_dags/example_display_name.py
[2025-03-11T03:20:57.889+0000] {processor.py:830} INFO - Processing file /home/airflow/.local/lib/python3.12/site-packages/airflow/example_dags/example_display_name.py for tasks to queue
[2025-03-11T03:20:57.891+0000] {logging_mixin.py:188} INFO - [2025-03-11T03:20:57.890+0000] {dagbag.py:545} INFO - Filling up the DagBag from /home/airflow/.local/lib/python3.12/site-packages/airflow/example_dags/example_display_name.py
[2025-03-11T03:20:57.896+0000] {processor.py:840} INFO - DAG(s) 'example_display_name' retrieved from /home/airflow/.local/lib/python3.12/site-packages/airflow/example_dags/example_display_name.py
[2025-03-11T03:20:57.915+0000] {logging_mixin.py:188} INFO - [2025-03-11T03:20:57.915+0000] {dag.py:3096} INFO - Sync 1 DAGs
[2025-03-11T03:20:57.927+0000] {logging_mixin.py:188} INFO - [2025-03-11T03:20:57.927+0000] {dag.py:3954} INFO - Setting next_dagrun for example_display_name to None, run_after=None
[2025-03-11T03:20:57.946+0000] {processor.py:183} INFO - Processing /home/airflow/.local/lib/python3.12/site-packages/airflow/example_dags/example_display_name.py took 0.064 seconds
[2025-03-11T03:21:31.828+0000] {processor.py:161} INFO - Started process (PID=67665) to work on /home/airflow/.local/lib/python3.12/site-packages/airflow/example_dags/example_display_name.py
[2025-03-11T03:21:31.829+0000] {processor.py:830} INFO - Processing file /home/airflow/.local/lib/python3.12/site-packages/airflow/example_dags/example_display_name.py for tasks to queue
[2025-03-11T03:21:31.831+0000] {logging_mixin.py:188} INFO - [2025-03-11T03:21:31.831+0000] {dagbag.py:545} INFO - Filling up the DagBag from /home/airflow/.local/lib/python3.12/site-packages/airflow/example_dags/example_display_name.py
[2025-03-11T03:21:31.837+0000] {processor.py:840} INFO - DAG(s) 'example_display_name' retrieved from /home/airflow/.local/lib/python3.12/site-packages/airflow/example_dags/example_display_name.py
[2025-03-11T03:21:31.856+0000] {logging_mixin.py:188} INFO - [2025-03-11T03:21:31.856+0000] {dag.py:3096} INFO - Sync 1 DAGs
[2025-03-11T03:21:31.869+0000] {logging_mixin.py:188} INFO - [2025-03-11T03:21:31.868+0000] {dag.py:3954} INFO - Setting next_dagrun for example_display_name to None, run_after=None
[2025-03-11T03:21:31.890+0000] {processor.py:183} INFO - Processing /home/airflow/.local/lib/python3.12/site-packages/airflow/example_dags/example_display_name.py took 0.067 seconds
[2025-03-11T03:22:03.023+0000] {processor.py:161} INFO - Started process (PID=67926) to work on /home/airflow/.local/lib/python3.12/site-packages/airflow/example_dags/example_display_name.py
[2025-03-11T03:22:03.025+0000] {processor.py:830} INFO - Processing file /home/airflow/.local/lib/python3.12/site-packages/airflow/example_dags/example_display_name.py for tasks to queue
[2025-03-11T03:22:03.027+0000] {logging_mixin.py:188} INFO - [2025-03-11T03:22:03.027+0000] {dagbag.py:545} INFO - Filling up the DagBag from /home/airflow/.local/lib/python3.12/site-packages/airflow/example_dags/example_display_name.py
[2025-03-11T03:22:03.035+0000] {processor.py:840} INFO - DAG(s) 'example_display_name' retrieved from /home/airflow/.local/lib/python3.12/site-packages/airflow/example_dags/example_display_name.py
[2025-03-11T03:22:03.062+0000] {logging_mixin.py:188} INFO - [2025-03-11T03:22:03.061+0000] {dag.py:3096} INFO - Sync 1 DAGs
[2025-03-11T03:22:03.075+0000] {logging_mixin.py:188} INFO - [2025-03-11T03:22:03.075+0000] {dag.py:3954} INFO - Setting next_dagrun for example_display_name to None, run_after=None
[2025-03-11T03:22:03.097+0000] {processor.py:183} INFO - Processing /home/airflow/.local/lib/python3.12/site-packages/airflow/example_dags/example_display_name.py took 0.079 seconds
[2025-03-11T03:22:36.176+0000] {processor.py:161} INFO - Started process (PID=68197) to work on /home/airflow/.local/lib/python3.12/site-packages/airflow/example_dags/example_display_name.py
[2025-03-11T03:22:36.178+0000] {processor.py:830} INFO - Processing file /home/airflow/.local/lib/python3.12/site-packages/airflow/example_dags/example_display_name.py for tasks to queue
[2025-03-11T03:22:36.181+0000] {logging_mixin.py:188} INFO - [2025-03-11T03:22:36.180+0000] {dagbag.py:545} INFO - Filling up the DagBag from /home/airflow/.local/lib/python3.12/site-packages/airflow/example_dags/example_display_name.py
[2025-03-11T03:22:36.192+0000] {processor.py:840} INFO - DAG(s) 'example_display_name' retrieved from /home/airflow/.local/lib/python3.12/site-packages/airflow/example_dags/example_display_name.py
[2025-03-11T03:22:36.222+0000] {logging_mixin.py:188} INFO - [2025-03-11T03:22:36.221+0000] {dag.py:3096} INFO - Sync 1 DAGs
[2025-03-11T03:22:36.236+0000] {logging_mixin.py:188} INFO - [2025-03-11T03:22:36.236+0000] {dag.py:3954} INFO - Setting next_dagrun for example_display_name to None, run_after=None
[2025-03-11T03:22:36.259+0000] {processor.py:183} INFO - Processing /home/airflow/.local/lib/python3.12/site-packages/airflow/example_dags/example_display_name.py took 0.090 seconds
[2025-03-11T03:23:08.470+0000] {processor.py:161} INFO - Started process (PID=68461) to work on /home/airflow/.local/lib/python3.12/site-packages/airflow/example_dags/example_display_name.py
[2025-03-11T03:23:08.472+0000] {processor.py:830} INFO - Processing file /home/airflow/.local/lib/python3.12/site-packages/airflow/example_dags/example_display_name.py for tasks to queue
[2025-03-11T03:23:08.476+0000] {logging_mixin.py:188} INFO - [2025-03-11T03:23:08.475+0000] {dagbag.py:545} INFO - Filling up the DagBag from /home/airflow/.local/lib/python3.12/site-packages/airflow/example_dags/example_display_name.py
[2025-03-11T03:23:08.486+0000] {processor.py:840} INFO - DAG(s) 'example_display_name' retrieved from /home/airflow/.local/lib/python3.12/site-packages/airflow/example_dags/example_display_name.py
[2025-03-11T03:23:08.520+0000] {logging_mixin.py:188} INFO - [2025-03-11T03:23:08.519+0000] {dag.py:3096} INFO - Sync 1 DAGs
[2025-03-11T03:23:08.538+0000] {logging_mixin.py:188} INFO - [2025-03-11T03:23:08.538+0000] {dag.py:3954} INFO - Setting next_dagrun for example_display_name to None, run_after=None
[2025-03-11T03:23:08.564+0000] {processor.py:183} INFO - Processing /home/airflow/.local/lib/python3.12/site-packages/airflow/example_dags/example_display_name.py took 0.100 seconds
[2025-03-11T03:23:39.362+0000] {processor.py:161} INFO - Started process (PID=68723) to work on /home/airflow/.local/lib/python3.12/site-packages/airflow/example_dags/example_display_name.py
[2025-03-11T03:23:39.364+0000] {processor.py:830} INFO - Processing file /home/airflow/.local/lib/python3.12/site-packages/airflow/example_dags/example_display_name.py for tasks to queue
[2025-03-11T03:23:39.368+0000] {logging_mixin.py:188} INFO - [2025-03-11T03:23:39.367+0000] {dagbag.py:545} INFO - Filling up the DagBag from /home/airflow/.local/lib/python3.12/site-packages/airflow/example_dags/example_display_name.py
[2025-03-11T03:23:39.377+0000] {processor.py:840} INFO - DAG(s) 'example_display_name' retrieved from /home/airflow/.local/lib/python3.12/site-packages/airflow/example_dags/example_display_name.py
[2025-03-11T03:23:39.409+0000] {logging_mixin.py:188} INFO - [2025-03-11T03:23:39.409+0000] {dag.py:3096} INFO - Sync 1 DAGs
[2025-03-11T03:23:39.429+0000] {logging_mixin.py:188} INFO - [2025-03-11T03:23:39.429+0000] {dag.py:3954} INFO - Setting next_dagrun for example_display_name to None, run_after=None
[2025-03-11T03:23:39.465+0000] {processor.py:183} INFO - Processing /home/airflow/.local/lib/python3.12/site-packages/airflow/example_dags/example_display_name.py took 0.116 seconds
[2025-03-11T03:24:12.364+0000] {processor.py:161} INFO - Started process (PID=68983) to work on /home/airflow/.local/lib/python3.12/site-packages/airflow/example_dags/example_display_name.py
[2025-03-11T03:24:12.365+0000] {processor.py:830} INFO - Processing file /home/airflow/.local/lib/python3.12/site-packages/airflow/example_dags/example_display_name.py for tasks to queue
[2025-03-11T03:24:12.368+0000] {logging_mixin.py:188} INFO - [2025-03-11T03:24:12.367+0000] {dagbag.py:545} INFO - Filling up the DagBag from /home/airflow/.local/lib/python3.12/site-packages/airflow/example_dags/example_display_name.py
[2025-03-11T03:24:12.375+0000] {processor.py:840} INFO - DAG(s) 'example_display_name' retrieved from /home/airflow/.local/lib/python3.12/site-packages/airflow/example_dags/example_display_name.py
[2025-03-11T03:24:12.396+0000] {logging_mixin.py:188} INFO - [2025-03-11T03:24:12.396+0000] {dag.py:3096} INFO - Sync 1 DAGs
[2025-03-11T03:24:12.410+0000] {logging_mixin.py:188} INFO - [2025-03-11T03:24:12.410+0000] {dag.py:3954} INFO - Setting next_dagrun for example_display_name to None, run_after=None
[2025-03-11T03:24:12.435+0000] {processor.py:183} INFO - Processing /home/airflow/.local/lib/python3.12/site-packages/airflow/example_dags/example_display_name.py took 0.077 seconds
[2025-03-11T03:24:44.235+0000] {processor.py:161} INFO - Started process (PID=69245) to work on /home/airflow/.local/lib/python3.12/site-packages/airflow/example_dags/example_display_name.py
[2025-03-11T03:24:44.236+0000] {processor.py:830} INFO - Processing file /home/airflow/.local/lib/python3.12/site-packages/airflow/example_dags/example_display_name.py for tasks to queue
[2025-03-11T03:24:44.238+0000] {logging_mixin.py:188} INFO - [2025-03-11T03:24:44.238+0000] {dagbag.py:545} INFO - Filling up the DagBag from /home/airflow/.local/lib/python3.12/site-packages/airflow/example_dags/example_display_name.py
[2025-03-11T03:24:44.244+0000] {processor.py:840} INFO - DAG(s) 'example_display_name' retrieved from /home/airflow/.local/lib/python3.12/site-packages/airflow/example_dags/example_display_name.py
[2025-03-11T03:24:44.262+0000] {logging_mixin.py:188} INFO - [2025-03-11T03:24:44.262+0000] {dag.py:3096} INFO - Sync 1 DAGs
[2025-03-11T03:24:44.275+0000] {logging_mixin.py:188} INFO - [2025-03-11T03:24:44.274+0000] {dag.py:3954} INFO - Setting next_dagrun for example_display_name to None, run_after=None
[2025-03-11T03:24:44.293+0000] {processor.py:183} INFO - Processing /home/airflow/.local/lib/python3.12/site-packages/airflow/example_dags/example_display_name.py took 0.064 seconds
[2025-03-11T03:25:16.210+0000] {processor.py:161} INFO - Started process (PID=69507) to work on /home/airflow/.local/lib/python3.12/site-packages/airflow/example_dags/example_display_name.py
[2025-03-11T03:25:16.211+0000] {processor.py:830} INFO - Processing file /home/airflow/.local/lib/python3.12/site-packages/airflow/example_dags/example_display_name.py for tasks to queue
[2025-03-11T03:25:16.214+0000] {logging_mixin.py:188} INFO - [2025-03-11T03:25:16.213+0000] {dagbag.py:545} INFO - Filling up the DagBag from /home/airflow/.local/lib/python3.12/site-packages/airflow/example_dags/example_display_name.py
[2025-03-11T03:25:16.223+0000] {processor.py:840} INFO - DAG(s) 'example_display_name' retrieved from /home/airflow/.local/lib/python3.12/site-packages/airflow/example_dags/example_display_name.py
[2025-03-11T03:25:16.252+0000] {logging_mixin.py:188} INFO - [2025-03-11T03:25:16.252+0000] {dag.py:3096} INFO - Sync 1 DAGs
[2025-03-11T03:25:16.274+0000] {logging_mixin.py:188} INFO - [2025-03-11T03:25:16.274+0000] {dag.py:3954} INFO - Setting next_dagrun for example_display_name to None, run_after=None
[2025-03-11T03:25:16.315+0000] {processor.py:183} INFO - Processing /home/airflow/.local/lib/python3.12/site-packages/airflow/example_dags/example_display_name.py took 0.115 seconds
[2025-03-11T03:25:48.333+0000] {processor.py:161} INFO - Started process (PID=69769) to work on /home/airflow/.local/lib/python3.12/site-packages/airflow/example_dags/example_display_name.py
[2025-03-11T03:25:48.334+0000] {processor.py:830} INFO - Processing file /home/airflow/.local/lib/python3.12/site-packages/airflow/example_dags/example_display_name.py for tasks to queue
[2025-03-11T03:25:48.336+0000] {logging_mixin.py:188} INFO - [2025-03-11T03:25:48.336+0000] {dagbag.py:545} INFO - Filling up the DagBag from /home/airflow/.local/lib/python3.12/site-packages/airflow/example_dags/example_display_name.py
[2025-03-11T03:25:48.342+0000] {processor.py:840} INFO - DAG(s) 'example_display_name' retrieved from /home/airflow/.local/lib/python3.12/site-packages/airflow/example_dags/example_display_name.py
[2025-03-11T03:25:48.359+0000] {logging_mixin.py:188} INFO - [2025-03-11T03:25:48.358+0000] {dag.py:3096} INFO - Sync 1 DAGs
[2025-03-11T03:25:48.372+0000] {logging_mixin.py:188} INFO - [2025-03-11T03:25:48.372+0000] {dag.py:3954} INFO - Setting next_dagrun for example_display_name to None, run_after=None
[2025-03-11T03:25:48.391+0000] {processor.py:183} INFO - Processing /home/airflow/.local/lib/python3.12/site-packages/airflow/example_dags/example_display_name.py took 0.063 seconds
[2025-03-11T03:26:20.607+0000] {processor.py:161} INFO - Started process (PID=70031) to work on /home/airflow/.local/lib/python3.12/site-packages/airflow/example_dags/example_display_name.py
[2025-03-11T03:26:20.608+0000] {processor.py:830} INFO - Processing file /home/airflow/.local/lib/python3.12/site-packages/airflow/example_dags/example_display_name.py for tasks to queue
[2025-03-11T03:26:20.611+0000] {logging_mixin.py:188} INFO - [2025-03-11T03:26:20.610+0000] {dagbag.py:545} INFO - Filling up the DagBag from /home/airflow/.local/lib/python3.12/site-packages/airflow/example_dags/example_display_name.py
[2025-03-11T03:26:20.617+0000] {processor.py:840} INFO - DAG(s) 'example_display_name' retrieved from /home/airflow/.local/lib/python3.12/site-packages/airflow/example_dags/example_display_name.py
[2025-03-11T03:26:20.635+0000] {logging_mixin.py:188} INFO - [2025-03-11T03:26:20.635+0000] {dag.py:3096} INFO - Sync 1 DAGs
[2025-03-11T03:26:20.647+0000] {logging_mixin.py:188} INFO - [2025-03-11T03:26:20.647+0000] {dag.py:3954} INFO - Setting next_dagrun for example_display_name to None, run_after=None
[2025-03-11T03:26:20.665+0000] {processor.py:183} INFO - Processing /home/airflow/.local/lib/python3.12/site-packages/airflow/example_dags/example_display_name.py took 0.064 seconds
[2025-03-11T03:26:51.414+0000] {processor.py:161} INFO - Started process (PID=70293) to work on /home/airflow/.local/lib/python3.12/site-packages/airflow/example_dags/example_display_name.py
[2025-03-11T03:26:51.416+0000] {processor.py:830} INFO - Processing file /home/airflow/.local/lib/python3.12/site-packages/airflow/example_dags/example_display_name.py for tasks to queue
[2025-03-11T03:26:51.418+0000] {logging_mixin.py:188} INFO - [2025-03-11T03:26:51.418+0000] {dagbag.py:545} INFO - Filling up the DagBag from /home/airflow/.local/lib/python3.12/site-packages/airflow/example_dags/example_display_name.py
[2025-03-11T03:26:51.425+0000] {processor.py:840} INFO - DAG(s) 'example_display_name' retrieved from /home/airflow/.local/lib/python3.12/site-packages/airflow/example_dags/example_display_name.py
[2025-03-11T03:26:51.444+0000] {logging_mixin.py:188} INFO - [2025-03-11T03:26:51.444+0000] {dag.py:3096} INFO - Sync 1 DAGs
[2025-03-11T03:26:51.460+0000] {logging_mixin.py:188} INFO - [2025-03-11T03:26:51.460+0000] {dag.py:3954} INFO - Setting next_dagrun for example_display_name to None, run_after=None
[2025-03-11T03:26:51.482+0000] {processor.py:183} INFO - Processing /home/airflow/.local/lib/python3.12/site-packages/airflow/example_dags/example_display_name.py took 0.073 seconds
[2025-03-11T03:27:24.681+0000] {processor.py:161} INFO - Started process (PID=70555) to work on /home/airflow/.local/lib/python3.12/site-packages/airflow/example_dags/example_display_name.py
[2025-03-11T03:27:24.682+0000] {processor.py:830} INFO - Processing file /home/airflow/.local/lib/python3.12/site-packages/airflow/example_dags/example_display_name.py for tasks to queue
[2025-03-11T03:27:24.685+0000] {logging_mixin.py:188} INFO - [2025-03-11T03:27:24.684+0000] {dagbag.py:545} INFO - Filling up the DagBag from /home/airflow/.local/lib/python3.12/site-packages/airflow/example_dags/example_display_name.py
[2025-03-11T03:27:24.692+0000] {processor.py:840} INFO - DAG(s) 'example_display_name' retrieved from /home/airflow/.local/lib/python3.12/site-packages/airflow/example_dags/example_display_name.py
[2025-03-11T03:27:24.714+0000] {logging_mixin.py:188} INFO - [2025-03-11T03:27:24.714+0000] {dag.py:3096} INFO - Sync 1 DAGs
[2025-03-11T03:27:24.729+0000] {logging_mixin.py:188} INFO - [2025-03-11T03:27:24.729+0000] {dag.py:3954} INFO - Setting next_dagrun for example_display_name to None, run_after=None
[2025-03-11T03:27:24.755+0000] {processor.py:183} INFO - Processing /home/airflow/.local/lib/python3.12/site-packages/airflow/example_dags/example_display_name.py took 0.081 seconds
[2025-03-11T03:27:56.422+0000] {processor.py:161} INFO - Started process (PID=70817) to work on /home/airflow/.local/lib/python3.12/site-packages/airflow/example_dags/example_display_name.py
[2025-03-11T03:27:56.424+0000] {processor.py:830} INFO - Processing file /home/airflow/.local/lib/python3.12/site-packages/airflow/example_dags/example_display_name.py for tasks to queue
[2025-03-11T03:27:56.426+0000] {logging_mixin.py:188} INFO - [2025-03-11T03:27:56.426+0000] {dagbag.py:545} INFO - Filling up the DagBag from /home/airflow/.local/lib/python3.12/site-packages/airflow/example_dags/example_display_name.py
[2025-03-11T03:27:56.432+0000] {processor.py:840} INFO - DAG(s) 'example_display_name' retrieved from /home/airflow/.local/lib/python3.12/site-packages/airflow/example_dags/example_display_name.py
[2025-03-11T03:27:56.452+0000] {logging_mixin.py:188} INFO - [2025-03-11T03:27:56.452+0000] {dag.py:3096} INFO - Sync 1 DAGs
[2025-03-11T03:27:56.466+0000] {logging_mixin.py:188} INFO - [2025-03-11T03:27:56.466+0000] {dag.py:3954} INFO - Setting next_dagrun for example_display_name to None, run_after=None
[2025-03-11T03:27:56.487+0000] {processor.py:183} INFO - Processing /home/airflow/.local/lib/python3.12/site-packages/airflow/example_dags/example_display_name.py took 0.071 seconds
[2025-03-11T03:28:29.236+0000] {processor.py:161} INFO - Started process (PID=71079) to work on /home/airflow/.local/lib/python3.12/site-packages/airflow/example_dags/example_display_name.py
[2025-03-11T03:28:29.237+0000] {processor.py:830} INFO - Processing file /home/airflow/.local/lib/python3.12/site-packages/airflow/example_dags/example_display_name.py for tasks to queue
[2025-03-11T03:28:29.240+0000] {logging_mixin.py:188} INFO - [2025-03-11T03:28:29.240+0000] {dagbag.py:545} INFO - Filling up the DagBag from /home/airflow/.local/lib/python3.12/site-packages/airflow/example_dags/example_display_name.py
[2025-03-11T03:28:29.247+0000] {processor.py:840} INFO - DAG(s) 'example_display_name' retrieved from /home/airflow/.local/lib/python3.12/site-packages/airflow/example_dags/example_display_name.py
[2025-03-11T03:28:29.271+0000] {logging_mixin.py:188} INFO - [2025-03-11T03:28:29.271+0000] {dag.py:3096} INFO - Sync 1 DAGs
[2025-03-11T03:28:29.286+0000] {logging_mixin.py:188} INFO - [2025-03-11T03:28:29.285+0000] {dag.py:3954} INFO - Setting next_dagrun for example_display_name to None, run_after=None
[2025-03-11T03:28:29.312+0000] {processor.py:183} INFO - Processing /home/airflow/.local/lib/python3.12/site-packages/airflow/example_dags/example_display_name.py took 0.083 seconds
[2025-03-11T03:29:01.462+0000] {processor.py:161} INFO - Started process (PID=71341) to work on /home/airflow/.local/lib/python3.12/site-packages/airflow/example_dags/example_display_name.py
[2025-03-11T03:29:01.463+0000] {processor.py:830} INFO - Processing file /home/airflow/.local/lib/python3.12/site-packages/airflow/example_dags/example_display_name.py for tasks to queue
[2025-03-11T03:29:01.465+0000] {logging_mixin.py:188} INFO - [2025-03-11T03:29:01.465+0000] {dagbag.py:545} INFO - Filling up the DagBag from /home/airflow/.local/lib/python3.12/site-packages/airflow/example_dags/example_display_name.py
[2025-03-11T03:29:01.473+0000] {processor.py:840} INFO - DAG(s) 'example_display_name' retrieved from /home/airflow/.local/lib/python3.12/site-packages/airflow/example_dags/example_display_name.py
[2025-03-11T03:29:01.495+0000] {logging_mixin.py:188} INFO - [2025-03-11T03:29:01.495+0000] {dag.py:3096} INFO - Sync 1 DAGs
[2025-03-11T03:29:01.510+0000] {logging_mixin.py:188} INFO - [2025-03-11T03:29:01.510+0000] {dag.py:3954} INFO - Setting next_dagrun for example_display_name to None, run_after=None
[2025-03-11T03:29:01.530+0000] {processor.py:183} INFO - Processing /home/airflow/.local/lib/python3.12/site-packages/airflow/example_dags/example_display_name.py took 0.075 seconds
[2025-03-11T03:29:33.228+0000] {processor.py:161} INFO - Started process (PID=71603) to work on /home/airflow/.local/lib/python3.12/site-packages/airflow/example_dags/example_display_name.py
[2025-03-11T03:29:33.229+0000] {processor.py:830} INFO - Processing file /home/airflow/.local/lib/python3.12/site-packages/airflow/example_dags/example_display_name.py for tasks to queue
[2025-03-11T03:29:33.231+0000] {logging_mixin.py:188} INFO - [2025-03-11T03:29:33.231+0000] {dagbag.py:545} INFO - Filling up the DagBag from /home/airflow/.local/lib/python3.12/site-packages/airflow/example_dags/example_display_name.py
[2025-03-11T03:29:33.238+0000] {processor.py:840} INFO - DAG(s) 'example_display_name' retrieved from /home/airflow/.local/lib/python3.12/site-packages/airflow/example_dags/example_display_name.py
[2025-03-11T03:29:33.261+0000] {logging_mixin.py:188} INFO - [2025-03-11T03:29:33.260+0000] {dag.py:3096} INFO - Sync 1 DAGs
[2025-03-11T03:29:33.274+0000] {logging_mixin.py:188} INFO - [2025-03-11T03:29:33.274+0000] {dag.py:3954} INFO - Setting next_dagrun for example_display_name to None, run_after=None
[2025-03-11T03:29:33.296+0000] {processor.py:183} INFO - Processing /home/airflow/.local/lib/python3.12/site-packages/airflow/example_dags/example_display_name.py took 0.073 seconds
[2025-03-11T03:30:05.548+0000] {processor.py:161} INFO - Started process (PID=71865) to work on /home/airflow/.local/lib/python3.12/site-packages/airflow/example_dags/example_display_name.py
[2025-03-11T03:30:05.550+0000] {processor.py:830} INFO - Processing file /home/airflow/.local/lib/python3.12/site-packages/airflow/example_dags/example_display_name.py for tasks to queue
[2025-03-11T03:30:05.552+0000] {logging_mixin.py:188} INFO - [2025-03-11T03:30:05.552+0000] {dagbag.py:545} INFO - Filling up the DagBag from /home/airflow/.local/lib/python3.12/site-packages/airflow/example_dags/example_display_name.py
[2025-03-11T03:30:05.561+0000] {processor.py:840} INFO - DAG(s) 'example_display_name' retrieved from /home/airflow/.local/lib/python3.12/site-packages/airflow/example_dags/example_display_name.py
[2025-03-11T03:30:05.600+0000] {logging_mixin.py:188} INFO - [2025-03-11T03:30:05.600+0000] {dag.py:3096} INFO - Sync 1 DAGs
[2025-03-11T03:30:05.619+0000] {logging_mixin.py:188} INFO - [2025-03-11T03:30:05.618+0000] {dag.py:3954} INFO - Setting next_dagrun for example_display_name to None, run_after=None
[2025-03-11T03:30:05.640+0000] {processor.py:183} INFO - Processing /home/airflow/.local/lib/python3.12/site-packages/airflow/example_dags/example_display_name.py took 0.100 seconds
[2025-03-11T03:30:37.999+0000] {processor.py:161} INFO - Started process (PID=72127) to work on /home/airflow/.local/lib/python3.12/site-packages/airflow/example_dags/example_display_name.py
[2025-03-11T03:30:38.001+0000] {processor.py:830} INFO - Processing file /home/airflow/.local/lib/python3.12/site-packages/airflow/example_dags/example_display_name.py for tasks to queue
[2025-03-11T03:30:38.006+0000] {logging_mixin.py:188} INFO - [2025-03-11T03:30:38.005+0000] {dagbag.py:545} INFO - Filling up the DagBag from /home/airflow/.local/lib/python3.12/site-packages/airflow/example_dags/example_display_name.py
[2025-03-11T03:30:38.022+0000] {processor.py:840} INFO - DAG(s) 'example_display_name' retrieved from /home/airflow/.local/lib/python3.12/site-packages/airflow/example_dags/example_display_name.py
[2025-03-11T03:30:38.069+0000] {logging_mixin.py:188} INFO - [2025-03-11T03:30:38.068+0000] {dag.py:3096} INFO - Sync 1 DAGs
[2025-03-11T03:30:38.085+0000] {logging_mixin.py:188} INFO - [2025-03-11T03:30:38.085+0000] {dag.py:3954} INFO - Setting next_dagrun for example_display_name to None, run_after=None
[2025-03-11T03:30:38.111+0000] {processor.py:183} INFO - Processing /home/airflow/.local/lib/python3.12/site-packages/airflow/example_dags/example_display_name.py took 0.127 seconds
[2025-03-11T03:31:08.691+0000] {processor.py:161} INFO - Started process (PID=72389) to work on /home/airflow/.local/lib/python3.12/site-packages/airflow/example_dags/example_display_name.py
[2025-03-11T03:31:08.693+0000] {processor.py:830} INFO - Processing file /home/airflow/.local/lib/python3.12/site-packages/airflow/example_dags/example_display_name.py for tasks to queue
[2025-03-11T03:31:08.695+0000] {logging_mixin.py:188} INFO - [2025-03-11T03:31:08.694+0000] {dagbag.py:545} INFO - Filling up the DagBag from /home/airflow/.local/lib/python3.12/site-packages/airflow/example_dags/example_display_name.py
[2025-03-11T03:31:08.701+0000] {processor.py:840} INFO - DAG(s) 'example_display_name' retrieved from /home/airflow/.local/lib/python3.12/site-packages/airflow/example_dags/example_display_name.py
[2025-03-11T03:31:08.720+0000] {logging_mixin.py:188} INFO - [2025-03-11T03:31:08.720+0000] {dag.py:3096} INFO - Sync 1 DAGs
[2025-03-11T03:31:08.746+0000] {logging_mixin.py:188} INFO - [2025-03-11T03:31:08.746+0000] {dag.py:3954} INFO - Setting next_dagrun for example_display_name to None, run_after=None
[2025-03-11T03:31:08.777+0000] {processor.py:183} INFO - Processing /home/airflow/.local/lib/python3.12/site-packages/airflow/example_dags/example_display_name.py took 0.091 seconds
[2025-03-11T03:31:41.289+0000] {processor.py:161} INFO - Started process (PID=72651) to work on /home/airflow/.local/lib/python3.12/site-packages/airflow/example_dags/example_display_name.py
[2025-03-11T03:31:41.290+0000] {processor.py:830} INFO - Processing file /home/airflow/.local/lib/python3.12/site-packages/airflow/example_dags/example_display_name.py for tasks to queue
[2025-03-11T03:31:41.293+0000] {logging_mixin.py:188} INFO - [2025-03-11T03:31:41.292+0000] {dagbag.py:545} INFO - Filling up the DagBag from /home/airflow/.local/lib/python3.12/site-packages/airflow/example_dags/example_display_name.py
[2025-03-11T03:31:41.300+0000] {processor.py:840} INFO - DAG(s) 'example_display_name' retrieved from /home/airflow/.local/lib/python3.12/site-packages/airflow/example_dags/example_display_name.py
[2025-03-11T03:31:41.325+0000] {logging_mixin.py:188} INFO - [2025-03-11T03:31:41.324+0000] {dag.py:3096} INFO - Sync 1 DAGs
[2025-03-11T03:31:41.339+0000] {logging_mixin.py:188} INFO - [2025-03-11T03:31:41.339+0000] {dag.py:3954} INFO - Setting next_dagrun for example_display_name to None, run_after=None
[2025-03-11T03:31:41.360+0000] {processor.py:183} INFO - Processing /home/airflow/.local/lib/python3.12/site-packages/airflow/example_dags/example_display_name.py took 0.077 seconds
[2025-03-11T03:32:12.412+0000] {processor.py:161} INFO - Started process (PID=72915) to work on /home/airflow/.local/lib/python3.12/site-packages/airflow/example_dags/example_display_name.py
[2025-03-11T03:32:12.413+0000] {processor.py:830} INFO - Processing file /home/airflow/.local/lib/python3.12/site-packages/airflow/example_dags/example_display_name.py for tasks to queue
[2025-03-11T03:32:12.415+0000] {logging_mixin.py:188} INFO - [2025-03-11T03:32:12.415+0000] {dagbag.py:545} INFO - Filling up the DagBag from /home/airflow/.local/lib/python3.12/site-packages/airflow/example_dags/example_display_name.py
[2025-03-11T03:32:12.422+0000] {processor.py:840} INFO - DAG(s) 'example_display_name' retrieved from /home/airflow/.local/lib/python3.12/site-packages/airflow/example_dags/example_display_name.py
[2025-03-11T03:32:12.447+0000] {logging_mixin.py:188} INFO - [2025-03-11T03:32:12.446+0000] {dag.py:3096} INFO - Sync 1 DAGs
[2025-03-11T03:32:12.460+0000] {logging_mixin.py:188} INFO - [2025-03-11T03:32:12.459+0000] {dag.py:3954} INFO - Setting next_dagrun for example_display_name to None, run_after=None
[2025-03-11T03:32:12.482+0000] {processor.py:183} INFO - Processing /home/airflow/.local/lib/python3.12/site-packages/airflow/example_dags/example_display_name.py took 0.078 seconds
[2025-03-11T03:32:45.266+0000] {processor.py:161} INFO - Started process (PID=73176) to work on /home/airflow/.local/lib/python3.12/site-packages/airflow/example_dags/example_display_name.py
[2025-03-11T03:32:45.268+0000] {processor.py:830} INFO - Processing file /home/airflow/.local/lib/python3.12/site-packages/airflow/example_dags/example_display_name.py for tasks to queue
[2025-03-11T03:32:45.271+0000] {logging_mixin.py:188} INFO - [2025-03-11T03:32:45.271+0000] {dagbag.py:545} INFO - Filling up the DagBag from /home/airflow/.local/lib/python3.12/site-packages/airflow/example_dags/example_display_name.py
[2025-03-11T03:32:45.277+0000] {processor.py:840} INFO - DAG(s) 'example_display_name' retrieved from /home/airflow/.local/lib/python3.12/site-packages/airflow/example_dags/example_display_name.py
[2025-03-11T03:32:45.298+0000] {logging_mixin.py:188} INFO - [2025-03-11T03:32:45.298+0000] {dag.py:3096} INFO - Sync 1 DAGs
[2025-03-11T03:32:45.311+0000] {logging_mixin.py:188} INFO - [2025-03-11T03:32:45.310+0000] {dag.py:3954} INFO - Setting next_dagrun for example_display_name to None, run_after=None
[2025-03-11T03:32:45.331+0000] {processor.py:183} INFO - Processing /home/airflow/.local/lib/python3.12/site-packages/airflow/example_dags/example_display_name.py took 0.071 seconds
