[2025-03-11T03:05:18.973+0000] {processor.py:161} INFO - Started process (PID=59515) to work on /home/airflow/.local/lib/python3.12/site-packages/airflow/example_dags/example_short_circuit_decorator.py
[2025-03-11T03:05:18.974+0000] {processor.py:830} INFO - Processing file /home/airflow/.local/lib/python3.12/site-packages/airflow/example_dags/example_short_circuit_decorator.py for tasks to queue
[2025-03-11T03:05:18.977+0000] {logging_mixin.py:188} INFO - [2025-03-11T03:05:18.976+0000] {dagbag.py:545} INFO - Filling up the DagBag from /home/airflow/.local/lib/python3.12/site-packages/airflow/example_dags/example_short_circuit_decorator.py
[2025-03-11T03:05:18.990+0000] {processor.py:840} INFO - DAG(s) 'example_short_circuit_decorator' retrieved from /home/airflow/.local/lib/python3.12/site-packages/airflow/example_dags/example_short_circuit_decorator.py
[2025-03-11T03:05:19.017+0000] {logging_mixin.py:188} INFO - [2025-03-11T03:05:19.016+0000] {dag.py:3096} INFO - Sync 1 DAGs
[2025-03-11T03:05:19.041+0000] {logging_mixin.py:188} INFO - [2025-03-11T03:05:19.041+0000] {dag.py:3954} INFO - Setting next_dagrun for example_short_circuit_decorator to 2025-03-10 00:00:00+00:00, run_after=2025-03-11 00:00:00+00:00
[2025-03-11T03:05:19.068+0000] {processor.py:183} INFO - Processing /home/airflow/.local/lib/python3.12/site-packages/airflow/example_dags/example_short_circuit_decorator.py took 0.103 seconds
[2025-03-11T03:05:49.209+0000] {processor.py:161} INFO - Started process (PID=59777) to work on /home/airflow/.local/lib/python3.12/site-packages/airflow/example_dags/example_short_circuit_decorator.py
[2025-03-11T03:05:49.210+0000] {processor.py:830} INFO - Processing file /home/airflow/.local/lib/python3.12/site-packages/airflow/example_dags/example_short_circuit_decorator.py for tasks to queue
[2025-03-11T03:05:49.212+0000] {logging_mixin.py:188} INFO - [2025-03-11T03:05:49.212+0000] {dagbag.py:545} INFO - Filling up the DagBag from /home/airflow/.local/lib/python3.12/site-packages/airflow/example_dags/example_short_circuit_decorator.py
[2025-03-11T03:05:49.221+0000] {processor.py:840} INFO - DAG(s) 'example_short_circuit_decorator' retrieved from /home/airflow/.local/lib/python3.12/site-packages/airflow/example_dags/example_short_circuit_decorator.py
[2025-03-11T03:05:49.245+0000] {logging_mixin.py:188} INFO - [2025-03-11T03:05:49.245+0000] {dag.py:3096} INFO - Sync 1 DAGs
[2025-03-11T03:05:49.270+0000] {logging_mixin.py:188} INFO - [2025-03-11T03:05:49.270+0000] {dag.py:3954} INFO - Setting next_dagrun for example_short_circuit_decorator to 2025-03-10 00:00:00+00:00, run_after=2025-03-11 00:00:00+00:00
[2025-03-11T03:05:49.326+0000] {processor.py:183} INFO - Processing /home/airflow/.local/lib/python3.12/site-packages/airflow/example_dags/example_short_circuit_decorator.py took 0.123 seconds
[2025-03-11T03:06:20.091+0000] {processor.py:161} INFO - Started process (PID=60037) to work on /home/airflow/.local/lib/python3.12/site-packages/airflow/example_dags/example_short_circuit_decorator.py
[2025-03-11T03:06:20.092+0000] {processor.py:830} INFO - Processing file /home/airflow/.local/lib/python3.12/site-packages/airflow/example_dags/example_short_circuit_decorator.py for tasks to queue
[2025-03-11T03:06:20.093+0000] {logging_mixin.py:188} INFO - [2025-03-11T03:06:20.093+0000] {dagbag.py:545} INFO - Filling up the DagBag from /home/airflow/.local/lib/python3.12/site-packages/airflow/example_dags/example_short_circuit_decorator.py
[2025-03-11T03:06:20.101+0000] {processor.py:840} INFO - DAG(s) 'example_short_circuit_decorator' retrieved from /home/airflow/.local/lib/python3.12/site-packages/airflow/example_dags/example_short_circuit_decorator.py
[2025-03-11T03:06:20.122+0000] {logging_mixin.py:188} INFO - [2025-03-11T03:06:20.121+0000] {dag.py:3096} INFO - Sync 1 DAGs
[2025-03-11T03:06:20.142+0000] {logging_mixin.py:188} INFO - [2025-03-11T03:06:20.142+0000] {dag.py:3954} INFO - Setting next_dagrun for example_short_circuit_decorator to 2025-03-10 00:00:00+00:00, run_after=2025-03-11 00:00:00+00:00
[2025-03-11T03:06:20.162+0000] {processor.py:183} INFO - Processing /home/airflow/.local/lib/python3.12/site-packages/airflow/example_dags/example_short_circuit_decorator.py took 0.076 seconds
[2025-03-11T03:06:50.832+0000] {processor.py:161} INFO - Started process (PID=60299) to work on /home/airflow/.local/lib/python3.12/site-packages/airflow/example_dags/example_short_circuit_decorator.py
[2025-03-11T03:06:50.834+0000] {processor.py:830} INFO - Processing file /home/airflow/.local/lib/python3.12/site-packages/airflow/example_dags/example_short_circuit_decorator.py for tasks to queue
[2025-03-11T03:06:50.838+0000] {logging_mixin.py:188} INFO - [2025-03-11T03:06:50.837+0000] {dagbag.py:545} INFO - Filling up the DagBag from /home/airflow/.local/lib/python3.12/site-packages/airflow/example_dags/example_short_circuit_decorator.py
[2025-03-11T03:06:50.848+0000] {processor.py:840} INFO - DAG(s) 'example_short_circuit_decorator' retrieved from /home/airflow/.local/lib/python3.12/site-packages/airflow/example_dags/example_short_circuit_decorator.py
[2025-03-11T03:06:50.875+0000] {logging_mixin.py:188} INFO - [2025-03-11T03:06:50.875+0000] {dag.py:3096} INFO - Sync 1 DAGs
[2025-03-11T03:06:50.901+0000] {logging_mixin.py:188} INFO - [2025-03-11T03:06:50.901+0000] {dag.py:3954} INFO - Setting next_dagrun for example_short_circuit_decorator to 2025-03-10 00:00:00+00:00, run_after=2025-03-11 00:00:00+00:00
[2025-03-11T03:06:50.922+0000] {processor.py:183} INFO - Processing /home/airflow/.local/lib/python3.12/site-packages/airflow/example_dags/example_short_circuit_decorator.py took 0.106 seconds
[2025-03-11T03:07:21.546+0000] {processor.py:161} INFO - Started process (PID=60561) to work on /home/airflow/.local/lib/python3.12/site-packages/airflow/example_dags/example_short_circuit_decorator.py
[2025-03-11T03:07:21.556+0000] {processor.py:830} INFO - Processing file /home/airflow/.local/lib/python3.12/site-packages/airflow/example_dags/example_short_circuit_decorator.py for tasks to queue
[2025-03-11T03:07:21.562+0000] {logging_mixin.py:188} INFO - [2025-03-11T03:07:21.560+0000] {dagbag.py:545} INFO - Filling up the DagBag from /home/airflow/.local/lib/python3.12/site-packages/airflow/example_dags/example_short_circuit_decorator.py
[2025-03-11T03:07:21.578+0000] {processor.py:840} INFO - DAG(s) 'example_short_circuit_decorator' retrieved from /home/airflow/.local/lib/python3.12/site-packages/airflow/example_dags/example_short_circuit_decorator.py
[2025-03-11T03:07:21.601+0000] {logging_mixin.py:188} INFO - [2025-03-11T03:07:21.601+0000] {dag.py:3096} INFO - Sync 1 DAGs
[2025-03-11T03:07:21.623+0000] {logging_mixin.py:188} INFO - [2025-03-11T03:07:21.623+0000] {dag.py:3954} INFO - Setting next_dagrun for example_short_circuit_decorator to 2025-03-10 00:00:00+00:00, run_after=2025-03-11 00:00:00+00:00
[2025-03-11T03:07:21.651+0000] {processor.py:183} INFO - Processing /home/airflow/.local/lib/python3.12/site-packages/airflow/example_dags/example_short_circuit_decorator.py took 0.135 seconds
[2025-03-11T03:07:51.796+0000] {processor.py:161} INFO - Started process (PID=60823) to work on /home/airflow/.local/lib/python3.12/site-packages/airflow/example_dags/example_short_circuit_decorator.py
[2025-03-11T03:07:51.798+0000] {processor.py:830} INFO - Processing file /home/airflow/.local/lib/python3.12/site-packages/airflow/example_dags/example_short_circuit_decorator.py for tasks to queue
[2025-03-11T03:07:51.800+0000] {logging_mixin.py:188} INFO - [2025-03-11T03:07:51.800+0000] {dagbag.py:545} INFO - Filling up the DagBag from /home/airflow/.local/lib/python3.12/site-packages/airflow/example_dags/example_short_circuit_decorator.py
[2025-03-11T03:07:51.811+0000] {processor.py:840} INFO - DAG(s) 'example_short_circuit_decorator' retrieved from /home/airflow/.local/lib/python3.12/site-packages/airflow/example_dags/example_short_circuit_decorator.py
[2025-03-11T03:07:51.840+0000] {logging_mixin.py:188} INFO - [2025-03-11T03:07:51.840+0000] {dag.py:3096} INFO - Sync 1 DAGs
[2025-03-11T03:07:51.866+0000] {logging_mixin.py:188} INFO - [2025-03-11T03:07:51.866+0000] {dag.py:3954} INFO - Setting next_dagrun for example_short_circuit_decorator to 2025-03-10 00:00:00+00:00, run_after=2025-03-11 00:00:00+00:00
[2025-03-11T03:07:51.892+0000] {processor.py:183} INFO - Processing /home/airflow/.local/lib/python3.12/site-packages/airflow/example_dags/example_short_circuit_decorator.py took 0.104 seconds
[2025-03-11T03:08:22.328+0000] {processor.py:161} INFO - Started process (PID=61085) to work on /home/airflow/.local/lib/python3.12/site-packages/airflow/example_dags/example_short_circuit_decorator.py
[2025-03-11T03:08:22.330+0000] {processor.py:830} INFO - Processing file /home/airflow/.local/lib/python3.12/site-packages/airflow/example_dags/example_short_circuit_decorator.py for tasks to queue
[2025-03-11T03:08:22.332+0000] {logging_mixin.py:188} INFO - [2025-03-11T03:08:22.332+0000] {dagbag.py:545} INFO - Filling up the DagBag from /home/airflow/.local/lib/python3.12/site-packages/airflow/example_dags/example_short_circuit_decorator.py
[2025-03-11T03:08:22.342+0000] {processor.py:840} INFO - DAG(s) 'example_short_circuit_decorator' retrieved from /home/airflow/.local/lib/python3.12/site-packages/airflow/example_dags/example_short_circuit_decorator.py
[2025-03-11T03:08:22.373+0000] {logging_mixin.py:188} INFO - [2025-03-11T03:08:22.373+0000] {dag.py:3096} INFO - Sync 1 DAGs
[2025-03-11T03:08:22.395+0000] {logging_mixin.py:188} INFO - [2025-03-11T03:08:22.395+0000] {dag.py:3954} INFO - Setting next_dagrun for example_short_circuit_decorator to 2025-03-10 00:00:00+00:00, run_after=2025-03-11 00:00:00+00:00
[2025-03-11T03:08:22.417+0000] {processor.py:183} INFO - Processing /home/airflow/.local/lib/python3.12/site-packages/airflow/example_dags/example_short_circuit_decorator.py took 0.095 seconds
[2025-03-11T03:08:52.819+0000] {processor.py:161} INFO - Started process (PID=61341) to work on /home/airflow/.local/lib/python3.12/site-packages/airflow/example_dags/example_short_circuit_decorator.py
[2025-03-11T03:08:52.820+0000] {processor.py:830} INFO - Processing file /home/airflow/.local/lib/python3.12/site-packages/airflow/example_dags/example_short_circuit_decorator.py for tasks to queue
[2025-03-11T03:08:52.823+0000] {logging_mixin.py:188} INFO - [2025-03-11T03:08:52.823+0000] {dagbag.py:545} INFO - Filling up the DagBag from /home/airflow/.local/lib/python3.12/site-packages/airflow/example_dags/example_short_circuit_decorator.py
[2025-03-11T03:08:52.833+0000] {processor.py:840} INFO - DAG(s) 'example_short_circuit_decorator' retrieved from /home/airflow/.local/lib/python3.12/site-packages/airflow/example_dags/example_short_circuit_decorator.py
[2025-03-11T03:08:52.858+0000] {logging_mixin.py:188} INFO - [2025-03-11T03:08:52.858+0000] {dag.py:3096} INFO - Sync 1 DAGs
[2025-03-11T03:08:52.881+0000] {logging_mixin.py:188} INFO - [2025-03-11T03:08:52.881+0000] {dag.py:3954} INFO - Setting next_dagrun for example_short_circuit_decorator to 2025-03-10 00:00:00+00:00, run_after=2025-03-11 00:00:00+00:00
[2025-03-11T03:08:52.902+0000] {processor.py:183} INFO - Processing /home/airflow/.local/lib/python3.12/site-packages/airflow/example_dags/example_short_circuit_decorator.py took 0.090 seconds
[2025-03-11T03:09:23.708+0000] {processor.py:161} INFO - Started process (PID=61603) to work on /home/airflow/.local/lib/python3.12/site-packages/airflow/example_dags/example_short_circuit_decorator.py
[2025-03-11T03:09:23.710+0000] {processor.py:830} INFO - Processing file /home/airflow/.local/lib/python3.12/site-packages/airflow/example_dags/example_short_circuit_decorator.py for tasks to queue
[2025-03-11T03:09:23.713+0000] {logging_mixin.py:188} INFO - [2025-03-11T03:09:23.712+0000] {dagbag.py:545} INFO - Filling up the DagBag from /home/airflow/.local/lib/python3.12/site-packages/airflow/example_dags/example_short_circuit_decorator.py
[2025-03-11T03:09:23.721+0000] {processor.py:840} INFO - DAG(s) 'example_short_circuit_decorator' retrieved from /home/airflow/.local/lib/python3.12/site-packages/airflow/example_dags/example_short_circuit_decorator.py
[2025-03-11T03:09:23.742+0000] {logging_mixin.py:188} INFO - [2025-03-11T03:09:23.742+0000] {dag.py:3096} INFO - Sync 1 DAGs
[2025-03-11T03:09:23.763+0000] {logging_mixin.py:188} INFO - [2025-03-11T03:09:23.763+0000] {dag.py:3954} INFO - Setting next_dagrun for example_short_circuit_decorator to 2025-03-10 00:00:00+00:00, run_after=2025-03-11 00:00:00+00:00
[2025-03-11T03:09:23.782+0000] {processor.py:183} INFO - Processing /home/airflow/.local/lib/python3.12/site-packages/airflow/example_dags/example_short_circuit_decorator.py took 0.081 seconds
[2025-03-11T03:09:54.454+0000] {processor.py:161} INFO - Started process (PID=61866) to work on /home/airflow/.local/lib/python3.12/site-packages/airflow/example_dags/example_short_circuit_decorator.py
[2025-03-11T03:09:54.455+0000] {processor.py:830} INFO - Processing file /home/airflow/.local/lib/python3.12/site-packages/airflow/example_dags/example_short_circuit_decorator.py for tasks to queue
[2025-03-11T03:09:54.457+0000] {logging_mixin.py:188} INFO - [2025-03-11T03:09:54.457+0000] {dagbag.py:545} INFO - Filling up the DagBag from /home/airflow/.local/lib/python3.12/site-packages/airflow/example_dags/example_short_circuit_decorator.py
[2025-03-11T03:09:54.466+0000] {processor.py:840} INFO - DAG(s) 'example_short_circuit_decorator' retrieved from /home/airflow/.local/lib/python3.12/site-packages/airflow/example_dags/example_short_circuit_decorator.py
[2025-03-11T03:09:54.492+0000] {logging_mixin.py:188} INFO - [2025-03-11T03:09:54.492+0000] {dag.py:3096} INFO - Sync 1 DAGs
[2025-03-11T03:09:54.517+0000] {logging_mixin.py:188} INFO - [2025-03-11T03:09:54.517+0000] {dag.py:3954} INFO - Setting next_dagrun for example_short_circuit_decorator to 2025-03-10 00:00:00+00:00, run_after=2025-03-11 00:00:00+00:00
[2025-03-11T03:09:54.539+0000] {processor.py:183} INFO - Processing /home/airflow/.local/lib/python3.12/site-packages/airflow/example_dags/example_short_circuit_decorator.py took 0.091 seconds
[2025-03-11T03:10:24.933+0000] {processor.py:161} INFO - Started process (PID=62128) to work on /home/airflow/.local/lib/python3.12/site-packages/airflow/example_dags/example_short_circuit_decorator.py
[2025-03-11T03:10:24.938+0000] {processor.py:830} INFO - Processing file /home/airflow/.local/lib/python3.12/site-packages/airflow/example_dags/example_short_circuit_decorator.py for tasks to queue
[2025-03-11T03:10:24.947+0000] {logging_mixin.py:188} INFO - [2025-03-11T03:10:24.945+0000] {dagbag.py:545} INFO - Filling up the DagBag from /home/airflow/.local/lib/python3.12/site-packages/airflow/example_dags/example_short_circuit_decorator.py
[2025-03-11T03:10:24.967+0000] {processor.py:840} INFO - DAG(s) 'example_short_circuit_decorator' retrieved from /home/airflow/.local/lib/python3.12/site-packages/airflow/example_dags/example_short_circuit_decorator.py
[2025-03-11T03:10:24.991+0000] {logging_mixin.py:188} INFO - [2025-03-11T03:10:24.991+0000] {dag.py:3096} INFO - Sync 1 DAGs
[2025-03-11T03:10:25.011+0000] {logging_mixin.py:188} INFO - [2025-03-11T03:10:25.011+0000] {dag.py:3954} INFO - Setting next_dagrun for example_short_circuit_decorator to 2025-03-10 00:00:00+00:00, run_after=2025-03-11 00:00:00+00:00
[2025-03-11T03:10:25.030+0000] {processor.py:183} INFO - Processing /home/airflow/.local/lib/python3.12/site-packages/airflow/example_dags/example_short_circuit_decorator.py took 0.133 seconds
[2025-03-11T03:10:55.322+0000] {processor.py:161} INFO - Started process (PID=62390) to work on /home/airflow/.local/lib/python3.12/site-packages/airflow/example_dags/example_short_circuit_decorator.py
[2025-03-11T03:10:55.323+0000] {processor.py:830} INFO - Processing file /home/airflow/.local/lib/python3.12/site-packages/airflow/example_dags/example_short_circuit_decorator.py for tasks to queue
[2025-03-11T03:10:55.325+0000] {logging_mixin.py:188} INFO - [2025-03-11T03:10:55.324+0000] {dagbag.py:545} INFO - Filling up the DagBag from /home/airflow/.local/lib/python3.12/site-packages/airflow/example_dags/example_short_circuit_decorator.py
[2025-03-11T03:10:55.333+0000] {processor.py:840} INFO - DAG(s) 'example_short_circuit_decorator' retrieved from /home/airflow/.local/lib/python3.12/site-packages/airflow/example_dags/example_short_circuit_decorator.py
[2025-03-11T03:10:55.354+0000] {logging_mixin.py:188} INFO - [2025-03-11T03:10:55.354+0000] {dag.py:3096} INFO - Sync 1 DAGs
[2025-03-11T03:10:55.374+0000] {logging_mixin.py:188} INFO - [2025-03-11T03:10:55.374+0000] {dag.py:3954} INFO - Setting next_dagrun for example_short_circuit_decorator to 2025-03-10 00:00:00+00:00, run_after=2025-03-11 00:00:00+00:00
[2025-03-11T03:10:55.397+0000] {processor.py:183} INFO - Processing /home/airflow/.local/lib/python3.12/site-packages/airflow/example_dags/example_short_circuit_decorator.py took 0.080 seconds
[2025-03-11T03:11:26.773+0000] {processor.py:161} INFO - Started process (PID=62652) to work on /home/airflow/.local/lib/python3.12/site-packages/airflow/example_dags/example_short_circuit_decorator.py
[2025-03-11T03:11:26.776+0000] {processor.py:830} INFO - Processing file /home/airflow/.local/lib/python3.12/site-packages/airflow/example_dags/example_short_circuit_decorator.py for tasks to queue
[2025-03-11T03:11:26.779+0000] {logging_mixin.py:188} INFO - [2025-03-11T03:11:26.778+0000] {dagbag.py:545} INFO - Filling up the DagBag from /home/airflow/.local/lib/python3.12/site-packages/airflow/example_dags/example_short_circuit_decorator.py
[2025-03-11T03:11:26.798+0000] {processor.py:840} INFO - DAG(s) 'example_short_circuit_decorator' retrieved from /home/airflow/.local/lib/python3.12/site-packages/airflow/example_dags/example_short_circuit_decorator.py
[2025-03-11T03:11:26.831+0000] {logging_mixin.py:188} INFO - [2025-03-11T03:11:26.830+0000] {dag.py:3096} INFO - Sync 1 DAGs
[2025-03-11T03:11:26.862+0000] {logging_mixin.py:188} INFO - [2025-03-11T03:11:26.861+0000] {dag.py:3954} INFO - Setting next_dagrun for example_short_circuit_decorator to 2025-03-10 00:00:00+00:00, run_after=2025-03-11 00:00:00+00:00
[2025-03-11T03:11:26.889+0000] {processor.py:183} INFO - Processing /home/airflow/.local/lib/python3.12/site-packages/airflow/example_dags/example_short_circuit_decorator.py took 0.142 seconds
[2025-03-11T03:11:57.368+0000] {processor.py:161} INFO - Started process (PID=62924) to work on /home/airflow/.local/lib/python3.12/site-packages/airflow/example_dags/example_short_circuit_decorator.py
[2025-03-11T03:11:57.369+0000] {processor.py:830} INFO - Processing file /home/airflow/.local/lib/python3.12/site-packages/airflow/example_dags/example_short_circuit_decorator.py for tasks to queue
[2025-03-11T03:11:57.372+0000] {logging_mixin.py:188} INFO - [2025-03-11T03:11:57.371+0000] {dagbag.py:545} INFO - Filling up the DagBag from /home/airflow/.local/lib/python3.12/site-packages/airflow/example_dags/example_short_circuit_decorator.py
[2025-03-11T03:11:57.381+0000] {processor.py:840} INFO - DAG(s) 'example_short_circuit_decorator' retrieved from /home/airflow/.local/lib/python3.12/site-packages/airflow/example_dags/example_short_circuit_decorator.py
[2025-03-11T03:11:57.402+0000] {logging_mixin.py:188} INFO - [2025-03-11T03:11:57.402+0000] {dag.py:3096} INFO - Sync 1 DAGs
[2025-03-11T03:11:57.427+0000] {logging_mixin.py:188} INFO - [2025-03-11T03:11:57.427+0000] {dag.py:3954} INFO - Setting next_dagrun for example_short_circuit_decorator to 2025-03-10 00:00:00+00:00, run_after=2025-03-11 00:00:00+00:00
[2025-03-11T03:11:57.453+0000] {processor.py:183} INFO - Processing /home/airflow/.local/lib/python3.12/site-packages/airflow/example_dags/example_short_circuit_decorator.py took 0.091 seconds
[2025-03-11T03:12:27.774+0000] {processor.py:161} INFO - Started process (PID=63186) to work on /home/airflow/.local/lib/python3.12/site-packages/airflow/example_dags/example_short_circuit_decorator.py
[2025-03-11T03:12:27.776+0000] {processor.py:830} INFO - Processing file /home/airflow/.local/lib/python3.12/site-packages/airflow/example_dags/example_short_circuit_decorator.py for tasks to queue
[2025-03-11T03:12:27.778+0000] {logging_mixin.py:188} INFO - [2025-03-11T03:12:27.778+0000] {dagbag.py:545} INFO - Filling up the DagBag from /home/airflow/.local/lib/python3.12/site-packages/airflow/example_dags/example_short_circuit_decorator.py
[2025-03-11T03:12:27.787+0000] {processor.py:840} INFO - DAG(s) 'example_short_circuit_decorator' retrieved from /home/airflow/.local/lib/python3.12/site-packages/airflow/example_dags/example_short_circuit_decorator.py
[2025-03-11T03:12:27.813+0000] {logging_mixin.py:188} INFO - [2025-03-11T03:12:27.812+0000] {dag.py:3096} INFO - Sync 1 DAGs
[2025-03-11T03:12:27.835+0000] {logging_mixin.py:188} INFO - [2025-03-11T03:12:27.834+0000] {dag.py:3954} INFO - Setting next_dagrun for example_short_circuit_decorator to 2025-03-10 00:00:00+00:00, run_after=2025-03-11 00:00:00+00:00
[2025-03-11T03:12:27.856+0000] {processor.py:183} INFO - Processing /home/airflow/.local/lib/python3.12/site-packages/airflow/example_dags/example_short_circuit_decorator.py took 0.088 seconds
[2025-03-11T03:12:58.196+0000] {processor.py:161} INFO - Started process (PID=63447) to work on /home/airflow/.local/lib/python3.12/site-packages/airflow/example_dags/example_short_circuit_decorator.py
[2025-03-11T03:12:58.198+0000] {processor.py:830} INFO - Processing file /home/airflow/.local/lib/python3.12/site-packages/airflow/example_dags/example_short_circuit_decorator.py for tasks to queue
[2025-03-11T03:12:58.200+0000] {logging_mixin.py:188} INFO - [2025-03-11T03:12:58.200+0000] {dagbag.py:545} INFO - Filling up the DagBag from /home/airflow/.local/lib/python3.12/site-packages/airflow/example_dags/example_short_circuit_decorator.py
[2025-03-11T03:12:58.209+0000] {processor.py:840} INFO - DAG(s) 'example_short_circuit_decorator' retrieved from /home/airflow/.local/lib/python3.12/site-packages/airflow/example_dags/example_short_circuit_decorator.py
[2025-03-11T03:12:58.234+0000] {logging_mixin.py:188} INFO - [2025-03-11T03:12:58.234+0000] {dag.py:3096} INFO - Sync 1 DAGs
[2025-03-11T03:12:58.254+0000] {logging_mixin.py:188} INFO - [2025-03-11T03:12:58.254+0000] {dag.py:3954} INFO - Setting next_dagrun for example_short_circuit_decorator to 2025-03-10 00:00:00+00:00, run_after=2025-03-11 00:00:00+00:00
[2025-03-11T03:12:58.273+0000] {processor.py:183} INFO - Processing /home/airflow/.local/lib/python3.12/site-packages/airflow/example_dags/example_short_circuit_decorator.py took 0.083 seconds
[2025-03-11T03:13:28.644+0000] {processor.py:161} INFO - Started process (PID=63709) to work on /home/airflow/.local/lib/python3.12/site-packages/airflow/example_dags/example_short_circuit_decorator.py
[2025-03-11T03:13:28.645+0000] {processor.py:830} INFO - Processing file /home/airflow/.local/lib/python3.12/site-packages/airflow/example_dags/example_short_circuit_decorator.py for tasks to queue
[2025-03-11T03:13:28.647+0000] {logging_mixin.py:188} INFO - [2025-03-11T03:13:28.647+0000] {dagbag.py:545} INFO - Filling up the DagBag from /home/airflow/.local/lib/python3.12/site-packages/airflow/example_dags/example_short_circuit_decorator.py
[2025-03-11T03:13:28.657+0000] {processor.py:840} INFO - DAG(s) 'example_short_circuit_decorator' retrieved from /home/airflow/.local/lib/python3.12/site-packages/airflow/example_dags/example_short_circuit_decorator.py
[2025-03-11T03:13:28.680+0000] {logging_mixin.py:188} INFO - [2025-03-11T03:13:28.680+0000] {dag.py:3096} INFO - Sync 1 DAGs
[2025-03-11T03:13:28.703+0000] {logging_mixin.py:188} INFO - [2025-03-11T03:13:28.702+0000] {dag.py:3954} INFO - Setting next_dagrun for example_short_circuit_decorator to 2025-03-10 00:00:00+00:00, run_after=2025-03-11 00:00:00+00:00
[2025-03-11T03:13:28.722+0000] {processor.py:183} INFO - Processing /home/airflow/.local/lib/python3.12/site-packages/airflow/example_dags/example_short_circuit_decorator.py took 0.085 seconds
[2025-03-11T03:14:00.834+0000] {processor.py:161} INFO - Started process (PID=63971) to work on /home/airflow/.local/lib/python3.12/site-packages/airflow/example_dags/example_short_circuit_decorator.py
[2025-03-11T03:14:00.838+0000] {processor.py:830} INFO - Processing file /home/airflow/.local/lib/python3.12/site-packages/airflow/example_dags/example_short_circuit_decorator.py for tasks to queue
[2025-03-11T03:14:00.846+0000] {logging_mixin.py:188} INFO - [2025-03-11T03:14:00.845+0000] {dagbag.py:545} INFO - Filling up the DagBag from /home/airflow/.local/lib/python3.12/site-packages/airflow/example_dags/example_short_circuit_decorator.py
[2025-03-11T03:14:00.871+0000] {processor.py:840} INFO - DAG(s) 'example_short_circuit_decorator' retrieved from /home/airflow/.local/lib/python3.12/site-packages/airflow/example_dags/example_short_circuit_decorator.py
[2025-03-11T03:14:00.913+0000] {logging_mixin.py:188} INFO - [2025-03-11T03:14:00.913+0000] {dag.py:3096} INFO - Sync 1 DAGs
[2025-03-11T03:14:00.938+0000] {logging_mixin.py:188} INFO - [2025-03-11T03:14:00.938+0000] {dag.py:3954} INFO - Setting next_dagrun for example_short_circuit_decorator to 2025-03-10 00:00:00+00:00, run_after=2025-03-11 00:00:00+00:00
[2025-03-11T03:14:00.975+0000] {processor.py:183} INFO - Processing /home/airflow/.local/lib/python3.12/site-packages/airflow/example_dags/example_short_circuit_decorator.py took 0.157 seconds
[2025-03-11T03:14:31.792+0000] {processor.py:161} INFO - Started process (PID=64233) to work on /home/airflow/.local/lib/python3.12/site-packages/airflow/example_dags/example_short_circuit_decorator.py
[2025-03-11T03:14:31.793+0000] {processor.py:830} INFO - Processing file /home/airflow/.local/lib/python3.12/site-packages/airflow/example_dags/example_short_circuit_decorator.py for tasks to queue
[2025-03-11T03:14:31.796+0000] {logging_mixin.py:188} INFO - [2025-03-11T03:14:31.795+0000] {dagbag.py:545} INFO - Filling up the DagBag from /home/airflow/.local/lib/python3.12/site-packages/airflow/example_dags/example_short_circuit_decorator.py
[2025-03-11T03:14:31.805+0000] {processor.py:840} INFO - DAG(s) 'example_short_circuit_decorator' retrieved from /home/airflow/.local/lib/python3.12/site-packages/airflow/example_dags/example_short_circuit_decorator.py
[2025-03-11T03:14:31.833+0000] {logging_mixin.py:188} INFO - [2025-03-11T03:14:31.833+0000] {dag.py:3096} INFO - Sync 1 DAGs
[2025-03-11T03:14:31.859+0000] {logging_mixin.py:188} INFO - [2025-03-11T03:14:31.858+0000] {dag.py:3954} INFO - Setting next_dagrun for example_short_circuit_decorator to 2025-03-10 00:00:00+00:00, run_after=2025-03-11 00:00:00+00:00
[2025-03-11T03:14:31.880+0000] {processor.py:183} INFO - Processing /home/airflow/.local/lib/python3.12/site-packages/airflow/example_dags/example_short_circuit_decorator.py took 0.095 seconds
[2025-03-11T03:15:05.185+0000] {processor.py:161} INFO - Started process (PID=64497) to work on /home/airflow/.local/lib/python3.12/site-packages/airflow/example_dags/example_short_circuit_decorator.py
[2025-03-11T03:15:05.187+0000] {processor.py:830} INFO - Processing file /home/airflow/.local/lib/python3.12/site-packages/airflow/example_dags/example_short_circuit_decorator.py for tasks to queue
[2025-03-11T03:15:05.189+0000] {logging_mixin.py:188} INFO - [2025-03-11T03:15:05.188+0000] {dagbag.py:545} INFO - Filling up the DagBag from /home/airflow/.local/lib/python3.12/site-packages/airflow/example_dags/example_short_circuit_decorator.py
[2025-03-11T03:15:05.198+0000] {processor.py:840} INFO - DAG(s) 'example_short_circuit_decorator' retrieved from /home/airflow/.local/lib/python3.12/site-packages/airflow/example_dags/example_short_circuit_decorator.py
[2025-03-11T03:15:05.224+0000] {logging_mixin.py:188} INFO - [2025-03-11T03:15:05.223+0000] {dag.py:3096} INFO - Sync 1 DAGs
[2025-03-11T03:15:05.251+0000] {logging_mixin.py:188} INFO - [2025-03-11T03:15:05.251+0000] {dag.py:3954} INFO - Setting next_dagrun for example_short_circuit_decorator to 2025-03-10 00:00:00+00:00, run_after=2025-03-11 00:00:00+00:00
[2025-03-11T03:15:05.272+0000] {processor.py:183} INFO - Processing /home/airflow/.local/lib/python3.12/site-packages/airflow/example_dags/example_short_circuit_decorator.py took 0.092 seconds
[2025-03-11T03:15:38.686+0000] {processor.py:161} INFO - Started process (PID=64759) to work on /home/airflow/.local/lib/python3.12/site-packages/airflow/example_dags/example_short_circuit_decorator.py
[2025-03-11T03:15:38.687+0000] {processor.py:830} INFO - Processing file /home/airflow/.local/lib/python3.12/site-packages/airflow/example_dags/example_short_circuit_decorator.py for tasks to queue
[2025-03-11T03:15:38.690+0000] {logging_mixin.py:188} INFO - [2025-03-11T03:15:38.689+0000] {dagbag.py:545} INFO - Filling up the DagBag from /home/airflow/.local/lib/python3.12/site-packages/airflow/example_dags/example_short_circuit_decorator.py
[2025-03-11T03:15:38.698+0000] {processor.py:840} INFO - DAG(s) 'example_short_circuit_decorator' retrieved from /home/airflow/.local/lib/python3.12/site-packages/airflow/example_dags/example_short_circuit_decorator.py
[2025-03-11T03:15:38.722+0000] {logging_mixin.py:188} INFO - [2025-03-11T03:15:38.722+0000] {dag.py:3096} INFO - Sync 1 DAGs
[2025-03-11T03:15:38.868+0000] {logging_mixin.py:188} INFO - [2025-03-11T03:15:38.868+0000] {dag.py:3954} INFO - Setting next_dagrun for example_short_circuit_decorator to 2025-03-10 00:00:00+00:00, run_after=2025-03-11 00:00:00+00:00
[2025-03-11T03:15:38.897+0000] {processor.py:183} INFO - Processing /home/airflow/.local/lib/python3.12/site-packages/airflow/example_dags/example_short_circuit_decorator.py took 0.216 seconds
[2025-03-11T03:16:09.140+0000] {processor.py:161} INFO - Started process (PID=65021) to work on /home/airflow/.local/lib/python3.12/site-packages/airflow/example_dags/example_short_circuit_decorator.py
[2025-03-11T03:16:09.142+0000] {processor.py:830} INFO - Processing file /home/airflow/.local/lib/python3.12/site-packages/airflow/example_dags/example_short_circuit_decorator.py for tasks to queue
[2025-03-11T03:16:09.147+0000] {logging_mixin.py:188} INFO - [2025-03-11T03:16:09.146+0000] {dagbag.py:545} INFO - Filling up the DagBag from /home/airflow/.local/lib/python3.12/site-packages/airflow/example_dags/example_short_circuit_decorator.py
[2025-03-11T03:16:09.162+0000] {processor.py:840} INFO - DAG(s) 'example_short_circuit_decorator' retrieved from /home/airflow/.local/lib/python3.12/site-packages/airflow/example_dags/example_short_circuit_decorator.py
[2025-03-11T03:16:09.193+0000] {logging_mixin.py:188} INFO - [2025-03-11T03:16:09.192+0000] {dag.py:3096} INFO - Sync 1 DAGs
[2025-03-11T03:16:09.233+0000] {logging_mixin.py:188} INFO - [2025-03-11T03:16:09.232+0000] {dag.py:3954} INFO - Setting next_dagrun for example_short_circuit_decorator to 2025-03-10 00:00:00+00:00, run_after=2025-03-11 00:00:00+00:00
[2025-03-11T03:16:09.275+0000] {processor.py:183} INFO - Processing /home/airflow/.local/lib/python3.12/site-packages/airflow/example_dags/example_short_circuit_decorator.py took 0.144 seconds
[2025-03-11T03:16:42.902+0000] {processor.py:161} INFO - Started process (PID=65281) to work on /home/airflow/.local/lib/python3.12/site-packages/airflow/example_dags/example_short_circuit_decorator.py
[2025-03-11T03:16:42.904+0000] {processor.py:830} INFO - Processing file /home/airflow/.local/lib/python3.12/site-packages/airflow/example_dags/example_short_circuit_decorator.py for tasks to queue
[2025-03-11T03:16:42.906+0000] {logging_mixin.py:188} INFO - [2025-03-11T03:16:42.906+0000] {dagbag.py:545} INFO - Filling up the DagBag from /home/airflow/.local/lib/python3.12/site-packages/airflow/example_dags/example_short_circuit_decorator.py
[2025-03-11T03:16:42.915+0000] {processor.py:840} INFO - DAG(s) 'example_short_circuit_decorator' retrieved from /home/airflow/.local/lib/python3.12/site-packages/airflow/example_dags/example_short_circuit_decorator.py
[2025-03-11T03:16:42.940+0000] {logging_mixin.py:188} INFO - [2025-03-11T03:16:42.940+0000] {dag.py:3096} INFO - Sync 1 DAGs
[2025-03-11T03:16:42.963+0000] {logging_mixin.py:188} INFO - [2025-03-11T03:16:42.963+0000] {dag.py:3954} INFO - Setting next_dagrun for example_short_circuit_decorator to 2025-03-10 00:00:00+00:00, run_after=2025-03-11 00:00:00+00:00
[2025-03-11T03:16:42.981+0000] {processor.py:183} INFO - Processing /home/airflow/.local/lib/python3.12/site-packages/airflow/example_dags/example_short_circuit_decorator.py took 0.085 seconds
[2025-03-11T03:17:14.165+0000] {processor.py:161} INFO - Started process (PID=65543) to work on /home/airflow/.local/lib/python3.12/site-packages/airflow/example_dags/example_short_circuit_decorator.py
[2025-03-11T03:17:14.166+0000] {processor.py:830} INFO - Processing file /home/airflow/.local/lib/python3.12/site-packages/airflow/example_dags/example_short_circuit_decorator.py for tasks to queue
[2025-03-11T03:17:14.169+0000] {logging_mixin.py:188} INFO - [2025-03-11T03:17:14.169+0000] {dagbag.py:545} INFO - Filling up the DagBag from /home/airflow/.local/lib/python3.12/site-packages/airflow/example_dags/example_short_circuit_decorator.py
[2025-03-11T03:17:14.182+0000] {processor.py:840} INFO - DAG(s) 'example_short_circuit_decorator' retrieved from /home/airflow/.local/lib/python3.12/site-packages/airflow/example_dags/example_short_circuit_decorator.py
[2025-03-11T03:17:14.205+0000] {logging_mixin.py:188} INFO - [2025-03-11T03:17:14.205+0000] {dag.py:3096} INFO - Sync 1 DAGs
[2025-03-11T03:17:14.341+0000] {logging_mixin.py:188} INFO - [2025-03-11T03:17:14.340+0000] {dag.py:3954} INFO - Setting next_dagrun for example_short_circuit_decorator to 2025-03-10 00:00:00+00:00, run_after=2025-03-11 00:00:00+00:00
[2025-03-11T03:17:14.363+0000] {processor.py:183} INFO - Processing /home/airflow/.local/lib/python3.12/site-packages/airflow/example_dags/example_short_circuit_decorator.py took 0.205 seconds
[2025-03-11T03:17:45.419+0000] {processor.py:161} INFO - Started process (PID=65805) to work on /home/airflow/.local/lib/python3.12/site-packages/airflow/example_dags/example_short_circuit_decorator.py
[2025-03-11T03:17:45.421+0000] {processor.py:830} INFO - Processing file /home/airflow/.local/lib/python3.12/site-packages/airflow/example_dags/example_short_circuit_decorator.py for tasks to queue
[2025-03-11T03:17:45.423+0000] {logging_mixin.py:188} INFO - [2025-03-11T03:17:45.422+0000] {dagbag.py:545} INFO - Filling up the DagBag from /home/airflow/.local/lib/python3.12/site-packages/airflow/example_dags/example_short_circuit_decorator.py
[2025-03-11T03:17:45.432+0000] {processor.py:840} INFO - DAG(s) 'example_short_circuit_decorator' retrieved from /home/airflow/.local/lib/python3.12/site-packages/airflow/example_dags/example_short_circuit_decorator.py
[2025-03-11T03:17:45.456+0000] {logging_mixin.py:188} INFO - [2025-03-11T03:17:45.455+0000] {dag.py:3096} INFO - Sync 1 DAGs
[2025-03-11T03:17:45.480+0000] {logging_mixin.py:188} INFO - [2025-03-11T03:17:45.480+0000] {dag.py:3954} INFO - Setting next_dagrun for example_short_circuit_decorator to 2025-03-10 00:00:00+00:00, run_after=2025-03-11 00:00:00+00:00
[2025-03-11T03:17:45.507+0000] {processor.py:183} INFO - Processing /home/airflow/.local/lib/python3.12/site-packages/airflow/example_dags/example_short_circuit_decorator.py took 0.094 seconds
[2025-03-11T03:18:19.682+0000] {processor.py:161} INFO - Started process (PID=66067) to work on /home/airflow/.local/lib/python3.12/site-packages/airflow/example_dags/example_short_circuit_decorator.py
[2025-03-11T03:18:19.684+0000] {processor.py:830} INFO - Processing file /home/airflow/.local/lib/python3.12/site-packages/airflow/example_dags/example_short_circuit_decorator.py for tasks to queue
[2025-03-11T03:18:19.686+0000] {logging_mixin.py:188} INFO - [2025-03-11T03:18:19.686+0000] {dagbag.py:545} INFO - Filling up the DagBag from /home/airflow/.local/lib/python3.12/site-packages/airflow/example_dags/example_short_circuit_decorator.py
[2025-03-11T03:18:19.697+0000] {processor.py:840} INFO - DAG(s) 'example_short_circuit_decorator' retrieved from /home/airflow/.local/lib/python3.12/site-packages/airflow/example_dags/example_short_circuit_decorator.py
[2025-03-11T03:18:19.854+0000] {logging_mixin.py:188} INFO - [2025-03-11T03:18:19.854+0000] {dag.py:3096} INFO - Sync 1 DAGs
[2025-03-11T03:18:19.879+0000] {logging_mixin.py:188} INFO - [2025-03-11T03:18:19.878+0000] {dag.py:3954} INFO - Setting next_dagrun for example_short_circuit_decorator to 2025-03-10 00:00:00+00:00, run_after=2025-03-11 00:00:00+00:00
[2025-03-11T03:18:19.907+0000] {processor.py:183} INFO - Processing /home/airflow/.local/lib/python3.12/site-packages/airflow/example_dags/example_short_circuit_decorator.py took 0.233 seconds
[2025-03-11T03:18:50.212+0000] {processor.py:161} INFO - Started process (PID=66329) to work on /home/airflow/.local/lib/python3.12/site-packages/airflow/example_dags/example_short_circuit_decorator.py
[2025-03-11T03:18:50.214+0000] {processor.py:830} INFO - Processing file /home/airflow/.local/lib/python3.12/site-packages/airflow/example_dags/example_short_circuit_decorator.py for tasks to queue
[2025-03-11T03:18:50.216+0000] {logging_mixin.py:188} INFO - [2025-03-11T03:18:50.216+0000] {dagbag.py:545} INFO - Filling up the DagBag from /home/airflow/.local/lib/python3.12/site-packages/airflow/example_dags/example_short_circuit_decorator.py
[2025-03-11T03:18:50.226+0000] {processor.py:840} INFO - DAG(s) 'example_short_circuit_decorator' retrieved from /home/airflow/.local/lib/python3.12/site-packages/airflow/example_dags/example_short_circuit_decorator.py
[2025-03-11T03:18:50.251+0000] {logging_mixin.py:188} INFO - [2025-03-11T03:18:50.250+0000] {dag.py:3096} INFO - Sync 1 DAGs
[2025-03-11T03:18:50.273+0000] {logging_mixin.py:188} INFO - [2025-03-11T03:18:50.272+0000] {dag.py:3954} INFO - Setting next_dagrun for example_short_circuit_decorator to 2025-03-10 00:00:00+00:00, run_after=2025-03-11 00:00:00+00:00
[2025-03-11T03:18:50.292+0000] {processor.py:183} INFO - Processing /home/airflow/.local/lib/python3.12/site-packages/airflow/example_dags/example_short_circuit_decorator.py took 0.087 seconds
[2025-03-11T03:19:22.103+0000] {processor.py:161} INFO - Started process (PID=66591) to work on /home/airflow/.local/lib/python3.12/site-packages/airflow/example_dags/example_short_circuit_decorator.py
[2025-03-11T03:19:22.105+0000] {processor.py:830} INFO - Processing file /home/airflow/.local/lib/python3.12/site-packages/airflow/example_dags/example_short_circuit_decorator.py for tasks to queue
[2025-03-11T03:19:22.108+0000] {logging_mixin.py:188} INFO - [2025-03-11T03:19:22.107+0000] {dagbag.py:545} INFO - Filling up the DagBag from /home/airflow/.local/lib/python3.12/site-packages/airflow/example_dags/example_short_circuit_decorator.py
[2025-03-11T03:19:22.117+0000] {processor.py:840} INFO - DAG(s) 'example_short_circuit_decorator' retrieved from /home/airflow/.local/lib/python3.12/site-packages/airflow/example_dags/example_short_circuit_decorator.py
[2025-03-11T03:19:22.144+0000] {logging_mixin.py:188} INFO - [2025-03-11T03:19:22.143+0000] {dag.py:3096} INFO - Sync 1 DAGs
[2025-03-11T03:19:22.168+0000] {logging_mixin.py:188} INFO - [2025-03-11T03:19:22.168+0000] {dag.py:3954} INFO - Setting next_dagrun for example_short_circuit_decorator to 2025-03-10 00:00:00+00:00, run_after=2025-03-11 00:00:00+00:00
[2025-03-11T03:19:22.193+0000] {processor.py:183} INFO - Processing /home/airflow/.local/lib/python3.12/site-packages/airflow/example_dags/example_short_circuit_decorator.py took 0.096 seconds
[2025-03-11T03:19:53.465+0000] {processor.py:161} INFO - Started process (PID=66853) to work on /home/airflow/.local/lib/python3.12/site-packages/airflow/example_dags/example_short_circuit_decorator.py
[2025-03-11T03:19:53.467+0000] {processor.py:830} INFO - Processing file /home/airflow/.local/lib/python3.12/site-packages/airflow/example_dags/example_short_circuit_decorator.py for tasks to queue
[2025-03-11T03:19:53.472+0000] {logging_mixin.py:188} INFO - [2025-03-11T03:19:53.470+0000] {dagbag.py:545} INFO - Filling up the DagBag from /home/airflow/.local/lib/python3.12/site-packages/airflow/example_dags/example_short_circuit_decorator.py
[2025-03-11T03:19:53.488+0000] {processor.py:840} INFO - DAG(s) 'example_short_circuit_decorator' retrieved from /home/airflow/.local/lib/python3.12/site-packages/airflow/example_dags/example_short_circuit_decorator.py
[2025-03-11T03:19:53.513+0000] {logging_mixin.py:188} INFO - [2025-03-11T03:19:53.513+0000] {dag.py:3096} INFO - Sync 1 DAGs
[2025-03-11T03:19:53.534+0000] {logging_mixin.py:188} INFO - [2025-03-11T03:19:53.534+0000] {dag.py:3954} INFO - Setting next_dagrun for example_short_circuit_decorator to 2025-03-10 00:00:00+00:00, run_after=2025-03-11 00:00:00+00:00
[2025-03-11T03:19:53.554+0000] {processor.py:183} INFO - Processing /home/airflow/.local/lib/python3.12/site-packages/airflow/example_dags/example_short_circuit_decorator.py took 0.107 seconds
[2025-03-11T03:20:26.721+0000] {processor.py:161} INFO - Started process (PID=67121) to work on /home/airflow/.local/lib/python3.12/site-packages/airflow/example_dags/example_short_circuit_decorator.py
[2025-03-11T03:20:26.722+0000] {processor.py:830} INFO - Processing file /home/airflow/.local/lib/python3.12/site-packages/airflow/example_dags/example_short_circuit_decorator.py for tasks to queue
[2025-03-11T03:20:26.724+0000] {logging_mixin.py:188} INFO - [2025-03-11T03:20:26.724+0000] {dagbag.py:545} INFO - Filling up the DagBag from /home/airflow/.local/lib/python3.12/site-packages/airflow/example_dags/example_short_circuit_decorator.py
[2025-03-11T03:20:26.733+0000] {processor.py:840} INFO - DAG(s) 'example_short_circuit_decorator' retrieved from /home/airflow/.local/lib/python3.12/site-packages/airflow/example_dags/example_short_circuit_decorator.py
[2025-03-11T03:20:26.757+0000] {logging_mixin.py:188} INFO - [2025-03-11T03:20:26.756+0000] {dag.py:3096} INFO - Sync 1 DAGs
[2025-03-11T03:20:26.778+0000] {logging_mixin.py:188} INFO - [2025-03-11T03:20:26.778+0000] {dag.py:3954} INFO - Setting next_dagrun for example_short_circuit_decorator to 2025-03-10 00:00:00+00:00, run_after=2025-03-11 00:00:00+00:00
[2025-03-11T03:20:26.798+0000] {processor.py:183} INFO - Processing /home/airflow/.local/lib/python3.12/site-packages/airflow/example_dags/example_short_circuit_decorator.py took 0.082 seconds
[2025-03-11T03:20:57.593+0000] {processor.py:161} INFO - Started process (PID=67381) to work on /home/airflow/.local/lib/python3.12/site-packages/airflow/example_dags/example_short_circuit_decorator.py
[2025-03-11T03:20:57.594+0000] {processor.py:830} INFO - Processing file /home/airflow/.local/lib/python3.12/site-packages/airflow/example_dags/example_short_circuit_decorator.py for tasks to queue
[2025-03-11T03:20:57.596+0000] {logging_mixin.py:188} INFO - [2025-03-11T03:20:57.596+0000] {dagbag.py:545} INFO - Filling up the DagBag from /home/airflow/.local/lib/python3.12/site-packages/airflow/example_dags/example_short_circuit_decorator.py
[2025-03-11T03:20:57.605+0000] {processor.py:840} INFO - DAG(s) 'example_short_circuit_decorator' retrieved from /home/airflow/.local/lib/python3.12/site-packages/airflow/example_dags/example_short_circuit_decorator.py
[2025-03-11T03:20:57.626+0000] {logging_mixin.py:188} INFO - [2025-03-11T03:20:57.625+0000] {dag.py:3096} INFO - Sync 1 DAGs
[2025-03-11T03:20:57.646+0000] {logging_mixin.py:188} INFO - [2025-03-11T03:20:57.645+0000] {dag.py:3954} INFO - Setting next_dagrun for example_short_circuit_decorator to 2025-03-10 00:00:00+00:00, run_after=2025-03-11 00:00:00+00:00
[2025-03-11T03:20:57.663+0000] {processor.py:183} INFO - Processing /home/airflow/.local/lib/python3.12/site-packages/airflow/example_dags/example_short_circuit_decorator.py took 0.076 seconds
[2025-03-11T03:21:31.172+0000] {processor.py:161} INFO - Started process (PID=67643) to work on /home/airflow/.local/lib/python3.12/site-packages/airflow/example_dags/example_short_circuit_decorator.py
[2025-03-11T03:21:31.173+0000] {processor.py:830} INFO - Processing file /home/airflow/.local/lib/python3.12/site-packages/airflow/example_dags/example_short_circuit_decorator.py for tasks to queue
[2025-03-11T03:21:31.176+0000] {logging_mixin.py:188} INFO - [2025-03-11T03:21:31.175+0000] {dagbag.py:545} INFO - Filling up the DagBag from /home/airflow/.local/lib/python3.12/site-packages/airflow/example_dags/example_short_circuit_decorator.py
[2025-03-11T03:21:31.185+0000] {processor.py:840} INFO - DAG(s) 'example_short_circuit_decorator' retrieved from /home/airflow/.local/lib/python3.12/site-packages/airflow/example_dags/example_short_circuit_decorator.py
[2025-03-11T03:21:31.219+0000] {logging_mixin.py:188} INFO - [2025-03-11T03:21:31.219+0000] {dag.py:3096} INFO - Sync 1 DAGs
[2025-03-11T03:21:31.240+0000] {logging_mixin.py:188} INFO - [2025-03-11T03:21:31.240+0000] {dag.py:3954} INFO - Setting next_dagrun for example_short_circuit_decorator to 2025-03-10 00:00:00+00:00, run_after=2025-03-11 00:00:00+00:00
[2025-03-11T03:21:31.261+0000] {processor.py:183} INFO - Processing /home/airflow/.local/lib/python3.12/site-packages/airflow/example_dags/example_short_circuit_decorator.py took 0.095 seconds
[2025-03-11T03:22:02.666+0000] {processor.py:161} INFO - Started process (PID=67905) to work on /home/airflow/.local/lib/python3.12/site-packages/airflow/example_dags/example_short_circuit_decorator.py
[2025-03-11T03:22:02.668+0000] {processor.py:830} INFO - Processing file /home/airflow/.local/lib/python3.12/site-packages/airflow/example_dags/example_short_circuit_decorator.py for tasks to queue
[2025-03-11T03:22:02.670+0000] {logging_mixin.py:188} INFO - [2025-03-11T03:22:02.670+0000] {dagbag.py:545} INFO - Filling up the DagBag from /home/airflow/.local/lib/python3.12/site-packages/airflow/example_dags/example_short_circuit_decorator.py
[2025-03-11T03:22:02.679+0000] {processor.py:840} INFO - DAG(s) 'example_short_circuit_decorator' retrieved from /home/airflow/.local/lib/python3.12/site-packages/airflow/example_dags/example_short_circuit_decorator.py
[2025-03-11T03:22:02.703+0000] {logging_mixin.py:188} INFO - [2025-03-11T03:22:02.703+0000] {dag.py:3096} INFO - Sync 1 DAGs
[2025-03-11T03:22:02.726+0000] {logging_mixin.py:188} INFO - [2025-03-11T03:22:02.726+0000] {dag.py:3954} INFO - Setting next_dagrun for example_short_circuit_decorator to 2025-03-10 00:00:00+00:00, run_after=2025-03-11 00:00:00+00:00
[2025-03-11T03:22:02.749+0000] {processor.py:183} INFO - Processing /home/airflow/.local/lib/python3.12/site-packages/airflow/example_dags/example_short_circuit_decorator.py took 0.088 seconds
[2025-03-11T03:22:35.850+0000] {processor.py:161} INFO - Started process (PID=68179) to work on /home/airflow/.local/lib/python3.12/site-packages/airflow/example_dags/example_short_circuit_decorator.py
[2025-03-11T03:22:35.852+0000] {processor.py:830} INFO - Processing file /home/airflow/.local/lib/python3.12/site-packages/airflow/example_dags/example_short_circuit_decorator.py for tasks to queue
[2025-03-11T03:22:35.856+0000] {logging_mixin.py:188} INFO - [2025-03-11T03:22:35.855+0000] {dagbag.py:545} INFO - Filling up the DagBag from /home/airflow/.local/lib/python3.12/site-packages/airflow/example_dags/example_short_circuit_decorator.py
[2025-03-11T03:22:35.867+0000] {processor.py:840} INFO - DAG(s) 'example_short_circuit_decorator' retrieved from /home/airflow/.local/lib/python3.12/site-packages/airflow/example_dags/example_short_circuit_decorator.py
[2025-03-11T03:22:35.891+0000] {logging_mixin.py:188} INFO - [2025-03-11T03:22:35.891+0000] {dag.py:3096} INFO - Sync 1 DAGs
[2025-03-11T03:22:35.916+0000] {logging_mixin.py:188} INFO - [2025-03-11T03:22:35.915+0000] {dag.py:3954} INFO - Setting next_dagrun for example_short_circuit_decorator to 2025-03-10 00:00:00+00:00, run_after=2025-03-11 00:00:00+00:00
[2025-03-11T03:22:35.935+0000] {processor.py:183} INFO - Processing /home/airflow/.local/lib/python3.12/site-packages/airflow/example_dags/example_short_circuit_decorator.py took 0.109 seconds
[2025-03-11T03:23:07.791+0000] {processor.py:161} INFO - Started process (PID=68439) to work on /home/airflow/.local/lib/python3.12/site-packages/airflow/example_dags/example_short_circuit_decorator.py
[2025-03-11T03:23:07.792+0000] {processor.py:830} INFO - Processing file /home/airflow/.local/lib/python3.12/site-packages/airflow/example_dags/example_short_circuit_decorator.py for tasks to queue
[2025-03-11T03:23:07.795+0000] {logging_mixin.py:188} INFO - [2025-03-11T03:23:07.794+0000] {dagbag.py:545} INFO - Filling up the DagBag from /home/airflow/.local/lib/python3.12/site-packages/airflow/example_dags/example_short_circuit_decorator.py
[2025-03-11T03:23:07.806+0000] {processor.py:840} INFO - DAG(s) 'example_short_circuit_decorator' retrieved from /home/airflow/.local/lib/python3.12/site-packages/airflow/example_dags/example_short_circuit_decorator.py
[2025-03-11T03:23:07.855+0000] {logging_mixin.py:188} INFO - [2025-03-11T03:23:07.854+0000] {dag.py:3096} INFO - Sync 1 DAGs
[2025-03-11T03:23:07.877+0000] {logging_mixin.py:188} INFO - [2025-03-11T03:23:07.877+0000] {dag.py:3954} INFO - Setting next_dagrun for example_short_circuit_decorator to 2025-03-10 00:00:00+00:00, run_after=2025-03-11 00:00:00+00:00
[2025-03-11T03:23:07.896+0000] {processor.py:183} INFO - Processing /home/airflow/.local/lib/python3.12/site-packages/airflow/example_dags/example_short_circuit_decorator.py took 0.128 seconds
[2025-03-11T03:23:38.886+0000] {processor.py:161} INFO - Started process (PID=68701) to work on /home/airflow/.local/lib/python3.12/site-packages/airflow/example_dags/example_short_circuit_decorator.py
[2025-03-11T03:23:38.888+0000] {processor.py:830} INFO - Processing file /home/airflow/.local/lib/python3.12/site-packages/airflow/example_dags/example_short_circuit_decorator.py for tasks to queue
[2025-03-11T03:23:38.892+0000] {logging_mixin.py:188} INFO - [2025-03-11T03:23:38.891+0000] {dagbag.py:545} INFO - Filling up the DagBag from /home/airflow/.local/lib/python3.12/site-packages/airflow/example_dags/example_short_circuit_decorator.py
[2025-03-11T03:23:38.906+0000] {processor.py:840} INFO - DAG(s) 'example_short_circuit_decorator' retrieved from /home/airflow/.local/lib/python3.12/site-packages/airflow/example_dags/example_short_circuit_decorator.py
[2025-03-11T03:23:38.939+0000] {logging_mixin.py:188} INFO - [2025-03-11T03:23:38.939+0000] {dag.py:3096} INFO - Sync 1 DAGs
[2025-03-11T03:23:38.963+0000] {logging_mixin.py:188} INFO - [2025-03-11T03:23:38.963+0000] {dag.py:3954} INFO - Setting next_dagrun for example_short_circuit_decorator to 2025-03-10 00:00:00+00:00, run_after=2025-03-11 00:00:00+00:00
[2025-03-11T03:23:38.984+0000] {processor.py:183} INFO - Processing /home/airflow/.local/lib/python3.12/site-packages/airflow/example_dags/example_short_circuit_decorator.py took 0.110 seconds
[2025-03-11T03:24:12.024+0000] {processor.py:161} INFO - Started process (PID=68963) to work on /home/airflow/.local/lib/python3.12/site-packages/airflow/example_dags/example_short_circuit_decorator.py
[2025-03-11T03:24:12.025+0000] {processor.py:830} INFO - Processing file /home/airflow/.local/lib/python3.12/site-packages/airflow/example_dags/example_short_circuit_decorator.py for tasks to queue
[2025-03-11T03:24:12.027+0000] {logging_mixin.py:188} INFO - [2025-03-11T03:24:12.027+0000] {dagbag.py:545} INFO - Filling up the DagBag from /home/airflow/.local/lib/python3.12/site-packages/airflow/example_dags/example_short_circuit_decorator.py
[2025-03-11T03:24:12.039+0000] {processor.py:840} INFO - DAG(s) 'example_short_circuit_decorator' retrieved from /home/airflow/.local/lib/python3.12/site-packages/airflow/example_dags/example_short_circuit_decorator.py
[2025-03-11T03:24:12.064+0000] {logging_mixin.py:188} INFO - [2025-03-11T03:24:12.064+0000] {dag.py:3096} INFO - Sync 1 DAGs
[2025-03-11T03:24:12.086+0000] {logging_mixin.py:188} INFO - [2025-03-11T03:24:12.086+0000] {dag.py:3954} INFO - Setting next_dagrun for example_short_circuit_decorator to 2025-03-10 00:00:00+00:00, run_after=2025-03-11 00:00:00+00:00
[2025-03-11T03:24:12.107+0000] {processor.py:183} INFO - Processing /home/airflow/.local/lib/python3.12/site-packages/airflow/example_dags/example_short_circuit_decorator.py took 0.089 seconds
[2025-03-11T03:24:43.939+0000] {processor.py:161} INFO - Started process (PID=69225) to work on /home/airflow/.local/lib/python3.12/site-packages/airflow/example_dags/example_short_circuit_decorator.py
[2025-03-11T03:24:43.941+0000] {processor.py:830} INFO - Processing file /home/airflow/.local/lib/python3.12/site-packages/airflow/example_dags/example_short_circuit_decorator.py for tasks to queue
[2025-03-11T03:24:43.942+0000] {logging_mixin.py:188} INFO - [2025-03-11T03:24:43.942+0000] {dagbag.py:545} INFO - Filling up the DagBag from /home/airflow/.local/lib/python3.12/site-packages/airflow/example_dags/example_short_circuit_decorator.py
[2025-03-11T03:24:43.951+0000] {processor.py:840} INFO - DAG(s) 'example_short_circuit_decorator' retrieved from /home/airflow/.local/lib/python3.12/site-packages/airflow/example_dags/example_short_circuit_decorator.py
[2025-03-11T03:24:43.973+0000] {logging_mixin.py:188} INFO - [2025-03-11T03:24:43.973+0000] {dag.py:3096} INFO - Sync 1 DAGs
[2025-03-11T03:24:43.994+0000] {logging_mixin.py:188} INFO - [2025-03-11T03:24:43.994+0000] {dag.py:3954} INFO - Setting next_dagrun for example_short_circuit_decorator to 2025-03-10 00:00:00+00:00, run_after=2025-03-11 00:00:00+00:00
[2025-03-11T03:24:44.011+0000] {processor.py:183} INFO - Processing /home/airflow/.local/lib/python3.12/site-packages/airflow/example_dags/example_short_circuit_decorator.py took 0.077 seconds
[2025-03-11T03:25:15.699+0000] {processor.py:161} INFO - Started process (PID=69489) to work on /home/airflow/.local/lib/python3.12/site-packages/airflow/example_dags/example_short_circuit_decorator.py
[2025-03-11T03:25:15.700+0000] {processor.py:830} INFO - Processing file /home/airflow/.local/lib/python3.12/site-packages/airflow/example_dags/example_short_circuit_decorator.py for tasks to queue
[2025-03-11T03:25:15.703+0000] {logging_mixin.py:188} INFO - [2025-03-11T03:25:15.703+0000] {dagbag.py:545} INFO - Filling up the DagBag from /home/airflow/.local/lib/python3.12/site-packages/airflow/example_dags/example_short_circuit_decorator.py
[2025-03-11T03:25:15.718+0000] {processor.py:840} INFO - DAG(s) 'example_short_circuit_decorator' retrieved from /home/airflow/.local/lib/python3.12/site-packages/airflow/example_dags/example_short_circuit_decorator.py
[2025-03-11T03:25:15.751+0000] {logging_mixin.py:188} INFO - [2025-03-11T03:25:15.750+0000] {dag.py:3096} INFO - Sync 1 DAGs
[2025-03-11T03:25:15.787+0000] {logging_mixin.py:188} INFO - [2025-03-11T03:25:15.787+0000] {dag.py:3954} INFO - Setting next_dagrun for example_short_circuit_decorator to 2025-03-10 00:00:00+00:00, run_after=2025-03-11 00:00:00+00:00
[2025-03-11T03:25:15.817+0000] {processor.py:183} INFO - Processing /home/airflow/.local/lib/python3.12/site-packages/airflow/example_dags/example_short_circuit_decorator.py took 0.125 seconds
[2025-03-11T03:25:47.985+0000] {processor.py:161} INFO - Started process (PID=69749) to work on /home/airflow/.local/lib/python3.12/site-packages/airflow/example_dags/example_short_circuit_decorator.py
[2025-03-11T03:25:47.987+0000] {processor.py:830} INFO - Processing file /home/airflow/.local/lib/python3.12/site-packages/airflow/example_dags/example_short_circuit_decorator.py for tasks to queue
[2025-03-11T03:25:47.990+0000] {logging_mixin.py:188} INFO - [2025-03-11T03:25:47.990+0000] {dagbag.py:545} INFO - Filling up the DagBag from /home/airflow/.local/lib/python3.12/site-packages/airflow/example_dags/example_short_circuit_decorator.py
[2025-03-11T03:25:48.005+0000] {processor.py:840} INFO - DAG(s) 'example_short_circuit_decorator' retrieved from /home/airflow/.local/lib/python3.12/site-packages/airflow/example_dags/example_short_circuit_decorator.py
[2025-03-11T03:25:48.028+0000] {logging_mixin.py:188} INFO - [2025-03-11T03:25:48.027+0000] {dag.py:3096} INFO - Sync 1 DAGs
[2025-03-11T03:25:48.049+0000] {logging_mixin.py:188} INFO - [2025-03-11T03:25:48.049+0000] {dag.py:3954} INFO - Setting next_dagrun for example_short_circuit_decorator to 2025-03-10 00:00:00+00:00, run_after=2025-03-11 00:00:00+00:00
[2025-03-11T03:25:48.067+0000] {processor.py:183} INFO - Processing /home/airflow/.local/lib/python3.12/site-packages/airflow/example_dags/example_short_circuit_decorator.py took 0.093 seconds
[2025-03-11T03:26:20.296+0000] {processor.py:161} INFO - Started process (PID=70011) to work on /home/airflow/.local/lib/python3.12/site-packages/airflow/example_dags/example_short_circuit_decorator.py
[2025-03-11T03:26:20.298+0000] {processor.py:830} INFO - Processing file /home/airflow/.local/lib/python3.12/site-packages/airflow/example_dags/example_short_circuit_decorator.py for tasks to queue
[2025-03-11T03:26:20.300+0000] {logging_mixin.py:188} INFO - [2025-03-11T03:26:20.299+0000] {dagbag.py:545} INFO - Filling up the DagBag from /home/airflow/.local/lib/python3.12/site-packages/airflow/example_dags/example_short_circuit_decorator.py
[2025-03-11T03:26:20.309+0000] {processor.py:840} INFO - DAG(s) 'example_short_circuit_decorator' retrieved from /home/airflow/.local/lib/python3.12/site-packages/airflow/example_dags/example_short_circuit_decorator.py
[2025-03-11T03:26:20.331+0000] {logging_mixin.py:188} INFO - [2025-03-11T03:26:20.331+0000] {dag.py:3096} INFO - Sync 1 DAGs
[2025-03-11T03:26:20.353+0000] {logging_mixin.py:188} INFO - [2025-03-11T03:26:20.353+0000] {dag.py:3954} INFO - Setting next_dagrun for example_short_circuit_decorator to 2025-03-10 00:00:00+00:00, run_after=2025-03-11 00:00:00+00:00
[2025-03-11T03:26:20.373+0000] {processor.py:183} INFO - Processing /home/airflow/.local/lib/python3.12/site-packages/airflow/example_dags/example_short_circuit_decorator.py took 0.083 seconds
[2025-03-11T03:26:51.097+0000] {processor.py:161} INFO - Started process (PID=70273) to work on /home/airflow/.local/lib/python3.12/site-packages/airflow/example_dags/example_short_circuit_decorator.py
[2025-03-11T03:26:51.099+0000] {processor.py:830} INFO - Processing file /home/airflow/.local/lib/python3.12/site-packages/airflow/example_dags/example_short_circuit_decorator.py for tasks to queue
[2025-03-11T03:26:51.101+0000] {logging_mixin.py:188} INFO - [2025-03-11T03:26:51.101+0000] {dagbag.py:545} INFO - Filling up the DagBag from /home/airflow/.local/lib/python3.12/site-packages/airflow/example_dags/example_short_circuit_decorator.py
[2025-03-11T03:26:51.112+0000] {processor.py:840} INFO - DAG(s) 'example_short_circuit_decorator' retrieved from /home/airflow/.local/lib/python3.12/site-packages/airflow/example_dags/example_short_circuit_decorator.py
[2025-03-11T03:26:51.135+0000] {logging_mixin.py:188} INFO - [2025-03-11T03:26:51.134+0000] {dag.py:3096} INFO - Sync 1 DAGs
[2025-03-11T03:26:51.158+0000] {logging_mixin.py:188} INFO - [2025-03-11T03:26:51.158+0000] {dag.py:3954} INFO - Setting next_dagrun for example_short_circuit_decorator to 2025-03-10 00:00:00+00:00, run_after=2025-03-11 00:00:00+00:00
[2025-03-11T03:26:51.176+0000] {processor.py:183} INFO - Processing /home/airflow/.local/lib/python3.12/site-packages/airflow/example_dags/example_short_circuit_decorator.py took 0.085 seconds
[2025-03-11T03:27:24.270+0000] {processor.py:161} INFO - Started process (PID=70535) to work on /home/airflow/.local/lib/python3.12/site-packages/airflow/example_dags/example_short_circuit_decorator.py
[2025-03-11T03:27:24.271+0000] {processor.py:830} INFO - Processing file /home/airflow/.local/lib/python3.12/site-packages/airflow/example_dags/example_short_circuit_decorator.py for tasks to queue
[2025-03-11T03:27:24.274+0000] {logging_mixin.py:188} INFO - [2025-03-11T03:27:24.274+0000] {dagbag.py:545} INFO - Filling up the DagBag from /home/airflow/.local/lib/python3.12/site-packages/airflow/example_dags/example_short_circuit_decorator.py
[2025-03-11T03:27:24.283+0000] {processor.py:840} INFO - DAG(s) 'example_short_circuit_decorator' retrieved from /home/airflow/.local/lib/python3.12/site-packages/airflow/example_dags/example_short_circuit_decorator.py
[2025-03-11T03:27:24.314+0000] {logging_mixin.py:188} INFO - [2025-03-11T03:27:24.313+0000] {dag.py:3096} INFO - Sync 1 DAGs
[2025-03-11T03:27:24.340+0000] {logging_mixin.py:188} INFO - [2025-03-11T03:27:24.340+0000] {dag.py:3954} INFO - Setting next_dagrun for example_short_circuit_decorator to 2025-03-10 00:00:00+00:00, run_after=2025-03-11 00:00:00+00:00
[2025-03-11T03:27:24.365+0000] {processor.py:183} INFO - Processing /home/airflow/.local/lib/python3.12/site-packages/airflow/example_dags/example_short_circuit_decorator.py took 0.104 seconds
[2025-03-11T03:27:56.029+0000] {processor.py:161} INFO - Started process (PID=70797) to work on /home/airflow/.local/lib/python3.12/site-packages/airflow/example_dags/example_short_circuit_decorator.py
[2025-03-11T03:27:56.031+0000] {processor.py:830} INFO - Processing file /home/airflow/.local/lib/python3.12/site-packages/airflow/example_dags/example_short_circuit_decorator.py for tasks to queue
[2025-03-11T03:27:56.034+0000] {logging_mixin.py:188} INFO - [2025-03-11T03:27:56.033+0000] {dagbag.py:545} INFO - Filling up the DagBag from /home/airflow/.local/lib/python3.12/site-packages/airflow/example_dags/example_short_circuit_decorator.py
[2025-03-11T03:27:56.043+0000] {processor.py:840} INFO - DAG(s) 'example_short_circuit_decorator' retrieved from /home/airflow/.local/lib/python3.12/site-packages/airflow/example_dags/example_short_circuit_decorator.py
[2025-03-11T03:27:56.066+0000] {logging_mixin.py:188} INFO - [2025-03-11T03:27:56.065+0000] {dag.py:3096} INFO - Sync 1 DAGs
[2025-03-11T03:27:56.089+0000] {logging_mixin.py:188} INFO - [2025-03-11T03:27:56.088+0000] {dag.py:3954} INFO - Setting next_dagrun for example_short_circuit_decorator to 2025-03-10 00:00:00+00:00, run_after=2025-03-11 00:00:00+00:00
[2025-03-11T03:27:56.109+0000] {processor.py:183} INFO - Processing /home/airflow/.local/lib/python3.12/site-packages/airflow/example_dags/example_short_circuit_decorator.py took 0.088 seconds
[2025-03-11T03:28:28.888+0000] {processor.py:161} INFO - Started process (PID=71059) to work on /home/airflow/.local/lib/python3.12/site-packages/airflow/example_dags/example_short_circuit_decorator.py
[2025-03-11T03:28:28.889+0000] {processor.py:830} INFO - Processing file /home/airflow/.local/lib/python3.12/site-packages/airflow/example_dags/example_short_circuit_decorator.py for tasks to queue
[2025-03-11T03:28:28.892+0000] {logging_mixin.py:188} INFO - [2025-03-11T03:28:28.892+0000] {dagbag.py:545} INFO - Filling up the DagBag from /home/airflow/.local/lib/python3.12/site-packages/airflow/example_dags/example_short_circuit_decorator.py
[2025-03-11T03:28:28.902+0000] {processor.py:840} INFO - DAG(s) 'example_short_circuit_decorator' retrieved from /home/airflow/.local/lib/python3.12/site-packages/airflow/example_dags/example_short_circuit_decorator.py
[2025-03-11T03:28:28.928+0000] {logging_mixin.py:188} INFO - [2025-03-11T03:28:28.928+0000] {dag.py:3096} INFO - Sync 1 DAGs
[2025-03-11T03:28:28.954+0000] {logging_mixin.py:188} INFO - [2025-03-11T03:28:28.954+0000] {dag.py:3954} INFO - Setting next_dagrun for example_short_circuit_decorator to 2025-03-10 00:00:00+00:00, run_after=2025-03-11 00:00:00+00:00
[2025-03-11T03:28:28.978+0000] {processor.py:183} INFO - Processing /home/airflow/.local/lib/python3.12/site-packages/airflow/example_dags/example_short_circuit_decorator.py took 0.097 seconds
[2025-03-11T03:29:01.089+0000] {processor.py:161} INFO - Started process (PID=71321) to work on /home/airflow/.local/lib/python3.12/site-packages/airflow/example_dags/example_short_circuit_decorator.py
[2025-03-11T03:29:01.090+0000] {processor.py:830} INFO - Processing file /home/airflow/.local/lib/python3.12/site-packages/airflow/example_dags/example_short_circuit_decorator.py for tasks to queue
[2025-03-11T03:29:01.093+0000] {logging_mixin.py:188} INFO - [2025-03-11T03:29:01.092+0000] {dagbag.py:545} INFO - Filling up the DagBag from /home/airflow/.local/lib/python3.12/site-packages/airflow/example_dags/example_short_circuit_decorator.py
[2025-03-11T03:29:01.102+0000] {processor.py:840} INFO - DAG(s) 'example_short_circuit_decorator' retrieved from /home/airflow/.local/lib/python3.12/site-packages/airflow/example_dags/example_short_circuit_decorator.py
[2025-03-11T03:29:01.131+0000] {logging_mixin.py:188} INFO - [2025-03-11T03:29:01.131+0000] {dag.py:3096} INFO - Sync 1 DAGs
[2025-03-11T03:29:01.156+0000] {logging_mixin.py:188} INFO - [2025-03-11T03:29:01.156+0000] {dag.py:3954} INFO - Setting next_dagrun for example_short_circuit_decorator to 2025-03-10 00:00:00+00:00, run_after=2025-03-11 00:00:00+00:00
[2025-03-11T03:29:01.181+0000] {processor.py:183} INFO - Processing /home/airflow/.local/lib/python3.12/site-packages/airflow/example_dags/example_short_circuit_decorator.py took 0.099 seconds
[2025-03-11T03:29:32.846+0000] {processor.py:161} INFO - Started process (PID=71583) to work on /home/airflow/.local/lib/python3.12/site-packages/airflow/example_dags/example_short_circuit_decorator.py
[2025-03-11T03:29:32.847+0000] {processor.py:830} INFO - Processing file /home/airflow/.local/lib/python3.12/site-packages/airflow/example_dags/example_short_circuit_decorator.py for tasks to queue
[2025-03-11T03:29:32.849+0000] {logging_mixin.py:188} INFO - [2025-03-11T03:29:32.849+0000] {dagbag.py:545} INFO - Filling up the DagBag from /home/airflow/.local/lib/python3.12/site-packages/airflow/example_dags/example_short_circuit_decorator.py
[2025-03-11T03:29:32.861+0000] {processor.py:840} INFO - DAG(s) 'example_short_circuit_decorator' retrieved from /home/airflow/.local/lib/python3.12/site-packages/airflow/example_dags/example_short_circuit_decorator.py
[2025-03-11T03:29:32.887+0000] {logging_mixin.py:188} INFO - [2025-03-11T03:29:32.886+0000] {dag.py:3096} INFO - Sync 1 DAGs
[2025-03-11T03:29:32.912+0000] {logging_mixin.py:188} INFO - [2025-03-11T03:29:32.912+0000] {dag.py:3954} INFO - Setting next_dagrun for example_short_circuit_decorator to 2025-03-10 00:00:00+00:00, run_after=2025-03-11 00:00:00+00:00
[2025-03-11T03:29:32.933+0000] {processor.py:183} INFO - Processing /home/airflow/.local/lib/python3.12/site-packages/airflow/example_dags/example_short_circuit_decorator.py took 0.093 seconds
[2025-03-11T03:30:05.266+0000] {processor.py:161} INFO - Started process (PID=71845) to work on /home/airflow/.local/lib/python3.12/site-packages/airflow/example_dags/example_short_circuit_decorator.py
[2025-03-11T03:30:05.268+0000] {processor.py:830} INFO - Processing file /home/airflow/.local/lib/python3.12/site-packages/airflow/example_dags/example_short_circuit_decorator.py for tasks to queue
[2025-03-11T03:30:05.270+0000] {logging_mixin.py:188} INFO - [2025-03-11T03:30:05.270+0000] {dagbag.py:545} INFO - Filling up the DagBag from /home/airflow/.local/lib/python3.12/site-packages/airflow/example_dags/example_short_circuit_decorator.py
[2025-03-11T03:30:05.281+0000] {processor.py:840} INFO - DAG(s) 'example_short_circuit_decorator' retrieved from /home/airflow/.local/lib/python3.12/site-packages/airflow/example_dags/example_short_circuit_decorator.py
[2025-03-11T03:30:05.312+0000] {logging_mixin.py:188} INFO - [2025-03-11T03:30:05.312+0000] {dag.py:3096} INFO - Sync 1 DAGs
[2025-03-11T03:30:05.334+0000] {logging_mixin.py:188} INFO - [2025-03-11T03:30:05.334+0000] {dag.py:3954} INFO - Setting next_dagrun for example_short_circuit_decorator to 2025-03-10 00:00:00+00:00, run_after=2025-03-11 00:00:00+00:00
[2025-03-11T03:30:05.354+0000] {processor.py:183} INFO - Processing /home/airflow/.local/lib/python3.12/site-packages/airflow/example_dags/example_short_circuit_decorator.py took 0.094 seconds
[2025-03-11T03:30:37.645+0000] {processor.py:161} INFO - Started process (PID=72107) to work on /home/airflow/.local/lib/python3.12/site-packages/airflow/example_dags/example_short_circuit_decorator.py
[2025-03-11T03:30:37.647+0000] {processor.py:830} INFO - Processing file /home/airflow/.local/lib/python3.12/site-packages/airflow/example_dags/example_short_circuit_decorator.py for tasks to queue
[2025-03-11T03:30:37.651+0000] {logging_mixin.py:188} INFO - [2025-03-11T03:30:37.650+0000] {dagbag.py:545} INFO - Filling up the DagBag from /home/airflow/.local/lib/python3.12/site-packages/airflow/example_dags/example_short_circuit_decorator.py
[2025-03-11T03:30:37.665+0000] {processor.py:840} INFO - DAG(s) 'example_short_circuit_decorator' retrieved from /home/airflow/.local/lib/python3.12/site-packages/airflow/example_dags/example_short_circuit_decorator.py
[2025-03-11T03:30:37.692+0000] {logging_mixin.py:188} INFO - [2025-03-11T03:30:37.692+0000] {dag.py:3096} INFO - Sync 1 DAGs
[2025-03-11T03:30:37.716+0000] {logging_mixin.py:188} INFO - [2025-03-11T03:30:37.716+0000] {dag.py:3954} INFO - Setting next_dagrun for example_short_circuit_decorator to 2025-03-10 00:00:00+00:00, run_after=2025-03-11 00:00:00+00:00
[2025-03-11T03:30:37.739+0000] {processor.py:183} INFO - Processing /home/airflow/.local/lib/python3.12/site-packages/airflow/example_dags/example_short_circuit_decorator.py took 0.118 seconds
[2025-03-11T03:31:08.030+0000] {processor.py:161} INFO - Started process (PID=72369) to work on /home/airflow/.local/lib/python3.12/site-packages/airflow/example_dags/example_short_circuit_decorator.py
[2025-03-11T03:31:08.031+0000] {processor.py:830} INFO - Processing file /home/airflow/.local/lib/python3.12/site-packages/airflow/example_dags/example_short_circuit_decorator.py for tasks to queue
[2025-03-11T03:31:08.033+0000] {logging_mixin.py:188} INFO - [2025-03-11T03:31:08.033+0000] {dagbag.py:545} INFO - Filling up the DagBag from /home/airflow/.local/lib/python3.12/site-packages/airflow/example_dags/example_short_circuit_decorator.py
[2025-03-11T03:31:08.043+0000] {processor.py:840} INFO - DAG(s) 'example_short_circuit_decorator' retrieved from /home/airflow/.local/lib/python3.12/site-packages/airflow/example_dags/example_short_circuit_decorator.py
[2025-03-11T03:31:08.068+0000] {logging_mixin.py:188} INFO - [2025-03-11T03:31:08.068+0000] {dag.py:3096} INFO - Sync 1 DAGs
[2025-03-11T03:31:08.090+0000] {logging_mixin.py:188} INFO - [2025-03-11T03:31:08.090+0000] {dag.py:3954} INFO - Setting next_dagrun for example_short_circuit_decorator to 2025-03-10 00:00:00+00:00, run_after=2025-03-11 00:00:00+00:00
[2025-03-11T03:31:08.112+0000] {processor.py:183} INFO - Processing /home/airflow/.local/lib/python3.12/site-packages/airflow/example_dags/example_short_circuit_decorator.py took 0.091 seconds
[2025-03-11T03:31:40.985+0000] {processor.py:161} INFO - Started process (PID=72633) to work on /home/airflow/.local/lib/python3.12/site-packages/airflow/example_dags/example_short_circuit_decorator.py
[2025-03-11T03:31:40.987+0000] {processor.py:830} INFO - Processing file /home/airflow/.local/lib/python3.12/site-packages/airflow/example_dags/example_short_circuit_decorator.py for tasks to queue
[2025-03-11T03:31:40.991+0000] {logging_mixin.py:188} INFO - [2025-03-11T03:31:40.990+0000] {dagbag.py:545} INFO - Filling up the DagBag from /home/airflow/.local/lib/python3.12/site-packages/airflow/example_dags/example_short_circuit_decorator.py
[2025-03-11T03:31:41.005+0000] {processor.py:840} INFO - DAG(s) 'example_short_circuit_decorator' retrieved from /home/airflow/.local/lib/python3.12/site-packages/airflow/example_dags/example_short_circuit_decorator.py
[2025-03-11T03:31:41.029+0000] {logging_mixin.py:188} INFO - [2025-03-11T03:31:41.029+0000] {dag.py:3096} INFO - Sync 1 DAGs
[2025-03-11T03:31:41.050+0000] {logging_mixin.py:188} INFO - [2025-03-11T03:31:41.050+0000] {dag.py:3954} INFO - Setting next_dagrun for example_short_circuit_decorator to 2025-03-10 00:00:00+00:00, run_after=2025-03-11 00:00:00+00:00
[2025-03-11T03:31:41.070+0000] {processor.py:183} INFO - Processing /home/airflow/.local/lib/python3.12/site-packages/airflow/example_dags/example_short_circuit_decorator.py took 0.091 seconds
[2025-03-11T03:32:12.009+0000] {processor.py:161} INFO - Started process (PID=72893) to work on /home/airflow/.local/lib/python3.12/site-packages/airflow/example_dags/example_short_circuit_decorator.py
[2025-03-11T03:32:12.013+0000] {processor.py:830} INFO - Processing file /home/airflow/.local/lib/python3.12/site-packages/airflow/example_dags/example_short_circuit_decorator.py for tasks to queue
[2025-03-11T03:32:12.016+0000] {logging_mixin.py:188} INFO - [2025-03-11T03:32:12.015+0000] {dagbag.py:545} INFO - Filling up the DagBag from /home/airflow/.local/lib/python3.12/site-packages/airflow/example_dags/example_short_circuit_decorator.py
[2025-03-11T03:32:12.029+0000] {processor.py:840} INFO - DAG(s) 'example_short_circuit_decorator' retrieved from /home/airflow/.local/lib/python3.12/site-packages/airflow/example_dags/example_short_circuit_decorator.py
[2025-03-11T03:32:12.056+0000] {logging_mixin.py:188} INFO - [2025-03-11T03:32:12.055+0000] {dag.py:3096} INFO - Sync 1 DAGs
[2025-03-11T03:32:12.078+0000] {logging_mixin.py:188} INFO - [2025-03-11T03:32:12.078+0000] {dag.py:3954} INFO - Setting next_dagrun for example_short_circuit_decorator to 2025-03-10 00:00:00+00:00, run_after=2025-03-11 00:00:00+00:00
[2025-03-11T03:32:12.099+0000] {processor.py:183} INFO - Processing /home/airflow/.local/lib/python3.12/site-packages/airflow/example_dags/example_short_circuit_decorator.py took 0.100 seconds
[2025-03-11T03:32:44.721+0000] {processor.py:161} INFO - Started process (PID=73155) to work on /home/airflow/.local/lib/python3.12/site-packages/airflow/example_dags/example_short_circuit_decorator.py
[2025-03-11T03:32:44.723+0000] {processor.py:830} INFO - Processing file /home/airflow/.local/lib/python3.12/site-packages/airflow/example_dags/example_short_circuit_decorator.py for tasks to queue
[2025-03-11T03:32:44.727+0000] {logging_mixin.py:188} INFO - [2025-03-11T03:32:44.726+0000] {dagbag.py:545} INFO - Filling up the DagBag from /home/airflow/.local/lib/python3.12/site-packages/airflow/example_dags/example_short_circuit_decorator.py
[2025-03-11T03:32:44.738+0000] {processor.py:840} INFO - DAG(s) 'example_short_circuit_decorator' retrieved from /home/airflow/.local/lib/python3.12/site-packages/airflow/example_dags/example_short_circuit_decorator.py
[2025-03-11T03:32:44.762+0000] {logging_mixin.py:188} INFO - [2025-03-11T03:32:44.761+0000] {dag.py:3096} INFO - Sync 1 DAGs
[2025-03-11T03:32:44.784+0000] {logging_mixin.py:188} INFO - [2025-03-11T03:32:44.784+0000] {dag.py:3954} INFO - Setting next_dagrun for example_short_circuit_decorator to 2025-03-10 00:00:00+00:00, run_after=2025-03-11 00:00:00+00:00
[2025-03-11T03:32:44.806+0000] {processor.py:183} INFO - Processing /home/airflow/.local/lib/python3.12/site-packages/airflow/example_dags/example_short_circuit_decorator.py took 0.097 seconds
