[2025-03-11T03:05:19.404+0000] {processor.py:161} INFO - Started process (PID=59543) to work on /home/airflow/.local/lib/python3.12/site-packages/airflow/example_dags/example_xcomargs.py
[2025-03-11T03:05:19.405+0000] {processor.py:830} INFO - Processing file /home/airflow/.local/lib/python3.12/site-packages/airflow/example_dags/example_xcomargs.py for tasks to queue
[2025-03-11T03:05:19.408+0000] {logging_mixin.py:188} INFO - [2025-03-11T03:05:19.407+0000] {dagbag.py:545} INFO - Filling up the DagBag from /home/airflow/.local/lib/python3.12/site-packages/airflow/example_dags/example_xcomargs.py
[2025-03-11T03:05:19.417+0000] {processor.py:840} INFO - DAG(s) 'example_xcom_args_with_operators', 'example_xcom_args' retrieved from /home/airflow/.local/lib/python3.12/site-packages/airflow/example_dags/example_xcomargs.py
[2025-03-11T03:05:19.444+0000] {logging_mixin.py:188} INFO - [2025-03-11T03:05:19.443+0000] {dag.py:3096} INFO - Sync 2 DAGs
[2025-03-11T03:05:19.457+0000] {logging_mixin.py:188} INFO - [2025-03-11T03:05:19.457+0000] {dag.py:3954} INFO - Setting next_dagrun for example_xcom_args to None, run_after=None
[2025-03-11T03:05:19.462+0000] {logging_mixin.py:188} INFO - [2025-03-11T03:05:19.462+0000] {dag.py:3954} INFO - Setting next_dagrun for example_xcom_args_with_operators to None, run_after=None
[2025-03-11T03:05:19.487+0000] {processor.py:183} INFO - Processing /home/airflow/.local/lib/python3.12/site-packages/airflow/example_dags/example_xcomargs.py took 0.089 seconds
[2025-03-11T03:05:49.859+0000] {processor.py:161} INFO - Started process (PID=59805) to work on /home/airflow/.local/lib/python3.12/site-packages/airflow/example_dags/example_xcomargs.py
[2025-03-11T03:05:49.860+0000] {processor.py:830} INFO - Processing file /home/airflow/.local/lib/python3.12/site-packages/airflow/example_dags/example_xcomargs.py for tasks to queue
[2025-03-11T03:05:49.862+0000] {logging_mixin.py:188} INFO - [2025-03-11T03:05:49.861+0000] {dagbag.py:545} INFO - Filling up the DagBag from /home/airflow/.local/lib/python3.12/site-packages/airflow/example_dags/example_xcomargs.py
[2025-03-11T03:05:49.870+0000] {processor.py:840} INFO - DAG(s) 'example_xcom_args', 'example_xcom_args_with_operators' retrieved from /home/airflow/.local/lib/python3.12/site-packages/airflow/example_dags/example_xcomargs.py
[2025-03-11T03:05:49.895+0000] {logging_mixin.py:188} INFO - [2025-03-11T03:05:49.895+0000] {dag.py:3096} INFO - Sync 2 DAGs
[2025-03-11T03:05:49.912+0000] {logging_mixin.py:188} INFO - [2025-03-11T03:05:49.912+0000] {dag.py:3954} INFO - Setting next_dagrun for example_xcom_args to None, run_after=None
[2025-03-11T03:05:49.917+0000] {logging_mixin.py:188} INFO - [2025-03-11T03:05:49.917+0000] {dag.py:3954} INFO - Setting next_dagrun for example_xcom_args_with_operators to None, run_after=None
[2025-03-11T03:05:49.939+0000] {processor.py:183} INFO - Processing /home/airflow/.local/lib/python3.12/site-packages/airflow/example_dags/example_xcomargs.py took 0.086 seconds
[2025-03-11T03:06:20.736+0000] {processor.py:161} INFO - Started process (PID=60067) to work on /home/airflow/.local/lib/python3.12/site-packages/airflow/example_dags/example_xcomargs.py
[2025-03-11T03:06:20.737+0000] {processor.py:830} INFO - Processing file /home/airflow/.local/lib/python3.12/site-packages/airflow/example_dags/example_xcomargs.py for tasks to queue
[2025-03-11T03:06:20.738+0000] {logging_mixin.py:188} INFO - [2025-03-11T03:06:20.738+0000] {dagbag.py:545} INFO - Filling up the DagBag from /home/airflow/.local/lib/python3.12/site-packages/airflow/example_dags/example_xcomargs.py
[2025-03-11T03:06:20.746+0000] {processor.py:840} INFO - DAG(s) 'example_xcom_args', 'example_xcom_args_with_operators' retrieved from /home/airflow/.local/lib/python3.12/site-packages/airflow/example_dags/example_xcomargs.py
[2025-03-11T03:06:20.765+0000] {logging_mixin.py:188} INFO - [2025-03-11T03:06:20.765+0000] {dag.py:3096} INFO - Sync 2 DAGs
[2025-03-11T03:06:20.776+0000] {logging_mixin.py:188} INFO - [2025-03-11T03:06:20.776+0000] {dag.py:3954} INFO - Setting next_dagrun for example_xcom_args to None, run_after=None
[2025-03-11T03:06:20.780+0000] {logging_mixin.py:188} INFO - [2025-03-11T03:06:20.780+0000] {dag.py:3954} INFO - Setting next_dagrun for example_xcom_args_with_operators to None, run_after=None
[2025-03-11T03:06:20.798+0000] {processor.py:183} INFO - Processing /home/airflow/.local/lib/python3.12/site-packages/airflow/example_dags/example_xcomargs.py took 0.067 seconds
[2025-03-11T03:06:51.503+0000] {processor.py:161} INFO - Started process (PID=60339) to work on /home/airflow/.local/lib/python3.12/site-packages/airflow/example_dags/example_xcomargs.py
[2025-03-11T03:06:51.505+0000] {processor.py:830} INFO - Processing file /home/airflow/.local/lib/python3.12/site-packages/airflow/example_dags/example_xcomargs.py for tasks to queue
[2025-03-11T03:06:51.507+0000] {logging_mixin.py:188} INFO - [2025-03-11T03:06:51.507+0000] {dagbag.py:545} INFO - Filling up the DagBag from /home/airflow/.local/lib/python3.12/site-packages/airflow/example_dags/example_xcomargs.py
[2025-03-11T03:06:51.517+0000] {processor.py:840} INFO - DAG(s) 'example_xcom_args', 'example_xcom_args_with_operators' retrieved from /home/airflow/.local/lib/python3.12/site-packages/airflow/example_dags/example_xcomargs.py
[2025-03-11T03:06:51.541+0000] {logging_mixin.py:188} INFO - [2025-03-11T03:06:51.540+0000] {dag.py:3096} INFO - Sync 2 DAGs
[2025-03-11T03:06:51.554+0000] {logging_mixin.py:188} INFO - [2025-03-11T03:06:51.554+0000] {dag.py:3954} INFO - Setting next_dagrun for example_xcom_args to None, run_after=None
[2025-03-11T03:06:51.559+0000] {logging_mixin.py:188} INFO - [2025-03-11T03:06:51.559+0000] {dag.py:3954} INFO - Setting next_dagrun for example_xcom_args_with_operators to None, run_after=None
[2025-03-11T03:06:51.577+0000] {processor.py:183} INFO - Processing /home/airflow/.local/lib/python3.12/site-packages/airflow/example_dags/example_xcomargs.py took 0.079 seconds
[2025-03-11T03:07:22.640+0000] {processor.py:161} INFO - Started process (PID=60601) to work on /home/airflow/.local/lib/python3.12/site-packages/airflow/example_dags/example_xcomargs.py
[2025-03-11T03:07:22.642+0000] {processor.py:830} INFO - Processing file /home/airflow/.local/lib/python3.12/site-packages/airflow/example_dags/example_xcomargs.py for tasks to queue
[2025-03-11T03:07:22.648+0000] {logging_mixin.py:188} INFO - [2025-03-11T03:07:22.648+0000] {dagbag.py:545} INFO - Filling up the DagBag from /home/airflow/.local/lib/python3.12/site-packages/airflow/example_dags/example_xcomargs.py
[2025-03-11T03:07:22.659+0000] {processor.py:840} INFO - DAG(s) 'example_xcom_args', 'example_xcom_args_with_operators' retrieved from /home/airflow/.local/lib/python3.12/site-packages/airflow/example_dags/example_xcomargs.py
[2025-03-11T03:07:22.685+0000] {logging_mixin.py:188} INFO - [2025-03-11T03:07:22.685+0000] {dag.py:3096} INFO - Sync 2 DAGs
[2025-03-11T03:07:22.700+0000] {logging_mixin.py:188} INFO - [2025-03-11T03:07:22.700+0000] {dag.py:3954} INFO - Setting next_dagrun for example_xcom_args to None, run_after=None
[2025-03-11T03:07:22.705+0000] {logging_mixin.py:188} INFO - [2025-03-11T03:07:22.705+0000] {dag.py:3954} INFO - Setting next_dagrun for example_xcom_args_with_operators to None, run_after=None
[2025-03-11T03:07:22.736+0000] {processor.py:183} INFO - Processing /home/airflow/.local/lib/python3.12/site-packages/airflow/example_dags/example_xcomargs.py took 0.120 seconds
[2025-03-11T03:07:53.541+0000] {processor.py:161} INFO - Started process (PID=60863) to work on /home/airflow/.local/lib/python3.12/site-packages/airflow/example_dags/example_xcomargs.py
[2025-03-11T03:07:53.542+0000] {processor.py:830} INFO - Processing file /home/airflow/.local/lib/python3.12/site-packages/airflow/example_dags/example_xcomargs.py for tasks to queue
[2025-03-11T03:07:53.544+0000] {logging_mixin.py:188} INFO - [2025-03-11T03:07:53.544+0000] {dagbag.py:545} INFO - Filling up the DagBag from /home/airflow/.local/lib/python3.12/site-packages/airflow/example_dags/example_xcomargs.py
[2025-03-11T03:07:53.552+0000] {processor.py:840} INFO - DAG(s) 'example_xcom_args_with_operators', 'example_xcom_args' retrieved from /home/airflow/.local/lib/python3.12/site-packages/airflow/example_dags/example_xcomargs.py
[2025-03-11T03:07:53.577+0000] {logging_mixin.py:188} INFO - [2025-03-11T03:07:53.576+0000] {dag.py:3096} INFO - Sync 2 DAGs
[2025-03-11T03:07:53.590+0000] {logging_mixin.py:188} INFO - [2025-03-11T03:07:53.590+0000] {dag.py:3954} INFO - Setting next_dagrun for example_xcom_args to None, run_after=None
[2025-03-11T03:07:53.594+0000] {logging_mixin.py:188} INFO - [2025-03-11T03:07:53.594+0000] {dag.py:3954} INFO - Setting next_dagrun for example_xcom_args_with_operators to None, run_after=None
[2025-03-11T03:07:53.613+0000] {processor.py:183} INFO - Processing /home/airflow/.local/lib/python3.12/site-packages/airflow/example_dags/example_xcomargs.py took 0.078 seconds
[2025-03-11T03:08:24.021+0000] {processor.py:161} INFO - Started process (PID=61125) to work on /home/airflow/.local/lib/python3.12/site-packages/airflow/example_dags/example_xcomargs.py
[2025-03-11T03:08:24.022+0000] {processor.py:830} INFO - Processing file /home/airflow/.local/lib/python3.12/site-packages/airflow/example_dags/example_xcomargs.py for tasks to queue
[2025-03-11T03:08:24.025+0000] {logging_mixin.py:188} INFO - [2025-03-11T03:08:24.025+0000] {dagbag.py:545} INFO - Filling up the DagBag from /home/airflow/.local/lib/python3.12/site-packages/airflow/example_dags/example_xcomargs.py
[2025-03-11T03:08:24.035+0000] {processor.py:840} INFO - DAG(s) 'example_xcom_args_with_operators', 'example_xcom_args' retrieved from /home/airflow/.local/lib/python3.12/site-packages/airflow/example_dags/example_xcomargs.py
[2025-03-11T03:08:24.063+0000] {logging_mixin.py:188} INFO - [2025-03-11T03:08:24.063+0000] {dag.py:3096} INFO - Sync 2 DAGs
[2025-03-11T03:08:24.078+0000] {logging_mixin.py:188} INFO - [2025-03-11T03:08:24.078+0000] {dag.py:3954} INFO - Setting next_dagrun for example_xcom_args to None, run_after=None
[2025-03-11T03:08:24.083+0000] {logging_mixin.py:188} INFO - [2025-03-11T03:08:24.082+0000] {dag.py:3954} INFO - Setting next_dagrun for example_xcom_args_with_operators to None, run_after=None
[2025-03-11T03:08:24.102+0000] {processor.py:183} INFO - Processing /home/airflow/.local/lib/python3.12/site-packages/airflow/example_dags/example_xcomargs.py took 0.088 seconds
[2025-03-11T03:08:54.418+0000] {processor.py:161} INFO - Started process (PID=61387) to work on /home/airflow/.local/lib/python3.12/site-packages/airflow/example_dags/example_xcomargs.py
[2025-03-11T03:08:54.420+0000] {processor.py:830} INFO - Processing file /home/airflow/.local/lib/python3.12/site-packages/airflow/example_dags/example_xcomargs.py for tasks to queue
[2025-03-11T03:08:54.423+0000] {logging_mixin.py:188} INFO - [2025-03-11T03:08:54.423+0000] {dagbag.py:545} INFO - Filling up the DagBag from /home/airflow/.local/lib/python3.12/site-packages/airflow/example_dags/example_xcomargs.py
[2025-03-11T03:08:54.435+0000] {processor.py:840} INFO - DAG(s) 'example_xcom_args', 'example_xcom_args_with_operators' retrieved from /home/airflow/.local/lib/python3.12/site-packages/airflow/example_dags/example_xcomargs.py
[2025-03-11T03:08:54.465+0000] {logging_mixin.py:188} INFO - [2025-03-11T03:08:54.465+0000] {dag.py:3096} INFO - Sync 2 DAGs
[2025-03-11T03:08:54.482+0000] {logging_mixin.py:188} INFO - [2025-03-11T03:08:54.482+0000] {dag.py:3954} INFO - Setting next_dagrun for example_xcom_args to None, run_after=None
[2025-03-11T03:08:54.488+0000] {logging_mixin.py:188} INFO - [2025-03-11T03:08:54.488+0000] {dag.py:3954} INFO - Setting next_dagrun for example_xcom_args_with_operators to None, run_after=None
[2025-03-11T03:08:54.511+0000] {processor.py:183} INFO - Processing /home/airflow/.local/lib/python3.12/site-packages/airflow/example_dags/example_xcomargs.py took 0.101 seconds
[2025-03-11T03:09:25.327+0000] {processor.py:161} INFO - Started process (PID=61650) to work on /home/airflow/.local/lib/python3.12/site-packages/airflow/example_dags/example_xcomargs.py
[2025-03-11T03:09:25.329+0000] {processor.py:830} INFO - Processing file /home/airflow/.local/lib/python3.12/site-packages/airflow/example_dags/example_xcomargs.py for tasks to queue
[2025-03-11T03:09:25.331+0000] {logging_mixin.py:188} INFO - [2025-03-11T03:09:25.331+0000] {dagbag.py:545} INFO - Filling up the DagBag from /home/airflow/.local/lib/python3.12/site-packages/airflow/example_dags/example_xcomargs.py
[2025-03-11T03:09:25.340+0000] {processor.py:840} INFO - DAG(s) 'example_xcom_args_with_operators', 'example_xcom_args' retrieved from /home/airflow/.local/lib/python3.12/site-packages/airflow/example_dags/example_xcomargs.py
[2025-03-11T03:09:25.363+0000] {logging_mixin.py:188} INFO - [2025-03-11T03:09:25.363+0000] {dag.py:3096} INFO - Sync 2 DAGs
[2025-03-11T03:09:25.378+0000] {logging_mixin.py:188} INFO - [2025-03-11T03:09:25.377+0000] {dag.py:3954} INFO - Setting next_dagrun for example_xcom_args to None, run_after=None
[2025-03-11T03:09:25.382+0000] {logging_mixin.py:188} INFO - [2025-03-11T03:09:25.381+0000] {dag.py:3954} INFO - Setting next_dagrun for example_xcom_args_with_operators to None, run_after=None
[2025-03-11T03:09:25.400+0000] {processor.py:183} INFO - Processing /home/airflow/.local/lib/python3.12/site-packages/airflow/example_dags/example_xcomargs.py took 0.079 seconds
[2025-03-11T03:09:56.223+0000] {processor.py:161} INFO - Started process (PID=61906) to work on /home/airflow/.local/lib/python3.12/site-packages/airflow/example_dags/example_xcomargs.py
[2025-03-11T03:09:56.225+0000] {processor.py:830} INFO - Processing file /home/airflow/.local/lib/python3.12/site-packages/airflow/example_dags/example_xcomargs.py for tasks to queue
[2025-03-11T03:09:56.227+0000] {logging_mixin.py:188} INFO - [2025-03-11T03:09:56.227+0000] {dagbag.py:545} INFO - Filling up the DagBag from /home/airflow/.local/lib/python3.12/site-packages/airflow/example_dags/example_xcomargs.py
[2025-03-11T03:09:56.238+0000] {processor.py:840} INFO - DAG(s) 'example_xcom_args_with_operators', 'example_xcom_args' retrieved from /home/airflow/.local/lib/python3.12/site-packages/airflow/example_dags/example_xcomargs.py
[2025-03-11T03:09:56.264+0000] {logging_mixin.py:188} INFO - [2025-03-11T03:09:56.264+0000] {dag.py:3096} INFO - Sync 2 DAGs
[2025-03-11T03:09:56.278+0000] {logging_mixin.py:188} INFO - [2025-03-11T03:09:56.278+0000] {dag.py:3954} INFO - Setting next_dagrun for example_xcom_args to None, run_after=None
[2025-03-11T03:09:56.282+0000] {logging_mixin.py:188} INFO - [2025-03-11T03:09:56.282+0000] {dag.py:3954} INFO - Setting next_dagrun for example_xcom_args_with_operators to None, run_after=None
[2025-03-11T03:09:56.302+0000] {processor.py:183} INFO - Processing /home/airflow/.local/lib/python3.12/site-packages/airflow/example_dags/example_xcomargs.py took 0.085 seconds
[2025-03-11T03:10:26.548+0000] {processor.py:161} INFO - Started process (PID=62168) to work on /home/airflow/.local/lib/python3.12/site-packages/airflow/example_dags/example_xcomargs.py
[2025-03-11T03:10:26.549+0000] {processor.py:830} INFO - Processing file /home/airflow/.local/lib/python3.12/site-packages/airflow/example_dags/example_xcomargs.py for tasks to queue
[2025-03-11T03:10:26.552+0000] {logging_mixin.py:188} INFO - [2025-03-11T03:10:26.551+0000] {dagbag.py:545} INFO - Filling up the DagBag from /home/airflow/.local/lib/python3.12/site-packages/airflow/example_dags/example_xcomargs.py
[2025-03-11T03:10:26.561+0000] {processor.py:840} INFO - DAG(s) 'example_xcom_args', 'example_xcom_args_with_operators' retrieved from /home/airflow/.local/lib/python3.12/site-packages/airflow/example_dags/example_xcomargs.py
[2025-03-11T03:10:26.589+0000] {logging_mixin.py:188} INFO - [2025-03-11T03:10:26.588+0000] {dag.py:3096} INFO - Sync 2 DAGs
[2025-03-11T03:10:26.605+0000] {logging_mixin.py:188} INFO - [2025-03-11T03:10:26.604+0000] {dag.py:3954} INFO - Setting next_dagrun for example_xcom_args to None, run_after=None
[2025-03-11T03:10:26.609+0000] {logging_mixin.py:188} INFO - [2025-03-11T03:10:26.609+0000] {dag.py:3954} INFO - Setting next_dagrun for example_xcom_args_with_operators to None, run_after=None
[2025-03-11T03:10:26.625+0000] {processor.py:183} INFO - Processing /home/airflow/.local/lib/python3.12/site-packages/airflow/example_dags/example_xcomargs.py took 0.084 seconds
[2025-03-11T03:10:56.774+0000] {processor.py:161} INFO - Started process (PID=62430) to work on /home/airflow/.local/lib/python3.12/site-packages/airflow/example_dags/example_xcomargs.py
[2025-03-11T03:10:56.775+0000] {processor.py:830} INFO - Processing file /home/airflow/.local/lib/python3.12/site-packages/airflow/example_dags/example_xcomargs.py for tasks to queue
[2025-03-11T03:10:56.777+0000] {logging_mixin.py:188} INFO - [2025-03-11T03:10:56.776+0000] {dagbag.py:545} INFO - Filling up the DagBag from /home/airflow/.local/lib/python3.12/site-packages/airflow/example_dags/example_xcomargs.py
[2025-03-11T03:10:56.785+0000] {processor.py:840} INFO - DAG(s) 'example_xcom_args_with_operators', 'example_xcom_args' retrieved from /home/airflow/.local/lib/python3.12/site-packages/airflow/example_dags/example_xcomargs.py
[2025-03-11T03:10:56.808+0000] {logging_mixin.py:188} INFO - [2025-03-11T03:10:56.808+0000] {dag.py:3096} INFO - Sync 2 DAGs
[2025-03-11T03:10:56.821+0000] {logging_mixin.py:188} INFO - [2025-03-11T03:10:56.820+0000] {dag.py:3954} INFO - Setting next_dagrun for example_xcom_args to None, run_after=None
[2025-03-11T03:10:56.824+0000] {logging_mixin.py:188} INFO - [2025-03-11T03:10:56.824+0000] {dag.py:3954} INFO - Setting next_dagrun for example_xcom_args_with_operators to None, run_after=None
[2025-03-11T03:10:56.841+0000] {processor.py:183} INFO - Processing /home/airflow/.local/lib/python3.12/site-packages/airflow/example_dags/example_xcomargs.py took 0.073 seconds
[2025-03-11T03:11:27.409+0000] {processor.py:161} INFO - Started process (PID=62687) to work on /home/airflow/.local/lib/python3.12/site-packages/airflow/example_dags/example_xcomargs.py
[2025-03-11T03:11:27.411+0000] {processor.py:830} INFO - Processing file /home/airflow/.local/lib/python3.12/site-packages/airflow/example_dags/example_xcomargs.py for tasks to queue
[2025-03-11T03:11:27.414+0000] {logging_mixin.py:188} INFO - [2025-03-11T03:11:27.413+0000] {dagbag.py:545} INFO - Filling up the DagBag from /home/airflow/.local/lib/python3.12/site-packages/airflow/example_dags/example_xcomargs.py
[2025-03-11T03:11:27.431+0000] {processor.py:840} INFO - DAG(s) 'example_xcom_args', 'example_xcom_args_with_operators' retrieved from /home/airflow/.local/lib/python3.12/site-packages/airflow/example_dags/example_xcomargs.py
[2025-03-11T03:11:27.464+0000] {logging_mixin.py:188} INFO - [2025-03-11T03:11:27.464+0000] {dag.py:3096} INFO - Sync 2 DAGs
[2025-03-11T03:11:27.495+0000] {logging_mixin.py:188} INFO - [2025-03-11T03:11:27.495+0000] {dag.py:3954} INFO - Setting next_dagrun for example_xcom_args to None, run_after=None
[2025-03-11T03:11:27.501+0000] {logging_mixin.py:188} INFO - [2025-03-11T03:11:27.501+0000] {dag.py:3954} INFO - Setting next_dagrun for example_xcom_args_with_operators to None, run_after=None
[2025-03-11T03:11:27.520+0000] {processor.py:183} INFO - Processing /home/airflow/.local/lib/python3.12/site-packages/airflow/example_dags/example_xcomargs.py took 0.121 seconds
[2025-03-11T03:11:57.706+0000] {processor.py:161} INFO - Started process (PID=62949) to work on /home/airflow/.local/lib/python3.12/site-packages/airflow/example_dags/example_xcomargs.py
[2025-03-11T03:11:57.707+0000] {processor.py:830} INFO - Processing file /home/airflow/.local/lib/python3.12/site-packages/airflow/example_dags/example_xcomargs.py for tasks to queue
[2025-03-11T03:11:57.720+0000] {logging_mixin.py:188} INFO - [2025-03-11T03:11:57.719+0000] {dagbag.py:545} INFO - Filling up the DagBag from /home/airflow/.local/lib/python3.12/site-packages/airflow/example_dags/example_xcomargs.py
[2025-03-11T03:11:57.735+0000] {processor.py:840} INFO - DAG(s) 'example_xcom_args_with_operators', 'example_xcom_args' retrieved from /home/airflow/.local/lib/python3.12/site-packages/airflow/example_dags/example_xcomargs.py
[2025-03-11T03:11:57.759+0000] {logging_mixin.py:188} INFO - [2025-03-11T03:11:57.759+0000] {dag.py:3096} INFO - Sync 2 DAGs
[2025-03-11T03:11:57.773+0000] {logging_mixin.py:188} INFO - [2025-03-11T03:11:57.773+0000] {dag.py:3954} INFO - Setting next_dagrun for example_xcom_args to None, run_after=None
[2025-03-11T03:11:57.778+0000] {logging_mixin.py:188} INFO - [2025-03-11T03:11:57.777+0000] {dag.py:3954} INFO - Setting next_dagrun for example_xcom_args_with_operators to None, run_after=None
[2025-03-11T03:11:57.797+0000] {processor.py:183} INFO - Processing /home/airflow/.local/lib/python3.12/site-packages/airflow/example_dags/example_xcomargs.py took 0.097 seconds
[2025-03-11T03:12:28.059+0000] {processor.py:161} INFO - Started process (PID=63211) to work on /home/airflow/.local/lib/python3.12/site-packages/airflow/example_dags/example_xcomargs.py
[2025-03-11T03:12:28.061+0000] {processor.py:830} INFO - Processing file /home/airflow/.local/lib/python3.12/site-packages/airflow/example_dags/example_xcomargs.py for tasks to queue
[2025-03-11T03:12:28.063+0000] {logging_mixin.py:188} INFO - [2025-03-11T03:12:28.062+0000] {dagbag.py:545} INFO - Filling up the DagBag from /home/airflow/.local/lib/python3.12/site-packages/airflow/example_dags/example_xcomargs.py
[2025-03-11T03:12:28.071+0000] {processor.py:840} INFO - DAG(s) 'example_xcom_args', 'example_xcom_args_with_operators' retrieved from /home/airflow/.local/lib/python3.12/site-packages/airflow/example_dags/example_xcomargs.py
[2025-03-11T03:12:28.097+0000] {logging_mixin.py:188} INFO - [2025-03-11T03:12:28.096+0000] {dag.py:3096} INFO - Sync 2 DAGs
[2025-03-11T03:12:28.111+0000] {logging_mixin.py:188} INFO - [2025-03-11T03:12:28.110+0000] {dag.py:3954} INFO - Setting next_dagrun for example_xcom_args to None, run_after=None
[2025-03-11T03:12:28.115+0000] {logging_mixin.py:188} INFO - [2025-03-11T03:12:28.115+0000] {dag.py:3954} INFO - Setting next_dagrun for example_xcom_args_with_operators to None, run_after=None
[2025-03-11T03:12:28.134+0000] {processor.py:183} INFO - Processing /home/airflow/.local/lib/python3.12/site-packages/airflow/example_dags/example_xcomargs.py took 0.080 seconds
[2025-03-11T03:12:58.470+0000] {processor.py:161} INFO - Started process (PID=63472) to work on /home/airflow/.local/lib/python3.12/site-packages/airflow/example_dags/example_xcomargs.py
[2025-03-11T03:12:58.473+0000] {processor.py:830} INFO - Processing file /home/airflow/.local/lib/python3.12/site-packages/airflow/example_dags/example_xcomargs.py for tasks to queue
[2025-03-11T03:12:58.475+0000] {logging_mixin.py:188} INFO - [2025-03-11T03:12:58.475+0000] {dagbag.py:545} INFO - Filling up the DagBag from /home/airflow/.local/lib/python3.12/site-packages/airflow/example_dags/example_xcomargs.py
[2025-03-11T03:12:58.483+0000] {processor.py:840} INFO - DAG(s) 'example_xcom_args_with_operators', 'example_xcom_args' retrieved from /home/airflow/.local/lib/python3.12/site-packages/airflow/example_dags/example_xcomargs.py
[2025-03-11T03:12:58.507+0000] {logging_mixin.py:188} INFO - [2025-03-11T03:12:58.507+0000] {dag.py:3096} INFO - Sync 2 DAGs
[2025-03-11T03:12:58.523+0000] {logging_mixin.py:188} INFO - [2025-03-11T03:12:58.522+0000] {dag.py:3954} INFO - Setting next_dagrun for example_xcom_args to None, run_after=None
[2025-03-11T03:12:58.527+0000] {logging_mixin.py:188} INFO - [2025-03-11T03:12:58.527+0000] {dag.py:3954} INFO - Setting next_dagrun for example_xcom_args_with_operators to None, run_after=None
[2025-03-11T03:12:58.543+0000] {processor.py:183} INFO - Processing /home/airflow/.local/lib/python3.12/site-packages/airflow/example_dags/example_xcomargs.py took 0.078 seconds
[2025-03-11T03:13:28.913+0000] {processor.py:161} INFO - Started process (PID=63734) to work on /home/airflow/.local/lib/python3.12/site-packages/airflow/example_dags/example_xcomargs.py
[2025-03-11T03:13:28.914+0000] {processor.py:830} INFO - Processing file /home/airflow/.local/lib/python3.12/site-packages/airflow/example_dags/example_xcomargs.py for tasks to queue
[2025-03-11T03:13:28.917+0000] {logging_mixin.py:188} INFO - [2025-03-11T03:13:28.917+0000] {dagbag.py:545} INFO - Filling up the DagBag from /home/airflow/.local/lib/python3.12/site-packages/airflow/example_dags/example_xcomargs.py
[2025-03-11T03:13:28.927+0000] {processor.py:840} INFO - DAG(s) 'example_xcom_args', 'example_xcom_args_with_operators' retrieved from /home/airflow/.local/lib/python3.12/site-packages/airflow/example_dags/example_xcomargs.py
[2025-03-11T03:13:28.956+0000] {logging_mixin.py:188} INFO - [2025-03-11T03:13:28.956+0000] {dag.py:3096} INFO - Sync 2 DAGs
[2025-03-11T03:13:28.972+0000] {logging_mixin.py:188} INFO - [2025-03-11T03:13:28.971+0000] {dag.py:3954} INFO - Setting next_dagrun for example_xcom_args to None, run_after=None
[2025-03-11T03:13:28.978+0000] {logging_mixin.py:188} INFO - [2025-03-11T03:13:28.977+0000] {dag.py:3954} INFO - Setting next_dagrun for example_xcom_args_with_operators to None, run_after=None
[2025-03-11T03:13:28.998+0000] {processor.py:183} INFO - Processing /home/airflow/.local/lib/python3.12/site-packages/airflow/example_dags/example_xcomargs.py took 0.095 seconds
[2025-03-11T03:14:01.228+0000] {processor.py:161} INFO - Started process (PID=63996) to work on /home/airflow/.local/lib/python3.12/site-packages/airflow/example_dags/example_xcomargs.py
[2025-03-11T03:14:01.229+0000] {processor.py:830} INFO - Processing file /home/airflow/.local/lib/python3.12/site-packages/airflow/example_dags/example_xcomargs.py for tasks to queue
[2025-03-11T03:14:01.232+0000] {logging_mixin.py:188} INFO - [2025-03-11T03:14:01.232+0000] {dagbag.py:545} INFO - Filling up the DagBag from /home/airflow/.local/lib/python3.12/site-packages/airflow/example_dags/example_xcomargs.py
[2025-03-11T03:14:01.244+0000] {processor.py:840} INFO - DAG(s) 'example_xcom_args', 'example_xcom_args_with_operators' retrieved from /home/airflow/.local/lib/python3.12/site-packages/airflow/example_dags/example_xcomargs.py
[2025-03-11T03:14:01.271+0000] {logging_mixin.py:188} INFO - [2025-03-11T03:14:01.271+0000] {dag.py:3096} INFO - Sync 2 DAGs
[2025-03-11T03:14:01.286+0000] {logging_mixin.py:188} INFO - [2025-03-11T03:14:01.286+0000] {dag.py:3954} INFO - Setting next_dagrun for example_xcom_args to None, run_after=None
[2025-03-11T03:14:01.290+0000] {logging_mixin.py:188} INFO - [2025-03-11T03:14:01.290+0000] {dag.py:3954} INFO - Setting next_dagrun for example_xcom_args_with_operators to None, run_after=None
[2025-03-11T03:14:01.309+0000] {processor.py:183} INFO - Processing /home/airflow/.local/lib/python3.12/site-packages/airflow/example_dags/example_xcomargs.py took 0.088 seconds
[2025-03-11T03:14:32.123+0000] {processor.py:161} INFO - Started process (PID=64258) to work on /home/airflow/.local/lib/python3.12/site-packages/airflow/example_dags/example_xcomargs.py
[2025-03-11T03:14:32.125+0000] {processor.py:830} INFO - Processing file /home/airflow/.local/lib/python3.12/site-packages/airflow/example_dags/example_xcomargs.py for tasks to queue
[2025-03-11T03:14:32.127+0000] {logging_mixin.py:188} INFO - [2025-03-11T03:14:32.127+0000] {dagbag.py:545} INFO - Filling up the DagBag from /home/airflow/.local/lib/python3.12/site-packages/airflow/example_dags/example_xcomargs.py
[2025-03-11T03:14:32.136+0000] {processor.py:840} INFO - DAG(s) 'example_xcom_args_with_operators', 'example_xcom_args' retrieved from /home/airflow/.local/lib/python3.12/site-packages/airflow/example_dags/example_xcomargs.py
[2025-03-11T03:14:32.162+0000] {logging_mixin.py:188} INFO - [2025-03-11T03:14:32.162+0000] {dag.py:3096} INFO - Sync 2 DAGs
[2025-03-11T03:14:32.175+0000] {logging_mixin.py:188} INFO - [2025-03-11T03:14:32.175+0000] {dag.py:3954} INFO - Setting next_dagrun for example_xcom_args to None, run_after=None
[2025-03-11T03:14:32.180+0000] {logging_mixin.py:188} INFO - [2025-03-11T03:14:32.180+0000] {dag.py:3954} INFO - Setting next_dagrun for example_xcom_args_with_operators to None, run_after=None
[2025-03-11T03:14:32.198+0000] {processor.py:183} INFO - Processing /home/airflow/.local/lib/python3.12/site-packages/airflow/example_dags/example_xcomargs.py took 0.081 seconds
[2025-03-11T03:15:05.464+0000] {processor.py:161} INFO - Started process (PID=64520) to work on /home/airflow/.local/lib/python3.12/site-packages/airflow/example_dags/example_xcomargs.py
[2025-03-11T03:15:05.466+0000] {processor.py:830} INFO - Processing file /home/airflow/.local/lib/python3.12/site-packages/airflow/example_dags/example_xcomargs.py for tasks to queue
[2025-03-11T03:15:05.469+0000] {logging_mixin.py:188} INFO - [2025-03-11T03:15:05.469+0000] {dagbag.py:545} INFO - Filling up the DagBag from /home/airflow/.local/lib/python3.12/site-packages/airflow/example_dags/example_xcomargs.py
[2025-03-11T03:15:05.479+0000] {processor.py:840} INFO - DAG(s) 'example_xcom_args_with_operators', 'example_xcom_args' retrieved from /home/airflow/.local/lib/python3.12/site-packages/airflow/example_dags/example_xcomargs.py
[2025-03-11T03:15:05.507+0000] {logging_mixin.py:188} INFO - [2025-03-11T03:15:05.506+0000] {dag.py:3096} INFO - Sync 2 DAGs
[2025-03-11T03:15:05.521+0000] {logging_mixin.py:188} INFO - [2025-03-11T03:15:05.520+0000] {dag.py:3954} INFO - Setting next_dagrun for example_xcom_args to None, run_after=None
[2025-03-11T03:15:05.525+0000] {logging_mixin.py:188} INFO - [2025-03-11T03:15:05.524+0000] {dag.py:3954} INFO - Setting next_dagrun for example_xcom_args_with_operators to None, run_after=None
[2025-03-11T03:15:05.543+0000] {processor.py:183} INFO - Processing /home/airflow/.local/lib/python3.12/site-packages/airflow/example_dags/example_xcomargs.py took 0.088 seconds
[2025-03-11T03:15:39.616+0000] {processor.py:161} INFO - Started process (PID=64782) to work on /home/airflow/.local/lib/python3.12/site-packages/airflow/example_dags/example_xcomargs.py
[2025-03-11T03:15:39.619+0000] {processor.py:830} INFO - Processing file /home/airflow/.local/lib/python3.12/site-packages/airflow/example_dags/example_xcomargs.py for tasks to queue
[2025-03-11T03:15:39.622+0000] {logging_mixin.py:188} INFO - [2025-03-11T03:15:39.622+0000] {dagbag.py:545} INFO - Filling up the DagBag from /home/airflow/.local/lib/python3.12/site-packages/airflow/example_dags/example_xcomargs.py
[2025-03-11T03:15:39.637+0000] {processor.py:840} INFO - DAG(s) 'example_xcom_args_with_operators', 'example_xcom_args' retrieved from /home/airflow/.local/lib/python3.12/site-packages/airflow/example_dags/example_xcomargs.py
[2025-03-11T03:15:39.666+0000] {logging_mixin.py:188} INFO - [2025-03-11T03:15:39.666+0000] {dag.py:3096} INFO - Sync 2 DAGs
[2025-03-11T03:15:39.680+0000] {logging_mixin.py:188} INFO - [2025-03-11T03:15:39.679+0000] {dag.py:3954} INFO - Setting next_dagrun for example_xcom_args to None, run_after=None
[2025-03-11T03:15:39.684+0000] {logging_mixin.py:188} INFO - [2025-03-11T03:15:39.684+0000] {dag.py:3954} INFO - Setting next_dagrun for example_xcom_args_with_operators to None, run_after=None
[2025-03-11T03:15:39.820+0000] {processor.py:183} INFO - Processing /home/airflow/.local/lib/python3.12/site-packages/airflow/example_dags/example_xcomargs.py took 0.229 seconds
[2025-03-11T03:16:10.895+0000] {processor.py:161} INFO - Started process (PID=65049) to work on /home/airflow/.local/lib/python3.12/site-packages/airflow/example_dags/example_xcomargs.py
[2025-03-11T03:16:10.896+0000] {processor.py:830} INFO - Processing file /home/airflow/.local/lib/python3.12/site-packages/airflow/example_dags/example_xcomargs.py for tasks to queue
[2025-03-11T03:16:10.900+0000] {logging_mixin.py:188} INFO - [2025-03-11T03:16:10.899+0000] {dagbag.py:545} INFO - Filling up the DagBag from /home/airflow/.local/lib/python3.12/site-packages/airflow/example_dags/example_xcomargs.py
[2025-03-11T03:16:10.911+0000] {processor.py:840} INFO - DAG(s) 'example_xcom_args_with_operators', 'example_xcom_args' retrieved from /home/airflow/.local/lib/python3.12/site-packages/airflow/example_dags/example_xcomargs.py
[2025-03-11T03:16:10.944+0000] {logging_mixin.py:188} INFO - [2025-03-11T03:16:10.944+0000] {dag.py:3096} INFO - Sync 2 DAGs
[2025-03-11T03:16:10.963+0000] {logging_mixin.py:188} INFO - [2025-03-11T03:16:10.963+0000] {dag.py:3954} INFO - Setting next_dagrun for example_xcom_args to None, run_after=None
[2025-03-11T03:16:10.969+0000] {logging_mixin.py:188} INFO - [2025-03-11T03:16:10.968+0000] {dag.py:3954} INFO - Setting next_dagrun for example_xcom_args_with_operators to None, run_after=None
[2025-03-11T03:16:10.994+0000] {processor.py:183} INFO - Processing /home/airflow/.local/lib/python3.12/site-packages/airflow/example_dags/example_xcomargs.py took 0.106 seconds
[2025-03-11T03:16:43.404+0000] {processor.py:161} INFO - Started process (PID=65311) to work on /home/airflow/.local/lib/python3.12/site-packages/airflow/example_dags/example_xcomargs.py
[2025-03-11T03:16:43.406+0000] {processor.py:830} INFO - Processing file /home/airflow/.local/lib/python3.12/site-packages/airflow/example_dags/example_xcomargs.py for tasks to queue
[2025-03-11T03:16:43.408+0000] {logging_mixin.py:188} INFO - [2025-03-11T03:16:43.408+0000] {dagbag.py:545} INFO - Filling up the DagBag from /home/airflow/.local/lib/python3.12/site-packages/airflow/example_dags/example_xcomargs.py
[2025-03-11T03:16:43.417+0000] {processor.py:840} INFO - DAG(s) 'example_xcom_args', 'example_xcom_args_with_operators' retrieved from /home/airflow/.local/lib/python3.12/site-packages/airflow/example_dags/example_xcomargs.py
[2025-03-11T03:16:43.443+0000] {logging_mixin.py:188} INFO - [2025-03-11T03:16:43.442+0000] {dag.py:3096} INFO - Sync 2 DAGs
[2025-03-11T03:16:43.458+0000] {logging_mixin.py:188} INFO - [2025-03-11T03:16:43.458+0000] {dag.py:3954} INFO - Setting next_dagrun for example_xcom_args to None, run_after=None
[2025-03-11T03:16:43.464+0000] {logging_mixin.py:188} INFO - [2025-03-11T03:16:43.464+0000] {dag.py:3954} INFO - Setting next_dagrun for example_xcom_args_with_operators to None, run_after=None
[2025-03-11T03:16:43.505+0000] {processor.py:183} INFO - Processing /home/airflow/.local/lib/python3.12/site-packages/airflow/example_dags/example_xcomargs.py took 0.106 seconds
[2025-03-11T03:17:15.058+0000] {processor.py:161} INFO - Started process (PID=65573) to work on /home/airflow/.local/lib/python3.12/site-packages/airflow/example_dags/example_xcomargs.py
[2025-03-11T03:17:15.059+0000] {processor.py:830} INFO - Processing file /home/airflow/.local/lib/python3.12/site-packages/airflow/example_dags/example_xcomargs.py for tasks to queue
[2025-03-11T03:17:15.062+0000] {logging_mixin.py:188} INFO - [2025-03-11T03:17:15.062+0000] {dagbag.py:545} INFO - Filling up the DagBag from /home/airflow/.local/lib/python3.12/site-packages/airflow/example_dags/example_xcomargs.py
[2025-03-11T03:17:15.072+0000] {processor.py:840} INFO - DAG(s) 'example_xcom_args', 'example_xcom_args_with_operators' retrieved from /home/airflow/.local/lib/python3.12/site-packages/airflow/example_dags/example_xcomargs.py
[2025-03-11T03:17:15.117+0000] {logging_mixin.py:188} INFO - [2025-03-11T03:17:15.117+0000] {dag.py:3096} INFO - Sync 2 DAGs
[2025-03-11T03:17:15.134+0000] {logging_mixin.py:188} INFO - [2025-03-11T03:17:15.133+0000] {dag.py:3954} INFO - Setting next_dagrun for example_xcom_args to None, run_after=None
[2025-03-11T03:17:15.138+0000] {logging_mixin.py:188} INFO - [2025-03-11T03:17:15.137+0000] {dag.py:3954} INFO - Setting next_dagrun for example_xcom_args_with_operators to None, run_after=None
[2025-03-11T03:17:15.277+0000] {processor.py:183} INFO - Processing /home/airflow/.local/lib/python3.12/site-packages/airflow/example_dags/example_xcomargs.py took 0.225 seconds
[2025-03-11T03:17:46.019+0000] {processor.py:161} INFO - Started process (PID=65835) to work on /home/airflow/.local/lib/python3.12/site-packages/airflow/example_dags/example_xcomargs.py
[2025-03-11T03:17:46.020+0000] {processor.py:830} INFO - Processing file /home/airflow/.local/lib/python3.12/site-packages/airflow/example_dags/example_xcomargs.py for tasks to queue
[2025-03-11T03:17:46.022+0000] {logging_mixin.py:188} INFO - [2025-03-11T03:17:46.022+0000] {dagbag.py:545} INFO - Filling up the DagBag from /home/airflow/.local/lib/python3.12/site-packages/airflow/example_dags/example_xcomargs.py
[2025-03-11T03:17:46.031+0000] {processor.py:840} INFO - DAG(s) 'example_xcom_args_with_operators', 'example_xcom_args' retrieved from /home/airflow/.local/lib/python3.12/site-packages/airflow/example_dags/example_xcomargs.py
[2025-03-11T03:17:46.062+0000] {logging_mixin.py:188} INFO - [2025-03-11T03:17:46.062+0000] {dag.py:3096} INFO - Sync 2 DAGs
[2025-03-11T03:17:46.080+0000] {logging_mixin.py:188} INFO - [2025-03-11T03:17:46.080+0000] {dag.py:3954} INFO - Setting next_dagrun for example_xcom_args to None, run_after=None
[2025-03-11T03:17:46.087+0000] {logging_mixin.py:188} INFO - [2025-03-11T03:17:46.086+0000] {dag.py:3954} INFO - Setting next_dagrun for example_xcom_args_with_operators to None, run_after=None
[2025-03-11T03:17:46.109+0000] {processor.py:183} INFO - Processing /home/airflow/.local/lib/python3.12/site-packages/airflow/example_dags/example_xcomargs.py took 0.096 seconds
[2025-03-11T03:18:20.633+0000] {processor.py:161} INFO - Started process (PID=66097) to work on /home/airflow/.local/lib/python3.12/site-packages/airflow/example_dags/example_xcomargs.py
[2025-03-11T03:18:20.634+0000] {processor.py:830} INFO - Processing file /home/airflow/.local/lib/python3.12/site-packages/airflow/example_dags/example_xcomargs.py for tasks to queue
[2025-03-11T03:18:20.638+0000] {logging_mixin.py:188} INFO - [2025-03-11T03:18:20.637+0000] {dagbag.py:545} INFO - Filling up the DagBag from /home/airflow/.local/lib/python3.12/site-packages/airflow/example_dags/example_xcomargs.py
[2025-03-11T03:18:20.649+0000] {processor.py:840} INFO - DAG(s) 'example_xcom_args_with_operators', 'example_xcom_args' retrieved from /home/airflow/.local/lib/python3.12/site-packages/airflow/example_dags/example_xcomargs.py
[2025-03-11T03:18:20.811+0000] {logging_mixin.py:188} INFO - [2025-03-11T03:18:20.811+0000] {dag.py:3096} INFO - Sync 2 DAGs
[2025-03-11T03:18:20.826+0000] {logging_mixin.py:188} INFO - [2025-03-11T03:18:20.825+0000] {dag.py:3954} INFO - Setting next_dagrun for example_xcom_args to None, run_after=None
[2025-03-11T03:18:20.831+0000] {logging_mixin.py:188} INFO - [2025-03-11T03:18:20.831+0000] {dag.py:3954} INFO - Setting next_dagrun for example_xcom_args_with_operators to None, run_after=None
[2025-03-11T03:18:20.851+0000] {processor.py:183} INFO - Processing /home/airflow/.local/lib/python3.12/site-packages/airflow/example_dags/example_xcomargs.py took 0.225 seconds
[2025-03-11T03:18:50.938+0000] {processor.py:161} INFO - Started process (PID=66361) to work on /home/airflow/.local/lib/python3.12/site-packages/airflow/example_dags/example_xcomargs.py
[2025-03-11T03:18:50.939+0000] {processor.py:830} INFO - Processing file /home/airflow/.local/lib/python3.12/site-packages/airflow/example_dags/example_xcomargs.py for tasks to queue
[2025-03-11T03:18:50.941+0000] {logging_mixin.py:188} INFO - [2025-03-11T03:18:50.941+0000] {dagbag.py:545} INFO - Filling up the DagBag from /home/airflow/.local/lib/python3.12/site-packages/airflow/example_dags/example_xcomargs.py
[2025-03-11T03:18:50.950+0000] {processor.py:840} INFO - DAG(s) 'example_xcom_args', 'example_xcom_args_with_operators' retrieved from /home/airflow/.local/lib/python3.12/site-packages/airflow/example_dags/example_xcomargs.py
[2025-03-11T03:18:50.979+0000] {logging_mixin.py:188} INFO - [2025-03-11T03:18:50.979+0000] {dag.py:3096} INFO - Sync 2 DAGs
[2025-03-11T03:18:50.994+0000] {logging_mixin.py:188} INFO - [2025-03-11T03:18:50.994+0000] {dag.py:3954} INFO - Setting next_dagrun for example_xcom_args to None, run_after=None
[2025-03-11T03:18:51.001+0000] {logging_mixin.py:188} INFO - [2025-03-11T03:18:51.000+0000] {dag.py:3954} INFO - Setting next_dagrun for example_xcom_args_with_operators to None, run_after=None
[2025-03-11T03:18:51.026+0000] {processor.py:183} INFO - Processing /home/airflow/.local/lib/python3.12/site-packages/airflow/example_dags/example_xcomargs.py took 0.094 seconds
[2025-03-11T03:19:22.615+0000] {processor.py:161} INFO - Started process (PID=66623) to work on /home/airflow/.local/lib/python3.12/site-packages/airflow/example_dags/example_xcomargs.py
[2025-03-11T03:19:22.617+0000] {processor.py:830} INFO - Processing file /home/airflow/.local/lib/python3.12/site-packages/airflow/example_dags/example_xcomargs.py for tasks to queue
[2025-03-11T03:19:22.620+0000] {logging_mixin.py:188} INFO - [2025-03-11T03:19:22.619+0000] {dagbag.py:545} INFO - Filling up the DagBag from /home/airflow/.local/lib/python3.12/site-packages/airflow/example_dags/example_xcomargs.py
[2025-03-11T03:19:22.632+0000] {processor.py:840} INFO - DAG(s) 'example_xcom_args_with_operators', 'example_xcom_args' retrieved from /home/airflow/.local/lib/python3.12/site-packages/airflow/example_dags/example_xcomargs.py
[2025-03-11T03:19:22.657+0000] {logging_mixin.py:188} INFO - [2025-03-11T03:19:22.657+0000] {dag.py:3096} INFO - Sync 2 DAGs
[2025-03-11T03:19:22.672+0000] {logging_mixin.py:188} INFO - [2025-03-11T03:19:22.672+0000] {dag.py:3954} INFO - Setting next_dagrun for example_xcom_args to None, run_after=None
[2025-03-11T03:19:22.677+0000] {logging_mixin.py:188} INFO - [2025-03-11T03:19:22.676+0000] {dag.py:3954} INFO - Setting next_dagrun for example_xcom_args_with_operators to None, run_after=None
[2025-03-11T03:19:22.700+0000] {processor.py:183} INFO - Processing /home/airflow/.local/lib/python3.12/site-packages/airflow/example_dags/example_xcomargs.py took 0.092 seconds
[2025-03-11T03:19:53.974+0000] {processor.py:161} INFO - Started process (PID=66883) to work on /home/airflow/.local/lib/python3.12/site-packages/airflow/example_dags/example_xcomargs.py
[2025-03-11T03:19:53.975+0000] {processor.py:830} INFO - Processing file /home/airflow/.local/lib/python3.12/site-packages/airflow/example_dags/example_xcomargs.py for tasks to queue
[2025-03-11T03:19:53.978+0000] {logging_mixin.py:188} INFO - [2025-03-11T03:19:53.977+0000] {dagbag.py:545} INFO - Filling up the DagBag from /home/airflow/.local/lib/python3.12/site-packages/airflow/example_dags/example_xcomargs.py
[2025-03-11T03:19:53.987+0000] {processor.py:840} INFO - DAG(s) 'example_xcom_args_with_operators', 'example_xcom_args' retrieved from /home/airflow/.local/lib/python3.12/site-packages/airflow/example_dags/example_xcomargs.py
[2025-03-11T03:19:54.010+0000] {logging_mixin.py:188} INFO - [2025-03-11T03:19:54.010+0000] {dag.py:3096} INFO - Sync 2 DAGs
[2025-03-11T03:19:54.025+0000] {logging_mixin.py:188} INFO - [2025-03-11T03:19:54.025+0000] {dag.py:3954} INFO - Setting next_dagrun for example_xcom_args to None, run_after=None
[2025-03-11T03:19:54.029+0000] {logging_mixin.py:188} INFO - [2025-03-11T03:19:54.029+0000] {dag.py:3954} INFO - Setting next_dagrun for example_xcom_args_with_operators to None, run_after=None
[2025-03-11T03:19:54.051+0000] {processor.py:183} INFO - Processing /home/airflow/.local/lib/python3.12/site-packages/airflow/example_dags/example_xcomargs.py took 0.083 seconds
[2025-03-11T03:20:27.092+0000] {processor.py:161} INFO - Started process (PID=67149) to work on /home/airflow/.local/lib/python3.12/site-packages/airflow/example_dags/example_xcomargs.py
[2025-03-11T03:20:27.093+0000] {processor.py:830} INFO - Processing file /home/airflow/.local/lib/python3.12/site-packages/airflow/example_dags/example_xcomargs.py for tasks to queue
[2025-03-11T03:20:27.095+0000] {logging_mixin.py:188} INFO - [2025-03-11T03:20:27.095+0000] {dagbag.py:545} INFO - Filling up the DagBag from /home/airflow/.local/lib/python3.12/site-packages/airflow/example_dags/example_xcomargs.py
[2025-03-11T03:20:27.104+0000] {processor.py:840} INFO - DAG(s) 'example_xcom_args_with_operators', 'example_xcom_args' retrieved from /home/airflow/.local/lib/python3.12/site-packages/airflow/example_dags/example_xcomargs.py
[2025-03-11T03:20:27.128+0000] {logging_mixin.py:188} INFO - [2025-03-11T03:20:27.128+0000] {dag.py:3096} INFO - Sync 2 DAGs
[2025-03-11T03:20:27.142+0000] {logging_mixin.py:188} INFO - [2025-03-11T03:20:27.142+0000] {dag.py:3954} INFO - Setting next_dagrun for example_xcom_args to None, run_after=None
[2025-03-11T03:20:27.146+0000] {logging_mixin.py:188} INFO - [2025-03-11T03:20:27.146+0000] {dag.py:3954} INFO - Setting next_dagrun for example_xcom_args_with_operators to None, run_after=None
[2025-03-11T03:20:27.165+0000] {processor.py:183} INFO - Processing /home/airflow/.local/lib/python3.12/site-packages/airflow/example_dags/example_xcomargs.py took 0.079 seconds
[2025-03-11T03:20:57.980+0000] {processor.py:161} INFO - Started process (PID=67411) to work on /home/airflow/.local/lib/python3.12/site-packages/airflow/example_dags/example_xcomargs.py
[2025-03-11T03:20:57.981+0000] {processor.py:830} INFO - Processing file /home/airflow/.local/lib/python3.12/site-packages/airflow/example_dags/example_xcomargs.py for tasks to queue
[2025-03-11T03:20:57.983+0000] {logging_mixin.py:188} INFO - [2025-03-11T03:20:57.983+0000] {dagbag.py:545} INFO - Filling up the DagBag from /home/airflow/.local/lib/python3.12/site-packages/airflow/example_dags/example_xcomargs.py
[2025-03-11T03:20:57.991+0000] {processor.py:840} INFO - DAG(s) 'example_xcom_args', 'example_xcom_args_with_operators' retrieved from /home/airflow/.local/lib/python3.12/site-packages/airflow/example_dags/example_xcomargs.py
[2025-03-11T03:20:58.019+0000] {logging_mixin.py:188} INFO - [2025-03-11T03:20:58.019+0000] {dag.py:3096} INFO - Sync 2 DAGs
[2025-03-11T03:20:58.032+0000] {logging_mixin.py:188} INFO - [2025-03-11T03:20:58.031+0000] {dag.py:3954} INFO - Setting next_dagrun for example_xcom_args to None, run_after=None
[2025-03-11T03:20:58.036+0000] {logging_mixin.py:188} INFO - [2025-03-11T03:20:58.035+0000] {dag.py:3954} INFO - Setting next_dagrun for example_xcom_args_with_operators to None, run_after=None
[2025-03-11T03:20:58.052+0000] {processor.py:183} INFO - Processing /home/airflow/.local/lib/python3.12/site-packages/airflow/example_dags/example_xcomargs.py took 0.078 seconds
[2025-03-11T03:21:32.156+0000] {processor.py:161} INFO - Started process (PID=67685) to work on /home/airflow/.local/lib/python3.12/site-packages/airflow/example_dags/example_xcomargs.py
[2025-03-11T03:21:32.158+0000] {processor.py:830} INFO - Processing file /home/airflow/.local/lib/python3.12/site-packages/airflow/example_dags/example_xcomargs.py for tasks to queue
[2025-03-11T03:21:32.160+0000] {logging_mixin.py:188} INFO - [2025-03-11T03:21:32.160+0000] {dagbag.py:545} INFO - Filling up the DagBag from /home/airflow/.local/lib/python3.12/site-packages/airflow/example_dags/example_xcomargs.py
[2025-03-11T03:21:32.169+0000] {processor.py:840} INFO - DAG(s) 'example_xcom_args_with_operators', 'example_xcom_args' retrieved from /home/airflow/.local/lib/python3.12/site-packages/airflow/example_dags/example_xcomargs.py
[2025-03-11T03:21:32.193+0000] {logging_mixin.py:188} INFO - [2025-03-11T03:21:32.193+0000] {dag.py:3096} INFO - Sync 2 DAGs
[2025-03-11T03:21:32.205+0000] {logging_mixin.py:188} INFO - [2025-03-11T03:21:32.205+0000] {dag.py:3954} INFO - Setting next_dagrun for example_xcom_args to None, run_after=None
[2025-03-11T03:21:32.211+0000] {logging_mixin.py:188} INFO - [2025-03-11T03:21:32.211+0000] {dag.py:3954} INFO - Setting next_dagrun for example_xcom_args_with_operators to None, run_after=None
[2025-03-11T03:21:32.228+0000] {processor.py:183} INFO - Processing /home/airflow/.local/lib/python3.12/site-packages/airflow/example_dags/example_xcomargs.py took 0.078 seconds
[2025-03-11T03:22:03.307+0000] {processor.py:161} INFO - Started process (PID=67947) to work on /home/airflow/.local/lib/python3.12/site-packages/airflow/example_dags/example_xcomargs.py
[2025-03-11T03:22:03.309+0000] {processor.py:830} INFO - Processing file /home/airflow/.local/lib/python3.12/site-packages/airflow/example_dags/example_xcomargs.py for tasks to queue
[2025-03-11T03:22:03.312+0000] {logging_mixin.py:188} INFO - [2025-03-11T03:22:03.311+0000] {dagbag.py:545} INFO - Filling up the DagBag from /home/airflow/.local/lib/python3.12/site-packages/airflow/example_dags/example_xcomargs.py
[2025-03-11T03:22:03.323+0000] {processor.py:840} INFO - DAG(s) 'example_xcom_args_with_operators', 'example_xcom_args' retrieved from /home/airflow/.local/lib/python3.12/site-packages/airflow/example_dags/example_xcomargs.py
[2025-03-11T03:22:03.364+0000] {logging_mixin.py:188} INFO - [2025-03-11T03:22:03.364+0000] {dag.py:3096} INFO - Sync 2 DAGs
[2025-03-11T03:22:03.378+0000] {logging_mixin.py:188} INFO - [2025-03-11T03:22:03.378+0000] {dag.py:3954} INFO - Setting next_dagrun for example_xcom_args to None, run_after=None
[2025-03-11T03:22:03.383+0000] {logging_mixin.py:188} INFO - [2025-03-11T03:22:03.382+0000] {dag.py:3954} INFO - Setting next_dagrun for example_xcom_args_with_operators to None, run_after=None
[2025-03-11T03:22:03.404+0000] {processor.py:183} INFO - Processing /home/airflow/.local/lib/python3.12/site-packages/airflow/example_dags/example_xcomargs.py took 0.105 seconds
[2025-03-11T03:22:36.304+0000] {processor.py:161} INFO - Started process (PID=68207) to work on /home/airflow/.local/lib/python3.12/site-packages/airflow/example_dags/example_xcomargs.py
[2025-03-11T03:22:36.305+0000] {processor.py:830} INFO - Processing file /home/airflow/.local/lib/python3.12/site-packages/airflow/example_dags/example_xcomargs.py for tasks to queue
[2025-03-11T03:22:36.308+0000] {logging_mixin.py:188} INFO - [2025-03-11T03:22:36.307+0000] {dagbag.py:545} INFO - Filling up the DagBag from /home/airflow/.local/lib/python3.12/site-packages/airflow/example_dags/example_xcomargs.py
[2025-03-11T03:22:36.318+0000] {processor.py:840} INFO - DAG(s) 'example_xcom_args_with_operators', 'example_xcom_args' retrieved from /home/airflow/.local/lib/python3.12/site-packages/airflow/example_dags/example_xcomargs.py
[2025-03-11T03:22:36.342+0000] {logging_mixin.py:188} INFO - [2025-03-11T03:22:36.342+0000] {dag.py:3096} INFO - Sync 2 DAGs
[2025-03-11T03:22:36.356+0000] {logging_mixin.py:188} INFO - [2025-03-11T03:22:36.356+0000] {dag.py:3954} INFO - Setting next_dagrun for example_xcom_args to None, run_after=None
[2025-03-11T03:22:36.360+0000] {logging_mixin.py:188} INFO - [2025-03-11T03:22:36.360+0000] {dag.py:3954} INFO - Setting next_dagrun for example_xcom_args_with_operators to None, run_after=None
[2025-03-11T03:22:36.381+0000] {processor.py:183} INFO - Processing /home/airflow/.local/lib/python3.12/site-packages/airflow/example_dags/example_xcomargs.py took 0.083 seconds
[2025-03-11T03:23:08.610+0000] {processor.py:161} INFO - Started process (PID=68469) to work on /home/airflow/.local/lib/python3.12/site-packages/airflow/example_dags/example_xcomargs.py
[2025-03-11T03:23:08.611+0000] {processor.py:830} INFO - Processing file /home/airflow/.local/lib/python3.12/site-packages/airflow/example_dags/example_xcomargs.py for tasks to queue
[2025-03-11T03:23:08.613+0000] {logging_mixin.py:188} INFO - [2025-03-11T03:23:08.613+0000] {dagbag.py:545} INFO - Filling up the DagBag from /home/airflow/.local/lib/python3.12/site-packages/airflow/example_dags/example_xcomargs.py
[2025-03-11T03:23:08.622+0000] {processor.py:840} INFO - DAG(s) 'example_xcom_args_with_operators', 'example_xcom_args' retrieved from /home/airflow/.local/lib/python3.12/site-packages/airflow/example_dags/example_xcomargs.py
[2025-03-11T03:23:08.648+0000] {logging_mixin.py:188} INFO - [2025-03-11T03:23:08.647+0000] {dag.py:3096} INFO - Sync 2 DAGs
[2025-03-11T03:23:08.663+0000] {logging_mixin.py:188} INFO - [2025-03-11T03:23:08.663+0000] {dag.py:3954} INFO - Setting next_dagrun for example_xcom_args to None, run_after=None
[2025-03-11T03:23:08.668+0000] {logging_mixin.py:188} INFO - [2025-03-11T03:23:08.668+0000] {dag.py:3954} INFO - Setting next_dagrun for example_xcom_args_with_operators to None, run_after=None
[2025-03-11T03:23:08.687+0000] {processor.py:183} INFO - Processing /home/airflow/.local/lib/python3.12/site-packages/airflow/example_dags/example_xcomargs.py took 0.085 seconds
[2025-03-11T03:23:39.529+0000] {processor.py:161} INFO - Started process (PID=68731) to work on /home/airflow/.local/lib/python3.12/site-packages/airflow/example_dags/example_xcomargs.py
[2025-03-11T03:23:39.530+0000] {processor.py:830} INFO - Processing file /home/airflow/.local/lib/python3.12/site-packages/airflow/example_dags/example_xcomargs.py for tasks to queue
[2025-03-11T03:23:39.532+0000] {logging_mixin.py:188} INFO - [2025-03-11T03:23:39.532+0000] {dagbag.py:545} INFO - Filling up the DagBag from /home/airflow/.local/lib/python3.12/site-packages/airflow/example_dags/example_xcomargs.py
[2025-03-11T03:23:39.541+0000] {processor.py:840} INFO - DAG(s) 'example_xcom_args_with_operators', 'example_xcom_args' retrieved from /home/airflow/.local/lib/python3.12/site-packages/airflow/example_dags/example_xcomargs.py
[2025-03-11T03:23:39.571+0000] {logging_mixin.py:188} INFO - [2025-03-11T03:23:39.571+0000] {dag.py:3096} INFO - Sync 2 DAGs
[2025-03-11T03:23:39.586+0000] {logging_mixin.py:188} INFO - [2025-03-11T03:23:39.586+0000] {dag.py:3954} INFO - Setting next_dagrun for example_xcom_args to None, run_after=None
[2025-03-11T03:23:39.591+0000] {logging_mixin.py:188} INFO - [2025-03-11T03:23:39.591+0000] {dag.py:3954} INFO - Setting next_dagrun for example_xcom_args_with_operators to None, run_after=None
[2025-03-11T03:23:39.609+0000] {processor.py:183} INFO - Processing /home/airflow/.local/lib/python3.12/site-packages/airflow/example_dags/example_xcomargs.py took 0.086 seconds
[2025-03-11T03:24:12.478+0000] {processor.py:161} INFO - Started process (PID=68993) to work on /home/airflow/.local/lib/python3.12/site-packages/airflow/example_dags/example_xcomargs.py
[2025-03-11T03:24:12.480+0000] {processor.py:830} INFO - Processing file /home/airflow/.local/lib/python3.12/site-packages/airflow/example_dags/example_xcomargs.py for tasks to queue
[2025-03-11T03:24:12.482+0000] {logging_mixin.py:188} INFO - [2025-03-11T03:24:12.482+0000] {dagbag.py:545} INFO - Filling up the DagBag from /home/airflow/.local/lib/python3.12/site-packages/airflow/example_dags/example_xcomargs.py
[2025-03-11T03:24:12.491+0000] {processor.py:840} INFO - DAG(s) 'example_xcom_args_with_operators', 'example_xcom_args' retrieved from /home/airflow/.local/lib/python3.12/site-packages/airflow/example_dags/example_xcomargs.py
[2025-03-11T03:24:12.525+0000] {logging_mixin.py:188} INFO - [2025-03-11T03:24:12.525+0000] {dag.py:3096} INFO - Sync 2 DAGs
[2025-03-11T03:24:12.539+0000] {logging_mixin.py:188} INFO - [2025-03-11T03:24:12.539+0000] {dag.py:3954} INFO - Setting next_dagrun for example_xcom_args to None, run_after=None
[2025-03-11T03:24:12.544+0000] {logging_mixin.py:188} INFO - [2025-03-11T03:24:12.543+0000] {dag.py:3954} INFO - Setting next_dagrun for example_xcom_args_with_operators to None, run_after=None
[2025-03-11T03:24:12.562+0000] {processor.py:183} INFO - Processing /home/airflow/.local/lib/python3.12/site-packages/airflow/example_dags/example_xcomargs.py took 0.090 seconds
[2025-03-11T03:24:44.326+0000] {processor.py:161} INFO - Started process (PID=69255) to work on /home/airflow/.local/lib/python3.12/site-packages/airflow/example_dags/example_xcomargs.py
[2025-03-11T03:24:44.327+0000] {processor.py:830} INFO - Processing file /home/airflow/.local/lib/python3.12/site-packages/airflow/example_dags/example_xcomargs.py for tasks to queue
[2025-03-11T03:24:44.328+0000] {logging_mixin.py:188} INFO - [2025-03-11T03:24:44.328+0000] {dagbag.py:545} INFO - Filling up the DagBag from /home/airflow/.local/lib/python3.12/site-packages/airflow/example_dags/example_xcomargs.py
[2025-03-11T03:24:44.337+0000] {processor.py:840} INFO - DAG(s) 'example_xcom_args_with_operators', 'example_xcom_args' retrieved from /home/airflow/.local/lib/python3.12/site-packages/airflow/example_dags/example_xcomargs.py
[2025-03-11T03:24:44.359+0000] {logging_mixin.py:188} INFO - [2025-03-11T03:24:44.359+0000] {dag.py:3096} INFO - Sync 2 DAGs
[2025-03-11T03:24:44.372+0000] {logging_mixin.py:188} INFO - [2025-03-11T03:24:44.372+0000] {dag.py:3954} INFO - Setting next_dagrun for example_xcom_args to None, run_after=None
[2025-03-11T03:24:44.375+0000] {logging_mixin.py:188} INFO - [2025-03-11T03:24:44.375+0000] {dag.py:3954} INFO - Setting next_dagrun for example_xcom_args_with_operators to None, run_after=None
[2025-03-11T03:24:44.392+0000] {processor.py:183} INFO - Processing /home/airflow/.local/lib/python3.12/site-packages/airflow/example_dags/example_xcomargs.py took 0.072 seconds
[2025-03-11T03:25:16.375+0000] {processor.py:161} INFO - Started process (PID=69517) to work on /home/airflow/.local/lib/python3.12/site-packages/airflow/example_dags/example_xcomargs.py
[2025-03-11T03:25:16.377+0000] {processor.py:830} INFO - Processing file /home/airflow/.local/lib/python3.12/site-packages/airflow/example_dags/example_xcomargs.py for tasks to queue
[2025-03-11T03:25:16.379+0000] {logging_mixin.py:188} INFO - [2025-03-11T03:25:16.379+0000] {dagbag.py:545} INFO - Filling up the DagBag from /home/airflow/.local/lib/python3.12/site-packages/airflow/example_dags/example_xcomargs.py
[2025-03-11T03:25:16.391+0000] {processor.py:840} INFO - DAG(s) 'example_xcom_args', 'example_xcom_args_with_operators' retrieved from /home/airflow/.local/lib/python3.12/site-packages/airflow/example_dags/example_xcomargs.py
[2025-03-11T03:25:16.424+0000] {logging_mixin.py:188} INFO - [2025-03-11T03:25:16.424+0000] {dag.py:3096} INFO - Sync 2 DAGs
[2025-03-11T03:25:16.442+0000] {logging_mixin.py:188} INFO - [2025-03-11T03:25:16.442+0000] {dag.py:3954} INFO - Setting next_dagrun for example_xcom_args to None, run_after=None
[2025-03-11T03:25:16.448+0000] {logging_mixin.py:188} INFO - [2025-03-11T03:25:16.448+0000] {dag.py:3954} INFO - Setting next_dagrun for example_xcom_args_with_operators to None, run_after=None
[2025-03-11T03:25:16.473+0000] {processor.py:183} INFO - Processing /home/airflow/.local/lib/python3.12/site-packages/airflow/example_dags/example_xcomargs.py took 0.107 seconds
[2025-03-11T03:25:48.438+0000] {processor.py:161} INFO - Started process (PID=69779) to work on /home/airflow/.local/lib/python3.12/site-packages/airflow/example_dags/example_xcomargs.py
[2025-03-11T03:25:48.440+0000] {processor.py:830} INFO - Processing file /home/airflow/.local/lib/python3.12/site-packages/airflow/example_dags/example_xcomargs.py for tasks to queue
[2025-03-11T03:25:48.442+0000] {logging_mixin.py:188} INFO - [2025-03-11T03:25:48.441+0000] {dagbag.py:545} INFO - Filling up the DagBag from /home/airflow/.local/lib/python3.12/site-packages/airflow/example_dags/example_xcomargs.py
[2025-03-11T03:25:48.450+0000] {processor.py:840} INFO - DAG(s) 'example_xcom_args_with_operators', 'example_xcom_args' retrieved from /home/airflow/.local/lib/python3.12/site-packages/airflow/example_dags/example_xcomargs.py
[2025-03-11T03:25:48.474+0000] {logging_mixin.py:188} INFO - [2025-03-11T03:25:48.474+0000] {dag.py:3096} INFO - Sync 2 DAGs
[2025-03-11T03:25:48.490+0000] {logging_mixin.py:188} INFO - [2025-03-11T03:25:48.489+0000] {dag.py:3954} INFO - Setting next_dagrun for example_xcom_args to None, run_after=None
[2025-03-11T03:25:48.495+0000] {logging_mixin.py:188} INFO - [2025-03-11T03:25:48.494+0000] {dag.py:3954} INFO - Setting next_dagrun for example_xcom_args_with_operators to None, run_after=None
[2025-03-11T03:25:48.514+0000] {processor.py:183} INFO - Processing /home/airflow/.local/lib/python3.12/site-packages/airflow/example_dags/example_xcomargs.py took 0.082 seconds
[2025-03-11T03:26:20.713+0000] {processor.py:161} INFO - Started process (PID=70041) to work on /home/airflow/.local/lib/python3.12/site-packages/airflow/example_dags/example_xcomargs.py
[2025-03-11T03:26:20.714+0000] {processor.py:830} INFO - Processing file /home/airflow/.local/lib/python3.12/site-packages/airflow/example_dags/example_xcomargs.py for tasks to queue
[2025-03-11T03:26:20.716+0000] {logging_mixin.py:188} INFO - [2025-03-11T03:26:20.715+0000] {dagbag.py:545} INFO - Filling up the DagBag from /home/airflow/.local/lib/python3.12/site-packages/airflow/example_dags/example_xcomargs.py
[2025-03-11T03:26:20.724+0000] {processor.py:840} INFO - DAG(s) 'example_xcom_args_with_operators', 'example_xcom_args' retrieved from /home/airflow/.local/lib/python3.12/site-packages/airflow/example_dags/example_xcomargs.py
[2025-03-11T03:26:20.748+0000] {logging_mixin.py:188} INFO - [2025-03-11T03:26:20.747+0000] {dag.py:3096} INFO - Sync 2 DAGs
[2025-03-11T03:26:20.761+0000] {logging_mixin.py:188} INFO - [2025-03-11T03:26:20.760+0000] {dag.py:3954} INFO - Setting next_dagrun for example_xcom_args to None, run_after=None
[2025-03-11T03:26:20.765+0000] {logging_mixin.py:188} INFO - [2025-03-11T03:26:20.765+0000] {dag.py:3954} INFO - Setting next_dagrun for example_xcom_args_with_operators to None, run_after=None
[2025-03-11T03:26:20.782+0000] {processor.py:183} INFO - Processing /home/airflow/.local/lib/python3.12/site-packages/airflow/example_dags/example_xcomargs.py took 0.075 seconds
[2025-03-11T03:26:51.659+0000] {processor.py:161} INFO - Started process (PID=70305) to work on /home/airflow/.local/lib/python3.12/site-packages/airflow/example_dags/example_xcomargs.py
[2025-03-11T03:26:51.661+0000] {processor.py:830} INFO - Processing file /home/airflow/.local/lib/python3.12/site-packages/airflow/example_dags/example_xcomargs.py for tasks to queue
[2025-03-11T03:26:51.663+0000] {logging_mixin.py:188} INFO - [2025-03-11T03:26:51.662+0000] {dagbag.py:545} INFO - Filling up the DagBag from /home/airflow/.local/lib/python3.12/site-packages/airflow/example_dags/example_xcomargs.py
[2025-03-11T03:26:51.671+0000] {processor.py:840} INFO - DAG(s) 'example_xcom_args', 'example_xcom_args_with_operators' retrieved from /home/airflow/.local/lib/python3.12/site-packages/airflow/example_dags/example_xcomargs.py
[2025-03-11T03:26:51.694+0000] {logging_mixin.py:188} INFO - [2025-03-11T03:26:51.694+0000] {dag.py:3096} INFO - Sync 2 DAGs
[2025-03-11T03:26:51.707+0000] {logging_mixin.py:188} INFO - [2025-03-11T03:26:51.707+0000] {dag.py:3954} INFO - Setting next_dagrun for example_xcom_args to None, run_after=None
[2025-03-11T03:26:51.712+0000] {logging_mixin.py:188} INFO - [2025-03-11T03:26:51.712+0000] {dag.py:3954} INFO - Setting next_dagrun for example_xcom_args_with_operators to None, run_after=None
[2025-03-11T03:26:51.732+0000] {processor.py:183} INFO - Processing /home/airflow/.local/lib/python3.12/site-packages/airflow/example_dags/example_xcomargs.py took 0.078 seconds
[2025-03-11T03:27:24.873+0000] {processor.py:161} INFO - Started process (PID=70565) to work on /home/airflow/.local/lib/python3.12/site-packages/airflow/example_dags/example_xcomargs.py
[2025-03-11T03:27:24.874+0000] {processor.py:830} INFO - Processing file /home/airflow/.local/lib/python3.12/site-packages/airflow/example_dags/example_xcomargs.py for tasks to queue
[2025-03-11T03:27:24.877+0000] {logging_mixin.py:188} INFO - [2025-03-11T03:27:24.877+0000] {dagbag.py:545} INFO - Filling up the DagBag from /home/airflow/.local/lib/python3.12/site-packages/airflow/example_dags/example_xcomargs.py
[2025-03-11T03:27:24.887+0000] {processor.py:840} INFO - DAG(s) 'example_xcom_args_with_operators', 'example_xcom_args' retrieved from /home/airflow/.local/lib/python3.12/site-packages/airflow/example_dags/example_xcomargs.py
[2025-03-11T03:27:24.913+0000] {logging_mixin.py:188} INFO - [2025-03-11T03:27:24.913+0000] {dag.py:3096} INFO - Sync 2 DAGs
[2025-03-11T03:27:24.928+0000] {logging_mixin.py:188} INFO - [2025-03-11T03:27:24.928+0000] {dag.py:3954} INFO - Setting next_dagrun for example_xcom_args to None, run_after=None
[2025-03-11T03:27:24.932+0000] {logging_mixin.py:188} INFO - [2025-03-11T03:27:24.932+0000] {dag.py:3954} INFO - Setting next_dagrun for example_xcom_args_with_operators to None, run_after=None
[2025-03-11T03:27:24.950+0000] {processor.py:183} INFO - Processing /home/airflow/.local/lib/python3.12/site-packages/airflow/example_dags/example_xcomargs.py took 0.085 seconds
[2025-03-11T03:27:56.534+0000] {processor.py:161} INFO - Started process (PID=70827) to work on /home/airflow/.local/lib/python3.12/site-packages/airflow/example_dags/example_xcomargs.py
[2025-03-11T03:27:56.536+0000] {processor.py:830} INFO - Processing file /home/airflow/.local/lib/python3.12/site-packages/airflow/example_dags/example_xcomargs.py for tasks to queue
[2025-03-11T03:27:56.539+0000] {logging_mixin.py:188} INFO - [2025-03-11T03:27:56.538+0000] {dagbag.py:545} INFO - Filling up the DagBag from /home/airflow/.local/lib/python3.12/site-packages/airflow/example_dags/example_xcomargs.py
[2025-03-11T03:27:56.548+0000] {processor.py:840} INFO - DAG(s) 'example_xcom_args_with_operators', 'example_xcom_args' retrieved from /home/airflow/.local/lib/python3.12/site-packages/airflow/example_dags/example_xcomargs.py
[2025-03-11T03:27:56.576+0000] {logging_mixin.py:188} INFO - [2025-03-11T03:27:56.576+0000] {dag.py:3096} INFO - Sync 2 DAGs
[2025-03-11T03:27:56.590+0000] {logging_mixin.py:188} INFO - [2025-03-11T03:27:56.590+0000] {dag.py:3954} INFO - Setting next_dagrun for example_xcom_args to None, run_after=None
[2025-03-11T03:27:56.596+0000] {logging_mixin.py:188} INFO - [2025-03-11T03:27:56.596+0000] {dag.py:3954} INFO - Setting next_dagrun for example_xcom_args_with_operators to None, run_after=None
[2025-03-11T03:27:56.617+0000] {processor.py:183} INFO - Processing /home/airflow/.local/lib/python3.12/site-packages/airflow/example_dags/example_xcomargs.py took 0.089 seconds
[2025-03-11T03:28:29.367+0000] {processor.py:161} INFO - Started process (PID=71089) to work on /home/airflow/.local/lib/python3.12/site-packages/airflow/example_dags/example_xcomargs.py
[2025-03-11T03:28:29.369+0000] {processor.py:830} INFO - Processing file /home/airflow/.local/lib/python3.12/site-packages/airflow/example_dags/example_xcomargs.py for tasks to queue
[2025-03-11T03:28:29.372+0000] {logging_mixin.py:188} INFO - [2025-03-11T03:28:29.372+0000] {dagbag.py:545} INFO - Filling up the DagBag from /home/airflow/.local/lib/python3.12/site-packages/airflow/example_dags/example_xcomargs.py
[2025-03-11T03:28:29.386+0000] {processor.py:840} INFO - DAG(s) 'example_xcom_args_with_operators', 'example_xcom_args' retrieved from /home/airflow/.local/lib/python3.12/site-packages/airflow/example_dags/example_xcomargs.py
[2025-03-11T03:28:29.417+0000] {logging_mixin.py:188} INFO - [2025-03-11T03:28:29.417+0000] {dag.py:3096} INFO - Sync 2 DAGs
[2025-03-11T03:28:29.435+0000] {logging_mixin.py:188} INFO - [2025-03-11T03:28:29.435+0000] {dag.py:3954} INFO - Setting next_dagrun for example_xcom_args to None, run_after=None
[2025-03-11T03:28:29.440+0000] {logging_mixin.py:188} INFO - [2025-03-11T03:28:29.440+0000] {dag.py:3954} INFO - Setting next_dagrun for example_xcom_args_with_operators to None, run_after=None
[2025-03-11T03:28:29.463+0000] {processor.py:183} INFO - Processing /home/airflow/.local/lib/python3.12/site-packages/airflow/example_dags/example_xcomargs.py took 0.108 seconds
[2025-03-11T03:29:01.572+0000] {processor.py:161} INFO - Started process (PID=71351) to work on /home/airflow/.local/lib/python3.12/site-packages/airflow/example_dags/example_xcomargs.py
[2025-03-11T03:29:01.573+0000] {processor.py:830} INFO - Processing file /home/airflow/.local/lib/python3.12/site-packages/airflow/example_dags/example_xcomargs.py for tasks to queue
[2025-03-11T03:29:01.575+0000] {logging_mixin.py:188} INFO - [2025-03-11T03:29:01.575+0000] {dagbag.py:545} INFO - Filling up the DagBag from /home/airflow/.local/lib/python3.12/site-packages/airflow/example_dags/example_xcomargs.py
[2025-03-11T03:29:01.584+0000] {processor.py:840} INFO - DAG(s) 'example_xcom_args_with_operators', 'example_xcom_args' retrieved from /home/airflow/.local/lib/python3.12/site-packages/airflow/example_dags/example_xcomargs.py
[2025-03-11T03:29:01.611+0000] {logging_mixin.py:188} INFO - [2025-03-11T03:29:01.611+0000] {dag.py:3096} INFO - Sync 2 DAGs
[2025-03-11T03:29:01.625+0000] {logging_mixin.py:188} INFO - [2025-03-11T03:29:01.625+0000] {dag.py:3954} INFO - Setting next_dagrun for example_xcom_args to None, run_after=None
[2025-03-11T03:29:01.630+0000] {logging_mixin.py:188} INFO - [2025-03-11T03:29:01.630+0000] {dag.py:3954} INFO - Setting next_dagrun for example_xcom_args_with_operators to None, run_after=None
[2025-03-11T03:29:01.651+0000] {processor.py:183} INFO - Processing /home/airflow/.local/lib/python3.12/site-packages/airflow/example_dags/example_xcomargs.py took 0.085 seconds
[2025-03-11T03:29:33.338+0000] {processor.py:161} INFO - Started process (PID=71613) to work on /home/airflow/.local/lib/python3.12/site-packages/airflow/example_dags/example_xcomargs.py
[2025-03-11T03:29:33.340+0000] {processor.py:830} INFO - Processing file /home/airflow/.local/lib/python3.12/site-packages/airflow/example_dags/example_xcomargs.py for tasks to queue
[2025-03-11T03:29:33.342+0000] {logging_mixin.py:188} INFO - [2025-03-11T03:29:33.341+0000] {dagbag.py:545} INFO - Filling up the DagBag from /home/airflow/.local/lib/python3.12/site-packages/airflow/example_dags/example_xcomargs.py
[2025-03-11T03:29:33.353+0000] {processor.py:840} INFO - DAG(s) 'example_xcom_args_with_operators', 'example_xcom_args' retrieved from /home/airflow/.local/lib/python3.12/site-packages/airflow/example_dags/example_xcomargs.py
[2025-03-11T03:29:33.388+0000] {logging_mixin.py:188} INFO - [2025-03-11T03:29:33.387+0000] {dag.py:3096} INFO - Sync 2 DAGs
[2025-03-11T03:29:33.412+0000] {logging_mixin.py:188} INFO - [2025-03-11T03:29:33.412+0000] {dag.py:3954} INFO - Setting next_dagrun for example_xcom_args to None, run_after=None
[2025-03-11T03:29:33.421+0000] {logging_mixin.py:188} INFO - [2025-03-11T03:29:33.421+0000] {dag.py:3954} INFO - Setting next_dagrun for example_xcom_args_with_operators to None, run_after=None
[2025-03-11T03:29:33.441+0000] {processor.py:183} INFO - Processing /home/airflow/.local/lib/python3.12/site-packages/airflow/example_dags/example_xcomargs.py took 0.108 seconds
[2025-03-11T03:30:05.792+0000] {processor.py:161} INFO - Started process (PID=71875) to work on /home/airflow/.local/lib/python3.12/site-packages/airflow/example_dags/example_xcomargs.py
[2025-03-11T03:30:05.793+0000] {processor.py:830} INFO - Processing file /home/airflow/.local/lib/python3.12/site-packages/airflow/example_dags/example_xcomargs.py for tasks to queue
[2025-03-11T03:30:05.796+0000] {logging_mixin.py:188} INFO - [2025-03-11T03:30:05.796+0000] {dagbag.py:545} INFO - Filling up the DagBag from /home/airflow/.local/lib/python3.12/site-packages/airflow/example_dags/example_xcomargs.py
[2025-03-11T03:30:05.806+0000] {processor.py:840} INFO - DAG(s) 'example_xcom_args', 'example_xcom_args_with_operators' retrieved from /home/airflow/.local/lib/python3.12/site-packages/airflow/example_dags/example_xcomargs.py
[2025-03-11T03:30:05.838+0000] {logging_mixin.py:188} INFO - [2025-03-11T03:30:05.838+0000] {dag.py:3096} INFO - Sync 2 DAGs
[2025-03-11T03:30:05.857+0000] {logging_mixin.py:188} INFO - [2025-03-11T03:30:05.856+0000] {dag.py:3954} INFO - Setting next_dagrun for example_xcom_args to None, run_after=None
[2025-03-11T03:30:05.862+0000] {logging_mixin.py:188} INFO - [2025-03-11T03:30:05.862+0000] {dag.py:3954} INFO - Setting next_dagrun for example_xcom_args_with_operators to None, run_after=None
[2025-03-11T03:30:05.885+0000] {processor.py:183} INFO - Processing /home/airflow/.local/lib/python3.12/site-packages/airflow/example_dags/example_xcomargs.py took 0.100 seconds
[2025-03-11T03:30:38.153+0000] {processor.py:161} INFO - Started process (PID=72137) to work on /home/airflow/.local/lib/python3.12/site-packages/airflow/example_dags/example_xcomargs.py
[2025-03-11T03:30:38.155+0000] {processor.py:830} INFO - Processing file /home/airflow/.local/lib/python3.12/site-packages/airflow/example_dags/example_xcomargs.py for tasks to queue
[2025-03-11T03:30:38.157+0000] {logging_mixin.py:188} INFO - [2025-03-11T03:30:38.157+0000] {dagbag.py:545} INFO - Filling up the DagBag from /home/airflow/.local/lib/python3.12/site-packages/airflow/example_dags/example_xcomargs.py
[2025-03-11T03:30:38.166+0000] {processor.py:840} INFO - DAG(s) 'example_xcom_args', 'example_xcom_args_with_operators' retrieved from /home/airflow/.local/lib/python3.12/site-packages/airflow/example_dags/example_xcomargs.py
[2025-03-11T03:30:38.201+0000] {logging_mixin.py:188} INFO - [2025-03-11T03:30:38.201+0000] {dag.py:3096} INFO - Sync 2 DAGs
[2025-03-11T03:30:38.223+0000] {logging_mixin.py:188} INFO - [2025-03-11T03:30:38.222+0000] {dag.py:3954} INFO - Setting next_dagrun for example_xcom_args to None, run_after=None
[2025-03-11T03:30:38.230+0000] {logging_mixin.py:188} INFO - [2025-03-11T03:30:38.230+0000] {dag.py:3954} INFO - Setting next_dagrun for example_xcom_args_with_operators to None, run_after=None
[2025-03-11T03:30:38.262+0000] {processor.py:183} INFO - Processing /home/airflow/.local/lib/python3.12/site-packages/airflow/example_dags/example_xcomargs.py took 0.115 seconds
[2025-03-11T03:31:08.829+0000] {processor.py:161} INFO - Started process (PID=72399) to work on /home/airflow/.local/lib/python3.12/site-packages/airflow/example_dags/example_xcomargs.py
[2025-03-11T03:31:08.831+0000] {processor.py:830} INFO - Processing file /home/airflow/.local/lib/python3.12/site-packages/airflow/example_dags/example_xcomargs.py for tasks to queue
[2025-03-11T03:31:08.833+0000] {logging_mixin.py:188} INFO - [2025-03-11T03:31:08.833+0000] {dagbag.py:545} INFO - Filling up the DagBag from /home/airflow/.local/lib/python3.12/site-packages/airflow/example_dags/example_xcomargs.py
[2025-03-11T03:31:08.841+0000] {processor.py:840} INFO - DAG(s) 'example_xcom_args', 'example_xcom_args_with_operators' retrieved from /home/airflow/.local/lib/python3.12/site-packages/airflow/example_dags/example_xcomargs.py
[2025-03-11T03:31:08.868+0000] {logging_mixin.py:188} INFO - [2025-03-11T03:31:08.868+0000] {dag.py:3096} INFO - Sync 2 DAGs
[2025-03-11T03:31:08.889+0000] {logging_mixin.py:188} INFO - [2025-03-11T03:31:08.889+0000] {dag.py:3954} INFO - Setting next_dagrun for example_xcom_args to None, run_after=None
[2025-03-11T03:31:08.895+0000] {logging_mixin.py:188} INFO - [2025-03-11T03:31:08.894+0000] {dag.py:3954} INFO - Setting next_dagrun for example_xcom_args_with_operators to None, run_after=None
[2025-03-11T03:31:08.919+0000] {processor.py:183} INFO - Processing /home/airflow/.local/lib/python3.12/site-packages/airflow/example_dags/example_xcomargs.py took 0.096 seconds
[2025-03-11T03:31:41.410+0000] {processor.py:161} INFO - Started process (PID=72661) to work on /home/airflow/.local/lib/python3.12/site-packages/airflow/example_dags/example_xcomargs.py
[2025-03-11T03:31:41.411+0000] {processor.py:830} INFO - Processing file /home/airflow/.local/lib/python3.12/site-packages/airflow/example_dags/example_xcomargs.py for tasks to queue
[2025-03-11T03:31:41.413+0000] {logging_mixin.py:188} INFO - [2025-03-11T03:31:41.413+0000] {dagbag.py:545} INFO - Filling up the DagBag from /home/airflow/.local/lib/python3.12/site-packages/airflow/example_dags/example_xcomargs.py
[2025-03-11T03:31:41.422+0000] {processor.py:840} INFO - DAG(s) 'example_xcom_args_with_operators', 'example_xcom_args' retrieved from /home/airflow/.local/lib/python3.12/site-packages/airflow/example_dags/example_xcomargs.py
[2025-03-11T03:31:41.446+0000] {logging_mixin.py:188} INFO - [2025-03-11T03:31:41.445+0000] {dag.py:3096} INFO - Sync 2 DAGs
[2025-03-11T03:31:41.461+0000] {logging_mixin.py:188} INFO - [2025-03-11T03:31:41.461+0000] {dag.py:3954} INFO - Setting next_dagrun for example_xcom_args to None, run_after=None
[2025-03-11T03:31:41.465+0000] {logging_mixin.py:188} INFO - [2025-03-11T03:31:41.465+0000] {dag.py:3954} INFO - Setting next_dagrun for example_xcom_args_with_operators to None, run_after=None
[2025-03-11T03:31:41.484+0000] {processor.py:183} INFO - Processing /home/airflow/.local/lib/python3.12/site-packages/airflow/example_dags/example_xcomargs.py took 0.080 seconds
[2025-03-11T03:32:12.525+0000] {processor.py:161} INFO - Started process (PID=72923) to work on /home/airflow/.local/lib/python3.12/site-packages/airflow/example_dags/example_xcomargs.py
[2025-03-11T03:32:12.526+0000] {processor.py:830} INFO - Processing file /home/airflow/.local/lib/python3.12/site-packages/airflow/example_dags/example_xcomargs.py for tasks to queue
[2025-03-11T03:32:12.527+0000] {logging_mixin.py:188} INFO - [2025-03-11T03:32:12.527+0000] {dagbag.py:545} INFO - Filling up the DagBag from /home/airflow/.local/lib/python3.12/site-packages/airflow/example_dags/example_xcomargs.py
[2025-03-11T03:32:12.537+0000] {processor.py:840} INFO - DAG(s) 'example_xcom_args', 'example_xcom_args_with_operators' retrieved from /home/airflow/.local/lib/python3.12/site-packages/airflow/example_dags/example_xcomargs.py
[2025-03-11T03:32:12.561+0000] {logging_mixin.py:188} INFO - [2025-03-11T03:32:12.560+0000] {dag.py:3096} INFO - Sync 2 DAGs
[2025-03-11T03:32:12.574+0000] {logging_mixin.py:188} INFO - [2025-03-11T03:32:12.573+0000] {dag.py:3954} INFO - Setting next_dagrun for example_xcom_args to None, run_after=None
[2025-03-11T03:32:12.578+0000] {logging_mixin.py:188} INFO - [2025-03-11T03:32:12.578+0000] {dag.py:3954} INFO - Setting next_dagrun for example_xcom_args_with_operators to None, run_after=None
[2025-03-11T03:32:12.596+0000] {processor.py:183} INFO - Processing /home/airflow/.local/lib/python3.12/site-packages/airflow/example_dags/example_xcomargs.py took 0.077 seconds
[2025-03-11T03:32:45.388+0000] {processor.py:161} INFO - Started process (PID=73187) to work on /home/airflow/.local/lib/python3.12/site-packages/airflow/example_dags/example_xcomargs.py
[2025-03-11T03:32:45.390+0000] {processor.py:830} INFO - Processing file /home/airflow/.local/lib/python3.12/site-packages/airflow/example_dags/example_xcomargs.py for tasks to queue
[2025-03-11T03:32:45.392+0000] {logging_mixin.py:188} INFO - [2025-03-11T03:32:45.392+0000] {dagbag.py:545} INFO - Filling up the DagBag from /home/airflow/.local/lib/python3.12/site-packages/airflow/example_dags/example_xcomargs.py
[2025-03-11T03:32:45.400+0000] {processor.py:840} INFO - DAG(s) 'example_xcom_args_with_operators', 'example_xcom_args' retrieved from /home/airflow/.local/lib/python3.12/site-packages/airflow/example_dags/example_xcomargs.py
[2025-03-11T03:32:45.432+0000] {logging_mixin.py:188} INFO - [2025-03-11T03:32:45.432+0000] {dag.py:3096} INFO - Sync 2 DAGs
[2025-03-11T03:32:45.445+0000] {logging_mixin.py:188} INFO - [2025-03-11T03:32:45.445+0000] {dag.py:3954} INFO - Setting next_dagrun for example_xcom_args to None, run_after=None
[2025-03-11T03:32:45.449+0000] {logging_mixin.py:188} INFO - [2025-03-11T03:32:45.449+0000] {dag.py:3954} INFO - Setting next_dagrun for example_xcom_args_with_operators to None, run_after=None
[2025-03-11T03:32:45.468+0000] {processor.py:183} INFO - Processing /home/airflow/.local/lib/python3.12/site-packages/airflow/example_dags/example_xcomargs.py took 0.085 seconds
