[2025-03-11T03:05:01.761+0000] {processor.py:161} INFO - Started process (PID=59333) to work on /home/airflow/.local/lib/python3.12/site-packages/airflow/example_dags/example_bash_operator.py
[2025-03-11T03:05:01.763+0000] {processor.py:830} INFO - Processing file /home/airflow/.local/lib/python3.12/site-packages/airflow/example_dags/example_bash_operator.py for tasks to queue
[2025-03-11T03:05:01.765+0000] {logging_mixin.py:188} INFO - [2025-03-11T03:05:01.765+0000] {dagbag.py:545} INFO - Filling up the DagBag from /home/airflow/.local/lib/python3.12/site-packages/airflow/example_dags/example_bash_operator.py
[2025-03-11T03:05:01.793+0000] {processor.py:840} INFO - DAG(s) 'example_bash_operator' retrieved from /home/airflow/.local/lib/python3.12/site-packages/airflow/example_dags/example_bash_operator.py
[2025-03-11T03:05:01.828+0000] {logging_mixin.py:188} INFO - [2025-03-11T03:05:01.828+0000] {dag.py:3096} INFO - Sync 1 DAGs
[2025-03-11T03:05:01.854+0000] {logging_mixin.py:188} INFO - [2025-03-11T03:05:01.854+0000] {dag.py:3954} INFO - Setting next_dagrun for example_bash_operator to 2025-03-10 00:00:00+00:00, run_after=2025-03-11 00:00:00+00:00
[2025-03-11T03:05:08.111+0000] {processor.py:183} INFO - Processing /home/airflow/.local/lib/python3.12/site-packages/airflow/example_dags/example_bash_operator.py took 6.359 seconds
[2025-03-11T03:05:38.466+0000] {processor.py:161} INFO - Started process (PID=59596) to work on /home/airflow/.local/lib/python3.12/site-packages/airflow/example_dags/example_bash_operator.py
[2025-03-11T03:05:38.469+0000] {processor.py:830} INFO - Processing file /home/airflow/.local/lib/python3.12/site-packages/airflow/example_dags/example_bash_operator.py for tasks to queue
[2025-03-11T03:05:38.472+0000] {logging_mixin.py:188} INFO - [2025-03-11T03:05:38.472+0000] {dagbag.py:545} INFO - Filling up the DagBag from /home/airflow/.local/lib/python3.12/site-packages/airflow/example_dags/example_bash_operator.py
[2025-03-11T03:05:38.489+0000] {processor.py:840} INFO - DAG(s) 'example_bash_operator' retrieved from /home/airflow/.local/lib/python3.12/site-packages/airflow/example_dags/example_bash_operator.py
[2025-03-11T03:05:38.517+0000] {logging_mixin.py:188} INFO - [2025-03-11T03:05:38.516+0000] {dag.py:3096} INFO - Sync 1 DAGs
[2025-03-11T03:05:38.536+0000] {logging_mixin.py:188} INFO - [2025-03-11T03:05:38.536+0000] {dag.py:3954} INFO - Setting next_dagrun for example_bash_operator to 2025-03-10 00:00:00+00:00, run_after=2025-03-11 00:00:00+00:00
[2025-03-11T03:05:38.553+0000] {processor.py:183} INFO - Processing /home/airflow/.local/lib/python3.12/site-packages/airflow/example_dags/example_bash_operator.py took 0.097 seconds
[2025-03-11T03:06:08.714+0000] {processor.py:161} INFO - Started process (PID=59858) to work on /home/airflow/.local/lib/python3.12/site-packages/airflow/example_dags/example_bash_operator.py
[2025-03-11T03:06:08.715+0000] {processor.py:830} INFO - Processing file /home/airflow/.local/lib/python3.12/site-packages/airflow/example_dags/example_bash_operator.py for tasks to queue
[2025-03-11T03:06:08.717+0000] {logging_mixin.py:188} INFO - [2025-03-11T03:06:08.717+0000] {dagbag.py:545} INFO - Filling up the DagBag from /home/airflow/.local/lib/python3.12/site-packages/airflow/example_dags/example_bash_operator.py
[2025-03-11T03:06:08.735+0000] {processor.py:840} INFO - DAG(s) 'example_bash_operator' retrieved from /home/airflow/.local/lib/python3.12/site-packages/airflow/example_dags/example_bash_operator.py
[2025-03-11T03:06:08.763+0000] {logging_mixin.py:188} INFO - [2025-03-11T03:06:08.763+0000] {dag.py:3096} INFO - Sync 1 DAGs
[2025-03-11T03:06:08.787+0000] {logging_mixin.py:188} INFO - [2025-03-11T03:06:08.787+0000] {dag.py:3954} INFO - Setting next_dagrun for example_bash_operator to 2025-03-10 00:00:00+00:00, run_after=2025-03-11 00:00:00+00:00
[2025-03-11T03:06:08.811+0000] {processor.py:183} INFO - Processing /home/airflow/.local/lib/python3.12/site-packages/airflow/example_dags/example_bash_operator.py took 0.103 seconds
[2025-03-11T03:06:39.575+0000] {processor.py:161} INFO - Started process (PID=60120) to work on /home/airflow/.local/lib/python3.12/site-packages/airflow/example_dags/example_bash_operator.py
[2025-03-11T03:06:39.577+0000] {processor.py:830} INFO - Processing file /home/airflow/.local/lib/python3.12/site-packages/airflow/example_dags/example_bash_operator.py for tasks to queue
[2025-03-11T03:06:39.580+0000] {logging_mixin.py:188} INFO - [2025-03-11T03:06:39.579+0000] {dagbag.py:545} INFO - Filling up the DagBag from /home/airflow/.local/lib/python3.12/site-packages/airflow/example_dags/example_bash_operator.py
[2025-03-11T03:06:39.592+0000] {processor.py:840} INFO - DAG(s) 'example_bash_operator' retrieved from /home/airflow/.local/lib/python3.12/site-packages/airflow/example_dags/example_bash_operator.py
[2025-03-11T03:06:39.621+0000] {logging_mixin.py:188} INFO - [2025-03-11T03:06:39.620+0000] {dag.py:3096} INFO - Sync 1 DAGs
[2025-03-11T03:06:39.647+0000] {logging_mixin.py:188} INFO - [2025-03-11T03:06:39.647+0000] {dag.py:3954} INFO - Setting next_dagrun for example_bash_operator to 2025-03-10 00:00:00+00:00, run_after=2025-03-11 00:00:00+00:00
[2025-03-11T03:06:39.667+0000] {processor.py:183} INFO - Processing /home/airflow/.local/lib/python3.12/site-packages/airflow/example_dags/example_bash_operator.py took 0.100 seconds
[2025-03-11T03:07:10.055+0000] {processor.py:161} INFO - Started process (PID=60382) to work on /home/airflow/.local/lib/python3.12/site-packages/airflow/example_dags/example_bash_operator.py
[2025-03-11T03:07:10.057+0000] {processor.py:830} INFO - Processing file /home/airflow/.local/lib/python3.12/site-packages/airflow/example_dags/example_bash_operator.py for tasks to queue
[2025-03-11T03:07:10.060+0000] {logging_mixin.py:188} INFO - [2025-03-11T03:07:10.059+0000] {dagbag.py:545} INFO - Filling up the DagBag from /home/airflow/.local/lib/python3.12/site-packages/airflow/example_dags/example_bash_operator.py
[2025-03-11T03:07:10.072+0000] {processor.py:840} INFO - DAG(s) 'example_bash_operator' retrieved from /home/airflow/.local/lib/python3.12/site-packages/airflow/example_dags/example_bash_operator.py
[2025-03-11T03:07:10.100+0000] {logging_mixin.py:188} INFO - [2025-03-11T03:07:10.099+0000] {dag.py:3096} INFO - Sync 1 DAGs
[2025-03-11T03:07:10.123+0000] {logging_mixin.py:188} INFO - [2025-03-11T03:07:10.123+0000] {dag.py:3954} INFO - Setting next_dagrun for example_bash_operator to 2025-03-10 00:00:00+00:00, run_after=2025-03-11 00:00:00+00:00
[2025-03-11T03:07:10.145+0000] {processor.py:183} INFO - Processing /home/airflow/.local/lib/python3.12/site-packages/airflow/example_dags/example_bash_operator.py took 0.104 seconds
[2025-03-11T03:07:40.413+0000] {processor.py:161} INFO - Started process (PID=60644) to work on /home/airflow/.local/lib/python3.12/site-packages/airflow/example_dags/example_bash_operator.py
[2025-03-11T03:07:40.414+0000] {processor.py:830} INFO - Processing file /home/airflow/.local/lib/python3.12/site-packages/airflow/example_dags/example_bash_operator.py for tasks to queue
[2025-03-11T03:07:40.416+0000] {logging_mixin.py:188} INFO - [2025-03-11T03:07:40.416+0000] {dagbag.py:545} INFO - Filling up the DagBag from /home/airflow/.local/lib/python3.12/site-packages/airflow/example_dags/example_bash_operator.py
[2025-03-11T03:07:40.428+0000] {processor.py:840} INFO - DAG(s) 'example_bash_operator' retrieved from /home/airflow/.local/lib/python3.12/site-packages/airflow/example_dags/example_bash_operator.py
[2025-03-11T03:07:40.463+0000] {logging_mixin.py:188} INFO - [2025-03-11T03:07:40.462+0000] {dag.py:3096} INFO - Sync 1 DAGs
[2025-03-11T03:07:40.490+0000] {logging_mixin.py:188} INFO - [2025-03-11T03:07:40.490+0000] {dag.py:3954} INFO - Setting next_dagrun for example_bash_operator to 2025-03-10 00:00:00+00:00, run_after=2025-03-11 00:00:00+00:00
[2025-03-11T03:07:40.509+0000] {processor.py:183} INFO - Processing /home/airflow/.local/lib/python3.12/site-packages/airflow/example_dags/example_bash_operator.py took 0.103 seconds
[2025-03-11T03:08:10.677+0000] {processor.py:161} INFO - Started process (PID=60906) to work on /home/airflow/.local/lib/python3.12/site-packages/airflow/example_dags/example_bash_operator.py
[2025-03-11T03:08:10.679+0000] {processor.py:830} INFO - Processing file /home/airflow/.local/lib/python3.12/site-packages/airflow/example_dags/example_bash_operator.py for tasks to queue
[2025-03-11T03:08:10.681+0000] {logging_mixin.py:188} INFO - [2025-03-11T03:08:10.681+0000] {dagbag.py:545} INFO - Filling up the DagBag from /home/airflow/.local/lib/python3.12/site-packages/airflow/example_dags/example_bash_operator.py
[2025-03-11T03:08:10.694+0000] {processor.py:840} INFO - DAG(s) 'example_bash_operator' retrieved from /home/airflow/.local/lib/python3.12/site-packages/airflow/example_dags/example_bash_operator.py
[2025-03-11T03:08:10.729+0000] {logging_mixin.py:188} INFO - [2025-03-11T03:08:10.728+0000] {dag.py:3096} INFO - Sync 1 DAGs
[2025-03-11T03:08:10.756+0000] {logging_mixin.py:188} INFO - [2025-03-11T03:08:10.755+0000] {dag.py:3954} INFO - Setting next_dagrun for example_bash_operator to 2025-03-10 00:00:00+00:00, run_after=2025-03-11 00:00:00+00:00
[2025-03-11T03:08:10.779+0000] {processor.py:183} INFO - Processing /home/airflow/.local/lib/python3.12/site-packages/airflow/example_dags/example_bash_operator.py took 0.109 seconds
[2025-03-11T03:08:40.974+0000] {processor.py:161} INFO - Started process (PID=61168) to work on /home/airflow/.local/lib/python3.12/site-packages/airflow/example_dags/example_bash_operator.py
[2025-03-11T03:08:40.975+0000] {processor.py:830} INFO - Processing file /home/airflow/.local/lib/python3.12/site-packages/airflow/example_dags/example_bash_operator.py for tasks to queue
[2025-03-11T03:08:40.977+0000] {logging_mixin.py:188} INFO - [2025-03-11T03:08:40.977+0000] {dagbag.py:545} INFO - Filling up the DagBag from /home/airflow/.local/lib/python3.12/site-packages/airflow/example_dags/example_bash_operator.py
[2025-03-11T03:08:40.989+0000] {processor.py:840} INFO - DAG(s) 'example_bash_operator' retrieved from /home/airflow/.local/lib/python3.12/site-packages/airflow/example_dags/example_bash_operator.py
[2025-03-11T03:08:41.020+0000] {logging_mixin.py:188} INFO - [2025-03-11T03:08:41.019+0000] {dag.py:3096} INFO - Sync 1 DAGs
[2025-03-11T03:08:41.043+0000] {logging_mixin.py:188} INFO - [2025-03-11T03:08:41.043+0000] {dag.py:3954} INFO - Setting next_dagrun for example_bash_operator to 2025-03-10 00:00:00+00:00, run_after=2025-03-11 00:00:00+00:00
[2025-03-11T03:08:41.063+0000] {processor.py:183} INFO - Processing /home/airflow/.local/lib/python3.12/site-packages/airflow/example_dags/example_bash_operator.py took 0.095 seconds
[2025-03-11T03:09:11.183+0000] {processor.py:161} INFO - Started process (PID=61430) to work on /home/airflow/.local/lib/python3.12/site-packages/airflow/example_dags/example_bash_operator.py
[2025-03-11T03:09:11.184+0000] {processor.py:830} INFO - Processing file /home/airflow/.local/lib/python3.12/site-packages/airflow/example_dags/example_bash_operator.py for tasks to queue
[2025-03-11T03:09:11.187+0000] {logging_mixin.py:188} INFO - [2025-03-11T03:09:11.187+0000] {dagbag.py:545} INFO - Filling up the DagBag from /home/airflow/.local/lib/python3.12/site-packages/airflow/example_dags/example_bash_operator.py
[2025-03-11T03:09:11.199+0000] {processor.py:840} INFO - DAG(s) 'example_bash_operator' retrieved from /home/airflow/.local/lib/python3.12/site-packages/airflow/example_dags/example_bash_operator.py
[2025-03-11T03:09:11.227+0000] {logging_mixin.py:188} INFO - [2025-03-11T03:09:11.227+0000] {dag.py:3096} INFO - Sync 1 DAGs
[2025-03-11T03:09:11.254+0000] {logging_mixin.py:188} INFO - [2025-03-11T03:09:11.253+0000] {dag.py:3954} INFO - Setting next_dagrun for example_bash_operator to 2025-03-10 00:00:00+00:00, run_after=2025-03-11 00:00:00+00:00
[2025-03-11T03:09:11.274+0000] {processor.py:183} INFO - Processing /home/airflow/.local/lib/python3.12/site-packages/airflow/example_dags/example_bash_operator.py took 0.105 seconds
[2025-03-11T03:09:41.954+0000] {processor.py:161} INFO - Started process (PID=61693) to work on /home/airflow/.local/lib/python3.12/site-packages/airflow/example_dags/example_bash_operator.py
[2025-03-11T03:09:41.957+0000] {processor.py:830} INFO - Processing file /home/airflow/.local/lib/python3.12/site-packages/airflow/example_dags/example_bash_operator.py for tasks to queue
[2025-03-11T03:09:41.959+0000] {logging_mixin.py:188} INFO - [2025-03-11T03:09:41.959+0000] {dagbag.py:545} INFO - Filling up the DagBag from /home/airflow/.local/lib/python3.12/site-packages/airflow/example_dags/example_bash_operator.py
[2025-03-11T03:09:41.970+0000] {processor.py:840} INFO - DAG(s) 'example_bash_operator' retrieved from /home/airflow/.local/lib/python3.12/site-packages/airflow/example_dags/example_bash_operator.py
[2025-03-11T03:09:41.997+0000] {logging_mixin.py:188} INFO - [2025-03-11T03:09:41.996+0000] {dag.py:3096} INFO - Sync 1 DAGs
[2025-03-11T03:09:42.019+0000] {logging_mixin.py:188} INFO - [2025-03-11T03:09:42.019+0000] {dag.py:3954} INFO - Setting next_dagrun for example_bash_operator to 2025-03-10 00:00:00+00:00, run_after=2025-03-11 00:00:00+00:00
[2025-03-11T03:09:42.041+0000] {processor.py:183} INFO - Processing /home/airflow/.local/lib/python3.12/site-packages/airflow/example_dags/example_bash_operator.py took 0.097 seconds
[2025-03-11T03:10:12.905+0000] {processor.py:161} INFO - Started process (PID=61955) to work on /home/airflow/.local/lib/python3.12/site-packages/airflow/example_dags/example_bash_operator.py
[2025-03-11T03:10:12.907+0000] {processor.py:830} INFO - Processing file /home/airflow/.local/lib/python3.12/site-packages/airflow/example_dags/example_bash_operator.py for tasks to queue
[2025-03-11T03:10:12.911+0000] {logging_mixin.py:188} INFO - [2025-03-11T03:10:12.911+0000] {dagbag.py:545} INFO - Filling up the DagBag from /home/airflow/.local/lib/python3.12/site-packages/airflow/example_dags/example_bash_operator.py
[2025-03-11T03:10:12.925+0000] {processor.py:840} INFO - DAG(s) 'example_bash_operator' retrieved from /home/airflow/.local/lib/python3.12/site-packages/airflow/example_dags/example_bash_operator.py
[2025-03-11T03:10:12.953+0000] {logging_mixin.py:188} INFO - [2025-03-11T03:10:12.953+0000] {dag.py:3096} INFO - Sync 1 DAGs
[2025-03-11T03:10:12.975+0000] {logging_mixin.py:188} INFO - [2025-03-11T03:10:12.975+0000] {dag.py:3954} INFO - Setting next_dagrun for example_bash_operator to 2025-03-10 00:00:00+00:00, run_after=2025-03-11 00:00:00+00:00
[2025-03-11T03:10:12.995+0000] {processor.py:183} INFO - Processing /home/airflow/.local/lib/python3.12/site-packages/airflow/example_dags/example_bash_operator.py took 0.104 seconds
[2025-03-11T03:10:44.289+0000] {processor.py:161} INFO - Started process (PID=62217) to work on /home/airflow/.local/lib/python3.12/site-packages/airflow/example_dags/example_bash_operator.py
[2025-03-11T03:10:44.291+0000] {processor.py:830} INFO - Processing file /home/airflow/.local/lib/python3.12/site-packages/airflow/example_dags/example_bash_operator.py for tasks to queue
[2025-03-11T03:10:44.293+0000] {logging_mixin.py:188} INFO - [2025-03-11T03:10:44.292+0000] {dagbag.py:545} INFO - Filling up the DagBag from /home/airflow/.local/lib/python3.12/site-packages/airflow/example_dags/example_bash_operator.py
[2025-03-11T03:10:44.306+0000] {processor.py:840} INFO - DAG(s) 'example_bash_operator' retrieved from /home/airflow/.local/lib/python3.12/site-packages/airflow/example_dags/example_bash_operator.py
[2025-03-11T03:10:44.341+0000] {logging_mixin.py:188} INFO - [2025-03-11T03:10:44.340+0000] {dag.py:3096} INFO - Sync 1 DAGs
[2025-03-11T03:10:44.365+0000] {logging_mixin.py:188} INFO - [2025-03-11T03:10:44.365+0000] {dag.py:3954} INFO - Setting next_dagrun for example_bash_operator to 2025-03-10 00:00:00+00:00, run_after=2025-03-11 00:00:00+00:00
[2025-03-11T03:10:44.389+0000] {processor.py:183} INFO - Processing /home/airflow/.local/lib/python3.12/site-packages/airflow/example_dags/example_bash_operator.py took 0.106 seconds
[2025-03-11T03:11:16.643+0000] {processor.py:161} INFO - Started process (PID=62479) to work on /home/airflow/.local/lib/python3.12/site-packages/airflow/example_dags/example_bash_operator.py
[2025-03-11T03:11:16.645+0000] {processor.py:830} INFO - Processing file /home/airflow/.local/lib/python3.12/site-packages/airflow/example_dags/example_bash_operator.py for tasks to queue
[2025-03-11T03:11:16.649+0000] {logging_mixin.py:188} INFO - [2025-03-11T03:11:16.648+0000] {dagbag.py:545} INFO - Filling up the DagBag from /home/airflow/.local/lib/python3.12/site-packages/airflow/example_dags/example_bash_operator.py
[2025-03-11T03:11:16.673+0000] {processor.py:840} INFO - DAG(s) 'example_bash_operator' retrieved from /home/airflow/.local/lib/python3.12/site-packages/airflow/example_dags/example_bash_operator.py
[2025-03-11T03:11:16.722+0000] {logging_mixin.py:188} INFO - [2025-03-11T03:11:16.721+0000] {dag.py:3096} INFO - Sync 1 DAGs
[2025-03-11T03:11:16.748+0000] {logging_mixin.py:188} INFO - [2025-03-11T03:11:16.747+0000] {dag.py:3954} INFO - Setting next_dagrun for example_bash_operator to 2025-03-10 00:00:00+00:00, run_after=2025-03-11 00:00:00+00:00
[2025-03-11T03:11:16.770+0000] {processor.py:183} INFO - Processing /home/airflow/.local/lib/python3.12/site-packages/airflow/example_dags/example_bash_operator.py took 0.135 seconds
[2025-03-11T03:11:46.859+0000] {processor.py:161} INFO - Started process (PID=62741) to work on /home/airflow/.local/lib/python3.12/site-packages/airflow/example_dags/example_bash_operator.py
[2025-03-11T03:11:46.864+0000] {processor.py:830} INFO - Processing file /home/airflow/.local/lib/python3.12/site-packages/airflow/example_dags/example_bash_operator.py for tasks to queue
[2025-03-11T03:11:46.868+0000] {logging_mixin.py:188} INFO - [2025-03-11T03:11:46.868+0000] {dagbag.py:545} INFO - Filling up the DagBag from /home/airflow/.local/lib/python3.12/site-packages/airflow/example_dags/example_bash_operator.py
[2025-03-11T03:11:46.888+0000] {processor.py:840} INFO - DAG(s) 'example_bash_operator' retrieved from /home/airflow/.local/lib/python3.12/site-packages/airflow/example_dags/example_bash_operator.py
[2025-03-11T03:11:46.923+0000] {logging_mixin.py:188} INFO - [2025-03-11T03:11:46.923+0000] {dag.py:3096} INFO - Sync 1 DAGs
[2025-03-11T03:11:46.953+0000] {logging_mixin.py:188} INFO - [2025-03-11T03:11:46.953+0000] {dag.py:3954} INFO - Setting next_dagrun for example_bash_operator to 2025-03-10 00:00:00+00:00, run_after=2025-03-11 00:00:00+00:00
[2025-03-11T03:11:46.979+0000] {processor.py:183} INFO - Processing /home/airflow/.local/lib/python3.12/site-packages/airflow/example_dags/example_bash_operator.py took 0.131 seconds
[2025-03-11T03:12:17.782+0000] {processor.py:161} INFO - Started process (PID=63003) to work on /home/airflow/.local/lib/python3.12/site-packages/airflow/example_dags/example_bash_operator.py
[2025-03-11T03:12:17.784+0000] {processor.py:830} INFO - Processing file /home/airflow/.local/lib/python3.12/site-packages/airflow/example_dags/example_bash_operator.py for tasks to queue
[2025-03-11T03:12:17.787+0000] {logging_mixin.py:188} INFO - [2025-03-11T03:12:17.787+0000] {dagbag.py:545} INFO - Filling up the DagBag from /home/airflow/.local/lib/python3.12/site-packages/airflow/example_dags/example_bash_operator.py
[2025-03-11T03:12:17.823+0000] {processor.py:840} INFO - DAG(s) 'example_bash_operator' retrieved from /home/airflow/.local/lib/python3.12/site-packages/airflow/example_dags/example_bash_operator.py
[2025-03-11T03:12:17.875+0000] {logging_mixin.py:188} INFO - [2025-03-11T03:12:17.874+0000] {dag.py:3096} INFO - Sync 1 DAGs
[2025-03-11T03:12:17.897+0000] {logging_mixin.py:188} INFO - [2025-03-11T03:12:17.897+0000] {dag.py:3954} INFO - Setting next_dagrun for example_bash_operator to 2025-03-10 00:00:00+00:00, run_after=2025-03-11 00:00:00+00:00
[2025-03-11T03:12:17.920+0000] {processor.py:183} INFO - Processing /home/airflow/.local/lib/python3.12/site-packages/airflow/example_dags/example_bash_operator.py took 0.151 seconds
[2025-03-11T03:12:48.719+0000] {processor.py:161} INFO - Started process (PID=63264) to work on /home/airflow/.local/lib/python3.12/site-packages/airflow/example_dags/example_bash_operator.py
[2025-03-11T03:12:48.721+0000] {processor.py:830} INFO - Processing file /home/airflow/.local/lib/python3.12/site-packages/airflow/example_dags/example_bash_operator.py for tasks to queue
[2025-03-11T03:12:48.724+0000] {logging_mixin.py:188} INFO - [2025-03-11T03:12:48.723+0000] {dagbag.py:545} INFO - Filling up the DagBag from /home/airflow/.local/lib/python3.12/site-packages/airflow/example_dags/example_bash_operator.py
[2025-03-11T03:12:48.740+0000] {processor.py:840} INFO - DAG(s) 'example_bash_operator' retrieved from /home/airflow/.local/lib/python3.12/site-packages/airflow/example_dags/example_bash_operator.py
[2025-03-11T03:12:48.767+0000] {logging_mixin.py:188} INFO - [2025-03-11T03:12:48.767+0000] {dag.py:3096} INFO - Sync 1 DAGs
[2025-03-11T03:12:48.790+0000] {logging_mixin.py:188} INFO - [2025-03-11T03:12:48.790+0000] {dag.py:3954} INFO - Setting next_dagrun for example_bash_operator to 2025-03-10 00:00:00+00:00, run_after=2025-03-11 00:00:00+00:00
[2025-03-11T03:12:48.812+0000] {processor.py:183} INFO - Processing /home/airflow/.local/lib/python3.12/site-packages/airflow/example_dags/example_bash_operator.py took 0.103 seconds
[2025-03-11T03:13:19.558+0000] {processor.py:161} INFO - Started process (PID=63526) to work on /home/airflow/.local/lib/python3.12/site-packages/airflow/example_dags/example_bash_operator.py
[2025-03-11T03:13:19.560+0000] {processor.py:830} INFO - Processing file /home/airflow/.local/lib/python3.12/site-packages/airflow/example_dags/example_bash_operator.py for tasks to queue
[2025-03-11T03:13:19.562+0000] {logging_mixin.py:188} INFO - [2025-03-11T03:13:19.562+0000] {dagbag.py:545} INFO - Filling up the DagBag from /home/airflow/.local/lib/python3.12/site-packages/airflow/example_dags/example_bash_operator.py
[2025-03-11T03:13:19.574+0000] {processor.py:840} INFO - DAG(s) 'example_bash_operator' retrieved from /home/airflow/.local/lib/python3.12/site-packages/airflow/example_dags/example_bash_operator.py
[2025-03-11T03:13:19.602+0000] {logging_mixin.py:188} INFO - [2025-03-11T03:13:19.602+0000] {dag.py:3096} INFO - Sync 1 DAGs
[2025-03-11T03:13:19.625+0000] {logging_mixin.py:188} INFO - [2025-03-11T03:13:19.625+0000] {dag.py:3954} INFO - Setting next_dagrun for example_bash_operator to 2025-03-10 00:00:00+00:00, run_after=2025-03-11 00:00:00+00:00
[2025-03-11T03:13:19.648+0000] {processor.py:183} INFO - Processing /home/airflow/.local/lib/python3.12/site-packages/airflow/example_dags/example_bash_operator.py took 0.100 seconds
[2025-03-11T03:13:49.755+0000] {processor.py:161} INFO - Started process (PID=63788) to work on /home/airflow/.local/lib/python3.12/site-packages/airflow/example_dags/example_bash_operator.py
[2025-03-11T03:13:49.757+0000] {processor.py:830} INFO - Processing file /home/airflow/.local/lib/python3.12/site-packages/airflow/example_dags/example_bash_operator.py for tasks to queue
[2025-03-11T03:13:49.760+0000] {logging_mixin.py:188} INFO - [2025-03-11T03:13:49.759+0000] {dagbag.py:545} INFO - Filling up the DagBag from /home/airflow/.local/lib/python3.12/site-packages/airflow/example_dags/example_bash_operator.py
[2025-03-11T03:13:49.771+0000] {processor.py:840} INFO - DAG(s) 'example_bash_operator' retrieved from /home/airflow/.local/lib/python3.12/site-packages/airflow/example_dags/example_bash_operator.py
[2025-03-11T03:13:49.799+0000] {logging_mixin.py:188} INFO - [2025-03-11T03:13:49.798+0000] {dag.py:3096} INFO - Sync 1 DAGs
[2025-03-11T03:13:49.821+0000] {logging_mixin.py:188} INFO - [2025-03-11T03:13:49.821+0000] {dag.py:3954} INFO - Setting next_dagrun for example_bash_operator to 2025-03-10 00:00:00+00:00, run_after=2025-03-11 00:00:00+00:00
[2025-03-11T03:13:49.843+0000] {processor.py:183} INFO - Processing /home/airflow/.local/lib/python3.12/site-packages/airflow/example_dags/example_bash_operator.py took 0.105 seconds
[2025-03-11T03:14:20.462+0000] {processor.py:161} INFO - Started process (PID=64050) to work on /home/airflow/.local/lib/python3.12/site-packages/airflow/example_dags/example_bash_operator.py
[2025-03-11T03:14:20.463+0000] {processor.py:830} INFO - Processing file /home/airflow/.local/lib/python3.12/site-packages/airflow/example_dags/example_bash_operator.py for tasks to queue
[2025-03-11T03:14:20.466+0000] {logging_mixin.py:188} INFO - [2025-03-11T03:14:20.466+0000] {dagbag.py:545} INFO - Filling up the DagBag from /home/airflow/.local/lib/python3.12/site-packages/airflow/example_dags/example_bash_operator.py
[2025-03-11T03:14:20.478+0000] {processor.py:840} INFO - DAG(s) 'example_bash_operator' retrieved from /home/airflow/.local/lib/python3.12/site-packages/airflow/example_dags/example_bash_operator.py
[2025-03-11T03:14:20.505+0000] {logging_mixin.py:188} INFO - [2025-03-11T03:14:20.505+0000] {dag.py:3096} INFO - Sync 1 DAGs
[2025-03-11T03:14:20.529+0000] {logging_mixin.py:188} INFO - [2025-03-11T03:14:20.529+0000] {dag.py:3954} INFO - Setting next_dagrun for example_bash_operator to 2025-03-10 00:00:00+00:00, run_after=2025-03-11 00:00:00+00:00
[2025-03-11T03:14:20.552+0000] {processor.py:183} INFO - Processing /home/airflow/.local/lib/python3.12/site-packages/airflow/example_dags/example_bash_operator.py took 0.095 seconds
[2025-03-11T03:14:51.270+0000] {processor.py:161} INFO - Started process (PID=64312) to work on /home/airflow/.local/lib/python3.12/site-packages/airflow/example_dags/example_bash_operator.py
[2025-03-11T03:14:51.272+0000] {processor.py:830} INFO - Processing file /home/airflow/.local/lib/python3.12/site-packages/airflow/example_dags/example_bash_operator.py for tasks to queue
[2025-03-11T03:14:51.274+0000] {logging_mixin.py:188} INFO - [2025-03-11T03:14:51.274+0000] {dagbag.py:545} INFO - Filling up the DagBag from /home/airflow/.local/lib/python3.12/site-packages/airflow/example_dags/example_bash_operator.py
[2025-03-11T03:14:51.286+0000] {processor.py:840} INFO - DAG(s) 'example_bash_operator' retrieved from /home/airflow/.local/lib/python3.12/site-packages/airflow/example_dags/example_bash_operator.py
[2025-03-11T03:14:51.317+0000] {logging_mixin.py:188} INFO - [2025-03-11T03:14:51.316+0000] {dag.py:3096} INFO - Sync 1 DAGs
[2025-03-11T03:14:51.343+0000] {logging_mixin.py:188} INFO - [2025-03-11T03:14:51.342+0000] {dag.py:3954} INFO - Setting next_dagrun for example_bash_operator to 2025-03-10 00:00:00+00:00, run_after=2025-03-11 00:00:00+00:00
[2025-03-11T03:14:51.367+0000] {processor.py:183} INFO - Processing /home/airflow/.local/lib/python3.12/site-packages/airflow/example_dags/example_bash_operator.py took 0.103 seconds
[2025-03-11T03:15:21.490+0000] {processor.py:161} INFO - Started process (PID=64574) to work on /home/airflow/.local/lib/python3.12/site-packages/airflow/example_dags/example_bash_operator.py
[2025-03-11T03:15:21.492+0000] {processor.py:830} INFO - Processing file /home/airflow/.local/lib/python3.12/site-packages/airflow/example_dags/example_bash_operator.py for tasks to queue
[2025-03-11T03:15:21.494+0000] {logging_mixin.py:188} INFO - [2025-03-11T03:15:21.494+0000] {dagbag.py:545} INFO - Filling up the DagBag from /home/airflow/.local/lib/python3.12/site-packages/airflow/example_dags/example_bash_operator.py
[2025-03-11T03:15:21.506+0000] {processor.py:840} INFO - DAG(s) 'example_bash_operator' retrieved from /home/airflow/.local/lib/python3.12/site-packages/airflow/example_dags/example_bash_operator.py
[2025-03-11T03:15:21.535+0000] {logging_mixin.py:188} INFO - [2025-03-11T03:15:21.535+0000] {dag.py:3096} INFO - Sync 1 DAGs
[2025-03-11T03:15:21.557+0000] {logging_mixin.py:188} INFO - [2025-03-11T03:15:21.557+0000] {dag.py:3954} INFO - Setting next_dagrun for example_bash_operator to 2025-03-10 00:00:00+00:00, run_after=2025-03-11 00:00:00+00:00
[2025-03-11T03:15:21.581+0000] {processor.py:183} INFO - Processing /home/airflow/.local/lib/python3.12/site-packages/airflow/example_dags/example_bash_operator.py took 0.097 seconds
[2025-03-11T03:15:52.245+0000] {processor.py:161} INFO - Started process (PID=64836) to work on /home/airflow/.local/lib/python3.12/site-packages/airflow/example_dags/example_bash_operator.py
[2025-03-11T03:15:52.248+0000] {processor.py:830} INFO - Processing file /home/airflow/.local/lib/python3.12/site-packages/airflow/example_dags/example_bash_operator.py for tasks to queue
[2025-03-11T03:15:52.253+0000] {logging_mixin.py:188} INFO - [2025-03-11T03:15:52.252+0000] {dagbag.py:545} INFO - Filling up the DagBag from /home/airflow/.local/lib/python3.12/site-packages/airflow/example_dags/example_bash_operator.py
[2025-03-11T03:15:52.265+0000] {processor.py:840} INFO - DAG(s) 'example_bash_operator' retrieved from /home/airflow/.local/lib/python3.12/site-packages/airflow/example_dags/example_bash_operator.py
[2025-03-11T03:15:52.301+0000] {logging_mixin.py:188} INFO - [2025-03-11T03:15:52.300+0000] {dag.py:3096} INFO - Sync 1 DAGs
[2025-03-11T03:15:52.325+0000] {logging_mixin.py:188} INFO - [2025-03-11T03:15:52.325+0000] {dag.py:3954} INFO - Setting next_dagrun for example_bash_operator to 2025-03-10 00:00:00+00:00, run_after=2025-03-11 00:00:00+00:00
[2025-03-11T03:15:52.350+0000] {processor.py:183} INFO - Processing /home/airflow/.local/lib/python3.12/site-packages/airflow/example_dags/example_bash_operator.py took 0.112 seconds
[2025-03-11T03:16:22.671+0000] {processor.py:161} INFO - Started process (PID=65092) to work on /home/airflow/.local/lib/python3.12/site-packages/airflow/example_dags/example_bash_operator.py
[2025-03-11T03:16:22.673+0000] {processor.py:830} INFO - Processing file /home/airflow/.local/lib/python3.12/site-packages/airflow/example_dags/example_bash_operator.py for tasks to queue
[2025-03-11T03:16:22.677+0000] {logging_mixin.py:188} INFO - [2025-03-11T03:16:22.676+0000] {dagbag.py:545} INFO - Filling up the DagBag from /home/airflow/.local/lib/python3.12/site-packages/airflow/example_dags/example_bash_operator.py
[2025-03-11T03:16:22.688+0000] {processor.py:840} INFO - DAG(s) 'example_bash_operator' retrieved from /home/airflow/.local/lib/python3.12/site-packages/airflow/example_dags/example_bash_operator.py
[2025-03-11T03:16:22.715+0000] {logging_mixin.py:188} INFO - [2025-03-11T03:16:22.715+0000] {dag.py:3096} INFO - Sync 1 DAGs
[2025-03-11T03:16:22.737+0000] {logging_mixin.py:188} INFO - [2025-03-11T03:16:22.737+0000] {dag.py:3954} INFO - Setting next_dagrun for example_bash_operator to 2025-03-10 00:00:00+00:00, run_after=2025-03-11 00:00:00+00:00
[2025-03-11T03:16:22.873+0000] {processor.py:183} INFO - Processing /home/airflow/.local/lib/python3.12/site-packages/airflow/example_dags/example_bash_operator.py took 0.214 seconds
[2025-03-11T03:16:53.105+0000] {processor.py:161} INFO - Started process (PID=65354) to work on /home/airflow/.local/lib/python3.12/site-packages/airflow/example_dags/example_bash_operator.py
[2025-03-11T03:16:53.107+0000] {processor.py:830} INFO - Processing file /home/airflow/.local/lib/python3.12/site-packages/airflow/example_dags/example_bash_operator.py for tasks to queue
[2025-03-11T03:16:53.112+0000] {logging_mixin.py:188} INFO - [2025-03-11T03:16:53.112+0000] {dagbag.py:545} INFO - Filling up the DagBag from /home/airflow/.local/lib/python3.12/site-packages/airflow/example_dags/example_bash_operator.py
[2025-03-11T03:16:53.126+0000] {processor.py:840} INFO - DAG(s) 'example_bash_operator' retrieved from /home/airflow/.local/lib/python3.12/site-packages/airflow/example_dags/example_bash_operator.py
[2025-03-11T03:16:53.160+0000] {logging_mixin.py:188} INFO - [2025-03-11T03:16:53.159+0000] {dag.py:3096} INFO - Sync 1 DAGs
[2025-03-11T03:16:53.190+0000] {logging_mixin.py:188} INFO - [2025-03-11T03:16:53.189+0000] {dag.py:3954} INFO - Setting next_dagrun for example_bash_operator to 2025-03-10 00:00:00+00:00, run_after=2025-03-11 00:00:00+00:00
[2025-03-11T03:16:53.221+0000] {processor.py:183} INFO - Processing /home/airflow/.local/lib/python3.12/site-packages/airflow/example_dags/example_bash_operator.py took 0.134 seconds
[2025-03-11T03:17:23.967+0000] {processor.py:161} INFO - Started process (PID=65616) to work on /home/airflow/.local/lib/python3.12/site-packages/airflow/example_dags/example_bash_operator.py
[2025-03-11T03:17:23.968+0000] {processor.py:830} INFO - Processing file /home/airflow/.local/lib/python3.12/site-packages/airflow/example_dags/example_bash_operator.py for tasks to queue
[2025-03-11T03:17:23.970+0000] {logging_mixin.py:188} INFO - [2025-03-11T03:17:23.970+0000] {dagbag.py:545} INFO - Filling up the DagBag from /home/airflow/.local/lib/python3.12/site-packages/airflow/example_dags/example_bash_operator.py
[2025-03-11T03:17:23.981+0000] {processor.py:840} INFO - DAG(s) 'example_bash_operator' retrieved from /home/airflow/.local/lib/python3.12/site-packages/airflow/example_dags/example_bash_operator.py
[2025-03-11T03:17:24.010+0000] {logging_mixin.py:188} INFO - [2025-03-11T03:17:24.010+0000] {dag.py:3096} INFO - Sync 1 DAGs
[2025-03-11T03:17:24.162+0000] {logging_mixin.py:188} INFO - [2025-03-11T03:17:24.162+0000] {dag.py:3954} INFO - Setting next_dagrun for example_bash_operator to 2025-03-10 00:00:00+00:00, run_after=2025-03-11 00:00:00+00:00
[2025-03-11T03:17:24.182+0000] {processor.py:183} INFO - Processing /home/airflow/.local/lib/python3.12/site-packages/airflow/example_dags/example_bash_operator.py took 0.223 seconds
[2025-03-11T03:17:54.597+0000] {processor.py:161} INFO - Started process (PID=65878) to work on /home/airflow/.local/lib/python3.12/site-packages/airflow/example_dags/example_bash_operator.py
[2025-03-11T03:17:54.599+0000] {processor.py:830} INFO - Processing file /home/airflow/.local/lib/python3.12/site-packages/airflow/example_dags/example_bash_operator.py for tasks to queue
[2025-03-11T03:17:54.602+0000] {logging_mixin.py:188} INFO - [2025-03-11T03:17:54.602+0000] {dagbag.py:545} INFO - Filling up the DagBag from /home/airflow/.local/lib/python3.12/site-packages/airflow/example_dags/example_bash_operator.py
[2025-03-11T03:17:54.615+0000] {processor.py:840} INFO - DAG(s) 'example_bash_operator' retrieved from /home/airflow/.local/lib/python3.12/site-packages/airflow/example_dags/example_bash_operator.py
[2025-03-11T03:17:54.651+0000] {logging_mixin.py:188} INFO - [2025-03-11T03:17:54.650+0000] {dag.py:3096} INFO - Sync 1 DAGs
[2025-03-11T03:17:54.683+0000] {logging_mixin.py:188} INFO - [2025-03-11T03:17:54.683+0000] {dag.py:3954} INFO - Setting next_dagrun for example_bash_operator to 2025-03-10 00:00:00+00:00, run_after=2025-03-11 00:00:00+00:00
[2025-03-11T03:17:54.707+0000] {processor.py:183} INFO - Processing /home/airflow/.local/lib/python3.12/site-packages/airflow/example_dags/example_bash_operator.py took 0.116 seconds
[2025-03-11T03:18:25.500+0000] {processor.py:161} INFO - Started process (PID=66140) to work on /home/airflow/.local/lib/python3.12/site-packages/airflow/example_dags/example_bash_operator.py
[2025-03-11T03:18:25.502+0000] {processor.py:830} INFO - Processing file /home/airflow/.local/lib/python3.12/site-packages/airflow/example_dags/example_bash_operator.py for tasks to queue
[2025-03-11T03:18:25.505+0000] {logging_mixin.py:188} INFO - [2025-03-11T03:18:25.505+0000] {dagbag.py:545} INFO - Filling up the DagBag from /home/airflow/.local/lib/python3.12/site-packages/airflow/example_dags/example_bash_operator.py
[2025-03-11T03:18:25.650+0000] {processor.py:840} INFO - DAG(s) 'example_bash_operator' retrieved from /home/airflow/.local/lib/python3.12/site-packages/airflow/example_dags/example_bash_operator.py
[2025-03-11T03:18:25.676+0000] {logging_mixin.py:188} INFO - [2025-03-11T03:18:25.675+0000] {dag.py:3096} INFO - Sync 1 DAGs
[2025-03-11T03:18:25.697+0000] {logging_mixin.py:188} INFO - [2025-03-11T03:18:25.697+0000] {dag.py:3954} INFO - Setting next_dagrun for example_bash_operator to 2025-03-10 00:00:00+00:00, run_after=2025-03-11 00:00:00+00:00
[2025-03-11T03:18:25.718+0000] {processor.py:183} INFO - Processing /home/airflow/.local/lib/python3.12/site-packages/airflow/example_dags/example_bash_operator.py took 0.228 seconds
[2025-03-11T03:18:56.029+0000] {processor.py:161} INFO - Started process (PID=66402) to work on /home/airflow/.local/lib/python3.12/site-packages/airflow/example_dags/example_bash_operator.py
[2025-03-11T03:18:56.030+0000] {processor.py:830} INFO - Processing file /home/airflow/.local/lib/python3.12/site-packages/airflow/example_dags/example_bash_operator.py for tasks to queue
[2025-03-11T03:18:56.033+0000] {logging_mixin.py:188} INFO - [2025-03-11T03:18:56.033+0000] {dagbag.py:545} INFO - Filling up the DagBag from /home/airflow/.local/lib/python3.12/site-packages/airflow/example_dags/example_bash_operator.py
[2025-03-11T03:18:56.045+0000] {processor.py:840} INFO - DAG(s) 'example_bash_operator' retrieved from /home/airflow/.local/lib/python3.12/site-packages/airflow/example_dags/example_bash_operator.py
[2025-03-11T03:18:56.073+0000] {logging_mixin.py:188} INFO - [2025-03-11T03:18:56.072+0000] {dag.py:3096} INFO - Sync 1 DAGs
[2025-03-11T03:18:56.096+0000] {logging_mixin.py:188} INFO - [2025-03-11T03:18:56.096+0000] {dag.py:3954} INFO - Setting next_dagrun for example_bash_operator to 2025-03-10 00:00:00+00:00, run_after=2025-03-11 00:00:00+00:00
[2025-03-11T03:18:56.116+0000] {processor.py:183} INFO - Processing /home/airflow/.local/lib/python3.12/site-packages/airflow/example_dags/example_bash_operator.py took 0.095 seconds
[2025-03-11T03:19:26.307+0000] {processor.py:161} INFO - Started process (PID=66664) to work on /home/airflow/.local/lib/python3.12/site-packages/airflow/example_dags/example_bash_operator.py
[2025-03-11T03:19:26.309+0000] {processor.py:830} INFO - Processing file /home/airflow/.local/lib/python3.12/site-packages/airflow/example_dags/example_bash_operator.py for tasks to queue
[2025-03-11T03:19:26.311+0000] {logging_mixin.py:188} INFO - [2025-03-11T03:19:26.311+0000] {dagbag.py:545} INFO - Filling up the DagBag from /home/airflow/.local/lib/python3.12/site-packages/airflow/example_dags/example_bash_operator.py
[2025-03-11T03:19:26.327+0000] {processor.py:840} INFO - DAG(s) 'example_bash_operator' retrieved from /home/airflow/.local/lib/python3.12/site-packages/airflow/example_dags/example_bash_operator.py
[2025-03-11T03:19:26.357+0000] {logging_mixin.py:188} INFO - [2025-03-11T03:19:26.357+0000] {dag.py:3096} INFO - Sync 1 DAGs
[2025-03-11T03:19:26.380+0000] {logging_mixin.py:188} INFO - [2025-03-11T03:19:26.380+0000] {dag.py:3954} INFO - Setting next_dagrun for example_bash_operator to 2025-03-10 00:00:00+00:00, run_after=2025-03-11 00:00:00+00:00
[2025-03-11T03:19:26.400+0000] {processor.py:183} INFO - Processing /home/airflow/.local/lib/python3.12/site-packages/airflow/example_dags/example_bash_operator.py took 0.103 seconds
[2025-03-11T03:19:56.690+0000] {processor.py:161} INFO - Started process (PID=66926) to work on /home/airflow/.local/lib/python3.12/site-packages/airflow/example_dags/example_bash_operator.py
[2025-03-11T03:19:56.691+0000] {processor.py:830} INFO - Processing file /home/airflow/.local/lib/python3.12/site-packages/airflow/example_dags/example_bash_operator.py for tasks to queue
[2025-03-11T03:19:56.694+0000] {logging_mixin.py:188} INFO - [2025-03-11T03:19:56.693+0000] {dagbag.py:545} INFO - Filling up the DagBag from /home/airflow/.local/lib/python3.12/site-packages/airflow/example_dags/example_bash_operator.py
[2025-03-11T03:19:56.707+0000] {processor.py:840} INFO - DAG(s) 'example_bash_operator' retrieved from /home/airflow/.local/lib/python3.12/site-packages/airflow/example_dags/example_bash_operator.py
[2025-03-11T03:19:56.740+0000] {logging_mixin.py:188} INFO - [2025-03-11T03:19:56.739+0000] {dag.py:3096} INFO - Sync 1 DAGs
[2025-03-11T03:19:56.762+0000] {logging_mixin.py:188} INFO - [2025-03-11T03:19:56.762+0000] {dag.py:3954} INFO - Setting next_dagrun for example_bash_operator to 2025-03-10 00:00:00+00:00, run_after=2025-03-11 00:00:00+00:00
[2025-03-11T03:19:56.786+0000] {processor.py:183} INFO - Processing /home/airflow/.local/lib/python3.12/site-packages/airflow/example_dags/example_bash_operator.py took 0.114 seconds
[2025-03-11T03:20:27.487+0000] {processor.py:161} INFO - Started process (PID=67185) to work on /home/airflow/.local/lib/python3.12/site-packages/airflow/example_dags/example_bash_operator.py
[2025-03-11T03:20:27.488+0000] {processor.py:830} INFO - Processing file /home/airflow/.local/lib/python3.12/site-packages/airflow/example_dags/example_bash_operator.py for tasks to queue
[2025-03-11T03:20:27.491+0000] {logging_mixin.py:188} INFO - [2025-03-11T03:20:27.490+0000] {dagbag.py:545} INFO - Filling up the DagBag from /home/airflow/.local/lib/python3.12/site-packages/airflow/example_dags/example_bash_operator.py
[2025-03-11T03:20:27.503+0000] {processor.py:840} INFO - DAG(s) 'example_bash_operator' retrieved from /home/airflow/.local/lib/python3.12/site-packages/airflow/example_dags/example_bash_operator.py
[2025-03-11T03:20:27.532+0000] {logging_mixin.py:188} INFO - [2025-03-11T03:20:27.532+0000] {dag.py:3096} INFO - Sync 1 DAGs
[2025-03-11T03:20:27.556+0000] {logging_mixin.py:188} INFO - [2025-03-11T03:20:27.556+0000] {dag.py:3954} INFO - Setting next_dagrun for example_bash_operator to 2025-03-10 00:00:00+00:00, run_after=2025-03-11 00:00:00+00:00
[2025-03-11T03:20:27.584+0000] {processor.py:183} INFO - Processing /home/airflow/.local/lib/python3.12/site-packages/airflow/example_dags/example_bash_operator.py took 0.105 seconds
[2025-03-11T03:20:58.306+0000] {processor.py:161} INFO - Started process (PID=67441) to work on /home/airflow/.local/lib/python3.12/site-packages/airflow/example_dags/example_bash_operator.py
[2025-03-11T03:20:58.307+0000] {processor.py:830} INFO - Processing file /home/airflow/.local/lib/python3.12/site-packages/airflow/example_dags/example_bash_operator.py for tasks to queue
[2025-03-11T03:20:58.309+0000] {logging_mixin.py:188} INFO - [2025-03-11T03:20:58.309+0000] {dagbag.py:545} INFO - Filling up the DagBag from /home/airflow/.local/lib/python3.12/site-packages/airflow/example_dags/example_bash_operator.py
[2025-03-11T03:20:58.324+0000] {processor.py:840} INFO - DAG(s) 'example_bash_operator' retrieved from /home/airflow/.local/lib/python3.12/site-packages/airflow/example_dags/example_bash_operator.py
[2025-03-11T03:20:58.352+0000] {logging_mixin.py:188} INFO - [2025-03-11T03:20:58.351+0000] {dag.py:3096} INFO - Sync 1 DAGs
[2025-03-11T03:20:58.374+0000] {logging_mixin.py:188} INFO - [2025-03-11T03:20:58.374+0000] {dag.py:3954} INFO - Setting next_dagrun for example_bash_operator to 2025-03-10 00:00:00+00:00, run_after=2025-03-11 00:00:00+00:00
[2025-03-11T03:20:58.393+0000] {processor.py:183} INFO - Processing /home/airflow/.local/lib/python3.12/site-packages/airflow/example_dags/example_bash_operator.py took 0.095 seconds
[2025-03-11T03:21:32.035+0000] {processor.py:161} INFO - Started process (PID=67675) to work on /home/airflow/.local/lib/python3.12/site-packages/airflow/example_dags/example_bash_operator.py
[2025-03-11T03:21:32.036+0000] {processor.py:830} INFO - Processing file /home/airflow/.local/lib/python3.12/site-packages/airflow/example_dags/example_bash_operator.py for tasks to queue
[2025-03-11T03:21:32.038+0000] {logging_mixin.py:188} INFO - [2025-03-11T03:21:32.037+0000] {dagbag.py:545} INFO - Filling up the DagBag from /home/airflow/.local/lib/python3.12/site-packages/airflow/example_dags/example_bash_operator.py
[2025-03-11T03:21:32.048+0000] {processor.py:840} INFO - DAG(s) 'example_bash_operator' retrieved from /home/airflow/.local/lib/python3.12/site-packages/airflow/example_dags/example_bash_operator.py
[2025-03-11T03:21:32.073+0000] {logging_mixin.py:188} INFO - [2025-03-11T03:21:32.073+0000] {dag.py:3096} INFO - Sync 1 DAGs
[2025-03-11T03:21:32.094+0000] {logging_mixin.py:188} INFO - [2025-03-11T03:21:32.094+0000] {dag.py:3954} INFO - Setting next_dagrun for example_bash_operator to 2025-03-10 00:00:00+00:00, run_after=2025-03-11 00:00:00+00:00
[2025-03-11T03:21:32.115+0000] {processor.py:183} INFO - Processing /home/airflow/.local/lib/python3.12/site-packages/airflow/example_dags/example_bash_operator.py took 0.085 seconds
[2025-03-11T03:22:03.138+0000] {processor.py:161} INFO - Started process (PID=67935) to work on /home/airflow/.local/lib/python3.12/site-packages/airflow/example_dags/example_bash_operator.py
[2025-03-11T03:22:03.140+0000] {processor.py:830} INFO - Processing file /home/airflow/.local/lib/python3.12/site-packages/airflow/example_dags/example_bash_operator.py for tasks to queue
[2025-03-11T03:22:03.144+0000] {logging_mixin.py:188} INFO - [2025-03-11T03:22:03.143+0000] {dagbag.py:545} INFO - Filling up the DagBag from /home/airflow/.local/lib/python3.12/site-packages/airflow/example_dags/example_bash_operator.py
[2025-03-11T03:22:03.156+0000] {processor.py:840} INFO - DAG(s) 'example_bash_operator' retrieved from /home/airflow/.local/lib/python3.12/site-packages/airflow/example_dags/example_bash_operator.py
[2025-03-11T03:22:03.183+0000] {logging_mixin.py:188} INFO - [2025-03-11T03:22:03.183+0000] {dag.py:3096} INFO - Sync 1 DAGs
[2025-03-11T03:22:03.205+0000] {logging_mixin.py:188} INFO - [2025-03-11T03:22:03.205+0000] {dag.py:3954} INFO - Setting next_dagrun for example_bash_operator to 2025-03-10 00:00:00+00:00, run_after=2025-03-11 00:00:00+00:00
[2025-03-11T03:22:03.225+0000] {processor.py:183} INFO - Processing /home/airflow/.local/lib/python3.12/site-packages/airflow/example_dags/example_bash_operator.py took 0.092 seconds
[2025-03-11T03:22:35.012+0000] {processor.py:161} INFO - Started process (PID=68132) to work on /home/airflow/.local/lib/python3.12/site-packages/airflow/example_dags/example_bash_operator.py
[2025-03-11T03:22:35.015+0000] {processor.py:830} INFO - Processing file /home/airflow/.local/lib/python3.12/site-packages/airflow/example_dags/example_bash_operator.py for tasks to queue
[2025-03-11T03:22:35.018+0000] {logging_mixin.py:188} INFO - [2025-03-11T03:22:35.017+0000] {dagbag.py:545} INFO - Filling up the DagBag from /home/airflow/.local/lib/python3.12/site-packages/airflow/example_dags/example_bash_operator.py
[2025-03-11T03:22:35.030+0000] {processor.py:840} INFO - DAG(s) 'example_bash_operator' retrieved from /home/airflow/.local/lib/python3.12/site-packages/airflow/example_dags/example_bash_operator.py
[2025-03-11T03:22:35.065+0000] {logging_mixin.py:188} INFO - [2025-03-11T03:22:35.064+0000] {dag.py:3096} INFO - Sync 1 DAGs
[2025-03-11T03:22:35.091+0000] {logging_mixin.py:188} INFO - [2025-03-11T03:22:35.090+0000] {dag.py:3954} INFO - Setting next_dagrun for example_bash_operator to 2025-03-10 00:00:00+00:00, run_after=2025-03-11 00:00:00+00:00
[2025-03-11T03:22:35.110+0000] {processor.py:183} INFO - Processing /home/airflow/.local/lib/python3.12/site-packages/airflow/example_dags/example_bash_operator.py took 0.105 seconds
[2025-03-11T03:23:05.626+0000] {processor.py:161} INFO - Started process (PID=68329) to work on /home/airflow/.local/lib/python3.12/site-packages/airflow/example_dags/example_bash_operator.py
[2025-03-11T03:23:05.628+0000] {processor.py:830} INFO - Processing file /home/airflow/.local/lib/python3.12/site-packages/airflow/example_dags/example_bash_operator.py for tasks to queue
[2025-03-11T03:23:05.632+0000] {logging_mixin.py:188} INFO - [2025-03-11T03:23:05.631+0000] {dagbag.py:545} INFO - Filling up the DagBag from /home/airflow/.local/lib/python3.12/site-packages/airflow/example_dags/example_bash_operator.py
[2025-03-11T03:23:05.663+0000] {processor.py:840} INFO - DAG(s) 'example_bash_operator' retrieved from /home/airflow/.local/lib/python3.12/site-packages/airflow/example_dags/example_bash_operator.py
[2025-03-11T03:23:05.697+0000] {logging_mixin.py:188} INFO - [2025-03-11T03:23:05.697+0000] {dag.py:3096} INFO - Sync 1 DAGs
[2025-03-11T03:23:05.725+0000] {logging_mixin.py:188} INFO - [2025-03-11T03:23:05.725+0000] {dag.py:3954} INFO - Setting next_dagrun for example_bash_operator to 2025-03-10 00:00:00+00:00, run_after=2025-03-11 00:00:00+00:00
[2025-03-11T03:23:05.750+0000] {processor.py:183} INFO - Processing /home/airflow/.local/lib/python3.12/site-packages/airflow/example_dags/example_bash_operator.py took 0.137 seconds
[2025-03-11T03:23:36.708+0000] {processor.py:161} INFO - Started process (PID=68526) to work on /home/airflow/.local/lib/python3.12/site-packages/airflow/example_dags/example_bash_operator.py
[2025-03-11T03:23:36.710+0000] {processor.py:830} INFO - Processing file /home/airflow/.local/lib/python3.12/site-packages/airflow/example_dags/example_bash_operator.py for tasks to queue
[2025-03-11T03:23:36.712+0000] {logging_mixin.py:188} INFO - [2025-03-11T03:23:36.712+0000] {dagbag.py:545} INFO - Filling up the DagBag from /home/airflow/.local/lib/python3.12/site-packages/airflow/example_dags/example_bash_operator.py
[2025-03-11T03:23:36.723+0000] {processor.py:840} INFO - DAG(s) 'example_bash_operator' retrieved from /home/airflow/.local/lib/python3.12/site-packages/airflow/example_dags/example_bash_operator.py
[2025-03-11T03:23:36.750+0000] {logging_mixin.py:188} INFO - [2025-03-11T03:23:36.750+0000] {dag.py:3096} INFO - Sync 1 DAGs
[2025-03-11T03:23:36.773+0000] {logging_mixin.py:188} INFO - [2025-03-11T03:23:36.773+0000] {dag.py:3954} INFO - Setting next_dagrun for example_bash_operator to 2025-03-10 00:00:00+00:00, run_after=2025-03-11 00:00:00+00:00
[2025-03-11T03:23:36.794+0000] {processor.py:183} INFO - Processing /home/airflow/.local/lib/python3.12/site-packages/airflow/example_dags/example_bash_operator.py took 0.091 seconds
[2025-03-11T03:24:08.698+0000] {processor.py:161} INFO - Started process (PID=68788) to work on /home/airflow/.local/lib/python3.12/site-packages/airflow/example_dags/example_bash_operator.py
[2025-03-11T03:24:08.700+0000] {processor.py:830} INFO - Processing file /home/airflow/.local/lib/python3.12/site-packages/airflow/example_dags/example_bash_operator.py for tasks to queue
[2025-03-11T03:24:08.702+0000] {logging_mixin.py:188} INFO - [2025-03-11T03:24:08.702+0000] {dagbag.py:545} INFO - Filling up the DagBag from /home/airflow/.local/lib/python3.12/site-packages/airflow/example_dags/example_bash_operator.py
[2025-03-11T03:24:08.715+0000] {processor.py:840} INFO - DAG(s) 'example_bash_operator' retrieved from /home/airflow/.local/lib/python3.12/site-packages/airflow/example_dags/example_bash_operator.py
[2025-03-11T03:24:08.750+0000] {logging_mixin.py:188} INFO - [2025-03-11T03:24:08.750+0000] {dag.py:3096} INFO - Sync 1 DAGs
[2025-03-11T03:24:08.778+0000] {logging_mixin.py:188} INFO - [2025-03-11T03:24:08.778+0000] {dag.py:3954} INFO - Setting next_dagrun for example_bash_operator to 2025-03-10 00:00:00+00:00, run_after=2025-03-11 00:00:00+00:00
[2025-03-11T03:24:08.803+0000] {processor.py:183} INFO - Processing /home/airflow/.local/lib/python3.12/site-packages/airflow/example_dags/example_bash_operator.py took 0.111 seconds
[2025-03-11T03:24:40.521+0000] {processor.py:161} INFO - Started process (PID=69050) to work on /home/airflow/.local/lib/python3.12/site-packages/airflow/example_dags/example_bash_operator.py
[2025-03-11T03:24:40.522+0000] {processor.py:830} INFO - Processing file /home/airflow/.local/lib/python3.12/site-packages/airflow/example_dags/example_bash_operator.py for tasks to queue
[2025-03-11T03:24:40.526+0000] {logging_mixin.py:188} INFO - [2025-03-11T03:24:40.525+0000] {dagbag.py:545} INFO - Filling up the DagBag from /home/airflow/.local/lib/python3.12/site-packages/airflow/example_dags/example_bash_operator.py
[2025-03-11T03:24:40.542+0000] {processor.py:840} INFO - DAG(s) 'example_bash_operator' retrieved from /home/airflow/.local/lib/python3.12/site-packages/airflow/example_dags/example_bash_operator.py
[2025-03-11T03:24:40.568+0000] {logging_mixin.py:188} INFO - [2025-03-11T03:24:40.567+0000] {dag.py:3096} INFO - Sync 1 DAGs
[2025-03-11T03:24:40.589+0000] {logging_mixin.py:188} INFO - [2025-03-11T03:24:40.589+0000] {dag.py:3954} INFO - Setting next_dagrun for example_bash_operator to 2025-03-10 00:00:00+00:00, run_after=2025-03-11 00:00:00+00:00
[2025-03-11T03:24:40.613+0000] {processor.py:183} INFO - Processing /home/airflow/.local/lib/python3.12/site-packages/airflow/example_dags/example_bash_operator.py took 0.101 seconds
[2025-03-11T03:25:12.625+0000] {processor.py:161} INFO - Started process (PID=69312) to work on /home/airflow/.local/lib/python3.12/site-packages/airflow/example_dags/example_bash_operator.py
[2025-03-11T03:25:12.626+0000] {processor.py:830} INFO - Processing file /home/airflow/.local/lib/python3.12/site-packages/airflow/example_dags/example_bash_operator.py for tasks to queue
[2025-03-11T03:25:12.629+0000] {logging_mixin.py:188} INFO - [2025-03-11T03:25:12.628+0000] {dagbag.py:545} INFO - Filling up the DagBag from /home/airflow/.local/lib/python3.12/site-packages/airflow/example_dags/example_bash_operator.py
[2025-03-11T03:25:12.641+0000] {processor.py:840} INFO - DAG(s) 'example_bash_operator' retrieved from /home/airflow/.local/lib/python3.12/site-packages/airflow/example_dags/example_bash_operator.py
[2025-03-11T03:25:12.669+0000] {logging_mixin.py:188} INFO - [2025-03-11T03:25:12.668+0000] {dag.py:3096} INFO - Sync 1 DAGs
[2025-03-11T03:25:12.696+0000] {logging_mixin.py:188} INFO - [2025-03-11T03:25:12.696+0000] {dag.py:3954} INFO - Setting next_dagrun for example_bash_operator to 2025-03-10 00:00:00+00:00, run_after=2025-03-11 00:00:00+00:00
[2025-03-11T03:25:12.717+0000] {processor.py:183} INFO - Processing /home/airflow/.local/lib/python3.12/site-packages/airflow/example_dags/example_bash_operator.py took 0.099 seconds
[2025-03-11T03:25:44.609+0000] {processor.py:161} INFO - Started process (PID=69574) to work on /home/airflow/.local/lib/python3.12/site-packages/airflow/example_dags/example_bash_operator.py
[2025-03-11T03:25:44.610+0000] {processor.py:830} INFO - Processing file /home/airflow/.local/lib/python3.12/site-packages/airflow/example_dags/example_bash_operator.py for tasks to queue
[2025-03-11T03:25:44.613+0000] {logging_mixin.py:188} INFO - [2025-03-11T03:25:44.612+0000] {dagbag.py:545} INFO - Filling up the DagBag from /home/airflow/.local/lib/python3.12/site-packages/airflow/example_dags/example_bash_operator.py
[2025-03-11T03:25:44.625+0000] {processor.py:840} INFO - DAG(s) 'example_bash_operator' retrieved from /home/airflow/.local/lib/python3.12/site-packages/airflow/example_dags/example_bash_operator.py
[2025-03-11T03:25:44.655+0000] {logging_mixin.py:188} INFO - [2025-03-11T03:25:44.655+0000] {dag.py:3096} INFO - Sync 1 DAGs
[2025-03-11T03:25:44.682+0000] {logging_mixin.py:188} INFO - [2025-03-11T03:25:44.681+0000] {dag.py:3954} INFO - Setting next_dagrun for example_bash_operator to 2025-03-10 00:00:00+00:00, run_after=2025-03-11 00:00:00+00:00
[2025-03-11T03:25:44.709+0000] {processor.py:183} INFO - Processing /home/airflow/.local/lib/python3.12/site-packages/airflow/example_dags/example_bash_operator.py took 0.106 seconds
[2025-03-11T03:26:17.375+0000] {processor.py:161} INFO - Started process (PID=69836) to work on /home/airflow/.local/lib/python3.12/site-packages/airflow/example_dags/example_bash_operator.py
[2025-03-11T03:26:17.376+0000] {processor.py:830} INFO - Processing file /home/airflow/.local/lib/python3.12/site-packages/airflow/example_dags/example_bash_operator.py for tasks to queue
[2025-03-11T03:26:17.378+0000] {logging_mixin.py:188} INFO - [2025-03-11T03:26:17.378+0000] {dagbag.py:545} INFO - Filling up the DagBag from /home/airflow/.local/lib/python3.12/site-packages/airflow/example_dags/example_bash_operator.py
[2025-03-11T03:26:17.391+0000] {processor.py:840} INFO - DAG(s) 'example_bash_operator' retrieved from /home/airflow/.local/lib/python3.12/site-packages/airflow/example_dags/example_bash_operator.py
[2025-03-11T03:26:17.419+0000] {logging_mixin.py:188} INFO - [2025-03-11T03:26:17.419+0000] {dag.py:3096} INFO - Sync 1 DAGs
[2025-03-11T03:26:17.441+0000] {logging_mixin.py:188} INFO - [2025-03-11T03:26:17.441+0000] {dag.py:3954} INFO - Setting next_dagrun for example_bash_operator to 2025-03-10 00:00:00+00:00, run_after=2025-03-11 00:00:00+00:00
[2025-03-11T03:26:17.460+0000] {processor.py:183} INFO - Processing /home/airflow/.local/lib/python3.12/site-packages/airflow/example_dags/example_bash_operator.py took 0.091 seconds
[2025-03-11T03:26:48.854+0000] {processor.py:161} INFO - Started process (PID=70098) to work on /home/airflow/.local/lib/python3.12/site-packages/airflow/example_dags/example_bash_operator.py
[2025-03-11T03:26:48.855+0000] {processor.py:830} INFO - Processing file /home/airflow/.local/lib/python3.12/site-packages/airflow/example_dags/example_bash_operator.py for tasks to queue
[2025-03-11T03:26:48.857+0000] {logging_mixin.py:188} INFO - [2025-03-11T03:26:48.857+0000] {dagbag.py:545} INFO - Filling up the DagBag from /home/airflow/.local/lib/python3.12/site-packages/airflow/example_dags/example_bash_operator.py
[2025-03-11T03:26:48.871+0000] {processor.py:840} INFO - DAG(s) 'example_bash_operator' retrieved from /home/airflow/.local/lib/python3.12/site-packages/airflow/example_dags/example_bash_operator.py
[2025-03-11T03:26:48.906+0000] {logging_mixin.py:188} INFO - [2025-03-11T03:26:48.906+0000] {dag.py:3096} INFO - Sync 1 DAGs
[2025-03-11T03:26:48.937+0000] {logging_mixin.py:188} INFO - [2025-03-11T03:26:48.937+0000] {dag.py:3954} INFO - Setting next_dagrun for example_bash_operator to 2025-03-10 00:00:00+00:00, run_after=2025-03-11 00:00:00+00:00
[2025-03-11T03:26:48.964+0000] {processor.py:183} INFO - Processing /home/airflow/.local/lib/python3.12/site-packages/airflow/example_dags/example_bash_operator.py took 0.117 seconds
[2025-03-11T03:27:21.454+0000] {processor.py:161} INFO - Started process (PID=70360) to work on /home/airflow/.local/lib/python3.12/site-packages/airflow/example_dags/example_bash_operator.py
[2025-03-11T03:27:21.456+0000] {processor.py:830} INFO - Processing file /home/airflow/.local/lib/python3.12/site-packages/airflow/example_dags/example_bash_operator.py for tasks to queue
[2025-03-11T03:27:21.458+0000] {logging_mixin.py:188} INFO - [2025-03-11T03:27:21.458+0000] {dagbag.py:545} INFO - Filling up the DagBag from /home/airflow/.local/lib/python3.12/site-packages/airflow/example_dags/example_bash_operator.py
[2025-03-11T03:27:21.472+0000] {processor.py:840} INFO - DAG(s) 'example_bash_operator' retrieved from /home/airflow/.local/lib/python3.12/site-packages/airflow/example_dags/example_bash_operator.py
[2025-03-11T03:27:21.506+0000] {logging_mixin.py:188} INFO - [2025-03-11T03:27:21.505+0000] {dag.py:3096} INFO - Sync 1 DAGs
[2025-03-11T03:27:21.533+0000] {logging_mixin.py:188} INFO - [2025-03-11T03:27:21.533+0000] {dag.py:3954} INFO - Setting next_dagrun for example_bash_operator to 2025-03-10 00:00:00+00:00, run_after=2025-03-11 00:00:00+00:00
[2025-03-11T03:27:21.569+0000] {processor.py:183} INFO - Processing /home/airflow/.local/lib/python3.12/site-packages/airflow/example_dags/example_bash_operator.py took 0.121 seconds
[2025-03-11T03:27:52.966+0000] {processor.py:161} INFO - Started process (PID=70622) to work on /home/airflow/.local/lib/python3.12/site-packages/airflow/example_dags/example_bash_operator.py
[2025-03-11T03:27:52.968+0000] {processor.py:830} INFO - Processing file /home/airflow/.local/lib/python3.12/site-packages/airflow/example_dags/example_bash_operator.py for tasks to queue
[2025-03-11T03:27:52.970+0000] {logging_mixin.py:188} INFO - [2025-03-11T03:27:52.970+0000] {dagbag.py:545} INFO - Filling up the DagBag from /home/airflow/.local/lib/python3.12/site-packages/airflow/example_dags/example_bash_operator.py
[2025-03-11T03:27:52.981+0000] {processor.py:840} INFO - DAG(s) 'example_bash_operator' retrieved from /home/airflow/.local/lib/python3.12/site-packages/airflow/example_dags/example_bash_operator.py
[2025-03-11T03:27:53.012+0000] {logging_mixin.py:188} INFO - [2025-03-11T03:27:53.012+0000] {dag.py:3096} INFO - Sync 1 DAGs
[2025-03-11T03:27:53.037+0000] {logging_mixin.py:188} INFO - [2025-03-11T03:27:53.037+0000] {dag.py:3954} INFO - Setting next_dagrun for example_bash_operator to 2025-03-10 00:00:00+00:00, run_after=2025-03-11 00:00:00+00:00
[2025-03-11T03:27:53.059+0000] {processor.py:183} INFO - Processing /home/airflow/.local/lib/python3.12/site-packages/airflow/example_dags/example_bash_operator.py took 0.098 seconds
[2025-03-11T03:28:25.730+0000] {processor.py:161} INFO - Started process (PID=70886) to work on /home/airflow/.local/lib/python3.12/site-packages/airflow/example_dags/example_bash_operator.py
[2025-03-11T03:28:25.733+0000] {processor.py:830} INFO - Processing file /home/airflow/.local/lib/python3.12/site-packages/airflow/example_dags/example_bash_operator.py for tasks to queue
[2025-03-11T03:28:25.741+0000] {logging_mixin.py:188} INFO - [2025-03-11T03:28:25.738+0000] {dagbag.py:545} INFO - Filling up the DagBag from /home/airflow/.local/lib/python3.12/site-packages/airflow/example_dags/example_bash_operator.py
[2025-03-11T03:28:25.765+0000] {processor.py:840} INFO - DAG(s) 'example_bash_operator' retrieved from /home/airflow/.local/lib/python3.12/site-packages/airflow/example_dags/example_bash_operator.py
[2025-03-11T03:28:25.796+0000] {logging_mixin.py:188} INFO - [2025-03-11T03:28:25.796+0000] {dag.py:3096} INFO - Sync 1 DAGs
[2025-03-11T03:28:25.819+0000] {logging_mixin.py:188} INFO - [2025-03-11T03:28:25.819+0000] {dag.py:3954} INFO - Setting next_dagrun for example_bash_operator to 2025-03-10 00:00:00+00:00, run_after=2025-03-11 00:00:00+00:00
[2025-03-11T03:28:25.840+0000] {processor.py:183} INFO - Processing /home/airflow/.local/lib/python3.12/site-packages/airflow/example_dags/example_bash_operator.py took 0.139 seconds
[2025-03-11T03:28:57.619+0000] {processor.py:161} INFO - Started process (PID=71146) to work on /home/airflow/.local/lib/python3.12/site-packages/airflow/example_dags/example_bash_operator.py
[2025-03-11T03:28:57.620+0000] {processor.py:830} INFO - Processing file /home/airflow/.local/lib/python3.12/site-packages/airflow/example_dags/example_bash_operator.py for tasks to queue
[2025-03-11T03:28:57.623+0000] {logging_mixin.py:188} INFO - [2025-03-11T03:28:57.623+0000] {dagbag.py:545} INFO - Filling up the DagBag from /home/airflow/.local/lib/python3.12/site-packages/airflow/example_dags/example_bash_operator.py
[2025-03-11T03:28:57.637+0000] {processor.py:840} INFO - DAG(s) 'example_bash_operator' retrieved from /home/airflow/.local/lib/python3.12/site-packages/airflow/example_dags/example_bash_operator.py
[2025-03-11T03:28:57.664+0000] {logging_mixin.py:188} INFO - [2025-03-11T03:28:57.664+0000] {dag.py:3096} INFO - Sync 1 DAGs
[2025-03-11T03:28:57.688+0000] {logging_mixin.py:188} INFO - [2025-03-11T03:28:57.688+0000] {dag.py:3954} INFO - Setting next_dagrun for example_bash_operator to 2025-03-10 00:00:00+00:00, run_after=2025-03-11 00:00:00+00:00
[2025-03-11T03:28:57.710+0000] {processor.py:183} INFO - Processing /home/airflow/.local/lib/python3.12/site-packages/airflow/example_dags/example_bash_operator.py took 0.098 seconds
[2025-03-11T03:29:29.778+0000] {processor.py:161} INFO - Started process (PID=71408) to work on /home/airflow/.local/lib/python3.12/site-packages/airflow/example_dags/example_bash_operator.py
[2025-03-11T03:29:29.780+0000] {processor.py:830} INFO - Processing file /home/airflow/.local/lib/python3.12/site-packages/airflow/example_dags/example_bash_operator.py for tasks to queue
[2025-03-11T03:29:29.782+0000] {logging_mixin.py:188} INFO - [2025-03-11T03:29:29.782+0000] {dagbag.py:545} INFO - Filling up the DagBag from /home/airflow/.local/lib/python3.12/site-packages/airflow/example_dags/example_bash_operator.py
[2025-03-11T03:29:29.795+0000] {processor.py:840} INFO - DAG(s) 'example_bash_operator' retrieved from /home/airflow/.local/lib/python3.12/site-packages/airflow/example_dags/example_bash_operator.py
[2025-03-11T03:29:29.823+0000] {logging_mixin.py:188} INFO - [2025-03-11T03:29:29.823+0000] {dag.py:3096} INFO - Sync 1 DAGs
[2025-03-11T03:29:29.850+0000] {logging_mixin.py:188} INFO - [2025-03-11T03:29:29.850+0000] {dag.py:3954} INFO - Setting next_dagrun for example_bash_operator to 2025-03-10 00:00:00+00:00, run_after=2025-03-11 00:00:00+00:00
[2025-03-11T03:29:29.876+0000] {processor.py:183} INFO - Processing /home/airflow/.local/lib/python3.12/site-packages/airflow/example_dags/example_bash_operator.py took 0.105 seconds
[2025-03-11T03:30:01.653+0000] {processor.py:161} INFO - Started process (PID=71670) to work on /home/airflow/.local/lib/python3.12/site-packages/airflow/example_dags/example_bash_operator.py
[2025-03-11T03:30:01.655+0000] {processor.py:830} INFO - Processing file /home/airflow/.local/lib/python3.12/site-packages/airflow/example_dags/example_bash_operator.py for tasks to queue
[2025-03-11T03:30:01.657+0000] {logging_mixin.py:188} INFO - [2025-03-11T03:30:01.657+0000] {dagbag.py:545} INFO - Filling up the DagBag from /home/airflow/.local/lib/python3.12/site-packages/airflow/example_dags/example_bash_operator.py
[2025-03-11T03:30:01.671+0000] {processor.py:840} INFO - DAG(s) 'example_bash_operator' retrieved from /home/airflow/.local/lib/python3.12/site-packages/airflow/example_dags/example_bash_operator.py
[2025-03-11T03:30:01.699+0000] {logging_mixin.py:188} INFO - [2025-03-11T03:30:01.699+0000] {dag.py:3096} INFO - Sync 1 DAGs
[2025-03-11T03:30:01.725+0000] {logging_mixin.py:188} INFO - [2025-03-11T03:30:01.724+0000] {dag.py:3954} INFO - Setting next_dagrun for example_bash_operator to 2025-03-10 00:00:00+00:00, run_after=2025-03-11 00:00:00+00:00
[2025-03-11T03:30:01.746+0000] {processor.py:183} INFO - Processing /home/airflow/.local/lib/python3.12/site-packages/airflow/example_dags/example_bash_operator.py took 0.099 seconds
[2025-03-11T03:30:34.227+0000] {processor.py:161} INFO - Started process (PID=71932) to work on /home/airflow/.local/lib/python3.12/site-packages/airflow/example_dags/example_bash_operator.py
[2025-03-11T03:30:34.230+0000] {processor.py:830} INFO - Processing file /home/airflow/.local/lib/python3.12/site-packages/airflow/example_dags/example_bash_operator.py for tasks to queue
[2025-03-11T03:30:34.233+0000] {logging_mixin.py:188} INFO - [2025-03-11T03:30:34.233+0000] {dagbag.py:545} INFO - Filling up the DagBag from /home/airflow/.local/lib/python3.12/site-packages/airflow/example_dags/example_bash_operator.py
[2025-03-11T03:30:34.252+0000] {processor.py:840} INFO - DAG(s) 'example_bash_operator' retrieved from /home/airflow/.local/lib/python3.12/site-packages/airflow/example_dags/example_bash_operator.py
[2025-03-11T03:30:34.302+0000] {logging_mixin.py:188} INFO - [2025-03-11T03:30:34.302+0000] {dag.py:3096} INFO - Sync 1 DAGs
[2025-03-11T03:30:34.336+0000] {logging_mixin.py:188} INFO - [2025-03-11T03:30:34.336+0000] {dag.py:3954} INFO - Setting next_dagrun for example_bash_operator to 2025-03-10 00:00:00+00:00, run_after=2025-03-11 00:00:00+00:00
[2025-03-11T03:30:34.364+0000] {processor.py:183} INFO - Processing /home/airflow/.local/lib/python3.12/site-packages/airflow/example_dags/example_bash_operator.py took 0.149 seconds
[2025-03-11T03:31:05.428+0000] {processor.py:161} INFO - Started process (PID=72194) to work on /home/airflow/.local/lib/python3.12/site-packages/airflow/example_dags/example_bash_operator.py
[2025-03-11T03:31:05.429+0000] {processor.py:830} INFO - Processing file /home/airflow/.local/lib/python3.12/site-packages/airflow/example_dags/example_bash_operator.py for tasks to queue
[2025-03-11T03:31:05.431+0000] {logging_mixin.py:188} INFO - [2025-03-11T03:31:05.431+0000] {dagbag.py:545} INFO - Filling up the DagBag from /home/airflow/.local/lib/python3.12/site-packages/airflow/example_dags/example_bash_operator.py
[2025-03-11T03:31:05.443+0000] {processor.py:840} INFO - DAG(s) 'example_bash_operator' retrieved from /home/airflow/.local/lib/python3.12/site-packages/airflow/example_dags/example_bash_operator.py
[2025-03-11T03:31:05.474+0000] {logging_mixin.py:188} INFO - [2025-03-11T03:31:05.474+0000] {dag.py:3096} INFO - Sync 1 DAGs
[2025-03-11T03:31:05.497+0000] {logging_mixin.py:188} INFO - [2025-03-11T03:31:05.497+0000] {dag.py:3954} INFO - Setting next_dagrun for example_bash_operator to 2025-03-10 00:00:00+00:00, run_after=2025-03-11 00:00:00+00:00
[2025-03-11T03:31:05.516+0000] {processor.py:183} INFO - Processing /home/airflow/.local/lib/python3.12/site-packages/airflow/example_dags/example_bash_operator.py took 0.094 seconds
[2025-03-11T03:31:37.862+0000] {processor.py:161} INFO - Started process (PID=72456) to work on /home/airflow/.local/lib/python3.12/site-packages/airflow/example_dags/example_bash_operator.py
[2025-03-11T03:31:37.863+0000] {processor.py:830} INFO - Processing file /home/airflow/.local/lib/python3.12/site-packages/airflow/example_dags/example_bash_operator.py for tasks to queue
[2025-03-11T03:31:37.865+0000] {logging_mixin.py:188} INFO - [2025-03-11T03:31:37.865+0000] {dagbag.py:545} INFO - Filling up the DagBag from /home/airflow/.local/lib/python3.12/site-packages/airflow/example_dags/example_bash_operator.py
[2025-03-11T03:31:37.884+0000] {processor.py:840} INFO - DAG(s) 'example_bash_operator' retrieved from /home/airflow/.local/lib/python3.12/site-packages/airflow/example_dags/example_bash_operator.py
[2025-03-11T03:31:37.919+0000] {logging_mixin.py:188} INFO - [2025-03-11T03:31:37.919+0000] {dag.py:3096} INFO - Sync 1 DAGs
[2025-03-11T03:31:37.946+0000] {logging_mixin.py:188} INFO - [2025-03-11T03:31:37.946+0000] {dag.py:3954} INFO - Setting next_dagrun for example_bash_operator to 2025-03-10 00:00:00+00:00, run_after=2025-03-11 00:00:00+00:00
[2025-03-11T03:31:37.967+0000] {processor.py:183} INFO - Processing /home/airflow/.local/lib/python3.12/site-packages/airflow/example_dags/example_bash_operator.py took 0.113 seconds
[2025-03-11T03:32:09.541+0000] {processor.py:161} INFO - Started process (PID=72718) to work on /home/airflow/.local/lib/python3.12/site-packages/airflow/example_dags/example_bash_operator.py
[2025-03-11T03:32:09.542+0000] {processor.py:830} INFO - Processing file /home/airflow/.local/lib/python3.12/site-packages/airflow/example_dags/example_bash_operator.py for tasks to queue
[2025-03-11T03:32:09.544+0000] {logging_mixin.py:188} INFO - [2025-03-11T03:32:09.544+0000] {dagbag.py:545} INFO - Filling up the DagBag from /home/airflow/.local/lib/python3.12/site-packages/airflow/example_dags/example_bash_operator.py
[2025-03-11T03:32:09.556+0000] {processor.py:840} INFO - DAG(s) 'example_bash_operator' retrieved from /home/airflow/.local/lib/python3.12/site-packages/airflow/example_dags/example_bash_operator.py
[2025-03-11T03:32:09.589+0000] {logging_mixin.py:188} INFO - [2025-03-11T03:32:09.589+0000] {dag.py:3096} INFO - Sync 1 DAGs
[2025-03-11T03:32:09.613+0000] {logging_mixin.py:188} INFO - [2025-03-11T03:32:09.613+0000] {dag.py:3954} INFO - Setting next_dagrun for example_bash_operator to 2025-03-10 00:00:00+00:00, run_after=2025-03-11 00:00:00+00:00
[2025-03-11T03:32:09.636+0000] {processor.py:183} INFO - Processing /home/airflow/.local/lib/python3.12/site-packages/airflow/example_dags/example_bash_operator.py took 0.101 seconds
[2025-03-11T03:32:41.645+0000] {processor.py:161} INFO - Started process (PID=72980) to work on /home/airflow/.local/lib/python3.12/site-packages/airflow/example_dags/example_bash_operator.py
[2025-03-11T03:32:41.646+0000] {processor.py:830} INFO - Processing file /home/airflow/.local/lib/python3.12/site-packages/airflow/example_dags/example_bash_operator.py for tasks to queue
[2025-03-11T03:32:41.648+0000] {logging_mixin.py:188} INFO - [2025-03-11T03:32:41.648+0000] {dagbag.py:545} INFO - Filling up the DagBag from /home/airflow/.local/lib/python3.12/site-packages/airflow/example_dags/example_bash_operator.py
[2025-03-11T03:32:41.660+0000] {processor.py:840} INFO - DAG(s) 'example_bash_operator' retrieved from /home/airflow/.local/lib/python3.12/site-packages/airflow/example_dags/example_bash_operator.py
[2025-03-11T03:32:41.691+0000] {logging_mixin.py:188} INFO - [2025-03-11T03:32:41.691+0000] {dag.py:3096} INFO - Sync 1 DAGs
[2025-03-11T03:32:41.717+0000] {logging_mixin.py:188} INFO - [2025-03-11T03:32:41.717+0000] {dag.py:3954} INFO - Setting next_dagrun for example_bash_operator to 2025-03-10 00:00:00+00:00, run_after=2025-03-11 00:00:00+00:00
[2025-03-11T03:32:41.743+0000] {processor.py:183} INFO - Processing /home/airflow/.local/lib/python3.12/site-packages/airflow/example_dags/example_bash_operator.py took 0.104 seconds
