[2025-03-11T03:05:15.854+0000] {processor.py:161} INFO - Started process (PID=59473) to work on /home/airflow/.local/lib/python3.12/site-packages/airflow/example_dags/example_time_delta_sensor_async.py
[2025-03-11T03:05:15.856+0000] {processor.py:830} INFO - Processing file /home/airflow/.local/lib/python3.12/site-packages/airflow/example_dags/example_time_delta_sensor_async.py for tasks to queue
[2025-03-11T03:05:15.861+0000] {logging_mixin.py:188} INFO - [2025-03-11T03:05:15.861+0000] {dagbag.py:545} INFO - Filling up the DagBag from /home/airflow/.local/lib/python3.12/site-packages/airflow/example_dags/example_time_delta_sensor_async.py
[2025-03-11T03:05:15.869+0000] {processor.py:840} INFO - DAG(s) 'example_time_delta_sensor_async' retrieved from /home/airflow/.local/lib/python3.12/site-packages/airflow/example_dags/example_time_delta_sensor_async.py
[2025-03-11T03:05:17.869+0000] {logging_mixin.py:188} INFO - [2025-03-11T03:05:17.868+0000] {dag.py:3096} INFO - Sync 1 DAGs
[2025-03-11T03:05:17.892+0000] {logging_mixin.py:188} INFO - [2025-03-11T03:05:17.891+0000] {dag.py:3954} INFO - Setting next_dagrun for example_time_delta_sensor_async to None, run_after=None
[2025-03-11T03:05:17.924+0000] {processor.py:183} INFO - Processing /home/airflow/.local/lib/python3.12/site-packages/airflow/example_dags/example_time_delta_sensor_async.py took 0.104 seconds
[2025-03-11T03:05:48.349+0000] {processor.py:161} INFO - Started process (PID=59735) to work on /home/airflow/.local/lib/python3.12/site-packages/airflow/example_dags/example_time_delta_sensor_async.py
[2025-03-11T03:05:48.350+0000] {processor.py:830} INFO - Processing file /home/airflow/.local/lib/python3.12/site-packages/airflow/example_dags/example_time_delta_sensor_async.py for tasks to queue
[2025-03-11T03:05:48.352+0000] {logging_mixin.py:188} INFO - [2025-03-11T03:05:48.352+0000] {dagbag.py:545} INFO - Filling up the DagBag from /home/airflow/.local/lib/python3.12/site-packages/airflow/example_dags/example_time_delta_sensor_async.py
[2025-03-11T03:05:48.357+0000] {processor.py:840} INFO - DAG(s) 'example_time_delta_sensor_async' retrieved from /home/airflow/.local/lib/python3.12/site-packages/airflow/example_dags/example_time_delta_sensor_async.py
[2025-03-11T03:05:48.384+0000] {logging_mixin.py:188} INFO - [2025-03-11T03:05:48.383+0000] {dag.py:3096} INFO - Sync 1 DAGs
[2025-03-11T03:05:48.401+0000] {logging_mixin.py:188} INFO - [2025-03-11T03:05:48.401+0000] {dag.py:3954} INFO - Setting next_dagrun for example_time_delta_sensor_async to None, run_after=None
[2025-03-11T03:05:48.425+0000] {processor.py:183} INFO - Processing /home/airflow/.local/lib/python3.12/site-packages/airflow/example_dags/example_time_delta_sensor_async.py took 0.082 seconds
[2025-03-11T03:06:18.550+0000] {processor.py:161} INFO - Started process (PID=59997) to work on /home/airflow/.local/lib/python3.12/site-packages/airflow/example_dags/example_time_delta_sensor_async.py
[2025-03-11T03:06:18.551+0000] {processor.py:830} INFO - Processing file /home/airflow/.local/lib/python3.12/site-packages/airflow/example_dags/example_time_delta_sensor_async.py for tasks to queue
[2025-03-11T03:06:18.553+0000] {logging_mixin.py:188} INFO - [2025-03-11T03:06:18.552+0000] {dagbag.py:545} INFO - Filling up the DagBag from /home/airflow/.local/lib/python3.12/site-packages/airflow/example_dags/example_time_delta_sensor_async.py
[2025-03-11T03:06:18.557+0000] {processor.py:840} INFO - DAG(s) 'example_time_delta_sensor_async' retrieved from /home/airflow/.local/lib/python3.12/site-packages/airflow/example_dags/example_time_delta_sensor_async.py
[2025-03-11T03:06:18.576+0000] {logging_mixin.py:188} INFO - [2025-03-11T03:06:18.576+0000] {dag.py:3096} INFO - Sync 1 DAGs
[2025-03-11T03:06:18.587+0000] {logging_mixin.py:188} INFO - [2025-03-11T03:06:18.586+0000] {dag.py:3954} INFO - Setting next_dagrun for example_time_delta_sensor_async to None, run_after=None
[2025-03-11T03:06:18.604+0000] {processor.py:183} INFO - Processing /home/airflow/.local/lib/python3.12/site-packages/airflow/example_dags/example_time_delta_sensor_async.py took 0.059 seconds
[2025-03-11T03:06:49.115+0000] {processor.py:161} INFO - Started process (PID=60259) to work on /home/airflow/.local/lib/python3.12/site-packages/airflow/example_dags/example_time_delta_sensor_async.py
[2025-03-11T03:06:49.117+0000] {processor.py:830} INFO - Processing file /home/airflow/.local/lib/python3.12/site-packages/airflow/example_dags/example_time_delta_sensor_async.py for tasks to queue
[2025-03-11T03:06:49.120+0000] {logging_mixin.py:188} INFO - [2025-03-11T03:06:49.119+0000] {dagbag.py:545} INFO - Filling up the DagBag from /home/airflow/.local/lib/python3.12/site-packages/airflow/example_dags/example_time_delta_sensor_async.py
[2025-03-11T03:06:49.128+0000] {processor.py:840} INFO - DAG(s) 'example_time_delta_sensor_async' retrieved from /home/airflow/.local/lib/python3.12/site-packages/airflow/example_dags/example_time_delta_sensor_async.py
[2025-03-11T03:06:49.155+0000] {logging_mixin.py:188} INFO - [2025-03-11T03:06:49.155+0000] {dag.py:3096} INFO - Sync 1 DAGs
[2025-03-11T03:06:49.172+0000] {logging_mixin.py:188} INFO - [2025-03-11T03:06:49.172+0000] {dag.py:3954} INFO - Setting next_dagrun for example_time_delta_sensor_async to None, run_after=None
[2025-03-11T03:06:49.199+0000] {processor.py:183} INFO - Processing /home/airflow/.local/lib/python3.12/site-packages/airflow/example_dags/example_time_delta_sensor_async.py took 0.091 seconds
[2025-03-11T03:07:19.841+0000] {processor.py:161} INFO - Started process (PID=60521) to work on /home/airflow/.local/lib/python3.12/site-packages/airflow/example_dags/example_time_delta_sensor_async.py
[2025-03-11T03:07:19.844+0000] {processor.py:830} INFO - Processing file /home/airflow/.local/lib/python3.12/site-packages/airflow/example_dags/example_time_delta_sensor_async.py for tasks to queue
[2025-03-11T03:07:19.848+0000] {logging_mixin.py:188} INFO - [2025-03-11T03:07:19.847+0000] {dagbag.py:545} INFO - Filling up the DagBag from /home/airflow/.local/lib/python3.12/site-packages/airflow/example_dags/example_time_delta_sensor_async.py
[2025-03-11T03:07:19.858+0000] {processor.py:840} INFO - DAG(s) 'example_time_delta_sensor_async' retrieved from /home/airflow/.local/lib/python3.12/site-packages/airflow/example_dags/example_time_delta_sensor_async.py
[2025-03-11T03:07:19.890+0000] {logging_mixin.py:188} INFO - [2025-03-11T03:07:19.890+0000] {dag.py:3096} INFO - Sync 1 DAGs
[2025-03-11T03:07:19.904+0000] {logging_mixin.py:188} INFO - [2025-03-11T03:07:19.903+0000] {dag.py:3954} INFO - Setting next_dagrun for example_time_delta_sensor_async to None, run_after=None
[2025-03-11T03:07:19.928+0000] {processor.py:183} INFO - Processing /home/airflow/.local/lib/python3.12/site-packages/airflow/example_dags/example_time_delta_sensor_async.py took 0.107 seconds
[2025-03-11T03:07:50.098+0000] {processor.py:161} INFO - Started process (PID=60783) to work on /home/airflow/.local/lib/python3.12/site-packages/airflow/example_dags/example_time_delta_sensor_async.py
[2025-03-11T03:07:50.099+0000] {processor.py:830} INFO - Processing file /home/airflow/.local/lib/python3.12/site-packages/airflow/example_dags/example_time_delta_sensor_async.py for tasks to queue
[2025-03-11T03:07:50.102+0000] {logging_mixin.py:188} INFO - [2025-03-11T03:07:50.102+0000] {dagbag.py:545} INFO - Filling up the DagBag from /home/airflow/.local/lib/python3.12/site-packages/airflow/example_dags/example_time_delta_sensor_async.py
[2025-03-11T03:07:50.108+0000] {processor.py:840} INFO - DAG(s) 'example_time_delta_sensor_async' retrieved from /home/airflow/.local/lib/python3.12/site-packages/airflow/example_dags/example_time_delta_sensor_async.py
[2025-03-11T03:07:50.131+0000] {logging_mixin.py:188} INFO - [2025-03-11T03:07:50.131+0000] {dag.py:3096} INFO - Sync 1 DAGs
[2025-03-11T03:07:50.144+0000] {logging_mixin.py:188} INFO - [2025-03-11T03:07:50.144+0000] {dag.py:3954} INFO - Setting next_dagrun for example_time_delta_sensor_async to None, run_after=None
[2025-03-11T03:07:50.169+0000] {processor.py:183} INFO - Processing /home/airflow/.local/lib/python3.12/site-packages/airflow/example_dags/example_time_delta_sensor_async.py took 0.079 seconds
[2025-03-11T03:08:20.690+0000] {processor.py:161} INFO - Started process (PID=61039) to work on /home/airflow/.local/lib/python3.12/site-packages/airflow/example_dags/example_time_delta_sensor_async.py
[2025-03-11T03:08:20.693+0000] {processor.py:830} INFO - Processing file /home/airflow/.local/lib/python3.12/site-packages/airflow/example_dags/example_time_delta_sensor_async.py for tasks to queue
[2025-03-11T03:08:20.701+0000] {logging_mixin.py:188} INFO - [2025-03-11T03:08:20.700+0000] {dagbag.py:545} INFO - Filling up the DagBag from /home/airflow/.local/lib/python3.12/site-packages/airflow/example_dags/example_time_delta_sensor_async.py
[2025-03-11T03:08:20.709+0000] {processor.py:840} INFO - DAG(s) 'example_time_delta_sensor_async' retrieved from /home/airflow/.local/lib/python3.12/site-packages/airflow/example_dags/example_time_delta_sensor_async.py
[2025-03-11T03:08:20.737+0000] {logging_mixin.py:188} INFO - [2025-03-11T03:08:20.736+0000] {dag.py:3096} INFO - Sync 1 DAGs
[2025-03-11T03:08:20.751+0000] {logging_mixin.py:188} INFO - [2025-03-11T03:08:20.751+0000] {dag.py:3954} INFO - Setting next_dagrun for example_time_delta_sensor_async to None, run_after=None
[2025-03-11T03:08:20.774+0000] {processor.py:183} INFO - Processing /home/airflow/.local/lib/python3.12/site-packages/airflow/example_dags/example_time_delta_sensor_async.py took 0.108 seconds
[2025-03-11T03:08:51.205+0000] {processor.py:161} INFO - Started process (PID=61301) to work on /home/airflow/.local/lib/python3.12/site-packages/airflow/example_dags/example_time_delta_sensor_async.py
[2025-03-11T03:08:51.206+0000] {processor.py:830} INFO - Processing file /home/airflow/.local/lib/python3.12/site-packages/airflow/example_dags/example_time_delta_sensor_async.py for tasks to queue
[2025-03-11T03:08:51.210+0000] {logging_mixin.py:188} INFO - [2025-03-11T03:08:51.209+0000] {dagbag.py:545} INFO - Filling up the DagBag from /home/airflow/.local/lib/python3.12/site-packages/airflow/example_dags/example_time_delta_sensor_async.py
[2025-03-11T03:08:51.215+0000] {processor.py:840} INFO - DAG(s) 'example_time_delta_sensor_async' retrieved from /home/airflow/.local/lib/python3.12/site-packages/airflow/example_dags/example_time_delta_sensor_async.py
[2025-03-11T03:08:51.240+0000] {logging_mixin.py:188} INFO - [2025-03-11T03:08:51.239+0000] {dag.py:3096} INFO - Sync 1 DAGs
[2025-03-11T03:08:51.257+0000] {logging_mixin.py:188} INFO - [2025-03-11T03:08:51.257+0000] {dag.py:3954} INFO - Setting next_dagrun for example_time_delta_sensor_async to None, run_after=None
[2025-03-11T03:08:51.287+0000] {processor.py:183} INFO - Processing /home/airflow/.local/lib/python3.12/site-packages/airflow/example_dags/example_time_delta_sensor_async.py took 0.100 seconds
[2025-03-11T03:09:22.156+0000] {processor.py:161} INFO - Started process (PID=61563) to work on /home/airflow/.local/lib/python3.12/site-packages/airflow/example_dags/example_time_delta_sensor_async.py
[2025-03-11T03:09:22.157+0000] {processor.py:830} INFO - Processing file /home/airflow/.local/lib/python3.12/site-packages/airflow/example_dags/example_time_delta_sensor_async.py for tasks to queue
[2025-03-11T03:09:22.158+0000] {logging_mixin.py:188} INFO - [2025-03-11T03:09:22.158+0000] {dagbag.py:545} INFO - Filling up the DagBag from /home/airflow/.local/lib/python3.12/site-packages/airflow/example_dags/example_time_delta_sensor_async.py
[2025-03-11T03:09:22.163+0000] {processor.py:840} INFO - DAG(s) 'example_time_delta_sensor_async' retrieved from /home/airflow/.local/lib/python3.12/site-packages/airflow/example_dags/example_time_delta_sensor_async.py
[2025-03-11T03:09:22.184+0000] {logging_mixin.py:188} INFO - [2025-03-11T03:09:22.184+0000] {dag.py:3096} INFO - Sync 1 DAGs
[2025-03-11T03:09:22.197+0000] {logging_mixin.py:188} INFO - [2025-03-11T03:09:22.196+0000] {dag.py:3954} INFO - Setting next_dagrun for example_time_delta_sensor_async to None, run_after=None
[2025-03-11T03:09:22.216+0000] {processor.py:183} INFO - Processing /home/airflow/.local/lib/python3.12/site-packages/airflow/example_dags/example_time_delta_sensor_async.py took 0.068 seconds
[2025-03-11T03:09:52.898+0000] {processor.py:161} INFO - Started process (PID=61826) to work on /home/airflow/.local/lib/python3.12/site-packages/airflow/example_dags/example_time_delta_sensor_async.py
[2025-03-11T03:09:52.899+0000] {processor.py:830} INFO - Processing file /home/airflow/.local/lib/python3.12/site-packages/airflow/example_dags/example_time_delta_sensor_async.py for tasks to queue
[2025-03-11T03:09:52.903+0000] {logging_mixin.py:188} INFO - [2025-03-11T03:09:52.901+0000] {dagbag.py:545} INFO - Filling up the DagBag from /home/airflow/.local/lib/python3.12/site-packages/airflow/example_dags/example_time_delta_sensor_async.py
[2025-03-11T03:09:52.913+0000] {processor.py:840} INFO - DAG(s) 'example_time_delta_sensor_async' retrieved from /home/airflow/.local/lib/python3.12/site-packages/airflow/example_dags/example_time_delta_sensor_async.py
[2025-03-11T03:09:52.938+0000] {logging_mixin.py:188} INFO - [2025-03-11T03:09:52.937+0000] {dag.py:3096} INFO - Sync 1 DAGs
[2025-03-11T03:09:52.953+0000] {logging_mixin.py:188} INFO - [2025-03-11T03:09:52.953+0000] {dag.py:3954} INFO - Setting next_dagrun for example_time_delta_sensor_async to None, run_after=None
[2025-03-11T03:09:52.974+0000] {processor.py:183} INFO - Processing /home/airflow/.local/lib/python3.12/site-packages/airflow/example_dags/example_time_delta_sensor_async.py took 0.083 seconds
[2025-03-11T03:10:23.889+0000] {processor.py:161} INFO - Started process (PID=62088) to work on /home/airflow/.local/lib/python3.12/site-packages/airflow/example_dags/example_time_delta_sensor_async.py
[2025-03-11T03:10:23.891+0000] {processor.py:830} INFO - Processing file /home/airflow/.local/lib/python3.12/site-packages/airflow/example_dags/example_time_delta_sensor_async.py for tasks to queue
[2025-03-11T03:10:23.895+0000] {logging_mixin.py:188} INFO - [2025-03-11T03:10:23.895+0000] {dagbag.py:545} INFO - Filling up the DagBag from /home/airflow/.local/lib/python3.12/site-packages/airflow/example_dags/example_time_delta_sensor_async.py
[2025-03-11T03:10:23.902+0000] {processor.py:840} INFO - DAG(s) 'example_time_delta_sensor_async' retrieved from /home/airflow/.local/lib/python3.12/site-packages/airflow/example_dags/example_time_delta_sensor_async.py
[2025-03-11T03:10:23.925+0000] {logging_mixin.py:188} INFO - [2025-03-11T03:10:23.924+0000] {dag.py:3096} INFO - Sync 1 DAGs
[2025-03-11T03:10:23.937+0000] {logging_mixin.py:188} INFO - [2025-03-11T03:10:23.936+0000] {dag.py:3954} INFO - Setting next_dagrun for example_time_delta_sensor_async to None, run_after=None
[2025-03-11T03:10:23.954+0000] {processor.py:183} INFO - Processing /home/airflow/.local/lib/python3.12/site-packages/airflow/example_dags/example_time_delta_sensor_async.py took 0.075 seconds
[2025-03-11T03:10:54.760+0000] {processor.py:161} INFO - Started process (PID=62350) to work on /home/airflow/.local/lib/python3.12/site-packages/airflow/example_dags/example_time_delta_sensor_async.py
[2025-03-11T03:10:54.762+0000] {processor.py:830} INFO - Processing file /home/airflow/.local/lib/python3.12/site-packages/airflow/example_dags/example_time_delta_sensor_async.py for tasks to queue
[2025-03-11T03:10:54.766+0000] {logging_mixin.py:188} INFO - [2025-03-11T03:10:54.766+0000] {dagbag.py:545} INFO - Filling up the DagBag from /home/airflow/.local/lib/python3.12/site-packages/airflow/example_dags/example_time_delta_sensor_async.py
[2025-03-11T03:10:54.773+0000] {processor.py:840} INFO - DAG(s) 'example_time_delta_sensor_async' retrieved from /home/airflow/.local/lib/python3.12/site-packages/airflow/example_dags/example_time_delta_sensor_async.py
[2025-03-11T03:10:54.794+0000] {logging_mixin.py:188} INFO - [2025-03-11T03:10:54.794+0000] {dag.py:3096} INFO - Sync 1 DAGs
[2025-03-11T03:10:54.806+0000] {logging_mixin.py:188} INFO - [2025-03-11T03:10:54.806+0000] {dag.py:3954} INFO - Setting next_dagrun for example_time_delta_sensor_async to None, run_after=None
[2025-03-11T03:10:54.828+0000] {processor.py:183} INFO - Processing /home/airflow/.local/lib/python3.12/site-packages/airflow/example_dags/example_time_delta_sensor_async.py took 0.079 seconds
[2025-03-11T03:11:25.738+0000] {processor.py:161} INFO - Started process (PID=62612) to work on /home/airflow/.local/lib/python3.12/site-packages/airflow/example_dags/example_time_delta_sensor_async.py
[2025-03-11T03:11:25.740+0000] {processor.py:830} INFO - Processing file /home/airflow/.local/lib/python3.12/site-packages/airflow/example_dags/example_time_delta_sensor_async.py for tasks to queue
[2025-03-11T03:11:25.744+0000] {logging_mixin.py:188} INFO - [2025-03-11T03:11:25.743+0000] {dagbag.py:545} INFO - Filling up the DagBag from /home/airflow/.local/lib/python3.12/site-packages/airflow/example_dags/example_time_delta_sensor_async.py
[2025-03-11T03:11:25.753+0000] {processor.py:840} INFO - DAG(s) 'example_time_delta_sensor_async' retrieved from /home/airflow/.local/lib/python3.12/site-packages/airflow/example_dags/example_time_delta_sensor_async.py
[2025-03-11T03:11:25.774+0000] {logging_mixin.py:188} INFO - [2025-03-11T03:11:25.774+0000] {dag.py:3096} INFO - Sync 1 DAGs
[2025-03-11T03:11:25.787+0000] {logging_mixin.py:188} INFO - [2025-03-11T03:11:25.787+0000] {dag.py:3954} INFO - Setting next_dagrun for example_time_delta_sensor_async to None, run_after=None
[2025-03-11T03:11:25.806+0000] {processor.py:183} INFO - Processing /home/airflow/.local/lib/python3.12/site-packages/airflow/example_dags/example_time_delta_sensor_async.py took 0.080 seconds
[2025-03-11T03:11:56.385+0000] {processor.py:161} INFO - Started process (PID=62874) to work on /home/airflow/.local/lib/python3.12/site-packages/airflow/example_dags/example_time_delta_sensor_async.py
[2025-03-11T03:11:56.387+0000] {processor.py:830} INFO - Processing file /home/airflow/.local/lib/python3.12/site-packages/airflow/example_dags/example_time_delta_sensor_async.py for tasks to queue
[2025-03-11T03:11:56.390+0000] {logging_mixin.py:188} INFO - [2025-03-11T03:11:56.390+0000] {dagbag.py:545} INFO - Filling up the DagBag from /home/airflow/.local/lib/python3.12/site-packages/airflow/example_dags/example_time_delta_sensor_async.py
[2025-03-11T03:11:56.396+0000] {processor.py:840} INFO - DAG(s) 'example_time_delta_sensor_async' retrieved from /home/airflow/.local/lib/python3.12/site-packages/airflow/example_dags/example_time_delta_sensor_async.py
[2025-03-11T03:11:56.422+0000] {logging_mixin.py:188} INFO - [2025-03-11T03:11:56.421+0000] {dag.py:3096} INFO - Sync 1 DAGs
[2025-03-11T03:11:56.438+0000] {logging_mixin.py:188} INFO - [2025-03-11T03:11:56.437+0000] {dag.py:3954} INFO - Setting next_dagrun for example_time_delta_sensor_async to None, run_after=None
[2025-03-11T03:11:56.462+0000] {processor.py:183} INFO - Processing /home/airflow/.local/lib/python3.12/site-packages/airflow/example_dags/example_time_delta_sensor_async.py took 0.085 seconds
[2025-03-11T03:12:26.959+0000] {processor.py:161} INFO - Started process (PID=63136) to work on /home/airflow/.local/lib/python3.12/site-packages/airflow/example_dags/example_time_delta_sensor_async.py
[2025-03-11T03:12:26.961+0000] {processor.py:830} INFO - Processing file /home/airflow/.local/lib/python3.12/site-packages/airflow/example_dags/example_time_delta_sensor_async.py for tasks to queue
[2025-03-11T03:12:26.965+0000] {logging_mixin.py:188} INFO - [2025-03-11T03:12:26.964+0000] {dagbag.py:545} INFO - Filling up the DagBag from /home/airflow/.local/lib/python3.12/site-packages/airflow/example_dags/example_time_delta_sensor_async.py
[2025-03-11T03:12:26.973+0000] {processor.py:840} INFO - DAG(s) 'example_time_delta_sensor_async' retrieved from /home/airflow/.local/lib/python3.12/site-packages/airflow/example_dags/example_time_delta_sensor_async.py
[2025-03-11T03:12:27.001+0000] {logging_mixin.py:188} INFO - [2025-03-11T03:12:27.001+0000] {dag.py:3096} INFO - Sync 1 DAGs
[2025-03-11T03:12:27.015+0000] {logging_mixin.py:188} INFO - [2025-03-11T03:12:27.015+0000] {dag.py:3954} INFO - Setting next_dagrun for example_time_delta_sensor_async to None, run_after=None
[2025-03-11T03:12:27.040+0000] {processor.py:183} INFO - Processing /home/airflow/.local/lib/python3.12/site-packages/airflow/example_dags/example_time_delta_sensor_async.py took 0.092 seconds
[2025-03-11T03:12:57.377+0000] {processor.py:161} INFO - Started process (PID=63397) to work on /home/airflow/.local/lib/python3.12/site-packages/airflow/example_dags/example_time_delta_sensor_async.py
[2025-03-11T03:12:57.379+0000] {processor.py:830} INFO - Processing file /home/airflow/.local/lib/python3.12/site-packages/airflow/example_dags/example_time_delta_sensor_async.py for tasks to queue
[2025-03-11T03:12:57.381+0000] {logging_mixin.py:188} INFO - [2025-03-11T03:12:57.381+0000] {dagbag.py:545} INFO - Filling up the DagBag from /home/airflow/.local/lib/python3.12/site-packages/airflow/example_dags/example_time_delta_sensor_async.py
[2025-03-11T03:12:57.390+0000] {processor.py:840} INFO - DAG(s) 'example_time_delta_sensor_async' retrieved from /home/airflow/.local/lib/python3.12/site-packages/airflow/example_dags/example_time_delta_sensor_async.py
[2025-03-11T03:12:57.412+0000] {logging_mixin.py:188} INFO - [2025-03-11T03:12:57.412+0000] {dag.py:3096} INFO - Sync 1 DAGs
[2025-03-11T03:12:57.425+0000] {logging_mixin.py:188} INFO - [2025-03-11T03:12:57.424+0000] {dag.py:3954} INFO - Setting next_dagrun for example_time_delta_sensor_async to None, run_after=None
[2025-03-11T03:12:57.445+0000] {processor.py:183} INFO - Processing /home/airflow/.local/lib/python3.12/site-packages/airflow/example_dags/example_time_delta_sensor_async.py took 0.078 seconds
[2025-03-11T03:13:27.696+0000] {processor.py:161} INFO - Started process (PID=63659) to work on /home/airflow/.local/lib/python3.12/site-packages/airflow/example_dags/example_time_delta_sensor_async.py
[2025-03-11T03:13:27.698+0000] {processor.py:830} INFO - Processing file /home/airflow/.local/lib/python3.12/site-packages/airflow/example_dags/example_time_delta_sensor_async.py for tasks to queue
[2025-03-11T03:13:27.701+0000] {logging_mixin.py:188} INFO - [2025-03-11T03:13:27.701+0000] {dagbag.py:545} INFO - Filling up the DagBag from /home/airflow/.local/lib/python3.12/site-packages/airflow/example_dags/example_time_delta_sensor_async.py
[2025-03-11T03:13:27.706+0000] {processor.py:840} INFO - DAG(s) 'example_time_delta_sensor_async' retrieved from /home/airflow/.local/lib/python3.12/site-packages/airflow/example_dags/example_time_delta_sensor_async.py
[2025-03-11T03:13:27.728+0000] {logging_mixin.py:188} INFO - [2025-03-11T03:13:27.728+0000] {dag.py:3096} INFO - Sync 1 DAGs
[2025-03-11T03:13:27.743+0000] {logging_mixin.py:188} INFO - [2025-03-11T03:13:27.742+0000] {dag.py:3954} INFO - Setting next_dagrun for example_time_delta_sensor_async to None, run_after=None
[2025-03-11T03:13:27.768+0000] {processor.py:183} INFO - Processing /home/airflow/.local/lib/python3.12/site-packages/airflow/example_dags/example_time_delta_sensor_async.py took 0.099 seconds
[2025-03-11T03:13:59.970+0000] {processor.py:161} INFO - Started process (PID=63931) to work on /home/airflow/.local/lib/python3.12/site-packages/airflow/example_dags/example_time_delta_sensor_async.py
[2025-03-11T03:13:59.973+0000] {processor.py:830} INFO - Processing file /home/airflow/.local/lib/python3.12/site-packages/airflow/example_dags/example_time_delta_sensor_async.py for tasks to queue
[2025-03-11T03:13:59.978+0000] {logging_mixin.py:188} INFO - [2025-03-11T03:13:59.977+0000] {dagbag.py:545} INFO - Filling up the DagBag from /home/airflow/.local/lib/python3.12/site-packages/airflow/example_dags/example_time_delta_sensor_async.py
[2025-03-11T03:13:59.989+0000] {processor.py:840} INFO - DAG(s) 'example_time_delta_sensor_async' retrieved from /home/airflow/.local/lib/python3.12/site-packages/airflow/example_dags/example_time_delta_sensor_async.py
[2025-03-11T03:14:00.018+0000] {logging_mixin.py:188} INFO - [2025-03-11T03:14:00.018+0000] {dag.py:3096} INFO - Sync 1 DAGs
[2025-03-11T03:14:00.031+0000] {logging_mixin.py:188} INFO - [2025-03-11T03:14:00.031+0000] {dag.py:3954} INFO - Setting next_dagrun for example_time_delta_sensor_async to None, run_after=None
[2025-03-11T03:14:00.050+0000] {processor.py:183} INFO - Processing /home/airflow/.local/lib/python3.12/site-packages/airflow/example_dags/example_time_delta_sensor_async.py took 0.094 seconds
[2025-03-11T03:14:31.305+0000] {processor.py:161} INFO - Started process (PID=64193) to work on /home/airflow/.local/lib/python3.12/site-packages/airflow/example_dags/example_time_delta_sensor_async.py
[2025-03-11T03:14:31.307+0000] {processor.py:830} INFO - Processing file /home/airflow/.local/lib/python3.12/site-packages/airflow/example_dags/example_time_delta_sensor_async.py for tasks to queue
[2025-03-11T03:14:31.311+0000] {logging_mixin.py:188} INFO - [2025-03-11T03:14:31.310+0000] {dagbag.py:545} INFO - Filling up the DagBag from /home/airflow/.local/lib/python3.12/site-packages/airflow/example_dags/example_time_delta_sensor_async.py
[2025-03-11T03:14:31.316+0000] {processor.py:840} INFO - DAG(s) 'example_time_delta_sensor_async' retrieved from /home/airflow/.local/lib/python3.12/site-packages/airflow/example_dags/example_time_delta_sensor_async.py
[2025-03-11T03:14:31.340+0000] {logging_mixin.py:188} INFO - [2025-03-11T03:14:31.340+0000] {dag.py:3096} INFO - Sync 1 DAGs
[2025-03-11T03:14:31.354+0000] {logging_mixin.py:188} INFO - [2025-03-11T03:14:31.354+0000] {dag.py:3954} INFO - Setting next_dagrun for example_time_delta_sensor_async to None, run_after=None
[2025-03-11T03:14:31.375+0000] {processor.py:183} INFO - Processing /home/airflow/.local/lib/python3.12/site-packages/airflow/example_dags/example_time_delta_sensor_async.py took 0.079 seconds
[2025-03-11T03:15:04.408+0000] {processor.py:161} INFO - Started process (PID=64455) to work on /home/airflow/.local/lib/python3.12/site-packages/airflow/example_dags/example_time_delta_sensor_async.py
[2025-03-11T03:15:04.409+0000] {processor.py:830} INFO - Processing file /home/airflow/.local/lib/python3.12/site-packages/airflow/example_dags/example_time_delta_sensor_async.py for tasks to queue
[2025-03-11T03:15:04.413+0000] {logging_mixin.py:188} INFO - [2025-03-11T03:15:04.413+0000] {dagbag.py:545} INFO - Filling up the DagBag from /home/airflow/.local/lib/python3.12/site-packages/airflow/example_dags/example_time_delta_sensor_async.py
[2025-03-11T03:15:04.420+0000] {processor.py:840} INFO - DAG(s) 'example_time_delta_sensor_async' retrieved from /home/airflow/.local/lib/python3.12/site-packages/airflow/example_dags/example_time_delta_sensor_async.py
[2025-03-11T03:15:04.456+0000] {logging_mixin.py:188} INFO - [2025-03-11T03:15:04.456+0000] {dag.py:3096} INFO - Sync 1 DAGs
[2025-03-11T03:15:04.477+0000] {logging_mixin.py:188} INFO - [2025-03-11T03:15:04.476+0000] {dag.py:3954} INFO - Setting next_dagrun for example_time_delta_sensor_async to None, run_after=None
[2025-03-11T03:15:04.517+0000] {processor.py:183} INFO - Processing /home/airflow/.local/lib/python3.12/site-packages/airflow/example_dags/example_time_delta_sensor_async.py took 0.115 seconds
[2025-03-11T03:15:37.048+0000] {processor.py:161} INFO - Started process (PID=64719) to work on /home/airflow/.local/lib/python3.12/site-packages/airflow/example_dags/example_time_delta_sensor_async.py
[2025-03-11T03:15:37.050+0000] {processor.py:830} INFO - Processing file /home/airflow/.local/lib/python3.12/site-packages/airflow/example_dags/example_time_delta_sensor_async.py for tasks to queue
[2025-03-11T03:15:37.056+0000] {logging_mixin.py:188} INFO - [2025-03-11T03:15:37.055+0000] {dagbag.py:545} INFO - Filling up the DagBag from /home/airflow/.local/lib/python3.12/site-packages/airflow/example_dags/example_time_delta_sensor_async.py
[2025-03-11T03:15:37.070+0000] {processor.py:840} INFO - DAG(s) 'example_time_delta_sensor_async' retrieved from /home/airflow/.local/lib/python3.12/site-packages/airflow/example_dags/example_time_delta_sensor_async.py
[2025-03-11T03:15:37.140+0000] {logging_mixin.py:188} INFO - [2025-03-11T03:15:37.139+0000] {dag.py:3096} INFO - Sync 1 DAGs
[2025-03-11T03:15:37.154+0000] {logging_mixin.py:188} INFO - [2025-03-11T03:15:37.154+0000] {dag.py:3954} INFO - Setting next_dagrun for example_time_delta_sensor_async to None, run_after=None
[2025-03-11T03:15:37.199+0000] {processor.py:183} INFO - Processing /home/airflow/.local/lib/python3.12/site-packages/airflow/example_dags/example_time_delta_sensor_async.py took 0.166 seconds
[2025-03-11T03:16:08.188+0000] {processor.py:161} INFO - Started process (PID=64980) to work on /home/airflow/.local/lib/python3.12/site-packages/airflow/example_dags/example_time_delta_sensor_async.py
[2025-03-11T03:16:08.190+0000] {processor.py:830} INFO - Processing file /home/airflow/.local/lib/python3.12/site-packages/airflow/example_dags/example_time_delta_sensor_async.py for tasks to queue
[2025-03-11T03:16:08.193+0000] {logging_mixin.py:188} INFO - [2025-03-11T03:16:08.192+0000] {dagbag.py:545} INFO - Filling up the DagBag from /home/airflow/.local/lib/python3.12/site-packages/airflow/example_dags/example_time_delta_sensor_async.py
[2025-03-11T03:16:08.199+0000] {processor.py:840} INFO - DAG(s) 'example_time_delta_sensor_async' retrieved from /home/airflow/.local/lib/python3.12/site-packages/airflow/example_dags/example_time_delta_sensor_async.py
[2025-03-11T03:16:08.224+0000] {logging_mixin.py:188} INFO - [2025-03-11T03:16:08.224+0000] {dag.py:3096} INFO - Sync 1 DAGs
[2025-03-11T03:16:08.241+0000] {logging_mixin.py:188} INFO - [2025-03-11T03:16:08.241+0000] {dag.py:3954} INFO - Setting next_dagrun for example_time_delta_sensor_async to None, run_after=None
[2025-03-11T03:16:08.267+0000] {processor.py:183} INFO - Processing /home/airflow/.local/lib/python3.12/site-packages/airflow/example_dags/example_time_delta_sensor_async.py took 0.087 seconds
[2025-03-11T03:16:42.290+0000] {processor.py:161} INFO - Started process (PID=65241) to work on /home/airflow/.local/lib/python3.12/site-packages/airflow/example_dags/example_time_delta_sensor_async.py
[2025-03-11T03:16:42.292+0000] {processor.py:830} INFO - Processing file /home/airflow/.local/lib/python3.12/site-packages/airflow/example_dags/example_time_delta_sensor_async.py for tasks to queue
[2025-03-11T03:16:42.295+0000] {logging_mixin.py:188} INFO - [2025-03-11T03:16:42.295+0000] {dagbag.py:545} INFO - Filling up the DagBag from /home/airflow/.local/lib/python3.12/site-packages/airflow/example_dags/example_time_delta_sensor_async.py
[2025-03-11T03:16:42.302+0000] {processor.py:840} INFO - DAG(s) 'example_time_delta_sensor_async' retrieved from /home/airflow/.local/lib/python3.12/site-packages/airflow/example_dags/example_time_delta_sensor_async.py
[2025-03-11T03:16:42.327+0000] {logging_mixin.py:188} INFO - [2025-03-11T03:16:42.327+0000] {dag.py:3096} INFO - Sync 1 DAGs
[2025-03-11T03:16:42.340+0000] {logging_mixin.py:188} INFO - [2025-03-11T03:16:42.339+0000] {dag.py:3954} INFO - Setting next_dagrun for example_time_delta_sensor_async to None, run_after=None
[2025-03-11T03:16:42.361+0000] {processor.py:183} INFO - Processing /home/airflow/.local/lib/python3.12/site-packages/airflow/example_dags/example_time_delta_sensor_async.py took 0.084 seconds
[2025-03-11T03:17:13.321+0000] {processor.py:161} INFO - Started process (PID=65503) to work on /home/airflow/.local/lib/python3.12/site-packages/airflow/example_dags/example_time_delta_sensor_async.py
[2025-03-11T03:17:13.322+0000] {processor.py:830} INFO - Processing file /home/airflow/.local/lib/python3.12/site-packages/airflow/example_dags/example_time_delta_sensor_async.py for tasks to queue
[2025-03-11T03:17:13.325+0000] {logging_mixin.py:188} INFO - [2025-03-11T03:17:13.325+0000] {dagbag.py:545} INFO - Filling up the DagBag from /home/airflow/.local/lib/python3.12/site-packages/airflow/example_dags/example_time_delta_sensor_async.py
[2025-03-11T03:17:13.330+0000] {processor.py:840} INFO - DAG(s) 'example_time_delta_sensor_async' retrieved from /home/airflow/.local/lib/python3.12/site-packages/airflow/example_dags/example_time_delta_sensor_async.py
[2025-03-11T03:17:13.353+0000] {logging_mixin.py:188} INFO - [2025-03-11T03:17:13.353+0000] {dag.py:3096} INFO - Sync 1 DAGs
[2025-03-11T03:17:13.368+0000] {logging_mixin.py:188} INFO - [2025-03-11T03:17:13.367+0000] {dag.py:3954} INFO - Setting next_dagrun for example_time_delta_sensor_async to None, run_after=None
[2025-03-11T03:17:13.390+0000] {processor.py:183} INFO - Processing /home/airflow/.local/lib/python3.12/site-packages/airflow/example_dags/example_time_delta_sensor_async.py took 0.076 seconds
[2025-03-11T03:17:44.882+0000] {processor.py:161} INFO - Started process (PID=65765) to work on /home/airflow/.local/lib/python3.12/site-packages/airflow/example_dags/example_time_delta_sensor_async.py
[2025-03-11T03:17:44.883+0000] {processor.py:830} INFO - Processing file /home/airflow/.local/lib/python3.12/site-packages/airflow/example_dags/example_time_delta_sensor_async.py for tasks to queue
[2025-03-11T03:17:44.887+0000] {logging_mixin.py:188} INFO - [2025-03-11T03:17:44.886+0000] {dagbag.py:545} INFO - Filling up the DagBag from /home/airflow/.local/lib/python3.12/site-packages/airflow/example_dags/example_time_delta_sensor_async.py
[2025-03-11T03:17:44.893+0000] {processor.py:840} INFO - DAG(s) 'example_time_delta_sensor_async' retrieved from /home/airflow/.local/lib/python3.12/site-packages/airflow/example_dags/example_time_delta_sensor_async.py
[2025-03-11T03:17:44.916+0000] {logging_mixin.py:188} INFO - [2025-03-11T03:17:44.916+0000] {dag.py:3096} INFO - Sync 1 DAGs
[2025-03-11T03:17:44.933+0000] {logging_mixin.py:188} INFO - [2025-03-11T03:17:44.933+0000] {dag.py:3954} INFO - Setting next_dagrun for example_time_delta_sensor_async to None, run_after=None
[2025-03-11T03:17:44.962+0000] {processor.py:183} INFO - Processing /home/airflow/.local/lib/python3.12/site-packages/airflow/example_dags/example_time_delta_sensor_async.py took 0.088 seconds
[2025-03-11T03:18:18.619+0000] {processor.py:161} INFO - Started process (PID=66027) to work on /home/airflow/.local/lib/python3.12/site-packages/airflow/example_dags/example_time_delta_sensor_async.py
[2025-03-11T03:18:18.621+0000] {processor.py:830} INFO - Processing file /home/airflow/.local/lib/python3.12/site-packages/airflow/example_dags/example_time_delta_sensor_async.py for tasks to queue
[2025-03-11T03:18:18.624+0000] {logging_mixin.py:188} INFO - [2025-03-11T03:18:18.623+0000] {dagbag.py:545} INFO - Filling up the DagBag from /home/airflow/.local/lib/python3.12/site-packages/airflow/example_dags/example_time_delta_sensor_async.py
[2025-03-11T03:18:18.629+0000] {processor.py:840} INFO - DAG(s) 'example_time_delta_sensor_async' retrieved from /home/airflow/.local/lib/python3.12/site-packages/airflow/example_dags/example_time_delta_sensor_async.py
[2025-03-11T03:18:18.654+0000] {logging_mixin.py:188} INFO - [2025-03-11T03:18:18.653+0000] {dag.py:3096} INFO - Sync 1 DAGs
[2025-03-11T03:18:18.795+0000] {logging_mixin.py:188} INFO - [2025-03-11T03:18:18.795+0000] {dag.py:3954} INFO - Setting next_dagrun for example_time_delta_sensor_async to None, run_after=None
[2025-03-11T03:18:18.817+0000] {processor.py:183} INFO - Processing /home/airflow/.local/lib/python3.12/site-packages/airflow/example_dags/example_time_delta_sensor_async.py took 0.204 seconds
[2025-03-11T03:18:49.423+0000] {processor.py:161} INFO - Started process (PID=66291) to work on /home/airflow/.local/lib/python3.12/site-packages/airflow/example_dags/example_time_delta_sensor_async.py
[2025-03-11T03:18:49.425+0000] {processor.py:830} INFO - Processing file /home/airflow/.local/lib/python3.12/site-packages/airflow/example_dags/example_time_delta_sensor_async.py for tasks to queue
[2025-03-11T03:18:49.434+0000] {logging_mixin.py:188} INFO - [2025-03-11T03:18:49.433+0000] {dagbag.py:545} INFO - Filling up the DagBag from /home/airflow/.local/lib/python3.12/site-packages/airflow/example_dags/example_time_delta_sensor_async.py
[2025-03-11T03:18:49.443+0000] {processor.py:840} INFO - DAG(s) 'example_time_delta_sensor_async' retrieved from /home/airflow/.local/lib/python3.12/site-packages/airflow/example_dags/example_time_delta_sensor_async.py
[2025-03-11T03:18:49.483+0000] {logging_mixin.py:188} INFO - [2025-03-11T03:18:49.483+0000] {dag.py:3096} INFO - Sync 1 DAGs
[2025-03-11T03:18:49.496+0000] {logging_mixin.py:188} INFO - [2025-03-11T03:18:49.496+0000] {dag.py:3954} INFO - Setting next_dagrun for example_time_delta_sensor_async to None, run_after=None
[2025-03-11T03:18:49.517+0000] {processor.py:183} INFO - Processing /home/airflow/.local/lib/python3.12/site-packages/airflow/example_dags/example_time_delta_sensor_async.py took 0.102 seconds
[2025-03-11T03:19:21.623+0000] {processor.py:161} INFO - Started process (PID=66553) to work on /home/airflow/.local/lib/python3.12/site-packages/airflow/example_dags/example_time_delta_sensor_async.py
[2025-03-11T03:19:21.624+0000] {processor.py:830} INFO - Processing file /home/airflow/.local/lib/python3.12/site-packages/airflow/example_dags/example_time_delta_sensor_async.py for tasks to queue
[2025-03-11T03:19:21.627+0000] {logging_mixin.py:188} INFO - [2025-03-11T03:19:21.626+0000] {dagbag.py:545} INFO - Filling up the DagBag from /home/airflow/.local/lib/python3.12/site-packages/airflow/example_dags/example_time_delta_sensor_async.py
[2025-03-11T03:19:21.632+0000] {processor.py:840} INFO - DAG(s) 'example_time_delta_sensor_async' retrieved from /home/airflow/.local/lib/python3.12/site-packages/airflow/example_dags/example_time_delta_sensor_async.py
[2025-03-11T03:19:21.658+0000] {logging_mixin.py:188} INFO - [2025-03-11T03:19:21.657+0000] {dag.py:3096} INFO - Sync 1 DAGs
[2025-03-11T03:19:21.675+0000] {logging_mixin.py:188} INFO - [2025-03-11T03:19:21.675+0000] {dag.py:3954} INFO - Setting next_dagrun for example_time_delta_sensor_async to None, run_after=None
[2025-03-11T03:19:21.699+0000] {processor.py:183} INFO - Processing /home/airflow/.local/lib/python3.12/site-packages/airflow/example_dags/example_time_delta_sensor_async.py took 0.083 seconds
[2025-03-11T03:19:52.734+0000] {processor.py:161} INFO - Started process (PID=66813) to work on /home/airflow/.local/lib/python3.12/site-packages/airflow/example_dags/example_time_delta_sensor_async.py
[2025-03-11T03:19:52.735+0000] {processor.py:830} INFO - Processing file /home/airflow/.local/lib/python3.12/site-packages/airflow/example_dags/example_time_delta_sensor_async.py for tasks to queue
[2025-03-11T03:19:52.738+0000] {logging_mixin.py:188} INFO - [2025-03-11T03:19:52.737+0000] {dagbag.py:545} INFO - Filling up the DagBag from /home/airflow/.local/lib/python3.12/site-packages/airflow/example_dags/example_time_delta_sensor_async.py
[2025-03-11T03:19:52.742+0000] {processor.py:840} INFO - DAG(s) 'example_time_delta_sensor_async' retrieved from /home/airflow/.local/lib/python3.12/site-packages/airflow/example_dags/example_time_delta_sensor_async.py
[2025-03-11T03:19:52.764+0000] {logging_mixin.py:188} INFO - [2025-03-11T03:19:52.764+0000] {dag.py:3096} INFO - Sync 1 DAGs
[2025-03-11T03:19:52.777+0000] {logging_mixin.py:188} INFO - [2025-03-11T03:19:52.777+0000] {dag.py:3954} INFO - Setting next_dagrun for example_time_delta_sensor_async to None, run_after=None
[2025-03-11T03:19:52.798+0000] {processor.py:183} INFO - Processing /home/airflow/.local/lib/python3.12/site-packages/airflow/example_dags/example_time_delta_sensor_async.py took 0.070 seconds
[2025-03-11T03:20:25.706+0000] {processor.py:161} INFO - Started process (PID=67074) to work on /home/airflow/.local/lib/python3.12/site-packages/airflow/example_dags/example_time_delta_sensor_async.py
[2025-03-11T03:20:25.707+0000] {processor.py:830} INFO - Processing file /home/airflow/.local/lib/python3.12/site-packages/airflow/example_dags/example_time_delta_sensor_async.py for tasks to queue
[2025-03-11T03:20:25.710+0000] {logging_mixin.py:188} INFO - [2025-03-11T03:20:25.709+0000] {dagbag.py:545} INFO - Filling up the DagBag from /home/airflow/.local/lib/python3.12/site-packages/airflow/example_dags/example_time_delta_sensor_async.py
[2025-03-11T03:20:25.716+0000] {processor.py:840} INFO - DAG(s) 'example_time_delta_sensor_async' retrieved from /home/airflow/.local/lib/python3.12/site-packages/airflow/example_dags/example_time_delta_sensor_async.py
[2025-03-11T03:20:25.735+0000] {logging_mixin.py:188} INFO - [2025-03-11T03:20:25.735+0000] {dag.py:3096} INFO - Sync 1 DAGs
[2025-03-11T03:20:25.749+0000] {logging_mixin.py:188} INFO - [2025-03-11T03:20:25.749+0000] {dag.py:3954} INFO - Setting next_dagrun for example_time_delta_sensor_async to None, run_after=None
[2025-03-11T03:20:25.768+0000] {processor.py:183} INFO - Processing /home/airflow/.local/lib/python3.12/site-packages/airflow/example_dags/example_time_delta_sensor_async.py took 0.071 seconds
[2025-03-11T03:20:57.069+0000] {processor.py:161} INFO - Started process (PID=67341) to work on /home/airflow/.local/lib/python3.12/site-packages/airflow/example_dags/example_time_delta_sensor_async.py
[2025-03-11T03:20:57.071+0000] {processor.py:830} INFO - Processing file /home/airflow/.local/lib/python3.12/site-packages/airflow/example_dags/example_time_delta_sensor_async.py for tasks to queue
[2025-03-11T03:20:57.074+0000] {logging_mixin.py:188} INFO - [2025-03-11T03:20:57.074+0000] {dagbag.py:545} INFO - Filling up the DagBag from /home/airflow/.local/lib/python3.12/site-packages/airflow/example_dags/example_time_delta_sensor_async.py
[2025-03-11T03:20:57.080+0000] {processor.py:840} INFO - DAG(s) 'example_time_delta_sensor_async' retrieved from /home/airflow/.local/lib/python3.12/site-packages/airflow/example_dags/example_time_delta_sensor_async.py
[2025-03-11T03:20:57.120+0000] {logging_mixin.py:188} INFO - [2025-03-11T03:20:57.119+0000] {dag.py:3096} INFO - Sync 1 DAGs
[2025-03-11T03:20:57.144+0000] {logging_mixin.py:188} INFO - [2025-03-11T03:20:57.144+0000] {dag.py:3954} INFO - Setting next_dagrun for example_time_delta_sensor_async to None, run_after=None
[2025-03-11T03:20:57.166+0000] {processor.py:183} INFO - Processing /home/airflow/.local/lib/python3.12/site-packages/airflow/example_dags/example_time_delta_sensor_async.py took 0.102 seconds
[2025-03-11T03:21:30.423+0000] {processor.py:161} INFO - Started process (PID=67603) to work on /home/airflow/.local/lib/python3.12/site-packages/airflow/example_dags/example_time_delta_sensor_async.py
[2025-03-11T03:21:30.431+0000] {processor.py:830} INFO - Processing file /home/airflow/.local/lib/python3.12/site-packages/airflow/example_dags/example_time_delta_sensor_async.py for tasks to queue
[2025-03-11T03:21:30.436+0000] {logging_mixin.py:188} INFO - [2025-03-11T03:21:30.436+0000] {dagbag.py:545} INFO - Filling up the DagBag from /home/airflow/.local/lib/python3.12/site-packages/airflow/example_dags/example_time_delta_sensor_async.py
[2025-03-11T03:21:30.444+0000] {processor.py:840} INFO - DAG(s) 'example_time_delta_sensor_async' retrieved from /home/airflow/.local/lib/python3.12/site-packages/airflow/example_dags/example_time_delta_sensor_async.py
[2025-03-11T03:21:30.472+0000] {logging_mixin.py:188} INFO - [2025-03-11T03:21:30.472+0000] {dag.py:3096} INFO - Sync 1 DAGs
[2025-03-11T03:21:30.486+0000] {logging_mixin.py:188} INFO - [2025-03-11T03:21:30.485+0000] {dag.py:3954} INFO - Setting next_dagrun for example_time_delta_sensor_async to None, run_after=None
[2025-03-11T03:21:30.506+0000] {processor.py:183} INFO - Processing /home/airflow/.local/lib/python3.12/site-packages/airflow/example_dags/example_time_delta_sensor_async.py took 0.105 seconds
[2025-03-11T03:22:02.206+0000] {processor.py:161} INFO - Started process (PID=67865) to work on /home/airflow/.local/lib/python3.12/site-packages/airflow/example_dags/example_time_delta_sensor_async.py
[2025-03-11T03:22:02.208+0000] {processor.py:830} INFO - Processing file /home/airflow/.local/lib/python3.12/site-packages/airflow/example_dags/example_time_delta_sensor_async.py for tasks to queue
[2025-03-11T03:22:02.211+0000] {logging_mixin.py:188} INFO - [2025-03-11T03:22:02.210+0000] {dagbag.py:545} INFO - Filling up the DagBag from /home/airflow/.local/lib/python3.12/site-packages/airflow/example_dags/example_time_delta_sensor_async.py
[2025-03-11T03:22:02.216+0000] {processor.py:840} INFO - DAG(s) 'example_time_delta_sensor_async' retrieved from /home/airflow/.local/lib/python3.12/site-packages/airflow/example_dags/example_time_delta_sensor_async.py
[2025-03-11T03:22:02.236+0000] {logging_mixin.py:188} INFO - [2025-03-11T03:22:02.236+0000] {dag.py:3096} INFO - Sync 1 DAGs
[2025-03-11T03:22:02.250+0000] {logging_mixin.py:188} INFO - [2025-03-11T03:22:02.250+0000] {dag.py:3954} INFO - Setting next_dagrun for example_time_delta_sensor_async to None, run_after=None
[2025-03-11T03:22:02.271+0000] {processor.py:183} INFO - Processing /home/airflow/.local/lib/python3.12/site-packages/airflow/example_dags/example_time_delta_sensor_async.py took 0.071 seconds
[2025-03-11T03:22:34.933+0000] {processor.py:161} INFO - Started process (PID=68127) to work on /home/airflow/.local/lib/python3.12/site-packages/airflow/example_dags/example_time_delta_sensor_async.py
[2025-03-11T03:22:34.934+0000] {processor.py:830} INFO - Processing file /home/airflow/.local/lib/python3.12/site-packages/airflow/example_dags/example_time_delta_sensor_async.py for tasks to queue
[2025-03-11T03:22:34.936+0000] {logging_mixin.py:188} INFO - [2025-03-11T03:22:34.936+0000] {dagbag.py:545} INFO - Filling up the DagBag from /home/airflow/.local/lib/python3.12/site-packages/airflow/example_dags/example_time_delta_sensor_async.py
[2025-03-11T03:22:34.941+0000] {processor.py:840} INFO - DAG(s) 'example_time_delta_sensor_async' retrieved from /home/airflow/.local/lib/python3.12/site-packages/airflow/example_dags/example_time_delta_sensor_async.py
[2025-03-11T03:22:34.960+0000] {logging_mixin.py:188} INFO - [2025-03-11T03:22:34.960+0000] {dag.py:3096} INFO - Sync 1 DAGs
[2025-03-11T03:22:34.973+0000] {logging_mixin.py:188} INFO - [2025-03-11T03:22:34.972+0000] {dag.py:3954} INFO - Setting next_dagrun for example_time_delta_sensor_async to None, run_after=None
[2025-03-11T03:22:34.995+0000] {processor.py:183} INFO - Processing /home/airflow/.local/lib/python3.12/site-packages/airflow/example_dags/example_time_delta_sensor_async.py took 0.068 seconds
[2025-03-11T03:23:06.897+0000] {processor.py:161} INFO - Started process (PID=68401) to work on /home/airflow/.local/lib/python3.12/site-packages/airflow/example_dags/example_time_delta_sensor_async.py
[2025-03-11T03:23:06.898+0000] {processor.py:830} INFO - Processing file /home/airflow/.local/lib/python3.12/site-packages/airflow/example_dags/example_time_delta_sensor_async.py for tasks to queue
[2025-03-11T03:23:06.900+0000] {logging_mixin.py:188} INFO - [2025-03-11T03:23:06.900+0000] {dagbag.py:545} INFO - Filling up the DagBag from /home/airflow/.local/lib/python3.12/site-packages/airflow/example_dags/example_time_delta_sensor_async.py
[2025-03-11T03:23:06.907+0000] {processor.py:840} INFO - DAG(s) 'example_time_delta_sensor_async' retrieved from /home/airflow/.local/lib/python3.12/site-packages/airflow/example_dags/example_time_delta_sensor_async.py
[2025-03-11T03:23:06.970+0000] {logging_mixin.py:188} INFO - [2025-03-11T03:23:06.969+0000] {dag.py:3096} INFO - Sync 1 DAGs
[2025-03-11T03:23:06.989+0000] {logging_mixin.py:188} INFO - [2025-03-11T03:23:06.989+0000] {dag.py:3954} INFO - Setting next_dagrun for example_time_delta_sensor_async to None, run_after=None
[2025-03-11T03:23:07.012+0000] {processor.py:183} INFO - Processing /home/airflow/.local/lib/python3.12/site-packages/airflow/example_dags/example_time_delta_sensor_async.py took 0.125 seconds
[2025-03-11T03:23:38.368+0000] {processor.py:161} INFO - Started process (PID=68661) to work on /home/airflow/.local/lib/python3.12/site-packages/airflow/example_dags/example_time_delta_sensor_async.py
[2025-03-11T03:23:38.369+0000] {processor.py:830} INFO - Processing file /home/airflow/.local/lib/python3.12/site-packages/airflow/example_dags/example_time_delta_sensor_async.py for tasks to queue
[2025-03-11T03:23:38.371+0000] {logging_mixin.py:188} INFO - [2025-03-11T03:23:38.371+0000] {dagbag.py:545} INFO - Filling up the DagBag from /home/airflow/.local/lib/python3.12/site-packages/airflow/example_dags/example_time_delta_sensor_async.py
[2025-03-11T03:23:38.375+0000] {processor.py:840} INFO - DAG(s) 'example_time_delta_sensor_async' retrieved from /home/airflow/.local/lib/python3.12/site-packages/airflow/example_dags/example_time_delta_sensor_async.py
[2025-03-11T03:23:38.394+0000] {logging_mixin.py:188} INFO - [2025-03-11T03:23:38.393+0000] {dag.py:3096} INFO - Sync 1 DAGs
[2025-03-11T03:23:38.408+0000] {logging_mixin.py:188} INFO - [2025-03-11T03:23:38.408+0000] {dag.py:3954} INFO - Setting next_dagrun for example_time_delta_sensor_async to None, run_after=None
[2025-03-11T03:23:38.428+0000] {processor.py:183} INFO - Processing /home/airflow/.local/lib/python3.12/site-packages/airflow/example_dags/example_time_delta_sensor_async.py took 0.066 seconds
[2025-03-11T03:24:11.332+0000] {processor.py:161} INFO - Started process (PID=68923) to work on /home/airflow/.local/lib/python3.12/site-packages/airflow/example_dags/example_time_delta_sensor_async.py
[2025-03-11T03:24:11.334+0000] {processor.py:830} INFO - Processing file /home/airflow/.local/lib/python3.12/site-packages/airflow/example_dags/example_time_delta_sensor_async.py for tasks to queue
[2025-03-11T03:24:11.337+0000] {logging_mixin.py:188} INFO - [2025-03-11T03:24:11.336+0000] {dagbag.py:545} INFO - Filling up the DagBag from /home/airflow/.local/lib/python3.12/site-packages/airflow/example_dags/example_time_delta_sensor_async.py
[2025-03-11T03:24:11.345+0000] {processor.py:840} INFO - DAG(s) 'example_time_delta_sensor_async' retrieved from /home/airflow/.local/lib/python3.12/site-packages/airflow/example_dags/example_time_delta_sensor_async.py
[2025-03-11T03:24:11.373+0000] {logging_mixin.py:188} INFO - [2025-03-11T03:24:11.372+0000] {dag.py:3096} INFO - Sync 1 DAGs
[2025-03-11T03:24:11.388+0000] {logging_mixin.py:188} INFO - [2025-03-11T03:24:11.388+0000] {dag.py:3954} INFO - Setting next_dagrun for example_time_delta_sensor_async to None, run_after=None
[2025-03-11T03:24:11.409+0000] {processor.py:183} INFO - Processing /home/airflow/.local/lib/python3.12/site-packages/airflow/example_dags/example_time_delta_sensor_async.py took 0.089 seconds
[2025-03-11T03:24:43.206+0000] {processor.py:161} INFO - Started process (PID=69185) to work on /home/airflow/.local/lib/python3.12/site-packages/airflow/example_dags/example_time_delta_sensor_async.py
[2025-03-11T03:24:43.208+0000] {processor.py:830} INFO - Processing file /home/airflow/.local/lib/python3.12/site-packages/airflow/example_dags/example_time_delta_sensor_async.py for tasks to queue
[2025-03-11T03:24:43.212+0000] {logging_mixin.py:188} INFO - [2025-03-11T03:24:43.211+0000] {dagbag.py:545} INFO - Filling up the DagBag from /home/airflow/.local/lib/python3.12/site-packages/airflow/example_dags/example_time_delta_sensor_async.py
[2025-03-11T03:24:43.221+0000] {processor.py:840} INFO - DAG(s) 'example_time_delta_sensor_async' retrieved from /home/airflow/.local/lib/python3.12/site-packages/airflow/example_dags/example_time_delta_sensor_async.py
[2025-03-11T03:24:43.245+0000] {logging_mixin.py:188} INFO - [2025-03-11T03:24:43.245+0000] {dag.py:3096} INFO - Sync 1 DAGs
[2025-03-11T03:24:43.258+0000] {logging_mixin.py:188} INFO - [2025-03-11T03:24:43.258+0000] {dag.py:3954} INFO - Setting next_dagrun for example_time_delta_sensor_async to None, run_after=None
[2025-03-11T03:24:43.280+0000] {processor.py:183} INFO - Processing /home/airflow/.local/lib/python3.12/site-packages/airflow/example_dags/example_time_delta_sensor_async.py took 0.091 seconds
[2025-03-11T03:25:14.943+0000] {processor.py:161} INFO - Started process (PID=69447) to work on /home/airflow/.local/lib/python3.12/site-packages/airflow/example_dags/example_time_delta_sensor_async.py
[2025-03-11T03:25:14.944+0000] {processor.py:830} INFO - Processing file /home/airflow/.local/lib/python3.12/site-packages/airflow/example_dags/example_time_delta_sensor_async.py for tasks to queue
[2025-03-11T03:25:14.946+0000] {logging_mixin.py:188} INFO - [2025-03-11T03:25:14.946+0000] {dagbag.py:545} INFO - Filling up the DagBag from /home/airflow/.local/lib/python3.12/site-packages/airflow/example_dags/example_time_delta_sensor_async.py
[2025-03-11T03:25:14.951+0000] {processor.py:840} INFO - DAG(s) 'example_time_delta_sensor_async' retrieved from /home/airflow/.local/lib/python3.12/site-packages/airflow/example_dags/example_time_delta_sensor_async.py
[2025-03-11T03:25:14.975+0000] {logging_mixin.py:188} INFO - [2025-03-11T03:25:14.975+0000] {dag.py:3096} INFO - Sync 1 DAGs
[2025-03-11T03:25:14.992+0000] {logging_mixin.py:188} INFO - [2025-03-11T03:25:14.992+0000] {dag.py:3954} INFO - Setting next_dagrun for example_time_delta_sensor_async to None, run_after=None
[2025-03-11T03:25:15.019+0000] {processor.py:183} INFO - Processing /home/airflow/.local/lib/python3.12/site-packages/airflow/example_dags/example_time_delta_sensor_async.py took 0.083 seconds
[2025-03-11T03:25:47.139+0000] {processor.py:161} INFO - Started process (PID=69709) to work on /home/airflow/.local/lib/python3.12/site-packages/airflow/example_dags/example_time_delta_sensor_async.py
[2025-03-11T03:25:47.141+0000] {processor.py:830} INFO - Processing file /home/airflow/.local/lib/python3.12/site-packages/airflow/example_dags/example_time_delta_sensor_async.py for tasks to queue
[2025-03-11T03:25:47.143+0000] {logging_mixin.py:188} INFO - [2025-03-11T03:25:47.142+0000] {dagbag.py:545} INFO - Filling up the DagBag from /home/airflow/.local/lib/python3.12/site-packages/airflow/example_dags/example_time_delta_sensor_async.py
[2025-03-11T03:25:47.158+0000] {processor.py:840} INFO - DAG(s) 'example_time_delta_sensor_async' retrieved from /home/airflow/.local/lib/python3.12/site-packages/airflow/example_dags/example_time_delta_sensor_async.py
[2025-03-11T03:25:47.189+0000] {logging_mixin.py:188} INFO - [2025-03-11T03:25:47.189+0000] {dag.py:3096} INFO - Sync 1 DAGs
[2025-03-11T03:25:47.214+0000] {logging_mixin.py:188} INFO - [2025-03-11T03:25:47.214+0000] {dag.py:3954} INFO - Setting next_dagrun for example_time_delta_sensor_async to None, run_after=None
[2025-03-11T03:25:47.236+0000] {processor.py:183} INFO - Processing /home/airflow/.local/lib/python3.12/site-packages/airflow/example_dags/example_time_delta_sensor_async.py took 0.107 seconds
[2025-03-11T03:26:19.739+0000] {processor.py:161} INFO - Started process (PID=69971) to work on /home/airflow/.local/lib/python3.12/site-packages/airflow/example_dags/example_time_delta_sensor_async.py
[2025-03-11T03:26:19.740+0000] {processor.py:830} INFO - Processing file /home/airflow/.local/lib/python3.12/site-packages/airflow/example_dags/example_time_delta_sensor_async.py for tasks to queue
[2025-03-11T03:26:19.742+0000] {logging_mixin.py:188} INFO - [2025-03-11T03:26:19.742+0000] {dagbag.py:545} INFO - Filling up the DagBag from /home/airflow/.local/lib/python3.12/site-packages/airflow/example_dags/example_time_delta_sensor_async.py
[2025-03-11T03:26:19.748+0000] {processor.py:840} INFO - DAG(s) 'example_time_delta_sensor_async' retrieved from /home/airflow/.local/lib/python3.12/site-packages/airflow/example_dags/example_time_delta_sensor_async.py
[2025-03-11T03:26:19.767+0000] {logging_mixin.py:188} INFO - [2025-03-11T03:26:19.767+0000] {dag.py:3096} INFO - Sync 1 DAGs
[2025-03-11T03:26:19.781+0000] {logging_mixin.py:188} INFO - [2025-03-11T03:26:19.780+0000] {dag.py:3954} INFO - Setting next_dagrun for example_time_delta_sensor_async to None, run_after=None
[2025-03-11T03:26:19.802+0000] {processor.py:183} INFO - Processing /home/airflow/.local/lib/python3.12/site-packages/airflow/example_dags/example_time_delta_sensor_async.py took 0.069 seconds
[2025-03-11T03:26:50.647+0000] {processor.py:161} INFO - Started process (PID=70233) to work on /home/airflow/.local/lib/python3.12/site-packages/airflow/example_dags/example_time_delta_sensor_async.py
[2025-03-11T03:26:50.649+0000] {processor.py:830} INFO - Processing file /home/airflow/.local/lib/python3.12/site-packages/airflow/example_dags/example_time_delta_sensor_async.py for tasks to queue
[2025-03-11T03:26:50.651+0000] {logging_mixin.py:188} INFO - [2025-03-11T03:26:50.651+0000] {dagbag.py:545} INFO - Filling up the DagBag from /home/airflow/.local/lib/python3.12/site-packages/airflow/example_dags/example_time_delta_sensor_async.py
[2025-03-11T03:26:50.659+0000] {processor.py:840} INFO - DAG(s) 'example_time_delta_sensor_async' retrieved from /home/airflow/.local/lib/python3.12/site-packages/airflow/example_dags/example_time_delta_sensor_async.py
[2025-03-11T03:26:50.678+0000] {logging_mixin.py:188} INFO - [2025-03-11T03:26:50.678+0000] {dag.py:3096} INFO - Sync 1 DAGs
[2025-03-11T03:26:50.690+0000] {logging_mixin.py:188} INFO - [2025-03-11T03:26:50.690+0000] {dag.py:3954} INFO - Setting next_dagrun for example_time_delta_sensor_async to None, run_after=None
[2025-03-11T03:26:50.713+0000] {processor.py:183} INFO - Processing /home/airflow/.local/lib/python3.12/site-packages/airflow/example_dags/example_time_delta_sensor_async.py took 0.072 seconds
[2025-03-11T03:27:23.482+0000] {processor.py:161} INFO - Started process (PID=70497) to work on /home/airflow/.local/lib/python3.12/site-packages/airflow/example_dags/example_time_delta_sensor_async.py
[2025-03-11T03:27:23.486+0000] {processor.py:830} INFO - Processing file /home/airflow/.local/lib/python3.12/site-packages/airflow/example_dags/example_time_delta_sensor_async.py for tasks to queue
[2025-03-11T03:27:23.491+0000] {logging_mixin.py:188} INFO - [2025-03-11T03:27:23.491+0000] {dagbag.py:545} INFO - Filling up the DagBag from /home/airflow/.local/lib/python3.12/site-packages/airflow/example_dags/example_time_delta_sensor_async.py
[2025-03-11T03:27:23.498+0000] {processor.py:840} INFO - DAG(s) 'example_time_delta_sensor_async' retrieved from /home/airflow/.local/lib/python3.12/site-packages/airflow/example_dags/example_time_delta_sensor_async.py
[2025-03-11T03:27:23.523+0000] {logging_mixin.py:188} INFO - [2025-03-11T03:27:23.523+0000] {dag.py:3096} INFO - Sync 1 DAGs
[2025-03-11T03:27:23.539+0000] {logging_mixin.py:188} INFO - [2025-03-11T03:27:23.539+0000] {dag.py:3954} INFO - Setting next_dagrun for example_time_delta_sensor_async to None, run_after=None
[2025-03-11T03:27:23.572+0000] {processor.py:183} INFO - Processing /home/airflow/.local/lib/python3.12/site-packages/airflow/example_dags/example_time_delta_sensor_async.py took 0.099 seconds
[2025-03-11T03:27:55.289+0000] {processor.py:161} INFO - Started process (PID=70759) to work on /home/airflow/.local/lib/python3.12/site-packages/airflow/example_dags/example_time_delta_sensor_async.py
[2025-03-11T03:27:55.291+0000] {processor.py:830} INFO - Processing file /home/airflow/.local/lib/python3.12/site-packages/airflow/example_dags/example_time_delta_sensor_async.py for tasks to queue
[2025-03-11T03:27:55.293+0000] {logging_mixin.py:188} INFO - [2025-03-11T03:27:55.292+0000] {dagbag.py:545} INFO - Filling up the DagBag from /home/airflow/.local/lib/python3.12/site-packages/airflow/example_dags/example_time_delta_sensor_async.py
[2025-03-11T03:27:55.298+0000] {processor.py:840} INFO - DAG(s) 'example_time_delta_sensor_async' retrieved from /home/airflow/.local/lib/python3.12/site-packages/airflow/example_dags/example_time_delta_sensor_async.py
[2025-03-11T03:27:55.320+0000] {logging_mixin.py:188} INFO - [2025-03-11T03:27:55.319+0000] {dag.py:3096} INFO - Sync 1 DAGs
[2025-03-11T03:27:55.332+0000] {logging_mixin.py:188} INFO - [2025-03-11T03:27:55.332+0000] {dag.py:3954} INFO - Setting next_dagrun for example_time_delta_sensor_async to None, run_after=None
[2025-03-11T03:27:55.355+0000] {processor.py:183} INFO - Processing /home/airflow/.local/lib/python3.12/site-packages/airflow/example_dags/example_time_delta_sensor_async.py took 0.076 seconds
[2025-03-11T03:28:28.202+0000] {processor.py:161} INFO - Started process (PID=71019) to work on /home/airflow/.local/lib/python3.12/site-packages/airflow/example_dags/example_time_delta_sensor_async.py
[2025-03-11T03:28:28.203+0000] {processor.py:830} INFO - Processing file /home/airflow/.local/lib/python3.12/site-packages/airflow/example_dags/example_time_delta_sensor_async.py for tasks to queue
[2025-03-11T03:28:28.206+0000] {logging_mixin.py:188} INFO - [2025-03-11T03:28:28.205+0000] {dagbag.py:545} INFO - Filling up the DagBag from /home/airflow/.local/lib/python3.12/site-packages/airflow/example_dags/example_time_delta_sensor_async.py
[2025-03-11T03:28:28.211+0000] {processor.py:840} INFO - DAG(s) 'example_time_delta_sensor_async' retrieved from /home/airflow/.local/lib/python3.12/site-packages/airflow/example_dags/example_time_delta_sensor_async.py
[2025-03-11T03:28:28.238+0000] {logging_mixin.py:188} INFO - [2025-03-11T03:28:28.238+0000] {dag.py:3096} INFO - Sync 1 DAGs
[2025-03-11T03:28:28.257+0000] {logging_mixin.py:188} INFO - [2025-03-11T03:28:28.256+0000] {dag.py:3954} INFO - Setting next_dagrun for example_time_delta_sensor_async to None, run_after=None
[2025-03-11T03:28:28.280+0000] {processor.py:183} INFO - Processing /home/airflow/.local/lib/python3.12/site-packages/airflow/example_dags/example_time_delta_sensor_async.py took 0.084 seconds
[2025-03-11T03:29:00.326+0000] {processor.py:161} INFO - Started process (PID=71281) to work on /home/airflow/.local/lib/python3.12/site-packages/airflow/example_dags/example_time_delta_sensor_async.py
[2025-03-11T03:29:00.329+0000] {processor.py:830} INFO - Processing file /home/airflow/.local/lib/python3.12/site-packages/airflow/example_dags/example_time_delta_sensor_async.py for tasks to queue
[2025-03-11T03:29:00.332+0000] {logging_mixin.py:188} INFO - [2025-03-11T03:29:00.332+0000] {dagbag.py:545} INFO - Filling up the DagBag from /home/airflow/.local/lib/python3.12/site-packages/airflow/example_dags/example_time_delta_sensor_async.py
[2025-03-11T03:29:00.340+0000] {processor.py:840} INFO - DAG(s) 'example_time_delta_sensor_async' retrieved from /home/airflow/.local/lib/python3.12/site-packages/airflow/example_dags/example_time_delta_sensor_async.py
[2025-03-11T03:29:00.373+0000] {logging_mixin.py:188} INFO - [2025-03-11T03:29:00.373+0000] {dag.py:3096} INFO - Sync 1 DAGs
[2025-03-11T03:29:00.387+0000] {logging_mixin.py:188} INFO - [2025-03-11T03:29:00.387+0000] {dag.py:3954} INFO - Setting next_dagrun for example_time_delta_sensor_async to None, run_after=None
[2025-03-11T03:29:00.410+0000] {processor.py:183} INFO - Processing /home/airflow/.local/lib/python3.12/site-packages/airflow/example_dags/example_time_delta_sensor_async.py took 0.098 seconds
[2025-03-11T03:29:32.284+0000] {processor.py:161} INFO - Started process (PID=71545) to work on /home/airflow/.local/lib/python3.12/site-packages/airflow/example_dags/example_time_delta_sensor_async.py
[2025-03-11T03:29:32.286+0000] {processor.py:830} INFO - Processing file /home/airflow/.local/lib/python3.12/site-packages/airflow/example_dags/example_time_delta_sensor_async.py for tasks to queue
[2025-03-11T03:29:32.288+0000] {logging_mixin.py:188} INFO - [2025-03-11T03:29:32.288+0000] {dagbag.py:545} INFO - Filling up the DagBag from /home/airflow/.local/lib/python3.12/site-packages/airflow/example_dags/example_time_delta_sensor_async.py
[2025-03-11T03:29:32.293+0000] {processor.py:840} INFO - DAG(s) 'example_time_delta_sensor_async' retrieved from /home/airflow/.local/lib/python3.12/site-packages/airflow/example_dags/example_time_delta_sensor_async.py
[2025-03-11T03:29:32.318+0000] {logging_mixin.py:188} INFO - [2025-03-11T03:29:32.318+0000] {dag.py:3096} INFO - Sync 1 DAGs
[2025-03-11T03:29:32.334+0000] {logging_mixin.py:188} INFO - [2025-03-11T03:29:32.334+0000] {dag.py:3954} INFO - Setting next_dagrun for example_time_delta_sensor_async to None, run_after=None
[2025-03-11T03:29:32.360+0000] {processor.py:183} INFO - Processing /home/airflow/.local/lib/python3.12/site-packages/airflow/example_dags/example_time_delta_sensor_async.py took 0.085 seconds
[2025-03-11T03:30:04.503+0000] {processor.py:161} INFO - Started process (PID=71805) to work on /home/airflow/.local/lib/python3.12/site-packages/airflow/example_dags/example_time_delta_sensor_async.py
[2025-03-11T03:30:04.504+0000] {processor.py:830} INFO - Processing file /home/airflow/.local/lib/python3.12/site-packages/airflow/example_dags/example_time_delta_sensor_async.py for tasks to queue
[2025-03-11T03:30:04.506+0000] {logging_mixin.py:188} INFO - [2025-03-11T03:30:04.506+0000] {dagbag.py:545} INFO - Filling up the DagBag from /home/airflow/.local/lib/python3.12/site-packages/airflow/example_dags/example_time_delta_sensor_async.py
[2025-03-11T03:30:04.512+0000] {processor.py:840} INFO - DAG(s) 'example_time_delta_sensor_async' retrieved from /home/airflow/.local/lib/python3.12/site-packages/airflow/example_dags/example_time_delta_sensor_async.py
[2025-03-11T03:30:04.536+0000] {logging_mixin.py:188} INFO - [2025-03-11T03:30:04.536+0000] {dag.py:3096} INFO - Sync 1 DAGs
[2025-03-11T03:30:04.548+0000] {logging_mixin.py:188} INFO - [2025-03-11T03:30:04.548+0000] {dag.py:3954} INFO - Setting next_dagrun for example_time_delta_sensor_async to None, run_after=None
[2025-03-11T03:30:04.571+0000] {processor.py:183} INFO - Processing /home/airflow/.local/lib/python3.12/site-packages/airflow/example_dags/example_time_delta_sensor_async.py took 0.075 seconds
[2025-03-11T03:30:36.865+0000] {processor.py:161} INFO - Started process (PID=72067) to work on /home/airflow/.local/lib/python3.12/site-packages/airflow/example_dags/example_time_delta_sensor_async.py
[2025-03-11T03:30:36.870+0000] {processor.py:830} INFO - Processing file /home/airflow/.local/lib/python3.12/site-packages/airflow/example_dags/example_time_delta_sensor_async.py for tasks to queue
[2025-03-11T03:30:36.879+0000] {logging_mixin.py:188} INFO - [2025-03-11T03:30:36.877+0000] {dagbag.py:545} INFO - Filling up the DagBag from /home/airflow/.local/lib/python3.12/site-packages/airflow/example_dags/example_time_delta_sensor_async.py
[2025-03-11T03:30:36.886+0000] {processor.py:840} INFO - DAG(s) 'example_time_delta_sensor_async' retrieved from /home/airflow/.local/lib/python3.12/site-packages/airflow/example_dags/example_time_delta_sensor_async.py
[2025-03-11T03:30:36.909+0000] {logging_mixin.py:188} INFO - [2025-03-11T03:30:36.908+0000] {dag.py:3096} INFO - Sync 1 DAGs
[2025-03-11T03:30:36.922+0000] {logging_mixin.py:188} INFO - [2025-03-11T03:30:36.921+0000] {dag.py:3954} INFO - Setting next_dagrun for example_time_delta_sensor_async to None, run_after=None
[2025-03-11T03:30:36.951+0000] {processor.py:183} INFO - Processing /home/airflow/.local/lib/python3.12/site-packages/airflow/example_dags/example_time_delta_sensor_async.py took 0.101 seconds
[2025-03-11T03:31:07.251+0000] {processor.py:161} INFO - Started process (PID=72329) to work on /home/airflow/.local/lib/python3.12/site-packages/airflow/example_dags/example_time_delta_sensor_async.py
[2025-03-11T03:31:07.252+0000] {processor.py:830} INFO - Processing file /home/airflow/.local/lib/python3.12/site-packages/airflow/example_dags/example_time_delta_sensor_async.py for tasks to queue
[2025-03-11T03:31:07.255+0000] {logging_mixin.py:188} INFO - [2025-03-11T03:31:07.254+0000] {dagbag.py:545} INFO - Filling up the DagBag from /home/airflow/.local/lib/python3.12/site-packages/airflow/example_dags/example_time_delta_sensor_async.py
[2025-03-11T03:31:07.260+0000] {processor.py:840} INFO - DAG(s) 'example_time_delta_sensor_async' retrieved from /home/airflow/.local/lib/python3.12/site-packages/airflow/example_dags/example_time_delta_sensor_async.py
[2025-03-11T03:31:07.285+0000] {logging_mixin.py:188} INFO - [2025-03-11T03:31:07.284+0000] {dag.py:3096} INFO - Sync 1 DAGs
[2025-03-11T03:31:07.300+0000] {logging_mixin.py:188} INFO - [2025-03-11T03:31:07.300+0000] {dag.py:3954} INFO - Setting next_dagrun for example_time_delta_sensor_async to None, run_after=None
[2025-03-11T03:31:07.324+0000] {processor.py:183} INFO - Processing /home/airflow/.local/lib/python3.12/site-packages/airflow/example_dags/example_time_delta_sensor_async.py took 0.080 seconds
[2025-03-11T03:31:40.362+0000] {processor.py:161} INFO - Started process (PID=72591) to work on /home/airflow/.local/lib/python3.12/site-packages/airflow/example_dags/example_time_delta_sensor_async.py
[2025-03-11T03:31:40.364+0000] {processor.py:830} INFO - Processing file /home/airflow/.local/lib/python3.12/site-packages/airflow/example_dags/example_time_delta_sensor_async.py for tasks to queue
[2025-03-11T03:31:40.366+0000] {logging_mixin.py:188} INFO - [2025-03-11T03:31:40.365+0000] {dagbag.py:545} INFO - Filling up the DagBag from /home/airflow/.local/lib/python3.12/site-packages/airflow/example_dags/example_time_delta_sensor_async.py
[2025-03-11T03:31:40.370+0000] {processor.py:840} INFO - DAG(s) 'example_time_delta_sensor_async' retrieved from /home/airflow/.local/lib/python3.12/site-packages/airflow/example_dags/example_time_delta_sensor_async.py
[2025-03-11T03:31:40.389+0000] {logging_mixin.py:188} INFO - [2025-03-11T03:31:40.389+0000] {dag.py:3096} INFO - Sync 1 DAGs
[2025-03-11T03:31:40.401+0000] {logging_mixin.py:188} INFO - [2025-03-11T03:31:40.401+0000] {dag.py:3954} INFO - Setting next_dagrun for example_time_delta_sensor_async to None, run_after=None
[2025-03-11T03:31:40.421+0000] {processor.py:183} INFO - Processing /home/airflow/.local/lib/python3.12/site-packages/airflow/example_dags/example_time_delta_sensor_async.py took 0.064 seconds
[2025-03-11T03:32:11.545+0000] {processor.py:161} INFO - Started process (PID=72853) to work on /home/airflow/.local/lib/python3.12/site-packages/airflow/example_dags/example_time_delta_sensor_async.py
[2025-03-11T03:32:11.546+0000] {processor.py:830} INFO - Processing file /home/airflow/.local/lib/python3.12/site-packages/airflow/example_dags/example_time_delta_sensor_async.py for tasks to queue
[2025-03-11T03:32:11.548+0000] {logging_mixin.py:188} INFO - [2025-03-11T03:32:11.548+0000] {dagbag.py:545} INFO - Filling up the DagBag from /home/airflow/.local/lib/python3.12/site-packages/airflow/example_dags/example_time_delta_sensor_async.py
[2025-03-11T03:32:11.554+0000] {processor.py:840} INFO - DAG(s) 'example_time_delta_sensor_async' retrieved from /home/airflow/.local/lib/python3.12/site-packages/airflow/example_dags/example_time_delta_sensor_async.py
[2025-03-11T03:32:11.573+0000] {logging_mixin.py:188} INFO - [2025-03-11T03:32:11.573+0000] {dag.py:3096} INFO - Sync 1 DAGs
[2025-03-11T03:32:11.586+0000] {logging_mixin.py:188} INFO - [2025-03-11T03:32:11.586+0000] {dag.py:3954} INFO - Setting next_dagrun for example_time_delta_sensor_async to None, run_after=None
[2025-03-11T03:32:11.605+0000] {processor.py:183} INFO - Processing /home/airflow/.local/lib/python3.12/site-packages/airflow/example_dags/example_time_delta_sensor_async.py took 0.066 seconds
[2025-03-11T03:32:43.976+0000] {processor.py:161} INFO - Started process (PID=73115) to work on /home/airflow/.local/lib/python3.12/site-packages/airflow/example_dags/example_time_delta_sensor_async.py
[2025-03-11T03:32:43.982+0000] {processor.py:830} INFO - Processing file /home/airflow/.local/lib/python3.12/site-packages/airflow/example_dags/example_time_delta_sensor_async.py for tasks to queue
[2025-03-11T03:32:43.986+0000] {logging_mixin.py:188} INFO - [2025-03-11T03:32:43.986+0000] {dagbag.py:545} INFO - Filling up the DagBag from /home/airflow/.local/lib/python3.12/site-packages/airflow/example_dags/example_time_delta_sensor_async.py
[2025-03-11T03:32:43.993+0000] {processor.py:840} INFO - DAG(s) 'example_time_delta_sensor_async' retrieved from /home/airflow/.local/lib/python3.12/site-packages/airflow/example_dags/example_time_delta_sensor_async.py
[2025-03-11T03:32:44.025+0000] {logging_mixin.py:188} INFO - [2025-03-11T03:32:44.025+0000] {dag.py:3096} INFO - Sync 1 DAGs
[2025-03-11T03:32:44.039+0000] {logging_mixin.py:188} INFO - [2025-03-11T03:32:44.039+0000] {dag.py:3954} INFO - Setting next_dagrun for example_time_delta_sensor_async to None, run_after=None
[2025-03-11T03:32:44.063+0000] {processor.py:183} INFO - Processing /home/airflow/.local/lib/python3.12/site-packages/airflow/example_dags/example_time_delta_sensor_async.py took 0.096 seconds
