[2025-03-11T03:05:18.814+0000] {processor.py:161} INFO - Started process (PID=59510) to work on /home/airflow/.local/lib/python3.12/site-packages/airflow/example_dags/example_latest_only_with_trigger.py
[2025-03-11T03:05:18.816+0000] {processor.py:830} INFO - Processing file /home/airflow/.local/lib/python3.12/site-packages/airflow/example_dags/example_latest_only_with_trigger.py for tasks to queue
[2025-03-11T03:05:18.820+0000] {logging_mixin.py:188} INFO - [2025-03-11T03:05:18.820+0000] {dagbag.py:545} INFO - Filling up the DagBag from /home/airflow/.local/lib/python3.12/site-packages/airflow/example_dags/example_latest_only_with_trigger.py
[2025-03-11T03:05:18.827+0000] {processor.py:840} INFO - DAG(s) 'latest_only_with_trigger' retrieved from /home/airflow/.local/lib/python3.12/site-packages/airflow/example_dags/example_latest_only_with_trigger.py
[2025-03-11T03:05:18.852+0000] {logging_mixin.py:188} INFO - [2025-03-11T03:05:18.851+0000] {dag.py:3096} INFO - Sync 1 DAGs
[2025-03-11T03:05:18.876+0000] {logging_mixin.py:188} INFO - [2025-03-11T03:05:18.876+0000] {dag.py:3954} INFO - Setting next_dagrun for latest_only_with_trigger to 2025-03-10 20:00:00+00:00, run_after=2025-03-11 00:00:00+00:00
[2025-03-11T03:05:18.903+0000] {processor.py:183} INFO - Processing /home/airflow/.local/lib/python3.12/site-packages/airflow/example_dags/example_latest_only_with_trigger.py took 0.096 seconds
[2025-03-11T03:05:49.074+0000] {processor.py:161} INFO - Started process (PID=59772) to work on /home/airflow/.local/lib/python3.12/site-packages/airflow/example_dags/example_latest_only_with_trigger.py
[2025-03-11T03:05:49.075+0000] {processor.py:830} INFO - Processing file /home/airflow/.local/lib/python3.12/site-packages/airflow/example_dags/example_latest_only_with_trigger.py for tasks to queue
[2025-03-11T03:05:49.077+0000] {logging_mixin.py:188} INFO - [2025-03-11T03:05:49.077+0000] {dagbag.py:545} INFO - Filling up the DagBag from /home/airflow/.local/lib/python3.12/site-packages/airflow/example_dags/example_latest_only_with_trigger.py
[2025-03-11T03:05:49.085+0000] {processor.py:840} INFO - DAG(s) 'latest_only_with_trigger' retrieved from /home/airflow/.local/lib/python3.12/site-packages/airflow/example_dags/example_latest_only_with_trigger.py
[2025-03-11T03:05:49.109+0000] {logging_mixin.py:188} INFO - [2025-03-11T03:05:49.109+0000] {dag.py:3096} INFO - Sync 1 DAGs
[2025-03-11T03:05:49.134+0000] {logging_mixin.py:188} INFO - [2025-03-11T03:05:49.134+0000] {dag.py:3954} INFO - Setting next_dagrun for latest_only_with_trigger to 2025-03-10 20:00:00+00:00, run_after=2025-03-11 00:00:00+00:00
[2025-03-11T03:05:49.160+0000] {processor.py:183} INFO - Processing /home/airflow/.local/lib/python3.12/site-packages/airflow/example_dags/example_latest_only_with_trigger.py took 0.093 seconds
[2025-03-11T03:06:20.089+0000] {processor.py:161} INFO - Started process (PID=60034) to work on /home/airflow/.local/lib/python3.12/site-packages/airflow/example_dags/example_latest_only_with_trigger.py
[2025-03-11T03:06:20.090+0000] {processor.py:830} INFO - Processing file /home/airflow/.local/lib/python3.12/site-packages/airflow/example_dags/example_latest_only_with_trigger.py for tasks to queue
[2025-03-11T03:06:20.092+0000] {logging_mixin.py:188} INFO - [2025-03-11T03:06:20.091+0000] {dagbag.py:545} INFO - Filling up the DagBag from /home/airflow/.local/lib/python3.12/site-packages/airflow/example_dags/example_latest_only_with_trigger.py
[2025-03-11T03:06:20.096+0000] {processor.py:840} INFO - DAG(s) 'latest_only_with_trigger' retrieved from /home/airflow/.local/lib/python3.12/site-packages/airflow/example_dags/example_latest_only_with_trigger.py
[2025-03-11T03:06:20.116+0000] {logging_mixin.py:188} INFO - [2025-03-11T03:06:20.116+0000] {dag.py:3096} INFO - Sync 1 DAGs
[2025-03-11T03:06:20.136+0000] {logging_mixin.py:188} INFO - [2025-03-11T03:06:20.136+0000] {dag.py:3954} INFO - Setting next_dagrun for latest_only_with_trigger to 2025-03-10 20:00:00+00:00, run_after=2025-03-11 00:00:00+00:00
[2025-03-11T03:06:20.156+0000] {processor.py:183} INFO - Processing /home/airflow/.local/lib/python3.12/site-packages/airflow/example_dags/example_latest_only_with_trigger.py took 0.072 seconds
[2025-03-11T03:06:50.829+0000] {processor.py:161} INFO - Started process (PID=60296) to work on /home/airflow/.local/lib/python3.12/site-packages/airflow/example_dags/example_latest_only_with_trigger.py
[2025-03-11T03:06:50.831+0000] {processor.py:830} INFO - Processing file /home/airflow/.local/lib/python3.12/site-packages/airflow/example_dags/example_latest_only_with_trigger.py for tasks to queue
[2025-03-11T03:06:50.834+0000] {logging_mixin.py:188} INFO - [2025-03-11T03:06:50.834+0000] {dagbag.py:545} INFO - Filling up the DagBag from /home/airflow/.local/lib/python3.12/site-packages/airflow/example_dags/example_latest_only_with_trigger.py
[2025-03-11T03:06:50.841+0000] {processor.py:840} INFO - DAG(s) 'latest_only_with_trigger' retrieved from /home/airflow/.local/lib/python3.12/site-packages/airflow/example_dags/example_latest_only_with_trigger.py
[2025-03-11T03:06:50.866+0000] {logging_mixin.py:188} INFO - [2025-03-11T03:06:50.865+0000] {dag.py:3096} INFO - Sync 1 DAGs
[2025-03-11T03:06:50.890+0000] {logging_mixin.py:188} INFO - [2025-03-11T03:06:50.889+0000] {dag.py:3954} INFO - Setting next_dagrun for latest_only_with_trigger to 2025-03-10 20:00:00+00:00, run_after=2025-03-11 00:00:00+00:00
[2025-03-11T03:06:50.913+0000] {processor.py:183} INFO - Processing /home/airflow/.local/lib/python3.12/site-packages/airflow/example_dags/example_latest_only_with_trigger.py took 0.096 seconds
[2025-03-11T03:07:21.549+0000] {processor.py:161} INFO - Started process (PID=60558) to work on /home/airflow/.local/lib/python3.12/site-packages/airflow/example_dags/example_latest_only_with_trigger.py
[2025-03-11T03:07:21.556+0000] {processor.py:830} INFO - Processing file /home/airflow/.local/lib/python3.12/site-packages/airflow/example_dags/example_latest_only_with_trigger.py for tasks to queue
[2025-03-11T03:07:21.562+0000] {logging_mixin.py:188} INFO - [2025-03-11T03:07:21.560+0000] {dagbag.py:545} INFO - Filling up the DagBag from /home/airflow/.local/lib/python3.12/site-packages/airflow/example_dags/example_latest_only_with_trigger.py
[2025-03-11T03:07:21.573+0000] {processor.py:840} INFO - DAG(s) 'latest_only_with_trigger' retrieved from /home/airflow/.local/lib/python3.12/site-packages/airflow/example_dags/example_latest_only_with_trigger.py
[2025-03-11T03:07:21.596+0000] {logging_mixin.py:188} INFO - [2025-03-11T03:07:21.596+0000] {dag.py:3096} INFO - Sync 1 DAGs
[2025-03-11T03:07:21.618+0000] {logging_mixin.py:188} INFO - [2025-03-11T03:07:21.618+0000] {dag.py:3954} INFO - Setting next_dagrun for latest_only_with_trigger to 2025-03-10 20:00:00+00:00, run_after=2025-03-11 00:00:00+00:00
[2025-03-11T03:07:21.647+0000] {processor.py:183} INFO - Processing /home/airflow/.local/lib/python3.12/site-packages/airflow/example_dags/example_latest_only_with_trigger.py took 0.131 seconds
[2025-03-11T03:07:51.794+0000] {processor.py:161} INFO - Started process (PID=60820) to work on /home/airflow/.local/lib/python3.12/site-packages/airflow/example_dags/example_latest_only_with_trigger.py
[2025-03-11T03:07:51.795+0000] {processor.py:830} INFO - Processing file /home/airflow/.local/lib/python3.12/site-packages/airflow/example_dags/example_latest_only_with_trigger.py for tasks to queue
[2025-03-11T03:07:51.798+0000] {logging_mixin.py:188} INFO - [2025-03-11T03:07:51.797+0000] {dagbag.py:545} INFO - Filling up the DagBag from /home/airflow/.local/lib/python3.12/site-packages/airflow/example_dags/example_latest_only_with_trigger.py
[2025-03-11T03:07:51.804+0000] {processor.py:840} INFO - DAG(s) 'latest_only_with_trigger' retrieved from /home/airflow/.local/lib/python3.12/site-packages/airflow/example_dags/example_latest_only_with_trigger.py
[2025-03-11T03:07:51.828+0000] {logging_mixin.py:188} INFO - [2025-03-11T03:07:51.828+0000] {dag.py:3096} INFO - Sync 1 DAGs
[2025-03-11T03:07:51.855+0000] {logging_mixin.py:188} INFO - [2025-03-11T03:07:51.854+0000] {dag.py:3954} INFO - Setting next_dagrun for latest_only_with_trigger to 2025-03-10 20:00:00+00:00, run_after=2025-03-11 00:00:00+00:00
[2025-03-11T03:07:51.879+0000] {processor.py:183} INFO - Processing /home/airflow/.local/lib/python3.12/site-packages/airflow/example_dags/example_latest_only_with_trigger.py took 0.091 seconds
[2025-03-11T03:08:22.326+0000] {processor.py:161} INFO - Started process (PID=61082) to work on /home/airflow/.local/lib/python3.12/site-packages/airflow/example_dags/example_latest_only_with_trigger.py
[2025-03-11T03:08:22.327+0000] {processor.py:830} INFO - Processing file /home/airflow/.local/lib/python3.12/site-packages/airflow/example_dags/example_latest_only_with_trigger.py for tasks to queue
[2025-03-11T03:08:22.330+0000] {logging_mixin.py:188} INFO - [2025-03-11T03:08:22.330+0000] {dagbag.py:545} INFO - Filling up the DagBag from /home/airflow/.local/lib/python3.12/site-packages/airflow/example_dags/example_latest_only_with_trigger.py
[2025-03-11T03:08:22.337+0000] {processor.py:840} INFO - DAG(s) 'latest_only_with_trigger' retrieved from /home/airflow/.local/lib/python3.12/site-packages/airflow/example_dags/example_latest_only_with_trigger.py
[2025-03-11T03:08:22.367+0000] {logging_mixin.py:188} INFO - [2025-03-11T03:08:22.366+0000] {dag.py:3096} INFO - Sync 1 DAGs
[2025-03-11T03:08:22.390+0000] {logging_mixin.py:188} INFO - [2025-03-11T03:08:22.389+0000] {dag.py:3954} INFO - Setting next_dagrun for latest_only_with_trigger to 2025-03-10 20:00:00+00:00, run_after=2025-03-11 00:00:00+00:00
[2025-03-11T03:08:22.411+0000] {processor.py:183} INFO - Processing /home/airflow/.local/lib/python3.12/site-packages/airflow/example_dags/example_latest_only_with_trigger.py took 0.091 seconds
[2025-03-11T03:08:52.818+0000] {processor.py:161} INFO - Started process (PID=61338) to work on /home/airflow/.local/lib/python3.12/site-packages/airflow/example_dags/example_latest_only_with_trigger.py
[2025-03-11T03:08:52.819+0000] {processor.py:830} INFO - Processing file /home/airflow/.local/lib/python3.12/site-packages/airflow/example_dags/example_latest_only_with_trigger.py for tasks to queue
[2025-03-11T03:08:52.822+0000] {logging_mixin.py:188} INFO - [2025-03-11T03:08:52.821+0000] {dagbag.py:545} INFO - Filling up the DagBag from /home/airflow/.local/lib/python3.12/site-packages/airflow/example_dags/example_latest_only_with_trigger.py
[2025-03-11T03:08:52.828+0000] {processor.py:840} INFO - DAG(s) 'latest_only_with_trigger' retrieved from /home/airflow/.local/lib/python3.12/site-packages/airflow/example_dags/example_latest_only_with_trigger.py
[2025-03-11T03:08:52.853+0000] {logging_mixin.py:188} INFO - [2025-03-11T03:08:52.852+0000] {dag.py:3096} INFO - Sync 1 DAGs
[2025-03-11T03:08:52.876+0000] {logging_mixin.py:188} INFO - [2025-03-11T03:08:52.876+0000] {dag.py:3954} INFO - Setting next_dagrun for latest_only_with_trigger to 2025-03-10 20:00:00+00:00, run_after=2025-03-11 00:00:00+00:00
[2025-03-11T03:08:52.896+0000] {processor.py:183} INFO - Processing /home/airflow/.local/lib/python3.12/site-packages/airflow/example_dags/example_latest_only_with_trigger.py took 0.085 seconds
[2025-03-11T03:09:23.708+0000] {processor.py:161} INFO - Started process (PID=61600) to work on /home/airflow/.local/lib/python3.12/site-packages/airflow/example_dags/example_latest_only_with_trigger.py
[2025-03-11T03:09:23.709+0000] {processor.py:830} INFO - Processing file /home/airflow/.local/lib/python3.12/site-packages/airflow/example_dags/example_latest_only_with_trigger.py for tasks to queue
[2025-03-11T03:09:23.713+0000] {logging_mixin.py:188} INFO - [2025-03-11T03:09:23.712+0000] {dagbag.py:545} INFO - Filling up the DagBag from /home/airflow/.local/lib/python3.12/site-packages/airflow/example_dags/example_latest_only_with_trigger.py
[2025-03-11T03:09:23.718+0000] {processor.py:840} INFO - DAG(s) 'latest_only_with_trigger' retrieved from /home/airflow/.local/lib/python3.12/site-packages/airflow/example_dags/example_latest_only_with_trigger.py
[2025-03-11T03:09:23.738+0000] {logging_mixin.py:188} INFO - [2025-03-11T03:09:23.738+0000] {dag.py:3096} INFO - Sync 1 DAGs
[2025-03-11T03:09:23.761+0000] {logging_mixin.py:188} INFO - [2025-03-11T03:09:23.760+0000] {dag.py:3954} INFO - Setting next_dagrun for latest_only_with_trigger to 2025-03-10 20:00:00+00:00, run_after=2025-03-11 00:00:00+00:00
[2025-03-11T03:09:23.781+0000] {processor.py:183} INFO - Processing /home/airflow/.local/lib/python3.12/site-packages/airflow/example_dags/example_latest_only_with_trigger.py took 0.079 seconds
[2025-03-11T03:09:54.452+0000] {processor.py:161} INFO - Started process (PID=61863) to work on /home/airflow/.local/lib/python3.12/site-packages/airflow/example_dags/example_latest_only_with_trigger.py
[2025-03-11T03:09:54.453+0000] {processor.py:830} INFO - Processing file /home/airflow/.local/lib/python3.12/site-packages/airflow/example_dags/example_latest_only_with_trigger.py for tasks to queue
[2025-03-11T03:09:54.455+0000] {logging_mixin.py:188} INFO - [2025-03-11T03:09:54.455+0000] {dagbag.py:545} INFO - Filling up the DagBag from /home/airflow/.local/lib/python3.12/site-packages/airflow/example_dags/example_latest_only_with_trigger.py
[2025-03-11T03:09:54.461+0000] {processor.py:840} INFO - DAG(s) 'latest_only_with_trigger' retrieved from /home/airflow/.local/lib/python3.12/site-packages/airflow/example_dags/example_latest_only_with_trigger.py
[2025-03-11T03:09:54.485+0000] {logging_mixin.py:188} INFO - [2025-03-11T03:09:54.484+0000] {dag.py:3096} INFO - Sync 1 DAGs
[2025-03-11T03:09:54.510+0000] {logging_mixin.py:188} INFO - [2025-03-11T03:09:54.510+0000] {dag.py:3954} INFO - Setting next_dagrun for latest_only_with_trigger to 2025-03-10 20:00:00+00:00, run_after=2025-03-11 00:00:00+00:00
[2025-03-11T03:09:54.532+0000] {processor.py:183} INFO - Processing /home/airflow/.local/lib/python3.12/site-packages/airflow/example_dags/example_latest_only_with_trigger.py took 0.086 seconds
[2025-03-11T03:10:24.930+0000] {processor.py:161} INFO - Started process (PID=62125) to work on /home/airflow/.local/lib/python3.12/site-packages/airflow/example_dags/example_latest_only_with_trigger.py
[2025-03-11T03:10:24.938+0000] {processor.py:830} INFO - Processing file /home/airflow/.local/lib/python3.12/site-packages/airflow/example_dags/example_latest_only_with_trigger.py for tasks to queue
[2025-03-11T03:10:24.946+0000] {logging_mixin.py:188} INFO - [2025-03-11T03:10:24.945+0000] {dagbag.py:545} INFO - Filling up the DagBag from /home/airflow/.local/lib/python3.12/site-packages/airflow/example_dags/example_latest_only_with_trigger.py
[2025-03-11T03:10:24.960+0000] {processor.py:840} INFO - DAG(s) 'latest_only_with_trigger' retrieved from /home/airflow/.local/lib/python3.12/site-packages/airflow/example_dags/example_latest_only_with_trigger.py
[2025-03-11T03:10:24.986+0000] {logging_mixin.py:188} INFO - [2025-03-11T03:10:24.985+0000] {dag.py:3096} INFO - Sync 1 DAGs
[2025-03-11T03:10:25.006+0000] {logging_mixin.py:188} INFO - [2025-03-11T03:10:25.006+0000] {dag.py:3954} INFO - Setting next_dagrun for latest_only_with_trigger to 2025-03-10 20:00:00+00:00, run_after=2025-03-11 00:00:00+00:00
[2025-03-11T03:10:25.022+0000] {processor.py:183} INFO - Processing /home/airflow/.local/lib/python3.12/site-packages/airflow/example_dags/example_latest_only_with_trigger.py took 0.129 seconds
[2025-03-11T03:10:55.245+0000] {processor.py:161} INFO - Started process (PID=62385) to work on /home/airflow/.local/lib/python3.12/site-packages/airflow/example_dags/example_latest_only_with_trigger.py
[2025-03-11T03:10:55.246+0000] {processor.py:830} INFO - Processing file /home/airflow/.local/lib/python3.12/site-packages/airflow/example_dags/example_latest_only_with_trigger.py for tasks to queue
[2025-03-11T03:10:55.248+0000] {logging_mixin.py:188} INFO - [2025-03-11T03:10:55.248+0000] {dagbag.py:545} INFO - Filling up the DagBag from /home/airflow/.local/lib/python3.12/site-packages/airflow/example_dags/example_latest_only_with_trigger.py
[2025-03-11T03:10:55.254+0000] {processor.py:840} INFO - DAG(s) 'latest_only_with_trigger' retrieved from /home/airflow/.local/lib/python3.12/site-packages/airflow/example_dags/example_latest_only_with_trigger.py
[2025-03-11T03:10:55.273+0000] {logging_mixin.py:188} INFO - [2025-03-11T03:10:55.273+0000] {dag.py:3096} INFO - Sync 1 DAGs
[2025-03-11T03:10:55.293+0000] {logging_mixin.py:188} INFO - [2025-03-11T03:10:55.293+0000] {dag.py:3954} INFO - Setting next_dagrun for latest_only_with_trigger to 2025-03-10 20:00:00+00:00, run_after=2025-03-11 00:00:00+00:00
[2025-03-11T03:10:55.310+0000] {processor.py:183} INFO - Processing /home/airflow/.local/lib/python3.12/site-packages/airflow/example_dags/example_latest_only_with_trigger.py took 0.070 seconds
[2025-03-11T03:11:26.771+0000] {processor.py:161} INFO - Started process (PID=62649) to work on /home/airflow/.local/lib/python3.12/site-packages/airflow/example_dags/example_latest_only_with_trigger.py
[2025-03-11T03:11:26.773+0000] {processor.py:830} INFO - Processing file /home/airflow/.local/lib/python3.12/site-packages/airflow/example_dags/example_latest_only_with_trigger.py for tasks to queue
[2025-03-11T03:11:26.776+0000] {logging_mixin.py:188} INFO - [2025-03-11T03:11:26.775+0000] {dagbag.py:545} INFO - Filling up the DagBag from /home/airflow/.local/lib/python3.12/site-packages/airflow/example_dags/example_latest_only_with_trigger.py
[2025-03-11T03:11:26.784+0000] {processor.py:840} INFO - DAG(s) 'latest_only_with_trigger' retrieved from /home/airflow/.local/lib/python3.12/site-packages/airflow/example_dags/example_latest_only_with_trigger.py
[2025-03-11T03:11:26.816+0000] {logging_mixin.py:188} INFO - [2025-03-11T03:11:26.816+0000] {dag.py:3096} INFO - Sync 1 DAGs
[2025-03-11T03:11:26.847+0000] {logging_mixin.py:188} INFO - [2025-03-11T03:11:26.847+0000] {dag.py:3954} INFO - Setting next_dagrun for latest_only_with_trigger to 2025-03-10 20:00:00+00:00, run_after=2025-03-11 00:00:00+00:00
[2025-03-11T03:11:26.872+0000] {processor.py:183} INFO - Processing /home/airflow/.local/lib/python3.12/site-packages/airflow/example_dags/example_latest_only_with_trigger.py took 0.124 seconds
[2025-03-11T03:11:57.345+0000] {processor.py:161} INFO - Started process (PID=62919) to work on /home/airflow/.local/lib/python3.12/site-packages/airflow/example_dags/example_latest_only_with_trigger.py
[2025-03-11T03:11:57.346+0000] {processor.py:830} INFO - Processing file /home/airflow/.local/lib/python3.12/site-packages/airflow/example_dags/example_latest_only_with_trigger.py for tasks to queue
[2025-03-11T03:11:57.348+0000] {logging_mixin.py:188} INFO - [2025-03-11T03:11:57.348+0000] {dagbag.py:545} INFO - Filling up the DagBag from /home/airflow/.local/lib/python3.12/site-packages/airflow/example_dags/example_latest_only_with_trigger.py
[2025-03-11T03:11:57.353+0000] {processor.py:840} INFO - DAG(s) 'latest_only_with_trigger' retrieved from /home/airflow/.local/lib/python3.12/site-packages/airflow/example_dags/example_latest_only_with_trigger.py
[2025-03-11T03:11:57.375+0000] {logging_mixin.py:188} INFO - [2025-03-11T03:11:57.375+0000] {dag.py:3096} INFO - Sync 1 DAGs
[2025-03-11T03:11:57.395+0000] {logging_mixin.py:188} INFO - [2025-03-11T03:11:57.395+0000] {dag.py:3954} INFO - Setting next_dagrun for latest_only_with_trigger to 2025-03-10 20:00:00+00:00, run_after=2025-03-11 00:00:00+00:00
[2025-03-11T03:11:57.415+0000] {processor.py:183} INFO - Processing /home/airflow/.local/lib/python3.12/site-packages/airflow/example_dags/example_latest_only_with_trigger.py took 0.076 seconds
[2025-03-11T03:12:27.690+0000] {processor.py:161} INFO - Started process (PID=63181) to work on /home/airflow/.local/lib/python3.12/site-packages/airflow/example_dags/example_latest_only_with_trigger.py
[2025-03-11T03:12:27.692+0000] {processor.py:830} INFO - Processing file /home/airflow/.local/lib/python3.12/site-packages/airflow/example_dags/example_latest_only_with_trigger.py for tasks to queue
[2025-03-11T03:12:27.694+0000] {logging_mixin.py:188} INFO - [2025-03-11T03:12:27.694+0000] {dagbag.py:545} INFO - Filling up the DagBag from /home/airflow/.local/lib/python3.12/site-packages/airflow/example_dags/example_latest_only_with_trigger.py
[2025-03-11T03:12:27.702+0000] {processor.py:840} INFO - DAG(s) 'latest_only_with_trigger' retrieved from /home/airflow/.local/lib/python3.12/site-packages/airflow/example_dags/example_latest_only_with_trigger.py
[2025-03-11T03:12:27.740+0000] {logging_mixin.py:188} INFO - [2025-03-11T03:12:27.740+0000] {dag.py:3096} INFO - Sync 1 DAGs
[2025-03-11T03:12:27.768+0000] {logging_mixin.py:188} INFO - [2025-03-11T03:12:27.768+0000] {dag.py:3954} INFO - Setting next_dagrun for latest_only_with_trigger to 2025-03-10 20:00:00+00:00, run_after=2025-03-11 00:00:00+00:00
[2025-03-11T03:12:27.788+0000] {processor.py:183} INFO - Processing /home/airflow/.local/lib/python3.12/site-packages/airflow/example_dags/example_latest_only_with_trigger.py took 0.104 seconds
[2025-03-11T03:12:58.111+0000] {processor.py:161} INFO - Started process (PID=63442) to work on /home/airflow/.local/lib/python3.12/site-packages/airflow/example_dags/example_latest_only_with_trigger.py
[2025-03-11T03:12:58.114+0000] {processor.py:830} INFO - Processing file /home/airflow/.local/lib/python3.12/site-packages/airflow/example_dags/example_latest_only_with_trigger.py for tasks to queue
[2025-03-11T03:12:58.120+0000] {logging_mixin.py:188} INFO - [2025-03-11T03:12:58.119+0000] {dagbag.py:545} INFO - Filling up the DagBag from /home/airflow/.local/lib/python3.12/site-packages/airflow/example_dags/example_latest_only_with_trigger.py
[2025-03-11T03:12:58.136+0000] {processor.py:840} INFO - DAG(s) 'latest_only_with_trigger' retrieved from /home/airflow/.local/lib/python3.12/site-packages/airflow/example_dags/example_latest_only_with_trigger.py
[2025-03-11T03:12:58.174+0000] {logging_mixin.py:188} INFO - [2025-03-11T03:12:58.174+0000] {dag.py:3096} INFO - Sync 1 DAGs
[2025-03-11T03:12:58.200+0000] {logging_mixin.py:188} INFO - [2025-03-11T03:12:58.200+0000] {dag.py:3954} INFO - Setting next_dagrun for latest_only_with_trigger to 2025-03-10 20:00:00+00:00, run_after=2025-03-11 00:00:00+00:00
[2025-03-11T03:12:58.221+0000] {processor.py:183} INFO - Processing /home/airflow/.local/lib/python3.12/site-packages/airflow/example_dags/example_latest_only_with_trigger.py took 0.126 seconds
[2025-03-11T03:13:28.577+0000] {processor.py:161} INFO - Started process (PID=63704) to work on /home/airflow/.local/lib/python3.12/site-packages/airflow/example_dags/example_latest_only_with_trigger.py
[2025-03-11T03:13:28.579+0000] {processor.py:830} INFO - Processing file /home/airflow/.local/lib/python3.12/site-packages/airflow/example_dags/example_latest_only_with_trigger.py for tasks to queue
[2025-03-11T03:13:28.581+0000] {logging_mixin.py:188} INFO - [2025-03-11T03:13:28.581+0000] {dagbag.py:545} INFO - Filling up the DagBag from /home/airflow/.local/lib/python3.12/site-packages/airflow/example_dags/example_latest_only_with_trigger.py
[2025-03-11T03:13:28.587+0000] {processor.py:840} INFO - DAG(s) 'latest_only_with_trigger' retrieved from /home/airflow/.local/lib/python3.12/site-packages/airflow/example_dags/example_latest_only_with_trigger.py
[2025-03-11T03:13:28.616+0000] {logging_mixin.py:188} INFO - [2025-03-11T03:13:28.615+0000] {dag.py:3096} INFO - Sync 1 DAGs
[2025-03-11T03:13:28.637+0000] {logging_mixin.py:188} INFO - [2025-03-11T03:13:28.637+0000] {dag.py:3954} INFO - Setting next_dagrun for latest_only_with_trigger to 2025-03-10 20:00:00+00:00, run_after=2025-03-11 00:00:00+00:00
[2025-03-11T03:13:28.660+0000] {processor.py:183} INFO - Processing /home/airflow/.local/lib/python3.12/site-packages/airflow/example_dags/example_latest_only_with_trigger.py took 0.088 seconds
[2025-03-11T03:14:00.672+0000] {processor.py:161} INFO - Started process (PID=63966) to work on /home/airflow/.local/lib/python3.12/site-packages/airflow/example_dags/example_latest_only_with_trigger.py
[2025-03-11T03:14:00.674+0000] {processor.py:830} INFO - Processing file /home/airflow/.local/lib/python3.12/site-packages/airflow/example_dags/example_latest_only_with_trigger.py for tasks to queue
[2025-03-11T03:14:00.677+0000] {logging_mixin.py:188} INFO - [2025-03-11T03:14:00.677+0000] {dagbag.py:545} INFO - Filling up the DagBag from /home/airflow/.local/lib/python3.12/site-packages/airflow/example_dags/example_latest_only_with_trigger.py
[2025-03-11T03:14:00.685+0000] {processor.py:840} INFO - DAG(s) 'latest_only_with_trigger' retrieved from /home/airflow/.local/lib/python3.12/site-packages/airflow/example_dags/example_latest_only_with_trigger.py
[2025-03-11T03:14:00.732+0000] {logging_mixin.py:188} INFO - [2025-03-11T03:14:00.732+0000] {dag.py:3096} INFO - Sync 1 DAGs
[2025-03-11T03:14:00.790+0000] {logging_mixin.py:188} INFO - [2025-03-11T03:14:00.790+0000] {dag.py:3954} INFO - Setting next_dagrun for latest_only_with_trigger to 2025-03-10 20:00:00+00:00, run_after=2025-03-11 00:00:00+00:00
[2025-03-11T03:14:00.831+0000] {processor.py:183} INFO - Processing /home/airflow/.local/lib/python3.12/site-packages/airflow/example_dags/example_latest_only_with_trigger.py took 0.167 seconds
[2025-03-11T03:14:31.753+0000] {processor.py:161} INFO - Started process (PID=64228) to work on /home/airflow/.local/lib/python3.12/site-packages/airflow/example_dags/example_latest_only_with_trigger.py
[2025-03-11T03:14:31.755+0000] {processor.py:830} INFO - Processing file /home/airflow/.local/lib/python3.12/site-packages/airflow/example_dags/example_latest_only_with_trigger.py for tasks to queue
[2025-03-11T03:14:31.757+0000] {logging_mixin.py:188} INFO - [2025-03-11T03:14:31.757+0000] {dagbag.py:545} INFO - Filling up the DagBag from /home/airflow/.local/lib/python3.12/site-packages/airflow/example_dags/example_latest_only_with_trigger.py
[2025-03-11T03:14:31.763+0000] {processor.py:840} INFO - DAG(s) 'latest_only_with_trigger' retrieved from /home/airflow/.local/lib/python3.12/site-packages/airflow/example_dags/example_latest_only_with_trigger.py
[2025-03-11T03:14:31.789+0000] {logging_mixin.py:188} INFO - [2025-03-11T03:14:31.789+0000] {dag.py:3096} INFO - Sync 1 DAGs
[2025-03-11T03:14:31.816+0000] {logging_mixin.py:188} INFO - [2025-03-11T03:14:31.816+0000] {dag.py:3954} INFO - Setting next_dagrun for latest_only_with_trigger to 2025-03-10 20:00:00+00:00, run_after=2025-03-11 00:00:00+00:00
[2025-03-11T03:14:31.839+0000] {processor.py:183} INFO - Processing /home/airflow/.local/lib/python3.12/site-packages/airflow/example_dags/example_latest_only_with_trigger.py took 0.094 seconds
[2025-03-11T03:15:05.025+0000] {processor.py:161} INFO - Started process (PID=64492) to work on /home/airflow/.local/lib/python3.12/site-packages/airflow/example_dags/example_latest_only_with_trigger.py
[2025-03-11T03:15:05.028+0000] {processor.py:830} INFO - Processing file /home/airflow/.local/lib/python3.12/site-packages/airflow/example_dags/example_latest_only_with_trigger.py for tasks to queue
[2025-03-11T03:15:05.034+0000] {logging_mixin.py:188} INFO - [2025-03-11T03:15:05.034+0000] {dagbag.py:545} INFO - Filling up the DagBag from /home/airflow/.local/lib/python3.12/site-packages/airflow/example_dags/example_latest_only_with_trigger.py
[2025-03-11T03:15:05.041+0000] {processor.py:840} INFO - DAG(s) 'latest_only_with_trigger' retrieved from /home/airflow/.local/lib/python3.12/site-packages/airflow/example_dags/example_latest_only_with_trigger.py
[2025-03-11T03:15:05.078+0000] {logging_mixin.py:188} INFO - [2025-03-11T03:15:05.078+0000] {dag.py:3096} INFO - Sync 1 DAGs
[2025-03-11T03:15:05.100+0000] {logging_mixin.py:188} INFO - [2025-03-11T03:15:05.100+0000] {dag.py:3954} INFO - Setting next_dagrun for latest_only_with_trigger to 2025-03-10 20:00:00+00:00, run_after=2025-03-11 00:00:00+00:00
[2025-03-11T03:15:05.125+0000] {processor.py:183} INFO - Processing /home/airflow/.local/lib/python3.12/site-packages/airflow/example_dags/example_latest_only_with_trigger.py took 0.113 seconds
[2025-03-11T03:15:38.413+0000] {processor.py:161} INFO - Started process (PID=64752) to work on /home/airflow/.local/lib/python3.12/site-packages/airflow/example_dags/example_latest_only_with_trigger.py
[2025-03-11T03:15:38.415+0000] {processor.py:830} INFO - Processing file /home/airflow/.local/lib/python3.12/site-packages/airflow/example_dags/example_latest_only_with_trigger.py for tasks to queue
[2025-03-11T03:15:38.418+0000] {logging_mixin.py:188} INFO - [2025-03-11T03:15:38.417+0000] {dagbag.py:545} INFO - Filling up the DagBag from /home/airflow/.local/lib/python3.12/site-packages/airflow/example_dags/example_latest_only_with_trigger.py
[2025-03-11T03:15:38.427+0000] {processor.py:840} INFO - DAG(s) 'latest_only_with_trigger' retrieved from /home/airflow/.local/lib/python3.12/site-packages/airflow/example_dags/example_latest_only_with_trigger.py
[2025-03-11T03:15:38.455+0000] {logging_mixin.py:188} INFO - [2025-03-11T03:15:38.455+0000] {dag.py:3096} INFO - Sync 1 DAGs
[2025-03-11T03:15:38.601+0000] {logging_mixin.py:188} INFO - [2025-03-11T03:15:38.601+0000] {dag.py:3954} INFO - Setting next_dagrun for latest_only_with_trigger to 2025-03-10 20:00:00+00:00, run_after=2025-03-11 00:00:00+00:00
[2025-03-11T03:15:38.623+0000] {processor.py:183} INFO - Processing /home/airflow/.local/lib/python3.12/site-packages/airflow/example_dags/example_latest_only_with_trigger.py took 0.223 seconds
[2025-03-11T03:16:08.828+0000] {processor.py:161} INFO - Started process (PID=65014) to work on /home/airflow/.local/lib/python3.12/site-packages/airflow/example_dags/example_latest_only_with_trigger.py
[2025-03-11T03:16:08.830+0000] {processor.py:830} INFO - Processing file /home/airflow/.local/lib/python3.12/site-packages/airflow/example_dags/example_latest_only_with_trigger.py for tasks to queue
[2025-03-11T03:16:08.832+0000] {logging_mixin.py:188} INFO - [2025-03-11T03:16:08.832+0000] {dagbag.py:545} INFO - Filling up the DagBag from /home/airflow/.local/lib/python3.12/site-packages/airflow/example_dags/example_latest_only_with_trigger.py
[2025-03-11T03:16:08.839+0000] {processor.py:840} INFO - DAG(s) 'latest_only_with_trigger' retrieved from /home/airflow/.local/lib/python3.12/site-packages/airflow/example_dags/example_latest_only_with_trigger.py
[2025-03-11T03:16:08.867+0000] {logging_mixin.py:188} INFO - [2025-03-11T03:16:08.867+0000] {dag.py:3096} INFO - Sync 1 DAGs
[2025-03-11T03:16:08.914+0000] {logging_mixin.py:188} INFO - [2025-03-11T03:16:08.914+0000] {dag.py:3954} INFO - Setting next_dagrun for latest_only_with_trigger to 2025-03-10 20:00:00+00:00, run_after=2025-03-11 00:00:00+00:00
[2025-03-11T03:16:08.942+0000] {processor.py:183} INFO - Processing /home/airflow/.local/lib/python3.12/site-packages/airflow/example_dags/example_latest_only_with_trigger.py took 0.121 seconds
[2025-03-11T03:16:42.824+0000] {processor.py:161} INFO - Started process (PID=65276) to work on /home/airflow/.local/lib/python3.12/site-packages/airflow/example_dags/example_latest_only_with_trigger.py
[2025-03-11T03:16:42.825+0000] {processor.py:830} INFO - Processing file /home/airflow/.local/lib/python3.12/site-packages/airflow/example_dags/example_latest_only_with_trigger.py for tasks to queue
[2025-03-11T03:16:42.827+0000] {logging_mixin.py:188} INFO - [2025-03-11T03:16:42.827+0000] {dagbag.py:545} INFO - Filling up the DagBag from /home/airflow/.local/lib/python3.12/site-packages/airflow/example_dags/example_latest_only_with_trigger.py
[2025-03-11T03:16:42.833+0000] {processor.py:840} INFO - DAG(s) 'latest_only_with_trigger' retrieved from /home/airflow/.local/lib/python3.12/site-packages/airflow/example_dags/example_latest_only_with_trigger.py
[2025-03-11T03:16:42.854+0000] {logging_mixin.py:188} INFO - [2025-03-11T03:16:42.853+0000] {dag.py:3096} INFO - Sync 1 DAGs
[2025-03-11T03:16:42.877+0000] {logging_mixin.py:188} INFO - [2025-03-11T03:16:42.877+0000] {dag.py:3954} INFO - Setting next_dagrun for latest_only_with_trigger to 2025-03-10 20:00:00+00:00, run_after=2025-03-11 00:00:00+00:00
[2025-03-11T03:16:42.898+0000] {processor.py:183} INFO - Processing /home/airflow/.local/lib/python3.12/site-packages/airflow/example_dags/example_latest_only_with_trigger.py took 0.080 seconds
[2025-03-11T03:17:14.144+0000] {processor.py:161} INFO - Started process (PID=65540) to work on /home/airflow/.local/lib/python3.12/site-packages/airflow/example_dags/example_latest_only_with_trigger.py
[2025-03-11T03:17:14.146+0000] {processor.py:830} INFO - Processing file /home/airflow/.local/lib/python3.12/site-packages/airflow/example_dags/example_latest_only_with_trigger.py for tasks to queue
[2025-03-11T03:17:14.149+0000] {logging_mixin.py:188} INFO - [2025-03-11T03:17:14.148+0000] {dagbag.py:545} INFO - Filling up the DagBag from /home/airflow/.local/lib/python3.12/site-packages/airflow/example_dags/example_latest_only_with_trigger.py
[2025-03-11T03:17:14.156+0000] {processor.py:840} INFO - DAG(s) 'latest_only_with_trigger' retrieved from /home/airflow/.local/lib/python3.12/site-packages/airflow/example_dags/example_latest_only_with_trigger.py
[2025-03-11T03:17:14.181+0000] {logging_mixin.py:188} INFO - [2025-03-11T03:17:14.181+0000] {dag.py:3096} INFO - Sync 1 DAGs
[2025-03-11T03:17:14.318+0000] {logging_mixin.py:188} INFO - [2025-03-11T03:17:14.318+0000] {dag.py:3954} INFO - Setting next_dagrun for latest_only_with_trigger to 2025-03-10 20:00:00+00:00, run_after=2025-03-11 00:00:00+00:00
[2025-03-11T03:17:14.337+0000] {processor.py:183} INFO - Processing /home/airflow/.local/lib/python3.12/site-packages/airflow/example_dags/example_latest_only_with_trigger.py took 0.200 seconds
[2025-03-11T03:17:45.383+0000] {processor.py:161} INFO - Started process (PID=65800) to work on /home/airflow/.local/lib/python3.12/site-packages/airflow/example_dags/example_latest_only_with_trigger.py
[2025-03-11T03:17:45.384+0000] {processor.py:830} INFO - Processing file /home/airflow/.local/lib/python3.12/site-packages/airflow/example_dags/example_latest_only_with_trigger.py for tasks to queue
[2025-03-11T03:17:45.388+0000] {logging_mixin.py:188} INFO - [2025-03-11T03:17:45.388+0000] {dagbag.py:545} INFO - Filling up the DagBag from /home/airflow/.local/lib/python3.12/site-packages/airflow/example_dags/example_latest_only_with_trigger.py
[2025-03-11T03:17:45.394+0000] {processor.py:840} INFO - DAG(s) 'latest_only_with_trigger' retrieved from /home/airflow/.local/lib/python3.12/site-packages/airflow/example_dags/example_latest_only_with_trigger.py
[2025-03-11T03:17:45.417+0000] {logging_mixin.py:188} INFO - [2025-03-11T03:17:45.417+0000] {dag.py:3096} INFO - Sync 1 DAGs
[2025-03-11T03:17:45.441+0000] {logging_mixin.py:188} INFO - [2025-03-11T03:17:45.441+0000] {dag.py:3954} INFO - Setting next_dagrun for latest_only_with_trigger to 2025-03-10 20:00:00+00:00, run_after=2025-03-11 00:00:00+00:00
[2025-03-11T03:17:45.462+0000] {processor.py:183} INFO - Processing /home/airflow/.local/lib/python3.12/site-packages/airflow/example_dags/example_latest_only_with_trigger.py took 0.088 seconds
[2025-03-11T03:18:19.657+0000] {processor.py:161} INFO - Started process (PID=66063) to work on /home/airflow/.local/lib/python3.12/site-packages/airflow/example_dags/example_latest_only_with_trigger.py
[2025-03-11T03:18:19.659+0000] {processor.py:830} INFO - Processing file /home/airflow/.local/lib/python3.12/site-packages/airflow/example_dags/example_latest_only_with_trigger.py for tasks to queue
[2025-03-11T03:18:19.661+0000] {logging_mixin.py:188} INFO - [2025-03-11T03:18:19.660+0000] {dagbag.py:545} INFO - Filling up the DagBag from /home/airflow/.local/lib/python3.12/site-packages/airflow/example_dags/example_latest_only_with_trigger.py
[2025-03-11T03:18:19.667+0000] {processor.py:840} INFO - DAG(s) 'latest_only_with_trigger' retrieved from /home/airflow/.local/lib/python3.12/site-packages/airflow/example_dags/example_latest_only_with_trigger.py
[2025-03-11T03:18:19.825+0000] {logging_mixin.py:188} INFO - [2025-03-11T03:18:19.825+0000] {dag.py:3096} INFO - Sync 1 DAGs
[2025-03-11T03:18:19.850+0000] {logging_mixin.py:188} INFO - [2025-03-11T03:18:19.850+0000] {dag.py:3954} INFO - Setting next_dagrun for latest_only_with_trigger to 2025-03-10 20:00:00+00:00, run_after=2025-03-11 00:00:00+00:00
[2025-03-11T03:18:19.874+0000] {processor.py:183} INFO - Processing /home/airflow/.local/lib/python3.12/site-packages/airflow/example_dags/example_latest_only_with_trigger.py took 0.223 seconds
[2025-03-11T03:18:50.212+0000] {processor.py:161} INFO - Started process (PID=66326) to work on /home/airflow/.local/lib/python3.12/site-packages/airflow/example_dags/example_latest_only_with_trigger.py
[2025-03-11T03:18:50.214+0000] {processor.py:830} INFO - Processing file /home/airflow/.local/lib/python3.12/site-packages/airflow/example_dags/example_latest_only_with_trigger.py for tasks to queue
[2025-03-11T03:18:50.216+0000] {logging_mixin.py:188} INFO - [2025-03-11T03:18:50.216+0000] {dagbag.py:545} INFO - Filling up the DagBag from /home/airflow/.local/lib/python3.12/site-packages/airflow/example_dags/example_latest_only_with_trigger.py
[2025-03-11T03:18:50.221+0000] {processor.py:840} INFO - DAG(s) 'latest_only_with_trigger' retrieved from /home/airflow/.local/lib/python3.12/site-packages/airflow/example_dags/example_latest_only_with_trigger.py
[2025-03-11T03:18:50.246+0000] {logging_mixin.py:188} INFO - [2025-03-11T03:18:50.245+0000] {dag.py:3096} INFO - Sync 1 DAGs
[2025-03-11T03:18:50.267+0000] {logging_mixin.py:188} INFO - [2025-03-11T03:18:50.267+0000] {dag.py:3954} INFO - Setting next_dagrun for latest_only_with_trigger to 2025-03-10 20:00:00+00:00, run_after=2025-03-11 00:00:00+00:00
[2025-03-11T03:18:50.287+0000] {processor.py:183} INFO - Processing /home/airflow/.local/lib/python3.12/site-packages/airflow/example_dags/example_latest_only_with_trigger.py took 0.082 seconds
[2025-03-11T03:19:22.050+0000] {processor.py:161} INFO - Started process (PID=66586) to work on /home/airflow/.local/lib/python3.12/site-packages/airflow/example_dags/example_latest_only_with_trigger.py
[2025-03-11T03:19:22.052+0000] {processor.py:830} INFO - Processing file /home/airflow/.local/lib/python3.12/site-packages/airflow/example_dags/example_latest_only_with_trigger.py for tasks to queue
[2025-03-11T03:19:22.054+0000] {logging_mixin.py:188} INFO - [2025-03-11T03:19:22.053+0000] {dagbag.py:545} INFO - Filling up the DagBag from /home/airflow/.local/lib/python3.12/site-packages/airflow/example_dags/example_latest_only_with_trigger.py
[2025-03-11T03:19:22.060+0000] {processor.py:840} INFO - DAG(s) 'latest_only_with_trigger' retrieved from /home/airflow/.local/lib/python3.12/site-packages/airflow/example_dags/example_latest_only_with_trigger.py
[2025-03-11T03:19:22.083+0000] {logging_mixin.py:188} INFO - [2025-03-11T03:19:22.082+0000] {dag.py:3096} INFO - Sync 1 DAGs
[2025-03-11T03:19:22.108+0000] {logging_mixin.py:188} INFO - [2025-03-11T03:19:22.108+0000] {dag.py:3954} INFO - Setting next_dagrun for latest_only_with_trigger to 2025-03-10 20:00:00+00:00, run_after=2025-03-11 00:00:00+00:00
[2025-03-11T03:19:22.132+0000] {processor.py:183} INFO - Processing /home/airflow/.local/lib/python3.12/site-packages/airflow/example_dags/example_latest_only_with_trigger.py took 0.088 seconds
[2025-03-11T03:19:53.465+0000] {processor.py:161} INFO - Started process (PID=66850) to work on /home/airflow/.local/lib/python3.12/site-packages/airflow/example_dags/example_latest_only_with_trigger.py
[2025-03-11T03:19:53.467+0000] {processor.py:830} INFO - Processing file /home/airflow/.local/lib/python3.12/site-packages/airflow/example_dags/example_latest_only_with_trigger.py for tasks to queue
[2025-03-11T03:19:53.473+0000] {logging_mixin.py:188} INFO - [2025-03-11T03:19:53.471+0000] {dagbag.py:545} INFO - Filling up the DagBag from /home/airflow/.local/lib/python3.12/site-packages/airflow/example_dags/example_latest_only_with_trigger.py
[2025-03-11T03:19:53.485+0000] {processor.py:840} INFO - DAG(s) 'latest_only_with_trigger' retrieved from /home/airflow/.local/lib/python3.12/site-packages/airflow/example_dags/example_latest_only_with_trigger.py
[2025-03-11T03:19:53.510+0000] {logging_mixin.py:188} INFO - [2025-03-11T03:19:53.510+0000] {dag.py:3096} INFO - Sync 1 DAGs
[2025-03-11T03:19:53.534+0000] {logging_mixin.py:188} INFO - [2025-03-11T03:19:53.534+0000] {dag.py:3954} INFO - Setting next_dagrun for latest_only_with_trigger to 2025-03-10 20:00:00+00:00, run_after=2025-03-11 00:00:00+00:00
[2025-03-11T03:19:53.553+0000] {processor.py:183} INFO - Processing /home/airflow/.local/lib/python3.12/site-packages/airflow/example_dags/example_latest_only_with_trigger.py took 0.106 seconds
[2025-03-11T03:20:26.538+0000] {processor.py:161} INFO - Started process (PID=67116) to work on /home/airflow/.local/lib/python3.12/site-packages/airflow/example_dags/example_latest_only_with_trigger.py
[2025-03-11T03:20:26.541+0000] {processor.py:830} INFO - Processing file /home/airflow/.local/lib/python3.12/site-packages/airflow/example_dags/example_latest_only_with_trigger.py for tasks to queue
[2025-03-11T03:20:26.548+0000] {logging_mixin.py:188} INFO - [2025-03-11T03:20:26.548+0000] {dagbag.py:545} INFO - Filling up the DagBag from /home/airflow/.local/lib/python3.12/site-packages/airflow/example_dags/example_latest_only_with_trigger.py
[2025-03-11T03:20:26.556+0000] {processor.py:840} INFO - DAG(s) 'latest_only_with_trigger' retrieved from /home/airflow/.local/lib/python3.12/site-packages/airflow/example_dags/example_latest_only_with_trigger.py
[2025-03-11T03:20:26.591+0000] {logging_mixin.py:188} INFO - [2025-03-11T03:20:26.591+0000] {dag.py:3096} INFO - Sync 1 DAGs
[2025-03-11T03:20:26.622+0000] {logging_mixin.py:188} INFO - [2025-03-11T03:20:26.622+0000] {dag.py:3954} INFO - Setting next_dagrun for latest_only_with_trigger to 2025-03-10 20:00:00+00:00, run_after=2025-03-11 00:00:00+00:00
[2025-03-11T03:20:26.662+0000] {processor.py:183} INFO - Processing /home/airflow/.local/lib/python3.12/site-packages/airflow/example_dags/example_latest_only_with_trigger.py took 0.133 seconds
[2025-03-11T03:20:57.513+0000] {processor.py:161} INFO - Started process (PID=67376) to work on /home/airflow/.local/lib/python3.12/site-packages/airflow/example_dags/example_latest_only_with_trigger.py
[2025-03-11T03:20:57.514+0000] {processor.py:830} INFO - Processing file /home/airflow/.local/lib/python3.12/site-packages/airflow/example_dags/example_latest_only_with_trigger.py for tasks to queue
[2025-03-11T03:20:57.516+0000] {logging_mixin.py:188} INFO - [2025-03-11T03:20:57.516+0000] {dagbag.py:545} INFO - Filling up the DagBag from /home/airflow/.local/lib/python3.12/site-packages/airflow/example_dags/example_latest_only_with_trigger.py
[2025-03-11T03:20:57.521+0000] {processor.py:840} INFO - DAG(s) 'latest_only_with_trigger' retrieved from /home/airflow/.local/lib/python3.12/site-packages/airflow/example_dags/example_latest_only_with_trigger.py
[2025-03-11T03:20:57.541+0000] {logging_mixin.py:188} INFO - [2025-03-11T03:20:57.541+0000] {dag.py:3096} INFO - Sync 1 DAGs
[2025-03-11T03:20:57.561+0000] {logging_mixin.py:188} INFO - [2025-03-11T03:20:57.561+0000] {dag.py:3954} INFO - Setting next_dagrun for latest_only_with_trigger to 2025-03-10 20:00:00+00:00, run_after=2025-03-11 00:00:00+00:00
[2025-03-11T03:20:57.579+0000] {processor.py:183} INFO - Processing /home/airflow/.local/lib/python3.12/site-packages/airflow/example_dags/example_latest_only_with_trigger.py took 0.072 seconds
[2025-03-11T03:21:31.172+0000] {processor.py:161} INFO - Started process (PID=67640) to work on /home/airflow/.local/lib/python3.12/site-packages/airflow/example_dags/example_latest_only_with_trigger.py
[2025-03-11T03:21:31.173+0000] {processor.py:830} INFO - Processing file /home/airflow/.local/lib/python3.12/site-packages/airflow/example_dags/example_latest_only_with_trigger.py for tasks to queue
[2025-03-11T03:21:31.176+0000] {logging_mixin.py:188} INFO - [2025-03-11T03:21:31.175+0000] {dagbag.py:545} INFO - Filling up the DagBag from /home/airflow/.local/lib/python3.12/site-packages/airflow/example_dags/example_latest_only_with_trigger.py
[2025-03-11T03:21:31.181+0000] {processor.py:840} INFO - DAG(s) 'latest_only_with_trigger' retrieved from /home/airflow/.local/lib/python3.12/site-packages/airflow/example_dags/example_latest_only_with_trigger.py
[2025-03-11T03:21:31.211+0000] {logging_mixin.py:188} INFO - [2025-03-11T03:21:31.211+0000] {dag.py:3096} INFO - Sync 1 DAGs
[2025-03-11T03:21:31.235+0000] {logging_mixin.py:188} INFO - [2025-03-11T03:21:31.234+0000] {dag.py:3954} INFO - Setting next_dagrun for latest_only_with_trigger to 2025-03-10 20:00:00+00:00, run_after=2025-03-11 00:00:00+00:00
[2025-03-11T03:21:31.253+0000] {processor.py:183} INFO - Processing /home/airflow/.local/lib/python3.12/site-packages/airflow/example_dags/example_latest_only_with_trigger.py took 0.086 seconds
[2025-03-11T03:22:02.627+0000] {processor.py:161} INFO - Started process (PID=67900) to work on /home/airflow/.local/lib/python3.12/site-packages/airflow/example_dags/example_latest_only_with_trigger.py
[2025-03-11T03:22:02.628+0000] {processor.py:830} INFO - Processing file /home/airflow/.local/lib/python3.12/site-packages/airflow/example_dags/example_latest_only_with_trigger.py for tasks to queue
[2025-03-11T03:22:02.630+0000] {logging_mixin.py:188} INFO - [2025-03-11T03:22:02.630+0000] {dagbag.py:545} INFO - Filling up the DagBag from /home/airflow/.local/lib/python3.12/site-packages/airflow/example_dags/example_latest_only_with_trigger.py
[2025-03-11T03:22:02.638+0000] {processor.py:840} INFO - DAG(s) 'latest_only_with_trigger' retrieved from /home/airflow/.local/lib/python3.12/site-packages/airflow/example_dags/example_latest_only_with_trigger.py
[2025-03-11T03:22:02.660+0000] {logging_mixin.py:188} INFO - [2025-03-11T03:22:02.660+0000] {dag.py:3096} INFO - Sync 1 DAGs
[2025-03-11T03:22:02.683+0000] {logging_mixin.py:188} INFO - [2025-03-11T03:22:02.683+0000] {dag.py:3954} INFO - Setting next_dagrun for latest_only_with_trigger to 2025-03-10 20:00:00+00:00, run_after=2025-03-11 00:00:00+00:00
[2025-03-11T03:22:02.703+0000] {processor.py:183} INFO - Processing /home/airflow/.local/lib/python3.12/site-packages/airflow/example_dags/example_latest_only_with_trigger.py took 0.082 seconds
[2025-03-11T03:22:35.679+0000] {processor.py:161} INFO - Started process (PID=68172) to work on /home/airflow/.local/lib/python3.12/site-packages/airflow/example_dags/example_latest_only_with_trigger.py
[2025-03-11T03:22:35.681+0000] {processor.py:830} INFO - Processing file /home/airflow/.local/lib/python3.12/site-packages/airflow/example_dags/example_latest_only_with_trigger.py for tasks to queue
[2025-03-11T03:22:35.684+0000] {logging_mixin.py:188} INFO - [2025-03-11T03:22:35.683+0000] {dagbag.py:545} INFO - Filling up the DagBag from /home/airflow/.local/lib/python3.12/site-packages/airflow/example_dags/example_latest_only_with_trigger.py
[2025-03-11T03:22:35.689+0000] {processor.py:840} INFO - DAG(s) 'latest_only_with_trigger' retrieved from /home/airflow/.local/lib/python3.12/site-packages/airflow/example_dags/example_latest_only_with_trigger.py
[2025-03-11T03:22:35.710+0000] {logging_mixin.py:188} INFO - [2025-03-11T03:22:35.709+0000] {dag.py:3096} INFO - Sync 1 DAGs
[2025-03-11T03:22:35.733+0000] {logging_mixin.py:188} INFO - [2025-03-11T03:22:35.732+0000] {dag.py:3954} INFO - Setting next_dagrun for latest_only_with_trigger to 2025-03-10 20:00:00+00:00, run_after=2025-03-11 00:00:00+00:00
[2025-03-11T03:22:35.752+0000] {processor.py:183} INFO - Processing /home/airflow/.local/lib/python3.12/site-packages/airflow/example_dags/example_latest_only_with_trigger.py took 0.078 seconds
[2025-03-11T03:23:07.791+0000] {processor.py:161} INFO - Started process (PID=68436) to work on /home/airflow/.local/lib/python3.12/site-packages/airflow/example_dags/example_latest_only_with_trigger.py
[2025-03-11T03:23:07.792+0000] {processor.py:830} INFO - Processing file /home/airflow/.local/lib/python3.12/site-packages/airflow/example_dags/example_latest_only_with_trigger.py for tasks to queue
[2025-03-11T03:23:07.796+0000] {logging_mixin.py:188} INFO - [2025-03-11T03:23:07.794+0000] {dagbag.py:545} INFO - Filling up the DagBag from /home/airflow/.local/lib/python3.12/site-packages/airflow/example_dags/example_latest_only_with_trigger.py
[2025-03-11T03:23:07.803+0000] {processor.py:840} INFO - DAG(s) 'latest_only_with_trigger' retrieved from /home/airflow/.local/lib/python3.12/site-packages/airflow/example_dags/example_latest_only_with_trigger.py
[2025-03-11T03:23:07.851+0000] {logging_mixin.py:188} INFO - [2025-03-11T03:23:07.850+0000] {dag.py:3096} INFO - Sync 1 DAGs
[2025-03-11T03:23:07.873+0000] {logging_mixin.py:188} INFO - [2025-03-11T03:23:07.873+0000] {dag.py:3954} INFO - Setting next_dagrun for latest_only_with_trigger to 2025-03-10 20:00:00+00:00, run_after=2025-03-11 00:00:00+00:00
[2025-03-11T03:23:07.893+0000] {processor.py:183} INFO - Processing /home/airflow/.local/lib/python3.12/site-packages/airflow/example_dags/example_latest_only_with_trigger.py took 0.118 seconds
[2025-03-11T03:23:38.822+0000] {processor.py:161} INFO - Started process (PID=68696) to work on /home/airflow/.local/lib/python3.12/site-packages/airflow/example_dags/example_latest_only_with_trigger.py
[2025-03-11T03:23:38.825+0000] {processor.py:830} INFO - Processing file /home/airflow/.local/lib/python3.12/site-packages/airflow/example_dags/example_latest_only_with_trigger.py for tasks to queue
[2025-03-11T03:23:38.828+0000] {logging_mixin.py:188} INFO - [2025-03-11T03:23:38.828+0000] {dagbag.py:545} INFO - Filling up the DagBag from /home/airflow/.local/lib/python3.12/site-packages/airflow/example_dags/example_latest_only_with_trigger.py
[2025-03-11T03:23:38.836+0000] {processor.py:840} INFO - DAG(s) 'latest_only_with_trigger' retrieved from /home/airflow/.local/lib/python3.12/site-packages/airflow/example_dags/example_latest_only_with_trigger.py
[2025-03-11T03:23:38.864+0000] {logging_mixin.py:188} INFO - [2025-03-11T03:23:38.864+0000] {dag.py:3096} INFO - Sync 1 DAGs
[2025-03-11T03:23:38.902+0000] {logging_mixin.py:188} INFO - [2025-03-11T03:23:38.901+0000] {dag.py:3954} INFO - Setting next_dagrun for latest_only_with_trigger to 2025-03-10 20:00:00+00:00, run_after=2025-03-11 00:00:00+00:00
[2025-03-11T03:23:38.929+0000] {processor.py:183} INFO - Processing /home/airflow/.local/lib/python3.12/site-packages/airflow/example_dags/example_latest_only_with_trigger.py took 0.117 seconds
[2025-03-11T03:24:11.931+0000] {processor.py:161} INFO - Started process (PID=68958) to work on /home/airflow/.local/lib/python3.12/site-packages/airflow/example_dags/example_latest_only_with_trigger.py
[2025-03-11T03:24:11.933+0000] {processor.py:830} INFO - Processing file /home/airflow/.local/lib/python3.12/site-packages/airflow/example_dags/example_latest_only_with_trigger.py for tasks to queue
[2025-03-11T03:24:11.935+0000] {logging_mixin.py:188} INFO - [2025-03-11T03:24:11.935+0000] {dagbag.py:545} INFO - Filling up the DagBag from /home/airflow/.local/lib/python3.12/site-packages/airflow/example_dags/example_latest_only_with_trigger.py
[2025-03-11T03:24:11.941+0000] {processor.py:840} INFO - DAG(s) 'latest_only_with_trigger' retrieved from /home/airflow/.local/lib/python3.12/site-packages/airflow/example_dags/example_latest_only_with_trigger.py
[2025-03-11T03:24:11.963+0000] {logging_mixin.py:188} INFO - [2025-03-11T03:24:11.962+0000] {dag.py:3096} INFO - Sync 1 DAGs
[2025-03-11T03:24:11.985+0000] {logging_mixin.py:188} INFO - [2025-03-11T03:24:11.985+0000] {dag.py:3954} INFO - Setting next_dagrun for latest_only_with_trigger to 2025-03-10 20:00:00+00:00, run_after=2025-03-11 00:00:00+00:00
[2025-03-11T03:24:12.006+0000] {processor.py:183} INFO - Processing /home/airflow/.local/lib/python3.12/site-packages/airflow/example_dags/example_latest_only_with_trigger.py took 0.081 seconds
[2025-03-11T03:24:43.854+0000] {processor.py:161} INFO - Started process (PID=69220) to work on /home/airflow/.local/lib/python3.12/site-packages/airflow/example_dags/example_latest_only_with_trigger.py
[2025-03-11T03:24:43.855+0000] {processor.py:830} INFO - Processing file /home/airflow/.local/lib/python3.12/site-packages/airflow/example_dags/example_latest_only_with_trigger.py for tasks to queue
[2025-03-11T03:24:43.857+0000] {logging_mixin.py:188} INFO - [2025-03-11T03:24:43.857+0000] {dagbag.py:545} INFO - Filling up the DagBag from /home/airflow/.local/lib/python3.12/site-packages/airflow/example_dags/example_latest_only_with_trigger.py
[2025-03-11T03:24:43.863+0000] {processor.py:840} INFO - DAG(s) 'latest_only_with_trigger' retrieved from /home/airflow/.local/lib/python3.12/site-packages/airflow/example_dags/example_latest_only_with_trigger.py
[2025-03-11T03:24:43.885+0000] {logging_mixin.py:188} INFO - [2025-03-11T03:24:43.884+0000] {dag.py:3096} INFO - Sync 1 DAGs
[2025-03-11T03:24:43.907+0000] {logging_mixin.py:188} INFO - [2025-03-11T03:24:43.907+0000] {dag.py:3954} INFO - Setting next_dagrun for latest_only_with_trigger to 2025-03-10 20:00:00+00:00, run_after=2025-03-11 00:00:00+00:00
[2025-03-11T03:24:43.928+0000] {processor.py:183} INFO - Processing /home/airflow/.local/lib/python3.12/site-packages/airflow/example_dags/example_latest_only_with_trigger.py took 0.080 seconds
[2025-03-11T03:25:15.532+0000] {processor.py:161} INFO - Started process (PID=69482) to work on /home/airflow/.local/lib/python3.12/site-packages/airflow/example_dags/example_latest_only_with_trigger.py
[2025-03-11T03:25:15.534+0000] {processor.py:830} INFO - Processing file /home/airflow/.local/lib/python3.12/site-packages/airflow/example_dags/example_latest_only_with_trigger.py for tasks to queue
[2025-03-11T03:25:15.537+0000] {logging_mixin.py:188} INFO - [2025-03-11T03:25:15.536+0000] {dagbag.py:545} INFO - Filling up the DagBag from /home/airflow/.local/lib/python3.12/site-packages/airflow/example_dags/example_latest_only_with_trigger.py
[2025-03-11T03:25:15.547+0000] {processor.py:840} INFO - DAG(s) 'latest_only_with_trigger' retrieved from /home/airflow/.local/lib/python3.12/site-packages/airflow/example_dags/example_latest_only_with_trigger.py
[2025-03-11T03:25:15.580+0000] {logging_mixin.py:188} INFO - [2025-03-11T03:25:15.579+0000] {dag.py:3096} INFO - Sync 1 DAGs
[2025-03-11T03:25:15.608+0000] {logging_mixin.py:188} INFO - [2025-03-11T03:25:15.607+0000] {dag.py:3954} INFO - Setting next_dagrun for latest_only_with_trigger to 2025-03-10 20:00:00+00:00, run_after=2025-03-11 00:00:00+00:00
[2025-03-11T03:25:15.632+0000] {processor.py:183} INFO - Processing /home/airflow/.local/lib/python3.12/site-packages/airflow/example_dags/example_latest_only_with_trigger.py took 0.108 seconds
[2025-03-11T03:25:47.985+0000] {processor.py:161} INFO - Started process (PID=69746) to work on /home/airflow/.local/lib/python3.12/site-packages/airflow/example_dags/example_latest_only_with_trigger.py
[2025-03-11T03:25:47.987+0000] {processor.py:830} INFO - Processing file /home/airflow/.local/lib/python3.12/site-packages/airflow/example_dags/example_latest_only_with_trigger.py for tasks to queue
[2025-03-11T03:25:47.990+0000] {logging_mixin.py:188} INFO - [2025-03-11T03:25:47.990+0000] {dagbag.py:545} INFO - Filling up the DagBag from /home/airflow/.local/lib/python3.12/site-packages/airflow/example_dags/example_latest_only_with_trigger.py
[2025-03-11T03:25:47.999+0000] {processor.py:840} INFO - DAG(s) 'latest_only_with_trigger' retrieved from /home/airflow/.local/lib/python3.12/site-packages/airflow/example_dags/example_latest_only_with_trigger.py
[2025-03-11T03:25:48.024+0000] {logging_mixin.py:188} INFO - [2025-03-11T03:25:48.024+0000] {dag.py:3096} INFO - Sync 1 DAGs
[2025-03-11T03:25:48.049+0000] {logging_mixin.py:188} INFO - [2025-03-11T03:25:48.049+0000] {dag.py:3954} INFO - Setting next_dagrun for latest_only_with_trigger to 2025-03-10 20:00:00+00:00, run_after=2025-03-11 00:00:00+00:00
[2025-03-11T03:25:48.067+0000] {processor.py:183} INFO - Processing /home/airflow/.local/lib/python3.12/site-packages/airflow/example_dags/example_latest_only_with_trigger.py took 0.093 seconds
[2025-03-11T03:26:20.221+0000] {processor.py:161} INFO - Started process (PID=70006) to work on /home/airflow/.local/lib/python3.12/site-packages/airflow/example_dags/example_latest_only_with_trigger.py
[2025-03-11T03:26:20.222+0000] {processor.py:830} INFO - Processing file /home/airflow/.local/lib/python3.12/site-packages/airflow/example_dags/example_latest_only_with_trigger.py for tasks to queue
[2025-03-11T03:26:20.224+0000] {logging_mixin.py:188} INFO - [2025-03-11T03:26:20.223+0000] {dagbag.py:545} INFO - Filling up the DagBag from /home/airflow/.local/lib/python3.12/site-packages/airflow/example_dags/example_latest_only_with_trigger.py
[2025-03-11T03:26:20.229+0000] {processor.py:840} INFO - DAG(s) 'latest_only_with_trigger' retrieved from /home/airflow/.local/lib/python3.12/site-packages/airflow/example_dags/example_latest_only_with_trigger.py
[2025-03-11T03:26:20.249+0000] {logging_mixin.py:188} INFO - [2025-03-11T03:26:20.249+0000] {dag.py:3096} INFO - Sync 1 DAGs
[2025-03-11T03:26:20.271+0000] {logging_mixin.py:188} INFO - [2025-03-11T03:26:20.271+0000] {dag.py:3954} INFO - Setting next_dagrun for latest_only_with_trigger to 2025-03-10 20:00:00+00:00, run_after=2025-03-11 00:00:00+00:00
[2025-03-11T03:26:20.289+0000] {processor.py:183} INFO - Processing /home/airflow/.local/lib/python3.12/site-packages/airflow/example_dags/example_latest_only_with_trigger.py took 0.074 seconds
[2025-03-11T03:26:51.049+0000] {processor.py:161} INFO - Started process (PID=70268) to work on /home/airflow/.local/lib/python3.12/site-packages/airflow/example_dags/example_latest_only_with_trigger.py
[2025-03-11T03:26:51.051+0000] {processor.py:830} INFO - Processing file /home/airflow/.local/lib/python3.12/site-packages/airflow/example_dags/example_latest_only_with_trigger.py for tasks to queue
[2025-03-11T03:26:51.053+0000] {logging_mixin.py:188} INFO - [2025-03-11T03:26:51.053+0000] {dagbag.py:545} INFO - Filling up the DagBag from /home/airflow/.local/lib/python3.12/site-packages/airflow/example_dags/example_latest_only_with_trigger.py
[2025-03-11T03:26:51.059+0000] {processor.py:840} INFO - DAG(s) 'latest_only_with_trigger' retrieved from /home/airflow/.local/lib/python3.12/site-packages/airflow/example_dags/example_latest_only_with_trigger.py
[2025-03-11T03:26:51.080+0000] {logging_mixin.py:188} INFO - [2025-03-11T03:26:51.080+0000] {dag.py:3096} INFO - Sync 1 DAGs
[2025-03-11T03:26:51.104+0000] {logging_mixin.py:188} INFO - [2025-03-11T03:26:51.104+0000] {dag.py:3954} INFO - Setting next_dagrun for latest_only_with_trigger to 2025-03-10 20:00:00+00:00, run_after=2025-03-11 00:00:00+00:00
[2025-03-11T03:26:51.125+0000] {processor.py:183} INFO - Processing /home/airflow/.local/lib/python3.12/site-packages/airflow/example_dags/example_latest_only_with_trigger.py took 0.083 seconds
[2025-03-11T03:27:24.269+0000] {processor.py:161} INFO - Started process (PID=70532) to work on /home/airflow/.local/lib/python3.12/site-packages/airflow/example_dags/example_latest_only_with_trigger.py
[2025-03-11T03:27:24.270+0000] {processor.py:830} INFO - Processing file /home/airflow/.local/lib/python3.12/site-packages/airflow/example_dags/example_latest_only_with_trigger.py for tasks to queue
[2025-03-11T03:27:24.274+0000] {logging_mixin.py:188} INFO - [2025-03-11T03:27:24.273+0000] {dagbag.py:545} INFO - Filling up the DagBag from /home/airflow/.local/lib/python3.12/site-packages/airflow/example_dags/example_latest_only_with_trigger.py
[2025-03-11T03:27:24.279+0000] {processor.py:840} INFO - DAG(s) 'latest_only_with_trigger' retrieved from /home/airflow/.local/lib/python3.12/site-packages/airflow/example_dags/example_latest_only_with_trigger.py
[2025-03-11T03:27:24.303+0000] {logging_mixin.py:188} INFO - [2025-03-11T03:27:24.302+0000] {dag.py:3096} INFO - Sync 1 DAGs
[2025-03-11T03:27:24.334+0000] {logging_mixin.py:188} INFO - [2025-03-11T03:27:24.334+0000] {dag.py:3954} INFO - Setting next_dagrun for latest_only_with_trigger to 2025-03-10 20:00:00+00:00, run_after=2025-03-11 00:00:00+00:00
[2025-03-11T03:27:24.359+0000] {processor.py:183} INFO - Processing /home/airflow/.local/lib/python3.12/site-packages/airflow/example_dags/example_latest_only_with_trigger.py took 0.099 seconds
[2025-03-11T03:27:56.031+0000] {processor.py:161} INFO - Started process (PID=70794) to work on /home/airflow/.local/lib/python3.12/site-packages/airflow/example_dags/example_latest_only_with_trigger.py
[2025-03-11T03:27:56.033+0000] {processor.py:830} INFO - Processing file /home/airflow/.local/lib/python3.12/site-packages/airflow/example_dags/example_latest_only_with_trigger.py for tasks to queue
[2025-03-11T03:27:56.036+0000] {logging_mixin.py:188} INFO - [2025-03-11T03:27:56.035+0000] {dagbag.py:545} INFO - Filling up the DagBag from /home/airflow/.local/lib/python3.12/site-packages/airflow/example_dags/example_latest_only_with_trigger.py
[2025-03-11T03:27:56.042+0000] {processor.py:840} INFO - DAG(s) 'latest_only_with_trigger' retrieved from /home/airflow/.local/lib/python3.12/site-packages/airflow/example_dags/example_latest_only_with_trigger.py
[2025-03-11T03:27:56.064+0000] {logging_mixin.py:188} INFO - [2025-03-11T03:27:56.064+0000] {dag.py:3096} INFO - Sync 1 DAGs
[2025-03-11T03:27:56.088+0000] {logging_mixin.py:188} INFO - [2025-03-11T03:27:56.088+0000] {dag.py:3954} INFO - Setting next_dagrun for latest_only_with_trigger to 2025-03-10 20:00:00+00:00, run_after=2025-03-11 00:00:00+00:00
[2025-03-11T03:27:56.109+0000] {processor.py:183} INFO - Processing /home/airflow/.local/lib/python3.12/site-packages/airflow/example_dags/example_latest_only_with_trigger.py took 0.087 seconds
[2025-03-11T03:28:28.781+0000] {processor.py:161} INFO - Started process (PID=71054) to work on /home/airflow/.local/lib/python3.12/site-packages/airflow/example_dags/example_latest_only_with_trigger.py
[2025-03-11T03:28:28.782+0000] {processor.py:830} INFO - Processing file /home/airflow/.local/lib/python3.12/site-packages/airflow/example_dags/example_latest_only_with_trigger.py for tasks to queue
[2025-03-11T03:28:28.785+0000] {logging_mixin.py:188} INFO - [2025-03-11T03:28:28.784+0000] {dagbag.py:545} INFO - Filling up the DagBag from /home/airflow/.local/lib/python3.12/site-packages/airflow/example_dags/example_latest_only_with_trigger.py
[2025-03-11T03:28:28.793+0000] {processor.py:840} INFO - DAG(s) 'latest_only_with_trigger' retrieved from /home/airflow/.local/lib/python3.12/site-packages/airflow/example_dags/example_latest_only_with_trigger.py
[2025-03-11T03:28:28.819+0000] {logging_mixin.py:188} INFO - [2025-03-11T03:28:28.818+0000] {dag.py:3096} INFO - Sync 1 DAGs
[2025-03-11T03:28:28.844+0000] {logging_mixin.py:188} INFO - [2025-03-11T03:28:28.843+0000] {dag.py:3954} INFO - Setting next_dagrun for latest_only_with_trigger to 2025-03-10 20:00:00+00:00, run_after=2025-03-11 00:00:00+00:00
[2025-03-11T03:28:28.868+0000] {processor.py:183} INFO - Processing /home/airflow/.local/lib/python3.12/site-packages/airflow/example_dags/example_latest_only_with_trigger.py took 0.095 seconds
[2025-03-11T03:29:00.988+0000] {processor.py:161} INFO - Started process (PID=71316) to work on /home/airflow/.local/lib/python3.12/site-packages/airflow/example_dags/example_latest_only_with_trigger.py
[2025-03-11T03:29:00.990+0000] {processor.py:830} INFO - Processing file /home/airflow/.local/lib/python3.12/site-packages/airflow/example_dags/example_latest_only_with_trigger.py for tasks to queue
[2025-03-11T03:29:00.992+0000] {logging_mixin.py:188} INFO - [2025-03-11T03:29:00.992+0000] {dagbag.py:545} INFO - Filling up the DagBag from /home/airflow/.local/lib/python3.12/site-packages/airflow/example_dags/example_latest_only_with_trigger.py
[2025-03-11T03:29:01.000+0000] {processor.py:840} INFO - DAG(s) 'latest_only_with_trigger' retrieved from /home/airflow/.local/lib/python3.12/site-packages/airflow/example_dags/example_latest_only_with_trigger.py
[2025-03-11T03:29:01.032+0000] {logging_mixin.py:188} INFO - [2025-03-11T03:29:01.031+0000] {dag.py:3096} INFO - Sync 1 DAGs
[2025-03-11T03:29:01.070+0000] {logging_mixin.py:188} INFO - [2025-03-11T03:29:01.069+0000] {dag.py:3954} INFO - Setting next_dagrun for latest_only_with_trigger to 2025-03-10 20:00:00+00:00, run_after=2025-03-11 00:00:00+00:00
[2025-03-11T03:29:01.092+0000] {processor.py:183} INFO - Processing /home/airflow/.local/lib/python3.12/site-packages/airflow/example_dags/example_latest_only_with_trigger.py took 0.111 seconds
[2025-03-11T03:29:32.820+0000] {processor.py:161} INFO - Started process (PID=71578) to work on /home/airflow/.local/lib/python3.12/site-packages/airflow/example_dags/example_latest_only_with_trigger.py
[2025-03-11T03:29:32.821+0000] {processor.py:830} INFO - Processing file /home/airflow/.local/lib/python3.12/site-packages/airflow/example_dags/example_latest_only_with_trigger.py for tasks to queue
[2025-03-11T03:29:32.824+0000] {logging_mixin.py:188} INFO - [2025-03-11T03:29:32.824+0000] {dagbag.py:545} INFO - Filling up the DagBag from /home/airflow/.local/lib/python3.12/site-packages/airflow/example_dags/example_latest_only_with_trigger.py
[2025-03-11T03:29:32.830+0000] {processor.py:840} INFO - DAG(s) 'latest_only_with_trigger' retrieved from /home/airflow/.local/lib/python3.12/site-packages/airflow/example_dags/example_latest_only_with_trigger.py
[2025-03-11T03:29:32.854+0000] {logging_mixin.py:188} INFO - [2025-03-11T03:29:32.853+0000] {dag.py:3096} INFO - Sync 1 DAGs
[2025-03-11T03:29:32.880+0000] {logging_mixin.py:188} INFO - [2025-03-11T03:29:32.880+0000] {dag.py:3954} INFO - Setting next_dagrun for latest_only_with_trigger to 2025-03-10 20:00:00+00:00, run_after=2025-03-11 00:00:00+00:00
[2025-03-11T03:29:32.905+0000] {processor.py:183} INFO - Processing /home/airflow/.local/lib/python3.12/site-packages/airflow/example_dags/example_latest_only_with_trigger.py took 0.091 seconds
[2025-03-11T03:30:05.170+0000] {processor.py:161} INFO - Started process (PID=71840) to work on /home/airflow/.local/lib/python3.12/site-packages/airflow/example_dags/example_latest_only_with_trigger.py
[2025-03-11T03:30:05.171+0000] {processor.py:830} INFO - Processing file /home/airflow/.local/lib/python3.12/site-packages/airflow/example_dags/example_latest_only_with_trigger.py for tasks to queue
[2025-03-11T03:30:05.174+0000] {logging_mixin.py:188} INFO - [2025-03-11T03:30:05.174+0000] {dagbag.py:545} INFO - Filling up the DagBag from /home/airflow/.local/lib/python3.12/site-packages/airflow/example_dags/example_latest_only_with_trigger.py
[2025-03-11T03:30:05.180+0000] {processor.py:840} INFO - DAG(s) 'latest_only_with_trigger' retrieved from /home/airflow/.local/lib/python3.12/site-packages/airflow/example_dags/example_latest_only_with_trigger.py
[2025-03-11T03:30:05.203+0000] {logging_mixin.py:188} INFO - [2025-03-11T03:30:05.203+0000] {dag.py:3096} INFO - Sync 1 DAGs
[2025-03-11T03:30:05.230+0000] {logging_mixin.py:188} INFO - [2025-03-11T03:30:05.230+0000] {dag.py:3954} INFO - Setting next_dagrun for latest_only_with_trigger to 2025-03-10 20:00:00+00:00, run_after=2025-03-11 00:00:00+00:00
[2025-03-11T03:30:05.251+0000] {processor.py:183} INFO - Processing /home/airflow/.local/lib/python3.12/site-packages/airflow/example_dags/example_latest_only_with_trigger.py took 0.088 seconds
[2025-03-11T03:30:37.529+0000] {processor.py:161} INFO - Started process (PID=72102) to work on /home/airflow/.local/lib/python3.12/site-packages/airflow/example_dags/example_latest_only_with_trigger.py
[2025-03-11T03:30:37.530+0000] {processor.py:830} INFO - Processing file /home/airflow/.local/lib/python3.12/site-packages/airflow/example_dags/example_latest_only_with_trigger.py for tasks to queue
[2025-03-11T03:30:37.533+0000] {logging_mixin.py:188} INFO - [2025-03-11T03:30:37.532+0000] {dagbag.py:545} INFO - Filling up the DagBag from /home/airflow/.local/lib/python3.12/site-packages/airflow/example_dags/example_latest_only_with_trigger.py
[2025-03-11T03:30:37.540+0000] {processor.py:840} INFO - DAG(s) 'latest_only_with_trigger' retrieved from /home/airflow/.local/lib/python3.12/site-packages/airflow/example_dags/example_latest_only_with_trigger.py
[2025-03-11T03:30:37.564+0000] {logging_mixin.py:188} INFO - [2025-03-11T03:30:37.564+0000] {dag.py:3096} INFO - Sync 1 DAGs
[2025-03-11T03:30:37.595+0000] {logging_mixin.py:188} INFO - [2025-03-11T03:30:37.594+0000] {dag.py:3954} INFO - Setting next_dagrun for latest_only_with_trigger to 2025-03-10 20:00:00+00:00, run_after=2025-03-11 00:00:00+00:00
[2025-03-11T03:30:37.618+0000] {processor.py:183} INFO - Processing /home/airflow/.local/lib/python3.12/site-packages/airflow/example_dags/example_latest_only_with_trigger.py took 0.096 seconds
[2025-03-11T03:31:08.029+0000] {processor.py:161} INFO - Started process (PID=72366) to work on /home/airflow/.local/lib/python3.12/site-packages/airflow/example_dags/example_latest_only_with_trigger.py
[2025-03-11T03:31:08.030+0000] {processor.py:830} INFO - Processing file /home/airflow/.local/lib/python3.12/site-packages/airflow/example_dags/example_latest_only_with_trigger.py for tasks to queue
[2025-03-11T03:31:08.032+0000] {logging_mixin.py:188} INFO - [2025-03-11T03:31:08.032+0000] {dagbag.py:545} INFO - Filling up the DagBag from /home/airflow/.local/lib/python3.12/site-packages/airflow/example_dags/example_latest_only_with_trigger.py
[2025-03-11T03:31:08.039+0000] {processor.py:840} INFO - DAG(s) 'latest_only_with_trigger' retrieved from /home/airflow/.local/lib/python3.12/site-packages/airflow/example_dags/example_latest_only_with_trigger.py
[2025-03-11T03:31:08.065+0000] {logging_mixin.py:188} INFO - [2025-03-11T03:31:08.065+0000] {dag.py:3096} INFO - Sync 1 DAGs
[2025-03-11T03:31:08.090+0000] {logging_mixin.py:188} INFO - [2025-03-11T03:31:08.089+0000] {dag.py:3954} INFO - Setting next_dagrun for latest_only_with_trigger to 2025-03-10 20:00:00+00:00, run_after=2025-03-11 00:00:00+00:00
[2025-03-11T03:31:08.112+0000] {processor.py:183} INFO - Processing /home/airflow/.local/lib/python3.12/site-packages/airflow/example_dags/example_latest_only_with_trigger.py took 0.091 seconds
[2025-03-11T03:31:40.869+0000] {processor.py:161} INFO - Started process (PID=72626) to work on /home/airflow/.local/lib/python3.12/site-packages/airflow/example_dags/example_latest_only_with_trigger.py
[2025-03-11T03:31:40.869+0000] {processor.py:830} INFO - Processing file /home/airflow/.local/lib/python3.12/site-packages/airflow/example_dags/example_latest_only_with_trigger.py for tasks to queue
[2025-03-11T03:31:40.871+0000] {logging_mixin.py:188} INFO - [2025-03-11T03:31:40.871+0000] {dagbag.py:545} INFO - Filling up the DagBag from /home/airflow/.local/lib/python3.12/site-packages/airflow/example_dags/example_latest_only_with_trigger.py
[2025-03-11T03:31:40.877+0000] {processor.py:840} INFO - DAG(s) 'latest_only_with_trigger' retrieved from /home/airflow/.local/lib/python3.12/site-packages/airflow/example_dags/example_latest_only_with_trigger.py
[2025-03-11T03:31:40.898+0000] {logging_mixin.py:188} INFO - [2025-03-11T03:31:40.897+0000] {dag.py:3096} INFO - Sync 1 DAGs
[2025-03-11T03:31:40.919+0000] {logging_mixin.py:188} INFO - [2025-03-11T03:31:40.919+0000] {dag.py:3954} INFO - Setting next_dagrun for latest_only_with_trigger to 2025-03-10 20:00:00+00:00, run_after=2025-03-11 00:00:00+00:00
[2025-03-11T03:31:40.940+0000] {processor.py:183} INFO - Processing /home/airflow/.local/lib/python3.12/site-packages/airflow/example_dags/example_latest_only_with_trigger.py took 0.077 seconds
[2025-03-11T03:32:11.966+0000] {processor.py:161} INFO - Started process (PID=72888) to work on /home/airflow/.local/lib/python3.12/site-packages/airflow/example_dags/example_latest_only_with_trigger.py
[2025-03-11T03:32:11.967+0000] {processor.py:830} INFO - Processing file /home/airflow/.local/lib/python3.12/site-packages/airflow/example_dags/example_latest_only_with_trigger.py for tasks to queue
[2025-03-11T03:32:11.969+0000] {logging_mixin.py:188} INFO - [2025-03-11T03:32:11.969+0000] {dagbag.py:545} INFO - Filling up the DagBag from /home/airflow/.local/lib/python3.12/site-packages/airflow/example_dags/example_latest_only_with_trigger.py
[2025-03-11T03:32:11.975+0000] {processor.py:840} INFO - DAG(s) 'latest_only_with_trigger' retrieved from /home/airflow/.local/lib/python3.12/site-packages/airflow/example_dags/example_latest_only_with_trigger.py
[2025-03-11T03:32:11.998+0000] {logging_mixin.py:188} INFO - [2025-03-11T03:32:11.998+0000] {dag.py:3096} INFO - Sync 1 DAGs
[2025-03-11T03:32:12.035+0000] {logging_mixin.py:188} INFO - [2025-03-11T03:32:12.035+0000] {dag.py:3954} INFO - Setting next_dagrun for latest_only_with_trigger to 2025-03-10 20:00:00+00:00, run_after=2025-03-11 00:00:00+00:00
[2025-03-11T03:32:12.056+0000] {processor.py:183} INFO - Processing /home/airflow/.local/lib/python3.12/site-packages/airflow/example_dags/example_latest_only_with_trigger.py took 0.097 seconds
[2025-03-11T03:32:44.720+0000] {processor.py:161} INFO - Started process (PID=73152) to work on /home/airflow/.local/lib/python3.12/site-packages/airflow/example_dags/example_latest_only_with_trigger.py
[2025-03-11T03:32:44.723+0000] {processor.py:830} INFO - Processing file /home/airflow/.local/lib/python3.12/site-packages/airflow/example_dags/example_latest_only_with_trigger.py for tasks to queue
[2025-03-11T03:32:44.727+0000] {logging_mixin.py:188} INFO - [2025-03-11T03:32:44.726+0000] {dagbag.py:545} INFO - Filling up the DagBag from /home/airflow/.local/lib/python3.12/site-packages/airflow/example_dags/example_latest_only_with_trigger.py
[2025-03-11T03:32:44.735+0000] {processor.py:840} INFO - DAG(s) 'latest_only_with_trigger' retrieved from /home/airflow/.local/lib/python3.12/site-packages/airflow/example_dags/example_latest_only_with_trigger.py
[2025-03-11T03:32:44.757+0000] {logging_mixin.py:188} INFO - [2025-03-11T03:32:44.756+0000] {dag.py:3096} INFO - Sync 1 DAGs
[2025-03-11T03:32:44.778+0000] {logging_mixin.py:188} INFO - [2025-03-11T03:32:44.778+0000] {dag.py:3954} INFO - Setting next_dagrun for latest_only_with_trigger to 2025-03-10 20:00:00+00:00, run_after=2025-03-11 00:00:00+00:00
[2025-03-11T03:32:44.800+0000] {processor.py:183} INFO - Processing /home/airflow/.local/lib/python3.12/site-packages/airflow/example_dags/example_latest_only_with_trigger.py took 0.094 seconds
