[2025-03-11T03:05:20.010+0000] {processor.py:161} INFO - Started process (PID=59584) to work on /home/airflow/.local/lib/python3.12/site-packages/airflow/example_dags/example_params_trigger_ui.py
[2025-03-11T03:05:20.011+0000] {processor.py:830} INFO - Processing file /home/airflow/.local/lib/python3.12/site-packages/airflow/example_dags/example_params_trigger_ui.py for tasks to queue
[2025-03-11T03:05:20.014+0000] {logging_mixin.py:188} INFO - [2025-03-11T03:05:20.014+0000] {dagbag.py:545} INFO - Filling up the DagBag from /home/airflow/.local/lib/python3.12/site-packages/airflow/example_dags/example_params_trigger_ui.py
[2025-03-11T03:05:20.029+0000] {processor.py:840} INFO - DAG(s) 'example_params_trigger_ui' retrieved from /home/airflow/.local/lib/python3.12/site-packages/airflow/example_dags/example_params_trigger_ui.py
[2025-03-11T03:05:20.075+0000] {logging_mixin.py:188} INFO - [2025-03-11T03:05:20.074+0000] {dag.py:3096} INFO - Sync 1 DAGs
[2025-03-11T03:05:20.091+0000] {logging_mixin.py:188} INFO - [2025-03-11T03:05:20.091+0000] {dag.py:3954} INFO - Setting next_dagrun for example_params_trigger_ui to None, run_after=None
[2025-03-11T03:05:20.115+0000] {processor.py:183} INFO - Processing /home/airflow/.local/lib/python3.12/site-packages/airflow/example_dags/example_params_trigger_ui.py took 0.111 seconds
[2025-03-11T03:05:50.179+0000] {processor.py:161} INFO - Started process (PID=59840) to work on /home/airflow/.local/lib/python3.12/site-packages/airflow/example_dags/example_params_trigger_ui.py
[2025-03-11T03:05:50.180+0000] {processor.py:830} INFO - Processing file /home/airflow/.local/lib/python3.12/site-packages/airflow/example_dags/example_params_trigger_ui.py for tasks to queue
[2025-03-11T03:05:50.182+0000] {logging_mixin.py:188} INFO - [2025-03-11T03:05:50.182+0000] {dagbag.py:545} INFO - Filling up the DagBag from /home/airflow/.local/lib/python3.12/site-packages/airflow/example_dags/example_params_trigger_ui.py
[2025-03-11T03:05:50.197+0000] {processor.py:840} INFO - DAG(s) 'example_params_trigger_ui' retrieved from /home/airflow/.local/lib/python3.12/site-packages/airflow/example_dags/example_params_trigger_ui.py
[2025-03-11T03:05:50.237+0000] {logging_mixin.py:188} INFO - [2025-03-11T03:05:50.236+0000] {dag.py:3096} INFO - Sync 1 DAGs
[2025-03-11T03:05:50.250+0000] {logging_mixin.py:188} INFO - [2025-03-11T03:05:50.250+0000] {dag.py:3954} INFO - Setting next_dagrun for example_params_trigger_ui to None, run_after=None
[2025-03-11T03:05:50.271+0000] {processor.py:183} INFO - Processing /home/airflow/.local/lib/python3.12/site-packages/airflow/example_dags/example_params_trigger_ui.py took 0.098 seconds
[2025-03-11T03:06:20.911+0000] {processor.py:161} INFO - Started process (PID=60092) to work on /home/airflow/.local/lib/python3.12/site-packages/airflow/example_dags/example_params_trigger_ui.py
[2025-03-11T03:06:20.912+0000] {processor.py:830} INFO - Processing file /home/airflow/.local/lib/python3.12/site-packages/airflow/example_dags/example_params_trigger_ui.py for tasks to queue
[2025-03-11T03:06:20.914+0000] {logging_mixin.py:188} INFO - [2025-03-11T03:06:20.914+0000] {dagbag.py:545} INFO - Filling up the DagBag from /home/airflow/.local/lib/python3.12/site-packages/airflow/example_dags/example_params_trigger_ui.py
[2025-03-11T03:06:20.925+0000] {processor.py:840} INFO - DAG(s) 'example_params_trigger_ui' retrieved from /home/airflow/.local/lib/python3.12/site-packages/airflow/example_dags/example_params_trigger_ui.py
[2025-03-11T03:06:20.962+0000] {logging_mixin.py:188} INFO - [2025-03-11T03:06:20.962+0000] {dag.py:3096} INFO - Sync 1 DAGs
[2025-03-11T03:06:20.973+0000] {logging_mixin.py:188} INFO - [2025-03-11T03:06:20.973+0000] {dag.py:3954} INFO - Setting next_dagrun for example_params_trigger_ui to None, run_after=None
[2025-03-11T03:06:20.991+0000] {processor.py:183} INFO - Processing /home/airflow/.local/lib/python3.12/site-packages/airflow/example_dags/example_params_trigger_ui.py took 0.084 seconds
[2025-03-11T03:06:51.437+0000] {processor.py:161} INFO - Started process (PID=60334) to work on /home/airflow/.local/lib/python3.12/site-packages/airflow/example_dags/example_params_trigger_ui.py
[2025-03-11T03:06:51.438+0000] {processor.py:830} INFO - Processing file /home/airflow/.local/lib/python3.12/site-packages/airflow/example_dags/example_params_trigger_ui.py for tasks to queue
[2025-03-11T03:06:51.440+0000] {logging_mixin.py:188} INFO - [2025-03-11T03:06:51.440+0000] {dagbag.py:545} INFO - Filling up the DagBag from /home/airflow/.local/lib/python3.12/site-packages/airflow/example_dags/example_params_trigger_ui.py
[2025-03-11T03:06:51.467+0000] {processor.py:840} INFO - DAG(s) 'example_params_trigger_ui' retrieved from /home/airflow/.local/lib/python3.12/site-packages/airflow/example_dags/example_params_trigger_ui.py
[2025-03-11T03:06:51.513+0000] {logging_mixin.py:188} INFO - [2025-03-11T03:06:51.513+0000] {dag.py:3096} INFO - Sync 1 DAGs
[2025-03-11T03:06:51.527+0000] {logging_mixin.py:188} INFO - [2025-03-11T03:06:51.527+0000] {dag.py:3954} INFO - Setting next_dagrun for example_params_trigger_ui to None, run_after=None
[2025-03-11T03:06:51.546+0000] {processor.py:183} INFO - Processing /home/airflow/.local/lib/python3.12/site-packages/airflow/example_dags/example_params_trigger_ui.py took 0.116 seconds
[2025-03-11T03:07:22.643+0000] {processor.py:161} INFO - Started process (PID=60598) to work on /home/airflow/.local/lib/python3.12/site-packages/airflow/example_dags/example_params_trigger_ui.py
[2025-03-11T03:07:22.647+0000] {processor.py:830} INFO - Processing file /home/airflow/.local/lib/python3.12/site-packages/airflow/example_dags/example_params_trigger_ui.py for tasks to queue
[2025-03-11T03:07:22.651+0000] {logging_mixin.py:188} INFO - [2025-03-11T03:07:22.651+0000] {dagbag.py:545} INFO - Filling up the DagBag from /home/airflow/.local/lib/python3.12/site-packages/airflow/example_dags/example_params_trigger_ui.py
[2025-03-11T03:07:22.668+0000] {processor.py:840} INFO - DAG(s) 'example_params_trigger_ui' retrieved from /home/airflow/.local/lib/python3.12/site-packages/airflow/example_dags/example_params_trigger_ui.py
[2025-03-11T03:07:22.711+0000] {logging_mixin.py:188} INFO - [2025-03-11T03:07:22.711+0000] {dag.py:3096} INFO - Sync 1 DAGs
[2025-03-11T03:07:22.725+0000] {logging_mixin.py:188} INFO - [2025-03-11T03:07:22.725+0000] {dag.py:3954} INFO - Setting next_dagrun for example_params_trigger_ui to None, run_after=None
[2025-03-11T03:07:22.755+0000] {processor.py:183} INFO - Processing /home/airflow/.local/lib/python3.12/site-packages/airflow/example_dags/example_params_trigger_ui.py took 0.141 seconds
[2025-03-11T03:07:52.966+0000] {processor.py:161} INFO - Started process (PID=60833) to work on /home/airflow/.local/lib/python3.12/site-packages/airflow/example_dags/example_params_trigger_ui.py
[2025-03-11T03:07:52.970+0000] {processor.py:830} INFO - Processing file /home/airflow/.local/lib/python3.12/site-packages/airflow/example_dags/example_params_trigger_ui.py for tasks to queue
[2025-03-11T03:07:52.976+0000] {logging_mixin.py:188} INFO - [2025-03-11T03:07:52.975+0000] {dagbag.py:545} INFO - Filling up the DagBag from /home/airflow/.local/lib/python3.12/site-packages/airflow/example_dags/example_params_trigger_ui.py
[2025-03-11T03:07:53.002+0000] {processor.py:840} INFO - DAG(s) 'example_params_trigger_ui' retrieved from /home/airflow/.local/lib/python3.12/site-packages/airflow/example_dags/example_params_trigger_ui.py
[2025-03-11T03:07:53.047+0000] {logging_mixin.py:188} INFO - [2025-03-11T03:07:53.047+0000] {dag.py:3096} INFO - Sync 1 DAGs
[2025-03-11T03:07:53.061+0000] {logging_mixin.py:188} INFO - [2025-03-11T03:07:53.060+0000] {dag.py:3954} INFO - Setting next_dagrun for example_params_trigger_ui to None, run_after=None
[2025-03-11T03:07:53.080+0000] {processor.py:183} INFO - Processing /home/airflow/.local/lib/python3.12/site-packages/airflow/example_dags/example_params_trigger_ui.py took 0.130 seconds
[2025-03-11T03:08:23.475+0000] {processor.py:161} INFO - Started process (PID=61095) to work on /home/airflow/.local/lib/python3.12/site-packages/airflow/example_dags/example_params_trigger_ui.py
[2025-03-11T03:08:23.477+0000] {processor.py:830} INFO - Processing file /home/airflow/.local/lib/python3.12/site-packages/airflow/example_dags/example_params_trigger_ui.py for tasks to queue
[2025-03-11T03:08:23.480+0000] {logging_mixin.py:188} INFO - [2025-03-11T03:08:23.480+0000] {dagbag.py:545} INFO - Filling up the DagBag from /home/airflow/.local/lib/python3.12/site-packages/airflow/example_dags/example_params_trigger_ui.py
[2025-03-11T03:08:23.496+0000] {processor.py:840} INFO - DAG(s) 'example_params_trigger_ui' retrieved from /home/airflow/.local/lib/python3.12/site-packages/airflow/example_dags/example_params_trigger_ui.py
[2025-03-11T03:08:23.540+0000] {logging_mixin.py:188} INFO - [2025-03-11T03:08:23.539+0000] {dag.py:3096} INFO - Sync 1 DAGs
[2025-03-11T03:08:23.551+0000] {logging_mixin.py:188} INFO - [2025-03-11T03:08:23.551+0000] {dag.py:3954} INFO - Setting next_dagrun for example_params_trigger_ui to None, run_after=None
[2025-03-11T03:08:23.572+0000] {processor.py:183} INFO - Processing /home/airflow/.local/lib/python3.12/site-packages/airflow/example_dags/example_params_trigger_ui.py took 0.104 seconds
[2025-03-11T03:08:53.949+0000] {processor.py:161} INFO - Started process (PID=61357) to work on /home/airflow/.local/lib/python3.12/site-packages/airflow/example_dags/example_params_trigger_ui.py
[2025-03-11T03:08:53.950+0000] {processor.py:830} INFO - Processing file /home/airflow/.local/lib/python3.12/site-packages/airflow/example_dags/example_params_trigger_ui.py for tasks to queue
[2025-03-11T03:08:53.953+0000] {logging_mixin.py:188} INFO - [2025-03-11T03:08:53.952+0000] {dagbag.py:545} INFO - Filling up the DagBag from /home/airflow/.local/lib/python3.12/site-packages/airflow/example_dags/example_params_trigger_ui.py
[2025-03-11T03:08:53.968+0000] {processor.py:840} INFO - DAG(s) 'example_params_trigger_ui' retrieved from /home/airflow/.local/lib/python3.12/site-packages/airflow/example_dags/example_params_trigger_ui.py
[2025-03-11T03:08:54.017+0000] {logging_mixin.py:188} INFO - [2025-03-11T03:08:54.017+0000] {dag.py:3096} INFO - Sync 1 DAGs
[2025-03-11T03:08:54.031+0000] {logging_mixin.py:188} INFO - [2025-03-11T03:08:54.031+0000] {dag.py:3954} INFO - Setting next_dagrun for example_params_trigger_ui to None, run_after=None
[2025-03-11T03:08:54.055+0000] {processor.py:183} INFO - Processing /home/airflow/.local/lib/python3.12/site-packages/airflow/example_dags/example_params_trigger_ui.py took 0.112 seconds
[2025-03-11T03:09:24.751+0000] {processor.py:161} INFO - Started process (PID=61613) to work on /home/airflow/.local/lib/python3.12/site-packages/airflow/example_dags/example_params_trigger_ui.py
[2025-03-11T03:09:24.752+0000] {processor.py:830} INFO - Processing file /home/airflow/.local/lib/python3.12/site-packages/airflow/example_dags/example_params_trigger_ui.py for tasks to queue
[2025-03-11T03:09:24.754+0000] {logging_mixin.py:188} INFO - [2025-03-11T03:09:24.754+0000] {dagbag.py:545} INFO - Filling up the DagBag from /home/airflow/.local/lib/python3.12/site-packages/airflow/example_dags/example_params_trigger_ui.py
[2025-03-11T03:09:24.768+0000] {processor.py:840} INFO - DAG(s) 'example_params_trigger_ui' retrieved from /home/airflow/.local/lib/python3.12/site-packages/airflow/example_dags/example_params_trigger_ui.py
[2025-03-11T03:09:24.824+0000] {logging_mixin.py:188} INFO - [2025-03-11T03:09:24.823+0000] {dag.py:3096} INFO - Sync 1 DAGs
[2025-03-11T03:09:24.836+0000] {logging_mixin.py:188} INFO - [2025-03-11T03:09:24.836+0000] {dag.py:3954} INFO - Setting next_dagrun for example_params_trigger_ui to None, run_after=None
[2025-03-11T03:09:24.856+0000] {processor.py:183} INFO - Processing /home/airflow/.local/lib/python3.12/site-packages/airflow/example_dags/example_params_trigger_ui.py took 0.111 seconds
[2025-03-11T03:09:55.666+0000] {processor.py:161} INFO - Started process (PID=61876) to work on /home/airflow/.local/lib/python3.12/site-packages/airflow/example_dags/example_params_trigger_ui.py
[2025-03-11T03:09:55.669+0000] {processor.py:830} INFO - Processing file /home/airflow/.local/lib/python3.12/site-packages/airflow/example_dags/example_params_trigger_ui.py for tasks to queue
[2025-03-11T03:09:55.672+0000] {logging_mixin.py:188} INFO - [2025-03-11T03:09:55.671+0000] {dagbag.py:545} INFO - Filling up the DagBag from /home/airflow/.local/lib/python3.12/site-packages/airflow/example_dags/example_params_trigger_ui.py
[2025-03-11T03:09:55.687+0000] {processor.py:840} INFO - DAG(s) 'example_params_trigger_ui' retrieved from /home/airflow/.local/lib/python3.12/site-packages/airflow/example_dags/example_params_trigger_ui.py
[2025-03-11T03:09:55.730+0000] {logging_mixin.py:188} INFO - [2025-03-11T03:09:55.730+0000] {dag.py:3096} INFO - Sync 1 DAGs
[2025-03-11T03:09:55.743+0000] {logging_mixin.py:188} INFO - [2025-03-11T03:09:55.742+0000] {dag.py:3954} INFO - Setting next_dagrun for example_params_trigger_ui to None, run_after=None
[2025-03-11T03:09:55.766+0000] {processor.py:183} INFO - Processing /home/airflow/.local/lib/python3.12/site-packages/airflow/example_dags/example_params_trigger_ui.py took 0.113 seconds
[2025-03-11T03:10:26.113+0000] {processor.py:161} INFO - Started process (PID=62138) to work on /home/airflow/.local/lib/python3.12/site-packages/airflow/example_dags/example_params_trigger_ui.py
[2025-03-11T03:10:26.114+0000] {processor.py:830} INFO - Processing file /home/airflow/.local/lib/python3.12/site-packages/airflow/example_dags/example_params_trigger_ui.py for tasks to queue
[2025-03-11T03:10:26.116+0000] {logging_mixin.py:188} INFO - [2025-03-11T03:10:26.116+0000] {dagbag.py:545} INFO - Filling up the DagBag from /home/airflow/.local/lib/python3.12/site-packages/airflow/example_dags/example_params_trigger_ui.py
[2025-03-11T03:10:26.129+0000] {processor.py:840} INFO - DAG(s) 'example_params_trigger_ui' retrieved from /home/airflow/.local/lib/python3.12/site-packages/airflow/example_dags/example_params_trigger_ui.py
[2025-03-11T03:10:26.167+0000] {logging_mixin.py:188} INFO - [2025-03-11T03:10:26.167+0000] {dag.py:3096} INFO - Sync 1 DAGs
[2025-03-11T03:10:26.180+0000] {logging_mixin.py:188} INFO - [2025-03-11T03:10:26.179+0000] {dag.py:3954} INFO - Setting next_dagrun for example_params_trigger_ui to None, run_after=None
[2025-03-11T03:10:26.200+0000] {processor.py:183} INFO - Processing /home/airflow/.local/lib/python3.12/site-packages/airflow/example_dags/example_params_trigger_ui.py took 0.093 seconds
[2025-03-11T03:10:56.389+0000] {processor.py:161} INFO - Started process (PID=62400) to work on /home/airflow/.local/lib/python3.12/site-packages/airflow/example_dags/example_params_trigger_ui.py
[2025-03-11T03:10:56.391+0000] {processor.py:830} INFO - Processing file /home/airflow/.local/lib/python3.12/site-packages/airflow/example_dags/example_params_trigger_ui.py for tasks to queue
[2025-03-11T03:10:56.393+0000] {logging_mixin.py:188} INFO - [2025-03-11T03:10:56.393+0000] {dagbag.py:545} INFO - Filling up the DagBag from /home/airflow/.local/lib/python3.12/site-packages/airflow/example_dags/example_params_trigger_ui.py
[2025-03-11T03:10:56.407+0000] {processor.py:840} INFO - DAG(s) 'example_params_trigger_ui' retrieved from /home/airflow/.local/lib/python3.12/site-packages/airflow/example_dags/example_params_trigger_ui.py
[2025-03-11T03:10:56.451+0000] {logging_mixin.py:188} INFO - [2025-03-11T03:10:56.451+0000] {dag.py:3096} INFO - Sync 1 DAGs
[2025-03-11T03:10:56.464+0000] {logging_mixin.py:188} INFO - [2025-03-11T03:10:56.463+0000] {dag.py:3954} INFO - Setting next_dagrun for example_params_trigger_ui to None, run_after=None
[2025-03-11T03:10:56.481+0000] {processor.py:183} INFO - Processing /home/airflow/.local/lib/python3.12/site-packages/airflow/example_dags/example_params_trigger_ui.py took 0.099 seconds
[2025-03-11T03:11:26.968+0000] {processor.py:161} INFO - Started process (PID=62662) to work on /home/airflow/.local/lib/python3.12/site-packages/airflow/example_dags/example_params_trigger_ui.py
[2025-03-11T03:11:26.970+0000] {processor.py:830} INFO - Processing file /home/airflow/.local/lib/python3.12/site-packages/airflow/example_dags/example_params_trigger_ui.py for tasks to queue
[2025-03-11T03:11:26.978+0000] {logging_mixin.py:188} INFO - [2025-03-11T03:11:26.976+0000] {dagbag.py:545} INFO - Filling up the DagBag from /home/airflow/.local/lib/python3.12/site-packages/airflow/example_dags/example_params_trigger_ui.py
[2025-03-11T03:11:26.999+0000] {processor.py:840} INFO - DAG(s) 'example_params_trigger_ui' retrieved from /home/airflow/.local/lib/python3.12/site-packages/airflow/example_dags/example_params_trigger_ui.py
[2025-03-11T03:11:27.056+0000] {logging_mixin.py:188} INFO - [2025-03-11T03:11:27.056+0000] {dag.py:3096} INFO - Sync 1 DAGs
[2025-03-11T03:11:27.072+0000] {logging_mixin.py:188} INFO - [2025-03-11T03:11:27.072+0000] {dag.py:3954} INFO - Setting next_dagrun for example_params_trigger_ui to None, run_after=None
[2025-03-11T03:11:27.096+0000] {processor.py:183} INFO - Processing /home/airflow/.local/lib/python3.12/site-packages/airflow/example_dags/example_params_trigger_ui.py took 0.146 seconds
[2025-03-11T03:11:57.205+0000] {processor.py:161} INFO - Started process (PID=62914) to work on /home/airflow/.local/lib/python3.12/site-packages/airflow/example_dags/example_params_trigger_ui.py
[2025-03-11T03:11:57.209+0000] {processor.py:830} INFO - Processing file /home/airflow/.local/lib/python3.12/site-packages/airflow/example_dags/example_params_trigger_ui.py for tasks to queue
[2025-03-11T03:11:57.216+0000] {logging_mixin.py:188} INFO - [2025-03-11T03:11:57.215+0000] {dagbag.py:545} INFO - Filling up the DagBag from /home/airflow/.local/lib/python3.12/site-packages/airflow/example_dags/example_params_trigger_ui.py
[2025-03-11T03:11:57.243+0000] {processor.py:840} INFO - DAG(s) 'example_params_trigger_ui' retrieved from /home/airflow/.local/lib/python3.12/site-packages/airflow/example_dags/example_params_trigger_ui.py
[2025-03-11T03:11:57.291+0000] {logging_mixin.py:188} INFO - [2025-03-11T03:11:57.291+0000] {dag.py:3096} INFO - Sync 1 DAGs
[2025-03-11T03:11:57.307+0000] {logging_mixin.py:188} INFO - [2025-03-11T03:11:57.306+0000] {dag.py:3954} INFO - Setting next_dagrun for example_params_trigger_ui to None, run_after=None
[2025-03-11T03:11:57.329+0000] {processor.py:183} INFO - Processing /home/airflow/.local/lib/python3.12/site-packages/airflow/example_dags/example_params_trigger_ui.py took 0.132 seconds
[2025-03-11T03:12:27.421+0000] {processor.py:161} INFO - Started process (PID=63161) to work on /home/airflow/.local/lib/python3.12/site-packages/airflow/example_dags/example_params_trigger_ui.py
[2025-03-11T03:12:27.423+0000] {processor.py:830} INFO - Processing file /home/airflow/.local/lib/python3.12/site-packages/airflow/example_dags/example_params_trigger_ui.py for tasks to queue
[2025-03-11T03:12:27.425+0000] {logging_mixin.py:188} INFO - [2025-03-11T03:12:27.424+0000] {dagbag.py:545} INFO - Filling up the DagBag from /home/airflow/.local/lib/python3.12/site-packages/airflow/example_dags/example_params_trigger_ui.py
[2025-03-11T03:12:27.438+0000] {processor.py:840} INFO - DAG(s) 'example_params_trigger_ui' retrieved from /home/airflow/.local/lib/python3.12/site-packages/airflow/example_dags/example_params_trigger_ui.py
[2025-03-11T03:12:27.479+0000] {logging_mixin.py:188} INFO - [2025-03-11T03:12:27.479+0000] {dag.py:3096} INFO - Sync 1 DAGs
[2025-03-11T03:12:27.492+0000] {logging_mixin.py:188} INFO - [2025-03-11T03:12:27.492+0000] {dag.py:3954} INFO - Setting next_dagrun for example_params_trigger_ui to None, run_after=None
[2025-03-11T03:12:27.513+0000] {processor.py:183} INFO - Processing /home/airflow/.local/lib/python3.12/site-packages/airflow/example_dags/example_params_trigger_ui.py took 0.097 seconds
[2025-03-11T03:12:57.655+0000] {processor.py:161} INFO - Started process (PID=63412) to work on /home/airflow/.local/lib/python3.12/site-packages/airflow/example_dags/example_params_trigger_ui.py
[2025-03-11T03:12:57.656+0000] {processor.py:830} INFO - Processing file /home/airflow/.local/lib/python3.12/site-packages/airflow/example_dags/example_params_trigger_ui.py for tasks to queue
[2025-03-11T03:12:57.657+0000] {logging_mixin.py:188} INFO - [2025-03-11T03:12:57.657+0000] {dagbag.py:545} INFO - Filling up the DagBag from /home/airflow/.local/lib/python3.12/site-packages/airflow/example_dags/example_params_trigger_ui.py
[2025-03-11T03:12:57.670+0000] {processor.py:840} INFO - DAG(s) 'example_params_trigger_ui' retrieved from /home/airflow/.local/lib/python3.12/site-packages/airflow/example_dags/example_params_trigger_ui.py
[2025-03-11T03:12:57.710+0000] {logging_mixin.py:188} INFO - [2025-03-11T03:12:57.710+0000] {dag.py:3096} INFO - Sync 1 DAGs
[2025-03-11T03:12:57.725+0000] {logging_mixin.py:188} INFO - [2025-03-11T03:12:57.724+0000] {dag.py:3954} INFO - Setting next_dagrun for example_params_trigger_ui to None, run_after=None
[2025-03-11T03:12:57.752+0000] {processor.py:183} INFO - Processing /home/airflow/.local/lib/python3.12/site-packages/airflow/example_dags/example_params_trigger_ui.py took 0.103 seconds
[2025-03-11T03:13:28.070+0000] {processor.py:161} INFO - Started process (PID=63674) to work on /home/airflow/.local/lib/python3.12/site-packages/airflow/example_dags/example_params_trigger_ui.py
[2025-03-11T03:13:28.073+0000] {processor.py:830} INFO - Processing file /home/airflow/.local/lib/python3.12/site-packages/airflow/example_dags/example_params_trigger_ui.py for tasks to queue
[2025-03-11T03:13:28.078+0000] {logging_mixin.py:188} INFO - [2025-03-11T03:13:28.076+0000] {dagbag.py:545} INFO - Filling up the DagBag from /home/airflow/.local/lib/python3.12/site-packages/airflow/example_dags/example_params_trigger_ui.py
[2025-03-11T03:13:28.107+0000] {processor.py:840} INFO - DAG(s) 'example_params_trigger_ui' retrieved from /home/airflow/.local/lib/python3.12/site-packages/airflow/example_dags/example_params_trigger_ui.py
[2025-03-11T03:13:28.176+0000] {logging_mixin.py:188} INFO - [2025-03-11T03:13:28.175+0000] {dag.py:3096} INFO - Sync 1 DAGs
[2025-03-11T03:13:28.189+0000] {logging_mixin.py:188} INFO - [2025-03-11T03:13:28.189+0000] {dag.py:3954} INFO - Setting next_dagrun for example_params_trigger_ui to None, run_after=None
[2025-03-11T03:13:28.212+0000] {processor.py:183} INFO - Processing /home/airflow/.local/lib/python3.12/site-packages/airflow/example_dags/example_params_trigger_ui.py took 0.152 seconds
[2025-03-11T03:13:59.798+0000] {processor.py:161} INFO - Started process (PID=63921) to work on /home/airflow/.local/lib/python3.12/site-packages/airflow/example_dags/example_params_trigger_ui.py
[2025-03-11T03:13:59.799+0000] {processor.py:830} INFO - Processing file /home/airflow/.local/lib/python3.12/site-packages/airflow/example_dags/example_params_trigger_ui.py for tasks to queue
[2025-03-11T03:13:59.802+0000] {logging_mixin.py:188} INFO - [2025-03-11T03:13:59.802+0000] {dagbag.py:545} INFO - Filling up the DagBag from /home/airflow/.local/lib/python3.12/site-packages/airflow/example_dags/example_params_trigger_ui.py
[2025-03-11T03:13:59.818+0000] {processor.py:840} INFO - DAG(s) 'example_params_trigger_ui' retrieved from /home/airflow/.local/lib/python3.12/site-packages/airflow/example_dags/example_params_trigger_ui.py
[2025-03-11T03:13:59.870+0000] {logging_mixin.py:188} INFO - [2025-03-11T03:13:59.869+0000] {dag.py:3096} INFO - Sync 1 DAGs
[2025-03-11T03:13:59.885+0000] {logging_mixin.py:188} INFO - [2025-03-11T03:13:59.885+0000] {dag.py:3954} INFO - Setting next_dagrun for example_params_trigger_ui to None, run_after=None
[2025-03-11T03:13:59.906+0000] {processor.py:183} INFO - Processing /home/airflow/.local/lib/python3.12/site-packages/airflow/example_dags/example_params_trigger_ui.py took 0.118 seconds
[2025-03-11T03:14:31.063+0000] {processor.py:161} INFO - Started process (PID=64178) to work on /home/airflow/.local/lib/python3.12/site-packages/airflow/example_dags/example_params_trigger_ui.py
[2025-03-11T03:14:31.065+0000] {processor.py:830} INFO - Processing file /home/airflow/.local/lib/python3.12/site-packages/airflow/example_dags/example_params_trigger_ui.py for tasks to queue
[2025-03-11T03:14:31.070+0000] {logging_mixin.py:188} INFO - [2025-03-11T03:14:31.069+0000] {dagbag.py:545} INFO - Filling up the DagBag from /home/airflow/.local/lib/python3.12/site-packages/airflow/example_dags/example_params_trigger_ui.py
[2025-03-11T03:14:31.094+0000] {processor.py:840} INFO - DAG(s) 'example_params_trigger_ui' retrieved from /home/airflow/.local/lib/python3.12/site-packages/airflow/example_dags/example_params_trigger_ui.py
[2025-03-11T03:14:31.155+0000] {logging_mixin.py:188} INFO - [2025-03-11T03:14:31.155+0000] {dag.py:3096} INFO - Sync 1 DAGs
[2025-03-11T03:14:31.170+0000] {logging_mixin.py:188} INFO - [2025-03-11T03:14:31.169+0000] {dag.py:3954} INFO - Setting next_dagrun for example_params_trigger_ui to None, run_after=None
[2025-03-11T03:14:31.192+0000] {processor.py:183} INFO - Processing /home/airflow/.local/lib/python3.12/site-packages/airflow/example_dags/example_params_trigger_ui.py took 0.139 seconds
[2025-03-11T03:15:01.902+0000] {processor.py:161} INFO - Started process (PID=64325) to work on /home/airflow/.local/lib/python3.12/site-packages/airflow/example_dags/example_params_trigger_ui.py
[2025-03-11T03:15:01.907+0000] {processor.py:830} INFO - Processing file /home/airflow/.local/lib/python3.12/site-packages/airflow/example_dags/example_params_trigger_ui.py for tasks to queue
[2025-03-11T03:15:01.915+0000] {logging_mixin.py:188} INFO - [2025-03-11T03:15:01.914+0000] {dagbag.py:545} INFO - Filling up the DagBag from /home/airflow/.local/lib/python3.12/site-packages/airflow/example_dags/example_params_trigger_ui.py
[2025-03-11T03:15:01.944+0000] {processor.py:840} INFO - DAG(s) 'example_params_trigger_ui' retrieved from /home/airflow/.local/lib/python3.12/site-packages/airflow/example_dags/example_params_trigger_ui.py
[2025-03-11T03:15:02.012+0000] {logging_mixin.py:188} INFO - [2025-03-11T03:15:02.012+0000] {dag.py:3096} INFO - Sync 1 DAGs
[2025-03-11T03:15:02.033+0000] {logging_mixin.py:188} INFO - [2025-03-11T03:15:02.032+0000] {dag.py:3954} INFO - Setting next_dagrun for example_params_trigger_ui to None, run_after=None
[2025-03-11T03:15:02.064+0000] {processor.py:183} INFO - Processing /home/airflow/.local/lib/python3.12/site-packages/airflow/example_dags/example_params_trigger_ui.py took 0.172 seconds
[2025-03-11T03:15:33.852+0000] {processor.py:161} INFO - Started process (PID=64587) to work on /home/airflow/.local/lib/python3.12/site-packages/airflow/example_dags/example_params_trigger_ui.py
[2025-03-11T03:15:33.855+0000] {processor.py:830} INFO - Processing file /home/airflow/.local/lib/python3.12/site-packages/airflow/example_dags/example_params_trigger_ui.py for tasks to queue
[2025-03-11T03:15:33.858+0000] {logging_mixin.py:188} INFO - [2025-03-11T03:15:33.857+0000] {dagbag.py:545} INFO - Filling up the DagBag from /home/airflow/.local/lib/python3.12/site-packages/airflow/example_dags/example_params_trigger_ui.py
[2025-03-11T03:15:33.873+0000] {processor.py:840} INFO - DAG(s) 'example_params_trigger_ui' retrieved from /home/airflow/.local/lib/python3.12/site-packages/airflow/example_dags/example_params_trigger_ui.py
[2025-03-11T03:15:33.914+0000] {logging_mixin.py:188} INFO - [2025-03-11T03:15:33.914+0000] {dag.py:3096} INFO - Sync 1 DAGs
[2025-03-11T03:15:33.927+0000] {logging_mixin.py:188} INFO - [2025-03-11T03:15:33.927+0000] {dag.py:3954} INFO - Setting next_dagrun for example_params_trigger_ui to None, run_after=None
[2025-03-11T03:15:33.949+0000] {processor.py:183} INFO - Processing /home/airflow/.local/lib/python3.12/site-packages/airflow/example_dags/example_params_trigger_ui.py took 0.123 seconds
[2025-03-11T03:16:05.812+0000] {processor.py:161} INFO - Started process (PID=64849) to work on /home/airflow/.local/lib/python3.12/site-packages/airflow/example_dags/example_params_trigger_ui.py
[2025-03-11T03:16:05.814+0000] {processor.py:830} INFO - Processing file /home/airflow/.local/lib/python3.12/site-packages/airflow/example_dags/example_params_trigger_ui.py for tasks to queue
[2025-03-11T03:16:05.816+0000] {logging_mixin.py:188} INFO - [2025-03-11T03:16:05.816+0000] {dagbag.py:545} INFO - Filling up the DagBag from /home/airflow/.local/lib/python3.12/site-packages/airflow/example_dags/example_params_trigger_ui.py
[2025-03-11T03:16:05.837+0000] {processor.py:840} INFO - DAG(s) 'example_params_trigger_ui' retrieved from /home/airflow/.local/lib/python3.12/site-packages/airflow/example_dags/example_params_trigger_ui.py
[2025-03-11T03:16:05.896+0000] {logging_mixin.py:188} INFO - [2025-03-11T03:16:05.896+0000] {dag.py:3096} INFO - Sync 1 DAGs
[2025-03-11T03:16:05.914+0000] {logging_mixin.py:188} INFO - [2025-03-11T03:16:05.913+0000] {dag.py:3954} INFO - Setting next_dagrun for example_params_trigger_ui to None, run_after=None
[2025-03-11T03:16:05.937+0000] {processor.py:183} INFO - Processing /home/airflow/.local/lib/python3.12/site-packages/airflow/example_dags/example_params_trigger_ui.py took 0.133 seconds
[2025-03-11T03:16:38.256+0000] {processor.py:161} INFO - Started process (PID=65111) to work on /home/airflow/.local/lib/python3.12/site-packages/airflow/example_dags/example_params_trigger_ui.py
[2025-03-11T03:16:38.263+0000] {processor.py:830} INFO - Processing file /home/airflow/.local/lib/python3.12/site-packages/airflow/example_dags/example_params_trigger_ui.py for tasks to queue
[2025-03-11T03:16:38.267+0000] {logging_mixin.py:188} INFO - [2025-03-11T03:16:38.267+0000] {dagbag.py:545} INFO - Filling up the DagBag from /home/airflow/.local/lib/python3.12/site-packages/airflow/example_dags/example_params_trigger_ui.py
[2025-03-11T03:16:38.289+0000] {processor.py:840} INFO - DAG(s) 'example_params_trigger_ui' retrieved from /home/airflow/.local/lib/python3.12/site-packages/airflow/example_dags/example_params_trigger_ui.py
[2025-03-11T03:16:38.345+0000] {logging_mixin.py:188} INFO - [2025-03-11T03:16:38.345+0000] {dag.py:3096} INFO - Sync 1 DAGs
[2025-03-11T03:16:38.361+0000] {logging_mixin.py:188} INFO - [2025-03-11T03:16:38.360+0000] {dag.py:3954} INFO - Setting next_dagrun for example_params_trigger_ui to None, run_after=None
[2025-03-11T03:16:38.545+0000] {processor.py:183} INFO - Processing /home/airflow/.local/lib/python3.12/site-packages/airflow/example_dags/example_params_trigger_ui.py took 0.315 seconds
[2025-03-11T03:17:10.581+0000] {processor.py:161} INFO - Started process (PID=65373) to work on /home/airflow/.local/lib/python3.12/site-packages/airflow/example_dags/example_params_trigger_ui.py
[2025-03-11T03:17:10.583+0000] {processor.py:830} INFO - Processing file /home/airflow/.local/lib/python3.12/site-packages/airflow/example_dags/example_params_trigger_ui.py for tasks to queue
[2025-03-11T03:17:10.587+0000] {logging_mixin.py:188} INFO - [2025-03-11T03:17:10.586+0000] {dagbag.py:545} INFO - Filling up the DagBag from /home/airflow/.local/lib/python3.12/site-packages/airflow/example_dags/example_params_trigger_ui.py
[2025-03-11T03:17:10.606+0000] {processor.py:840} INFO - DAG(s) 'example_params_trigger_ui' retrieved from /home/airflow/.local/lib/python3.12/site-packages/airflow/example_dags/example_params_trigger_ui.py
[2025-03-11T03:17:10.652+0000] {logging_mixin.py:188} INFO - [2025-03-11T03:17:10.651+0000] {dag.py:3096} INFO - Sync 1 DAGs
[2025-03-11T03:17:10.665+0000] {logging_mixin.py:188} INFO - [2025-03-11T03:17:10.665+0000] {dag.py:3954} INFO - Setting next_dagrun for example_params_trigger_ui to None, run_after=None
[2025-03-11T03:17:10.692+0000] {processor.py:183} INFO - Processing /home/airflow/.local/lib/python3.12/site-packages/airflow/example_dags/example_params_trigger_ui.py took 0.126 seconds
[2025-03-11T03:17:42.636+0000] {processor.py:161} INFO - Started process (PID=65635) to work on /home/airflow/.local/lib/python3.12/site-packages/airflow/example_dags/example_params_trigger_ui.py
[2025-03-11T03:17:42.639+0000] {processor.py:830} INFO - Processing file /home/airflow/.local/lib/python3.12/site-packages/airflow/example_dags/example_params_trigger_ui.py for tasks to queue
[2025-03-11T03:17:42.642+0000] {logging_mixin.py:188} INFO - [2025-03-11T03:17:42.641+0000] {dagbag.py:545} INFO - Filling up the DagBag from /home/airflow/.local/lib/python3.12/site-packages/airflow/example_dags/example_params_trigger_ui.py
[2025-03-11T03:17:42.660+0000] {processor.py:840} INFO - DAG(s) 'example_params_trigger_ui' retrieved from /home/airflow/.local/lib/python3.12/site-packages/airflow/example_dags/example_params_trigger_ui.py
[2025-03-11T03:17:42.858+0000] {logging_mixin.py:188} INFO - [2025-03-11T03:17:42.857+0000] {dag.py:3096} INFO - Sync 1 DAGs
[2025-03-11T03:17:42.869+0000] {logging_mixin.py:188} INFO - [2025-03-11T03:17:42.869+0000] {dag.py:3954} INFO - Setting next_dagrun for example_params_trigger_ui to None, run_after=None
[2025-03-11T03:17:42.892+0000] {processor.py:183} INFO - Processing /home/airflow/.local/lib/python3.12/site-packages/airflow/example_dags/example_params_trigger_ui.py took 0.264 seconds
[2025-03-11T03:18:15.075+0000] {processor.py:161} INFO - Started process (PID=65897) to work on /home/airflow/.local/lib/python3.12/site-packages/airflow/example_dags/example_params_trigger_ui.py
[2025-03-11T03:18:15.076+0000] {processor.py:830} INFO - Processing file /home/airflow/.local/lib/python3.12/site-packages/airflow/example_dags/example_params_trigger_ui.py for tasks to queue
[2025-03-11T03:18:15.079+0000] {logging_mixin.py:188} INFO - [2025-03-11T03:18:15.079+0000] {dagbag.py:545} INFO - Filling up the DagBag from /home/airflow/.local/lib/python3.12/site-packages/airflow/example_dags/example_params_trigger_ui.py
[2025-03-11T03:18:15.098+0000] {processor.py:840} INFO - DAG(s) 'example_params_trigger_ui' retrieved from /home/airflow/.local/lib/python3.12/site-packages/airflow/example_dags/example_params_trigger_ui.py
[2025-03-11T03:18:15.146+0000] {logging_mixin.py:188} INFO - [2025-03-11T03:18:15.146+0000] {dag.py:3096} INFO - Sync 1 DAGs
[2025-03-11T03:18:15.161+0000] {logging_mixin.py:188} INFO - [2025-03-11T03:18:15.161+0000] {dag.py:3954} INFO - Setting next_dagrun for example_params_trigger_ui to None, run_after=None
[2025-03-11T03:18:15.364+0000] {processor.py:183} INFO - Processing /home/airflow/.local/lib/python3.12/site-packages/airflow/example_dags/example_params_trigger_ui.py took 0.302 seconds
[2025-03-11T03:18:47.375+0000] {processor.py:161} INFO - Started process (PID=66159) to work on /home/airflow/.local/lib/python3.12/site-packages/airflow/example_dags/example_params_trigger_ui.py
[2025-03-11T03:18:47.378+0000] {processor.py:830} INFO - Processing file /home/airflow/.local/lib/python3.12/site-packages/airflow/example_dags/example_params_trigger_ui.py for tasks to queue
[2025-03-11T03:18:47.381+0000] {logging_mixin.py:188} INFO - [2025-03-11T03:18:47.381+0000] {dagbag.py:545} INFO - Filling up the DagBag from /home/airflow/.local/lib/python3.12/site-packages/airflow/example_dags/example_params_trigger_ui.py
[2025-03-11T03:18:47.400+0000] {processor.py:840} INFO - DAG(s) 'example_params_trigger_ui' retrieved from /home/airflow/.local/lib/python3.12/site-packages/airflow/example_dags/example_params_trigger_ui.py
[2025-03-11T03:18:47.454+0000] {logging_mixin.py:188} INFO - [2025-03-11T03:18:47.453+0000] {dag.py:3096} INFO - Sync 1 DAGs
[2025-03-11T03:18:47.469+0000] {logging_mixin.py:188} INFO - [2025-03-11T03:18:47.469+0000] {dag.py:3954} INFO - Setting next_dagrun for example_params_trigger_ui to None, run_after=None
[2025-03-11T03:18:47.493+0000] {processor.py:183} INFO - Processing /home/airflow/.local/lib/python3.12/site-packages/airflow/example_dags/example_params_trigger_ui.py took 0.131 seconds
[2025-03-11T03:19:19.593+0000] {processor.py:161} INFO - Started process (PID=66421) to work on /home/airflow/.local/lib/python3.12/site-packages/airflow/example_dags/example_params_trigger_ui.py
[2025-03-11T03:19:19.595+0000] {processor.py:830} INFO - Processing file /home/airflow/.local/lib/python3.12/site-packages/airflow/example_dags/example_params_trigger_ui.py for tasks to queue
[2025-03-11T03:19:19.598+0000] {logging_mixin.py:188} INFO - [2025-03-11T03:19:19.597+0000] {dagbag.py:545} INFO - Filling up the DagBag from /home/airflow/.local/lib/python3.12/site-packages/airflow/example_dags/example_params_trigger_ui.py
[2025-03-11T03:19:19.618+0000] {processor.py:840} INFO - DAG(s) 'example_params_trigger_ui' retrieved from /home/airflow/.local/lib/python3.12/site-packages/airflow/example_dags/example_params_trigger_ui.py
[2025-03-11T03:19:19.668+0000] {logging_mixin.py:188} INFO - [2025-03-11T03:19:19.668+0000] {dag.py:3096} INFO - Sync 1 DAGs
[2025-03-11T03:19:19.684+0000] {logging_mixin.py:188} INFO - [2025-03-11T03:19:19.683+0000] {dag.py:3954} INFO - Setting next_dagrun for example_params_trigger_ui to None, run_after=None
[2025-03-11T03:19:19.707+0000] {processor.py:183} INFO - Processing /home/airflow/.local/lib/python3.12/site-packages/airflow/example_dags/example_params_trigger_ui.py took 0.126 seconds
[2025-03-11T03:19:50.868+0000] {processor.py:161} INFO - Started process (PID=66683) to work on /home/airflow/.local/lib/python3.12/site-packages/airflow/example_dags/example_params_trigger_ui.py
[2025-03-11T03:19:50.871+0000] {processor.py:830} INFO - Processing file /home/airflow/.local/lib/python3.12/site-packages/airflow/example_dags/example_params_trigger_ui.py for tasks to queue
[2025-03-11T03:19:50.876+0000] {logging_mixin.py:188} INFO - [2025-03-11T03:19:50.875+0000] {dagbag.py:545} INFO - Filling up the DagBag from /home/airflow/.local/lib/python3.12/site-packages/airflow/example_dags/example_params_trigger_ui.py
[2025-03-11T03:19:50.897+0000] {processor.py:840} INFO - DAG(s) 'example_params_trigger_ui' retrieved from /home/airflow/.local/lib/python3.12/site-packages/airflow/example_dags/example_params_trigger_ui.py
[2025-03-11T03:19:50.947+0000] {logging_mixin.py:188} INFO - [2025-03-11T03:19:50.946+0000] {dag.py:3096} INFO - Sync 1 DAGs
[2025-03-11T03:19:50.960+0000] {logging_mixin.py:188} INFO - [2025-03-11T03:19:50.959+0000] {dag.py:3954} INFO - Setting next_dagrun for example_params_trigger_ui to None, run_after=None
[2025-03-11T03:19:50.983+0000] {processor.py:183} INFO - Processing /home/airflow/.local/lib/python3.12/site-packages/airflow/example_dags/example_params_trigger_ui.py took 0.126 seconds
[2025-03-11T03:20:23.460+0000] {processor.py:161} INFO - Started process (PID=66944) to work on /home/airflow/.local/lib/python3.12/site-packages/airflow/example_dags/example_params_trigger_ui.py
[2025-03-11T03:20:23.462+0000] {processor.py:830} INFO - Processing file /home/airflow/.local/lib/python3.12/site-packages/airflow/example_dags/example_params_trigger_ui.py for tasks to queue
[2025-03-11T03:20:23.466+0000] {logging_mixin.py:188} INFO - [2025-03-11T03:20:23.465+0000] {dagbag.py:545} INFO - Filling up the DagBag from /home/airflow/.local/lib/python3.12/site-packages/airflow/example_dags/example_params_trigger_ui.py
[2025-03-11T03:20:23.486+0000] {processor.py:840} INFO - DAG(s) 'example_params_trigger_ui' retrieved from /home/airflow/.local/lib/python3.12/site-packages/airflow/example_dags/example_params_trigger_ui.py
[2025-03-11T03:20:23.531+0000] {logging_mixin.py:188} INFO - [2025-03-11T03:20:23.531+0000] {dag.py:3096} INFO - Sync 1 DAGs
[2025-03-11T03:20:23.546+0000] {logging_mixin.py:188} INFO - [2025-03-11T03:20:23.546+0000] {dag.py:3954} INFO - Setting next_dagrun for example_params_trigger_ui to None, run_after=None
[2025-03-11T03:20:23.564+0000] {processor.py:183} INFO - Processing /home/airflow/.local/lib/python3.12/site-packages/airflow/example_dags/example_params_trigger_ui.py took 0.122 seconds
[2025-03-11T03:20:53.756+0000] {processor.py:161} INFO - Started process (PID=67206) to work on /home/airflow/.local/lib/python3.12/site-packages/airflow/example_dags/example_params_trigger_ui.py
[2025-03-11T03:20:53.757+0000] {processor.py:830} INFO - Processing file /home/airflow/.local/lib/python3.12/site-packages/airflow/example_dags/example_params_trigger_ui.py for tasks to queue
[2025-03-11T03:20:53.759+0000] {logging_mixin.py:188} INFO - [2025-03-11T03:20:53.759+0000] {dagbag.py:545} INFO - Filling up the DagBag from /home/airflow/.local/lib/python3.12/site-packages/airflow/example_dags/example_params_trigger_ui.py
[2025-03-11T03:20:55.166+0000] {processor.py:840} INFO - DAG(s) 'example_params_trigger_ui' retrieved from /home/airflow/.local/lib/python3.12/site-packages/airflow/example_dags/example_params_trigger_ui.py
[2025-03-11T03:20:55.209+0000] {logging_mixin.py:188} INFO - [2025-03-11T03:20:55.209+0000] {dag.py:3096} INFO - Sync 1 DAGs
[2025-03-11T03:20:55.223+0000] {logging_mixin.py:188} INFO - [2025-03-11T03:20:55.222+0000] {dag.py:3954} INFO - Setting next_dagrun for example_params_trigger_ui to None, run_after=None
[2025-03-11T03:20:55.242+0000] {processor.py:183} INFO - Processing /home/airflow/.local/lib/python3.12/site-packages/airflow/example_dags/example_params_trigger_ui.py took 0.101 seconds
[2025-03-11T03:21:27.373+0000] {processor.py:161} INFO - Started process (PID=67468) to work on /home/airflow/.local/lib/python3.12/site-packages/airflow/example_dags/example_params_trigger_ui.py
[2025-03-11T03:21:27.376+0000] {processor.py:830} INFO - Processing file /home/airflow/.local/lib/python3.12/site-packages/airflow/example_dags/example_params_trigger_ui.py for tasks to queue
[2025-03-11T03:21:27.380+0000] {logging_mixin.py:188} INFO - [2025-03-11T03:21:27.379+0000] {dagbag.py:545} INFO - Filling up the DagBag from /home/airflow/.local/lib/python3.12/site-packages/airflow/example_dags/example_params_trigger_ui.py
[2025-03-11T03:21:27.396+0000] {processor.py:840} INFO - DAG(s) 'example_params_trigger_ui' retrieved from /home/airflow/.local/lib/python3.12/site-packages/airflow/example_dags/example_params_trigger_ui.py
[2025-03-11T03:21:27.443+0000] {logging_mixin.py:188} INFO - [2025-03-11T03:21:27.443+0000] {dag.py:3096} INFO - Sync 1 DAGs
[2025-03-11T03:21:27.457+0000] {logging_mixin.py:188} INFO - [2025-03-11T03:21:27.456+0000] {dag.py:3954} INFO - Setting next_dagrun for example_params_trigger_ui to None, run_after=None
[2025-03-11T03:21:27.481+0000] {processor.py:183} INFO - Processing /home/airflow/.local/lib/python3.12/site-packages/airflow/example_dags/example_params_trigger_ui.py took 0.120 seconds
[2025-03-11T03:22:00.317+0000] {processor.py:161} INFO - Started process (PID=67730) to work on /home/airflow/.local/lib/python3.12/site-packages/airflow/example_dags/example_params_trigger_ui.py
[2025-03-11T03:22:00.318+0000] {processor.py:830} INFO - Processing file /home/airflow/.local/lib/python3.12/site-packages/airflow/example_dags/example_params_trigger_ui.py for tasks to queue
[2025-03-11T03:22:00.321+0000] {logging_mixin.py:188} INFO - [2025-03-11T03:22:00.321+0000] {dagbag.py:545} INFO - Filling up the DagBag from /home/airflow/.local/lib/python3.12/site-packages/airflow/example_dags/example_params_trigger_ui.py
[2025-03-11T03:22:00.339+0000] {processor.py:840} INFO - DAG(s) 'example_params_trigger_ui' retrieved from /home/airflow/.local/lib/python3.12/site-packages/airflow/example_dags/example_params_trigger_ui.py
[2025-03-11T03:22:00.392+0000] {logging_mixin.py:188} INFO - [2025-03-11T03:22:00.392+0000] {dag.py:3096} INFO - Sync 1 DAGs
[2025-03-11T03:22:00.408+0000] {logging_mixin.py:188} INFO - [2025-03-11T03:22:00.408+0000] {dag.py:3954} INFO - Setting next_dagrun for example_params_trigger_ui to None, run_after=None
[2025-03-11T03:22:00.436+0000] {processor.py:183} INFO - Processing /home/airflow/.local/lib/python3.12/site-packages/airflow/example_dags/example_params_trigger_ui.py took 0.126 seconds
[2025-03-11T03:22:32.335+0000] {processor.py:161} INFO - Started process (PID=67992) to work on /home/airflow/.local/lib/python3.12/site-packages/airflow/example_dags/example_params_trigger_ui.py
[2025-03-11T03:22:32.336+0000] {processor.py:830} INFO - Processing file /home/airflow/.local/lib/python3.12/site-packages/airflow/example_dags/example_params_trigger_ui.py for tasks to queue
[2025-03-11T03:22:32.339+0000] {logging_mixin.py:188} INFO - [2025-03-11T03:22:32.338+0000] {dagbag.py:545} INFO - Filling up the DagBag from /home/airflow/.local/lib/python3.12/site-packages/airflow/example_dags/example_params_trigger_ui.py
[2025-03-11T03:22:32.356+0000] {processor.py:840} INFO - DAG(s) 'example_params_trigger_ui' retrieved from /home/airflow/.local/lib/python3.12/site-packages/airflow/example_dags/example_params_trigger_ui.py
[2025-03-11T03:22:32.403+0000] {logging_mixin.py:188} INFO - [2025-03-11T03:22:32.402+0000] {dag.py:3096} INFO - Sync 1 DAGs
[2025-03-11T03:22:32.416+0000] {logging_mixin.py:188} INFO - [2025-03-11T03:22:32.416+0000] {dag.py:3954} INFO - Setting next_dagrun for example_params_trigger_ui to None, run_after=None
[2025-03-11T03:22:32.439+0000] {processor.py:183} INFO - Processing /home/airflow/.local/lib/python3.12/site-packages/airflow/example_dags/example_params_trigger_ui.py took 0.111 seconds
[2025-03-11T03:23:04.158+0000] {processor.py:161} INFO - Started process (PID=68254) to work on /home/airflow/.local/lib/python3.12/site-packages/airflow/example_dags/example_params_trigger_ui.py
[2025-03-11T03:23:04.162+0000] {processor.py:830} INFO - Processing file /home/airflow/.local/lib/python3.12/site-packages/airflow/example_dags/example_params_trigger_ui.py for tasks to queue
[2025-03-11T03:23:04.167+0000] {logging_mixin.py:188} INFO - [2025-03-11T03:23:04.166+0000] {dagbag.py:545} INFO - Filling up the DagBag from /home/airflow/.local/lib/python3.12/site-packages/airflow/example_dags/example_params_trigger_ui.py
[2025-03-11T03:23:04.197+0000] {processor.py:840} INFO - DAG(s) 'example_params_trigger_ui' retrieved from /home/airflow/.local/lib/python3.12/site-packages/airflow/example_dags/example_params_trigger_ui.py
[2025-03-11T03:23:04.275+0000] {logging_mixin.py:188} INFO - [2025-03-11T03:23:04.274+0000] {dag.py:3096} INFO - Sync 1 DAGs
[2025-03-11T03:23:04.292+0000] {logging_mixin.py:188} INFO - [2025-03-11T03:23:04.292+0000] {dag.py:3954} INFO - Setting next_dagrun for example_params_trigger_ui to None, run_after=None
[2025-03-11T03:23:04.320+0000] {processor.py:183} INFO - Processing /home/airflow/.local/lib/python3.12/site-packages/airflow/example_dags/example_params_trigger_ui.py took 0.173 seconds
[2025-03-11T03:23:36.568+0000] {processor.py:161} INFO - Started process (PID=68516) to work on /home/airflow/.local/lib/python3.12/site-packages/airflow/example_dags/example_params_trigger_ui.py
[2025-03-11T03:23:36.571+0000] {processor.py:830} INFO - Processing file /home/airflow/.local/lib/python3.12/site-packages/airflow/example_dags/example_params_trigger_ui.py for tasks to queue
[2025-03-11T03:23:36.575+0000] {logging_mixin.py:188} INFO - [2025-03-11T03:23:36.574+0000] {dagbag.py:545} INFO - Filling up the DagBag from /home/airflow/.local/lib/python3.12/site-packages/airflow/example_dags/example_params_trigger_ui.py
[2025-03-11T03:23:36.593+0000] {processor.py:840} INFO - DAG(s) 'example_params_trigger_ui' retrieved from /home/airflow/.local/lib/python3.12/site-packages/airflow/example_dags/example_params_trigger_ui.py
[2025-03-11T03:23:36.636+0000] {logging_mixin.py:188} INFO - [2025-03-11T03:23:36.636+0000] {dag.py:3096} INFO - Sync 1 DAGs
[2025-03-11T03:23:36.649+0000] {logging_mixin.py:188} INFO - [2025-03-11T03:23:36.649+0000] {dag.py:3954} INFO - Setting next_dagrun for example_params_trigger_ui to None, run_after=None
[2025-03-11T03:23:36.673+0000] {processor.py:183} INFO - Processing /home/airflow/.local/lib/python3.12/site-packages/airflow/example_dags/example_params_trigger_ui.py took 0.119 seconds
[2025-03-11T03:24:08.527+0000] {processor.py:161} INFO - Started process (PID=68778) to work on /home/airflow/.local/lib/python3.12/site-packages/airflow/example_dags/example_params_trigger_ui.py
[2025-03-11T03:24:08.529+0000] {processor.py:830} INFO - Processing file /home/airflow/.local/lib/python3.12/site-packages/airflow/example_dags/example_params_trigger_ui.py for tasks to queue
[2025-03-11T03:24:08.532+0000] {logging_mixin.py:188} INFO - [2025-03-11T03:24:08.532+0000] {dagbag.py:545} INFO - Filling up the DagBag from /home/airflow/.local/lib/python3.12/site-packages/airflow/example_dags/example_params_trigger_ui.py
[2025-03-11T03:24:08.552+0000] {processor.py:840} INFO - DAG(s) 'example_params_trigger_ui' retrieved from /home/airflow/.local/lib/python3.12/site-packages/airflow/example_dags/example_params_trigger_ui.py
[2025-03-11T03:24:08.606+0000] {logging_mixin.py:188} INFO - [2025-03-11T03:24:08.606+0000] {dag.py:3096} INFO - Sync 1 DAGs
[2025-03-11T03:24:08.624+0000] {logging_mixin.py:188} INFO - [2025-03-11T03:24:08.623+0000] {dag.py:3954} INFO - Setting next_dagrun for example_params_trigger_ui to None, run_after=None
[2025-03-11T03:24:08.652+0000] {processor.py:183} INFO - Processing /home/airflow/.local/lib/python3.12/site-packages/airflow/example_dags/example_params_trigger_ui.py took 0.132 seconds
[2025-03-11T03:24:40.376+0000] {processor.py:161} INFO - Started process (PID=69040) to work on /home/airflow/.local/lib/python3.12/site-packages/airflow/example_dags/example_params_trigger_ui.py
[2025-03-11T03:24:40.378+0000] {processor.py:830} INFO - Processing file /home/airflow/.local/lib/python3.12/site-packages/airflow/example_dags/example_params_trigger_ui.py for tasks to queue
[2025-03-11T03:24:40.380+0000] {logging_mixin.py:188} INFO - [2025-03-11T03:24:40.380+0000] {dagbag.py:545} INFO - Filling up the DagBag from /home/airflow/.local/lib/python3.12/site-packages/airflow/example_dags/example_params_trigger_ui.py
[2025-03-11T03:24:40.393+0000] {processor.py:840} INFO - DAG(s) 'example_params_trigger_ui' retrieved from /home/airflow/.local/lib/python3.12/site-packages/airflow/example_dags/example_params_trigger_ui.py
[2025-03-11T03:24:40.434+0000] {logging_mixin.py:188} INFO - [2025-03-11T03:24:40.434+0000] {dag.py:3096} INFO - Sync 1 DAGs
[2025-03-11T03:24:40.447+0000] {logging_mixin.py:188} INFO - [2025-03-11T03:24:40.446+0000] {dag.py:3954} INFO - Setting next_dagrun for example_params_trigger_ui to None, run_after=None
[2025-03-11T03:24:40.465+0000] {processor.py:183} INFO - Processing /home/airflow/.local/lib/python3.12/site-packages/airflow/example_dags/example_params_trigger_ui.py took 0.107 seconds
[2025-03-11T03:25:12.470+0000] {processor.py:161} INFO - Started process (PID=69302) to work on /home/airflow/.local/lib/python3.12/site-packages/airflow/example_dags/example_params_trigger_ui.py
[2025-03-11T03:25:12.472+0000] {processor.py:830} INFO - Processing file /home/airflow/.local/lib/python3.12/site-packages/airflow/example_dags/example_params_trigger_ui.py for tasks to queue
[2025-03-11T03:25:12.474+0000] {logging_mixin.py:188} INFO - [2025-03-11T03:25:12.474+0000] {dagbag.py:545} INFO - Filling up the DagBag from /home/airflow/.local/lib/python3.12/site-packages/airflow/example_dags/example_params_trigger_ui.py
[2025-03-11T03:25:12.488+0000] {processor.py:840} INFO - DAG(s) 'example_params_trigger_ui' retrieved from /home/airflow/.local/lib/python3.12/site-packages/airflow/example_dags/example_params_trigger_ui.py
[2025-03-11T03:25:12.533+0000] {logging_mixin.py:188} INFO - [2025-03-11T03:25:12.533+0000] {dag.py:3096} INFO - Sync 1 DAGs
[2025-03-11T03:25:12.547+0000] {logging_mixin.py:188} INFO - [2025-03-11T03:25:12.547+0000] {dag.py:3954} INFO - Setting next_dagrun for example_params_trigger_ui to None, run_after=None
[2025-03-11T03:25:12.569+0000] {processor.py:183} INFO - Processing /home/airflow/.local/lib/python3.12/site-packages/airflow/example_dags/example_params_trigger_ui.py took 0.111 seconds
[2025-03-11T03:25:43.059+0000] {processor.py:161} INFO - Started process (PID=69564) to work on /home/airflow/.local/lib/python3.12/site-packages/airflow/example_dags/example_params_trigger_ui.py
[2025-03-11T03:25:43.061+0000] {processor.py:830} INFO - Processing file /home/airflow/.local/lib/python3.12/site-packages/airflow/example_dags/example_params_trigger_ui.py for tasks to queue
[2025-03-11T03:25:43.065+0000] {logging_mixin.py:188} INFO - [2025-03-11T03:25:43.064+0000] {dagbag.py:545} INFO - Filling up the DagBag from /home/airflow/.local/lib/python3.12/site-packages/airflow/example_dags/example_params_trigger_ui.py
[2025-03-11T03:25:43.083+0000] {processor.py:840} INFO - DAG(s) 'example_params_trigger_ui' retrieved from /home/airflow/.local/lib/python3.12/site-packages/airflow/example_dags/example_params_trigger_ui.py
[2025-03-11T03:25:44.527+0000] {logging_mixin.py:188} INFO - [2025-03-11T03:25:44.527+0000] {dag.py:3096} INFO - Sync 1 DAGs
[2025-03-11T03:25:44.541+0000] {logging_mixin.py:188} INFO - [2025-03-11T03:25:44.541+0000] {dag.py:3954} INFO - Setting next_dagrun for example_params_trigger_ui to None, run_after=None
[2025-03-11T03:25:44.565+0000] {processor.py:183} INFO - Processing /home/airflow/.local/lib/python3.12/site-packages/airflow/example_dags/example_params_trigger_ui.py took 0.120 seconds
[2025-03-11T03:26:17.245+0000] {processor.py:161} INFO - Started process (PID=69826) to work on /home/airflow/.local/lib/python3.12/site-packages/airflow/example_dags/example_params_trigger_ui.py
[2025-03-11T03:26:17.247+0000] {processor.py:830} INFO - Processing file /home/airflow/.local/lib/python3.12/site-packages/airflow/example_dags/example_params_trigger_ui.py for tasks to queue
[2025-03-11T03:26:17.249+0000] {logging_mixin.py:188} INFO - [2025-03-11T03:26:17.249+0000] {dagbag.py:545} INFO - Filling up the DagBag from /home/airflow/.local/lib/python3.12/site-packages/airflow/example_dags/example_params_trigger_ui.py
[2025-03-11T03:26:17.265+0000] {processor.py:840} INFO - DAG(s) 'example_params_trigger_ui' retrieved from /home/airflow/.local/lib/python3.12/site-packages/airflow/example_dags/example_params_trigger_ui.py
[2025-03-11T03:26:17.308+0000] {logging_mixin.py:188} INFO - [2025-03-11T03:26:17.308+0000] {dag.py:3096} INFO - Sync 1 DAGs
[2025-03-11T03:26:17.321+0000] {logging_mixin.py:188} INFO - [2025-03-11T03:26:17.320+0000] {dag.py:3954} INFO - Setting next_dagrun for example_params_trigger_ui to None, run_after=None
[2025-03-11T03:26:17.342+0000] {processor.py:183} INFO - Processing /home/airflow/.local/lib/python3.12/site-packages/airflow/example_dags/example_params_trigger_ui.py took 0.104 seconds
[2025-03-11T03:26:48.692+0000] {processor.py:161} INFO - Started process (PID=70088) to work on /home/airflow/.local/lib/python3.12/site-packages/airflow/example_dags/example_params_trigger_ui.py
[2025-03-11T03:26:48.694+0000] {processor.py:830} INFO - Processing file /home/airflow/.local/lib/python3.12/site-packages/airflow/example_dags/example_params_trigger_ui.py for tasks to queue
[2025-03-11T03:26:48.697+0000] {logging_mixin.py:188} INFO - [2025-03-11T03:26:48.696+0000] {dagbag.py:545} INFO - Filling up the DagBag from /home/airflow/.local/lib/python3.12/site-packages/airflow/example_dags/example_params_trigger_ui.py
[2025-03-11T03:26:48.714+0000] {processor.py:840} INFO - DAG(s) 'example_params_trigger_ui' retrieved from /home/airflow/.local/lib/python3.12/site-packages/airflow/example_dags/example_params_trigger_ui.py
[2025-03-11T03:26:48.764+0000] {logging_mixin.py:188} INFO - [2025-03-11T03:26:48.763+0000] {dag.py:3096} INFO - Sync 1 DAGs
[2025-03-11T03:26:48.780+0000] {logging_mixin.py:188} INFO - [2025-03-11T03:26:48.780+0000] {dag.py:3954} INFO - Setting next_dagrun for example_params_trigger_ui to None, run_after=None
[2025-03-11T03:26:48.804+0000] {processor.py:183} INFO - Processing /home/airflow/.local/lib/python3.12/site-packages/airflow/example_dags/example_params_trigger_ui.py took 0.123 seconds
[2025-03-11T03:27:21.295+0000] {processor.py:161} INFO - Started process (PID=70350) to work on /home/airflow/.local/lib/python3.12/site-packages/airflow/example_dags/example_params_trigger_ui.py
[2025-03-11T03:27:21.296+0000] {processor.py:830} INFO - Processing file /home/airflow/.local/lib/python3.12/site-packages/airflow/example_dags/example_params_trigger_ui.py for tasks to queue
[2025-03-11T03:27:21.299+0000] {logging_mixin.py:188} INFO - [2025-03-11T03:27:21.298+0000] {dagbag.py:545} INFO - Filling up the DagBag from /home/airflow/.local/lib/python3.12/site-packages/airflow/example_dags/example_params_trigger_ui.py
[2025-03-11T03:27:21.319+0000] {processor.py:840} INFO - DAG(s) 'example_params_trigger_ui' retrieved from /home/airflow/.local/lib/python3.12/site-packages/airflow/example_dags/example_params_trigger_ui.py
[2025-03-11T03:27:21.369+0000] {logging_mixin.py:188} INFO - [2025-03-11T03:27:21.368+0000] {dag.py:3096} INFO - Sync 1 DAGs
[2025-03-11T03:27:21.385+0000] {logging_mixin.py:188} INFO - [2025-03-11T03:27:21.384+0000] {dag.py:3954} INFO - Setting next_dagrun for example_params_trigger_ui to None, run_after=None
[2025-03-11T03:27:21.410+0000] {processor.py:183} INFO - Processing /home/airflow/.local/lib/python3.12/site-packages/airflow/example_dags/example_params_trigger_ui.py took 0.122 seconds
[2025-03-11T03:27:52.811+0000] {processor.py:161} INFO - Started process (PID=70612) to work on /home/airflow/.local/lib/python3.12/site-packages/airflow/example_dags/example_params_trigger_ui.py
[2025-03-11T03:27:52.813+0000] {processor.py:830} INFO - Processing file /home/airflow/.local/lib/python3.12/site-packages/airflow/example_dags/example_params_trigger_ui.py for tasks to queue
[2025-03-11T03:27:52.817+0000] {logging_mixin.py:188} INFO - [2025-03-11T03:27:52.816+0000] {dagbag.py:545} INFO - Filling up the DagBag from /home/airflow/.local/lib/python3.12/site-packages/airflow/example_dags/example_params_trigger_ui.py
[2025-03-11T03:27:52.836+0000] {processor.py:840} INFO - DAG(s) 'example_params_trigger_ui' retrieved from /home/airflow/.local/lib/python3.12/site-packages/airflow/example_dags/example_params_trigger_ui.py
[2025-03-11T03:27:52.888+0000] {logging_mixin.py:188} INFO - [2025-03-11T03:27:52.887+0000] {dag.py:3096} INFO - Sync 1 DAGs
[2025-03-11T03:27:52.900+0000] {logging_mixin.py:188} INFO - [2025-03-11T03:27:52.900+0000] {dag.py:3954} INFO - Setting next_dagrun for example_params_trigger_ui to None, run_after=None
[2025-03-11T03:27:52.922+0000] {processor.py:183} INFO - Processing /home/airflow/.local/lib/python3.12/site-packages/airflow/example_dags/example_params_trigger_ui.py took 0.127 seconds
[2025-03-11T03:28:25.339+0000] {processor.py:161} INFO - Started process (PID=70874) to work on /home/airflow/.local/lib/python3.12/site-packages/airflow/example_dags/example_params_trigger_ui.py
[2025-03-11T03:28:25.342+0000] {processor.py:830} INFO - Processing file /home/airflow/.local/lib/python3.12/site-packages/airflow/example_dags/example_params_trigger_ui.py for tasks to queue
[2025-03-11T03:28:25.347+0000] {logging_mixin.py:188} INFO - [2025-03-11T03:28:25.347+0000] {dagbag.py:545} INFO - Filling up the DagBag from /home/airflow/.local/lib/python3.12/site-packages/airflow/example_dags/example_params_trigger_ui.py
[2025-03-11T03:28:25.372+0000] {processor.py:840} INFO - DAG(s) 'example_params_trigger_ui' retrieved from /home/airflow/.local/lib/python3.12/site-packages/airflow/example_dags/example_params_trigger_ui.py
[2025-03-11T03:28:25.423+0000] {logging_mixin.py:188} INFO - [2025-03-11T03:28:25.423+0000] {dag.py:3096} INFO - Sync 1 DAGs
[2025-03-11T03:28:25.438+0000] {logging_mixin.py:188} INFO - [2025-03-11T03:28:25.438+0000] {dag.py:3954} INFO - Setting next_dagrun for example_params_trigger_ui to None, run_after=None
[2025-03-11T03:28:25.462+0000] {processor.py:183} INFO - Processing /home/airflow/.local/lib/python3.12/site-packages/airflow/example_dags/example_params_trigger_ui.py took 0.134 seconds
[2025-03-11T03:28:57.465+0000] {processor.py:161} INFO - Started process (PID=71136) to work on /home/airflow/.local/lib/python3.12/site-packages/airflow/example_dags/example_params_trigger_ui.py
[2025-03-11T03:28:57.468+0000] {processor.py:830} INFO - Processing file /home/airflow/.local/lib/python3.12/site-packages/airflow/example_dags/example_params_trigger_ui.py for tasks to queue
[2025-03-11T03:28:57.472+0000] {logging_mixin.py:188} INFO - [2025-03-11T03:28:57.471+0000] {dagbag.py:545} INFO - Filling up the DagBag from /home/airflow/.local/lib/python3.12/site-packages/airflow/example_dags/example_params_trigger_ui.py
[2025-03-11T03:28:57.490+0000] {processor.py:840} INFO - DAG(s) 'example_params_trigger_ui' retrieved from /home/airflow/.local/lib/python3.12/site-packages/airflow/example_dags/example_params_trigger_ui.py
[2025-03-11T03:28:57.538+0000] {logging_mixin.py:188} INFO - [2025-03-11T03:28:57.537+0000] {dag.py:3096} INFO - Sync 1 DAGs
[2025-03-11T03:28:57.551+0000] {logging_mixin.py:188} INFO - [2025-03-11T03:28:57.551+0000] {dag.py:3954} INFO - Setting next_dagrun for example_params_trigger_ui to None, run_after=None
[2025-03-11T03:28:57.574+0000] {processor.py:183} INFO - Processing /home/airflow/.local/lib/python3.12/site-packages/airflow/example_dags/example_params_trigger_ui.py took 0.132 seconds
[2025-03-11T03:29:29.630+0000] {processor.py:161} INFO - Started process (PID=71398) to work on /home/airflow/.local/lib/python3.12/site-packages/airflow/example_dags/example_params_trigger_ui.py
[2025-03-11T03:29:29.631+0000] {processor.py:830} INFO - Processing file /home/airflow/.local/lib/python3.12/site-packages/airflow/example_dags/example_params_trigger_ui.py for tasks to queue
[2025-03-11T03:29:29.634+0000] {logging_mixin.py:188} INFO - [2025-03-11T03:29:29.633+0000] {dagbag.py:545} INFO - Filling up the DagBag from /home/airflow/.local/lib/python3.12/site-packages/airflow/example_dags/example_params_trigger_ui.py
[2025-03-11T03:29:29.649+0000] {processor.py:840} INFO - DAG(s) 'example_params_trigger_ui' retrieved from /home/airflow/.local/lib/python3.12/site-packages/airflow/example_dags/example_params_trigger_ui.py
[2025-03-11T03:29:29.693+0000] {logging_mixin.py:188} INFO - [2025-03-11T03:29:29.693+0000] {dag.py:3096} INFO - Sync 1 DAGs
[2025-03-11T03:29:29.707+0000] {logging_mixin.py:188} INFO - [2025-03-11T03:29:29.707+0000] {dag.py:3954} INFO - Setting next_dagrun for example_params_trigger_ui to None, run_after=None
[2025-03-11T03:29:29.730+0000] {processor.py:183} INFO - Processing /home/airflow/.local/lib/python3.12/site-packages/airflow/example_dags/example_params_trigger_ui.py took 0.107 seconds
[2025-03-11T03:30:01.504+0000] {processor.py:161} INFO - Started process (PID=71660) to work on /home/airflow/.local/lib/python3.12/site-packages/airflow/example_dags/example_params_trigger_ui.py
[2025-03-11T03:30:01.505+0000] {processor.py:830} INFO - Processing file /home/airflow/.local/lib/python3.12/site-packages/airflow/example_dags/example_params_trigger_ui.py for tasks to queue
[2025-03-11T03:30:01.507+0000] {logging_mixin.py:188} INFO - [2025-03-11T03:30:01.507+0000] {dagbag.py:545} INFO - Filling up the DagBag from /home/airflow/.local/lib/python3.12/site-packages/airflow/example_dags/example_params_trigger_ui.py
[2025-03-11T03:30:01.523+0000] {processor.py:840} INFO - DAG(s) 'example_params_trigger_ui' retrieved from /home/airflow/.local/lib/python3.12/site-packages/airflow/example_dags/example_params_trigger_ui.py
[2025-03-11T03:30:01.565+0000] {logging_mixin.py:188} INFO - [2025-03-11T03:30:01.565+0000] {dag.py:3096} INFO - Sync 1 DAGs
[2025-03-11T03:30:01.578+0000] {logging_mixin.py:188} INFO - [2025-03-11T03:30:01.578+0000] {dag.py:3954} INFO - Setting next_dagrun for example_params_trigger_ui to None, run_after=None
[2025-03-11T03:30:01.599+0000] {processor.py:183} INFO - Processing /home/airflow/.local/lib/python3.12/site-packages/airflow/example_dags/example_params_trigger_ui.py took 0.101 seconds
[2025-03-11T03:30:33.994+0000] {processor.py:161} INFO - Started process (PID=71922) to work on /home/airflow/.local/lib/python3.12/site-packages/airflow/example_dags/example_params_trigger_ui.py
[2025-03-11T03:30:34.001+0000] {processor.py:830} INFO - Processing file /home/airflow/.local/lib/python3.12/site-packages/airflow/example_dags/example_params_trigger_ui.py for tasks to queue
[2025-03-11T03:30:34.009+0000] {logging_mixin.py:188} INFO - [2025-03-11T03:30:34.008+0000] {dagbag.py:545} INFO - Filling up the DagBag from /home/airflow/.local/lib/python3.12/site-packages/airflow/example_dags/example_params_trigger_ui.py
[2025-03-11T03:30:34.037+0000] {processor.py:840} INFO - DAG(s) 'example_params_trigger_ui' retrieved from /home/airflow/.local/lib/python3.12/site-packages/airflow/example_dags/example_params_trigger_ui.py
[2025-03-11T03:30:34.105+0000] {logging_mixin.py:188} INFO - [2025-03-11T03:30:34.105+0000] {dag.py:3096} INFO - Sync 1 DAGs
[2025-03-11T03:30:34.128+0000] {logging_mixin.py:188} INFO - [2025-03-11T03:30:34.127+0000] {dag.py:3954} INFO - Setting next_dagrun for example_params_trigger_ui to None, run_after=None
[2025-03-11T03:30:34.153+0000] {processor.py:183} INFO - Processing /home/airflow/.local/lib/python3.12/site-packages/airflow/example_dags/example_params_trigger_ui.py took 0.170 seconds
[2025-03-11T03:31:05.276+0000] {processor.py:161} INFO - Started process (PID=72184) to work on /home/airflow/.local/lib/python3.12/site-packages/airflow/example_dags/example_params_trigger_ui.py
[2025-03-11T03:31:05.278+0000] {processor.py:830} INFO - Processing file /home/airflow/.local/lib/python3.12/site-packages/airflow/example_dags/example_params_trigger_ui.py for tasks to queue
[2025-03-11T03:31:05.281+0000] {logging_mixin.py:188} INFO - [2025-03-11T03:31:05.280+0000] {dagbag.py:545} INFO - Filling up the DagBag from /home/airflow/.local/lib/python3.12/site-packages/airflow/example_dags/example_params_trigger_ui.py
[2025-03-11T03:31:05.298+0000] {processor.py:840} INFO - DAG(s) 'example_params_trigger_ui' retrieved from /home/airflow/.local/lib/python3.12/site-packages/airflow/example_dags/example_params_trigger_ui.py
[2025-03-11T03:31:05.345+0000] {logging_mixin.py:188} INFO - [2025-03-11T03:31:05.344+0000] {dag.py:3096} INFO - Sync 1 DAGs
[2025-03-11T03:31:05.358+0000] {logging_mixin.py:188} INFO - [2025-03-11T03:31:05.358+0000] {dag.py:3954} INFO - Setting next_dagrun for example_params_trigger_ui to None, run_after=None
[2025-03-11T03:31:05.380+0000] {processor.py:183} INFO - Processing /home/airflow/.local/lib/python3.12/site-packages/airflow/example_dags/example_params_trigger_ui.py took 0.112 seconds
[2025-03-11T03:31:37.679+0000] {processor.py:161} INFO - Started process (PID=72446) to work on /home/airflow/.local/lib/python3.12/site-packages/airflow/example_dags/example_params_trigger_ui.py
[2025-03-11T03:31:37.682+0000] {processor.py:830} INFO - Processing file /home/airflow/.local/lib/python3.12/site-packages/airflow/example_dags/example_params_trigger_ui.py for tasks to queue
[2025-03-11T03:31:37.688+0000] {logging_mixin.py:188} INFO - [2025-03-11T03:31:37.687+0000] {dagbag.py:545} INFO - Filling up the DagBag from /home/airflow/.local/lib/python3.12/site-packages/airflow/example_dags/example_params_trigger_ui.py
[2025-03-11T03:31:37.710+0000] {processor.py:840} INFO - DAG(s) 'example_params_trigger_ui' retrieved from /home/airflow/.local/lib/python3.12/site-packages/airflow/example_dags/example_params_trigger_ui.py
[2025-03-11T03:31:37.773+0000] {logging_mixin.py:188} INFO - [2025-03-11T03:31:37.773+0000] {dag.py:3096} INFO - Sync 1 DAGs
[2025-03-11T03:31:37.787+0000] {logging_mixin.py:188} INFO - [2025-03-11T03:31:37.787+0000] {dag.py:3954} INFO - Setting next_dagrun for example_params_trigger_ui to None, run_after=None
[2025-03-11T03:31:37.813+0000] {processor.py:183} INFO - Processing /home/airflow/.local/lib/python3.12/site-packages/airflow/example_dags/example_params_trigger_ui.py took 0.142 seconds
[2025-03-11T03:32:09.350+0000] {processor.py:161} INFO - Started process (PID=72708) to work on /home/airflow/.local/lib/python3.12/site-packages/airflow/example_dags/example_params_trigger_ui.py
[2025-03-11T03:32:09.352+0000] {processor.py:830} INFO - Processing file /home/airflow/.local/lib/python3.12/site-packages/airflow/example_dags/example_params_trigger_ui.py for tasks to queue
[2025-03-11T03:32:09.358+0000] {logging_mixin.py:188} INFO - [2025-03-11T03:32:09.357+0000] {dagbag.py:545} INFO - Filling up the DagBag from /home/airflow/.local/lib/python3.12/site-packages/airflow/example_dags/example_params_trigger_ui.py
[2025-03-11T03:32:09.387+0000] {processor.py:840} INFO - DAG(s) 'example_params_trigger_ui' retrieved from /home/airflow/.local/lib/python3.12/site-packages/airflow/example_dags/example_params_trigger_ui.py
[2025-03-11T03:32:09.454+0000] {logging_mixin.py:188} INFO - [2025-03-11T03:32:09.454+0000] {dag.py:3096} INFO - Sync 1 DAGs
[2025-03-11T03:32:09.471+0000] {logging_mixin.py:188} INFO - [2025-03-11T03:32:09.470+0000] {dag.py:3954} INFO - Setting next_dagrun for example_params_trigger_ui to None, run_after=None
[2025-03-11T03:32:09.497+0000] {processor.py:183} INFO - Processing /home/airflow/.local/lib/python3.12/site-packages/airflow/example_dags/example_params_trigger_ui.py took 0.162 seconds
[2025-03-11T03:32:40.094+0000] {processor.py:161} INFO - Started process (PID=72970) to work on /home/airflow/.local/lib/python3.12/site-packages/airflow/example_dags/example_params_trigger_ui.py
[2025-03-11T03:32:40.096+0000] {processor.py:830} INFO - Processing file /home/airflow/.local/lib/python3.12/site-packages/airflow/example_dags/example_params_trigger_ui.py for tasks to queue
[2025-03-11T03:32:40.099+0000] {logging_mixin.py:188} INFO - [2025-03-11T03:32:40.098+0000] {dagbag.py:545} INFO - Filling up the DagBag from /home/airflow/.local/lib/python3.12/site-packages/airflow/example_dags/example_params_trigger_ui.py
[2025-03-11T03:32:40.116+0000] {processor.py:840} INFO - DAG(s) 'example_params_trigger_ui' retrieved from /home/airflow/.local/lib/python3.12/site-packages/airflow/example_dags/example_params_trigger_ui.py
[2025-03-11T03:32:41.558+0000] {logging_mixin.py:188} INFO - [2025-03-11T03:32:41.557+0000] {dag.py:3096} INFO - Sync 1 DAGs
[2025-03-11T03:32:41.572+0000] {logging_mixin.py:188} INFO - [2025-03-11T03:32:41.572+0000] {dag.py:3954} INFO - Setting next_dagrun for example_params_trigger_ui to None, run_after=None
[2025-03-11T03:32:41.598+0000] {processor.py:183} INFO - Processing /home/airflow/.local/lib/python3.12/site-packages/airflow/example_dags/example_params_trigger_ui.py took 0.139 seconds
