[2025-03-11T03:05:13.417+0000] {processor.py:161} INFO - Started process (PID=59408) to work on /home/airflow/.local/lib/python3.12/site-packages/airflow/example_dags/example_sensors.py
[2025-03-11T03:05:13.419+0000] {processor.py:830} INFO - Processing file /home/airflow/.local/lib/python3.12/site-packages/airflow/example_dags/example_sensors.py for tasks to queue
[2025-03-11T03:05:13.422+0000] {logging_mixin.py:188} INFO - [2025-03-11T03:05:13.421+0000] {dagbag.py:545} INFO - Filling up the DagBag from /home/airflow/.local/lib/python3.12/site-packages/airflow/example_dags/example_sensors.py
[2025-03-11T03:05:13.434+0000] {processor.py:840} INFO - DAG(s) 'example_sensors' retrieved from /home/airflow/.local/lib/python3.12/site-packages/airflow/example_dags/example_sensors.py
[2025-03-11T03:05:13.470+0000] {logging_mixin.py:188} INFO - [2025-03-11T03:05:13.469+0000] {dag.py:3096} INFO - Sync 1 DAGs
[2025-03-11T03:05:13.485+0000] {logging_mixin.py:188} INFO - [2025-03-11T03:05:13.485+0000] {dag.py:3954} INFO - Setting next_dagrun for example_sensors to None, run_after=None
[2025-03-11T03:05:13.531+0000] {processor.py:183} INFO - Processing /home/airflow/.local/lib/python3.12/site-packages/airflow/example_dags/example_sensors.py took 0.122 seconds
[2025-03-11T03:05:44.202+0000] {processor.py:161} INFO - Started process (PID=59670) to work on /home/airflow/.local/lib/python3.12/site-packages/airflow/example_dags/example_sensors.py
[2025-03-11T03:05:44.205+0000] {processor.py:830} INFO - Processing file /home/airflow/.local/lib/python3.12/site-packages/airflow/example_dags/example_sensors.py for tasks to queue
[2025-03-11T03:05:44.207+0000] {logging_mixin.py:188} INFO - [2025-03-11T03:05:44.207+0000] {dagbag.py:545} INFO - Filling up the DagBag from /home/airflow/.local/lib/python3.12/site-packages/airflow/example_dags/example_sensors.py
[2025-03-11T03:05:44.215+0000] {processor.py:840} INFO - DAG(s) 'example_sensors' retrieved from /home/airflow/.local/lib/python3.12/site-packages/airflow/example_dags/example_sensors.py
[2025-03-11T03:05:44.244+0000] {logging_mixin.py:188} INFO - [2025-03-11T03:05:44.243+0000] {dag.py:3096} INFO - Sync 1 DAGs
[2025-03-11T03:05:44.262+0000] {logging_mixin.py:188} INFO - [2025-03-11T03:05:44.262+0000] {dag.py:3954} INFO - Setting next_dagrun for example_sensors to None, run_after=None
[2025-03-11T03:05:44.290+0000] {processor.py:183} INFO - Processing /home/airflow/.local/lib/python3.12/site-packages/airflow/example_dags/example_sensors.py took 0.094 seconds
[2025-03-11T03:06:14.488+0000] {processor.py:161} INFO - Started process (PID=59932) to work on /home/airflow/.local/lib/python3.12/site-packages/airflow/example_dags/example_sensors.py
[2025-03-11T03:06:14.490+0000] {processor.py:830} INFO - Processing file /home/airflow/.local/lib/python3.12/site-packages/airflow/example_dags/example_sensors.py for tasks to queue
[2025-03-11T03:06:14.492+0000] {logging_mixin.py:188} INFO - [2025-03-11T03:06:14.491+0000] {dagbag.py:545} INFO - Filling up the DagBag from /home/airflow/.local/lib/python3.12/site-packages/airflow/example_dags/example_sensors.py
[2025-03-11T03:06:14.500+0000] {processor.py:840} INFO - DAG(s) 'example_sensors' retrieved from /home/airflow/.local/lib/python3.12/site-packages/airflow/example_dags/example_sensors.py
[2025-03-11T03:06:14.524+0000] {logging_mixin.py:188} INFO - [2025-03-11T03:06:14.524+0000] {dag.py:3096} INFO - Sync 1 DAGs
[2025-03-11T03:06:14.535+0000] {logging_mixin.py:188} INFO - [2025-03-11T03:06:14.535+0000] {dag.py:3954} INFO - Setting next_dagrun for example_sensors to None, run_after=None
[2025-03-11T03:06:14.556+0000] {processor.py:183} INFO - Processing /home/airflow/.local/lib/python3.12/site-packages/airflow/example_dags/example_sensors.py took 0.073 seconds
[2025-03-11T03:06:45.566+0000] {processor.py:161} INFO - Started process (PID=60194) to work on /home/airflow/.local/lib/python3.12/site-packages/airflow/example_dags/example_sensors.py
[2025-03-11T03:06:45.568+0000] {processor.py:830} INFO - Processing file /home/airflow/.local/lib/python3.12/site-packages/airflow/example_dags/example_sensors.py for tasks to queue
[2025-03-11T03:06:45.570+0000] {logging_mixin.py:188} INFO - [2025-03-11T03:06:45.570+0000] {dagbag.py:545} INFO - Filling up the DagBag from /home/airflow/.local/lib/python3.12/site-packages/airflow/example_dags/example_sensors.py
[2025-03-11T03:06:45.580+0000] {processor.py:840} INFO - DAG(s) 'example_sensors' retrieved from /home/airflow/.local/lib/python3.12/site-packages/airflow/example_dags/example_sensors.py
[2025-03-11T03:06:45.604+0000] {logging_mixin.py:188} INFO - [2025-03-11T03:06:45.604+0000] {dag.py:3096} INFO - Sync 1 DAGs
[2025-03-11T03:06:45.617+0000] {logging_mixin.py:188} INFO - [2025-03-11T03:06:45.616+0000] {dag.py:3954} INFO - Setting next_dagrun for example_sensors to None, run_after=None
[2025-03-11T03:06:45.635+0000] {processor.py:183} INFO - Processing /home/airflow/.local/lib/python3.12/site-packages/airflow/example_dags/example_sensors.py took 0.075 seconds
[2025-03-11T03:07:16.036+0000] {processor.py:161} INFO - Started process (PID=60450) to work on /home/airflow/.local/lib/python3.12/site-packages/airflow/example_dags/example_sensors.py
[2025-03-11T03:07:16.037+0000] {processor.py:830} INFO - Processing file /home/airflow/.local/lib/python3.12/site-packages/airflow/example_dags/example_sensors.py for tasks to queue
[2025-03-11T03:07:16.039+0000] {logging_mixin.py:188} INFO - [2025-03-11T03:07:16.039+0000] {dagbag.py:545} INFO - Filling up the DagBag from /home/airflow/.local/lib/python3.12/site-packages/airflow/example_dags/example_sensors.py
[2025-03-11T03:07:16.048+0000] {processor.py:840} INFO - DAG(s) 'example_sensors' retrieved from /home/airflow/.local/lib/python3.12/site-packages/airflow/example_dags/example_sensors.py
[2025-03-11T03:07:16.075+0000] {logging_mixin.py:188} INFO - [2025-03-11T03:07:16.074+0000] {dag.py:3096} INFO - Sync 1 DAGs
[2025-03-11T03:07:16.087+0000] {logging_mixin.py:188} INFO - [2025-03-11T03:07:16.087+0000] {dag.py:3954} INFO - Setting next_dagrun for example_sensors to None, run_after=None
[2025-03-11T03:07:16.113+0000] {processor.py:183} INFO - Processing /home/airflow/.local/lib/python3.12/site-packages/airflow/example_dags/example_sensors.py took 0.083 seconds
[2025-03-11T03:07:46.234+0000] {processor.py:161} INFO - Started process (PID=60712) to work on /home/airflow/.local/lib/python3.12/site-packages/airflow/example_dags/example_sensors.py
[2025-03-11T03:07:46.235+0000] {processor.py:830} INFO - Processing file /home/airflow/.local/lib/python3.12/site-packages/airflow/example_dags/example_sensors.py for tasks to queue
[2025-03-11T03:07:46.237+0000] {logging_mixin.py:188} INFO - [2025-03-11T03:07:46.237+0000] {dagbag.py:545} INFO - Filling up the DagBag from /home/airflow/.local/lib/python3.12/site-packages/airflow/example_dags/example_sensors.py
[2025-03-11T03:07:46.246+0000] {processor.py:840} INFO - DAG(s) 'example_sensors' retrieved from /home/airflow/.local/lib/python3.12/site-packages/airflow/example_dags/example_sensors.py
[2025-03-11T03:07:46.270+0000] {logging_mixin.py:188} INFO - [2025-03-11T03:07:46.270+0000] {dag.py:3096} INFO - Sync 1 DAGs
[2025-03-11T03:07:46.283+0000] {logging_mixin.py:188} INFO - [2025-03-11T03:07:46.283+0000] {dag.py:3954} INFO - Setting next_dagrun for example_sensors to None, run_after=None
[2025-03-11T03:07:46.305+0000] {processor.py:183} INFO - Processing /home/airflow/.local/lib/python3.12/site-packages/airflow/example_dags/example_sensors.py took 0.077 seconds
[2025-03-11T03:08:16.602+0000] {processor.py:161} INFO - Started process (PID=60974) to work on /home/airflow/.local/lib/python3.12/site-packages/airflow/example_dags/example_sensors.py
[2025-03-11T03:08:16.605+0000] {processor.py:830} INFO - Processing file /home/airflow/.local/lib/python3.12/site-packages/airflow/example_dags/example_sensors.py for tasks to queue
[2025-03-11T03:08:16.609+0000] {logging_mixin.py:188} INFO - [2025-03-11T03:08:16.609+0000] {dagbag.py:545} INFO - Filling up the DagBag from /home/airflow/.local/lib/python3.12/site-packages/airflow/example_dags/example_sensors.py
[2025-03-11T03:08:16.622+0000] {processor.py:840} INFO - DAG(s) 'example_sensors' retrieved from /home/airflow/.local/lib/python3.12/site-packages/airflow/example_dags/example_sensors.py
[2025-03-11T03:08:16.651+0000] {logging_mixin.py:188} INFO - [2025-03-11T03:08:16.650+0000] {dag.py:3096} INFO - Sync 1 DAGs
[2025-03-11T03:08:16.664+0000] {logging_mixin.py:188} INFO - [2025-03-11T03:08:16.664+0000] {dag.py:3954} INFO - Setting next_dagrun for example_sensors to None, run_after=None
[2025-03-11T03:08:16.685+0000] {processor.py:183} INFO - Processing /home/airflow/.local/lib/python3.12/site-packages/airflow/example_dags/example_sensors.py took 0.092 seconds
[2025-03-11T03:08:47.035+0000] {processor.py:161} INFO - Started process (PID=61236) to work on /home/airflow/.local/lib/python3.12/site-packages/airflow/example_dags/example_sensors.py
[2025-03-11T03:08:47.039+0000] {processor.py:830} INFO - Processing file /home/airflow/.local/lib/python3.12/site-packages/airflow/example_dags/example_sensors.py for tasks to queue
[2025-03-11T03:08:47.045+0000] {logging_mixin.py:188} INFO - [2025-03-11T03:08:47.043+0000] {dagbag.py:545} INFO - Filling up the DagBag from /home/airflow/.local/lib/python3.12/site-packages/airflow/example_dags/example_sensors.py
[2025-03-11T03:08:47.060+0000] {processor.py:840} INFO - DAG(s) 'example_sensors' retrieved from /home/airflow/.local/lib/python3.12/site-packages/airflow/example_dags/example_sensors.py
[2025-03-11T03:08:47.085+0000] {logging_mixin.py:188} INFO - [2025-03-11T03:08:47.085+0000] {dag.py:3096} INFO - Sync 1 DAGs
[2025-03-11T03:08:47.096+0000] {logging_mixin.py:188} INFO - [2025-03-11T03:08:47.096+0000] {dag.py:3954} INFO - Setting next_dagrun for example_sensors to None, run_after=None
[2025-03-11T03:08:47.119+0000] {processor.py:183} INFO - Processing /home/airflow/.local/lib/python3.12/site-packages/airflow/example_dags/example_sensors.py took 0.114 seconds
[2025-03-11T03:09:17.304+0000] {processor.py:161} INFO - Started process (PID=61498) to work on /home/airflow/.local/lib/python3.12/site-packages/airflow/example_dags/example_sensors.py
[2025-03-11T03:09:17.305+0000] {processor.py:830} INFO - Processing file /home/airflow/.local/lib/python3.12/site-packages/airflow/example_dags/example_sensors.py for tasks to queue
[2025-03-11T03:09:17.307+0000] {logging_mixin.py:188} INFO - [2025-03-11T03:09:17.307+0000] {dagbag.py:545} INFO - Filling up the DagBag from /home/airflow/.local/lib/python3.12/site-packages/airflow/example_dags/example_sensors.py
[2025-03-11T03:09:17.316+0000] {processor.py:840} INFO - DAG(s) 'example_sensors' retrieved from /home/airflow/.local/lib/python3.12/site-packages/airflow/example_dags/example_sensors.py
[2025-03-11T03:09:17.344+0000] {logging_mixin.py:188} INFO - [2025-03-11T03:09:17.344+0000] {dag.py:3096} INFO - Sync 1 DAGs
[2025-03-11T03:09:17.358+0000] {logging_mixin.py:188} INFO - [2025-03-11T03:09:17.358+0000] {dag.py:3954} INFO - Setting next_dagrun for example_sensors to None, run_after=None
[2025-03-11T03:09:17.384+0000] {processor.py:183} INFO - Processing /home/airflow/.local/lib/python3.12/site-packages/airflow/example_dags/example_sensors.py took 0.092 seconds
[2025-03-11T03:09:47.925+0000] {processor.py:161} INFO - Started process (PID=61761) to work on /home/airflow/.local/lib/python3.12/site-packages/airflow/example_dags/example_sensors.py
[2025-03-11T03:09:47.926+0000] {processor.py:830} INFO - Processing file /home/airflow/.local/lib/python3.12/site-packages/airflow/example_dags/example_sensors.py for tasks to queue
[2025-03-11T03:09:47.928+0000] {logging_mixin.py:188} INFO - [2025-03-11T03:09:47.928+0000] {dagbag.py:545} INFO - Filling up the DagBag from /home/airflow/.local/lib/python3.12/site-packages/airflow/example_dags/example_sensors.py
[2025-03-11T03:09:47.937+0000] {processor.py:840} INFO - DAG(s) 'example_sensors' retrieved from /home/airflow/.local/lib/python3.12/site-packages/airflow/example_dags/example_sensors.py
[2025-03-11T03:09:47.962+0000] {logging_mixin.py:188} INFO - [2025-03-11T03:09:47.962+0000] {dag.py:3096} INFO - Sync 1 DAGs
[2025-03-11T03:09:47.975+0000] {logging_mixin.py:188} INFO - [2025-03-11T03:09:47.975+0000] {dag.py:3954} INFO - Setting next_dagrun for example_sensors to None, run_after=None
[2025-03-11T03:09:47.995+0000] {processor.py:183} INFO - Processing /home/airflow/.local/lib/python3.12/site-packages/airflow/example_dags/example_sensors.py took 0.078 seconds
[2025-03-11T03:10:19.085+0000] {processor.py:161} INFO - Started process (PID=62023) to work on /home/airflow/.local/lib/python3.12/site-packages/airflow/example_dags/example_sensors.py
[2025-03-11T03:10:19.087+0000] {processor.py:830} INFO - Processing file /home/airflow/.local/lib/python3.12/site-packages/airflow/example_dags/example_sensors.py for tasks to queue
[2025-03-11T03:10:19.090+0000] {logging_mixin.py:188} INFO - [2025-03-11T03:10:19.090+0000] {dagbag.py:545} INFO - Filling up the DagBag from /home/airflow/.local/lib/python3.12/site-packages/airflow/example_dags/example_sensors.py
[2025-03-11T03:10:19.101+0000] {processor.py:840} INFO - DAG(s) 'example_sensors' retrieved from /home/airflow/.local/lib/python3.12/site-packages/airflow/example_dags/example_sensors.py
[2025-03-11T03:10:19.126+0000] {logging_mixin.py:188} INFO - [2025-03-11T03:10:19.126+0000] {dag.py:3096} INFO - Sync 1 DAGs
[2025-03-11T03:10:19.139+0000] {logging_mixin.py:188} INFO - [2025-03-11T03:10:19.138+0000] {dag.py:3954} INFO - Setting next_dagrun for example_sensors to None, run_after=None
[2025-03-11T03:10:19.159+0000] {processor.py:183} INFO - Processing /home/airflow/.local/lib/python3.12/site-packages/airflow/example_dags/example_sensors.py took 0.097 seconds
[2025-03-11T03:10:49.372+0000] {processor.py:161} INFO - Started process (PID=62285) to work on /home/airflow/.local/lib/python3.12/site-packages/airflow/example_dags/example_sensors.py
[2025-03-11T03:10:49.374+0000] {processor.py:830} INFO - Processing file /home/airflow/.local/lib/python3.12/site-packages/airflow/example_dags/example_sensors.py for tasks to queue
[2025-03-11T03:10:49.378+0000] {logging_mixin.py:188} INFO - [2025-03-11T03:10:49.378+0000] {dagbag.py:545} INFO - Filling up the DagBag from /home/airflow/.local/lib/python3.12/site-packages/airflow/example_dags/example_sensors.py
[2025-03-11T03:10:49.393+0000] {processor.py:840} INFO - DAG(s) 'example_sensors' retrieved from /home/airflow/.local/lib/python3.12/site-packages/airflow/example_dags/example_sensors.py
[2025-03-11T03:10:49.429+0000] {logging_mixin.py:188} INFO - [2025-03-11T03:10:49.429+0000] {dag.py:3096} INFO - Sync 1 DAGs
[2025-03-11T03:10:49.441+0000] {logging_mixin.py:188} INFO - [2025-03-11T03:10:49.441+0000] {dag.py:3954} INFO - Setting next_dagrun for example_sensors to None, run_after=None
[2025-03-11T03:10:49.462+0000] {processor.py:183} INFO - Processing /home/airflow/.local/lib/python3.12/site-packages/airflow/example_dags/example_sensors.py took 0.111 seconds
[2025-03-11T03:11:19.936+0000] {processor.py:161} INFO - Started process (PID=62547) to work on /home/airflow/.local/lib/python3.12/site-packages/airflow/example_dags/example_sensors.py
[2025-03-11T03:11:19.941+0000] {processor.py:830} INFO - Processing file /home/airflow/.local/lib/python3.12/site-packages/airflow/example_dags/example_sensors.py for tasks to queue
[2025-03-11T03:11:19.953+0000] {logging_mixin.py:188} INFO - [2025-03-11T03:11:19.951+0000] {dagbag.py:545} INFO - Filling up the DagBag from /home/airflow/.local/lib/python3.12/site-packages/airflow/example_dags/example_sensors.py
[2025-03-11T03:11:20.005+0000] {processor.py:840} INFO - DAG(s) 'example_sensors' retrieved from /home/airflow/.local/lib/python3.12/site-packages/airflow/example_dags/example_sensors.py
[2025-03-11T03:11:20.127+0000] {logging_mixin.py:188} INFO - [2025-03-11T03:11:20.126+0000] {dag.py:3096} INFO - Sync 1 DAGs
[2025-03-11T03:11:20.165+0000] {logging_mixin.py:188} INFO - [2025-03-11T03:11:20.165+0000] {dag.py:3954} INFO - Setting next_dagrun for example_sensors to None, run_after=None
[2025-03-11T03:11:20.201+0000] {processor.py:183} INFO - Processing /home/airflow/.local/lib/python3.12/site-packages/airflow/example_dags/example_sensors.py took 0.284 seconds
[2025-03-11T03:11:50.352+0000] {processor.py:161} INFO - Started process (PID=62809) to work on /home/airflow/.local/lib/python3.12/site-packages/airflow/example_dags/example_sensors.py
[2025-03-11T03:11:50.353+0000] {processor.py:830} INFO - Processing file /home/airflow/.local/lib/python3.12/site-packages/airflow/example_dags/example_sensors.py for tasks to queue
[2025-03-11T03:11:50.355+0000] {logging_mixin.py:188} INFO - [2025-03-11T03:11:50.355+0000] {dagbag.py:545} INFO - Filling up the DagBag from /home/airflow/.local/lib/python3.12/site-packages/airflow/example_dags/example_sensors.py
[2025-03-11T03:11:50.365+0000] {processor.py:840} INFO - DAG(s) 'example_sensors' retrieved from /home/airflow/.local/lib/python3.12/site-packages/airflow/example_dags/example_sensors.py
[2025-03-11T03:11:50.392+0000] {logging_mixin.py:188} INFO - [2025-03-11T03:11:50.392+0000] {dag.py:3096} INFO - Sync 1 DAGs
[2025-03-11T03:11:50.404+0000] {logging_mixin.py:188} INFO - [2025-03-11T03:11:50.404+0000] {dag.py:3954} INFO - Setting next_dagrun for example_sensors to None, run_after=None
[2025-03-11T03:11:50.428+0000] {processor.py:183} INFO - Processing /home/airflow/.local/lib/python3.12/site-packages/airflow/example_dags/example_sensors.py took 0.083 seconds
[2025-03-11T03:12:22.040+0000] {processor.py:161} INFO - Started process (PID=63071) to work on /home/airflow/.local/lib/python3.12/site-packages/airflow/example_dags/example_sensors.py
[2025-03-11T03:12:22.041+0000] {processor.py:830} INFO - Processing file /home/airflow/.local/lib/python3.12/site-packages/airflow/example_dags/example_sensors.py for tasks to queue
[2025-03-11T03:12:22.044+0000] {logging_mixin.py:188} INFO - [2025-03-11T03:12:22.044+0000] {dagbag.py:545} INFO - Filling up the DagBag from /home/airflow/.local/lib/python3.12/site-packages/airflow/example_dags/example_sensors.py
[2025-03-11T03:12:22.055+0000] {processor.py:840} INFO - DAG(s) 'example_sensors' retrieved from /home/airflow/.local/lib/python3.12/site-packages/airflow/example_dags/example_sensors.py
[2025-03-11T03:12:22.078+0000] {logging_mixin.py:188} INFO - [2025-03-11T03:12:22.077+0000] {dag.py:3096} INFO - Sync 1 DAGs
[2025-03-11T03:12:22.090+0000] {logging_mixin.py:188} INFO - [2025-03-11T03:12:22.090+0000] {dag.py:3954} INFO - Setting next_dagrun for example_sensors to None, run_after=None
[2025-03-11T03:12:22.109+0000] {processor.py:183} INFO - Processing /home/airflow/.local/lib/python3.12/site-packages/airflow/example_dags/example_sensors.py took 0.074 seconds
[2025-03-11T03:12:53.913+0000] {processor.py:161} INFO - Started process (PID=63332) to work on /home/airflow/.local/lib/python3.12/site-packages/airflow/example_dags/example_sensors.py
[2025-03-11T03:12:53.914+0000] {processor.py:830} INFO - Processing file /home/airflow/.local/lib/python3.12/site-packages/airflow/example_dags/example_sensors.py for tasks to queue
[2025-03-11T03:12:53.916+0000] {logging_mixin.py:188} INFO - [2025-03-11T03:12:53.916+0000] {dagbag.py:545} INFO - Filling up the DagBag from /home/airflow/.local/lib/python3.12/site-packages/airflow/example_dags/example_sensors.py
[2025-03-11T03:12:53.926+0000] {processor.py:840} INFO - DAG(s) 'example_sensors' retrieved from /home/airflow/.local/lib/python3.12/site-packages/airflow/example_dags/example_sensors.py
[2025-03-11T03:12:53.956+0000] {logging_mixin.py:188} INFO - [2025-03-11T03:12:53.956+0000] {dag.py:3096} INFO - Sync 1 DAGs
[2025-03-11T03:12:53.970+0000] {logging_mixin.py:188} INFO - [2025-03-11T03:12:53.970+0000] {dag.py:3954} INFO - Setting next_dagrun for example_sensors to None, run_after=None
[2025-03-11T03:12:53.995+0000] {processor.py:183} INFO - Processing /home/airflow/.local/lib/python3.12/site-packages/airflow/example_dags/example_sensors.py took 0.087 seconds
[2025-03-11T03:13:25.750+0000] {processor.py:161} INFO - Started process (PID=63594) to work on /home/airflow/.local/lib/python3.12/site-packages/airflow/example_dags/example_sensors.py
[2025-03-11T03:13:25.751+0000] {processor.py:830} INFO - Processing file /home/airflow/.local/lib/python3.12/site-packages/airflow/example_dags/example_sensors.py for tasks to queue
[2025-03-11T03:13:25.753+0000] {logging_mixin.py:188} INFO - [2025-03-11T03:13:25.753+0000] {dagbag.py:545} INFO - Filling up the DagBag from /home/airflow/.local/lib/python3.12/site-packages/airflow/example_dags/example_sensors.py
[2025-03-11T03:13:25.775+0000] {processor.py:840} INFO - DAG(s) 'example_sensors' retrieved from /home/airflow/.local/lib/python3.12/site-packages/airflow/example_dags/example_sensors.py
[2025-03-11T03:13:25.807+0000] {logging_mixin.py:188} INFO - [2025-03-11T03:13:25.807+0000] {dag.py:3096} INFO - Sync 1 DAGs
[2025-03-11T03:13:25.820+0000] {logging_mixin.py:188} INFO - [2025-03-11T03:13:25.820+0000] {dag.py:3954} INFO - Setting next_dagrun for example_sensors to None, run_after=None
[2025-03-11T03:13:25.840+0000] {processor.py:183} INFO - Processing /home/airflow/.local/lib/python3.12/site-packages/airflow/example_dags/example_sensors.py took 0.096 seconds
[2025-03-11T03:13:58.048+0000] {processor.py:161} INFO - Started process (PID=63858) to work on /home/airflow/.local/lib/python3.12/site-packages/airflow/example_dags/example_sensors.py
[2025-03-11T03:13:58.052+0000] {processor.py:830} INFO - Processing file /home/airflow/.local/lib/python3.12/site-packages/airflow/example_dags/example_sensors.py for tasks to queue
[2025-03-11T03:13:58.059+0000] {logging_mixin.py:188} INFO - [2025-03-11T03:13:58.057+0000] {dagbag.py:545} INFO - Filling up the DagBag from /home/airflow/.local/lib/python3.12/site-packages/airflow/example_dags/example_sensors.py
[2025-03-11T03:13:58.070+0000] {processor.py:840} INFO - DAG(s) 'example_sensors' retrieved from /home/airflow/.local/lib/python3.12/site-packages/airflow/example_dags/example_sensors.py
[2025-03-11T03:13:58.094+0000] {logging_mixin.py:188} INFO - [2025-03-11T03:13:58.093+0000] {dag.py:3096} INFO - Sync 1 DAGs
[2025-03-11T03:13:58.105+0000] {logging_mixin.py:188} INFO - [2025-03-11T03:13:58.105+0000] {dag.py:3954} INFO - Setting next_dagrun for example_sensors to None, run_after=None
[2025-03-11T03:13:58.124+0000] {processor.py:183} INFO - Processing /home/airflow/.local/lib/python3.12/site-packages/airflow/example_dags/example_sensors.py took 0.119 seconds
[2025-03-11T03:14:30.362+0000] {processor.py:161} INFO - Started process (PID=64118) to work on /home/airflow/.local/lib/python3.12/site-packages/airflow/example_dags/example_sensors.py
[2025-03-11T03:14:30.364+0000] {processor.py:830} INFO - Processing file /home/airflow/.local/lib/python3.12/site-packages/airflow/example_dags/example_sensors.py for tasks to queue
[2025-03-11T03:14:30.366+0000] {logging_mixin.py:188} INFO - [2025-03-11T03:14:30.365+0000] {dagbag.py:545} INFO - Filling up the DagBag from /home/airflow/.local/lib/python3.12/site-packages/airflow/example_dags/example_sensors.py
[2025-03-11T03:14:30.374+0000] {processor.py:840} INFO - DAG(s) 'example_sensors' retrieved from /home/airflow/.local/lib/python3.12/site-packages/airflow/example_dags/example_sensors.py
[2025-03-11T03:14:30.403+0000] {logging_mixin.py:188} INFO - [2025-03-11T03:14:30.402+0000] {dag.py:3096} INFO - Sync 1 DAGs
[2025-03-11T03:14:30.415+0000] {logging_mixin.py:188} INFO - [2025-03-11T03:14:30.415+0000] {dag.py:3954} INFO - Setting next_dagrun for example_sensors to None, run_after=None
[2025-03-11T03:14:30.435+0000] {processor.py:183} INFO - Processing /home/airflow/.local/lib/python3.12/site-packages/airflow/example_dags/example_sensors.py took 0.078 seconds
[2025-03-11T03:15:03.407+0000] {processor.py:161} INFO - Started process (PID=64390) to work on /home/airflow/.local/lib/python3.12/site-packages/airflow/example_dags/example_sensors.py
[2025-03-11T03:15:03.409+0000] {processor.py:830} INFO - Processing file /home/airflow/.local/lib/python3.12/site-packages/airflow/example_dags/example_sensors.py for tasks to queue
[2025-03-11T03:15:03.413+0000] {logging_mixin.py:188} INFO - [2025-03-11T03:15:03.412+0000] {dagbag.py:545} INFO - Filling up the DagBag from /home/airflow/.local/lib/python3.12/site-packages/airflow/example_dags/example_sensors.py
[2025-03-11T03:15:03.426+0000] {processor.py:840} INFO - DAG(s) 'example_sensors' retrieved from /home/airflow/.local/lib/python3.12/site-packages/airflow/example_dags/example_sensors.py
[2025-03-11T03:15:03.464+0000] {logging_mixin.py:188} INFO - [2025-03-11T03:15:03.463+0000] {dag.py:3096} INFO - Sync 1 DAGs
[2025-03-11T03:15:03.485+0000] {logging_mixin.py:188} INFO - [2025-03-11T03:15:03.485+0000] {dag.py:3954} INFO - Setting next_dagrun for example_sensors to None, run_after=None
[2025-03-11T03:15:03.511+0000] {processor.py:183} INFO - Processing /home/airflow/.local/lib/python3.12/site-packages/airflow/example_dags/example_sensors.py took 0.111 seconds
[2025-03-11T03:15:35.419+0000] {processor.py:161} INFO - Started process (PID=64652) to work on /home/airflow/.local/lib/python3.12/site-packages/airflow/example_dags/example_sensors.py
[2025-03-11T03:15:35.421+0000] {processor.py:830} INFO - Processing file /home/airflow/.local/lib/python3.12/site-packages/airflow/example_dags/example_sensors.py for tasks to queue
[2025-03-11T03:15:35.423+0000] {logging_mixin.py:188} INFO - [2025-03-11T03:15:35.423+0000] {dagbag.py:545} INFO - Filling up the DagBag from /home/airflow/.local/lib/python3.12/site-packages/airflow/example_dags/example_sensors.py
[2025-03-11T03:15:35.432+0000] {processor.py:840} INFO - DAG(s) 'example_sensors' retrieved from /home/airflow/.local/lib/python3.12/site-packages/airflow/example_dags/example_sensors.py
[2025-03-11T03:15:35.459+0000] {logging_mixin.py:188} INFO - [2025-03-11T03:15:35.459+0000] {dag.py:3096} INFO - Sync 1 DAGs
[2025-03-11T03:15:35.474+0000] {logging_mixin.py:188} INFO - [2025-03-11T03:15:35.473+0000] {dag.py:3954} INFO - Setting next_dagrun for example_sensors to None, run_after=None
[2025-03-11T03:15:35.507+0000] {processor.py:183} INFO - Processing /home/airflow/.local/lib/python3.12/site-packages/airflow/example_dags/example_sensors.py took 0.094 seconds
[2025-03-11T03:16:07.071+0000] {processor.py:161} INFO - Started process (PID=64914) to work on /home/airflow/.local/lib/python3.12/site-packages/airflow/example_dags/example_sensors.py
[2025-03-11T03:16:07.075+0000] {processor.py:830} INFO - Processing file /home/airflow/.local/lib/python3.12/site-packages/airflow/example_dags/example_sensors.py for tasks to queue
[2025-03-11T03:16:07.082+0000] {logging_mixin.py:188} INFO - [2025-03-11T03:16:07.081+0000] {dagbag.py:545} INFO - Filling up the DagBag from /home/airflow/.local/lib/python3.12/site-packages/airflow/example_dags/example_sensors.py
[2025-03-11T03:16:07.108+0000] {processor.py:840} INFO - DAG(s) 'example_sensors' retrieved from /home/airflow/.local/lib/python3.12/site-packages/airflow/example_dags/example_sensors.py
[2025-03-11T03:16:07.150+0000] {logging_mixin.py:188} INFO - [2025-03-11T03:16:07.150+0000] {dag.py:3096} INFO - Sync 1 DAGs
[2025-03-11T03:16:07.165+0000] {logging_mixin.py:188} INFO - [2025-03-11T03:16:07.164+0000] {dag.py:3954} INFO - Setting next_dagrun for example_sensors to None, run_after=None
[2025-03-11T03:16:07.193+0000] {processor.py:183} INFO - Processing /home/airflow/.local/lib/python3.12/site-packages/airflow/example_dags/example_sensors.py took 0.141 seconds
[2025-03-11T03:16:40.768+0000] {processor.py:161} INFO - Started process (PID=65178) to work on /home/airflow/.local/lib/python3.12/site-packages/airflow/example_dags/example_sensors.py
[2025-03-11T03:16:40.769+0000] {processor.py:830} INFO - Processing file /home/airflow/.local/lib/python3.12/site-packages/airflow/example_dags/example_sensors.py for tasks to queue
[2025-03-11T03:16:40.771+0000] {logging_mixin.py:188} INFO - [2025-03-11T03:16:40.771+0000] {dagbag.py:545} INFO - Filling up the DagBag from /home/airflow/.local/lib/python3.12/site-packages/airflow/example_dags/example_sensors.py
[2025-03-11T03:16:40.780+0000] {processor.py:840} INFO - DAG(s) 'example_sensors' retrieved from /home/airflow/.local/lib/python3.12/site-packages/airflow/example_dags/example_sensors.py
[2025-03-11T03:16:40.806+0000] {logging_mixin.py:188} INFO - [2025-03-11T03:16:40.805+0000] {dag.py:3096} INFO - Sync 1 DAGs
[2025-03-11T03:16:40.931+0000] {logging_mixin.py:188} INFO - [2025-03-11T03:16:40.931+0000] {dag.py:3954} INFO - Setting next_dagrun for example_sensors to None, run_after=None
[2025-03-11T03:16:40.953+0000] {processor.py:183} INFO - Processing /home/airflow/.local/lib/python3.12/site-packages/airflow/example_dags/example_sensors.py took 0.191 seconds
[2025-03-11T03:17:11.796+0000] {processor.py:161} INFO - Started process (PID=65438) to work on /home/airflow/.local/lib/python3.12/site-packages/airflow/example_dags/example_sensors.py
[2025-03-11T03:17:11.798+0000] {processor.py:830} INFO - Processing file /home/airflow/.local/lib/python3.12/site-packages/airflow/example_dags/example_sensors.py for tasks to queue
[2025-03-11T03:17:11.802+0000] {logging_mixin.py:188} INFO - [2025-03-11T03:17:11.802+0000] {dagbag.py:545} INFO - Filling up the DagBag from /home/airflow/.local/lib/python3.12/site-packages/airflow/example_dags/example_sensors.py
[2025-03-11T03:17:11.816+0000] {processor.py:840} INFO - DAG(s) 'example_sensors' retrieved from /home/airflow/.local/lib/python3.12/site-packages/airflow/example_dags/example_sensors.py
[2025-03-11T03:17:11.842+0000] {logging_mixin.py:188} INFO - [2025-03-11T03:17:11.842+0000] {dag.py:3096} INFO - Sync 1 DAGs
[2025-03-11T03:17:11.855+0000] {logging_mixin.py:188} INFO - [2025-03-11T03:17:11.855+0000] {dag.py:3954} INFO - Setting next_dagrun for example_sensors to None, run_after=None
[2025-03-11T03:17:11.877+0000] {processor.py:183} INFO - Processing /home/airflow/.local/lib/python3.12/site-packages/airflow/example_dags/example_sensors.py took 0.088 seconds
[2025-03-11T03:17:43.963+0000] {processor.py:161} INFO - Started process (PID=65700) to work on /home/airflow/.local/lib/python3.12/site-packages/airflow/example_dags/example_sensors.py
[2025-03-11T03:17:43.965+0000] {processor.py:830} INFO - Processing file /home/airflow/.local/lib/python3.12/site-packages/airflow/example_dags/example_sensors.py for tasks to queue
[2025-03-11T03:17:43.967+0000] {logging_mixin.py:188} INFO - [2025-03-11T03:17:43.966+0000] {dagbag.py:545} INFO - Filling up the DagBag from /home/airflow/.local/lib/python3.12/site-packages/airflow/example_dags/example_sensors.py
[2025-03-11T03:17:43.977+0000] {processor.py:840} INFO - DAG(s) 'example_sensors' retrieved from /home/airflow/.local/lib/python3.12/site-packages/airflow/example_dags/example_sensors.py
[2025-03-11T03:17:44.004+0000] {logging_mixin.py:188} INFO - [2025-03-11T03:17:44.004+0000] {dag.py:3096} INFO - Sync 1 DAGs
[2025-03-11T03:17:44.019+0000] {logging_mixin.py:188} INFO - [2025-03-11T03:17:44.019+0000] {dag.py:3954} INFO - Setting next_dagrun for example_sensors to None, run_after=None
[2025-03-11T03:17:44.040+0000] {processor.py:183} INFO - Processing /home/airflow/.local/lib/python3.12/site-packages/airflow/example_dags/example_sensors.py took 0.085 seconds
[2025-03-11T03:18:16.934+0000] {processor.py:161} INFO - Started process (PID=65962) to work on /home/airflow/.local/lib/python3.12/site-packages/airflow/example_dags/example_sensors.py
[2025-03-11T03:18:16.935+0000] {processor.py:830} INFO - Processing file /home/airflow/.local/lib/python3.12/site-packages/airflow/example_dags/example_sensors.py for tasks to queue
[2025-03-11T03:18:16.939+0000] {logging_mixin.py:188} INFO - [2025-03-11T03:18:16.939+0000] {dagbag.py:545} INFO - Filling up the DagBag from /home/airflow/.local/lib/python3.12/site-packages/airflow/example_dags/example_sensors.py
[2025-03-11T03:18:16.951+0000] {processor.py:840} INFO - DAG(s) 'example_sensors' retrieved from /home/airflow/.local/lib/python3.12/site-packages/airflow/example_dags/example_sensors.py
[2025-03-11T03:18:16.980+0000] {logging_mixin.py:188} INFO - [2025-03-11T03:18:16.980+0000] {dag.py:3096} INFO - Sync 1 DAGs
[2025-03-11T03:18:17.124+0000] {logging_mixin.py:188} INFO - [2025-03-11T03:18:17.124+0000] {dag.py:3954} INFO - Setting next_dagrun for example_sensors to None, run_after=None
[2025-03-11T03:18:17.146+0000] {processor.py:183} INFO - Processing /home/airflow/.local/lib/python3.12/site-packages/airflow/example_dags/example_sensors.py took 0.222 seconds
[2025-03-11T03:18:48.456+0000] {processor.py:161} INFO - Started process (PID=66224) to work on /home/airflow/.local/lib/python3.12/site-packages/airflow/example_dags/example_sensors.py
[2025-03-11T03:18:48.457+0000] {processor.py:830} INFO - Processing file /home/airflow/.local/lib/python3.12/site-packages/airflow/example_dags/example_sensors.py for tasks to queue
[2025-03-11T03:18:48.459+0000] {logging_mixin.py:188} INFO - [2025-03-11T03:18:48.459+0000] {dagbag.py:545} INFO - Filling up the DagBag from /home/airflow/.local/lib/python3.12/site-packages/airflow/example_dags/example_sensors.py
[2025-03-11T03:18:48.469+0000] {processor.py:840} INFO - DAG(s) 'example_sensors' retrieved from /home/airflow/.local/lib/python3.12/site-packages/airflow/example_dags/example_sensors.py
[2025-03-11T03:18:48.494+0000] {logging_mixin.py:188} INFO - [2025-03-11T03:18:48.494+0000] {dag.py:3096} INFO - Sync 1 DAGs
[2025-03-11T03:18:48.507+0000] {logging_mixin.py:188} INFO - [2025-03-11T03:18:48.506+0000] {dag.py:3954} INFO - Setting next_dagrun for example_sensors to None, run_after=None
[2025-03-11T03:18:48.529+0000] {processor.py:183} INFO - Processing /home/airflow/.local/lib/python3.12/site-packages/airflow/example_dags/example_sensors.py took 0.079 seconds
[2025-03-11T03:19:20.677+0000] {processor.py:161} INFO - Started process (PID=66486) to work on /home/airflow/.local/lib/python3.12/site-packages/airflow/example_dags/example_sensors.py
[2025-03-11T03:19:20.678+0000] {processor.py:830} INFO - Processing file /home/airflow/.local/lib/python3.12/site-packages/airflow/example_dags/example_sensors.py for tasks to queue
[2025-03-11T03:19:20.680+0000] {logging_mixin.py:188} INFO - [2025-03-11T03:19:20.680+0000] {dagbag.py:545} INFO - Filling up the DagBag from /home/airflow/.local/lib/python3.12/site-packages/airflow/example_dags/example_sensors.py
[2025-03-11T03:19:20.690+0000] {processor.py:840} INFO - DAG(s) 'example_sensors' retrieved from /home/airflow/.local/lib/python3.12/site-packages/airflow/example_dags/example_sensors.py
[2025-03-11T03:19:20.718+0000] {logging_mixin.py:188} INFO - [2025-03-11T03:19:20.718+0000] {dag.py:3096} INFO - Sync 1 DAGs
[2025-03-11T03:19:20.731+0000] {logging_mixin.py:188} INFO - [2025-03-11T03:19:20.731+0000] {dag.py:3954} INFO - Setting next_dagrun for example_sensors to None, run_after=None
[2025-03-11T03:19:20.755+0000] {processor.py:183} INFO - Processing /home/airflow/.local/lib/python3.12/site-packages/airflow/example_dags/example_sensors.py took 0.084 seconds
[2025-03-11T03:19:51.801+0000] {processor.py:161} INFO - Started process (PID=66748) to work on /home/airflow/.local/lib/python3.12/site-packages/airflow/example_dags/example_sensors.py
[2025-03-11T03:19:51.803+0000] {processor.py:830} INFO - Processing file /home/airflow/.local/lib/python3.12/site-packages/airflow/example_dags/example_sensors.py for tasks to queue
[2025-03-11T03:19:51.805+0000] {logging_mixin.py:188} INFO - [2025-03-11T03:19:51.804+0000] {dagbag.py:545} INFO - Filling up the DagBag from /home/airflow/.local/lib/python3.12/site-packages/airflow/example_dags/example_sensors.py
[2025-03-11T03:19:51.814+0000] {processor.py:840} INFO - DAG(s) 'example_sensors' retrieved from /home/airflow/.local/lib/python3.12/site-packages/airflow/example_dags/example_sensors.py
[2025-03-11T03:19:51.843+0000] {logging_mixin.py:188} INFO - [2025-03-11T03:19:51.843+0000] {dag.py:3096} INFO - Sync 1 DAGs
[2025-03-11T03:19:51.856+0000] {logging_mixin.py:188} INFO - [2025-03-11T03:19:51.856+0000] {dag.py:3954} INFO - Setting next_dagrun for example_sensors to None, run_after=None
[2025-03-11T03:19:51.878+0000] {processor.py:183} INFO - Processing /home/airflow/.local/lib/python3.12/site-packages/airflow/example_dags/example_sensors.py took 0.083 seconds
[2025-03-11T03:20:24.571+0000] {processor.py:161} INFO - Started process (PID=67011) to work on /home/airflow/.local/lib/python3.12/site-packages/airflow/example_dags/example_sensors.py
[2025-03-11T03:20:24.575+0000] {processor.py:830} INFO - Processing file /home/airflow/.local/lib/python3.12/site-packages/airflow/example_dags/example_sensors.py for tasks to queue
[2025-03-11T03:20:24.578+0000] {logging_mixin.py:188} INFO - [2025-03-11T03:20:24.578+0000] {dagbag.py:545} INFO - Filling up the DagBag from /home/airflow/.local/lib/python3.12/site-packages/airflow/example_dags/example_sensors.py
[2025-03-11T03:20:24.594+0000] {processor.py:840} INFO - DAG(s) 'example_sensors' retrieved from /home/airflow/.local/lib/python3.12/site-packages/airflow/example_dags/example_sensors.py
[2025-03-11T03:20:24.620+0000] {logging_mixin.py:188} INFO - [2025-03-11T03:20:24.619+0000] {dag.py:3096} INFO - Sync 1 DAGs
[2025-03-11T03:20:24.634+0000] {logging_mixin.py:188} INFO - [2025-03-11T03:20:24.634+0000] {dag.py:3954} INFO - Setting next_dagrun for example_sensors to None, run_after=None
[2025-03-11T03:20:24.652+0000] {processor.py:183} INFO - Processing /home/airflow/.local/lib/python3.12/site-packages/airflow/example_dags/example_sensors.py took 0.104 seconds
[2025-03-11T03:20:56.215+0000] {processor.py:161} INFO - Started process (PID=67271) to work on /home/airflow/.local/lib/python3.12/site-packages/airflow/example_dags/example_sensors.py
[2025-03-11T03:20:56.216+0000] {processor.py:830} INFO - Processing file /home/airflow/.local/lib/python3.12/site-packages/airflow/example_dags/example_sensors.py for tasks to queue
[2025-03-11T03:20:56.218+0000] {logging_mixin.py:188} INFO - [2025-03-11T03:20:56.218+0000] {dagbag.py:545} INFO - Filling up the DagBag from /home/airflow/.local/lib/python3.12/site-packages/airflow/example_dags/example_sensors.py
[2025-03-11T03:20:56.228+0000] {processor.py:840} INFO - DAG(s) 'example_sensors' retrieved from /home/airflow/.local/lib/python3.12/site-packages/airflow/example_dags/example_sensors.py
[2025-03-11T03:20:56.252+0000] {logging_mixin.py:188} INFO - [2025-03-11T03:20:56.252+0000] {dag.py:3096} INFO - Sync 1 DAGs
[2025-03-11T03:20:56.265+0000] {logging_mixin.py:188} INFO - [2025-03-11T03:20:56.265+0000] {dag.py:3954} INFO - Setting next_dagrun for example_sensors to None, run_after=None
[2025-03-11T03:20:56.284+0000] {processor.py:183} INFO - Processing /home/airflow/.local/lib/python3.12/site-packages/airflow/example_dags/example_sensors.py took 0.075 seconds
[2025-03-11T03:21:28.799+0000] {processor.py:161} INFO - Started process (PID=67540) to work on /home/airflow/.local/lib/python3.12/site-packages/airflow/example_dags/example_sensors.py
[2025-03-11T03:21:28.802+0000] {processor.py:830} INFO - Processing file /home/airflow/.local/lib/python3.12/site-packages/airflow/example_dags/example_sensors.py for tasks to queue
[2025-03-11T03:21:28.805+0000] {logging_mixin.py:188} INFO - [2025-03-11T03:21:28.805+0000] {dagbag.py:545} INFO - Filling up the DagBag from /home/airflow/.local/lib/python3.12/site-packages/airflow/example_dags/example_sensors.py
[2025-03-11T03:21:28.830+0000] {processor.py:840} INFO - DAG(s) 'example_sensors' retrieved from /home/airflow/.local/lib/python3.12/site-packages/airflow/example_dags/example_sensors.py
[2025-03-11T03:21:28.862+0000] {logging_mixin.py:188} INFO - [2025-03-11T03:21:28.862+0000] {dag.py:3096} INFO - Sync 1 DAGs
[2025-03-11T03:21:28.875+0000] {logging_mixin.py:188} INFO - [2025-03-11T03:21:28.875+0000] {dag.py:3954} INFO - Setting next_dagrun for example_sensors to None, run_after=None
[2025-03-11T03:21:28.898+0000] {processor.py:183} INFO - Processing /home/airflow/.local/lib/python3.12/site-packages/airflow/example_dags/example_sensors.py took 0.108 seconds
[2025-03-11T03:22:01.338+0000] {processor.py:161} INFO - Started process (PID=67800) to work on /home/airflow/.local/lib/python3.12/site-packages/airflow/example_dags/example_sensors.py
[2025-03-11T03:22:01.340+0000] {processor.py:830} INFO - Processing file /home/airflow/.local/lib/python3.12/site-packages/airflow/example_dags/example_sensors.py for tasks to queue
[2025-03-11T03:22:01.342+0000] {logging_mixin.py:188} INFO - [2025-03-11T03:22:01.342+0000] {dagbag.py:545} INFO - Filling up the DagBag from /home/airflow/.local/lib/python3.12/site-packages/airflow/example_dags/example_sensors.py
[2025-03-11T03:22:01.353+0000] {processor.py:840} INFO - DAG(s) 'example_sensors' retrieved from /home/airflow/.local/lib/python3.12/site-packages/airflow/example_dags/example_sensors.py
[2025-03-11T03:22:01.380+0000] {logging_mixin.py:188} INFO - [2025-03-11T03:22:01.380+0000] {dag.py:3096} INFO - Sync 1 DAGs
[2025-03-11T03:22:01.393+0000] {logging_mixin.py:188} INFO - [2025-03-11T03:22:01.392+0000] {dag.py:3954} INFO - Setting next_dagrun for example_sensors to None, run_after=None
[2025-03-11T03:22:01.415+0000] {processor.py:183} INFO - Processing /home/airflow/.local/lib/python3.12/site-packages/airflow/example_dags/example_sensors.py took 0.082 seconds
[2025-03-11T03:22:33.753+0000] {processor.py:161} INFO - Started process (PID=68064) to work on /home/airflow/.local/lib/python3.12/site-packages/airflow/example_dags/example_sensors.py
[2025-03-11T03:22:33.754+0000] {processor.py:830} INFO - Processing file /home/airflow/.local/lib/python3.12/site-packages/airflow/example_dags/example_sensors.py for tasks to queue
[2025-03-11T03:22:33.756+0000] {logging_mixin.py:188} INFO - [2025-03-11T03:22:33.756+0000] {dagbag.py:545} INFO - Filling up the DagBag from /home/airflow/.local/lib/python3.12/site-packages/airflow/example_dags/example_sensors.py
[2025-03-11T03:22:33.767+0000] {processor.py:840} INFO - DAG(s) 'example_sensors' retrieved from /home/airflow/.local/lib/python3.12/site-packages/airflow/example_dags/example_sensors.py
[2025-03-11T03:22:33.800+0000] {logging_mixin.py:188} INFO - [2025-03-11T03:22:33.799+0000] {dag.py:3096} INFO - Sync 1 DAGs
[2025-03-11T03:22:33.818+0000] {logging_mixin.py:188} INFO - [2025-03-11T03:22:33.818+0000] {dag.py:3954} INFO - Setting next_dagrun for example_sensors to None, run_after=None
[2025-03-11T03:22:33.848+0000] {processor.py:183} INFO - Processing /home/airflow/.local/lib/python3.12/site-packages/airflow/example_dags/example_sensors.py took 0.103 seconds
[2025-03-11T03:23:05.503+0000] {processor.py:161} INFO - Started process (PID=68324) to work on /home/airflow/.local/lib/python3.12/site-packages/airflow/example_dags/example_sensors.py
[2025-03-11T03:23:05.506+0000] {processor.py:830} INFO - Processing file /home/airflow/.local/lib/python3.12/site-packages/airflow/example_dags/example_sensors.py for tasks to queue
[2025-03-11T03:23:05.512+0000] {logging_mixin.py:188} INFO - [2025-03-11T03:23:05.511+0000] {dagbag.py:545} INFO - Filling up the DagBag from /home/airflow/.local/lib/python3.12/site-packages/airflow/example_dags/example_sensors.py
[2025-03-11T03:23:05.529+0000] {processor.py:840} INFO - DAG(s) 'example_sensors' retrieved from /home/airflow/.local/lib/python3.12/site-packages/airflow/example_dags/example_sensors.py
[2025-03-11T03:23:05.555+0000] {logging_mixin.py:188} INFO - [2025-03-11T03:23:05.554+0000] {dag.py:3096} INFO - Sync 1 DAGs
[2025-03-11T03:23:05.568+0000] {logging_mixin.py:188} INFO - [2025-03-11T03:23:05.568+0000] {dag.py:3954} INFO - Setting next_dagrun for example_sensors to None, run_after=None
[2025-03-11T03:23:05.592+0000] {processor.py:183} INFO - Processing /home/airflow/.local/lib/python3.12/site-packages/airflow/example_dags/example_sensors.py took 0.101 seconds
[2025-03-11T03:23:37.576+0000] {processor.py:161} INFO - Started process (PID=68596) to work on /home/airflow/.local/lib/python3.12/site-packages/airflow/example_dags/example_sensors.py
[2025-03-11T03:23:37.577+0000] {processor.py:830} INFO - Processing file /home/airflow/.local/lib/python3.12/site-packages/airflow/example_dags/example_sensors.py for tasks to queue
[2025-03-11T03:23:37.579+0000] {logging_mixin.py:188} INFO - [2025-03-11T03:23:37.579+0000] {dagbag.py:545} INFO - Filling up the DagBag from /home/airflow/.local/lib/python3.12/site-packages/airflow/example_dags/example_sensors.py
[2025-03-11T03:23:37.588+0000] {processor.py:840} INFO - DAG(s) 'example_sensors' retrieved from /home/airflow/.local/lib/python3.12/site-packages/airflow/example_dags/example_sensors.py
[2025-03-11T03:23:37.614+0000] {logging_mixin.py:188} INFO - [2025-03-11T03:23:37.613+0000] {dag.py:3096} INFO - Sync 1 DAGs
[2025-03-11T03:23:37.628+0000] {logging_mixin.py:188} INFO - [2025-03-11T03:23:37.628+0000] {dag.py:3954} INFO - Setting next_dagrun for example_sensors to None, run_after=None
[2025-03-11T03:23:37.647+0000] {processor.py:183} INFO - Processing /home/airflow/.local/lib/python3.12/site-packages/airflow/example_dags/example_sensors.py took 0.076 seconds
[2025-03-11T03:24:09.931+0000] {processor.py:161} INFO - Started process (PID=68860) to work on /home/airflow/.local/lib/python3.12/site-packages/airflow/example_dags/example_sensors.py
[2025-03-11T03:24:09.932+0000] {processor.py:830} INFO - Processing file /home/airflow/.local/lib/python3.12/site-packages/airflow/example_dags/example_sensors.py for tasks to queue
[2025-03-11T03:24:09.934+0000] {logging_mixin.py:188} INFO - [2025-03-11T03:24:09.934+0000] {dagbag.py:545} INFO - Filling up the DagBag from /home/airflow/.local/lib/python3.12/site-packages/airflow/example_dags/example_sensors.py
[2025-03-11T03:24:09.943+0000] {processor.py:840} INFO - DAG(s) 'example_sensors' retrieved from /home/airflow/.local/lib/python3.12/site-packages/airflow/example_dags/example_sensors.py
[2025-03-11T03:24:09.976+0000] {logging_mixin.py:188} INFO - [2025-03-11T03:24:09.976+0000] {dag.py:3096} INFO - Sync 1 DAGs
[2025-03-11T03:24:09.990+0000] {logging_mixin.py:188} INFO - [2025-03-11T03:24:09.990+0000] {dag.py:3954} INFO - Setting next_dagrun for example_sensors to None, run_after=None
[2025-03-11T03:24:10.014+0000] {processor.py:183} INFO - Processing /home/airflow/.local/lib/python3.12/site-packages/airflow/example_dags/example_sensors.py took 0.091 seconds
[2025-03-11T03:24:41.611+0000] {processor.py:161} INFO - Started process (PID=69122) to work on /home/airflow/.local/lib/python3.12/site-packages/airflow/example_dags/example_sensors.py
[2025-03-11T03:24:41.613+0000] {processor.py:830} INFO - Processing file /home/airflow/.local/lib/python3.12/site-packages/airflow/example_dags/example_sensors.py for tasks to queue
[2025-03-11T03:24:41.614+0000] {logging_mixin.py:188} INFO - [2025-03-11T03:24:41.614+0000] {dagbag.py:545} INFO - Filling up the DagBag from /home/airflow/.local/lib/python3.12/site-packages/airflow/example_dags/example_sensors.py
[2025-03-11T03:24:41.623+0000] {processor.py:840} INFO - DAG(s) 'example_sensors' retrieved from /home/airflow/.local/lib/python3.12/site-packages/airflow/example_dags/example_sensors.py
[2025-03-11T03:24:41.646+0000] {logging_mixin.py:188} INFO - [2025-03-11T03:24:41.645+0000] {dag.py:3096} INFO - Sync 1 DAGs
[2025-03-11T03:24:41.657+0000] {logging_mixin.py:188} INFO - [2025-03-11T03:24:41.656+0000] {dag.py:3954} INFO - Setting next_dagrun for example_sensors to None, run_after=None
[2025-03-11T03:24:41.680+0000] {processor.py:183} INFO - Processing /home/airflow/.local/lib/python3.12/site-packages/airflow/example_dags/example_sensors.py took 0.074 seconds
[2025-03-11T03:25:13.786+0000] {processor.py:161} INFO - Started process (PID=69384) to work on /home/airflow/.local/lib/python3.12/site-packages/airflow/example_dags/example_sensors.py
[2025-03-11T03:25:13.788+0000] {processor.py:830} INFO - Processing file /home/airflow/.local/lib/python3.12/site-packages/airflow/example_dags/example_sensors.py for tasks to queue
[2025-03-11T03:25:13.790+0000] {logging_mixin.py:188} INFO - [2025-03-11T03:25:13.790+0000] {dagbag.py:545} INFO - Filling up the DagBag from /home/airflow/.local/lib/python3.12/site-packages/airflow/example_dags/example_sensors.py
[2025-03-11T03:25:13.799+0000] {processor.py:840} INFO - DAG(s) 'example_sensors' retrieved from /home/airflow/.local/lib/python3.12/site-packages/airflow/example_dags/example_sensors.py
[2025-03-11T03:25:13.831+0000] {logging_mixin.py:188} INFO - [2025-03-11T03:25:13.830+0000] {dag.py:3096} INFO - Sync 1 DAGs
[2025-03-11T03:25:13.846+0000] {logging_mixin.py:188} INFO - [2025-03-11T03:25:13.846+0000] {dag.py:3954} INFO - Setting next_dagrun for example_sensors to None, run_after=None
[2025-03-11T03:25:13.874+0000] {processor.py:183} INFO - Processing /home/airflow/.local/lib/python3.12/site-packages/airflow/example_dags/example_sensors.py took 0.097 seconds
[2025-03-11T03:25:45.722+0000] {processor.py:161} INFO - Started process (PID=69646) to work on /home/airflow/.local/lib/python3.12/site-packages/airflow/example_dags/example_sensors.py
[2025-03-11T03:25:45.723+0000] {processor.py:830} INFO - Processing file /home/airflow/.local/lib/python3.12/site-packages/airflow/example_dags/example_sensors.py for tasks to queue
[2025-03-11T03:25:45.726+0000] {logging_mixin.py:188} INFO - [2025-03-11T03:25:45.725+0000] {dagbag.py:545} INFO - Filling up the DagBag from /home/airflow/.local/lib/python3.12/site-packages/airflow/example_dags/example_sensors.py
[2025-03-11T03:25:45.736+0000] {processor.py:840} INFO - DAG(s) 'example_sensors' retrieved from /home/airflow/.local/lib/python3.12/site-packages/airflow/example_dags/example_sensors.py
[2025-03-11T03:25:45.764+0000] {logging_mixin.py:188} INFO - [2025-03-11T03:25:45.764+0000] {dag.py:3096} INFO - Sync 1 DAGs
[2025-03-11T03:25:45.777+0000] {logging_mixin.py:188} INFO - [2025-03-11T03:25:45.777+0000] {dag.py:3954} INFO - Setting next_dagrun for example_sensors to None, run_after=None
[2025-03-11T03:25:45.801+0000] {processor.py:183} INFO - Processing /home/airflow/.local/lib/python3.12/site-packages/airflow/example_dags/example_sensors.py took 0.085 seconds
[2025-03-11T03:26:18.577+0000] {processor.py:161} INFO - Started process (PID=69908) to work on /home/airflow/.local/lib/python3.12/site-packages/airflow/example_dags/example_sensors.py
[2025-03-11T03:26:18.579+0000] {processor.py:830} INFO - Processing file /home/airflow/.local/lib/python3.12/site-packages/airflow/example_dags/example_sensors.py for tasks to queue
[2025-03-11T03:26:18.581+0000] {logging_mixin.py:188} INFO - [2025-03-11T03:26:18.581+0000] {dagbag.py:545} INFO - Filling up the DagBag from /home/airflow/.local/lib/python3.12/site-packages/airflow/example_dags/example_sensors.py
[2025-03-11T03:26:18.592+0000] {processor.py:840} INFO - DAG(s) 'example_sensors' retrieved from /home/airflow/.local/lib/python3.12/site-packages/airflow/example_dags/example_sensors.py
[2025-03-11T03:26:18.622+0000] {logging_mixin.py:188} INFO - [2025-03-11T03:26:18.622+0000] {dag.py:3096} INFO - Sync 1 DAGs
[2025-03-11T03:26:18.635+0000] {logging_mixin.py:188} INFO - [2025-03-11T03:26:18.635+0000] {dag.py:3954} INFO - Setting next_dagrun for example_sensors to None, run_after=None
[2025-03-11T03:26:18.661+0000] {processor.py:183} INFO - Processing /home/airflow/.local/lib/python3.12/site-packages/airflow/example_dags/example_sensors.py took 0.092 seconds
[2025-03-11T03:26:49.808+0000] {processor.py:161} INFO - Started process (PID=70168) to work on /home/airflow/.local/lib/python3.12/site-packages/airflow/example_dags/example_sensors.py
[2025-03-11T03:26:49.810+0000] {processor.py:830} INFO - Processing file /home/airflow/.local/lib/python3.12/site-packages/airflow/example_dags/example_sensors.py for tasks to queue
[2025-03-11T03:26:49.812+0000] {logging_mixin.py:188} INFO - [2025-03-11T03:26:49.811+0000] {dagbag.py:545} INFO - Filling up the DagBag from /home/airflow/.local/lib/python3.12/site-packages/airflow/example_dags/example_sensors.py
[2025-03-11T03:26:49.821+0000] {processor.py:840} INFO - DAG(s) 'example_sensors' retrieved from /home/airflow/.local/lib/python3.12/site-packages/airflow/example_dags/example_sensors.py
[2025-03-11T03:26:49.848+0000] {logging_mixin.py:188} INFO - [2025-03-11T03:26:49.848+0000] {dag.py:3096} INFO - Sync 1 DAGs
[2025-03-11T03:26:49.861+0000] {logging_mixin.py:188} INFO - [2025-03-11T03:26:49.861+0000] {dag.py:3954} INFO - Setting next_dagrun for example_sensors to None, run_after=None
[2025-03-11T03:26:49.882+0000] {processor.py:183} INFO - Processing /home/airflow/.local/lib/python3.12/site-packages/airflow/example_dags/example_sensors.py took 0.080 seconds
[2025-03-11T03:27:22.401+0000] {processor.py:161} INFO - Started process (PID=70430) to work on /home/airflow/.local/lib/python3.12/site-packages/airflow/example_dags/example_sensors.py
[2025-03-11T03:27:22.402+0000] {processor.py:830} INFO - Processing file /home/airflow/.local/lib/python3.12/site-packages/airflow/example_dags/example_sensors.py for tasks to queue
[2025-03-11T03:27:22.404+0000] {logging_mixin.py:188} INFO - [2025-03-11T03:27:22.404+0000] {dagbag.py:545} INFO - Filling up the DagBag from /home/airflow/.local/lib/python3.12/site-packages/airflow/example_dags/example_sensors.py
[2025-03-11T03:27:22.414+0000] {processor.py:840} INFO - DAG(s) 'example_sensors' retrieved from /home/airflow/.local/lib/python3.12/site-packages/airflow/example_dags/example_sensors.py
[2025-03-11T03:27:22.438+0000] {logging_mixin.py:188} INFO - [2025-03-11T03:27:22.438+0000] {dag.py:3096} INFO - Sync 1 DAGs
[2025-03-11T03:27:22.454+0000] {logging_mixin.py:188} INFO - [2025-03-11T03:27:22.453+0000] {dag.py:3954} INFO - Setting next_dagrun for example_sensors to None, run_after=None
[2025-03-11T03:27:22.478+0000] {processor.py:183} INFO - Processing /home/airflow/.local/lib/python3.12/site-packages/airflow/example_dags/example_sensors.py took 0.083 seconds
[2025-03-11T03:27:54.116+0000] {processor.py:161} INFO - Started process (PID=70694) to work on /home/airflow/.local/lib/python3.12/site-packages/airflow/example_dags/example_sensors.py
[2025-03-11T03:27:54.117+0000] {processor.py:830} INFO - Processing file /home/airflow/.local/lib/python3.12/site-packages/airflow/example_dags/example_sensors.py for tasks to queue
[2025-03-11T03:27:54.120+0000] {logging_mixin.py:188} INFO - [2025-03-11T03:27:54.119+0000] {dagbag.py:545} INFO - Filling up the DagBag from /home/airflow/.local/lib/python3.12/site-packages/airflow/example_dags/example_sensors.py
[2025-03-11T03:27:54.129+0000] {processor.py:840} INFO - DAG(s) 'example_sensors' retrieved from /home/airflow/.local/lib/python3.12/site-packages/airflow/example_dags/example_sensors.py
[2025-03-11T03:27:54.156+0000] {logging_mixin.py:188} INFO - [2025-03-11T03:27:54.155+0000] {dag.py:3096} INFO - Sync 1 DAGs
[2025-03-11T03:27:54.171+0000] {logging_mixin.py:188} INFO - [2025-03-11T03:27:54.171+0000] {dag.py:3954} INFO - Setting next_dagrun for example_sensors to None, run_after=None
[2025-03-11T03:27:54.226+0000] {processor.py:183} INFO - Processing /home/airflow/.local/lib/python3.12/site-packages/airflow/example_dags/example_sensors.py took 0.115 seconds
[2025-03-11T03:28:26.807+0000] {processor.py:161} INFO - Started process (PID=70954) to work on /home/airflow/.local/lib/python3.12/site-packages/airflow/example_dags/example_sensors.py
[2025-03-11T03:28:26.810+0000] {processor.py:830} INFO - Processing file /home/airflow/.local/lib/python3.12/site-packages/airflow/example_dags/example_sensors.py for tasks to queue
[2025-03-11T03:28:26.812+0000] {logging_mixin.py:188} INFO - [2025-03-11T03:28:26.812+0000] {dagbag.py:545} INFO - Filling up the DagBag from /home/airflow/.local/lib/python3.12/site-packages/airflow/example_dags/example_sensors.py
[2025-03-11T03:28:26.822+0000] {processor.py:840} INFO - DAG(s) 'example_sensors' retrieved from /home/airflow/.local/lib/python3.12/site-packages/airflow/example_dags/example_sensors.py
[2025-03-11T03:28:26.851+0000] {logging_mixin.py:188} INFO - [2025-03-11T03:28:26.851+0000] {dag.py:3096} INFO - Sync 1 DAGs
[2025-03-11T03:28:26.864+0000] {logging_mixin.py:188} INFO - [2025-03-11T03:28:26.864+0000] {dag.py:3954} INFO - Setting next_dagrun for example_sensors to None, run_after=None
[2025-03-11T03:28:26.885+0000] {processor.py:183} INFO - Processing /home/airflow/.local/lib/python3.12/site-packages/airflow/example_dags/example_sensors.py took 0.084 seconds
[2025-03-11T03:28:58.848+0000] {processor.py:161} INFO - Started process (PID=71218) to work on /home/airflow/.local/lib/python3.12/site-packages/airflow/example_dags/example_sensors.py
[2025-03-11T03:28:58.851+0000] {processor.py:830} INFO - Processing file /home/airflow/.local/lib/python3.12/site-packages/airflow/example_dags/example_sensors.py for tasks to queue
[2025-03-11T03:28:58.857+0000] {logging_mixin.py:188} INFO - [2025-03-11T03:28:58.856+0000] {dagbag.py:545} INFO - Filling up the DagBag from /home/airflow/.local/lib/python3.12/site-packages/airflow/example_dags/example_sensors.py
[2025-03-11T03:28:58.876+0000] {processor.py:840} INFO - DAG(s) 'example_sensors' retrieved from /home/airflow/.local/lib/python3.12/site-packages/airflow/example_dags/example_sensors.py
[2025-03-11T03:28:58.921+0000] {logging_mixin.py:188} INFO - [2025-03-11T03:28:58.921+0000] {dag.py:3096} INFO - Sync 1 DAGs
[2025-03-11T03:28:58.947+0000] {logging_mixin.py:188} INFO - [2025-03-11T03:28:58.947+0000] {dag.py:3954} INFO - Setting next_dagrun for example_sensors to None, run_after=None
[2025-03-11T03:28:58.982+0000] {processor.py:183} INFO - Processing /home/airflow/.local/lib/python3.12/site-packages/airflow/example_dags/example_sensors.py took 0.145 seconds
[2025-03-11T03:29:31.000+0000] {processor.py:161} INFO - Started process (PID=71480) to work on /home/airflow/.local/lib/python3.12/site-packages/airflow/example_dags/example_sensors.py
[2025-03-11T03:29:31.001+0000] {processor.py:830} INFO - Processing file /home/airflow/.local/lib/python3.12/site-packages/airflow/example_dags/example_sensors.py for tasks to queue
[2025-03-11T03:29:31.004+0000] {logging_mixin.py:188} INFO - [2025-03-11T03:29:31.003+0000] {dagbag.py:545} INFO - Filling up the DagBag from /home/airflow/.local/lib/python3.12/site-packages/airflow/example_dags/example_sensors.py
[2025-03-11T03:29:31.013+0000] {processor.py:840} INFO - DAG(s) 'example_sensors' retrieved from /home/airflow/.local/lib/python3.12/site-packages/airflow/example_dags/example_sensors.py
[2025-03-11T03:29:31.046+0000] {logging_mixin.py:188} INFO - [2025-03-11T03:29:31.045+0000] {dag.py:3096} INFO - Sync 1 DAGs
[2025-03-11T03:29:31.075+0000] {logging_mixin.py:188} INFO - [2025-03-11T03:29:31.074+0000] {dag.py:3954} INFO - Setting next_dagrun for example_sensors to None, run_after=None
[2025-03-11T03:29:31.107+0000] {processor.py:183} INFO - Processing /home/airflow/.local/lib/python3.12/site-packages/airflow/example_dags/example_sensors.py took 0.114 seconds
[2025-03-11T03:30:02.772+0000] {processor.py:161} INFO - Started process (PID=71742) to work on /home/airflow/.local/lib/python3.12/site-packages/airflow/example_dags/example_sensors.py
[2025-03-11T03:30:02.773+0000] {processor.py:830} INFO - Processing file /home/airflow/.local/lib/python3.12/site-packages/airflow/example_dags/example_sensors.py for tasks to queue
[2025-03-11T03:30:02.778+0000] {logging_mixin.py:188} INFO - [2025-03-11T03:30:02.777+0000] {dagbag.py:545} INFO - Filling up the DagBag from /home/airflow/.local/lib/python3.12/site-packages/airflow/example_dags/example_sensors.py
[2025-03-11T03:30:02.789+0000] {processor.py:840} INFO - DAG(s) 'example_sensors' retrieved from /home/airflow/.local/lib/python3.12/site-packages/airflow/example_dags/example_sensors.py
[2025-03-11T03:30:02.816+0000] {logging_mixin.py:188} INFO - [2025-03-11T03:30:02.815+0000] {dag.py:3096} INFO - Sync 1 DAGs
[2025-03-11T03:30:02.828+0000] {logging_mixin.py:188} INFO - [2025-03-11T03:30:02.828+0000] {dag.py:3954} INFO - Setting next_dagrun for example_sensors to None, run_after=None
[2025-03-11T03:30:02.852+0000] {processor.py:183} INFO - Processing /home/airflow/.local/lib/python3.12/site-packages/airflow/example_dags/example_sensors.py took 0.087 seconds
[2025-03-11T03:30:35.635+0000] {processor.py:161} INFO - Started process (PID=72004) to work on /home/airflow/.local/lib/python3.12/site-packages/airflow/example_dags/example_sensors.py
[2025-03-11T03:30:35.637+0000] {processor.py:830} INFO - Processing file /home/airflow/.local/lib/python3.12/site-packages/airflow/example_dags/example_sensors.py for tasks to queue
[2025-03-11T03:30:35.641+0000] {logging_mixin.py:188} INFO - [2025-03-11T03:30:35.641+0000] {dagbag.py:545} INFO - Filling up the DagBag from /home/airflow/.local/lib/python3.12/site-packages/airflow/example_dags/example_sensors.py
[2025-03-11T03:30:35.660+0000] {processor.py:840} INFO - DAG(s) 'example_sensors' retrieved from /home/airflow/.local/lib/python3.12/site-packages/airflow/example_dags/example_sensors.py
[2025-03-11T03:30:35.689+0000] {logging_mixin.py:188} INFO - [2025-03-11T03:30:35.688+0000] {dag.py:3096} INFO - Sync 1 DAGs
[2025-03-11T03:30:35.702+0000] {logging_mixin.py:188} INFO - [2025-03-11T03:30:35.701+0000] {dag.py:3954} INFO - Setting next_dagrun for example_sensors to None, run_after=None
[2025-03-11T03:30:35.723+0000] {processor.py:183} INFO - Processing /home/airflow/.local/lib/python3.12/site-packages/airflow/example_dags/example_sensors.py took 0.100 seconds
[2025-03-11T03:31:06.383+0000] {processor.py:161} INFO - Started process (PID=72264) to work on /home/airflow/.local/lib/python3.12/site-packages/airflow/example_dags/example_sensors.py
[2025-03-11T03:31:06.385+0000] {processor.py:830} INFO - Processing file /home/airflow/.local/lib/python3.12/site-packages/airflow/example_dags/example_sensors.py for tasks to queue
[2025-03-11T03:31:06.387+0000] {logging_mixin.py:188} INFO - [2025-03-11T03:31:06.386+0000] {dagbag.py:545} INFO - Filling up the DagBag from /home/airflow/.local/lib/python3.12/site-packages/airflow/example_dags/example_sensors.py
[2025-03-11T03:31:06.396+0000] {processor.py:840} INFO - DAG(s) 'example_sensors' retrieved from /home/airflow/.local/lib/python3.12/site-packages/airflow/example_dags/example_sensors.py
[2025-03-11T03:31:06.422+0000] {logging_mixin.py:188} INFO - [2025-03-11T03:31:06.421+0000] {dag.py:3096} INFO - Sync 1 DAGs
[2025-03-11T03:31:06.434+0000] {logging_mixin.py:188} INFO - [2025-03-11T03:31:06.434+0000] {dag.py:3954} INFO - Setting next_dagrun for example_sensors to None, run_after=None
[2025-03-11T03:31:06.456+0000] {processor.py:183} INFO - Processing /home/airflow/.local/lib/python3.12/site-packages/airflow/example_dags/example_sensors.py took 0.078 seconds
[2025-03-11T03:31:39.126+0000] {processor.py:161} INFO - Started process (PID=72528) to work on /home/airflow/.local/lib/python3.12/site-packages/airflow/example_dags/example_sensors.py
[2025-03-11T03:31:39.128+0000] {processor.py:830} INFO - Processing file /home/airflow/.local/lib/python3.12/site-packages/airflow/example_dags/example_sensors.py for tasks to queue
[2025-03-11T03:31:39.130+0000] {logging_mixin.py:188} INFO - [2025-03-11T03:31:39.130+0000] {dagbag.py:545} INFO - Filling up the DagBag from /home/airflow/.local/lib/python3.12/site-packages/airflow/example_dags/example_sensors.py
[2025-03-11T03:31:39.141+0000] {processor.py:840} INFO - DAG(s) 'example_sensors' retrieved from /home/airflow/.local/lib/python3.12/site-packages/airflow/example_dags/example_sensors.py
[2025-03-11T03:31:39.176+0000] {logging_mixin.py:188} INFO - [2025-03-11T03:31:39.176+0000] {dag.py:3096} INFO - Sync 1 DAGs
[2025-03-11T03:31:39.191+0000] {logging_mixin.py:188} INFO - [2025-03-11T03:31:39.191+0000] {dag.py:3954} INFO - Setting next_dagrun for example_sensors to None, run_after=None
[2025-03-11T03:31:39.215+0000] {processor.py:183} INFO - Processing /home/airflow/.local/lib/python3.12/site-packages/airflow/example_dags/example_sensors.py took 0.096 seconds
[2025-03-11T03:32:10.609+0000] {processor.py:161} INFO - Started process (PID=72788) to work on /home/airflow/.local/lib/python3.12/site-packages/airflow/example_dags/example_sensors.py
[2025-03-11T03:32:10.611+0000] {processor.py:830} INFO - Processing file /home/airflow/.local/lib/python3.12/site-packages/airflow/example_dags/example_sensors.py for tasks to queue
[2025-03-11T03:32:10.614+0000] {logging_mixin.py:188} INFO - [2025-03-11T03:32:10.614+0000] {dagbag.py:545} INFO - Filling up the DagBag from /home/airflow/.local/lib/python3.12/site-packages/airflow/example_dags/example_sensors.py
[2025-03-11T03:32:10.627+0000] {processor.py:840} INFO - DAG(s) 'example_sensors' retrieved from /home/airflow/.local/lib/python3.12/site-packages/airflow/example_dags/example_sensors.py
[2025-03-11T03:32:10.654+0000] {logging_mixin.py:188} INFO - [2025-03-11T03:32:10.653+0000] {dag.py:3096} INFO - Sync 1 DAGs
[2025-03-11T03:32:10.667+0000] {logging_mixin.py:188} INFO - [2025-03-11T03:32:10.666+0000] {dag.py:3954} INFO - Setting next_dagrun for example_sensors to None, run_after=None
[2025-03-11T03:32:10.692+0000] {processor.py:183} INFO - Processing /home/airflow/.local/lib/python3.12/site-packages/airflow/example_dags/example_sensors.py took 0.095 seconds
[2025-03-11T03:32:42.865+0000] {processor.py:161} INFO - Started process (PID=73052) to work on /home/airflow/.local/lib/python3.12/site-packages/airflow/example_dags/example_sensors.py
[2025-03-11T03:32:42.867+0000] {processor.py:830} INFO - Processing file /home/airflow/.local/lib/python3.12/site-packages/airflow/example_dags/example_sensors.py for tasks to queue
[2025-03-11T03:32:42.870+0000] {logging_mixin.py:188} INFO - [2025-03-11T03:32:42.869+0000] {dagbag.py:545} INFO - Filling up the DagBag from /home/airflow/.local/lib/python3.12/site-packages/airflow/example_dags/example_sensors.py
[2025-03-11T03:32:42.881+0000] {processor.py:840} INFO - DAG(s) 'example_sensors' retrieved from /home/airflow/.local/lib/python3.12/site-packages/airflow/example_dags/example_sensors.py
[2025-03-11T03:32:42.915+0000] {logging_mixin.py:188} INFO - [2025-03-11T03:32:42.914+0000] {dag.py:3096} INFO - Sync 1 DAGs
[2025-03-11T03:32:42.933+0000] {logging_mixin.py:188} INFO - [2025-03-11T03:32:42.932+0000] {dag.py:3954} INFO - Setting next_dagrun for example_sensors to None, run_after=None
[2025-03-11T03:32:42.955+0000] {processor.py:183} INFO - Processing /home/airflow/.local/lib/python3.12/site-packages/airflow/example_dags/example_sensors.py took 0.103 seconds
