[2025-03-11T03:05:10.310+0000] {processor.py:161} INFO - Started process (PID=59360) to work on /home/airflow/.local/lib/python3.12/site-packages/airflow/example_dags/example_sensor_decorator.py
[2025-03-11T03:05:10.321+0000] {processor.py:830} INFO - Processing file /home/airflow/.local/lib/python3.12/site-packages/airflow/example_dags/example_sensor_decorator.py for tasks to queue
[2025-03-11T03:05:10.331+0000] {logging_mixin.py:188} INFO - [2025-03-11T03:05:10.330+0000] {dagbag.py:545} INFO - Filling up the DagBag from /home/airflow/.local/lib/python3.12/site-packages/airflow/example_dags/example_sensor_decorator.py
[2025-03-11T03:05:10.346+0000] {processor.py:840} INFO - DAG(s) 'example_sensor_decorator' retrieved from /home/airflow/.local/lib/python3.12/site-packages/airflow/example_dags/example_sensor_decorator.py
[2025-03-11T03:05:10.379+0000] {logging_mixin.py:188} INFO - [2025-03-11T03:05:10.379+0000] {dag.py:3096} INFO - Sync 1 DAGs
[2025-03-11T03:05:10.408+0000] {logging_mixin.py:188} INFO - [2025-03-11T03:05:10.408+0000] {dag.py:3954} INFO - Setting next_dagrun for example_sensor_decorator to None, run_after=None
[2025-03-11T03:05:10.443+0000] {processor.py:183} INFO - Processing /home/airflow/.local/lib/python3.12/site-packages/airflow/example_dags/example_sensor_decorator.py took 0.140 seconds
[2025-03-11T03:05:40.731+0000] {processor.py:161} INFO - Started process (PID=59622) to work on /home/airflow/.local/lib/python3.12/site-packages/airflow/example_dags/example_sensor_decorator.py
[2025-03-11T03:05:40.732+0000] {processor.py:830} INFO - Processing file /home/airflow/.local/lib/python3.12/site-packages/airflow/example_dags/example_sensor_decorator.py for tasks to queue
[2025-03-11T03:05:40.734+0000] {logging_mixin.py:188} INFO - [2025-03-11T03:05:40.733+0000] {dagbag.py:545} INFO - Filling up the DagBag from /home/airflow/.local/lib/python3.12/site-packages/airflow/example_dags/example_sensor_decorator.py
[2025-03-11T03:05:40.740+0000] {processor.py:840} INFO - DAG(s) 'example_sensor_decorator' retrieved from /home/airflow/.local/lib/python3.12/site-packages/airflow/example_dags/example_sensor_decorator.py
[2025-03-11T03:05:40.760+0000] {logging_mixin.py:188} INFO - [2025-03-11T03:05:40.760+0000] {dag.py:3096} INFO - Sync 1 DAGs
[2025-03-11T03:05:40.773+0000] {logging_mixin.py:188} INFO - [2025-03-11T03:05:40.772+0000] {dag.py:3954} INFO - Setting next_dagrun for example_sensor_decorator to None, run_after=None
[2025-03-11T03:05:40.792+0000] {processor.py:183} INFO - Processing /home/airflow/.local/lib/python3.12/site-packages/airflow/example_dags/example_sensor_decorator.py took 0.067 seconds
[2025-03-11T03:06:10.964+0000] {processor.py:161} INFO - Started process (PID=59878) to work on /home/airflow/.local/lib/python3.12/site-packages/airflow/example_dags/example_sensor_decorator.py
[2025-03-11T03:06:10.965+0000] {processor.py:830} INFO - Processing file /home/airflow/.local/lib/python3.12/site-packages/airflow/example_dags/example_sensor_decorator.py for tasks to queue
[2025-03-11T03:06:10.967+0000] {logging_mixin.py:188} INFO - [2025-03-11T03:06:10.967+0000] {dagbag.py:545} INFO - Filling up the DagBag from /home/airflow/.local/lib/python3.12/site-packages/airflow/example_dags/example_sensor_decorator.py
[2025-03-11T03:06:10.972+0000] {processor.py:840} INFO - DAG(s) 'example_sensor_decorator' retrieved from /home/airflow/.local/lib/python3.12/site-packages/airflow/example_dags/example_sensor_decorator.py
[2025-03-11T03:06:10.990+0000] {logging_mixin.py:188} INFO - [2025-03-11T03:06:10.990+0000] {dag.py:3096} INFO - Sync 1 DAGs
[2025-03-11T03:06:11.001+0000] {logging_mixin.py:188} INFO - [2025-03-11T03:06:11.000+0000] {dag.py:3954} INFO - Setting next_dagrun for example_sensor_decorator to None, run_after=None
[2025-03-11T03:06:11.021+0000] {processor.py:183} INFO - Processing /home/airflow/.local/lib/python3.12/site-packages/airflow/example_dags/example_sensor_decorator.py took 0.062 seconds
[2025-03-11T03:06:41.875+0000] {processor.py:161} INFO - Started process (PID=60140) to work on /home/airflow/.local/lib/python3.12/site-packages/airflow/example_dags/example_sensor_decorator.py
[2025-03-11T03:06:41.877+0000] {processor.py:830} INFO - Processing file /home/airflow/.local/lib/python3.12/site-packages/airflow/example_dags/example_sensor_decorator.py for tasks to queue
[2025-03-11T03:06:41.880+0000] {logging_mixin.py:188} INFO - [2025-03-11T03:06:41.879+0000] {dagbag.py:545} INFO - Filling up the DagBag from /home/airflow/.local/lib/python3.12/site-packages/airflow/example_dags/example_sensor_decorator.py
[2025-03-11T03:06:41.887+0000] {processor.py:840} INFO - DAG(s) 'example_sensor_decorator' retrieved from /home/airflow/.local/lib/python3.12/site-packages/airflow/example_dags/example_sensor_decorator.py
[2025-03-11T03:06:41.911+0000] {logging_mixin.py:188} INFO - [2025-03-11T03:06:41.911+0000] {dag.py:3096} INFO - Sync 1 DAGs
[2025-03-11T03:06:41.925+0000] {logging_mixin.py:188} INFO - [2025-03-11T03:06:41.925+0000] {dag.py:3954} INFO - Setting next_dagrun for example_sensor_decorator to None, run_after=None
[2025-03-11T03:06:41.949+0000] {processor.py:183} INFO - Processing /home/airflow/.local/lib/python3.12/site-packages/airflow/example_dags/example_sensor_decorator.py took 0.082 seconds
[2025-03-11T03:07:12.340+0000] {processor.py:161} INFO - Started process (PID=60402) to work on /home/airflow/.local/lib/python3.12/site-packages/airflow/example_dags/example_sensor_decorator.py
[2025-03-11T03:07:12.341+0000] {processor.py:830} INFO - Processing file /home/airflow/.local/lib/python3.12/site-packages/airflow/example_dags/example_sensor_decorator.py for tasks to queue
[2025-03-11T03:07:12.343+0000] {logging_mixin.py:188} INFO - [2025-03-11T03:07:12.343+0000] {dagbag.py:545} INFO - Filling up the DagBag from /home/airflow/.local/lib/python3.12/site-packages/airflow/example_dags/example_sensor_decorator.py
[2025-03-11T03:07:12.349+0000] {processor.py:840} INFO - DAG(s) 'example_sensor_decorator' retrieved from /home/airflow/.local/lib/python3.12/site-packages/airflow/example_dags/example_sensor_decorator.py
[2025-03-11T03:07:12.368+0000] {logging_mixin.py:188} INFO - [2025-03-11T03:07:12.368+0000] {dag.py:3096} INFO - Sync 1 DAGs
[2025-03-11T03:07:12.382+0000] {logging_mixin.py:188} INFO - [2025-03-11T03:07:12.382+0000] {dag.py:3954} INFO - Setting next_dagrun for example_sensor_decorator to None, run_after=None
[2025-03-11T03:07:12.403+0000] {processor.py:183} INFO - Processing /home/airflow/.local/lib/python3.12/site-packages/airflow/example_dags/example_sensor_decorator.py took 0.069 seconds
[2025-03-11T03:07:42.638+0000] {processor.py:161} INFO - Started process (PID=60664) to work on /home/airflow/.local/lib/python3.12/site-packages/airflow/example_dags/example_sensor_decorator.py
[2025-03-11T03:07:42.647+0000] {processor.py:830} INFO - Processing file /home/airflow/.local/lib/python3.12/site-packages/airflow/example_dags/example_sensor_decorator.py for tasks to queue
[2025-03-11T03:07:42.650+0000] {logging_mixin.py:188} INFO - [2025-03-11T03:07:42.650+0000] {dagbag.py:545} INFO - Filling up the DagBag from /home/airflow/.local/lib/python3.12/site-packages/airflow/example_dags/example_sensor_decorator.py
[2025-03-11T03:07:42.663+0000] {processor.py:840} INFO - DAG(s) 'example_sensor_decorator' retrieved from /home/airflow/.local/lib/python3.12/site-packages/airflow/example_dags/example_sensor_decorator.py
[2025-03-11T03:07:42.699+0000] {logging_mixin.py:188} INFO - [2025-03-11T03:07:42.699+0000] {dag.py:3096} INFO - Sync 1 DAGs
[2025-03-11T03:07:42.718+0000] {logging_mixin.py:188} INFO - [2025-03-11T03:07:42.717+0000] {dag.py:3954} INFO - Setting next_dagrun for example_sensor_decorator to None, run_after=None
[2025-03-11T03:07:42.748+0000] {processor.py:183} INFO - Processing /home/airflow/.local/lib/python3.12/site-packages/airflow/example_dags/example_sensor_decorator.py took 0.119 seconds
[2025-03-11T03:08:13.007+0000] {processor.py:161} INFO - Started process (PID=60926) to work on /home/airflow/.local/lib/python3.12/site-packages/airflow/example_dags/example_sensor_decorator.py
[2025-03-11T03:08:13.009+0000] {processor.py:830} INFO - Processing file /home/airflow/.local/lib/python3.12/site-packages/airflow/example_dags/example_sensor_decorator.py for tasks to queue
[2025-03-11T03:08:13.011+0000] {logging_mixin.py:188} INFO - [2025-03-11T03:08:13.010+0000] {dagbag.py:545} INFO - Filling up the DagBag from /home/airflow/.local/lib/python3.12/site-packages/airflow/example_dags/example_sensor_decorator.py
[2025-03-11T03:08:13.017+0000] {processor.py:840} INFO - DAG(s) 'example_sensor_decorator' retrieved from /home/airflow/.local/lib/python3.12/site-packages/airflow/example_dags/example_sensor_decorator.py
[2025-03-11T03:08:13.037+0000] {logging_mixin.py:188} INFO - [2025-03-11T03:08:13.037+0000] {dag.py:3096} INFO - Sync 1 DAGs
[2025-03-11T03:08:13.053+0000] {logging_mixin.py:188} INFO - [2025-03-11T03:08:13.053+0000] {dag.py:3954} INFO - Setting next_dagrun for example_sensor_decorator to None, run_after=None
[2025-03-11T03:08:13.076+0000] {processor.py:183} INFO - Processing /home/airflow/.local/lib/python3.12/site-packages/airflow/example_dags/example_sensor_decorator.py took 0.076 seconds
[2025-03-11T03:08:43.311+0000] {processor.py:161} INFO - Started process (PID=61188) to work on /home/airflow/.local/lib/python3.12/site-packages/airflow/example_dags/example_sensor_decorator.py
[2025-03-11T03:08:43.313+0000] {processor.py:830} INFO - Processing file /home/airflow/.local/lib/python3.12/site-packages/airflow/example_dags/example_sensor_decorator.py for tasks to queue
[2025-03-11T03:08:43.317+0000] {logging_mixin.py:188} INFO - [2025-03-11T03:08:43.317+0000] {dagbag.py:545} INFO - Filling up the DagBag from /home/airflow/.local/lib/python3.12/site-packages/airflow/example_dags/example_sensor_decorator.py
[2025-03-11T03:08:43.328+0000] {processor.py:840} INFO - DAG(s) 'example_sensor_decorator' retrieved from /home/airflow/.local/lib/python3.12/site-packages/airflow/example_dags/example_sensor_decorator.py
[2025-03-11T03:08:43.359+0000] {logging_mixin.py:188} INFO - [2025-03-11T03:08:43.358+0000] {dag.py:3096} INFO - Sync 1 DAGs
[2025-03-11T03:08:43.388+0000] {logging_mixin.py:188} INFO - [2025-03-11T03:08:43.388+0000] {dag.py:3954} INFO - Setting next_dagrun for example_sensor_decorator to None, run_after=None
[2025-03-11T03:08:43.410+0000] {processor.py:183} INFO - Processing /home/airflow/.local/lib/python3.12/site-packages/airflow/example_dags/example_sensor_decorator.py took 0.110 seconds
[2025-03-11T03:09:13.556+0000] {processor.py:161} INFO - Started process (PID=61450) to work on /home/airflow/.local/lib/python3.12/site-packages/airflow/example_dags/example_sensor_decorator.py
[2025-03-11T03:09:13.559+0000] {processor.py:830} INFO - Processing file /home/airflow/.local/lib/python3.12/site-packages/airflow/example_dags/example_sensor_decorator.py for tasks to queue
[2025-03-11T03:09:13.570+0000] {logging_mixin.py:188} INFO - [2025-03-11T03:09:13.569+0000] {dagbag.py:545} INFO - Filling up the DagBag from /home/airflow/.local/lib/python3.12/site-packages/airflow/example_dags/example_sensor_decorator.py
[2025-03-11T03:09:13.601+0000] {processor.py:840} INFO - DAG(s) 'example_sensor_decorator' retrieved from /home/airflow/.local/lib/python3.12/site-packages/airflow/example_dags/example_sensor_decorator.py
[2025-03-11T03:09:13.631+0000] {logging_mixin.py:188} INFO - [2025-03-11T03:09:13.630+0000] {dag.py:3096} INFO - Sync 1 DAGs
[2025-03-11T03:09:13.644+0000] {logging_mixin.py:188} INFO - [2025-03-11T03:09:13.644+0000] {dag.py:3954} INFO - Setting next_dagrun for example_sensor_decorator to None, run_after=None
[2025-03-11T03:09:13.668+0000] {processor.py:183} INFO - Processing /home/airflow/.local/lib/python3.12/site-packages/airflow/example_dags/example_sensor_decorator.py took 0.126 seconds
[2025-03-11T03:09:44.321+0000] {processor.py:161} INFO - Started process (PID=61713) to work on /home/airflow/.local/lib/python3.12/site-packages/airflow/example_dags/example_sensor_decorator.py
[2025-03-11T03:09:44.324+0000] {processor.py:830} INFO - Processing file /home/airflow/.local/lib/python3.12/site-packages/airflow/example_dags/example_sensor_decorator.py for tasks to queue
[2025-03-11T03:09:44.327+0000] {logging_mixin.py:188} INFO - [2025-03-11T03:09:44.327+0000] {dagbag.py:545} INFO - Filling up the DagBag from /home/airflow/.local/lib/python3.12/site-packages/airflow/example_dags/example_sensor_decorator.py
[2025-03-11T03:09:44.335+0000] {processor.py:840} INFO - DAG(s) 'example_sensor_decorator' retrieved from /home/airflow/.local/lib/python3.12/site-packages/airflow/example_dags/example_sensor_decorator.py
[2025-03-11T03:09:44.360+0000] {logging_mixin.py:188} INFO - [2025-03-11T03:09:44.360+0000] {dag.py:3096} INFO - Sync 1 DAGs
[2025-03-11T03:09:44.375+0000] {logging_mixin.py:188} INFO - [2025-03-11T03:09:44.374+0000] {dag.py:3954} INFO - Setting next_dagrun for example_sensor_decorator to None, run_after=None
[2025-03-11T03:09:44.405+0000] {processor.py:183} INFO - Processing /home/airflow/.local/lib/python3.12/site-packages/airflow/example_dags/example_sensor_decorator.py took 0.096 seconds
[2025-03-11T03:10:15.230+0000] {processor.py:161} INFO - Started process (PID=61975) to work on /home/airflow/.local/lib/python3.12/site-packages/airflow/example_dags/example_sensor_decorator.py
[2025-03-11T03:10:15.232+0000] {processor.py:830} INFO - Processing file /home/airflow/.local/lib/python3.12/site-packages/airflow/example_dags/example_sensor_decorator.py for tasks to queue
[2025-03-11T03:10:15.236+0000] {logging_mixin.py:188} INFO - [2025-03-11T03:10:15.235+0000] {dagbag.py:545} INFO - Filling up the DagBag from /home/airflow/.local/lib/python3.12/site-packages/airflow/example_dags/example_sensor_decorator.py
[2025-03-11T03:10:15.256+0000] {processor.py:840} INFO - DAG(s) 'example_sensor_decorator' retrieved from /home/airflow/.local/lib/python3.12/site-packages/airflow/example_dags/example_sensor_decorator.py
[2025-03-11T03:10:15.300+0000] {logging_mixin.py:188} INFO - [2025-03-11T03:10:15.300+0000] {dag.py:3096} INFO - Sync 1 DAGs
[2025-03-11T03:10:15.319+0000] {logging_mixin.py:188} INFO - [2025-03-11T03:10:15.319+0000] {dag.py:3954} INFO - Setting next_dagrun for example_sensor_decorator to None, run_after=None
[2025-03-11T03:10:15.371+0000] {processor.py:183} INFO - Processing /home/airflow/.local/lib/python3.12/site-packages/airflow/example_dags/example_sensor_decorator.py took 0.164 seconds
[2025-03-11T03:10:45.543+0000] {processor.py:161} INFO - Started process (PID=62237) to work on /home/airflow/.local/lib/python3.12/site-packages/airflow/example_dags/example_sensor_decorator.py
[2025-03-11T03:10:45.544+0000] {processor.py:830} INFO - Processing file /home/airflow/.local/lib/python3.12/site-packages/airflow/example_dags/example_sensor_decorator.py for tasks to queue
[2025-03-11T03:10:45.547+0000] {logging_mixin.py:188} INFO - [2025-03-11T03:10:45.546+0000] {dagbag.py:545} INFO - Filling up the DagBag from /home/airflow/.local/lib/python3.12/site-packages/airflow/example_dags/example_sensor_decorator.py
[2025-03-11T03:10:45.554+0000] {processor.py:840} INFO - DAG(s) 'example_sensor_decorator' retrieved from /home/airflow/.local/lib/python3.12/site-packages/airflow/example_dags/example_sensor_decorator.py
[2025-03-11T03:10:45.574+0000] {logging_mixin.py:188} INFO - [2025-03-11T03:10:45.573+0000] {dag.py:3096} INFO - Sync 1 DAGs
[2025-03-11T03:10:45.586+0000] {logging_mixin.py:188} INFO - [2025-03-11T03:10:45.586+0000] {dag.py:3954} INFO - Setting next_dagrun for example_sensor_decorator to None, run_after=None
[2025-03-11T03:10:45.613+0000] {processor.py:183} INFO - Processing /home/airflow/.local/lib/python3.12/site-packages/airflow/example_dags/example_sensor_decorator.py took 0.076 seconds
[2025-03-11T03:11:16.931+0000] {processor.py:161} INFO - Started process (PID=62499) to work on /home/airflow/.local/lib/python3.12/site-packages/airflow/example_dags/example_sensor_decorator.py
[2025-03-11T03:11:16.933+0000] {processor.py:830} INFO - Processing file /home/airflow/.local/lib/python3.12/site-packages/airflow/example_dags/example_sensor_decorator.py for tasks to queue
[2025-03-11T03:11:16.936+0000] {logging_mixin.py:188} INFO - [2025-03-11T03:11:16.935+0000] {dagbag.py:545} INFO - Filling up the DagBag from /home/airflow/.local/lib/python3.12/site-packages/airflow/example_dags/example_sensor_decorator.py
[2025-03-11T03:11:16.944+0000] {processor.py:840} INFO - DAG(s) 'example_sensor_decorator' retrieved from /home/airflow/.local/lib/python3.12/site-packages/airflow/example_dags/example_sensor_decorator.py
[2025-03-11T03:11:16.965+0000] {logging_mixin.py:188} INFO - [2025-03-11T03:11:16.965+0000] {dag.py:3096} INFO - Sync 1 DAGs
[2025-03-11T03:11:16.981+0000] {logging_mixin.py:188} INFO - [2025-03-11T03:11:16.981+0000] {dag.py:3954} INFO - Setting next_dagrun for example_sensor_decorator to None, run_after=None
[2025-03-11T03:11:17.004+0000] {processor.py:183} INFO - Processing /home/airflow/.local/lib/python3.12/site-packages/airflow/example_dags/example_sensor_decorator.py took 0.080 seconds
[2025-03-11T03:11:48.584+0000] {processor.py:161} INFO - Started process (PID=62761) to work on /home/airflow/.local/lib/python3.12/site-packages/airflow/example_dags/example_sensor_decorator.py
[2025-03-11T03:11:48.585+0000] {processor.py:830} INFO - Processing file /home/airflow/.local/lib/python3.12/site-packages/airflow/example_dags/example_sensor_decorator.py for tasks to queue
[2025-03-11T03:11:48.591+0000] {logging_mixin.py:188} INFO - [2025-03-11T03:11:48.591+0000] {dagbag.py:545} INFO - Filling up the DagBag from /home/airflow/.local/lib/python3.12/site-packages/airflow/example_dags/example_sensor_decorator.py
[2025-03-11T03:11:48.603+0000] {processor.py:840} INFO - DAG(s) 'example_sensor_decorator' retrieved from /home/airflow/.local/lib/python3.12/site-packages/airflow/example_dags/example_sensor_decorator.py
[2025-03-11T03:11:48.656+0000] {logging_mixin.py:188} INFO - [2025-03-11T03:11:48.656+0000] {dag.py:3096} INFO - Sync 1 DAGs
[2025-03-11T03:11:48.681+0000] {logging_mixin.py:188} INFO - [2025-03-11T03:11:48.681+0000] {dag.py:3954} INFO - Setting next_dagrun for example_sensor_decorator to None, run_after=None
[2025-03-11T03:11:48.718+0000] {processor.py:183} INFO - Processing /home/airflow/.local/lib/python3.12/site-packages/airflow/example_dags/example_sensor_decorator.py took 0.143 seconds
[2025-03-11T03:12:21.276+0000] {processor.py:161} INFO - Started process (PID=63023) to work on /home/airflow/.local/lib/python3.12/site-packages/airflow/example_dags/example_sensor_decorator.py
[2025-03-11T03:12:21.279+0000] {processor.py:830} INFO - Processing file /home/airflow/.local/lib/python3.12/site-packages/airflow/example_dags/example_sensor_decorator.py for tasks to queue
[2025-03-11T03:12:21.284+0000] {logging_mixin.py:188} INFO - [2025-03-11T03:12:21.283+0000] {dagbag.py:545} INFO - Filling up the DagBag from /home/airflow/.local/lib/python3.12/site-packages/airflow/example_dags/example_sensor_decorator.py
[2025-03-11T03:12:21.294+0000] {processor.py:840} INFO - DAG(s) 'example_sensor_decorator' retrieved from /home/airflow/.local/lib/python3.12/site-packages/airflow/example_dags/example_sensor_decorator.py
[2025-03-11T03:12:21.363+0000] {logging_mixin.py:188} INFO - [2025-03-11T03:12:21.362+0000] {dag.py:3096} INFO - Sync 1 DAGs
[2025-03-11T03:12:21.377+0000] {logging_mixin.py:188} INFO - [2025-03-11T03:12:21.377+0000] {dag.py:3954} INFO - Setting next_dagrun for example_sensor_decorator to None, run_after=None
[2025-03-11T03:12:21.397+0000] {processor.py:183} INFO - Processing /home/airflow/.local/lib/python3.12/site-packages/airflow/example_dags/example_sensor_decorator.py took 0.135 seconds
[2025-03-11T03:12:53.191+0000] {processor.py:161} INFO - Started process (PID=63284) to work on /home/airflow/.local/lib/python3.12/site-packages/airflow/example_dags/example_sensor_decorator.py
[2025-03-11T03:12:53.192+0000] {processor.py:830} INFO - Processing file /home/airflow/.local/lib/python3.12/site-packages/airflow/example_dags/example_sensor_decorator.py for tasks to queue
[2025-03-11T03:12:53.195+0000] {logging_mixin.py:188} INFO - [2025-03-11T03:12:53.194+0000] {dagbag.py:545} INFO - Filling up the DagBag from /home/airflow/.local/lib/python3.12/site-packages/airflow/example_dags/example_sensor_decorator.py
[2025-03-11T03:12:53.206+0000] {processor.py:840} INFO - DAG(s) 'example_sensor_decorator' retrieved from /home/airflow/.local/lib/python3.12/site-packages/airflow/example_dags/example_sensor_decorator.py
[2025-03-11T03:12:53.228+0000] {logging_mixin.py:188} INFO - [2025-03-11T03:12:53.228+0000] {dag.py:3096} INFO - Sync 1 DAGs
[2025-03-11T03:12:53.241+0000] {logging_mixin.py:188} INFO - [2025-03-11T03:12:53.241+0000] {dag.py:3954} INFO - Setting next_dagrun for example_sensor_decorator to None, run_after=None
[2025-03-11T03:12:53.269+0000] {processor.py:183} INFO - Processing /home/airflow/.local/lib/python3.12/site-packages/airflow/example_dags/example_sensor_decorator.py took 0.085 seconds
[2025-03-11T03:13:24.967+0000] {processor.py:161} INFO - Started process (PID=63546) to work on /home/airflow/.local/lib/python3.12/site-packages/airflow/example_dags/example_sensor_decorator.py
[2025-03-11T03:13:24.969+0000] {processor.py:830} INFO - Processing file /home/airflow/.local/lib/python3.12/site-packages/airflow/example_dags/example_sensor_decorator.py for tasks to queue
[2025-03-11T03:13:24.971+0000] {logging_mixin.py:188} INFO - [2025-03-11T03:13:24.971+0000] {dagbag.py:545} INFO - Filling up the DagBag from /home/airflow/.local/lib/python3.12/site-packages/airflow/example_dags/example_sensor_decorator.py
[2025-03-11T03:13:24.980+0000] {processor.py:840} INFO - DAG(s) 'example_sensor_decorator' retrieved from /home/airflow/.local/lib/python3.12/site-packages/airflow/example_dags/example_sensor_decorator.py
[2025-03-11T03:13:25.007+0000] {logging_mixin.py:188} INFO - [2025-03-11T03:13:25.007+0000] {dag.py:3096} INFO - Sync 1 DAGs
[2025-03-11T03:13:25.022+0000] {logging_mixin.py:188} INFO - [2025-03-11T03:13:25.022+0000] {dag.py:3954} INFO - Setting next_dagrun for example_sensor_decorator to None, run_after=None
[2025-03-11T03:13:25.047+0000] {processor.py:183} INFO - Processing /home/airflow/.local/lib/python3.12/site-packages/airflow/example_dags/example_sensor_decorator.py took 0.088 seconds
[2025-03-11T03:13:57.168+0000] {processor.py:161} INFO - Started process (PID=63808) to work on /home/airflow/.local/lib/python3.12/site-packages/airflow/example_dags/example_sensor_decorator.py
[2025-03-11T03:13:57.169+0000] {processor.py:830} INFO - Processing file /home/airflow/.local/lib/python3.12/site-packages/airflow/example_dags/example_sensor_decorator.py for tasks to queue
[2025-03-11T03:13:57.171+0000] {logging_mixin.py:188} INFO - [2025-03-11T03:13:57.171+0000] {dagbag.py:545} INFO - Filling up the DagBag from /home/airflow/.local/lib/python3.12/site-packages/airflow/example_dags/example_sensor_decorator.py
[2025-03-11T03:13:57.179+0000] {processor.py:840} INFO - DAG(s) 'example_sensor_decorator' retrieved from /home/airflow/.local/lib/python3.12/site-packages/airflow/example_dags/example_sensor_decorator.py
[2025-03-11T03:13:57.199+0000] {logging_mixin.py:188} INFO - [2025-03-11T03:13:57.199+0000] {dag.py:3096} INFO - Sync 1 DAGs
[2025-03-11T03:13:57.212+0000] {logging_mixin.py:188} INFO - [2025-03-11T03:13:57.212+0000] {dag.py:3954} INFO - Setting next_dagrun for example_sensor_decorator to None, run_after=None
[2025-03-11T03:13:57.238+0000] {processor.py:183} INFO - Processing /home/airflow/.local/lib/python3.12/site-packages/airflow/example_dags/example_sensor_decorator.py took 0.077 seconds
[2025-03-11T03:14:29.213+0000] {processor.py:161} INFO - Started process (PID=64070) to work on /home/airflow/.local/lib/python3.12/site-packages/airflow/example_dags/example_sensor_decorator.py
[2025-03-11T03:14:29.218+0000] {processor.py:830} INFO - Processing file /home/airflow/.local/lib/python3.12/site-packages/airflow/example_dags/example_sensor_decorator.py for tasks to queue
[2025-03-11T03:14:29.225+0000] {logging_mixin.py:188} INFO - [2025-03-11T03:14:29.223+0000] {dagbag.py:545} INFO - Filling up the DagBag from /home/airflow/.local/lib/python3.12/site-packages/airflow/example_dags/example_sensor_decorator.py
[2025-03-11T03:14:29.246+0000] {processor.py:840} INFO - DAG(s) 'example_sensor_decorator' retrieved from /home/airflow/.local/lib/python3.12/site-packages/airflow/example_dags/example_sensor_decorator.py
[2025-03-11T03:14:29.285+0000] {logging_mixin.py:188} INFO - [2025-03-11T03:14:29.285+0000] {dag.py:3096} INFO - Sync 1 DAGs
[2025-03-11T03:14:29.302+0000] {logging_mixin.py:188} INFO - [2025-03-11T03:14:29.301+0000] {dag.py:3954} INFO - Setting next_dagrun for example_sensor_decorator to None, run_after=None
[2025-03-11T03:14:29.350+0000] {processor.py:183} INFO - Processing /home/airflow/.local/lib/python3.12/site-packages/airflow/example_dags/example_sensor_decorator.py took 0.161 seconds
[2025-03-11T03:15:02.233+0000] {processor.py:161} INFO - Started process (PID=64340) to work on /home/airflow/.local/lib/python3.12/site-packages/airflow/example_dags/example_sensor_decorator.py
[2025-03-11T03:15:02.234+0000] {processor.py:830} INFO - Processing file /home/airflow/.local/lib/python3.12/site-packages/airflow/example_dags/example_sensor_decorator.py for tasks to queue
[2025-03-11T03:15:02.238+0000] {logging_mixin.py:188} INFO - [2025-03-11T03:15:02.237+0000] {dagbag.py:545} INFO - Filling up the DagBag from /home/airflow/.local/lib/python3.12/site-packages/airflow/example_dags/example_sensor_decorator.py
[2025-03-11T03:15:02.249+0000] {processor.py:840} INFO - DAG(s) 'example_sensor_decorator' retrieved from /home/airflow/.local/lib/python3.12/site-packages/airflow/example_dags/example_sensor_decorator.py
[2025-03-11T03:15:02.287+0000] {logging_mixin.py:188} INFO - [2025-03-11T03:15:02.286+0000] {dag.py:3096} INFO - Sync 1 DAGs
[2025-03-11T03:15:02.307+0000] {logging_mixin.py:188} INFO - [2025-03-11T03:15:02.307+0000] {dag.py:3954} INFO - Setting next_dagrun for example_sensor_decorator to None, run_after=None
[2025-03-11T03:15:02.365+0000] {processor.py:183} INFO - Processing /home/airflow/.local/lib/python3.12/site-packages/airflow/example_dags/example_sensor_decorator.py took 0.142 seconds
[2025-03-11T03:15:34.331+0000] {processor.py:161} INFO - Started process (PID=64602) to work on /home/airflow/.local/lib/python3.12/site-packages/airflow/example_dags/example_sensor_decorator.py
[2025-03-11T03:15:34.334+0000] {processor.py:830} INFO - Processing file /home/airflow/.local/lib/python3.12/site-packages/airflow/example_dags/example_sensor_decorator.py for tasks to queue
[2025-03-11T03:15:34.339+0000] {logging_mixin.py:188} INFO - [2025-03-11T03:15:34.338+0000] {dagbag.py:545} INFO - Filling up the DagBag from /home/airflow/.local/lib/python3.12/site-packages/airflow/example_dags/example_sensor_decorator.py
[2025-03-11T03:15:34.348+0000] {processor.py:840} INFO - DAG(s) 'example_sensor_decorator' retrieved from /home/airflow/.local/lib/python3.12/site-packages/airflow/example_dags/example_sensor_decorator.py
[2025-03-11T03:15:34.378+0000] {logging_mixin.py:188} INFO - [2025-03-11T03:15:34.378+0000] {dag.py:3096} INFO - Sync 1 DAGs
[2025-03-11T03:15:34.393+0000] {logging_mixin.py:188} INFO - [2025-03-11T03:15:34.393+0000] {dag.py:3954} INFO - Setting next_dagrun for example_sensor_decorator to None, run_after=None
[2025-03-11T03:15:34.428+0000] {processor.py:183} INFO - Processing /home/airflow/.local/lib/python3.12/site-packages/airflow/example_dags/example_sensor_decorator.py took 0.119 seconds
[2025-03-11T03:16:06.081+0000] {processor.py:161} INFO - Started process (PID=64864) to work on /home/airflow/.local/lib/python3.12/site-packages/airflow/example_dags/example_sensor_decorator.py
[2025-03-11T03:16:06.083+0000] {processor.py:830} INFO - Processing file /home/airflow/.local/lib/python3.12/site-packages/airflow/example_dags/example_sensor_decorator.py for tasks to queue
[2025-03-11T03:16:06.086+0000] {logging_mixin.py:188} INFO - [2025-03-11T03:16:06.085+0000] {dagbag.py:545} INFO - Filling up the DagBag from /home/airflow/.local/lib/python3.12/site-packages/airflow/example_dags/example_sensor_decorator.py
[2025-03-11T03:16:06.093+0000] {processor.py:840} INFO - DAG(s) 'example_sensor_decorator' retrieved from /home/airflow/.local/lib/python3.12/site-packages/airflow/example_dags/example_sensor_decorator.py
[2025-03-11T03:16:06.116+0000] {logging_mixin.py:188} INFO - [2025-03-11T03:16:06.116+0000] {dag.py:3096} INFO - Sync 1 DAGs
[2025-03-11T03:16:06.131+0000] {logging_mixin.py:188} INFO - [2025-03-11T03:16:06.131+0000] {dag.py:3954} INFO - Setting next_dagrun for example_sensor_decorator to None, run_after=None
[2025-03-11T03:16:06.167+0000] {processor.py:183} INFO - Processing /home/airflow/.local/lib/python3.12/site-packages/airflow/example_dags/example_sensor_decorator.py took 0.092 seconds
[2025-03-11T03:16:38.927+0000] {processor.py:161} INFO - Started process (PID=65128) to work on /home/airflow/.local/lib/python3.12/site-packages/airflow/example_dags/example_sensor_decorator.py
[2025-03-11T03:16:38.929+0000] {processor.py:830} INFO - Processing file /home/airflow/.local/lib/python3.12/site-packages/airflow/example_dags/example_sensor_decorator.py for tasks to queue
[2025-03-11T03:16:38.933+0000] {logging_mixin.py:188} INFO - [2025-03-11T03:16:38.932+0000] {dagbag.py:545} INFO - Filling up the DagBag from /home/airflow/.local/lib/python3.12/site-packages/airflow/example_dags/example_sensor_decorator.py
[2025-03-11T03:16:38.947+0000] {processor.py:840} INFO - DAG(s) 'example_sensor_decorator' retrieved from /home/airflow/.local/lib/python3.12/site-packages/airflow/example_dags/example_sensor_decorator.py
[2025-03-11T03:16:38.987+0000] {logging_mixin.py:188} INFO - [2025-03-11T03:16:38.987+0000] {dag.py:3096} INFO - Sync 1 DAGs
[2025-03-11T03:16:39.009+0000] {logging_mixin.py:188} INFO - [2025-03-11T03:16:39.009+0000] {dag.py:3954} INFO - Setting next_dagrun for example_sensor_decorator to None, run_after=None
[2025-03-11T03:16:39.234+0000] {processor.py:183} INFO - Processing /home/airflow/.local/lib/python3.12/site-packages/airflow/example_dags/example_sensor_decorator.py took 0.319 seconds
[2025-03-11T03:17:10.868+0000] {processor.py:161} INFO - Started process (PID=65388) to work on /home/airflow/.local/lib/python3.12/site-packages/airflow/example_dags/example_sensor_decorator.py
[2025-03-11T03:17:10.869+0000] {processor.py:830} INFO - Processing file /home/airflow/.local/lib/python3.12/site-packages/airflow/example_dags/example_sensor_decorator.py for tasks to queue
[2025-03-11T03:17:10.872+0000] {logging_mixin.py:188} INFO - [2025-03-11T03:17:10.871+0000] {dagbag.py:545} INFO - Filling up the DagBag from /home/airflow/.local/lib/python3.12/site-packages/airflow/example_dags/example_sensor_decorator.py
[2025-03-11T03:17:10.878+0000] {processor.py:840} INFO - DAG(s) 'example_sensor_decorator' retrieved from /home/airflow/.local/lib/python3.12/site-packages/airflow/example_dags/example_sensor_decorator.py
[2025-03-11T03:17:10.908+0000] {logging_mixin.py:188} INFO - [2025-03-11T03:17:10.908+0000] {dag.py:3096} INFO - Sync 1 DAGs
[2025-03-11T03:17:10.923+0000] {logging_mixin.py:188} INFO - [2025-03-11T03:17:10.922+0000] {dag.py:3954} INFO - Setting next_dagrun for example_sensor_decorator to None, run_after=None
[2025-03-11T03:17:10.946+0000] {processor.py:183} INFO - Processing /home/airflow/.local/lib/python3.12/site-packages/airflow/example_dags/example_sensor_decorator.py took 0.084 seconds
[2025-03-11T03:17:43.046+0000] {processor.py:161} INFO - Started process (PID=65651) to work on /home/airflow/.local/lib/python3.12/site-packages/airflow/example_dags/example_sensor_decorator.py
[2025-03-11T03:17:43.047+0000] {processor.py:830} INFO - Processing file /home/airflow/.local/lib/python3.12/site-packages/airflow/example_dags/example_sensor_decorator.py for tasks to queue
[2025-03-11T03:17:43.050+0000] {logging_mixin.py:188} INFO - [2025-03-11T03:17:43.049+0000] {dagbag.py:545} INFO - Filling up the DagBag from /home/airflow/.local/lib/python3.12/site-packages/airflow/example_dags/example_sensor_decorator.py
[2025-03-11T03:17:43.056+0000] {processor.py:840} INFO - DAG(s) 'example_sensor_decorator' retrieved from /home/airflow/.local/lib/python3.12/site-packages/airflow/example_dags/example_sensor_decorator.py
[2025-03-11T03:17:43.081+0000] {logging_mixin.py:188} INFO - [2025-03-11T03:17:43.081+0000] {dag.py:3096} INFO - Sync 1 DAGs
[2025-03-11T03:17:43.096+0000] {logging_mixin.py:188} INFO - [2025-03-11T03:17:43.096+0000] {dag.py:3954} INFO - Setting next_dagrun for example_sensor_decorator to None, run_after=None
[2025-03-11T03:17:43.118+0000] {processor.py:183} INFO - Processing /home/airflow/.local/lib/python3.12/site-packages/airflow/example_dags/example_sensor_decorator.py took 0.078 seconds
[2025-03-11T03:18:15.668+0000] {processor.py:161} INFO - Started process (PID=65912) to work on /home/airflow/.local/lib/python3.12/site-packages/airflow/example_dags/example_sensor_decorator.py
[2025-03-11T03:18:15.670+0000] {processor.py:830} INFO - Processing file /home/airflow/.local/lib/python3.12/site-packages/airflow/example_dags/example_sensor_decorator.py for tasks to queue
[2025-03-11T03:18:15.673+0000] {logging_mixin.py:188} INFO - [2025-03-11T03:18:15.672+0000] {dagbag.py:545} INFO - Filling up the DagBag from /home/airflow/.local/lib/python3.12/site-packages/airflow/example_dags/example_sensor_decorator.py
[2025-03-11T03:18:15.680+0000] {processor.py:840} INFO - DAG(s) 'example_sensor_decorator' retrieved from /home/airflow/.local/lib/python3.12/site-packages/airflow/example_dags/example_sensor_decorator.py
[2025-03-11T03:18:15.702+0000] {logging_mixin.py:188} INFO - [2025-03-11T03:18:15.702+0000] {dag.py:3096} INFO - Sync 1 DAGs
[2025-03-11T03:18:15.718+0000] {logging_mixin.py:188} INFO - [2025-03-11T03:18:15.717+0000] {dag.py:3954} INFO - Setting next_dagrun for example_sensor_decorator to None, run_after=None
[2025-03-11T03:18:15.862+0000] {processor.py:183} INFO - Processing /home/airflow/.local/lib/python3.12/site-packages/airflow/example_dags/example_sensor_decorator.py took 0.200 seconds
[2025-03-11T03:18:47.728+0000] {processor.py:161} INFO - Started process (PID=66176) to work on /home/airflow/.local/lib/python3.12/site-packages/airflow/example_dags/example_sensor_decorator.py
[2025-03-11T03:18:47.730+0000] {processor.py:830} INFO - Processing file /home/airflow/.local/lib/python3.12/site-packages/airflow/example_dags/example_sensor_decorator.py for tasks to queue
[2025-03-11T03:18:47.732+0000] {logging_mixin.py:188} INFO - [2025-03-11T03:18:47.731+0000] {dagbag.py:545} INFO - Filling up the DagBag from /home/airflow/.local/lib/python3.12/site-packages/airflow/example_dags/example_sensor_decorator.py
[2025-03-11T03:18:47.740+0000] {processor.py:840} INFO - DAG(s) 'example_sensor_decorator' retrieved from /home/airflow/.local/lib/python3.12/site-packages/airflow/example_dags/example_sensor_decorator.py
[2025-03-11T03:18:47.769+0000] {logging_mixin.py:188} INFO - [2025-03-11T03:18:47.768+0000] {dag.py:3096} INFO - Sync 1 DAGs
[2025-03-11T03:18:47.782+0000] {logging_mixin.py:188} INFO - [2025-03-11T03:18:47.782+0000] {dag.py:3954} INFO - Setting next_dagrun for example_sensor_decorator to None, run_after=None
[2025-03-11T03:18:47.803+0000] {processor.py:183} INFO - Processing /home/airflow/.local/lib/python3.12/site-packages/airflow/example_dags/example_sensor_decorator.py took 0.082 seconds
[2025-03-11T03:19:19.892+0000] {processor.py:161} INFO - Started process (PID=66438) to work on /home/airflow/.local/lib/python3.12/site-packages/airflow/example_dags/example_sensor_decorator.py
[2025-03-11T03:19:19.893+0000] {processor.py:830} INFO - Processing file /home/airflow/.local/lib/python3.12/site-packages/airflow/example_dags/example_sensor_decorator.py for tasks to queue
[2025-03-11T03:19:19.896+0000] {logging_mixin.py:188} INFO - [2025-03-11T03:19:19.896+0000] {dagbag.py:545} INFO - Filling up the DagBag from /home/airflow/.local/lib/python3.12/site-packages/airflow/example_dags/example_sensor_decorator.py
[2025-03-11T03:19:19.903+0000] {processor.py:840} INFO - DAG(s) 'example_sensor_decorator' retrieved from /home/airflow/.local/lib/python3.12/site-packages/airflow/example_dags/example_sensor_decorator.py
[2025-03-11T03:19:19.926+0000] {logging_mixin.py:188} INFO - [2025-03-11T03:19:19.925+0000] {dag.py:3096} INFO - Sync 1 DAGs
[2025-03-11T03:19:19.940+0000] {logging_mixin.py:188} INFO - [2025-03-11T03:19:19.939+0000] {dag.py:3954} INFO - Setting next_dagrun for example_sensor_decorator to None, run_after=None
[2025-03-11T03:19:19.961+0000] {processor.py:183} INFO - Processing /home/airflow/.local/lib/python3.12/site-packages/airflow/example_dags/example_sensor_decorator.py took 0.078 seconds
[2025-03-11T03:19:51.154+0000] {processor.py:161} INFO - Started process (PID=66700) to work on /home/airflow/.local/lib/python3.12/site-packages/airflow/example_dags/example_sensor_decorator.py
[2025-03-11T03:19:51.155+0000] {processor.py:830} INFO - Processing file /home/airflow/.local/lib/python3.12/site-packages/airflow/example_dags/example_sensor_decorator.py for tasks to queue
[2025-03-11T03:19:51.157+0000] {logging_mixin.py:188} INFO - [2025-03-11T03:19:51.157+0000] {dagbag.py:545} INFO - Filling up the DagBag from /home/airflow/.local/lib/python3.12/site-packages/airflow/example_dags/example_sensor_decorator.py
[2025-03-11T03:19:51.165+0000] {processor.py:840} INFO - DAG(s) 'example_sensor_decorator' retrieved from /home/airflow/.local/lib/python3.12/site-packages/airflow/example_dags/example_sensor_decorator.py
[2025-03-11T03:19:51.186+0000] {logging_mixin.py:188} INFO - [2025-03-11T03:19:51.186+0000] {dag.py:3096} INFO - Sync 1 DAGs
[2025-03-11T03:19:51.199+0000] {logging_mixin.py:188} INFO - [2025-03-11T03:19:51.199+0000] {dag.py:3954} INFO - Setting next_dagrun for example_sensor_decorator to None, run_after=None
[2025-03-11T03:19:51.222+0000] {processor.py:183} INFO - Processing /home/airflow/.local/lib/python3.12/site-packages/airflow/example_dags/example_sensor_decorator.py took 0.074 seconds
[2025-03-11T03:20:23.693+0000] {processor.py:161} INFO - Started process (PID=66959) to work on /home/airflow/.local/lib/python3.12/site-packages/airflow/example_dags/example_sensor_decorator.py
[2025-03-11T03:20:23.694+0000] {processor.py:830} INFO - Processing file /home/airflow/.local/lib/python3.12/site-packages/airflow/example_dags/example_sensor_decorator.py for tasks to queue
[2025-03-11T03:20:23.696+0000] {logging_mixin.py:188} INFO - [2025-03-11T03:20:23.695+0000] {dagbag.py:545} INFO - Filling up the DagBag from /home/airflow/.local/lib/python3.12/site-packages/airflow/example_dags/example_sensor_decorator.py
[2025-03-11T03:20:23.702+0000] {processor.py:840} INFO - DAG(s) 'example_sensor_decorator' retrieved from /home/airflow/.local/lib/python3.12/site-packages/airflow/example_dags/example_sensor_decorator.py
[2025-03-11T03:20:23.722+0000] {logging_mixin.py:188} INFO - [2025-03-11T03:20:23.721+0000] {dag.py:3096} INFO - Sync 1 DAGs
[2025-03-11T03:20:23.734+0000] {logging_mixin.py:188} INFO - [2025-03-11T03:20:23.734+0000] {dag.py:3954} INFO - Setting next_dagrun for example_sensor_decorator to None, run_after=None
[2025-03-11T03:20:23.753+0000] {processor.py:183} INFO - Processing /home/airflow/.local/lib/python3.12/site-packages/airflow/example_dags/example_sensor_decorator.py took 0.066 seconds
[2025-03-11T03:20:55.380+0000] {processor.py:161} INFO - Started process (PID=67221) to work on /home/airflow/.local/lib/python3.12/site-packages/airflow/example_dags/example_sensor_decorator.py
[2025-03-11T03:20:55.381+0000] {processor.py:830} INFO - Processing file /home/airflow/.local/lib/python3.12/site-packages/airflow/example_dags/example_sensor_decorator.py for tasks to queue
[2025-03-11T03:20:55.384+0000] {logging_mixin.py:188} INFO - [2025-03-11T03:20:55.384+0000] {dagbag.py:545} INFO - Filling up the DagBag from /home/airflow/.local/lib/python3.12/site-packages/airflow/example_dags/example_sensor_decorator.py
[2025-03-11T03:20:55.390+0000] {processor.py:840} INFO - DAG(s) 'example_sensor_decorator' retrieved from /home/airflow/.local/lib/python3.12/site-packages/airflow/example_dags/example_sensor_decorator.py
[2025-03-11T03:20:55.413+0000] {logging_mixin.py:188} INFO - [2025-03-11T03:20:55.413+0000] {dag.py:3096} INFO - Sync 1 DAGs
[2025-03-11T03:20:55.426+0000] {logging_mixin.py:188} INFO - [2025-03-11T03:20:55.426+0000] {dag.py:3954} INFO - Setting next_dagrun for example_sensor_decorator to None, run_after=None
[2025-03-11T03:20:55.446+0000] {processor.py:183} INFO - Processing /home/airflow/.local/lib/python3.12/site-packages/airflow/example_dags/example_sensor_decorator.py took 0.071 seconds
[2025-03-11T03:21:27.679+0000] {processor.py:161} INFO - Started process (PID=67485) to work on /home/airflow/.local/lib/python3.12/site-packages/airflow/example_dags/example_sensor_decorator.py
[2025-03-11T03:21:27.681+0000] {processor.py:830} INFO - Processing file /home/airflow/.local/lib/python3.12/site-packages/airflow/example_dags/example_sensor_decorator.py for tasks to queue
[2025-03-11T03:21:27.685+0000] {logging_mixin.py:188} INFO - [2025-03-11T03:21:27.684+0000] {dagbag.py:545} INFO - Filling up the DagBag from /home/airflow/.local/lib/python3.12/site-packages/airflow/example_dags/example_sensor_decorator.py
[2025-03-11T03:21:27.703+0000] {processor.py:840} INFO - DAG(s) 'example_sensor_decorator' retrieved from /home/airflow/.local/lib/python3.12/site-packages/airflow/example_dags/example_sensor_decorator.py
[2025-03-11T03:21:27.743+0000] {logging_mixin.py:188} INFO - [2025-03-11T03:21:27.743+0000] {dag.py:3096} INFO - Sync 1 DAGs
[2025-03-11T03:21:27.756+0000] {logging_mixin.py:188} INFO - [2025-03-11T03:21:27.756+0000] {dag.py:3954} INFO - Setting next_dagrun for example_sensor_decorator to None, run_after=None
[2025-03-11T03:21:27.780+0000] {processor.py:183} INFO - Processing /home/airflow/.local/lib/python3.12/site-packages/airflow/example_dags/example_sensor_decorator.py took 0.110 seconds
[2025-03-11T03:22:00.633+0000] {processor.py:161} INFO - Started process (PID=67750) to work on /home/airflow/.local/lib/python3.12/site-packages/airflow/example_dags/example_sensor_decorator.py
[2025-03-11T03:22:00.634+0000] {processor.py:830} INFO - Processing file /home/airflow/.local/lib/python3.12/site-packages/airflow/example_dags/example_sensor_decorator.py for tasks to queue
[2025-03-11T03:22:00.637+0000] {logging_mixin.py:188} INFO - [2025-03-11T03:22:00.637+0000] {dagbag.py:545} INFO - Filling up the DagBag from /home/airflow/.local/lib/python3.12/site-packages/airflow/example_dags/example_sensor_decorator.py
[2025-03-11T03:22:00.644+0000] {processor.py:840} INFO - DAG(s) 'example_sensor_decorator' retrieved from /home/airflow/.local/lib/python3.12/site-packages/airflow/example_dags/example_sensor_decorator.py
[2025-03-11T03:22:00.665+0000] {logging_mixin.py:188} INFO - [2025-03-11T03:22:00.665+0000] {dag.py:3096} INFO - Sync 1 DAGs
[2025-03-11T03:22:00.681+0000] {logging_mixin.py:188} INFO - [2025-03-11T03:22:00.681+0000] {dag.py:3954} INFO - Setting next_dagrun for example_sensor_decorator to None, run_after=None
[2025-03-11T03:22:00.705+0000] {processor.py:183} INFO - Processing /home/airflow/.local/lib/python3.12/site-packages/airflow/example_dags/example_sensor_decorator.py took 0.080 seconds
[2025-03-11T03:22:32.720+0000] {processor.py:161} INFO - Started process (PID=68012) to work on /home/airflow/.local/lib/python3.12/site-packages/airflow/example_dags/example_sensor_decorator.py
[2025-03-11T03:22:32.725+0000] {processor.py:830} INFO - Processing file /home/airflow/.local/lib/python3.12/site-packages/airflow/example_dags/example_sensor_decorator.py for tasks to queue
[2025-03-11T03:22:32.733+0000] {logging_mixin.py:188} INFO - [2025-03-11T03:22:32.732+0000] {dagbag.py:545} INFO - Filling up the DagBag from /home/airflow/.local/lib/python3.12/site-packages/airflow/example_dags/example_sensor_decorator.py
[2025-03-11T03:22:32.750+0000] {processor.py:840} INFO - DAG(s) 'example_sensor_decorator' retrieved from /home/airflow/.local/lib/python3.12/site-packages/airflow/example_dags/example_sensor_decorator.py
[2025-03-11T03:22:32.791+0000] {logging_mixin.py:188} INFO - [2025-03-11T03:22:32.791+0000] {dag.py:3096} INFO - Sync 1 DAGs
[2025-03-11T03:22:32.814+0000] {logging_mixin.py:188} INFO - [2025-03-11T03:22:32.814+0000] {dag.py:3954} INFO - Setting next_dagrun for example_sensor_decorator to None, run_after=None
[2025-03-11T03:22:32.862+0000] {processor.py:183} INFO - Processing /home/airflow/.local/lib/python3.12/site-packages/airflow/example_dags/example_sensor_decorator.py took 0.153 seconds
[2025-03-11T03:23:04.591+0000] {processor.py:161} INFO - Started process (PID=68274) to work on /home/airflow/.local/lib/python3.12/site-packages/airflow/example_dags/example_sensor_decorator.py
[2025-03-11T03:23:04.593+0000] {processor.py:830} INFO - Processing file /home/airflow/.local/lib/python3.12/site-packages/airflow/example_dags/example_sensor_decorator.py for tasks to queue
[2025-03-11T03:23:04.596+0000] {logging_mixin.py:188} INFO - [2025-03-11T03:23:04.595+0000] {dagbag.py:545} INFO - Filling up the DagBag from /home/airflow/.local/lib/python3.12/site-packages/airflow/example_dags/example_sensor_decorator.py
[2025-03-11T03:23:04.608+0000] {processor.py:840} INFO - DAG(s) 'example_sensor_decorator' retrieved from /home/airflow/.local/lib/python3.12/site-packages/airflow/example_dags/example_sensor_decorator.py
[2025-03-11T03:23:04.636+0000] {logging_mixin.py:188} INFO - [2025-03-11T03:23:04.635+0000] {dag.py:3096} INFO - Sync 1 DAGs
[2025-03-11T03:23:04.650+0000] {logging_mixin.py:188} INFO - [2025-03-11T03:23:04.650+0000] {dag.py:3954} INFO - Setting next_dagrun for example_sensor_decorator to None, run_after=None
[2025-03-11T03:23:04.675+0000] {processor.py:183} INFO - Processing /home/airflow/.local/lib/python3.12/site-packages/airflow/example_dags/example_sensor_decorator.py took 0.093 seconds
[2025-03-11T03:23:36.940+0000] {processor.py:161} INFO - Started process (PID=68546) to work on /home/airflow/.local/lib/python3.12/site-packages/airflow/example_dags/example_sensor_decorator.py
[2025-03-11T03:23:36.941+0000] {processor.py:830} INFO - Processing file /home/airflow/.local/lib/python3.12/site-packages/airflow/example_dags/example_sensor_decorator.py for tasks to queue
[2025-03-11T03:23:36.943+0000] {logging_mixin.py:188} INFO - [2025-03-11T03:23:36.943+0000] {dagbag.py:545} INFO - Filling up the DagBag from /home/airflow/.local/lib/python3.12/site-packages/airflow/example_dags/example_sensor_decorator.py
[2025-03-11T03:23:36.949+0000] {processor.py:840} INFO - DAG(s) 'example_sensor_decorator' retrieved from /home/airflow/.local/lib/python3.12/site-packages/airflow/example_dags/example_sensor_decorator.py
[2025-03-11T03:23:36.968+0000] {logging_mixin.py:188} INFO - [2025-03-11T03:23:36.968+0000] {dag.py:3096} INFO - Sync 1 DAGs
[2025-03-11T03:23:36.980+0000] {logging_mixin.py:188} INFO - [2025-03-11T03:23:36.980+0000] {dag.py:3954} INFO - Setting next_dagrun for example_sensor_decorator to None, run_after=None
[2025-03-11T03:23:37.002+0000] {processor.py:183} INFO - Processing /home/airflow/.local/lib/python3.12/site-packages/airflow/example_dags/example_sensor_decorator.py took 0.067 seconds
[2025-03-11T03:24:09.015+0000] {processor.py:161} INFO - Started process (PID=68808) to work on /home/airflow/.local/lib/python3.12/site-packages/airflow/example_dags/example_sensor_decorator.py
[2025-03-11T03:24:09.016+0000] {processor.py:830} INFO - Processing file /home/airflow/.local/lib/python3.12/site-packages/airflow/example_dags/example_sensor_decorator.py for tasks to queue
[2025-03-11T03:24:09.019+0000] {logging_mixin.py:188} INFO - [2025-03-11T03:24:09.018+0000] {dagbag.py:545} INFO - Filling up the DagBag from /home/airflow/.local/lib/python3.12/site-packages/airflow/example_dags/example_sensor_decorator.py
[2025-03-11T03:24:09.027+0000] {processor.py:840} INFO - DAG(s) 'example_sensor_decorator' retrieved from /home/airflow/.local/lib/python3.12/site-packages/airflow/example_dags/example_sensor_decorator.py
[2025-03-11T03:24:09.054+0000] {logging_mixin.py:188} INFO - [2025-03-11T03:24:09.053+0000] {dag.py:3096} INFO - Sync 1 DAGs
[2025-03-11T03:24:09.071+0000] {logging_mixin.py:188} INFO - [2025-03-11T03:24:09.070+0000] {dag.py:3954} INFO - Setting next_dagrun for example_sensor_decorator to None, run_after=None
[2025-03-11T03:24:09.098+0000] {processor.py:183} INFO - Processing /home/airflow/.local/lib/python3.12/site-packages/airflow/example_dags/example_sensor_decorator.py took 0.092 seconds
[2025-03-11T03:24:40.812+0000] {processor.py:161} INFO - Started process (PID=69070) to work on /home/airflow/.local/lib/python3.12/site-packages/airflow/example_dags/example_sensor_decorator.py
[2025-03-11T03:24:40.816+0000] {processor.py:830} INFO - Processing file /home/airflow/.local/lib/python3.12/site-packages/airflow/example_dags/example_sensor_decorator.py for tasks to queue
[2025-03-11T03:24:40.821+0000] {logging_mixin.py:188} INFO - [2025-03-11T03:24:40.820+0000] {dagbag.py:545} INFO - Filling up the DagBag from /home/airflow/.local/lib/python3.12/site-packages/airflow/example_dags/example_sensor_decorator.py
[2025-03-11T03:24:40.829+0000] {processor.py:840} INFO - DAG(s) 'example_sensor_decorator' retrieved from /home/airflow/.local/lib/python3.12/site-packages/airflow/example_dags/example_sensor_decorator.py
[2025-03-11T03:24:40.853+0000] {logging_mixin.py:188} INFO - [2025-03-11T03:24:40.853+0000] {dag.py:3096} INFO - Sync 1 DAGs
[2025-03-11T03:24:40.870+0000] {logging_mixin.py:188} INFO - [2025-03-11T03:24:40.870+0000] {dag.py:3954} INFO - Setting next_dagrun for example_sensor_decorator to None, run_after=None
[2025-03-11T03:24:40.888+0000] {processor.py:183} INFO - Processing /home/airflow/.local/lib/python3.12/site-packages/airflow/example_dags/example_sensor_decorator.py took 0.083 seconds
[2025-03-11T03:25:12.899+0000] {processor.py:161} INFO - Started process (PID=69332) to work on /home/airflow/.local/lib/python3.12/site-packages/airflow/example_dags/example_sensor_decorator.py
[2025-03-11T03:25:12.900+0000] {processor.py:830} INFO - Processing file /home/airflow/.local/lib/python3.12/site-packages/airflow/example_dags/example_sensor_decorator.py for tasks to queue
[2025-03-11T03:25:12.903+0000] {logging_mixin.py:188} INFO - [2025-03-11T03:25:12.902+0000] {dagbag.py:545} INFO - Filling up the DagBag from /home/airflow/.local/lib/python3.12/site-packages/airflow/example_dags/example_sensor_decorator.py
[2025-03-11T03:25:12.909+0000] {processor.py:840} INFO - DAG(s) 'example_sensor_decorator' retrieved from /home/airflow/.local/lib/python3.12/site-packages/airflow/example_dags/example_sensor_decorator.py
[2025-03-11T03:25:12.931+0000] {logging_mixin.py:188} INFO - [2025-03-11T03:25:12.930+0000] {dag.py:3096} INFO - Sync 1 DAGs
[2025-03-11T03:25:12.946+0000] {logging_mixin.py:188} INFO - [2025-03-11T03:25:12.946+0000] {dag.py:3954} INFO - Setting next_dagrun for example_sensor_decorator to None, run_after=None
[2025-03-11T03:25:12.971+0000] {processor.py:183} INFO - Processing /home/airflow/.local/lib/python3.12/site-packages/airflow/example_dags/example_sensor_decorator.py took 0.078 seconds
[2025-03-11T03:25:44.881+0000] {processor.py:161} INFO - Started process (PID=69594) to work on /home/airflow/.local/lib/python3.12/site-packages/airflow/example_dags/example_sensor_decorator.py
[2025-03-11T03:25:44.883+0000] {processor.py:830} INFO - Processing file /home/airflow/.local/lib/python3.12/site-packages/airflow/example_dags/example_sensor_decorator.py for tasks to queue
[2025-03-11T03:25:44.886+0000] {logging_mixin.py:188} INFO - [2025-03-11T03:25:44.885+0000] {dagbag.py:545} INFO - Filling up the DagBag from /home/airflow/.local/lib/python3.12/site-packages/airflow/example_dags/example_sensor_decorator.py
[2025-03-11T03:25:44.896+0000] {processor.py:840} INFO - DAG(s) 'example_sensor_decorator' retrieved from /home/airflow/.local/lib/python3.12/site-packages/airflow/example_dags/example_sensor_decorator.py
[2025-03-11T03:25:44.917+0000] {logging_mixin.py:188} INFO - [2025-03-11T03:25:44.917+0000] {dag.py:3096} INFO - Sync 1 DAGs
[2025-03-11T03:25:44.929+0000] {logging_mixin.py:188} INFO - [2025-03-11T03:25:44.929+0000] {dag.py:3954} INFO - Setting next_dagrun for example_sensor_decorator to None, run_after=None
[2025-03-11T03:25:44.949+0000] {processor.py:183} INFO - Processing /home/airflow/.local/lib/python3.12/site-packages/airflow/example_dags/example_sensor_decorator.py took 0.075 seconds
[2025-03-11T03:26:17.635+0000] {processor.py:161} INFO - Started process (PID=69856) to work on /home/airflow/.local/lib/python3.12/site-packages/airflow/example_dags/example_sensor_decorator.py
[2025-03-11T03:26:17.636+0000] {processor.py:830} INFO - Processing file /home/airflow/.local/lib/python3.12/site-packages/airflow/example_dags/example_sensor_decorator.py for tasks to queue
[2025-03-11T03:26:17.639+0000] {logging_mixin.py:188} INFO - [2025-03-11T03:26:17.638+0000] {dagbag.py:545} INFO - Filling up the DagBag from /home/airflow/.local/lib/python3.12/site-packages/airflow/example_dags/example_sensor_decorator.py
[2025-03-11T03:26:17.645+0000] {processor.py:840} INFO - DAG(s) 'example_sensor_decorator' retrieved from /home/airflow/.local/lib/python3.12/site-packages/airflow/example_dags/example_sensor_decorator.py
[2025-03-11T03:26:17.665+0000] {logging_mixin.py:188} INFO - [2025-03-11T03:26:17.664+0000] {dag.py:3096} INFO - Sync 1 DAGs
[2025-03-11T03:26:17.677+0000] {logging_mixin.py:188} INFO - [2025-03-11T03:26:17.677+0000] {dag.py:3954} INFO - Setting next_dagrun for example_sensor_decorator to None, run_after=None
[2025-03-11T03:26:17.697+0000] {processor.py:183} INFO - Processing /home/airflow/.local/lib/python3.12/site-packages/airflow/example_dags/example_sensor_decorator.py took 0.071 seconds
[2025-03-11T03:26:49.141+0000] {processor.py:161} INFO - Started process (PID=70118) to work on /home/airflow/.local/lib/python3.12/site-packages/airflow/example_dags/example_sensor_decorator.py
[2025-03-11T03:26:49.142+0000] {processor.py:830} INFO - Processing file /home/airflow/.local/lib/python3.12/site-packages/airflow/example_dags/example_sensor_decorator.py for tasks to queue
[2025-03-11T03:26:49.145+0000] {logging_mixin.py:188} INFO - [2025-03-11T03:26:49.145+0000] {dagbag.py:545} INFO - Filling up the DagBag from /home/airflow/.local/lib/python3.12/site-packages/airflow/example_dags/example_sensor_decorator.py
[2025-03-11T03:26:49.151+0000] {processor.py:840} INFO - DAG(s) 'example_sensor_decorator' retrieved from /home/airflow/.local/lib/python3.12/site-packages/airflow/example_dags/example_sensor_decorator.py
[2025-03-11T03:26:49.172+0000] {logging_mixin.py:188} INFO - [2025-03-11T03:26:49.172+0000] {dag.py:3096} INFO - Sync 1 DAGs
[2025-03-11T03:26:49.185+0000] {logging_mixin.py:188} INFO - [2025-03-11T03:26:49.184+0000] {dag.py:3954} INFO - Setting next_dagrun for example_sensor_decorator to None, run_after=None
[2025-03-11T03:26:49.205+0000] {processor.py:183} INFO - Processing /home/airflow/.local/lib/python3.12/site-packages/airflow/example_dags/example_sensor_decorator.py took 0.070 seconds
[2025-03-11T03:27:21.749+0000] {processor.py:161} INFO - Started process (PID=70380) to work on /home/airflow/.local/lib/python3.12/site-packages/airflow/example_dags/example_sensor_decorator.py
[2025-03-11T03:27:21.751+0000] {processor.py:830} INFO - Processing file /home/airflow/.local/lib/python3.12/site-packages/airflow/example_dags/example_sensor_decorator.py for tasks to queue
[2025-03-11T03:27:21.753+0000] {logging_mixin.py:188} INFO - [2025-03-11T03:27:21.752+0000] {dagbag.py:545} INFO - Filling up the DagBag from /home/airflow/.local/lib/python3.12/site-packages/airflow/example_dags/example_sensor_decorator.py
[2025-03-11T03:27:21.759+0000] {processor.py:840} INFO - DAG(s) 'example_sensor_decorator' retrieved from /home/airflow/.local/lib/python3.12/site-packages/airflow/example_dags/example_sensor_decorator.py
[2025-03-11T03:27:21.784+0000] {logging_mixin.py:188} INFO - [2025-03-11T03:27:21.784+0000] {dag.py:3096} INFO - Sync 1 DAGs
[2025-03-11T03:27:21.798+0000] {logging_mixin.py:188} INFO - [2025-03-11T03:27:21.798+0000] {dag.py:3954} INFO - Setting next_dagrun for example_sensor_decorator to None, run_after=None
[2025-03-11T03:27:21.818+0000] {processor.py:183} INFO - Processing /home/airflow/.local/lib/python3.12/site-packages/airflow/example_dags/example_sensor_decorator.py took 0.075 seconds
[2025-03-11T03:27:53.246+0000] {processor.py:161} INFO - Started process (PID=70642) to work on /home/airflow/.local/lib/python3.12/site-packages/airflow/example_dags/example_sensor_decorator.py
[2025-03-11T03:27:53.248+0000] {processor.py:830} INFO - Processing file /home/airflow/.local/lib/python3.12/site-packages/airflow/example_dags/example_sensor_decorator.py for tasks to queue
[2025-03-11T03:27:53.250+0000] {logging_mixin.py:188} INFO - [2025-03-11T03:27:53.249+0000] {dagbag.py:545} INFO - Filling up the DagBag from /home/airflow/.local/lib/python3.12/site-packages/airflow/example_dags/example_sensor_decorator.py
[2025-03-11T03:27:53.257+0000] {processor.py:840} INFO - DAG(s) 'example_sensor_decorator' retrieved from /home/airflow/.local/lib/python3.12/site-packages/airflow/example_dags/example_sensor_decorator.py
[2025-03-11T03:27:53.286+0000] {logging_mixin.py:188} INFO - [2025-03-11T03:27:53.285+0000] {dag.py:3096} INFO - Sync 1 DAGs
[2025-03-11T03:27:53.303+0000] {logging_mixin.py:188} INFO - [2025-03-11T03:27:53.303+0000] {dag.py:3954} INFO - Setting next_dagrun for example_sensor_decorator to None, run_after=None
[2025-03-11T03:27:53.328+0000] {processor.py:183} INFO - Processing /home/airflow/.local/lib/python3.12/site-packages/airflow/example_dags/example_sensor_decorator.py took 0.088 seconds
[2025-03-11T03:28:26.068+0000] {processor.py:161} INFO - Started process (PID=70904) to work on /home/airflow/.local/lib/python3.12/site-packages/airflow/example_dags/example_sensor_decorator.py
[2025-03-11T03:28:26.069+0000] {processor.py:830} INFO - Processing file /home/airflow/.local/lib/python3.12/site-packages/airflow/example_dags/example_sensor_decorator.py for tasks to queue
[2025-03-11T03:28:26.071+0000] {logging_mixin.py:188} INFO - [2025-03-11T03:28:26.071+0000] {dagbag.py:545} INFO - Filling up the DagBag from /home/airflow/.local/lib/python3.12/site-packages/airflow/example_dags/example_sensor_decorator.py
[2025-03-11T03:28:26.078+0000] {processor.py:840} INFO - DAG(s) 'example_sensor_decorator' retrieved from /home/airflow/.local/lib/python3.12/site-packages/airflow/example_dags/example_sensor_decorator.py
[2025-03-11T03:28:26.101+0000] {logging_mixin.py:188} INFO - [2025-03-11T03:28:26.101+0000] {dag.py:3096} INFO - Sync 1 DAGs
[2025-03-11T03:28:26.115+0000] {logging_mixin.py:188} INFO - [2025-03-11T03:28:26.115+0000] {dag.py:3954} INFO - Setting next_dagrun for example_sensor_decorator to None, run_after=None
[2025-03-11T03:28:26.137+0000] {processor.py:183} INFO - Processing /home/airflow/.local/lib/python3.12/site-packages/airflow/example_dags/example_sensor_decorator.py took 0.076 seconds
[2025-03-11T03:28:57.889+0000] {processor.py:161} INFO - Started process (PID=71166) to work on /home/airflow/.local/lib/python3.12/site-packages/airflow/example_dags/example_sensor_decorator.py
[2025-03-11T03:28:57.890+0000] {processor.py:830} INFO - Processing file /home/airflow/.local/lib/python3.12/site-packages/airflow/example_dags/example_sensor_decorator.py for tasks to queue
[2025-03-11T03:28:57.893+0000] {logging_mixin.py:188} INFO - [2025-03-11T03:28:57.892+0000] {dagbag.py:545} INFO - Filling up the DagBag from /home/airflow/.local/lib/python3.12/site-packages/airflow/example_dags/example_sensor_decorator.py
[2025-03-11T03:28:57.900+0000] {processor.py:840} INFO - DAG(s) 'example_sensor_decorator' retrieved from /home/airflow/.local/lib/python3.12/site-packages/airflow/example_dags/example_sensor_decorator.py
[2025-03-11T03:28:57.921+0000] {logging_mixin.py:188} INFO - [2025-03-11T03:28:57.921+0000] {dag.py:3096} INFO - Sync 1 DAGs
[2025-03-11T03:28:57.935+0000] {logging_mixin.py:188} INFO - [2025-03-11T03:28:57.934+0000] {dag.py:3954} INFO - Setting next_dagrun for example_sensor_decorator to None, run_after=None
[2025-03-11T03:28:57.959+0000] {processor.py:183} INFO - Processing /home/airflow/.local/lib/python3.12/site-packages/airflow/example_dags/example_sensor_decorator.py took 0.077 seconds
[2025-03-11T03:29:30.101+0000] {processor.py:161} INFO - Started process (PID=71428) to work on /home/airflow/.local/lib/python3.12/site-packages/airflow/example_dags/example_sensor_decorator.py
[2025-03-11T03:29:30.103+0000] {processor.py:830} INFO - Processing file /home/airflow/.local/lib/python3.12/site-packages/airflow/example_dags/example_sensor_decorator.py for tasks to queue
[2025-03-11T03:29:30.105+0000] {logging_mixin.py:188} INFO - [2025-03-11T03:29:30.105+0000] {dagbag.py:545} INFO - Filling up the DagBag from /home/airflow/.local/lib/python3.12/site-packages/airflow/example_dags/example_sensor_decorator.py
[2025-03-11T03:29:30.112+0000] {processor.py:840} INFO - DAG(s) 'example_sensor_decorator' retrieved from /home/airflow/.local/lib/python3.12/site-packages/airflow/example_dags/example_sensor_decorator.py
[2025-03-11T03:29:30.141+0000] {logging_mixin.py:188} INFO - [2025-03-11T03:29:30.140+0000] {dag.py:3096} INFO - Sync 1 DAGs
[2025-03-11T03:29:30.158+0000] {logging_mixin.py:188} INFO - [2025-03-11T03:29:30.157+0000] {dag.py:3954} INFO - Setting next_dagrun for example_sensor_decorator to None, run_after=None
[2025-03-11T03:29:30.195+0000] {processor.py:183} INFO - Processing /home/airflow/.local/lib/python3.12/site-packages/airflow/example_dags/example_sensor_decorator.py took 0.102 seconds
[2025-03-11T03:30:01.934+0000] {processor.py:161} INFO - Started process (PID=71690) to work on /home/airflow/.local/lib/python3.12/site-packages/airflow/example_dags/example_sensor_decorator.py
[2025-03-11T03:30:01.935+0000] {processor.py:830} INFO - Processing file /home/airflow/.local/lib/python3.12/site-packages/airflow/example_dags/example_sensor_decorator.py for tasks to queue
[2025-03-11T03:30:01.938+0000] {logging_mixin.py:188} INFO - [2025-03-11T03:30:01.938+0000] {dagbag.py:545} INFO - Filling up the DagBag from /home/airflow/.local/lib/python3.12/site-packages/airflow/example_dags/example_sensor_decorator.py
[2025-03-11T03:30:01.944+0000] {processor.py:840} INFO - DAG(s) 'example_sensor_decorator' retrieved from /home/airflow/.local/lib/python3.12/site-packages/airflow/example_dags/example_sensor_decorator.py
[2025-03-11T03:30:01.965+0000] {logging_mixin.py:188} INFO - [2025-03-11T03:30:01.965+0000] {dag.py:3096} INFO - Sync 1 DAGs
[2025-03-11T03:30:01.979+0000] {logging_mixin.py:188} INFO - [2025-03-11T03:30:01.979+0000] {dag.py:3954} INFO - Setting next_dagrun for example_sensor_decorator to None, run_after=None
[2025-03-11T03:30:02.002+0000] {processor.py:183} INFO - Processing /home/airflow/.local/lib/python3.12/site-packages/airflow/example_dags/example_sensor_decorator.py took 0.075 seconds
[2025-03-11T03:30:34.557+0000] {processor.py:161} INFO - Started process (PID=71952) to work on /home/airflow/.local/lib/python3.12/site-packages/airflow/example_dags/example_sensor_decorator.py
[2025-03-11T03:30:34.559+0000] {processor.py:830} INFO - Processing file /home/airflow/.local/lib/python3.12/site-packages/airflow/example_dags/example_sensor_decorator.py for tasks to queue
[2025-03-11T03:30:34.562+0000] {logging_mixin.py:188} INFO - [2025-03-11T03:30:34.562+0000] {dagbag.py:545} INFO - Filling up the DagBag from /home/airflow/.local/lib/python3.12/site-packages/airflow/example_dags/example_sensor_decorator.py
[2025-03-11T03:30:34.569+0000] {processor.py:840} INFO - DAG(s) 'example_sensor_decorator' retrieved from /home/airflow/.local/lib/python3.12/site-packages/airflow/example_dags/example_sensor_decorator.py
[2025-03-11T03:30:34.591+0000] {logging_mixin.py:188} INFO - [2025-03-11T03:30:34.591+0000] {dag.py:3096} INFO - Sync 1 DAGs
[2025-03-11T03:30:34.608+0000] {logging_mixin.py:188} INFO - [2025-03-11T03:30:34.608+0000] {dag.py:3954} INFO - Setting next_dagrun for example_sensor_decorator to None, run_after=None
[2025-03-11T03:30:34.637+0000] {processor.py:183} INFO - Processing /home/airflow/.local/lib/python3.12/site-packages/airflow/example_dags/example_sensor_decorator.py took 0.086 seconds
[2025-03-11T03:31:05.689+0000] {processor.py:161} INFO - Started process (PID=72214) to work on /home/airflow/.local/lib/python3.12/site-packages/airflow/example_dags/example_sensor_decorator.py
[2025-03-11T03:31:05.691+0000] {processor.py:830} INFO - Processing file /home/airflow/.local/lib/python3.12/site-packages/airflow/example_dags/example_sensor_decorator.py for tasks to queue
[2025-03-11T03:31:05.693+0000] {logging_mixin.py:188} INFO - [2025-03-11T03:31:05.693+0000] {dagbag.py:545} INFO - Filling up the DagBag from /home/airflow/.local/lib/python3.12/site-packages/airflow/example_dags/example_sensor_decorator.py
[2025-03-11T03:31:05.701+0000] {processor.py:840} INFO - DAG(s) 'example_sensor_decorator' retrieved from /home/airflow/.local/lib/python3.12/site-packages/airflow/example_dags/example_sensor_decorator.py
[2025-03-11T03:31:05.722+0000] {logging_mixin.py:188} INFO - [2025-03-11T03:31:05.722+0000] {dag.py:3096} INFO - Sync 1 DAGs
[2025-03-11T03:31:05.735+0000] {logging_mixin.py:188} INFO - [2025-03-11T03:31:05.735+0000] {dag.py:3954} INFO - Setting next_dagrun for example_sensor_decorator to None, run_after=None
[2025-03-11T03:31:05.754+0000] {processor.py:183} INFO - Processing /home/airflow/.local/lib/python3.12/site-packages/airflow/example_dags/example_sensor_decorator.py took 0.073 seconds
[2025-03-11T03:31:38.141+0000] {processor.py:161} INFO - Started process (PID=72476) to work on /home/airflow/.local/lib/python3.12/site-packages/airflow/example_dags/example_sensor_decorator.py
[2025-03-11T03:31:38.142+0000] {processor.py:830} INFO - Processing file /home/airflow/.local/lib/python3.12/site-packages/airflow/example_dags/example_sensor_decorator.py for tasks to queue
[2025-03-11T03:31:38.144+0000] {logging_mixin.py:188} INFO - [2025-03-11T03:31:38.143+0000] {dagbag.py:545} INFO - Filling up the DagBag from /home/airflow/.local/lib/python3.12/site-packages/airflow/example_dags/example_sensor_decorator.py
[2025-03-11T03:31:38.150+0000] {processor.py:840} INFO - DAG(s) 'example_sensor_decorator' retrieved from /home/airflow/.local/lib/python3.12/site-packages/airflow/example_dags/example_sensor_decorator.py
[2025-03-11T03:31:38.170+0000] {logging_mixin.py:188} INFO - [2025-03-11T03:31:38.170+0000] {dag.py:3096} INFO - Sync 1 DAGs
[2025-03-11T03:31:38.185+0000] {logging_mixin.py:188} INFO - [2025-03-11T03:31:38.185+0000] {dag.py:3954} INFO - Setting next_dagrun for example_sensor_decorator to None, run_after=None
[2025-03-11T03:31:38.208+0000] {processor.py:183} INFO - Processing /home/airflow/.local/lib/python3.12/site-packages/airflow/example_dags/example_sensor_decorator.py took 0.074 seconds
[2025-03-11T03:32:09.828+0000] {processor.py:161} INFO - Started process (PID=72738) to work on /home/airflow/.local/lib/python3.12/site-packages/airflow/example_dags/example_sensor_decorator.py
[2025-03-11T03:32:09.829+0000] {processor.py:830} INFO - Processing file /home/airflow/.local/lib/python3.12/site-packages/airflow/example_dags/example_sensor_decorator.py for tasks to queue
[2025-03-11T03:32:09.832+0000] {logging_mixin.py:188} INFO - [2025-03-11T03:32:09.831+0000] {dagbag.py:545} INFO - Filling up the DagBag from /home/airflow/.local/lib/python3.12/site-packages/airflow/example_dags/example_sensor_decorator.py
[2025-03-11T03:32:09.841+0000] {processor.py:840} INFO - DAG(s) 'example_sensor_decorator' retrieved from /home/airflow/.local/lib/python3.12/site-packages/airflow/example_dags/example_sensor_decorator.py
[2025-03-11T03:32:09.867+0000] {logging_mixin.py:188} INFO - [2025-03-11T03:32:09.867+0000] {dag.py:3096} INFO - Sync 1 DAGs
[2025-03-11T03:32:09.887+0000] {logging_mixin.py:188} INFO - [2025-03-11T03:32:09.886+0000] {dag.py:3954} INFO - Setting next_dagrun for example_sensor_decorator to None, run_after=None
[2025-03-11T03:32:09.909+0000] {processor.py:183} INFO - Processing /home/airflow/.local/lib/python3.12/site-packages/airflow/example_dags/example_sensor_decorator.py took 0.087 seconds
[2025-03-11T03:32:41.933+0000] {processor.py:161} INFO - Started process (PID=73000) to work on /home/airflow/.local/lib/python3.12/site-packages/airflow/example_dags/example_sensor_decorator.py
[2025-03-11T03:32:41.934+0000] {processor.py:830} INFO - Processing file /home/airflow/.local/lib/python3.12/site-packages/airflow/example_dags/example_sensor_decorator.py for tasks to queue
[2025-03-11T03:32:41.936+0000] {logging_mixin.py:188} INFO - [2025-03-11T03:32:41.936+0000] {dagbag.py:545} INFO - Filling up the DagBag from /home/airflow/.local/lib/python3.12/site-packages/airflow/example_dags/example_sensor_decorator.py
[2025-03-11T03:32:41.943+0000] {processor.py:840} INFO - DAG(s) 'example_sensor_decorator' retrieved from /home/airflow/.local/lib/python3.12/site-packages/airflow/example_dags/example_sensor_decorator.py
[2025-03-11T03:32:41.968+0000] {logging_mixin.py:188} INFO - [2025-03-11T03:32:41.968+0000] {dag.py:3096} INFO - Sync 1 DAGs
[2025-03-11T03:32:41.983+0000] {logging_mixin.py:188} INFO - [2025-03-11T03:32:41.982+0000] {dag.py:3954} INFO - Setting next_dagrun for example_sensor_decorator to None, run_after=None
[2025-03-11T03:32:42.002+0000] {processor.py:183} INFO - Processing /home/airflow/.local/lib/python3.12/site-packages/airflow/example_dags/example_sensor_decorator.py took 0.076 seconds
