[2025-03-11T03:05:13.633+0000] {processor.py:161} INFO - Started process (PID=59418) to work on /home/airflow/.local/lib/python3.12/site-packages/airflow/example_dags/example_kubernetes_executor.py
[2025-03-11T03:05:13.636+0000] {processor.py:830} INFO - Processing file /home/airflow/.local/lib/python3.12/site-packages/airflow/example_dags/example_kubernetes_executor.py for tasks to queue
[2025-03-11T03:05:13.644+0000] {logging_mixin.py:188} INFO - [2025-03-11T03:05:13.643+0000] {dagbag.py:545} INFO - Filling up the DagBag from /home/airflow/.local/lib/python3.12/site-packages/airflow/example_dags/example_kubernetes_executor.py
[2025-03-11T03:05:13.661+0000] {processor.py:840} INFO - DAG(s) 'example_kubernetes_executor' retrieved from /home/airflow/.local/lib/python3.12/site-packages/airflow/example_dags/example_kubernetes_executor.py
[2025-03-11T03:05:13.723+0000] {logging_mixin.py:188} INFO - [2025-03-11T03:05:13.722+0000] {dag.py:3096} INFO - Sync 1 DAGs
[2025-03-11T03:05:13.741+0000] {logging_mixin.py:188} INFO - [2025-03-11T03:05:13.741+0000] {dag.py:3954} INFO - Setting next_dagrun for example_kubernetes_executor to None, run_after=None
[2025-03-11T03:05:13.785+0000] {processor.py:183} INFO - Processing /home/airflow/.local/lib/python3.12/site-packages/airflow/example_dags/example_kubernetes_executor.py took 0.158 seconds
[2025-03-11T03:05:44.448+0000] {processor.py:161} INFO - Started process (PID=59682) to work on /home/airflow/.local/lib/python3.12/site-packages/airflow/example_dags/example_kubernetes_executor.py
[2025-03-11T03:05:44.449+0000] {processor.py:830} INFO - Processing file /home/airflow/.local/lib/python3.12/site-packages/airflow/example_dags/example_kubernetes_executor.py for tasks to queue
[2025-03-11T03:05:44.451+0000] {logging_mixin.py:188} INFO - [2025-03-11T03:05:44.451+0000] {dagbag.py:545} INFO - Filling up the DagBag from /home/airflow/.local/lib/python3.12/site-packages/airflow/example_dags/example_kubernetes_executor.py
[2025-03-11T03:05:44.463+0000] {processor.py:840} INFO - DAG(s) 'example_kubernetes_executor' retrieved from /home/airflow/.local/lib/python3.12/site-packages/airflow/example_dags/example_kubernetes_executor.py
[2025-03-11T03:05:44.498+0000] {logging_mixin.py:188} INFO - [2025-03-11T03:05:44.498+0000] {dag.py:3096} INFO - Sync 1 DAGs
[2025-03-11T03:05:44.512+0000] {logging_mixin.py:188} INFO - [2025-03-11T03:05:44.511+0000] {dag.py:3954} INFO - Setting next_dagrun for example_kubernetes_executor to None, run_after=None
[2025-03-11T03:05:44.533+0000] {processor.py:183} INFO - Processing /home/airflow/.local/lib/python3.12/site-packages/airflow/example_dags/example_kubernetes_executor.py took 0.090 seconds
[2025-03-11T03:06:14.713+0000] {processor.py:161} INFO - Started process (PID=59944) to work on /home/airflow/.local/lib/python3.12/site-packages/airflow/example_dags/example_kubernetes_executor.py
[2025-03-11T03:06:14.714+0000] {processor.py:830} INFO - Processing file /home/airflow/.local/lib/python3.12/site-packages/airflow/example_dags/example_kubernetes_executor.py for tasks to queue
[2025-03-11T03:06:14.716+0000] {logging_mixin.py:188} INFO - [2025-03-11T03:06:14.716+0000] {dagbag.py:545} INFO - Filling up the DagBag from /home/airflow/.local/lib/python3.12/site-packages/airflow/example_dags/example_kubernetes_executor.py
[2025-03-11T03:06:14.731+0000] {processor.py:840} INFO - DAG(s) 'example_kubernetes_executor' retrieved from /home/airflow/.local/lib/python3.12/site-packages/airflow/example_dags/example_kubernetes_executor.py
[2025-03-11T03:06:14.773+0000] {logging_mixin.py:188} INFO - [2025-03-11T03:06:14.772+0000] {dag.py:3096} INFO - Sync 1 DAGs
[2025-03-11T03:06:14.784+0000] {logging_mixin.py:188} INFO - [2025-03-11T03:06:14.784+0000] {dag.py:3954} INFO - Setting next_dagrun for example_kubernetes_executor to None, run_after=None
[2025-03-11T03:06:14.806+0000] {processor.py:183} INFO - Processing /home/airflow/.local/lib/python3.12/site-packages/airflow/example_dags/example_kubernetes_executor.py took 0.100 seconds
[2025-03-11T03:06:45.816+0000] {processor.py:161} INFO - Started process (PID=60206) to work on /home/airflow/.local/lib/python3.12/site-packages/airflow/example_dags/example_kubernetes_executor.py
[2025-03-11T03:06:45.821+0000] {processor.py:830} INFO - Processing file /home/airflow/.local/lib/python3.12/site-packages/airflow/example_dags/example_kubernetes_executor.py for tasks to queue
[2025-03-11T03:06:45.823+0000] {logging_mixin.py:188} INFO - [2025-03-11T03:06:45.823+0000] {dagbag.py:545} INFO - Filling up the DagBag from /home/airflow/.local/lib/python3.12/site-packages/airflow/example_dags/example_kubernetes_executor.py
[2025-03-11T03:06:45.835+0000] {processor.py:840} INFO - DAG(s) 'example_kubernetes_executor' retrieved from /home/airflow/.local/lib/python3.12/site-packages/airflow/example_dags/example_kubernetes_executor.py
[2025-03-11T03:06:45.874+0000] {logging_mixin.py:188} INFO - [2025-03-11T03:06:45.874+0000] {dag.py:3096} INFO - Sync 1 DAGs
[2025-03-11T03:06:45.888+0000] {logging_mixin.py:188} INFO - [2025-03-11T03:06:45.888+0000] {dag.py:3954} INFO - Setting next_dagrun for example_kubernetes_executor to None, run_after=None
[2025-03-11T03:06:45.919+0000] {processor.py:183} INFO - Processing /home/airflow/.local/lib/python3.12/site-packages/airflow/example_dags/example_kubernetes_executor.py took 0.110 seconds
[2025-03-11T03:07:16.426+0000] {processor.py:161} INFO - Started process (PID=60468) to work on /home/airflow/.local/lib/python3.12/site-packages/airflow/example_dags/example_kubernetes_executor.py
[2025-03-11T03:07:16.427+0000] {processor.py:830} INFO - Processing file /home/airflow/.local/lib/python3.12/site-packages/airflow/example_dags/example_kubernetes_executor.py for tasks to queue
[2025-03-11T03:07:16.430+0000] {logging_mixin.py:188} INFO - [2025-03-11T03:07:16.429+0000] {dagbag.py:545} INFO - Filling up the DagBag from /home/airflow/.local/lib/python3.12/site-packages/airflow/example_dags/example_kubernetes_executor.py
[2025-03-11T03:07:16.444+0000] {processor.py:840} INFO - DAG(s) 'example_kubernetes_executor' retrieved from /home/airflow/.local/lib/python3.12/site-packages/airflow/example_dags/example_kubernetes_executor.py
[2025-03-11T03:07:16.486+0000] {logging_mixin.py:188} INFO - [2025-03-11T03:07:16.486+0000] {dag.py:3096} INFO - Sync 1 DAGs
[2025-03-11T03:07:16.500+0000] {logging_mixin.py:188} INFO - [2025-03-11T03:07:16.500+0000] {dag.py:3954} INFO - Setting next_dagrun for example_kubernetes_executor to None, run_after=None
[2025-03-11T03:07:16.519+0000] {processor.py:183} INFO - Processing /home/airflow/.local/lib/python3.12/site-packages/airflow/example_dags/example_kubernetes_executor.py took 0.099 seconds
[2025-03-11T03:07:47.365+0000] {processor.py:161} INFO - Started process (PID=60722) to work on /home/airflow/.local/lib/python3.12/site-packages/airflow/example_dags/example_kubernetes_executor.py
[2025-03-11T03:07:47.367+0000] {processor.py:830} INFO - Processing file /home/airflow/.local/lib/python3.12/site-packages/airflow/example_dags/example_kubernetes_executor.py for tasks to queue
[2025-03-11T03:07:47.369+0000] {logging_mixin.py:188} INFO - [2025-03-11T03:07:47.369+0000] {dagbag.py:545} INFO - Filling up the DagBag from /home/airflow/.local/lib/python3.12/site-packages/airflow/example_dags/example_kubernetes_executor.py
[2025-03-11T03:07:47.381+0000] {processor.py:840} INFO - DAG(s) 'example_kubernetes_executor' retrieved from /home/airflow/.local/lib/python3.12/site-packages/airflow/example_dags/example_kubernetes_executor.py
[2025-03-11T03:07:47.420+0000] {logging_mixin.py:188} INFO - [2025-03-11T03:07:47.420+0000] {dag.py:3096} INFO - Sync 1 DAGs
[2025-03-11T03:07:47.434+0000] {logging_mixin.py:188} INFO - [2025-03-11T03:07:47.434+0000] {dag.py:3954} INFO - Setting next_dagrun for example_kubernetes_executor to None, run_after=None
[2025-03-11T03:07:47.452+0000] {processor.py:183} INFO - Processing /home/airflow/.local/lib/python3.12/site-packages/airflow/example_dags/example_kubernetes_executor.py took 0.092 seconds
[2025-03-11T03:08:17.765+0000] {processor.py:161} INFO - Started process (PID=60984) to work on /home/airflow/.local/lib/python3.12/site-packages/airflow/example_dags/example_kubernetes_executor.py
[2025-03-11T03:08:17.766+0000] {processor.py:830} INFO - Processing file /home/airflow/.local/lib/python3.12/site-packages/airflow/example_dags/example_kubernetes_executor.py for tasks to queue
[2025-03-11T03:08:17.769+0000] {logging_mixin.py:188} INFO - [2025-03-11T03:08:17.768+0000] {dagbag.py:545} INFO - Filling up the DagBag from /home/airflow/.local/lib/python3.12/site-packages/airflow/example_dags/example_kubernetes_executor.py
[2025-03-11T03:08:17.782+0000] {processor.py:840} INFO - DAG(s) 'example_kubernetes_executor' retrieved from /home/airflow/.local/lib/python3.12/site-packages/airflow/example_dags/example_kubernetes_executor.py
[2025-03-11T03:08:17.820+0000] {logging_mixin.py:188} INFO - [2025-03-11T03:08:17.820+0000] {dag.py:3096} INFO - Sync 1 DAGs
[2025-03-11T03:08:17.833+0000] {logging_mixin.py:188} INFO - [2025-03-11T03:08:17.832+0000] {dag.py:3954} INFO - Setting next_dagrun for example_kubernetes_executor to None, run_after=None
[2025-03-11T03:08:17.860+0000] {processor.py:183} INFO - Processing /home/airflow/.local/lib/python3.12/site-packages/airflow/example_dags/example_kubernetes_executor.py took 0.101 seconds
[2025-03-11T03:08:48.189+0000] {processor.py:161} INFO - Started process (PID=61246) to work on /home/airflow/.local/lib/python3.12/site-packages/airflow/example_dags/example_kubernetes_executor.py
[2025-03-11T03:08:48.190+0000] {processor.py:830} INFO - Processing file /home/airflow/.local/lib/python3.12/site-packages/airflow/example_dags/example_kubernetes_executor.py for tasks to queue
[2025-03-11T03:08:48.192+0000] {logging_mixin.py:188} INFO - [2025-03-11T03:08:48.192+0000] {dagbag.py:545} INFO - Filling up the DagBag from /home/airflow/.local/lib/python3.12/site-packages/airflow/example_dags/example_kubernetes_executor.py
[2025-03-11T03:08:48.204+0000] {processor.py:840} INFO - DAG(s) 'example_kubernetes_executor' retrieved from /home/airflow/.local/lib/python3.12/site-packages/airflow/example_dags/example_kubernetes_executor.py
[2025-03-11T03:08:48.241+0000] {logging_mixin.py:188} INFO - [2025-03-11T03:08:48.241+0000] {dag.py:3096} INFO - Sync 1 DAGs
[2025-03-11T03:08:48.253+0000] {logging_mixin.py:188} INFO - [2025-03-11T03:08:48.253+0000] {dag.py:3954} INFO - Setting next_dagrun for example_kubernetes_executor to None, run_after=None
[2025-03-11T03:08:48.272+0000] {processor.py:183} INFO - Processing /home/airflow/.local/lib/python3.12/site-packages/airflow/example_dags/example_kubernetes_executor.py took 0.088 seconds
[2025-03-11T03:09:18.468+0000] {processor.py:161} INFO - Started process (PID=61508) to work on /home/airflow/.local/lib/python3.12/site-packages/airflow/example_dags/example_kubernetes_executor.py
[2025-03-11T03:09:18.469+0000] {processor.py:830} INFO - Processing file /home/airflow/.local/lib/python3.12/site-packages/airflow/example_dags/example_kubernetes_executor.py for tasks to queue
[2025-03-11T03:09:18.472+0000] {logging_mixin.py:188} INFO - [2025-03-11T03:09:18.472+0000] {dagbag.py:545} INFO - Filling up the DagBag from /home/airflow/.local/lib/python3.12/site-packages/airflow/example_dags/example_kubernetes_executor.py
[2025-03-11T03:09:18.484+0000] {processor.py:840} INFO - DAG(s) 'example_kubernetes_executor' retrieved from /home/airflow/.local/lib/python3.12/site-packages/airflow/example_dags/example_kubernetes_executor.py
[2025-03-11T03:09:18.522+0000] {logging_mixin.py:188} INFO - [2025-03-11T03:09:18.522+0000] {dag.py:3096} INFO - Sync 1 DAGs
[2025-03-11T03:09:18.535+0000] {logging_mixin.py:188} INFO - [2025-03-11T03:09:18.535+0000] {dag.py:3954} INFO - Setting next_dagrun for example_kubernetes_executor to None, run_after=None
[2025-03-11T03:09:18.554+0000] {processor.py:183} INFO - Processing /home/airflow/.local/lib/python3.12/site-packages/airflow/example_dags/example_kubernetes_executor.py took 0.092 seconds
[2025-03-11T03:09:49.102+0000] {processor.py:161} INFO - Started process (PID=61771) to work on /home/airflow/.local/lib/python3.12/site-packages/airflow/example_dags/example_kubernetes_executor.py
[2025-03-11T03:09:49.104+0000] {processor.py:830} INFO - Processing file /home/airflow/.local/lib/python3.12/site-packages/airflow/example_dags/example_kubernetes_executor.py for tasks to queue
[2025-03-11T03:09:49.108+0000] {logging_mixin.py:188} INFO - [2025-03-11T03:09:49.107+0000] {dagbag.py:545} INFO - Filling up the DagBag from /home/airflow/.local/lib/python3.12/site-packages/airflow/example_dags/example_kubernetes_executor.py
[2025-03-11T03:09:49.120+0000] {processor.py:840} INFO - DAG(s) 'example_kubernetes_executor' retrieved from /home/airflow/.local/lib/python3.12/site-packages/airflow/example_dags/example_kubernetes_executor.py
[2025-03-11T03:09:49.157+0000] {logging_mixin.py:188} INFO - [2025-03-11T03:09:49.156+0000] {dag.py:3096} INFO - Sync 1 DAGs
[2025-03-11T03:09:49.169+0000] {logging_mixin.py:188} INFO - [2025-03-11T03:09:49.169+0000] {dag.py:3954} INFO - Setting next_dagrun for example_kubernetes_executor to None, run_after=None
[2025-03-11T03:09:49.189+0000] {processor.py:183} INFO - Processing /home/airflow/.local/lib/python3.12/site-packages/airflow/example_dags/example_kubernetes_executor.py took 0.098 seconds
[2025-03-11T03:10:20.070+0000] {processor.py:161} INFO - Started process (PID=62033) to work on /home/airflow/.local/lib/python3.12/site-packages/airflow/example_dags/example_kubernetes_executor.py
[2025-03-11T03:10:20.072+0000] {processor.py:830} INFO - Processing file /home/airflow/.local/lib/python3.12/site-packages/airflow/example_dags/example_kubernetes_executor.py for tasks to queue
[2025-03-11T03:10:20.074+0000] {logging_mixin.py:188} INFO - [2025-03-11T03:10:20.073+0000] {dagbag.py:545} INFO - Filling up the DagBag from /home/airflow/.local/lib/python3.12/site-packages/airflow/example_dags/example_kubernetes_executor.py
[2025-03-11T03:10:20.089+0000] {processor.py:840} INFO - DAG(s) 'example_kubernetes_executor' retrieved from /home/airflow/.local/lib/python3.12/site-packages/airflow/example_dags/example_kubernetes_executor.py
[2025-03-11T03:10:20.128+0000] {logging_mixin.py:188} INFO - [2025-03-11T03:10:20.128+0000] {dag.py:3096} INFO - Sync 1 DAGs
[2025-03-11T03:10:20.142+0000] {logging_mixin.py:188} INFO - [2025-03-11T03:10:20.142+0000] {dag.py:3954} INFO - Setting next_dagrun for example_kubernetes_executor to None, run_after=None
[2025-03-11T03:10:20.165+0000] {processor.py:183} INFO - Processing /home/airflow/.local/lib/python3.12/site-packages/airflow/example_dags/example_kubernetes_executor.py took 0.101 seconds
[2025-03-11T03:10:50.531+0000] {processor.py:161} INFO - Started process (PID=62295) to work on /home/airflow/.local/lib/python3.12/site-packages/airflow/example_dags/example_kubernetes_executor.py
[2025-03-11T03:10:50.532+0000] {processor.py:830} INFO - Processing file /home/airflow/.local/lib/python3.12/site-packages/airflow/example_dags/example_kubernetes_executor.py for tasks to queue
[2025-03-11T03:10:50.534+0000] {logging_mixin.py:188} INFO - [2025-03-11T03:10:50.534+0000] {dagbag.py:545} INFO - Filling up the DagBag from /home/airflow/.local/lib/python3.12/site-packages/airflow/example_dags/example_kubernetes_executor.py
[2025-03-11T03:10:50.547+0000] {processor.py:840} INFO - DAG(s) 'example_kubernetes_executor' retrieved from /home/airflow/.local/lib/python3.12/site-packages/airflow/example_dags/example_kubernetes_executor.py
[2025-03-11T03:10:50.582+0000] {logging_mixin.py:188} INFO - [2025-03-11T03:10:50.582+0000] {dag.py:3096} INFO - Sync 1 DAGs
[2025-03-11T03:10:50.594+0000] {logging_mixin.py:188} INFO - [2025-03-11T03:10:50.594+0000] {dag.py:3954} INFO - Setting next_dagrun for example_kubernetes_executor to None, run_after=None
[2025-03-11T03:10:50.611+0000] {processor.py:183} INFO - Processing /home/airflow/.local/lib/python3.12/site-packages/airflow/example_dags/example_kubernetes_executor.py took 0.091 seconds
[2025-03-11T03:11:21.333+0000] {processor.py:161} INFO - Started process (PID=62557) to work on /home/airflow/.local/lib/python3.12/site-packages/airflow/example_dags/example_kubernetes_executor.py
[2025-03-11T03:11:21.335+0000] {processor.py:830} INFO - Processing file /home/airflow/.local/lib/python3.12/site-packages/airflow/example_dags/example_kubernetes_executor.py for tasks to queue
[2025-03-11T03:11:21.339+0000] {logging_mixin.py:188} INFO - [2025-03-11T03:11:21.338+0000] {dagbag.py:545} INFO - Filling up the DagBag from /home/airflow/.local/lib/python3.12/site-packages/airflow/example_dags/example_kubernetes_executor.py
[2025-03-11T03:11:21.353+0000] {processor.py:840} INFO - DAG(s) 'example_kubernetes_executor' retrieved from /home/airflow/.local/lib/python3.12/site-packages/airflow/example_dags/example_kubernetes_executor.py
[2025-03-11T03:11:21.412+0000] {logging_mixin.py:188} INFO - [2025-03-11T03:11:21.412+0000] {dag.py:3096} INFO - Sync 1 DAGs
[2025-03-11T03:11:21.427+0000] {logging_mixin.py:188} INFO - [2025-03-11T03:11:21.427+0000] {dag.py:3954} INFO - Setting next_dagrun for example_kubernetes_executor to None, run_after=None
[2025-03-11T03:11:21.447+0000] {processor.py:183} INFO - Processing /home/airflow/.local/lib/python3.12/site-packages/airflow/example_dags/example_kubernetes_executor.py took 0.119 seconds
[2025-03-11T03:11:51.517+0000] {processor.py:161} INFO - Started process (PID=62819) to work on /home/airflow/.local/lib/python3.12/site-packages/airflow/example_dags/example_kubernetes_executor.py
[2025-03-11T03:11:51.518+0000] {processor.py:830} INFO - Processing file /home/airflow/.local/lib/python3.12/site-packages/airflow/example_dags/example_kubernetes_executor.py for tasks to queue
[2025-03-11T03:11:51.521+0000] {logging_mixin.py:188} INFO - [2025-03-11T03:11:51.521+0000] {dagbag.py:545} INFO - Filling up the DagBag from /home/airflow/.local/lib/python3.12/site-packages/airflow/example_dags/example_kubernetes_executor.py
[2025-03-11T03:11:51.539+0000] {processor.py:840} INFO - DAG(s) 'example_kubernetes_executor' retrieved from /home/airflow/.local/lib/python3.12/site-packages/airflow/example_dags/example_kubernetes_executor.py
[2025-03-11T03:11:51.592+0000] {logging_mixin.py:188} INFO - [2025-03-11T03:11:51.591+0000] {dag.py:3096} INFO - Sync 1 DAGs
[2025-03-11T03:11:51.609+0000] {logging_mixin.py:188} INFO - [2025-03-11T03:11:51.609+0000] {dag.py:3954} INFO - Setting next_dagrun for example_kubernetes_executor to None, run_after=None
[2025-03-11T03:11:51.639+0000] {processor.py:183} INFO - Processing /home/airflow/.local/lib/python3.12/site-packages/airflow/example_dags/example_kubernetes_executor.py took 0.130 seconds
[2025-03-11T03:12:22.273+0000] {processor.py:161} INFO - Started process (PID=63083) to work on /home/airflow/.local/lib/python3.12/site-packages/airflow/example_dags/example_kubernetes_executor.py
[2025-03-11T03:12:22.274+0000] {processor.py:830} INFO - Processing file /home/airflow/.local/lib/python3.12/site-packages/airflow/example_dags/example_kubernetes_executor.py for tasks to queue
[2025-03-11T03:12:22.277+0000] {logging_mixin.py:188} INFO - [2025-03-11T03:12:22.276+0000] {dagbag.py:545} INFO - Filling up the DagBag from /home/airflow/.local/lib/python3.12/site-packages/airflow/example_dags/example_kubernetes_executor.py
[2025-03-11T03:12:22.290+0000] {processor.py:840} INFO - DAG(s) 'example_kubernetes_executor' retrieved from /home/airflow/.local/lib/python3.12/site-packages/airflow/example_dags/example_kubernetes_executor.py
[2025-03-11T03:12:22.335+0000] {logging_mixin.py:188} INFO - [2025-03-11T03:12:22.335+0000] {dag.py:3096} INFO - Sync 1 DAGs
[2025-03-11T03:12:22.349+0000] {logging_mixin.py:188} INFO - [2025-03-11T03:12:22.348+0000] {dag.py:3954} INFO - Setting next_dagrun for example_kubernetes_executor to None, run_after=None
[2025-03-11T03:12:22.379+0000] {processor.py:183} INFO - Processing /home/airflow/.local/lib/python3.12/site-packages/airflow/example_dags/example_kubernetes_executor.py took 0.111 seconds
[2025-03-11T03:12:54.203+0000] {processor.py:161} INFO - Started process (PID=63344) to work on /home/airflow/.local/lib/python3.12/site-packages/airflow/example_dags/example_kubernetes_executor.py
[2025-03-11T03:12:54.205+0000] {processor.py:830} INFO - Processing file /home/airflow/.local/lib/python3.12/site-packages/airflow/example_dags/example_kubernetes_executor.py for tasks to queue
[2025-03-11T03:12:54.207+0000] {logging_mixin.py:188} INFO - [2025-03-11T03:12:54.207+0000] {dagbag.py:545} INFO - Filling up the DagBag from /home/airflow/.local/lib/python3.12/site-packages/airflow/example_dags/example_kubernetes_executor.py
[2025-03-11T03:12:54.221+0000] {processor.py:840} INFO - DAG(s) 'example_kubernetes_executor' retrieved from /home/airflow/.local/lib/python3.12/site-packages/airflow/example_dags/example_kubernetes_executor.py
[2025-03-11T03:12:54.266+0000] {logging_mixin.py:188} INFO - [2025-03-11T03:12:54.266+0000] {dag.py:3096} INFO - Sync 1 DAGs
[2025-03-11T03:12:54.283+0000] {logging_mixin.py:188} INFO - [2025-03-11T03:12:54.283+0000] {dag.py:3954} INFO - Setting next_dagrun for example_kubernetes_executor to None, run_after=None
[2025-03-11T03:12:54.307+0000] {processor.py:183} INFO - Processing /home/airflow/.local/lib/python3.12/site-packages/airflow/example_dags/example_kubernetes_executor.py took 0.110 seconds
[2025-03-11T03:13:25.885+0000] {processor.py:161} INFO - Started process (PID=63604) to work on /home/airflow/.local/lib/python3.12/site-packages/airflow/example_dags/example_kubernetes_executor.py
[2025-03-11T03:13:25.886+0000] {processor.py:830} INFO - Processing file /home/airflow/.local/lib/python3.12/site-packages/airflow/example_dags/example_kubernetes_executor.py for tasks to queue
[2025-03-11T03:13:25.888+0000] {logging_mixin.py:188} INFO - [2025-03-11T03:13:25.888+0000] {dagbag.py:545} INFO - Filling up the DagBag from /home/airflow/.local/lib/python3.12/site-packages/airflow/example_dags/example_kubernetes_executor.py
[2025-03-11T03:13:25.900+0000] {processor.py:840} INFO - DAG(s) 'example_kubernetes_executor' retrieved from /home/airflow/.local/lib/python3.12/site-packages/airflow/example_dags/example_kubernetes_executor.py
[2025-03-11T03:13:25.938+0000] {logging_mixin.py:188} INFO - [2025-03-11T03:13:25.937+0000] {dag.py:3096} INFO - Sync 1 DAGs
[2025-03-11T03:13:25.950+0000] {logging_mixin.py:188} INFO - [2025-03-11T03:13:25.950+0000] {dag.py:3954} INFO - Setting next_dagrun for example_kubernetes_executor to None, run_after=None
[2025-03-11T03:13:25.971+0000] {processor.py:183} INFO - Processing /home/airflow/.local/lib/python3.12/site-packages/airflow/example_dags/example_kubernetes_executor.py took 0.092 seconds
[2025-03-11T03:13:58.193+0000] {processor.py:161} INFO - Started process (PID=63868) to work on /home/airflow/.local/lib/python3.12/site-packages/airflow/example_dags/example_kubernetes_executor.py
[2025-03-11T03:13:58.195+0000] {processor.py:830} INFO - Processing file /home/airflow/.local/lib/python3.12/site-packages/airflow/example_dags/example_kubernetes_executor.py for tasks to queue
[2025-03-11T03:13:58.199+0000] {logging_mixin.py:188} INFO - [2025-03-11T03:13:58.198+0000] {dagbag.py:545} INFO - Filling up the DagBag from /home/airflow/.local/lib/python3.12/site-packages/airflow/example_dags/example_kubernetes_executor.py
[2025-03-11T03:13:58.214+0000] {processor.py:840} INFO - DAG(s) 'example_kubernetes_executor' retrieved from /home/airflow/.local/lib/python3.12/site-packages/airflow/example_dags/example_kubernetes_executor.py
[2025-03-11T03:13:58.257+0000] {logging_mixin.py:188} INFO - [2025-03-11T03:13:58.256+0000] {dag.py:3096} INFO - Sync 1 DAGs
[2025-03-11T03:13:58.302+0000] {logging_mixin.py:188} INFO - [2025-03-11T03:13:58.302+0000] {dag.py:3954} INFO - Setting next_dagrun for example_kubernetes_executor to None, run_after=None
[2025-03-11T03:13:58.393+0000] {processor.py:183} INFO - Processing /home/airflow/.local/lib/python3.12/site-packages/airflow/example_dags/example_kubernetes_executor.py took 0.208 seconds
[2025-03-11T03:14:30.472+0000] {processor.py:161} INFO - Started process (PID=64128) to work on /home/airflow/.local/lib/python3.12/site-packages/airflow/example_dags/example_kubernetes_executor.py
[2025-03-11T03:14:30.473+0000] {processor.py:830} INFO - Processing file /home/airflow/.local/lib/python3.12/site-packages/airflow/example_dags/example_kubernetes_executor.py for tasks to queue
[2025-03-11T03:14:30.476+0000] {logging_mixin.py:188} INFO - [2025-03-11T03:14:30.475+0000] {dagbag.py:545} INFO - Filling up the DagBag from /home/airflow/.local/lib/python3.12/site-packages/airflow/example_dags/example_kubernetes_executor.py
[2025-03-11T03:14:30.487+0000] {processor.py:840} INFO - DAG(s) 'example_kubernetes_executor' retrieved from /home/airflow/.local/lib/python3.12/site-packages/airflow/example_dags/example_kubernetes_executor.py
[2025-03-11T03:14:30.523+0000] {logging_mixin.py:188} INFO - [2025-03-11T03:14:30.522+0000] {dag.py:3096} INFO - Sync 1 DAGs
[2025-03-11T03:14:30.535+0000] {logging_mixin.py:188} INFO - [2025-03-11T03:14:30.535+0000] {dag.py:3954} INFO - Setting next_dagrun for example_kubernetes_executor to None, run_after=None
[2025-03-11T03:14:30.553+0000] {processor.py:183} INFO - Processing /home/airflow/.local/lib/python3.12/site-packages/airflow/example_dags/example_kubernetes_executor.py took 0.089 seconds
[2025-03-11T03:15:03.559+0000] {processor.py:161} INFO - Started process (PID=64400) to work on /home/airflow/.local/lib/python3.12/site-packages/airflow/example_dags/example_kubernetes_executor.py
[2025-03-11T03:15:03.561+0000] {processor.py:830} INFO - Processing file /home/airflow/.local/lib/python3.12/site-packages/airflow/example_dags/example_kubernetes_executor.py for tasks to queue
[2025-03-11T03:15:03.565+0000] {logging_mixin.py:188} INFO - [2025-03-11T03:15:03.564+0000] {dagbag.py:545} INFO - Filling up the DagBag from /home/airflow/.local/lib/python3.12/site-packages/airflow/example_dags/example_kubernetes_executor.py
[2025-03-11T03:15:03.580+0000] {processor.py:840} INFO - DAG(s) 'example_kubernetes_executor' retrieved from /home/airflow/.local/lib/python3.12/site-packages/airflow/example_dags/example_kubernetes_executor.py
[2025-03-11T03:15:03.626+0000] {logging_mixin.py:188} INFO - [2025-03-11T03:15:03.626+0000] {dag.py:3096} INFO - Sync 1 DAGs
[2025-03-11T03:15:03.641+0000] {logging_mixin.py:188} INFO - [2025-03-11T03:15:03.640+0000] {dag.py:3954} INFO - Setting next_dagrun for example_kubernetes_executor to None, run_after=None
[2025-03-11T03:15:03.661+0000] {processor.py:183} INFO - Processing /home/airflow/.local/lib/python3.12/site-packages/airflow/example_dags/example_kubernetes_executor.py took 0.111 seconds
[2025-03-11T03:15:35.558+0000] {processor.py:161} INFO - Started process (PID=64662) to work on /home/airflow/.local/lib/python3.12/site-packages/airflow/example_dags/example_kubernetes_executor.py
[2025-03-11T03:15:35.560+0000] {processor.py:830} INFO - Processing file /home/airflow/.local/lib/python3.12/site-packages/airflow/example_dags/example_kubernetes_executor.py for tasks to queue
[2025-03-11T03:15:35.562+0000] {logging_mixin.py:188} INFO - [2025-03-11T03:15:35.562+0000] {dagbag.py:545} INFO - Filling up the DagBag from /home/airflow/.local/lib/python3.12/site-packages/airflow/example_dags/example_kubernetes_executor.py
[2025-03-11T03:15:35.578+0000] {processor.py:840} INFO - DAG(s) 'example_kubernetes_executor' retrieved from /home/airflow/.local/lib/python3.12/site-packages/airflow/example_dags/example_kubernetes_executor.py
[2025-03-11T03:15:35.616+0000] {logging_mixin.py:188} INFO - [2025-03-11T03:15:35.616+0000] {dag.py:3096} INFO - Sync 1 DAGs
[2025-03-11T03:15:35.630+0000] {logging_mixin.py:188} INFO - [2025-03-11T03:15:35.630+0000] {dag.py:3954} INFO - Setting next_dagrun for example_kubernetes_executor to None, run_after=None
[2025-03-11T03:15:35.663+0000] {processor.py:183} INFO - Processing /home/airflow/.local/lib/python3.12/site-packages/airflow/example_dags/example_kubernetes_executor.py took 0.112 seconds
[2025-03-11T03:16:07.277+0000] {processor.py:161} INFO - Started process (PID=64924) to work on /home/airflow/.local/lib/python3.12/site-packages/airflow/example_dags/example_kubernetes_executor.py
[2025-03-11T03:16:07.279+0000] {processor.py:830} INFO - Processing file /home/airflow/.local/lib/python3.12/site-packages/airflow/example_dags/example_kubernetes_executor.py for tasks to queue
[2025-03-11T03:16:07.281+0000] {logging_mixin.py:188} INFO - [2025-03-11T03:16:07.281+0000] {dagbag.py:545} INFO - Filling up the DagBag from /home/airflow/.local/lib/python3.12/site-packages/airflow/example_dags/example_kubernetes_executor.py
[2025-03-11T03:16:07.303+0000] {processor.py:840} INFO - DAG(s) 'example_kubernetes_executor' retrieved from /home/airflow/.local/lib/python3.12/site-packages/airflow/example_dags/example_kubernetes_executor.py
[2025-03-11T03:16:07.371+0000] {logging_mixin.py:188} INFO - [2025-03-11T03:16:07.370+0000] {dag.py:3096} INFO - Sync 1 DAGs
[2025-03-11T03:16:07.387+0000] {logging_mixin.py:188} INFO - [2025-03-11T03:16:07.386+0000] {dag.py:3954} INFO - Setting next_dagrun for example_kubernetes_executor to None, run_after=None
[2025-03-11T03:16:07.413+0000] {processor.py:183} INFO - Processing /home/airflow/.local/lib/python3.12/site-packages/airflow/example_dags/example_kubernetes_executor.py took 0.147 seconds
[2025-03-11T03:16:41.017+0000] {processor.py:161} INFO - Started process (PID=65188) to work on /home/airflow/.local/lib/python3.12/site-packages/airflow/example_dags/example_kubernetes_executor.py
[2025-03-11T03:16:41.020+0000] {processor.py:830} INFO - Processing file /home/airflow/.local/lib/python3.12/site-packages/airflow/example_dags/example_kubernetes_executor.py for tasks to queue
[2025-03-11T03:16:41.034+0000] {logging_mixin.py:188} INFO - [2025-03-11T03:16:41.034+0000] {dagbag.py:545} INFO - Filling up the DagBag from /home/airflow/.local/lib/python3.12/site-packages/airflow/example_dags/example_kubernetes_executor.py
[2025-03-11T03:16:41.048+0000] {processor.py:840} INFO - DAG(s) 'example_kubernetes_executor' retrieved from /home/airflow/.local/lib/python3.12/site-packages/airflow/example_dags/example_kubernetes_executor.py
[2025-03-11T03:16:41.097+0000] {logging_mixin.py:188} INFO - [2025-03-11T03:16:41.096+0000] {dag.py:3096} INFO - Sync 1 DAGs
[2025-03-11T03:16:41.111+0000] {logging_mixin.py:188} INFO - [2025-03-11T03:16:41.110+0000] {dag.py:3954} INFO - Setting next_dagrun for example_kubernetes_executor to None, run_after=None
[2025-03-11T03:16:41.131+0000] {processor.py:183} INFO - Processing /home/airflow/.local/lib/python3.12/site-packages/airflow/example_dags/example_kubernetes_executor.py took 0.120 seconds
[2025-03-11T03:17:11.925+0000] {processor.py:161} INFO - Started process (PID=65448) to work on /home/airflow/.local/lib/python3.12/site-packages/airflow/example_dags/example_kubernetes_executor.py
[2025-03-11T03:17:11.926+0000] {processor.py:830} INFO - Processing file /home/airflow/.local/lib/python3.12/site-packages/airflow/example_dags/example_kubernetes_executor.py for tasks to queue
[2025-03-11T03:17:11.929+0000] {logging_mixin.py:188} INFO - [2025-03-11T03:17:11.928+0000] {dagbag.py:545} INFO - Filling up the DagBag from /home/airflow/.local/lib/python3.12/site-packages/airflow/example_dags/example_kubernetes_executor.py
[2025-03-11T03:17:11.944+0000] {processor.py:840} INFO - DAG(s) 'example_kubernetes_executor' retrieved from /home/airflow/.local/lib/python3.12/site-packages/airflow/example_dags/example_kubernetes_executor.py
[2025-03-11T03:17:11.988+0000] {logging_mixin.py:188} INFO - [2025-03-11T03:17:11.988+0000] {dag.py:3096} INFO - Sync 1 DAGs
[2025-03-11T03:17:12.129+0000] {logging_mixin.py:188} INFO - [2025-03-11T03:17:12.129+0000] {dag.py:3954} INFO - Setting next_dagrun for example_kubernetes_executor to None, run_after=None
[2025-03-11T03:17:12.152+0000] {processor.py:183} INFO - Processing /home/airflow/.local/lib/python3.12/site-packages/airflow/example_dags/example_kubernetes_executor.py took 0.234 seconds
[2025-03-11T03:17:44.093+0000] {processor.py:161} INFO - Started process (PID=65710) to work on /home/airflow/.local/lib/python3.12/site-packages/airflow/example_dags/example_kubernetes_executor.py
[2025-03-11T03:17:44.095+0000] {processor.py:830} INFO - Processing file /home/airflow/.local/lib/python3.12/site-packages/airflow/example_dags/example_kubernetes_executor.py for tasks to queue
[2025-03-11T03:17:44.097+0000] {logging_mixin.py:188} INFO - [2025-03-11T03:17:44.097+0000] {dagbag.py:545} INFO - Filling up the DagBag from /home/airflow/.local/lib/python3.12/site-packages/airflow/example_dags/example_kubernetes_executor.py
[2025-03-11T03:17:44.111+0000] {processor.py:840} INFO - DAG(s) 'example_kubernetes_executor' retrieved from /home/airflow/.local/lib/python3.12/site-packages/airflow/example_dags/example_kubernetes_executor.py
[2025-03-11T03:17:44.152+0000] {logging_mixin.py:188} INFO - [2025-03-11T03:17:44.152+0000] {dag.py:3096} INFO - Sync 1 DAGs
[2025-03-11T03:17:44.166+0000] {logging_mixin.py:188} INFO - [2025-03-11T03:17:44.165+0000] {dag.py:3954} INFO - Setting next_dagrun for example_kubernetes_executor to None, run_after=None
[2025-03-11T03:17:44.190+0000] {processor.py:183} INFO - Processing /home/airflow/.local/lib/python3.12/site-packages/airflow/example_dags/example_kubernetes_executor.py took 0.103 seconds
[2025-03-11T03:18:17.198+0000] {processor.py:161} INFO - Started process (PID=65972) to work on /home/airflow/.local/lib/python3.12/site-packages/airflow/example_dags/example_kubernetes_executor.py
[2025-03-11T03:18:17.200+0000] {processor.py:830} INFO - Processing file /home/airflow/.local/lib/python3.12/site-packages/airflow/example_dags/example_kubernetes_executor.py for tasks to queue
[2025-03-11T03:18:17.204+0000] {logging_mixin.py:188} INFO - [2025-03-11T03:18:17.203+0000] {dagbag.py:545} INFO - Filling up the DagBag from /home/airflow/.local/lib/python3.12/site-packages/airflow/example_dags/example_kubernetes_executor.py
[2025-03-11T03:18:17.222+0000] {processor.py:840} INFO - DAG(s) 'example_kubernetes_executor' retrieved from /home/airflow/.local/lib/python3.12/site-packages/airflow/example_dags/example_kubernetes_executor.py
[2025-03-11T03:18:17.405+0000] {logging_mixin.py:188} INFO - [2025-03-11T03:18:17.405+0000] {dag.py:3096} INFO - Sync 1 DAGs
[2025-03-11T03:18:17.418+0000] {logging_mixin.py:188} INFO - [2025-03-11T03:18:17.417+0000] {dag.py:3954} INFO - Setting next_dagrun for example_kubernetes_executor to None, run_after=None
[2025-03-11T03:18:17.440+0000] {processor.py:183} INFO - Processing /home/airflow/.local/lib/python3.12/site-packages/airflow/example_dags/example_kubernetes_executor.py took 0.248 seconds
[2025-03-11T03:18:48.586+0000] {processor.py:161} INFO - Started process (PID=66234) to work on /home/airflow/.local/lib/python3.12/site-packages/airflow/example_dags/example_kubernetes_executor.py
[2025-03-11T03:18:48.587+0000] {processor.py:830} INFO - Processing file /home/airflow/.local/lib/python3.12/site-packages/airflow/example_dags/example_kubernetes_executor.py for tasks to queue
[2025-03-11T03:18:48.590+0000] {logging_mixin.py:188} INFO - [2025-03-11T03:18:48.589+0000] {dagbag.py:545} INFO - Filling up the DagBag from /home/airflow/.local/lib/python3.12/site-packages/airflow/example_dags/example_kubernetes_executor.py
[2025-03-11T03:18:48.605+0000] {processor.py:840} INFO - DAG(s) 'example_kubernetes_executor' retrieved from /home/airflow/.local/lib/python3.12/site-packages/airflow/example_dags/example_kubernetes_executor.py
[2025-03-11T03:18:48.646+0000] {logging_mixin.py:188} INFO - [2025-03-11T03:18:48.645+0000] {dag.py:3096} INFO - Sync 1 DAGs
[2025-03-11T03:18:48.659+0000] {logging_mixin.py:188} INFO - [2025-03-11T03:18:48.658+0000] {dag.py:3954} INFO - Setting next_dagrun for example_kubernetes_executor to None, run_after=None
[2025-03-11T03:18:48.679+0000] {processor.py:183} INFO - Processing /home/airflow/.local/lib/python3.12/site-packages/airflow/example_dags/example_kubernetes_executor.py took 0.100 seconds
[2025-03-11T03:19:20.801+0000] {processor.py:161} INFO - Started process (PID=66496) to work on /home/airflow/.local/lib/python3.12/site-packages/airflow/example_dags/example_kubernetes_executor.py
[2025-03-11T03:19:20.803+0000] {processor.py:830} INFO - Processing file /home/airflow/.local/lib/python3.12/site-packages/airflow/example_dags/example_kubernetes_executor.py for tasks to queue
[2025-03-11T03:19:20.805+0000] {logging_mixin.py:188} INFO - [2025-03-11T03:19:20.805+0000] {dagbag.py:545} INFO - Filling up the DagBag from /home/airflow/.local/lib/python3.12/site-packages/airflow/example_dags/example_kubernetes_executor.py
[2025-03-11T03:19:20.819+0000] {processor.py:840} INFO - DAG(s) 'example_kubernetes_executor' retrieved from /home/airflow/.local/lib/python3.12/site-packages/airflow/example_dags/example_kubernetes_executor.py
[2025-03-11T03:19:20.858+0000] {logging_mixin.py:188} INFO - [2025-03-11T03:19:20.858+0000] {dag.py:3096} INFO - Sync 1 DAGs
[2025-03-11T03:19:20.873+0000] {logging_mixin.py:188} INFO - [2025-03-11T03:19:20.873+0000] {dag.py:3954} INFO - Setting next_dagrun for example_kubernetes_executor to None, run_after=None
[2025-03-11T03:19:20.893+0000] {processor.py:183} INFO - Processing /home/airflow/.local/lib/python3.12/site-packages/airflow/example_dags/example_kubernetes_executor.py took 0.098 seconds
[2025-03-11T03:19:51.921+0000] {processor.py:161} INFO - Started process (PID=66758) to work on /home/airflow/.local/lib/python3.12/site-packages/airflow/example_dags/example_kubernetes_executor.py
[2025-03-11T03:19:51.923+0000] {processor.py:830} INFO - Processing file /home/airflow/.local/lib/python3.12/site-packages/airflow/example_dags/example_kubernetes_executor.py for tasks to queue
[2025-03-11T03:19:51.925+0000] {logging_mixin.py:188} INFO - [2025-03-11T03:19:51.924+0000] {dagbag.py:545} INFO - Filling up the DagBag from /home/airflow/.local/lib/python3.12/site-packages/airflow/example_dags/example_kubernetes_executor.py
[2025-03-11T03:19:51.939+0000] {processor.py:840} INFO - DAG(s) 'example_kubernetes_executor' retrieved from /home/airflow/.local/lib/python3.12/site-packages/airflow/example_dags/example_kubernetes_executor.py
[2025-03-11T03:19:51.983+0000] {logging_mixin.py:188} INFO - [2025-03-11T03:19:51.982+0000] {dag.py:3096} INFO - Sync 1 DAGs
[2025-03-11T03:19:51.996+0000] {logging_mixin.py:188} INFO - [2025-03-11T03:19:51.996+0000] {dag.py:3954} INFO - Setting next_dagrun for example_kubernetes_executor to None, run_after=None
[2025-03-11T03:19:52.019+0000] {processor.py:183} INFO - Processing /home/airflow/.local/lib/python3.12/site-packages/airflow/example_dags/example_kubernetes_executor.py took 0.105 seconds
[2025-03-11T03:20:24.749+0000] {processor.py:161} INFO - Started process (PID=67021) to work on /home/airflow/.local/lib/python3.12/site-packages/airflow/example_dags/example_kubernetes_executor.py
[2025-03-11T03:20:24.752+0000] {processor.py:830} INFO - Processing file /home/airflow/.local/lib/python3.12/site-packages/airflow/example_dags/example_kubernetes_executor.py for tasks to queue
[2025-03-11T03:20:24.760+0000] {logging_mixin.py:188} INFO - [2025-03-11T03:20:24.759+0000] {dagbag.py:545} INFO - Filling up the DagBag from /home/airflow/.local/lib/python3.12/site-packages/airflow/example_dags/example_kubernetes_executor.py
[2025-03-11T03:20:24.779+0000] {processor.py:840} INFO - DAG(s) 'example_kubernetes_executor' retrieved from /home/airflow/.local/lib/python3.12/site-packages/airflow/example_dags/example_kubernetes_executor.py
[2025-03-11T03:20:24.834+0000] {logging_mixin.py:188} INFO - [2025-03-11T03:20:24.834+0000] {dag.py:3096} INFO - Sync 1 DAGs
[2025-03-11T03:20:24.847+0000] {logging_mixin.py:188} INFO - [2025-03-11T03:20:24.847+0000] {dag.py:3954} INFO - Setting next_dagrun for example_kubernetes_executor to None, run_after=None
[2025-03-11T03:20:24.872+0000] {processor.py:183} INFO - Processing /home/airflow/.local/lib/python3.12/site-packages/airflow/example_dags/example_kubernetes_executor.py took 0.141 seconds
[2025-03-11T03:20:56.326+0000] {processor.py:161} INFO - Started process (PID=67281) to work on /home/airflow/.local/lib/python3.12/site-packages/airflow/example_dags/example_kubernetes_executor.py
[2025-03-11T03:20:56.327+0000] {processor.py:830} INFO - Processing file /home/airflow/.local/lib/python3.12/site-packages/airflow/example_dags/example_kubernetes_executor.py for tasks to queue
[2025-03-11T03:20:56.330+0000] {logging_mixin.py:188} INFO - [2025-03-11T03:20:56.329+0000] {dagbag.py:545} INFO - Filling up the DagBag from /home/airflow/.local/lib/python3.12/site-packages/airflow/example_dags/example_kubernetes_executor.py
[2025-03-11T03:20:56.341+0000] {processor.py:840} INFO - DAG(s) 'example_kubernetes_executor' retrieved from /home/airflow/.local/lib/python3.12/site-packages/airflow/example_dags/example_kubernetes_executor.py
[2025-03-11T03:20:56.385+0000] {logging_mixin.py:188} INFO - [2025-03-11T03:20:56.385+0000] {dag.py:3096} INFO - Sync 1 DAGs
[2025-03-11T03:20:56.399+0000] {logging_mixin.py:188} INFO - [2025-03-11T03:20:56.398+0000] {dag.py:3954} INFO - Setting next_dagrun for example_kubernetes_executor to None, run_after=None
[2025-03-11T03:20:56.420+0000] {processor.py:183} INFO - Processing /home/airflow/.local/lib/python3.12/site-packages/airflow/example_dags/example_kubernetes_executor.py took 0.100 seconds
[2025-03-11T03:21:28.958+0000] {processor.py:161} INFO - Started process (PID=67548) to work on /home/airflow/.local/lib/python3.12/site-packages/airflow/example_dags/example_kubernetes_executor.py
[2025-03-11T03:21:28.961+0000] {processor.py:830} INFO - Processing file /home/airflow/.local/lib/python3.12/site-packages/airflow/example_dags/example_kubernetes_executor.py for tasks to queue
[2025-03-11T03:21:28.965+0000] {logging_mixin.py:188} INFO - [2025-03-11T03:21:28.964+0000] {dagbag.py:545} INFO - Filling up the DagBag from /home/airflow/.local/lib/python3.12/site-packages/airflow/example_dags/example_kubernetes_executor.py
[2025-03-11T03:21:28.989+0000] {processor.py:840} INFO - DAG(s) 'example_kubernetes_executor' retrieved from /home/airflow/.local/lib/python3.12/site-packages/airflow/example_dags/example_kubernetes_executor.py
[2025-03-11T03:21:29.033+0000] {logging_mixin.py:188} INFO - [2025-03-11T03:21:29.032+0000] {dag.py:3096} INFO - Sync 1 DAGs
[2025-03-11T03:21:29.049+0000] {logging_mixin.py:188} INFO - [2025-03-11T03:21:29.049+0000] {dag.py:3954} INFO - Setting next_dagrun for example_kubernetes_executor to None, run_after=None
[2025-03-11T03:21:29.081+0000] {processor.py:183} INFO - Processing /home/airflow/.local/lib/python3.12/site-packages/airflow/example_dags/example_kubernetes_executor.py took 0.130 seconds
[2025-03-11T03:22:01.456+0000] {processor.py:161} INFO - Started process (PID=67810) to work on /home/airflow/.local/lib/python3.12/site-packages/airflow/example_dags/example_kubernetes_executor.py
[2025-03-11T03:22:01.457+0000] {processor.py:830} INFO - Processing file /home/airflow/.local/lib/python3.12/site-packages/airflow/example_dags/example_kubernetes_executor.py for tasks to queue
[2025-03-11T03:22:01.459+0000] {logging_mixin.py:188} INFO - [2025-03-11T03:22:01.459+0000] {dagbag.py:545} INFO - Filling up the DagBag from /home/airflow/.local/lib/python3.12/site-packages/airflow/example_dags/example_kubernetes_executor.py
[2025-03-11T03:22:01.472+0000] {processor.py:840} INFO - DAG(s) 'example_kubernetes_executor' retrieved from /home/airflow/.local/lib/python3.12/site-packages/airflow/example_dags/example_kubernetes_executor.py
[2025-03-11T03:22:01.514+0000] {logging_mixin.py:188} INFO - [2025-03-11T03:22:01.514+0000] {dag.py:3096} INFO - Sync 1 DAGs
[2025-03-11T03:22:01.531+0000] {logging_mixin.py:188} INFO - [2025-03-11T03:22:01.531+0000] {dag.py:3954} INFO - Setting next_dagrun for example_kubernetes_executor to None, run_after=None
[2025-03-11T03:22:01.556+0000] {processor.py:183} INFO - Processing /home/airflow/.local/lib/python3.12/site-packages/airflow/example_dags/example_kubernetes_executor.py took 0.107 seconds
[2025-03-11T03:22:33.967+0000] {processor.py:161} INFO - Started process (PID=68072) to work on /home/airflow/.local/lib/python3.12/site-packages/airflow/example_dags/example_kubernetes_executor.py
[2025-03-11T03:22:33.970+0000] {processor.py:830} INFO - Processing file /home/airflow/.local/lib/python3.12/site-packages/airflow/example_dags/example_kubernetes_executor.py for tasks to queue
[2025-03-11T03:22:33.974+0000] {logging_mixin.py:188} INFO - [2025-03-11T03:22:33.973+0000] {dagbag.py:545} INFO - Filling up the DagBag from /home/airflow/.local/lib/python3.12/site-packages/airflow/example_dags/example_kubernetes_executor.py
[2025-03-11T03:22:33.990+0000] {processor.py:840} INFO - DAG(s) 'example_kubernetes_executor' retrieved from /home/airflow/.local/lib/python3.12/site-packages/airflow/example_dags/example_kubernetes_executor.py
[2025-03-11T03:22:34.037+0000] {logging_mixin.py:188} INFO - [2025-03-11T03:22:34.037+0000] {dag.py:3096} INFO - Sync 1 DAGs
[2025-03-11T03:22:34.051+0000] {logging_mixin.py:188} INFO - [2025-03-11T03:22:34.051+0000] {dag.py:3954} INFO - Setting next_dagrun for example_kubernetes_executor to None, run_after=None
[2025-03-11T03:22:34.070+0000] {processor.py:183} INFO - Processing /home/airflow/.local/lib/python3.12/site-packages/airflow/example_dags/example_kubernetes_executor.py took 0.122 seconds
[2025-03-11T03:23:05.961+0000] {processor.py:161} INFO - Started process (PID=68346) to work on /home/airflow/.local/lib/python3.12/site-packages/airflow/example_dags/example_kubernetes_executor.py
[2025-03-11T03:23:05.962+0000] {processor.py:830} INFO - Processing file /home/airflow/.local/lib/python3.12/site-packages/airflow/example_dags/example_kubernetes_executor.py for tasks to queue
[2025-03-11T03:23:05.964+0000] {logging_mixin.py:188} INFO - [2025-03-11T03:23:05.964+0000] {dagbag.py:545} INFO - Filling up the DagBag from /home/airflow/.local/lib/python3.12/site-packages/airflow/example_dags/example_kubernetes_executor.py
[2025-03-11T03:23:05.986+0000] {processor.py:840} INFO - DAG(s) 'example_kubernetes_executor' retrieved from /home/airflow/.local/lib/python3.12/site-packages/airflow/example_dags/example_kubernetes_executor.py
[2025-03-11T03:23:06.049+0000] {logging_mixin.py:188} INFO - [2025-03-11T03:23:06.049+0000] {dag.py:3096} INFO - Sync 1 DAGs
[2025-03-11T03:23:06.062+0000] {logging_mixin.py:188} INFO - [2025-03-11T03:23:06.062+0000] {dag.py:3954} INFO - Setting next_dagrun for example_kubernetes_executor to None, run_after=None
[2025-03-11T03:23:06.087+0000] {processor.py:183} INFO - Processing /home/airflow/.local/lib/python3.12/site-packages/airflow/example_dags/example_kubernetes_executor.py took 0.133 seconds
[2025-03-11T03:23:37.709+0000] {processor.py:161} INFO - Started process (PID=68606) to work on /home/airflow/.local/lib/python3.12/site-packages/airflow/example_dags/example_kubernetes_executor.py
[2025-03-11T03:23:37.711+0000] {processor.py:830} INFO - Processing file /home/airflow/.local/lib/python3.12/site-packages/airflow/example_dags/example_kubernetes_executor.py for tasks to queue
[2025-03-11T03:23:37.714+0000] {logging_mixin.py:188} INFO - [2025-03-11T03:23:37.714+0000] {dagbag.py:545} INFO - Filling up the DagBag from /home/airflow/.local/lib/python3.12/site-packages/airflow/example_dags/example_kubernetes_executor.py
[2025-03-11T03:23:37.728+0000] {processor.py:840} INFO - DAG(s) 'example_kubernetes_executor' retrieved from /home/airflow/.local/lib/python3.12/site-packages/airflow/example_dags/example_kubernetes_executor.py
[2025-03-11T03:23:37.768+0000] {logging_mixin.py:188} INFO - [2025-03-11T03:23:37.768+0000] {dag.py:3096} INFO - Sync 1 DAGs
[2025-03-11T03:23:37.781+0000] {logging_mixin.py:188} INFO - [2025-03-11T03:23:37.780+0000] {dag.py:3954} INFO - Setting next_dagrun for example_kubernetes_executor to None, run_after=None
[2025-03-11T03:23:37.799+0000] {processor.py:183} INFO - Processing /home/airflow/.local/lib/python3.12/site-packages/airflow/example_dags/example_kubernetes_executor.py took 0.100 seconds
[2025-03-11T03:24:10.105+0000] {processor.py:161} INFO - Started process (PID=68870) to work on /home/airflow/.local/lib/python3.12/site-packages/airflow/example_dags/example_kubernetes_executor.py
[2025-03-11T03:24:10.106+0000] {processor.py:830} INFO - Processing file /home/airflow/.local/lib/python3.12/site-packages/airflow/example_dags/example_kubernetes_executor.py for tasks to queue
[2025-03-11T03:24:10.109+0000] {logging_mixin.py:188} INFO - [2025-03-11T03:24:10.108+0000] {dagbag.py:545} INFO - Filling up the DagBag from /home/airflow/.local/lib/python3.12/site-packages/airflow/example_dags/example_kubernetes_executor.py
[2025-03-11T03:24:10.122+0000] {processor.py:840} INFO - DAG(s) 'example_kubernetes_executor' retrieved from /home/airflow/.local/lib/python3.12/site-packages/airflow/example_dags/example_kubernetes_executor.py
[2025-03-11T03:24:10.169+0000] {logging_mixin.py:188} INFO - [2025-03-11T03:24:10.169+0000] {dag.py:3096} INFO - Sync 1 DAGs
[2025-03-11T03:24:10.186+0000] {logging_mixin.py:188} INFO - [2025-03-11T03:24:10.185+0000] {dag.py:3954} INFO - Setting next_dagrun for example_kubernetes_executor to None, run_after=None
[2025-03-11T03:24:10.211+0000] {processor.py:183} INFO - Processing /home/airflow/.local/lib/python3.12/site-packages/airflow/example_dags/example_kubernetes_executor.py took 0.112 seconds
[2025-03-11T03:24:41.804+0000] {processor.py:161} INFO - Started process (PID=69132) to work on /home/airflow/.local/lib/python3.12/site-packages/airflow/example_dags/example_kubernetes_executor.py
[2025-03-11T03:24:41.806+0000] {processor.py:830} INFO - Processing file /home/airflow/.local/lib/python3.12/site-packages/airflow/example_dags/example_kubernetes_executor.py for tasks to queue
[2025-03-11T03:24:41.810+0000] {logging_mixin.py:188} INFO - [2025-03-11T03:24:41.809+0000] {dagbag.py:545} INFO - Filling up the DagBag from /home/airflow/.local/lib/python3.12/site-packages/airflow/example_dags/example_kubernetes_executor.py
[2025-03-11T03:24:41.841+0000] {processor.py:840} INFO - DAG(s) 'example_kubernetes_executor' retrieved from /home/airflow/.local/lib/python3.12/site-packages/airflow/example_dags/example_kubernetes_executor.py
[2025-03-11T03:24:41.923+0000] {logging_mixin.py:188} INFO - [2025-03-11T03:24:41.922+0000] {dag.py:3096} INFO - Sync 1 DAGs
[2025-03-11T03:24:41.948+0000] {logging_mixin.py:188} INFO - [2025-03-11T03:24:41.948+0000] {dag.py:3954} INFO - Setting next_dagrun for example_kubernetes_executor to None, run_after=None
[2025-03-11T03:24:42.175+0000] {processor.py:183} INFO - Processing /home/airflow/.local/lib/python3.12/site-packages/airflow/example_dags/example_kubernetes_executor.py took 0.395 seconds
[2025-03-11T03:25:13.971+0000] {processor.py:161} INFO - Started process (PID=69392) to work on /home/airflow/.local/lib/python3.12/site-packages/airflow/example_dags/example_kubernetes_executor.py
[2025-03-11T03:25:13.973+0000] {processor.py:830} INFO - Processing file /home/airflow/.local/lib/python3.12/site-packages/airflow/example_dags/example_kubernetes_executor.py for tasks to queue
[2025-03-11T03:25:13.976+0000] {logging_mixin.py:188} INFO - [2025-03-11T03:25:13.975+0000] {dagbag.py:545} INFO - Filling up the DagBag from /home/airflow/.local/lib/python3.12/site-packages/airflow/example_dags/example_kubernetes_executor.py
[2025-03-11T03:25:14.002+0000] {processor.py:840} INFO - DAG(s) 'example_kubernetes_executor' retrieved from /home/airflow/.local/lib/python3.12/site-packages/airflow/example_dags/example_kubernetes_executor.py
[2025-03-11T03:25:14.052+0000] {logging_mixin.py:188} INFO - [2025-03-11T03:25:14.052+0000] {dag.py:3096} INFO - Sync 1 DAGs
[2025-03-11T03:25:14.066+0000] {logging_mixin.py:188} INFO - [2025-03-11T03:25:14.066+0000] {dag.py:3954} INFO - Setting next_dagrun for example_kubernetes_executor to None, run_after=None
[2025-03-11T03:25:14.088+0000] {processor.py:183} INFO - Processing /home/airflow/.local/lib/python3.12/site-packages/airflow/example_dags/example_kubernetes_executor.py took 0.130 seconds
[2025-03-11T03:25:45.856+0000] {processor.py:161} INFO - Started process (PID=69656) to work on /home/airflow/.local/lib/python3.12/site-packages/airflow/example_dags/example_kubernetes_executor.py
[2025-03-11T03:25:45.858+0000] {processor.py:830} INFO - Processing file /home/airflow/.local/lib/python3.12/site-packages/airflow/example_dags/example_kubernetes_executor.py for tasks to queue
[2025-03-11T03:25:45.864+0000] {logging_mixin.py:188} INFO - [2025-03-11T03:25:45.863+0000] {dagbag.py:545} INFO - Filling up the DagBag from /home/airflow/.local/lib/python3.12/site-packages/airflow/example_dags/example_kubernetes_executor.py
[2025-03-11T03:25:45.884+0000] {processor.py:840} INFO - DAG(s) 'example_kubernetes_executor' retrieved from /home/airflow/.local/lib/python3.12/site-packages/airflow/example_dags/example_kubernetes_executor.py
[2025-03-11T03:25:45.926+0000] {logging_mixin.py:188} INFO - [2025-03-11T03:25:45.925+0000] {dag.py:3096} INFO - Sync 1 DAGs
[2025-03-11T03:25:45.939+0000] {logging_mixin.py:188} INFO - [2025-03-11T03:25:45.939+0000] {dag.py:3954} INFO - Setting next_dagrun for example_kubernetes_executor to None, run_after=None
[2025-03-11T03:25:45.959+0000] {processor.py:183} INFO - Processing /home/airflow/.local/lib/python3.12/site-packages/airflow/example_dags/example_kubernetes_executor.py took 0.109 seconds
[2025-03-11T03:26:18.724+0000] {processor.py:161} INFO - Started process (PID=69918) to work on /home/airflow/.local/lib/python3.12/site-packages/airflow/example_dags/example_kubernetes_executor.py
[2025-03-11T03:26:18.726+0000] {processor.py:830} INFO - Processing file /home/airflow/.local/lib/python3.12/site-packages/airflow/example_dags/example_kubernetes_executor.py for tasks to queue
[2025-03-11T03:26:18.728+0000] {logging_mixin.py:188} INFO - [2025-03-11T03:26:18.728+0000] {dagbag.py:545} INFO - Filling up the DagBag from /home/airflow/.local/lib/python3.12/site-packages/airflow/example_dags/example_kubernetes_executor.py
[2025-03-11T03:26:18.744+0000] {processor.py:840} INFO - DAG(s) 'example_kubernetes_executor' retrieved from /home/airflow/.local/lib/python3.12/site-packages/airflow/example_dags/example_kubernetes_executor.py
[2025-03-11T03:26:18.785+0000] {logging_mixin.py:188} INFO - [2025-03-11T03:26:18.785+0000] {dag.py:3096} INFO - Sync 1 DAGs
[2025-03-11T03:26:18.799+0000] {logging_mixin.py:188} INFO - [2025-03-11T03:26:18.799+0000] {dag.py:3954} INFO - Setting next_dagrun for example_kubernetes_executor to None, run_after=None
[2025-03-11T03:26:18.827+0000] {processor.py:183} INFO - Processing /home/airflow/.local/lib/python3.12/site-packages/airflow/example_dags/example_kubernetes_executor.py took 0.109 seconds
[2025-03-11T03:26:49.926+0000] {processor.py:161} INFO - Started process (PID=70178) to work on /home/airflow/.local/lib/python3.12/site-packages/airflow/example_dags/example_kubernetes_executor.py
[2025-03-11T03:26:49.928+0000] {processor.py:830} INFO - Processing file /home/airflow/.local/lib/python3.12/site-packages/airflow/example_dags/example_kubernetes_executor.py for tasks to queue
[2025-03-11T03:26:49.930+0000] {logging_mixin.py:188} INFO - [2025-03-11T03:26:49.929+0000] {dagbag.py:545} INFO - Filling up the DagBag from /home/airflow/.local/lib/python3.12/site-packages/airflow/example_dags/example_kubernetes_executor.py
[2025-03-11T03:26:49.943+0000] {processor.py:840} INFO - DAG(s) 'example_kubernetes_executor' retrieved from /home/airflow/.local/lib/python3.12/site-packages/airflow/example_dags/example_kubernetes_executor.py
[2025-03-11T03:26:49.982+0000] {logging_mixin.py:188} INFO - [2025-03-11T03:26:49.982+0000] {dag.py:3096} INFO - Sync 1 DAGs
[2025-03-11T03:26:49.997+0000] {logging_mixin.py:188} INFO - [2025-03-11T03:26:49.997+0000] {dag.py:3954} INFO - Setting next_dagrun for example_kubernetes_executor to None, run_after=None
[2025-03-11T03:26:50.017+0000] {processor.py:183} INFO - Processing /home/airflow/.local/lib/python3.12/site-packages/airflow/example_dags/example_kubernetes_executor.py took 0.097 seconds
[2025-03-11T03:27:22.690+0000] {processor.py:161} INFO - Started process (PID=70442) to work on /home/airflow/.local/lib/python3.12/site-packages/airflow/example_dags/example_kubernetes_executor.py
[2025-03-11T03:27:22.692+0000] {processor.py:830} INFO - Processing file /home/airflow/.local/lib/python3.12/site-packages/airflow/example_dags/example_kubernetes_executor.py for tasks to queue
[2025-03-11T03:27:22.693+0000] {logging_mixin.py:188} INFO - [2025-03-11T03:27:22.693+0000] {dagbag.py:545} INFO - Filling up the DagBag from /home/airflow/.local/lib/python3.12/site-packages/airflow/example_dags/example_kubernetes_executor.py
[2025-03-11T03:27:22.706+0000] {processor.py:840} INFO - DAG(s) 'example_kubernetes_executor' retrieved from /home/airflow/.local/lib/python3.12/site-packages/airflow/example_dags/example_kubernetes_executor.py
[2025-03-11T03:27:22.746+0000] {logging_mixin.py:188} INFO - [2025-03-11T03:27:22.746+0000] {dag.py:3096} INFO - Sync 1 DAGs
[2025-03-11T03:27:22.758+0000] {logging_mixin.py:188} INFO - [2025-03-11T03:27:22.758+0000] {dag.py:3954} INFO - Setting next_dagrun for example_kubernetes_executor to None, run_after=None
[2025-03-11T03:27:22.779+0000] {processor.py:183} INFO - Processing /home/airflow/.local/lib/python3.12/site-packages/airflow/example_dags/example_kubernetes_executor.py took 0.095 seconds
[2025-03-11T03:27:54.477+0000] {processor.py:161} INFO - Started process (PID=70704) to work on /home/airflow/.local/lib/python3.12/site-packages/airflow/example_dags/example_kubernetes_executor.py
[2025-03-11T03:27:54.478+0000] {processor.py:830} INFO - Processing file /home/airflow/.local/lib/python3.12/site-packages/airflow/example_dags/example_kubernetes_executor.py for tasks to queue
[2025-03-11T03:27:54.480+0000] {logging_mixin.py:188} INFO - [2025-03-11T03:27:54.480+0000] {dagbag.py:545} INFO - Filling up the DagBag from /home/airflow/.local/lib/python3.12/site-packages/airflow/example_dags/example_kubernetes_executor.py
[2025-03-11T03:27:54.493+0000] {processor.py:840} INFO - DAG(s) 'example_kubernetes_executor' retrieved from /home/airflow/.local/lib/python3.12/site-packages/airflow/example_dags/example_kubernetes_executor.py
[2025-03-11T03:27:54.531+0000] {logging_mixin.py:188} INFO - [2025-03-11T03:27:54.531+0000] {dag.py:3096} INFO - Sync 1 DAGs
[2025-03-11T03:27:54.545+0000] {logging_mixin.py:188} INFO - [2025-03-11T03:27:54.545+0000] {dag.py:3954} INFO - Setting next_dagrun for example_kubernetes_executor to None, run_after=None
[2025-03-11T03:27:54.567+0000] {processor.py:183} INFO - Processing /home/airflow/.local/lib/python3.12/site-packages/airflow/example_dags/example_kubernetes_executor.py took 0.097 seconds
[2025-03-11T03:28:27.163+0000] {processor.py:161} INFO - Started process (PID=70966) to work on /home/airflow/.local/lib/python3.12/site-packages/airflow/example_dags/example_kubernetes_executor.py
[2025-03-11T03:28:27.165+0000] {processor.py:830} INFO - Processing file /home/airflow/.local/lib/python3.12/site-packages/airflow/example_dags/example_kubernetes_executor.py for tasks to queue
[2025-03-11T03:28:27.167+0000] {logging_mixin.py:188} INFO - [2025-03-11T03:28:27.167+0000] {dagbag.py:545} INFO - Filling up the DagBag from /home/airflow/.local/lib/python3.12/site-packages/airflow/example_dags/example_kubernetes_executor.py
[2025-03-11T03:28:27.181+0000] {processor.py:840} INFO - DAG(s) 'example_kubernetes_executor' retrieved from /home/airflow/.local/lib/python3.12/site-packages/airflow/example_dags/example_kubernetes_executor.py
[2025-03-11T03:28:27.237+0000] {logging_mixin.py:188} INFO - [2025-03-11T03:28:27.236+0000] {dag.py:3096} INFO - Sync 1 DAGs
[2025-03-11T03:28:27.253+0000] {logging_mixin.py:188} INFO - [2025-03-11T03:28:27.252+0000] {dag.py:3954} INFO - Setting next_dagrun for example_kubernetes_executor to None, run_after=None
[2025-03-11T03:28:27.277+0000] {processor.py:183} INFO - Processing /home/airflow/.local/lib/python3.12/site-packages/airflow/example_dags/example_kubernetes_executor.py took 0.123 seconds
[2025-03-11T03:28:59.090+0000] {processor.py:161} INFO - Started process (PID=71226) to work on /home/airflow/.local/lib/python3.12/site-packages/airflow/example_dags/example_kubernetes_executor.py
[2025-03-11T03:28:59.091+0000] {processor.py:830} INFO - Processing file /home/airflow/.local/lib/python3.12/site-packages/airflow/example_dags/example_kubernetes_executor.py for tasks to queue
[2025-03-11T03:28:59.094+0000] {logging_mixin.py:188} INFO - [2025-03-11T03:28:59.094+0000] {dagbag.py:545} INFO - Filling up the DagBag from /home/airflow/.local/lib/python3.12/site-packages/airflow/example_dags/example_kubernetes_executor.py
[2025-03-11T03:28:59.108+0000] {processor.py:840} INFO - DAG(s) 'example_kubernetes_executor' retrieved from /home/airflow/.local/lib/python3.12/site-packages/airflow/example_dags/example_kubernetes_executor.py
[2025-03-11T03:28:59.150+0000] {logging_mixin.py:188} INFO - [2025-03-11T03:28:59.150+0000] {dag.py:3096} INFO - Sync 1 DAGs
[2025-03-11T03:28:59.166+0000] {logging_mixin.py:188} INFO - [2025-03-11T03:28:59.166+0000] {dag.py:3954} INFO - Setting next_dagrun for example_kubernetes_executor to None, run_after=None
[2025-03-11T03:28:59.190+0000] {processor.py:183} INFO - Processing /home/airflow/.local/lib/python3.12/site-packages/airflow/example_dags/example_kubernetes_executor.py took 0.109 seconds
[2025-03-11T03:29:31.179+0000] {processor.py:161} INFO - Started process (PID=71488) to work on /home/airflow/.local/lib/python3.12/site-packages/airflow/example_dags/example_kubernetes_executor.py
[2025-03-11T03:29:31.181+0000] {processor.py:830} INFO - Processing file /home/airflow/.local/lib/python3.12/site-packages/airflow/example_dags/example_kubernetes_executor.py for tasks to queue
[2025-03-11T03:29:31.184+0000] {logging_mixin.py:188} INFO - [2025-03-11T03:29:31.183+0000] {dagbag.py:545} INFO - Filling up the DagBag from /home/airflow/.local/lib/python3.12/site-packages/airflow/example_dags/example_kubernetes_executor.py
[2025-03-11T03:29:31.197+0000] {processor.py:840} INFO - DAG(s) 'example_kubernetes_executor' retrieved from /home/airflow/.local/lib/python3.12/site-packages/airflow/example_dags/example_kubernetes_executor.py
[2025-03-11T03:29:31.235+0000] {logging_mixin.py:188} INFO - [2025-03-11T03:29:31.235+0000] {dag.py:3096} INFO - Sync 1 DAGs
[2025-03-11T03:29:31.248+0000] {logging_mixin.py:188} INFO - [2025-03-11T03:29:31.248+0000] {dag.py:3954} INFO - Setting next_dagrun for example_kubernetes_executor to None, run_after=None
[2025-03-11T03:29:31.271+0000] {processor.py:183} INFO - Processing /home/airflow/.local/lib/python3.12/site-packages/airflow/example_dags/example_kubernetes_executor.py took 0.098 seconds
[2025-03-11T03:30:02.913+0000] {processor.py:161} INFO - Started process (PID=71752) to work on /home/airflow/.local/lib/python3.12/site-packages/airflow/example_dags/example_kubernetes_executor.py
[2025-03-11T03:30:02.915+0000] {processor.py:830} INFO - Processing file /home/airflow/.local/lib/python3.12/site-packages/airflow/example_dags/example_kubernetes_executor.py for tasks to queue
[2025-03-11T03:30:02.918+0000] {logging_mixin.py:188} INFO - [2025-03-11T03:30:02.917+0000] {dagbag.py:545} INFO - Filling up the DagBag from /home/airflow/.local/lib/python3.12/site-packages/airflow/example_dags/example_kubernetes_executor.py
[2025-03-11T03:30:02.931+0000] {processor.py:840} INFO - DAG(s) 'example_kubernetes_executor' retrieved from /home/airflow/.local/lib/python3.12/site-packages/airflow/example_dags/example_kubernetes_executor.py
[2025-03-11T03:30:02.969+0000] {logging_mixin.py:188} INFO - [2025-03-11T03:30:02.969+0000] {dag.py:3096} INFO - Sync 1 DAGs
[2025-03-11T03:30:02.983+0000] {logging_mixin.py:188} INFO - [2025-03-11T03:30:02.983+0000] {dag.py:3954} INFO - Setting next_dagrun for example_kubernetes_executor to None, run_after=None
[2025-03-11T03:30:03.007+0000] {processor.py:183} INFO - Processing /home/airflow/.local/lib/python3.12/site-packages/airflow/example_dags/example_kubernetes_executor.py took 0.103 seconds
[2025-03-11T03:30:35.806+0000] {processor.py:161} INFO - Started process (PID=72014) to work on /home/airflow/.local/lib/python3.12/site-packages/airflow/example_dags/example_kubernetes_executor.py
[2025-03-11T03:30:35.808+0000] {processor.py:830} INFO - Processing file /home/airflow/.local/lib/python3.12/site-packages/airflow/example_dags/example_kubernetes_executor.py for tasks to queue
[2025-03-11T03:30:35.817+0000] {logging_mixin.py:188} INFO - [2025-03-11T03:30:35.816+0000] {dagbag.py:545} INFO - Filling up the DagBag from /home/airflow/.local/lib/python3.12/site-packages/airflow/example_dags/example_kubernetes_executor.py
[2025-03-11T03:30:35.843+0000] {processor.py:840} INFO - DAG(s) 'example_kubernetes_executor' retrieved from /home/airflow/.local/lib/python3.12/site-packages/airflow/example_dags/example_kubernetes_executor.py
[2025-03-11T03:30:35.898+0000] {logging_mixin.py:188} INFO - [2025-03-11T03:30:35.897+0000] {dag.py:3096} INFO - Sync 1 DAGs
[2025-03-11T03:30:35.923+0000] {logging_mixin.py:188} INFO - [2025-03-11T03:30:35.923+0000] {dag.py:3954} INFO - Setting next_dagrun for example_kubernetes_executor to None, run_after=None
[2025-03-11T03:30:35.954+0000] {processor.py:183} INFO - Processing /home/airflow/.local/lib/python3.12/site-packages/airflow/example_dags/example_kubernetes_executor.py took 0.166 seconds
[2025-03-11T03:31:06.506+0000] {processor.py:161} INFO - Started process (PID=72274) to work on /home/airflow/.local/lib/python3.12/site-packages/airflow/example_dags/example_kubernetes_executor.py
[2025-03-11T03:31:06.508+0000] {processor.py:830} INFO - Processing file /home/airflow/.local/lib/python3.12/site-packages/airflow/example_dags/example_kubernetes_executor.py for tasks to queue
[2025-03-11T03:31:06.511+0000] {logging_mixin.py:188} INFO - [2025-03-11T03:31:06.510+0000] {dagbag.py:545} INFO - Filling up the DagBag from /home/airflow/.local/lib/python3.12/site-packages/airflow/example_dags/example_kubernetes_executor.py
[2025-03-11T03:31:06.523+0000] {processor.py:840} INFO - DAG(s) 'example_kubernetes_executor' retrieved from /home/airflow/.local/lib/python3.12/site-packages/airflow/example_dags/example_kubernetes_executor.py
[2025-03-11T03:31:06.564+0000] {logging_mixin.py:188} INFO - [2025-03-11T03:31:06.563+0000] {dag.py:3096} INFO - Sync 1 DAGs
[2025-03-11T03:31:06.578+0000] {logging_mixin.py:188} INFO - [2025-03-11T03:31:06.578+0000] {dag.py:3954} INFO - Setting next_dagrun for example_kubernetes_executor to None, run_after=None
[2025-03-11T03:31:06.604+0000] {processor.py:183} INFO - Processing /home/airflow/.local/lib/python3.12/site-packages/airflow/example_dags/example_kubernetes_executor.py took 0.104 seconds
[2025-03-11T03:31:39.269+0000] {processor.py:161} INFO - Started process (PID=72538) to work on /home/airflow/.local/lib/python3.12/site-packages/airflow/example_dags/example_kubernetes_executor.py
[2025-03-11T03:31:39.270+0000] {processor.py:830} INFO - Processing file /home/airflow/.local/lib/python3.12/site-packages/airflow/example_dags/example_kubernetes_executor.py for tasks to queue
[2025-03-11T03:31:39.273+0000] {logging_mixin.py:188} INFO - [2025-03-11T03:31:39.272+0000] {dagbag.py:545} INFO - Filling up the DagBag from /home/airflow/.local/lib/python3.12/site-packages/airflow/example_dags/example_kubernetes_executor.py
[2025-03-11T03:31:39.286+0000] {processor.py:840} INFO - DAG(s) 'example_kubernetes_executor' retrieved from /home/airflow/.local/lib/python3.12/site-packages/airflow/example_dags/example_kubernetes_executor.py
[2025-03-11T03:31:39.328+0000] {logging_mixin.py:188} INFO - [2025-03-11T03:31:39.328+0000] {dag.py:3096} INFO - Sync 1 DAGs
[2025-03-11T03:31:39.342+0000] {logging_mixin.py:188} INFO - [2025-03-11T03:31:39.342+0000] {dag.py:3954} INFO - Setting next_dagrun for example_kubernetes_executor to None, run_after=None
[2025-03-11T03:31:39.368+0000] {processor.py:183} INFO - Processing /home/airflow/.local/lib/python3.12/site-packages/airflow/example_dags/example_kubernetes_executor.py took 0.105 seconds
[2025-03-11T03:32:10.744+0000] {processor.py:161} INFO - Started process (PID=72798) to work on /home/airflow/.local/lib/python3.12/site-packages/airflow/example_dags/example_kubernetes_executor.py
[2025-03-11T03:32:10.745+0000] {processor.py:830} INFO - Processing file /home/airflow/.local/lib/python3.12/site-packages/airflow/example_dags/example_kubernetes_executor.py for tasks to queue
[2025-03-11T03:32:10.747+0000] {logging_mixin.py:188} INFO - [2025-03-11T03:32:10.747+0000] {dagbag.py:545} INFO - Filling up the DagBag from /home/airflow/.local/lib/python3.12/site-packages/airflow/example_dags/example_kubernetes_executor.py
[2025-03-11T03:32:10.761+0000] {processor.py:840} INFO - DAG(s) 'example_kubernetes_executor' retrieved from /home/airflow/.local/lib/python3.12/site-packages/airflow/example_dags/example_kubernetes_executor.py
[2025-03-11T03:32:10.841+0000] {logging_mixin.py:188} INFO - [2025-03-11T03:32:10.840+0000] {dag.py:3096} INFO - Sync 1 DAGs
[2025-03-11T03:32:10.856+0000] {logging_mixin.py:188} INFO - [2025-03-11T03:32:10.855+0000] {dag.py:3954} INFO - Setting next_dagrun for example_kubernetes_executor to None, run_after=None
[2025-03-11T03:32:10.877+0000] {processor.py:183} INFO - Processing /home/airflow/.local/lib/python3.12/site-packages/airflow/example_dags/example_kubernetes_executor.py took 0.140 seconds
[2025-03-11T03:32:43.019+0000] {processor.py:161} INFO - Started process (PID=73060) to work on /home/airflow/.local/lib/python3.12/site-packages/airflow/example_dags/example_kubernetes_executor.py
[2025-03-11T03:32:43.021+0000] {processor.py:830} INFO - Processing file /home/airflow/.local/lib/python3.12/site-packages/airflow/example_dags/example_kubernetes_executor.py for tasks to queue
[2025-03-11T03:32:43.024+0000] {logging_mixin.py:188} INFO - [2025-03-11T03:32:43.023+0000] {dagbag.py:545} INFO - Filling up the DagBag from /home/airflow/.local/lib/python3.12/site-packages/airflow/example_dags/example_kubernetes_executor.py
[2025-03-11T03:32:43.036+0000] {processor.py:840} INFO - DAG(s) 'example_kubernetes_executor' retrieved from /home/airflow/.local/lib/python3.12/site-packages/airflow/example_dags/example_kubernetes_executor.py
[2025-03-11T03:32:43.075+0000] {logging_mixin.py:188} INFO - [2025-03-11T03:32:43.075+0000] {dag.py:3096} INFO - Sync 1 DAGs
[2025-03-11T03:32:43.092+0000] {logging_mixin.py:188} INFO - [2025-03-11T03:32:43.092+0000] {dag.py:3954} INFO - Setting next_dagrun for example_kubernetes_executor to None, run_after=None
[2025-03-11T03:32:43.119+0000] {processor.py:183} INFO - Processing /home/airflow/.local/lib/python3.12/site-packages/airflow/example_dags/example_kubernetes_executor.py took 0.109 seconds
