[2025-03-11T03:05:14.037+0000] {processor.py:161} INFO - Started process (PID=59438) to work on /home/airflow/.local/lib/python3.12/site-packages/airflow/example_dags/example_trigger_controller_dag.py
[2025-03-11T03:05:14.041+0000] {processor.py:830} INFO - Processing file /home/airflow/.local/lib/python3.12/site-packages/airflow/example_dags/example_trigger_controller_dag.py for tasks to queue
[2025-03-11T03:05:14.044+0000] {logging_mixin.py:188} INFO - [2025-03-11T03:05:14.043+0000] {dagbag.py:545} INFO - Filling up the DagBag from /home/airflow/.local/lib/python3.12/site-packages/airflow/example_dags/example_trigger_controller_dag.py
[2025-03-11T03:05:14.050+0000] {processor.py:840} INFO - DAG(s) 'example_trigger_controller_dag' retrieved from /home/airflow/.local/lib/python3.12/site-packages/airflow/example_dags/example_trigger_controller_dag.py
[2025-03-11T03:05:14.094+0000] {logging_mixin.py:188} INFO - [2025-03-11T03:05:14.094+0000] {dag.py:3096} INFO - Sync 1 DAGs
[2025-03-11T03:05:14.138+0000] {logging_mixin.py:188} INFO - [2025-03-11T03:05:14.137+0000] {dag.py:3954} INFO - Setting next_dagrun for example_trigger_controller_dag to 2021-01-01 00:00:00+00:00, run_after=2021-01-01 00:00:00+00:00
[2025-03-11T03:05:14.377+0000] {processor.py:183} INFO - Processing /home/airflow/.local/lib/python3.12/site-packages/airflow/example_dags/example_trigger_controller_dag.py took 0.347 seconds
[2025-03-11T03:05:44.714+0000] {processor.py:161} INFO - Started process (PID=59700) to work on /home/airflow/.local/lib/python3.12/site-packages/airflow/example_dags/example_trigger_controller_dag.py
[2025-03-11T03:05:44.715+0000] {processor.py:830} INFO - Processing file /home/airflow/.local/lib/python3.12/site-packages/airflow/example_dags/example_trigger_controller_dag.py for tasks to queue
[2025-03-11T03:05:44.718+0000] {logging_mixin.py:188} INFO - [2025-03-11T03:05:44.717+0000] {dagbag.py:545} INFO - Filling up the DagBag from /home/airflow/.local/lib/python3.12/site-packages/airflow/example_dags/example_trigger_controller_dag.py
[2025-03-11T03:05:44.725+0000] {processor.py:840} INFO - DAG(s) 'example_trigger_controller_dag' retrieved from /home/airflow/.local/lib/python3.12/site-packages/airflow/example_dags/example_trigger_controller_dag.py
[2025-03-11T03:05:44.756+0000] {logging_mixin.py:188} INFO - [2025-03-11T03:05:44.755+0000] {dag.py:3096} INFO - Sync 1 DAGs
[2025-03-11T03:05:44.800+0000] {logging_mixin.py:188} INFO - [2025-03-11T03:05:44.799+0000] {dag.py:3954} INFO - Setting next_dagrun for example_trigger_controller_dag to 2021-01-01 00:00:00+00:00, run_after=2021-01-01 00:00:00+00:00
[2025-03-11T03:05:44.838+0000] {processor.py:183} INFO - Processing /home/airflow/.local/lib/python3.12/site-packages/airflow/example_dags/example_trigger_controller_dag.py took 0.132 seconds
[2025-03-11T03:06:14.960+0000] {processor.py:161} INFO - Started process (PID=59962) to work on /home/airflow/.local/lib/python3.12/site-packages/airflow/example_dags/example_trigger_controller_dag.py
[2025-03-11T03:06:14.962+0000] {processor.py:830} INFO - Processing file /home/airflow/.local/lib/python3.12/site-packages/airflow/example_dags/example_trigger_controller_dag.py for tasks to queue
[2025-03-11T03:06:14.963+0000] {logging_mixin.py:188} INFO - [2025-03-11T03:06:14.963+0000] {dagbag.py:545} INFO - Filling up the DagBag from /home/airflow/.local/lib/python3.12/site-packages/airflow/example_dags/example_trigger_controller_dag.py
[2025-03-11T03:06:14.968+0000] {processor.py:840} INFO - DAG(s) 'example_trigger_controller_dag' retrieved from /home/airflow/.local/lib/python3.12/site-packages/airflow/example_dags/example_trigger_controller_dag.py
[2025-03-11T03:06:14.987+0000] {logging_mixin.py:188} INFO - [2025-03-11T03:06:14.986+0000] {dag.py:3096} INFO - Sync 1 DAGs
[2025-03-11T03:06:15.006+0000] {logging_mixin.py:188} INFO - [2025-03-11T03:06:15.006+0000] {dag.py:3954} INFO - Setting next_dagrun for example_trigger_controller_dag to 2021-01-01 00:00:00+00:00, run_after=2021-01-01 00:00:00+00:00
[2025-03-11T03:06:15.026+0000] {processor.py:183} INFO - Processing /home/airflow/.local/lib/python3.12/site-packages/airflow/example_dags/example_trigger_controller_dag.py took 0.071 seconds
[2025-03-11T03:06:46.246+0000] {processor.py:161} INFO - Started process (PID=60224) to work on /home/airflow/.local/lib/python3.12/site-packages/airflow/example_dags/example_trigger_controller_dag.py
[2025-03-11T03:06:46.251+0000] {processor.py:830} INFO - Processing file /home/airflow/.local/lib/python3.12/site-packages/airflow/example_dags/example_trigger_controller_dag.py for tasks to queue
[2025-03-11T03:06:46.259+0000] {logging_mixin.py:188} INFO - [2025-03-11T03:06:46.258+0000] {dagbag.py:545} INFO - Filling up the DagBag from /home/airflow/.local/lib/python3.12/site-packages/airflow/example_dags/example_trigger_controller_dag.py
[2025-03-11T03:06:46.273+0000] {processor.py:840} INFO - DAG(s) 'example_trigger_controller_dag' retrieved from /home/airflow/.local/lib/python3.12/site-packages/airflow/example_dags/example_trigger_controller_dag.py
[2025-03-11T03:06:46.307+0000] {logging_mixin.py:188} INFO - [2025-03-11T03:06:46.306+0000] {dag.py:3096} INFO - Sync 1 DAGs
[2025-03-11T03:06:46.333+0000] {logging_mixin.py:188} INFO - [2025-03-11T03:06:46.333+0000] {dag.py:3954} INFO - Setting next_dagrun for example_trigger_controller_dag to 2021-01-01 00:00:00+00:00, run_after=2021-01-01 00:00:00+00:00
[2025-03-11T03:06:46.357+0000] {processor.py:183} INFO - Processing /home/airflow/.local/lib/python3.12/site-packages/airflow/example_dags/example_trigger_controller_dag.py took 0.137 seconds
[2025-03-11T03:07:16.921+0000] {processor.py:161} INFO - Started process (PID=60486) to work on /home/airflow/.local/lib/python3.12/site-packages/airflow/example_dags/example_trigger_controller_dag.py
[2025-03-11T03:07:16.922+0000] {processor.py:830} INFO - Processing file /home/airflow/.local/lib/python3.12/site-packages/airflow/example_dags/example_trigger_controller_dag.py for tasks to queue
[2025-03-11T03:07:16.924+0000] {logging_mixin.py:188} INFO - [2025-03-11T03:07:16.924+0000] {dagbag.py:545} INFO - Filling up the DagBag from /home/airflow/.local/lib/python3.12/site-packages/airflow/example_dags/example_trigger_controller_dag.py
[2025-03-11T03:07:16.929+0000] {processor.py:840} INFO - DAG(s) 'example_trigger_controller_dag' retrieved from /home/airflow/.local/lib/python3.12/site-packages/airflow/example_dags/example_trigger_controller_dag.py
[2025-03-11T03:07:16.947+0000] {logging_mixin.py:188} INFO - [2025-03-11T03:07:16.947+0000] {dag.py:3096} INFO - Sync 1 DAGs
[2025-03-11T03:07:16.969+0000] {logging_mixin.py:188} INFO - [2025-03-11T03:07:16.969+0000] {dag.py:3954} INFO - Setting next_dagrun for example_trigger_controller_dag to 2021-01-01 00:00:00+00:00, run_after=2021-01-01 00:00:00+00:00
[2025-03-11T03:07:16.999+0000] {processor.py:183} INFO - Processing /home/airflow/.local/lib/python3.12/site-packages/airflow/example_dags/example_trigger_controller_dag.py took 0.084 seconds
[2025-03-11T03:07:47.737+0000] {processor.py:161} INFO - Started process (PID=60744) to work on /home/airflow/.local/lib/python3.12/site-packages/airflow/example_dags/example_trigger_controller_dag.py
[2025-03-11T03:07:47.738+0000] {processor.py:830} INFO - Processing file /home/airflow/.local/lib/python3.12/site-packages/airflow/example_dags/example_trigger_controller_dag.py for tasks to queue
[2025-03-11T03:07:47.739+0000] {logging_mixin.py:188} INFO - [2025-03-11T03:07:47.739+0000] {dagbag.py:545} INFO - Filling up the DagBag from /home/airflow/.local/lib/python3.12/site-packages/airflow/example_dags/example_trigger_controller_dag.py
[2025-03-11T03:07:47.744+0000] {processor.py:840} INFO - DAG(s) 'example_trigger_controller_dag' retrieved from /home/airflow/.local/lib/python3.12/site-packages/airflow/example_dags/example_trigger_controller_dag.py
[2025-03-11T03:07:47.761+0000] {logging_mixin.py:188} INFO - [2025-03-11T03:07:47.761+0000] {dag.py:3096} INFO - Sync 1 DAGs
[2025-03-11T03:07:47.781+0000] {logging_mixin.py:188} INFO - [2025-03-11T03:07:47.781+0000] {dag.py:3954} INFO - Setting next_dagrun for example_trigger_controller_dag to 2021-01-01 00:00:00+00:00, run_after=2021-01-01 00:00:00+00:00
[2025-03-11T03:07:47.798+0000] {processor.py:183} INFO - Processing /home/airflow/.local/lib/python3.12/site-packages/airflow/example_dags/example_trigger_controller_dag.py took 0.067 seconds
[2025-03-11T03:08:18.206+0000] {processor.py:161} INFO - Started process (PID=61006) to work on /home/airflow/.local/lib/python3.12/site-packages/airflow/example_dags/example_trigger_controller_dag.py
[2025-03-11T03:08:18.207+0000] {processor.py:830} INFO - Processing file /home/airflow/.local/lib/python3.12/site-packages/airflow/example_dags/example_trigger_controller_dag.py for tasks to queue
[2025-03-11T03:08:18.209+0000] {logging_mixin.py:188} INFO - [2025-03-11T03:08:18.209+0000] {dagbag.py:545} INFO - Filling up the DagBag from /home/airflow/.local/lib/python3.12/site-packages/airflow/example_dags/example_trigger_controller_dag.py
[2025-03-11T03:08:18.217+0000] {processor.py:840} INFO - DAG(s) 'example_trigger_controller_dag' retrieved from /home/airflow/.local/lib/python3.12/site-packages/airflow/example_dags/example_trigger_controller_dag.py
[2025-03-11T03:08:18.247+0000] {logging_mixin.py:188} INFO - [2025-03-11T03:08:18.247+0000] {dag.py:3096} INFO - Sync 1 DAGs
[2025-03-11T03:08:18.271+0000] {logging_mixin.py:188} INFO - [2025-03-11T03:08:18.271+0000] {dag.py:3954} INFO - Setting next_dagrun for example_trigger_controller_dag to 2021-01-01 00:00:00+00:00, run_after=2021-01-01 00:00:00+00:00
[2025-03-11T03:08:18.290+0000] {processor.py:183} INFO - Processing /home/airflow/.local/lib/python3.12/site-packages/airflow/example_dags/example_trigger_controller_dag.py took 0.092 seconds
[2025-03-11T03:08:48.610+0000] {processor.py:161} INFO - Started process (PID=61268) to work on /home/airflow/.local/lib/python3.12/site-packages/airflow/example_dags/example_trigger_controller_dag.py
[2025-03-11T03:08:48.611+0000] {processor.py:830} INFO - Processing file /home/airflow/.local/lib/python3.12/site-packages/airflow/example_dags/example_trigger_controller_dag.py for tasks to queue
[2025-03-11T03:08:48.614+0000] {logging_mixin.py:188} INFO - [2025-03-11T03:08:48.614+0000] {dagbag.py:545} INFO - Filling up the DagBag from /home/airflow/.local/lib/python3.12/site-packages/airflow/example_dags/example_trigger_controller_dag.py
[2025-03-11T03:08:48.621+0000] {processor.py:840} INFO - DAG(s) 'example_trigger_controller_dag' retrieved from /home/airflow/.local/lib/python3.12/site-packages/airflow/example_dags/example_trigger_controller_dag.py
[2025-03-11T03:08:48.640+0000] {logging_mixin.py:188} INFO - [2025-03-11T03:08:48.640+0000] {dag.py:3096} INFO - Sync 1 DAGs
[2025-03-11T03:08:48.664+0000] {logging_mixin.py:188} INFO - [2025-03-11T03:08:48.664+0000] {dag.py:3954} INFO - Setting next_dagrun for example_trigger_controller_dag to 2021-01-01 00:00:00+00:00, run_after=2021-01-01 00:00:00+00:00
[2025-03-11T03:08:48.686+0000] {processor.py:183} INFO - Processing /home/airflow/.local/lib/python3.12/site-packages/airflow/example_dags/example_trigger_controller_dag.py took 0.087 seconds
[2025-03-11T03:09:18.804+0000] {processor.py:161} INFO - Started process (PID=61533) to work on /home/airflow/.local/lib/python3.12/site-packages/airflow/example_dags/example_trigger_controller_dag.py
[2025-03-11T03:09:18.806+0000] {processor.py:830} INFO - Processing file /home/airflow/.local/lib/python3.12/site-packages/airflow/example_dags/example_trigger_controller_dag.py for tasks to queue
[2025-03-11T03:09:18.808+0000] {logging_mixin.py:188} INFO - [2025-03-11T03:09:18.808+0000] {dagbag.py:545} INFO - Filling up the DagBag from /home/airflow/.local/lib/python3.12/site-packages/airflow/example_dags/example_trigger_controller_dag.py
[2025-03-11T03:09:18.813+0000] {processor.py:840} INFO - DAG(s) 'example_trigger_controller_dag' retrieved from /home/airflow/.local/lib/python3.12/site-packages/airflow/example_dags/example_trigger_controller_dag.py
[2025-03-11T03:09:18.834+0000] {logging_mixin.py:188} INFO - [2025-03-11T03:09:18.834+0000] {dag.py:3096} INFO - Sync 1 DAGs
[2025-03-11T03:09:18.856+0000] {logging_mixin.py:188} INFO - [2025-03-11T03:09:18.856+0000] {dag.py:3954} INFO - Setting next_dagrun for example_trigger_controller_dag to 2021-01-01 00:00:00+00:00, run_after=2021-01-01 00:00:00+00:00
[2025-03-11T03:09:18.874+0000] {processor.py:183} INFO - Processing /home/airflow/.local/lib/python3.12/site-packages/airflow/example_dags/example_trigger_controller_dag.py took 0.077 seconds
[2025-03-11T03:09:49.548+0000] {processor.py:161} INFO - Started process (PID=61793) to work on /home/airflow/.local/lib/python3.12/site-packages/airflow/example_dags/example_trigger_controller_dag.py
[2025-03-11T03:09:49.550+0000] {processor.py:830} INFO - Processing file /home/airflow/.local/lib/python3.12/site-packages/airflow/example_dags/example_trigger_controller_dag.py for tasks to queue
[2025-03-11T03:09:49.552+0000] {logging_mixin.py:188} INFO - [2025-03-11T03:09:49.551+0000] {dagbag.py:545} INFO - Filling up the DagBag from /home/airflow/.local/lib/python3.12/site-packages/airflow/example_dags/example_trigger_controller_dag.py
[2025-03-11T03:09:49.557+0000] {processor.py:840} INFO - DAG(s) 'example_trigger_controller_dag' retrieved from /home/airflow/.local/lib/python3.12/site-packages/airflow/example_dags/example_trigger_controller_dag.py
[2025-03-11T03:09:49.577+0000] {logging_mixin.py:188} INFO - [2025-03-11T03:09:49.577+0000] {dag.py:3096} INFO - Sync 1 DAGs
[2025-03-11T03:09:49.598+0000] {logging_mixin.py:188} INFO - [2025-03-11T03:09:49.598+0000] {dag.py:3954} INFO - Setting next_dagrun for example_trigger_controller_dag to 2021-01-01 00:00:00+00:00, run_after=2021-01-01 00:00:00+00:00
[2025-03-11T03:09:49.618+0000] {processor.py:183} INFO - Processing /home/airflow/.local/lib/python3.12/site-packages/airflow/example_dags/example_trigger_controller_dag.py took 0.076 seconds
[2025-03-11T03:10:20.532+0000] {processor.py:161} INFO - Started process (PID=62055) to work on /home/airflow/.local/lib/python3.12/site-packages/airflow/example_dags/example_trigger_controller_dag.py
[2025-03-11T03:10:20.534+0000] {processor.py:830} INFO - Processing file /home/airflow/.local/lib/python3.12/site-packages/airflow/example_dags/example_trigger_controller_dag.py for tasks to queue
[2025-03-11T03:10:20.536+0000] {logging_mixin.py:188} INFO - [2025-03-11T03:10:20.536+0000] {dagbag.py:545} INFO - Filling up the DagBag from /home/airflow/.local/lib/python3.12/site-packages/airflow/example_dags/example_trigger_controller_dag.py
[2025-03-11T03:10:20.541+0000] {processor.py:840} INFO - DAG(s) 'example_trigger_controller_dag' retrieved from /home/airflow/.local/lib/python3.12/site-packages/airflow/example_dags/example_trigger_controller_dag.py
[2025-03-11T03:10:20.563+0000] {logging_mixin.py:188} INFO - [2025-03-11T03:10:20.563+0000] {dag.py:3096} INFO - Sync 1 DAGs
[2025-03-11T03:10:20.585+0000] {logging_mixin.py:188} INFO - [2025-03-11T03:10:20.585+0000] {dag.py:3954} INFO - Setting next_dagrun for example_trigger_controller_dag to 2021-01-01 00:00:00+00:00, run_after=2021-01-01 00:00:00+00:00
[2025-03-11T03:10:20.607+0000] {processor.py:183} INFO - Processing /home/airflow/.local/lib/python3.12/site-packages/airflow/example_dags/example_trigger_controller_dag.py took 0.082 seconds
[2025-03-11T03:10:51.268+0000] {processor.py:161} INFO - Started process (PID=62315) to work on /home/airflow/.local/lib/python3.12/site-packages/airflow/example_dags/example_trigger_controller_dag.py
[2025-03-11T03:10:51.270+0000] {processor.py:830} INFO - Processing file /home/airflow/.local/lib/python3.12/site-packages/airflow/example_dags/example_trigger_controller_dag.py for tasks to queue
[2025-03-11T03:10:51.275+0000] {logging_mixin.py:188} INFO - [2025-03-11T03:10:51.274+0000] {dagbag.py:545} INFO - Filling up the DagBag from /home/airflow/.local/lib/python3.12/site-packages/airflow/example_dags/example_trigger_controller_dag.py
[2025-03-11T03:10:51.285+0000] {processor.py:840} INFO - DAG(s) 'example_trigger_controller_dag' retrieved from /home/airflow/.local/lib/python3.12/site-packages/airflow/example_dags/example_trigger_controller_dag.py
[2025-03-11T03:10:51.314+0000] {logging_mixin.py:188} INFO - [2025-03-11T03:10:51.314+0000] {dag.py:3096} INFO - Sync 1 DAGs
[2025-03-11T03:10:51.334+0000] {logging_mixin.py:188} INFO - [2025-03-11T03:10:51.334+0000] {dag.py:3954} INFO - Setting next_dagrun for example_trigger_controller_dag to 2021-01-01 00:00:00+00:00, run_after=2021-01-01 00:00:00+00:00
[2025-03-11T03:10:51.354+0000] {processor.py:183} INFO - Processing /home/airflow/.local/lib/python3.12/site-packages/airflow/example_dags/example_trigger_controller_dag.py took 0.101 seconds
[2025-03-11T03:11:21.969+0000] {processor.py:161} INFO - Started process (PID=62577) to work on /home/airflow/.local/lib/python3.12/site-packages/airflow/example_dags/example_trigger_controller_dag.py
[2025-03-11T03:11:21.972+0000] {processor.py:830} INFO - Processing file /home/airflow/.local/lib/python3.12/site-packages/airflow/example_dags/example_trigger_controller_dag.py for tasks to queue
[2025-03-11T03:11:21.982+0000] {logging_mixin.py:188} INFO - [2025-03-11T03:11:21.980+0000] {dagbag.py:545} INFO - Filling up the DagBag from /home/airflow/.local/lib/python3.12/site-packages/airflow/example_dags/example_trigger_controller_dag.py
[2025-03-11T03:11:21.995+0000] {processor.py:840} INFO - DAG(s) 'example_trigger_controller_dag' retrieved from /home/airflow/.local/lib/python3.12/site-packages/airflow/example_dags/example_trigger_controller_dag.py
[2025-03-11T03:11:22.042+0000] {logging_mixin.py:188} INFO - [2025-03-11T03:11:22.042+0000] {dag.py:3096} INFO - Sync 1 DAGs
[2025-03-11T03:11:22.080+0000] {logging_mixin.py:188} INFO - [2025-03-11T03:11:22.080+0000] {dag.py:3954} INFO - Setting next_dagrun for example_trigger_controller_dag to 2021-01-01 00:00:00+00:00, run_after=2021-01-01 00:00:00+00:00
[2025-03-11T03:11:22.106+0000] {processor.py:183} INFO - Processing /home/airflow/.local/lib/python3.12/site-packages/airflow/example_dags/example_trigger_controller_dag.py took 0.152 seconds
[2025-03-11T03:11:52.887+0000] {processor.py:161} INFO - Started process (PID=62839) to work on /home/airflow/.local/lib/python3.12/site-packages/airflow/example_dags/example_trigger_controller_dag.py
[2025-03-11T03:11:52.889+0000] {processor.py:830} INFO - Processing file /home/airflow/.local/lib/python3.12/site-packages/airflow/example_dags/example_trigger_controller_dag.py for tasks to queue
[2025-03-11T03:11:52.893+0000] {logging_mixin.py:188} INFO - [2025-03-11T03:11:52.893+0000] {dagbag.py:545} INFO - Filling up the DagBag from /home/airflow/.local/lib/python3.12/site-packages/airflow/example_dags/example_trigger_controller_dag.py
[2025-03-11T03:11:52.900+0000] {processor.py:840} INFO - DAG(s) 'example_trigger_controller_dag' retrieved from /home/airflow/.local/lib/python3.12/site-packages/airflow/example_dags/example_trigger_controller_dag.py
[2025-03-11T03:11:52.926+0000] {logging_mixin.py:188} INFO - [2025-03-11T03:11:52.925+0000] {dag.py:3096} INFO - Sync 1 DAGs
[2025-03-11T03:11:52.956+0000] {logging_mixin.py:188} INFO - [2025-03-11T03:11:52.955+0000] {dag.py:3954} INFO - Setting next_dagrun for example_trigger_controller_dag to 2021-01-01 00:00:00+00:00, run_after=2021-01-01 00:00:00+00:00
[2025-03-11T03:11:52.979+0000] {processor.py:183} INFO - Processing /home/airflow/.local/lib/python3.12/site-packages/airflow/example_dags/example_trigger_controller_dag.py took 0.100 seconds
[2025-03-11T03:12:23.497+0000] {processor.py:161} INFO - Started process (PID=63101) to work on /home/airflow/.local/lib/python3.12/site-packages/airflow/example_dags/example_trigger_controller_dag.py
[2025-03-11T03:12:23.498+0000] {processor.py:830} INFO - Processing file /home/airflow/.local/lib/python3.12/site-packages/airflow/example_dags/example_trigger_controller_dag.py for tasks to queue
[2025-03-11T03:12:23.501+0000] {logging_mixin.py:188} INFO - [2025-03-11T03:12:23.500+0000] {dagbag.py:545} INFO - Filling up the DagBag from /home/airflow/.local/lib/python3.12/site-packages/airflow/example_dags/example_trigger_controller_dag.py
[2025-03-11T03:12:23.506+0000] {processor.py:840} INFO - DAG(s) 'example_trigger_controller_dag' retrieved from /home/airflow/.local/lib/python3.12/site-packages/airflow/example_dags/example_trigger_controller_dag.py
[2025-03-11T03:12:23.529+0000] {logging_mixin.py:188} INFO - [2025-03-11T03:12:23.528+0000] {dag.py:3096} INFO - Sync 1 DAGs
[2025-03-11T03:12:23.551+0000] {logging_mixin.py:188} INFO - [2025-03-11T03:12:23.551+0000] {dag.py:3954} INFO - Setting next_dagrun for example_trigger_controller_dag to 2021-01-01 00:00:00+00:00, run_after=2021-01-01 00:00:00+00:00
[2025-03-11T03:12:23.572+0000] {processor.py:183} INFO - Processing /home/airflow/.local/lib/python3.12/site-packages/airflow/example_dags/example_trigger_controller_dag.py took 0.083 seconds
[2025-03-11T03:12:54.690+0000] {processor.py:161} INFO - Started process (PID=63364) to work on /home/airflow/.local/lib/python3.12/site-packages/airflow/example_dags/example_trigger_controller_dag.py
[2025-03-11T03:12:54.691+0000] {processor.py:830} INFO - Processing file /home/airflow/.local/lib/python3.12/site-packages/airflow/example_dags/example_trigger_controller_dag.py for tasks to queue
[2025-03-11T03:12:54.694+0000] {logging_mixin.py:188} INFO - [2025-03-11T03:12:54.693+0000] {dagbag.py:545} INFO - Filling up the DagBag from /home/airflow/.local/lib/python3.12/site-packages/airflow/example_dags/example_trigger_controller_dag.py
[2025-03-11T03:12:54.699+0000] {processor.py:840} INFO - DAG(s) 'example_trigger_controller_dag' retrieved from /home/airflow/.local/lib/python3.12/site-packages/airflow/example_dags/example_trigger_controller_dag.py
[2025-03-11T03:12:54.720+0000] {logging_mixin.py:188} INFO - [2025-03-11T03:12:54.719+0000] {dag.py:3096} INFO - Sync 1 DAGs
[2025-03-11T03:12:54.742+0000] {logging_mixin.py:188} INFO - [2025-03-11T03:12:54.742+0000] {dag.py:3954} INFO - Setting next_dagrun for example_trigger_controller_dag to 2021-01-01 00:00:00+00:00, run_after=2021-01-01 00:00:00+00:00
[2025-03-11T03:12:54.781+0000] {processor.py:183} INFO - Processing /home/airflow/.local/lib/python3.12/site-packages/airflow/example_dags/example_trigger_controller_dag.py took 0.098 seconds
[2025-03-11T03:13:26.122+0000] {processor.py:161} INFO - Started process (PID=63624) to work on /home/airflow/.local/lib/python3.12/site-packages/airflow/example_dags/example_trigger_controller_dag.py
[2025-03-11T03:13:26.123+0000] {processor.py:830} INFO - Processing file /home/airflow/.local/lib/python3.12/site-packages/airflow/example_dags/example_trigger_controller_dag.py for tasks to queue
[2025-03-11T03:13:26.125+0000] {logging_mixin.py:188} INFO - [2025-03-11T03:13:26.125+0000] {dagbag.py:545} INFO - Filling up the DagBag from /home/airflow/.local/lib/python3.12/site-packages/airflow/example_dags/example_trigger_controller_dag.py
[2025-03-11T03:13:26.130+0000] {processor.py:840} INFO - DAG(s) 'example_trigger_controller_dag' retrieved from /home/airflow/.local/lib/python3.12/site-packages/airflow/example_dags/example_trigger_controller_dag.py
[2025-03-11T03:13:26.149+0000] {logging_mixin.py:188} INFO - [2025-03-11T03:13:26.148+0000] {dag.py:3096} INFO - Sync 1 DAGs
[2025-03-11T03:13:26.169+0000] {logging_mixin.py:188} INFO - [2025-03-11T03:13:26.169+0000] {dag.py:3954} INFO - Setting next_dagrun for example_trigger_controller_dag to 2021-01-01 00:00:00+00:00, run_after=2021-01-01 00:00:00+00:00
[2025-03-11T03:13:26.187+0000] {processor.py:183} INFO - Processing /home/airflow/.local/lib/python3.12/site-packages/airflow/example_dags/example_trigger_controller_dag.py took 0.071 seconds
[2025-03-11T03:13:58.965+0000] {processor.py:161} INFO - Started process (PID=63888) to work on /home/airflow/.local/lib/python3.12/site-packages/airflow/example_dags/example_trigger_controller_dag.py
[2025-03-11T03:13:58.968+0000] {processor.py:830} INFO - Processing file /home/airflow/.local/lib/python3.12/site-packages/airflow/example_dags/example_trigger_controller_dag.py for tasks to queue
[2025-03-11T03:13:58.976+0000] {logging_mixin.py:188} INFO - [2025-03-11T03:13:58.974+0000] {dagbag.py:545} INFO - Filling up the DagBag from /home/airflow/.local/lib/python3.12/site-packages/airflow/example_dags/example_trigger_controller_dag.py
[2025-03-11T03:13:58.992+0000] {processor.py:840} INFO - DAG(s) 'example_trigger_controller_dag' retrieved from /home/airflow/.local/lib/python3.12/site-packages/airflow/example_dags/example_trigger_controller_dag.py
[2025-03-11T03:13:59.030+0000] {logging_mixin.py:188} INFO - [2025-03-11T03:13:59.030+0000] {dag.py:3096} INFO - Sync 1 DAGs
[2025-03-11T03:13:59.074+0000] {logging_mixin.py:188} INFO - [2025-03-11T03:13:59.074+0000] {dag.py:3954} INFO - Setting next_dagrun for example_trigger_controller_dag to 2021-01-01 00:00:00+00:00, run_after=2021-01-01 00:00:00+00:00
[2025-03-11T03:13:59.108+0000] {processor.py:183} INFO - Processing /home/airflow/.local/lib/python3.12/site-packages/airflow/example_dags/example_trigger_controller_dag.py took 0.157 seconds
[2025-03-11T03:14:30.691+0000] {processor.py:161} INFO - Started process (PID=64148) to work on /home/airflow/.local/lib/python3.12/site-packages/airflow/example_dags/example_trigger_controller_dag.py
[2025-03-11T03:14:30.692+0000] {processor.py:830} INFO - Processing file /home/airflow/.local/lib/python3.12/site-packages/airflow/example_dags/example_trigger_controller_dag.py for tasks to queue
[2025-03-11T03:14:30.694+0000] {logging_mixin.py:188} INFO - [2025-03-11T03:14:30.693+0000] {dagbag.py:545} INFO - Filling up the DagBag from /home/airflow/.local/lib/python3.12/site-packages/airflow/example_dags/example_trigger_controller_dag.py
[2025-03-11T03:14:30.698+0000] {processor.py:840} INFO - DAG(s) 'example_trigger_controller_dag' retrieved from /home/airflow/.local/lib/python3.12/site-packages/airflow/example_dags/example_trigger_controller_dag.py
[2025-03-11T03:14:30.717+0000] {logging_mixin.py:188} INFO - [2025-03-11T03:14:30.716+0000] {dag.py:3096} INFO - Sync 1 DAGs
[2025-03-11T03:14:30.737+0000] {logging_mixin.py:188} INFO - [2025-03-11T03:14:30.737+0000] {dag.py:3954} INFO - Setting next_dagrun for example_trigger_controller_dag to 2021-01-01 00:00:00+00:00, run_after=2021-01-01 00:00:00+00:00
[2025-03-11T03:14:30.755+0000] {processor.py:183} INFO - Processing /home/airflow/.local/lib/python3.12/site-packages/airflow/example_dags/example_trigger_controller_dag.py took 0.071 seconds
[2025-03-11T03:15:03.875+0000] {processor.py:161} INFO - Started process (PID=64420) to work on /home/airflow/.local/lib/python3.12/site-packages/airflow/example_dags/example_trigger_controller_dag.py
[2025-03-11T03:15:03.877+0000] {processor.py:830} INFO - Processing file /home/airflow/.local/lib/python3.12/site-packages/airflow/example_dags/example_trigger_controller_dag.py for tasks to queue
[2025-03-11T03:15:03.880+0000] {logging_mixin.py:188} INFO - [2025-03-11T03:15:03.880+0000] {dagbag.py:545} INFO - Filling up the DagBag from /home/airflow/.local/lib/python3.12/site-packages/airflow/example_dags/example_trigger_controller_dag.py
[2025-03-11T03:15:03.886+0000] {processor.py:840} INFO - DAG(s) 'example_trigger_controller_dag' retrieved from /home/airflow/.local/lib/python3.12/site-packages/airflow/example_dags/example_trigger_controller_dag.py
[2025-03-11T03:15:03.911+0000] {logging_mixin.py:188} INFO - [2025-03-11T03:15:03.910+0000] {dag.py:3096} INFO - Sync 1 DAGs
[2025-03-11T03:15:03.943+0000] {logging_mixin.py:188} INFO - [2025-03-11T03:15:03.943+0000] {dag.py:3954} INFO - Setting next_dagrun for example_trigger_controller_dag to 2021-01-01 00:00:00+00:00, run_after=2021-01-01 00:00:00+00:00
[2025-03-11T03:15:03.984+0000] {processor.py:183} INFO - Processing /home/airflow/.local/lib/python3.12/site-packages/airflow/example_dags/example_trigger_controller_dag.py took 0.118 seconds
[2025-03-11T03:15:35.997+0000] {processor.py:161} INFO - Started process (PID=64682) to work on /home/airflow/.local/lib/python3.12/site-packages/airflow/example_dags/example_trigger_controller_dag.py
[2025-03-11T03:15:35.999+0000] {processor.py:830} INFO - Processing file /home/airflow/.local/lib/python3.12/site-packages/airflow/example_dags/example_trigger_controller_dag.py for tasks to queue
[2025-03-11T03:15:36.002+0000] {logging_mixin.py:188} INFO - [2025-03-11T03:15:36.001+0000] {dagbag.py:545} INFO - Filling up the DagBag from /home/airflow/.local/lib/python3.12/site-packages/airflow/example_dags/example_trigger_controller_dag.py
[2025-03-11T03:15:36.009+0000] {processor.py:840} INFO - DAG(s) 'example_trigger_controller_dag' retrieved from /home/airflow/.local/lib/python3.12/site-packages/airflow/example_dags/example_trigger_controller_dag.py
[2025-03-11T03:15:36.032+0000] {logging_mixin.py:188} INFO - [2025-03-11T03:15:36.031+0000] {dag.py:3096} INFO - Sync 1 DAGs
[2025-03-11T03:15:36.059+0000] {logging_mixin.py:188} INFO - [2025-03-11T03:15:36.059+0000] {dag.py:3954} INFO - Setting next_dagrun for example_trigger_controller_dag to 2021-01-01 00:00:00+00:00, run_after=2021-01-01 00:00:00+00:00
[2025-03-11T03:15:36.227+0000] {processor.py:183} INFO - Processing /home/airflow/.local/lib/python3.12/site-packages/airflow/example_dags/example_trigger_controller_dag.py took 0.236 seconds
[2025-03-11T03:16:07.600+0000] {processor.py:161} INFO - Started process (PID=64944) to work on /home/airflow/.local/lib/python3.12/site-packages/airflow/example_dags/example_trigger_controller_dag.py
[2025-03-11T03:16:07.602+0000] {processor.py:830} INFO - Processing file /home/airflow/.local/lib/python3.12/site-packages/airflow/example_dags/example_trigger_controller_dag.py for tasks to queue
[2025-03-11T03:16:07.607+0000] {logging_mixin.py:188} INFO - [2025-03-11T03:16:07.606+0000] {dagbag.py:545} INFO - Filling up the DagBag from /home/airflow/.local/lib/python3.12/site-packages/airflow/example_dags/example_trigger_controller_dag.py
[2025-03-11T03:16:07.613+0000] {processor.py:840} INFO - DAG(s) 'example_trigger_controller_dag' retrieved from /home/airflow/.local/lib/python3.12/site-packages/airflow/example_dags/example_trigger_controller_dag.py
[2025-03-11T03:16:07.636+0000] {logging_mixin.py:188} INFO - [2025-03-11T03:16:07.636+0000] {dag.py:3096} INFO - Sync 1 DAGs
[2025-03-11T03:16:07.665+0000] {logging_mixin.py:188} INFO - [2025-03-11T03:16:07.665+0000] {dag.py:3954} INFO - Setting next_dagrun for example_trigger_controller_dag to 2021-01-01 00:00:00+00:00, run_after=2021-01-01 00:00:00+00:00
[2025-03-11T03:16:07.690+0000] {processor.py:183} INFO - Processing /home/airflow/.local/lib/python3.12/site-packages/airflow/example_dags/example_trigger_controller_dag.py took 0.098 seconds
[2025-03-11T03:16:41.590+0000] {processor.py:161} INFO - Started process (PID=65208) to work on /home/airflow/.local/lib/python3.12/site-packages/airflow/example_dags/example_trigger_controller_dag.py
[2025-03-11T03:16:41.593+0000] {processor.py:830} INFO - Processing file /home/airflow/.local/lib/python3.12/site-packages/airflow/example_dags/example_trigger_controller_dag.py for tasks to queue
[2025-03-11T03:16:41.597+0000] {logging_mixin.py:188} INFO - [2025-03-11T03:16:41.597+0000] {dagbag.py:545} INFO - Filling up the DagBag from /home/airflow/.local/lib/python3.12/site-packages/airflow/example_dags/example_trigger_controller_dag.py
[2025-03-11T03:16:41.603+0000] {processor.py:840} INFO - DAG(s) 'example_trigger_controller_dag' retrieved from /home/airflow/.local/lib/python3.12/site-packages/airflow/example_dags/example_trigger_controller_dag.py
[2025-03-11T03:16:41.624+0000] {logging_mixin.py:188} INFO - [2025-03-11T03:16:41.623+0000] {dag.py:3096} INFO - Sync 1 DAGs
[2025-03-11T03:16:41.646+0000] {logging_mixin.py:188} INFO - [2025-03-11T03:16:41.646+0000] {dag.py:3954} INFO - Setting next_dagrun for example_trigger_controller_dag to 2021-01-01 00:00:00+00:00, run_after=2021-01-01 00:00:00+00:00
[2025-03-11T03:16:41.666+0000] {processor.py:183} INFO - Processing /home/airflow/.local/lib/python3.12/site-packages/airflow/example_dags/example_trigger_controller_dag.py took 0.101 seconds
[2025-03-11T03:17:12.476+0000] {processor.py:161} INFO - Started process (PID=65468) to work on /home/airflow/.local/lib/python3.12/site-packages/airflow/example_dags/example_trigger_controller_dag.py
[2025-03-11T03:17:12.477+0000] {processor.py:830} INFO - Processing file /home/airflow/.local/lib/python3.12/site-packages/airflow/example_dags/example_trigger_controller_dag.py for tasks to queue
[2025-03-11T03:17:12.480+0000] {logging_mixin.py:188} INFO - [2025-03-11T03:17:12.480+0000] {dagbag.py:545} INFO - Filling up the DagBag from /home/airflow/.local/lib/python3.12/site-packages/airflow/example_dags/example_trigger_controller_dag.py
[2025-03-11T03:17:12.487+0000] {processor.py:840} INFO - DAG(s) 'example_trigger_controller_dag' retrieved from /home/airflow/.local/lib/python3.12/site-packages/airflow/example_dags/example_trigger_controller_dag.py
[2025-03-11T03:17:12.513+0000] {logging_mixin.py:188} INFO - [2025-03-11T03:17:12.513+0000] {dag.py:3096} INFO - Sync 1 DAGs
[2025-03-11T03:17:12.538+0000] {logging_mixin.py:188} INFO - [2025-03-11T03:17:12.538+0000] {dag.py:3954} INFO - Setting next_dagrun for example_trigger_controller_dag to 2021-01-01 00:00:00+00:00, run_after=2021-01-01 00:00:00+00:00
[2025-03-11T03:17:12.686+0000] {processor.py:183} INFO - Processing /home/airflow/.local/lib/python3.12/site-packages/airflow/example_dags/example_trigger_controller_dag.py took 0.216 seconds
[2025-03-11T03:17:44.372+0000] {processor.py:161} INFO - Started process (PID=65730) to work on /home/airflow/.local/lib/python3.12/site-packages/airflow/example_dags/example_trigger_controller_dag.py
[2025-03-11T03:17:44.373+0000] {processor.py:830} INFO - Processing file /home/airflow/.local/lib/python3.12/site-packages/airflow/example_dags/example_trigger_controller_dag.py for tasks to queue
[2025-03-11T03:17:44.376+0000] {logging_mixin.py:188} INFO - [2025-03-11T03:17:44.376+0000] {dagbag.py:545} INFO - Filling up the DagBag from /home/airflow/.local/lib/python3.12/site-packages/airflow/example_dags/example_trigger_controller_dag.py
[2025-03-11T03:17:44.382+0000] {processor.py:840} INFO - DAG(s) 'example_trigger_controller_dag' retrieved from /home/airflow/.local/lib/python3.12/site-packages/airflow/example_dags/example_trigger_controller_dag.py
[2025-03-11T03:17:44.406+0000] {logging_mixin.py:188} INFO - [2025-03-11T03:17:44.406+0000] {dag.py:3096} INFO - Sync 1 DAGs
[2025-03-11T03:17:44.431+0000] {logging_mixin.py:188} INFO - [2025-03-11T03:17:44.431+0000] {dag.py:3954} INFO - Setting next_dagrun for example_trigger_controller_dag to 2021-01-01 00:00:00+00:00, run_after=2021-01-01 00:00:00+00:00
[2025-03-11T03:17:44.452+0000] {processor.py:183} INFO - Processing /home/airflow/.local/lib/python3.12/site-packages/airflow/example_dags/example_trigger_controller_dag.py took 0.086 seconds
[2025-03-11T03:18:17.745+0000] {processor.py:161} INFO - Started process (PID=65992) to work on /home/airflow/.local/lib/python3.12/site-packages/airflow/example_dags/example_trigger_controller_dag.py
[2025-03-11T03:18:17.746+0000] {processor.py:830} INFO - Processing file /home/airflow/.local/lib/python3.12/site-packages/airflow/example_dags/example_trigger_controller_dag.py for tasks to queue
[2025-03-11T03:18:17.749+0000] {logging_mixin.py:188} INFO - [2025-03-11T03:18:17.748+0000] {dagbag.py:545} INFO - Filling up the DagBag from /home/airflow/.local/lib/python3.12/site-packages/airflow/example_dags/example_trigger_controller_dag.py
[2025-03-11T03:18:17.754+0000] {processor.py:840} INFO - DAG(s) 'example_trigger_controller_dag' retrieved from /home/airflow/.local/lib/python3.12/site-packages/airflow/example_dags/example_trigger_controller_dag.py
[2025-03-11T03:18:17.776+0000] {logging_mixin.py:188} INFO - [2025-03-11T03:18:17.775+0000] {dag.py:3096} INFO - Sync 1 DAGs
[2025-03-11T03:18:17.929+0000] {logging_mixin.py:188} INFO - [2025-03-11T03:18:17.929+0000] {dag.py:3954} INFO - Setting next_dagrun for example_trigger_controller_dag to 2021-01-01 00:00:00+00:00, run_after=2021-01-01 00:00:00+00:00
[2025-03-11T03:18:17.950+0000] {processor.py:183} INFO - Processing /home/airflow/.local/lib/python3.12/site-packages/airflow/example_dags/example_trigger_controller_dag.py took 0.212 seconds
[2025-03-11T03:18:48.868+0000] {processor.py:161} INFO - Started process (PID=66254) to work on /home/airflow/.local/lib/python3.12/site-packages/airflow/example_dags/example_trigger_controller_dag.py
[2025-03-11T03:18:48.870+0000] {processor.py:830} INFO - Processing file /home/airflow/.local/lib/python3.12/site-packages/airflow/example_dags/example_trigger_controller_dag.py for tasks to queue
[2025-03-11T03:18:48.872+0000] {logging_mixin.py:188} INFO - [2025-03-11T03:18:48.871+0000] {dagbag.py:545} INFO - Filling up the DagBag from /home/airflow/.local/lib/python3.12/site-packages/airflow/example_dags/example_trigger_controller_dag.py
[2025-03-11T03:18:48.877+0000] {processor.py:840} INFO - DAG(s) 'example_trigger_controller_dag' retrieved from /home/airflow/.local/lib/python3.12/site-packages/airflow/example_dags/example_trigger_controller_dag.py
[2025-03-11T03:18:48.898+0000] {logging_mixin.py:188} INFO - [2025-03-11T03:18:48.897+0000] {dag.py:3096} INFO - Sync 1 DAGs
[2025-03-11T03:18:48.918+0000] {logging_mixin.py:188} INFO - [2025-03-11T03:18:48.918+0000] {dag.py:3954} INFO - Setting next_dagrun for example_trigger_controller_dag to 2021-01-01 00:00:00+00:00, run_after=2021-01-01 00:00:00+00:00
[2025-03-11T03:18:48.939+0000] {processor.py:183} INFO - Processing /home/airflow/.local/lib/python3.12/site-packages/airflow/example_dags/example_trigger_controller_dag.py took 0.076 seconds
[2025-03-11T03:19:21.069+0000] {processor.py:161} INFO - Started process (PID=66516) to work on /home/airflow/.local/lib/python3.12/site-packages/airflow/example_dags/example_trigger_controller_dag.py
[2025-03-11T03:19:21.074+0000] {processor.py:830} INFO - Processing file /home/airflow/.local/lib/python3.12/site-packages/airflow/example_dags/example_trigger_controller_dag.py for tasks to queue
[2025-03-11T03:19:21.078+0000] {logging_mixin.py:188} INFO - [2025-03-11T03:19:21.077+0000] {dagbag.py:545} INFO - Filling up the DagBag from /home/airflow/.local/lib/python3.12/site-packages/airflow/example_dags/example_trigger_controller_dag.py
[2025-03-11T03:19:21.085+0000] {processor.py:840} INFO - DAG(s) 'example_trigger_controller_dag' retrieved from /home/airflow/.local/lib/python3.12/site-packages/airflow/example_dags/example_trigger_controller_dag.py
[2025-03-11T03:19:21.112+0000] {logging_mixin.py:188} INFO - [2025-03-11T03:19:21.111+0000] {dag.py:3096} INFO - Sync 1 DAGs
[2025-03-11T03:19:21.146+0000] {logging_mixin.py:188} INFO - [2025-03-11T03:19:21.145+0000] {dag.py:3954} INFO - Setting next_dagrun for example_trigger_controller_dag to 2021-01-01 00:00:00+00:00, run_after=2021-01-01 00:00:00+00:00
[2025-03-11T03:19:21.179+0000] {processor.py:183} INFO - Processing /home/airflow/.local/lib/python3.12/site-packages/airflow/example_dags/example_trigger_controller_dag.py took 0.120 seconds
[2025-03-11T03:19:52.195+0000] {processor.py:161} INFO - Started process (PID=66778) to work on /home/airflow/.local/lib/python3.12/site-packages/airflow/example_dags/example_trigger_controller_dag.py
[2025-03-11T03:19:52.197+0000] {processor.py:830} INFO - Processing file /home/airflow/.local/lib/python3.12/site-packages/airflow/example_dags/example_trigger_controller_dag.py for tasks to queue
[2025-03-11T03:19:52.199+0000] {logging_mixin.py:188} INFO - [2025-03-11T03:19:52.199+0000] {dagbag.py:545} INFO - Filling up the DagBag from /home/airflow/.local/lib/python3.12/site-packages/airflow/example_dags/example_trigger_controller_dag.py
[2025-03-11T03:19:52.205+0000] {processor.py:840} INFO - DAG(s) 'example_trigger_controller_dag' retrieved from /home/airflow/.local/lib/python3.12/site-packages/airflow/example_dags/example_trigger_controller_dag.py
[2025-03-11T03:19:52.227+0000] {logging_mixin.py:188} INFO - [2025-03-11T03:19:52.227+0000] {dag.py:3096} INFO - Sync 1 DAGs
[2025-03-11T03:19:52.249+0000] {logging_mixin.py:188} INFO - [2025-03-11T03:19:52.248+0000] {dag.py:3954} INFO - Setting next_dagrun for example_trigger_controller_dag to 2021-01-01 00:00:00+00:00, run_after=2021-01-01 00:00:00+00:00
[2025-03-11T03:19:52.268+0000] {processor.py:183} INFO - Processing /home/airflow/.local/lib/python3.12/site-packages/airflow/example_dags/example_trigger_controller_dag.py took 0.080 seconds
[2025-03-11T03:20:25.237+0000] {processor.py:161} INFO - Started process (PID=67041) to work on /home/airflow/.local/lib/python3.12/site-packages/airflow/example_dags/example_trigger_controller_dag.py
[2025-03-11T03:20:25.243+0000] {processor.py:830} INFO - Processing file /home/airflow/.local/lib/python3.12/site-packages/airflow/example_dags/example_trigger_controller_dag.py for tasks to queue
[2025-03-11T03:20:25.252+0000] {logging_mixin.py:188} INFO - [2025-03-11T03:20:25.251+0000] {dagbag.py:545} INFO - Filling up the DagBag from /home/airflow/.local/lib/python3.12/site-packages/airflow/example_dags/example_trigger_controller_dag.py
[2025-03-11T03:20:25.259+0000] {processor.py:840} INFO - DAG(s) 'example_trigger_controller_dag' retrieved from /home/airflow/.local/lib/python3.12/site-packages/airflow/example_dags/example_trigger_controller_dag.py
[2025-03-11T03:20:25.280+0000] {logging_mixin.py:188} INFO - [2025-03-11T03:20:25.280+0000] {dag.py:3096} INFO - Sync 1 DAGs
[2025-03-11T03:20:25.301+0000] {logging_mixin.py:188} INFO - [2025-03-11T03:20:25.301+0000] {dag.py:3954} INFO - Setting next_dagrun for example_trigger_controller_dag to 2021-01-01 00:00:00+00:00, run_after=2021-01-01 00:00:00+00:00
[2025-03-11T03:20:25.324+0000] {processor.py:183} INFO - Processing /home/airflow/.local/lib/python3.12/site-packages/airflow/example_dags/example_trigger_controller_dag.py took 0.122 seconds
[2025-03-11T03:20:56.615+0000] {processor.py:161} INFO - Started process (PID=67301) to work on /home/airflow/.local/lib/python3.12/site-packages/airflow/example_dags/example_trigger_controller_dag.py
[2025-03-11T03:20:56.616+0000] {processor.py:830} INFO - Processing file /home/airflow/.local/lib/python3.12/site-packages/airflow/example_dags/example_trigger_controller_dag.py for tasks to queue
[2025-03-11T03:20:56.618+0000] {logging_mixin.py:188} INFO - [2025-03-11T03:20:56.617+0000] {dagbag.py:545} INFO - Filling up the DagBag from /home/airflow/.local/lib/python3.12/site-packages/airflow/example_dags/example_trigger_controller_dag.py
[2025-03-11T03:20:56.622+0000] {processor.py:840} INFO - DAG(s) 'example_trigger_controller_dag' retrieved from /home/airflow/.local/lib/python3.12/site-packages/airflow/example_dags/example_trigger_controller_dag.py
[2025-03-11T03:20:56.641+0000] {logging_mixin.py:188} INFO - [2025-03-11T03:20:56.641+0000] {dag.py:3096} INFO - Sync 1 DAGs
[2025-03-11T03:20:56.662+0000] {logging_mixin.py:188} INFO - [2025-03-11T03:20:56.662+0000] {dag.py:3954} INFO - Setting next_dagrun for example_trigger_controller_dag to 2021-01-01 00:00:00+00:00, run_after=2021-01-01 00:00:00+00:00
[2025-03-11T03:20:56.683+0000] {processor.py:183} INFO - Processing /home/airflow/.local/lib/python3.12/site-packages/airflow/example_dags/example_trigger_controller_dag.py took 0.074 seconds
[2025-03-11T03:21:29.606+0000] {processor.py:161} INFO - Started process (PID=67570) to work on /home/airflow/.local/lib/python3.12/site-packages/airflow/example_dags/example_trigger_controller_dag.py
[2025-03-11T03:21:29.608+0000] {processor.py:830} INFO - Processing file /home/airflow/.local/lib/python3.12/site-packages/airflow/example_dags/example_trigger_controller_dag.py for tasks to queue
[2025-03-11T03:21:29.610+0000] {logging_mixin.py:188} INFO - [2025-03-11T03:21:29.609+0000] {dagbag.py:545} INFO - Filling up the DagBag from /home/airflow/.local/lib/python3.12/site-packages/airflow/example_dags/example_trigger_controller_dag.py
[2025-03-11T03:21:29.617+0000] {processor.py:840} INFO - DAG(s) 'example_trigger_controller_dag' retrieved from /home/airflow/.local/lib/python3.12/site-packages/airflow/example_dags/example_trigger_controller_dag.py
[2025-03-11T03:21:29.643+0000] {logging_mixin.py:188} INFO - [2025-03-11T03:21:29.642+0000] {dag.py:3096} INFO - Sync 1 DAGs
[2025-03-11T03:21:29.672+0000] {logging_mixin.py:188} INFO - [2025-03-11T03:21:29.672+0000] {dag.py:3954} INFO - Setting next_dagrun for example_trigger_controller_dag to 2021-01-01 00:00:00+00:00, run_after=2021-01-01 00:00:00+00:00
[2025-03-11T03:21:29.695+0000] {processor.py:183} INFO - Processing /home/airflow/.local/lib/python3.12/site-packages/airflow/example_dags/example_trigger_controller_dag.py took 0.098 seconds
[2025-03-11T03:22:01.733+0000] {processor.py:161} INFO - Started process (PID=67830) to work on /home/airflow/.local/lib/python3.12/site-packages/airflow/example_dags/example_trigger_controller_dag.py
[2025-03-11T03:22:01.734+0000] {processor.py:830} INFO - Processing file /home/airflow/.local/lib/python3.12/site-packages/airflow/example_dags/example_trigger_controller_dag.py for tasks to queue
[2025-03-11T03:22:01.737+0000] {logging_mixin.py:188} INFO - [2025-03-11T03:22:01.736+0000] {dagbag.py:545} INFO - Filling up the DagBag from /home/airflow/.local/lib/python3.12/site-packages/airflow/example_dags/example_trigger_controller_dag.py
[2025-03-11T03:22:01.741+0000] {processor.py:840} INFO - DAG(s) 'example_trigger_controller_dag' retrieved from /home/airflow/.local/lib/python3.12/site-packages/airflow/example_dags/example_trigger_controller_dag.py
[2025-03-11T03:22:01.761+0000] {logging_mixin.py:188} INFO - [2025-03-11T03:22:01.760+0000] {dag.py:3096} INFO - Sync 1 DAGs
[2025-03-11T03:22:01.786+0000] {logging_mixin.py:188} INFO - [2025-03-11T03:22:01.786+0000] {dag.py:3954} INFO - Setting next_dagrun for example_trigger_controller_dag to 2021-01-01 00:00:00+00:00, run_after=2021-01-01 00:00:00+00:00
[2025-03-11T03:22:01.813+0000] {processor.py:183} INFO - Processing /home/airflow/.local/lib/python3.12/site-packages/airflow/example_dags/example_trigger_controller_dag.py took 0.086 seconds
[2025-03-11T03:22:34.315+0000] {processor.py:161} INFO - Started process (PID=68092) to work on /home/airflow/.local/lib/python3.12/site-packages/airflow/example_dags/example_trigger_controller_dag.py
[2025-03-11T03:22:34.317+0000] {processor.py:830} INFO - Processing file /home/airflow/.local/lib/python3.12/site-packages/airflow/example_dags/example_trigger_controller_dag.py for tasks to queue
[2025-03-11T03:22:34.320+0000] {logging_mixin.py:188} INFO - [2025-03-11T03:22:34.319+0000] {dagbag.py:545} INFO - Filling up the DagBag from /home/airflow/.local/lib/python3.12/site-packages/airflow/example_dags/example_trigger_controller_dag.py
[2025-03-11T03:22:34.327+0000] {processor.py:840} INFO - DAG(s) 'example_trigger_controller_dag' retrieved from /home/airflow/.local/lib/python3.12/site-packages/airflow/example_dags/example_trigger_controller_dag.py
[2025-03-11T03:22:34.348+0000] {logging_mixin.py:188} INFO - [2025-03-11T03:22:34.348+0000] {dag.py:3096} INFO - Sync 1 DAGs
[2025-03-11T03:22:34.369+0000] {logging_mixin.py:188} INFO - [2025-03-11T03:22:34.369+0000] {dag.py:3954} INFO - Setting next_dagrun for example_trigger_controller_dag to 2021-01-01 00:00:00+00:00, run_after=2021-01-01 00:00:00+00:00
[2025-03-11T03:22:34.390+0000] {processor.py:183} INFO - Processing /home/airflow/.local/lib/python3.12/site-packages/airflow/example_dags/example_trigger_controller_dag.py took 0.091 seconds
[2025-03-11T03:23:06.361+0000] {processor.py:161} INFO - Started process (PID=68364) to work on /home/airflow/.local/lib/python3.12/site-packages/airflow/example_dags/example_trigger_controller_dag.py
[2025-03-11T03:23:06.363+0000] {processor.py:830} INFO - Processing file /home/airflow/.local/lib/python3.12/site-packages/airflow/example_dags/example_trigger_controller_dag.py for tasks to queue
[2025-03-11T03:23:06.367+0000] {logging_mixin.py:188} INFO - [2025-03-11T03:23:06.366+0000] {dagbag.py:545} INFO - Filling up the DagBag from /home/airflow/.local/lib/python3.12/site-packages/airflow/example_dags/example_trigger_controller_dag.py
[2025-03-11T03:23:06.375+0000] {processor.py:840} INFO - DAG(s) 'example_trigger_controller_dag' retrieved from /home/airflow/.local/lib/python3.12/site-packages/airflow/example_dags/example_trigger_controller_dag.py
[2025-03-11T03:23:06.396+0000] {logging_mixin.py:188} INFO - [2025-03-11T03:23:06.396+0000] {dag.py:3096} INFO - Sync 1 DAGs
[2025-03-11T03:23:06.418+0000] {logging_mixin.py:188} INFO - [2025-03-11T03:23:06.417+0000] {dag.py:3954} INFO - Setting next_dagrun for example_trigger_controller_dag to 2021-01-01 00:00:00+00:00, run_after=2021-01-01 00:00:00+00:00
[2025-03-11T03:23:06.439+0000] {processor.py:183} INFO - Processing /home/airflow/.local/lib/python3.12/site-packages/airflow/example_dags/example_trigger_controller_dag.py took 0.090 seconds
[2025-03-11T03:23:37.946+0000] {processor.py:161} INFO - Started process (PID=68626) to work on /home/airflow/.local/lib/python3.12/site-packages/airflow/example_dags/example_trigger_controller_dag.py
[2025-03-11T03:23:37.947+0000] {processor.py:830} INFO - Processing file /home/airflow/.local/lib/python3.12/site-packages/airflow/example_dags/example_trigger_controller_dag.py for tasks to queue
[2025-03-11T03:23:37.949+0000] {logging_mixin.py:188} INFO - [2025-03-11T03:23:37.949+0000] {dagbag.py:545} INFO - Filling up the DagBag from /home/airflow/.local/lib/python3.12/site-packages/airflow/example_dags/example_trigger_controller_dag.py
[2025-03-11T03:23:37.954+0000] {processor.py:840} INFO - DAG(s) 'example_trigger_controller_dag' retrieved from /home/airflow/.local/lib/python3.12/site-packages/airflow/example_dags/example_trigger_controller_dag.py
[2025-03-11T03:23:37.978+0000] {logging_mixin.py:188} INFO - [2025-03-11T03:23:37.978+0000] {dag.py:3096} INFO - Sync 1 DAGs
[2025-03-11T03:23:37.999+0000] {logging_mixin.py:188} INFO - [2025-03-11T03:23:37.999+0000] {dag.py:3954} INFO - Setting next_dagrun for example_trigger_controller_dag to 2021-01-01 00:00:00+00:00, run_after=2021-01-01 00:00:00+00:00
[2025-03-11T03:23:38.020+0000] {processor.py:183} INFO - Processing /home/airflow/.local/lib/python3.12/site-packages/airflow/example_dags/example_trigger_controller_dag.py took 0.079 seconds
[2025-03-11T03:24:10.571+0000] {processor.py:161} INFO - Started process (PID=68890) to work on /home/airflow/.local/lib/python3.12/site-packages/airflow/example_dags/example_trigger_controller_dag.py
[2025-03-11T03:24:10.572+0000] {processor.py:830} INFO - Processing file /home/airflow/.local/lib/python3.12/site-packages/airflow/example_dags/example_trigger_controller_dag.py for tasks to queue
[2025-03-11T03:24:10.574+0000] {logging_mixin.py:188} INFO - [2025-03-11T03:24:10.574+0000] {dagbag.py:545} INFO - Filling up the DagBag from /home/airflow/.local/lib/python3.12/site-packages/airflow/example_dags/example_trigger_controller_dag.py
[2025-03-11T03:24:10.580+0000] {processor.py:840} INFO - DAG(s) 'example_trigger_controller_dag' retrieved from /home/airflow/.local/lib/python3.12/site-packages/airflow/example_dags/example_trigger_controller_dag.py
[2025-03-11T03:24:10.601+0000] {logging_mixin.py:188} INFO - [2025-03-11T03:24:10.601+0000] {dag.py:3096} INFO - Sync 1 DAGs
[2025-03-11T03:24:10.624+0000] {logging_mixin.py:188} INFO - [2025-03-11T03:24:10.624+0000] {dag.py:3954} INFO - Setting next_dagrun for example_trigger_controller_dag to 2021-01-01 00:00:00+00:00, run_after=2021-01-01 00:00:00+00:00
[2025-03-11T03:24:10.646+0000] {processor.py:183} INFO - Processing /home/airflow/.local/lib/python3.12/site-packages/airflow/example_dags/example_trigger_controller_dag.py took 0.082 seconds
[2025-03-11T03:24:42.619+0000] {processor.py:161} INFO - Started process (PID=69152) to work on /home/airflow/.local/lib/python3.12/site-packages/airflow/example_dags/example_trigger_controller_dag.py
[2025-03-11T03:24:42.620+0000] {processor.py:830} INFO - Processing file /home/airflow/.local/lib/python3.12/site-packages/airflow/example_dags/example_trigger_controller_dag.py for tasks to queue
[2025-03-11T03:24:42.622+0000] {logging_mixin.py:188} INFO - [2025-03-11T03:24:42.622+0000] {dagbag.py:545} INFO - Filling up the DagBag from /home/airflow/.local/lib/python3.12/site-packages/airflow/example_dags/example_trigger_controller_dag.py
[2025-03-11T03:24:42.627+0000] {processor.py:840} INFO - DAG(s) 'example_trigger_controller_dag' retrieved from /home/airflow/.local/lib/python3.12/site-packages/airflow/example_dags/example_trigger_controller_dag.py
[2025-03-11T03:24:42.646+0000] {logging_mixin.py:188} INFO - [2025-03-11T03:24:42.646+0000] {dag.py:3096} INFO - Sync 1 DAGs
[2025-03-11T03:24:42.666+0000] {logging_mixin.py:188} INFO - [2025-03-11T03:24:42.666+0000] {dag.py:3954} INFO - Setting next_dagrun for example_trigger_controller_dag to 2021-01-01 00:00:00+00:00, run_after=2021-01-01 00:00:00+00:00
[2025-03-11T03:24:42.686+0000] {processor.py:183} INFO - Processing /home/airflow/.local/lib/python3.12/site-packages/airflow/example_dags/example_trigger_controller_dag.py took 0.072 seconds
[2025-03-11T03:25:14.297+0000] {processor.py:161} INFO - Started process (PID=69412) to work on /home/airflow/.local/lib/python3.12/site-packages/airflow/example_dags/example_trigger_controller_dag.py
[2025-03-11T03:25:14.298+0000] {processor.py:830} INFO - Processing file /home/airflow/.local/lib/python3.12/site-packages/airflow/example_dags/example_trigger_controller_dag.py for tasks to queue
[2025-03-11T03:25:14.301+0000] {logging_mixin.py:188} INFO - [2025-03-11T03:25:14.301+0000] {dagbag.py:545} INFO - Filling up the DagBag from /home/airflow/.local/lib/python3.12/site-packages/airflow/example_dags/example_trigger_controller_dag.py
[2025-03-11T03:25:14.309+0000] {processor.py:840} INFO - DAG(s) 'example_trigger_controller_dag' retrieved from /home/airflow/.local/lib/python3.12/site-packages/airflow/example_dags/example_trigger_controller_dag.py
[2025-03-11T03:25:14.338+0000] {logging_mixin.py:188} INFO - [2025-03-11T03:25:14.337+0000] {dag.py:3096} INFO - Sync 1 DAGs
[2025-03-11T03:25:14.369+0000] {logging_mixin.py:188} INFO - [2025-03-11T03:25:14.369+0000] {dag.py:3954} INFO - Setting next_dagrun for example_trigger_controller_dag to 2021-01-01 00:00:00+00:00, run_after=2021-01-01 00:00:00+00:00
[2025-03-11T03:25:14.397+0000] {processor.py:183} INFO - Processing /home/airflow/.local/lib/python3.12/site-packages/airflow/example_dags/example_trigger_controller_dag.py took 0.109 seconds
[2025-03-11T03:25:46.450+0000] {processor.py:161} INFO - Started process (PID=69676) to work on /home/airflow/.local/lib/python3.12/site-packages/airflow/example_dags/example_trigger_controller_dag.py
[2025-03-11T03:25:46.452+0000] {processor.py:830} INFO - Processing file /home/airflow/.local/lib/python3.12/site-packages/airflow/example_dags/example_trigger_controller_dag.py for tasks to queue
[2025-03-11T03:25:46.455+0000] {logging_mixin.py:188} INFO - [2025-03-11T03:25:46.455+0000] {dagbag.py:545} INFO - Filling up the DagBag from /home/airflow/.local/lib/python3.12/site-packages/airflow/example_dags/example_trigger_controller_dag.py
[2025-03-11T03:25:46.461+0000] {processor.py:840} INFO - DAG(s) 'example_trigger_controller_dag' retrieved from /home/airflow/.local/lib/python3.12/site-packages/airflow/example_dags/example_trigger_controller_dag.py
[2025-03-11T03:25:46.483+0000] {logging_mixin.py:188} INFO - [2025-03-11T03:25:46.482+0000] {dag.py:3096} INFO - Sync 1 DAGs
[2025-03-11T03:25:46.506+0000] {logging_mixin.py:188} INFO - [2025-03-11T03:25:46.506+0000] {dag.py:3954} INFO - Setting next_dagrun for example_trigger_controller_dag to 2021-01-01 00:00:00+00:00, run_after=2021-01-01 00:00:00+00:00
[2025-03-11T03:25:46.532+0000] {processor.py:183} INFO - Processing /home/airflow/.local/lib/python3.12/site-packages/airflow/example_dags/example_trigger_controller_dag.py took 0.095 seconds
[2025-03-11T03:26:19.183+0000] {processor.py:161} INFO - Started process (PID=69938) to work on /home/airflow/.local/lib/python3.12/site-packages/airflow/example_dags/example_trigger_controller_dag.py
[2025-03-11T03:26:19.184+0000] {processor.py:830} INFO - Processing file /home/airflow/.local/lib/python3.12/site-packages/airflow/example_dags/example_trigger_controller_dag.py for tasks to queue
[2025-03-11T03:26:19.187+0000] {logging_mixin.py:188} INFO - [2025-03-11T03:26:19.186+0000] {dagbag.py:545} INFO - Filling up the DagBag from /home/airflow/.local/lib/python3.12/site-packages/airflow/example_dags/example_trigger_controller_dag.py
[2025-03-11T03:26:19.192+0000] {processor.py:840} INFO - DAG(s) 'example_trigger_controller_dag' retrieved from /home/airflow/.local/lib/python3.12/site-packages/airflow/example_dags/example_trigger_controller_dag.py
[2025-03-11T03:26:19.213+0000] {logging_mixin.py:188} INFO - [2025-03-11T03:26:19.213+0000] {dag.py:3096} INFO - Sync 1 DAGs
[2025-03-11T03:26:19.236+0000] {logging_mixin.py:188} INFO - [2025-03-11T03:26:19.236+0000] {dag.py:3954} INFO - Setting next_dagrun for example_trigger_controller_dag to 2021-01-01 00:00:00+00:00, run_after=2021-01-01 00:00:00+00:00
[2025-03-11T03:26:19.255+0000] {processor.py:183} INFO - Processing /home/airflow/.local/lib/python3.12/site-packages/airflow/example_dags/example_trigger_controller_dag.py took 0.084 seconds
[2025-03-11T03:26:50.178+0000] {processor.py:161} INFO - Started process (PID=70198) to work on /home/airflow/.local/lib/python3.12/site-packages/airflow/example_dags/example_trigger_controller_dag.py
[2025-03-11T03:26:50.179+0000] {processor.py:830} INFO - Processing file /home/airflow/.local/lib/python3.12/site-packages/airflow/example_dags/example_trigger_controller_dag.py for tasks to queue
[2025-03-11T03:26:50.181+0000] {logging_mixin.py:188} INFO - [2025-03-11T03:26:50.181+0000] {dagbag.py:545} INFO - Filling up the DagBag from /home/airflow/.local/lib/python3.12/site-packages/airflow/example_dags/example_trigger_controller_dag.py
[2025-03-11T03:26:50.186+0000] {processor.py:840} INFO - DAG(s) 'example_trigger_controller_dag' retrieved from /home/airflow/.local/lib/python3.12/site-packages/airflow/example_dags/example_trigger_controller_dag.py
[2025-03-11T03:26:50.206+0000] {logging_mixin.py:188} INFO - [2025-03-11T03:26:50.206+0000] {dag.py:3096} INFO - Sync 1 DAGs
[2025-03-11T03:26:50.227+0000] {logging_mixin.py:188} INFO - [2025-03-11T03:26:50.227+0000] {dag.py:3954} INFO - Setting next_dagrun for example_trigger_controller_dag to 2021-01-01 00:00:00+00:00, run_after=2021-01-01 00:00:00+00:00
[2025-03-11T03:26:50.245+0000] {processor.py:183} INFO - Processing /home/airflow/.local/lib/python3.12/site-packages/airflow/example_dags/example_trigger_controller_dag.py took 0.073 seconds
[2025-03-11T03:27:22.971+0000] {processor.py:161} INFO - Started process (PID=70462) to work on /home/airflow/.local/lib/python3.12/site-packages/airflow/example_dags/example_trigger_controller_dag.py
[2025-03-11T03:27:22.972+0000] {processor.py:830} INFO - Processing file /home/airflow/.local/lib/python3.12/site-packages/airflow/example_dags/example_trigger_controller_dag.py for tasks to queue
[2025-03-11T03:27:22.974+0000] {logging_mixin.py:188} INFO - [2025-03-11T03:27:22.974+0000] {dagbag.py:545} INFO - Filling up the DagBag from /home/airflow/.local/lib/python3.12/site-packages/airflow/example_dags/example_trigger_controller_dag.py
[2025-03-11T03:27:22.979+0000] {processor.py:840} INFO - DAG(s) 'example_trigger_controller_dag' retrieved from /home/airflow/.local/lib/python3.12/site-packages/airflow/example_dags/example_trigger_controller_dag.py
[2025-03-11T03:27:23.000+0000] {logging_mixin.py:188} INFO - [2025-03-11T03:27:23.000+0000] {dag.py:3096} INFO - Sync 1 DAGs
[2025-03-11T03:27:23.024+0000] {logging_mixin.py:188} INFO - [2025-03-11T03:27:23.024+0000] {dag.py:3954} INFO - Setting next_dagrun for example_trigger_controller_dag to 2021-01-01 00:00:00+00:00, run_after=2021-01-01 00:00:00+00:00
[2025-03-11T03:27:23.046+0000] {processor.py:183} INFO - Processing /home/airflow/.local/lib/python3.12/site-packages/airflow/example_dags/example_trigger_controller_dag.py took 0.082 seconds
[2025-03-11T03:27:54.801+0000] {processor.py:161} INFO - Started process (PID=70724) to work on /home/airflow/.local/lib/python3.12/site-packages/airflow/example_dags/example_trigger_controller_dag.py
[2025-03-11T03:27:54.803+0000] {processor.py:830} INFO - Processing file /home/airflow/.local/lib/python3.12/site-packages/airflow/example_dags/example_trigger_controller_dag.py for tasks to queue
[2025-03-11T03:27:54.807+0000] {logging_mixin.py:188} INFO - [2025-03-11T03:27:54.807+0000] {dagbag.py:545} INFO - Filling up the DagBag from /home/airflow/.local/lib/python3.12/site-packages/airflow/example_dags/example_trigger_controller_dag.py
[2025-03-11T03:27:54.813+0000] {processor.py:840} INFO - DAG(s) 'example_trigger_controller_dag' retrieved from /home/airflow/.local/lib/python3.12/site-packages/airflow/example_dags/example_trigger_controller_dag.py
[2025-03-11T03:27:54.832+0000] {logging_mixin.py:188} INFO - [2025-03-11T03:27:54.832+0000] {dag.py:3096} INFO - Sync 1 DAGs
[2025-03-11T03:27:54.854+0000] {logging_mixin.py:188} INFO - [2025-03-11T03:27:54.854+0000] {dag.py:3954} INFO - Setting next_dagrun for example_trigger_controller_dag to 2021-01-01 00:00:00+00:00, run_after=2021-01-01 00:00:00+00:00
[2025-03-11T03:27:54.873+0000] {processor.py:183} INFO - Processing /home/airflow/.local/lib/python3.12/site-packages/airflow/example_dags/example_trigger_controller_dag.py took 0.104 seconds
[2025-03-11T03:28:27.509+0000] {processor.py:161} INFO - Started process (PID=70984) to work on /home/airflow/.local/lib/python3.12/site-packages/airflow/example_dags/example_trigger_controller_dag.py
[2025-03-11T03:28:27.512+0000] {processor.py:830} INFO - Processing file /home/airflow/.local/lib/python3.12/site-packages/airflow/example_dags/example_trigger_controller_dag.py for tasks to queue
[2025-03-11T03:28:27.521+0000] {logging_mixin.py:188} INFO - [2025-03-11T03:28:27.521+0000] {dagbag.py:545} INFO - Filling up the DagBag from /home/airflow/.local/lib/python3.12/site-packages/airflow/example_dags/example_trigger_controller_dag.py
[2025-03-11T03:28:27.528+0000] {processor.py:840} INFO - DAG(s) 'example_trigger_controller_dag' retrieved from /home/airflow/.local/lib/python3.12/site-packages/airflow/example_dags/example_trigger_controller_dag.py
[2025-03-11T03:28:27.560+0000] {logging_mixin.py:188} INFO - [2025-03-11T03:28:27.559+0000] {dag.py:3096} INFO - Sync 1 DAGs
[2025-03-11T03:28:27.583+0000] {logging_mixin.py:188} INFO - [2025-03-11T03:28:27.583+0000] {dag.py:3954} INFO - Setting next_dagrun for example_trigger_controller_dag to 2021-01-01 00:00:00+00:00, run_after=2021-01-01 00:00:00+00:00
[2025-03-11T03:28:27.607+0000] {processor.py:183} INFO - Processing /home/airflow/.local/lib/python3.12/site-packages/airflow/example_dags/example_trigger_controller_dag.py took 0.105 seconds
[2025-03-11T03:28:59.576+0000] {processor.py:161} INFO - Started process (PID=71248) to work on /home/airflow/.local/lib/python3.12/site-packages/airflow/example_dags/example_trigger_controller_dag.py
[2025-03-11T03:28:59.578+0000] {processor.py:830} INFO - Processing file /home/airflow/.local/lib/python3.12/site-packages/airflow/example_dags/example_trigger_controller_dag.py for tasks to queue
[2025-03-11T03:28:59.580+0000] {logging_mixin.py:188} INFO - [2025-03-11T03:28:59.580+0000] {dagbag.py:545} INFO - Filling up the DagBag from /home/airflow/.local/lib/python3.12/site-packages/airflow/example_dags/example_trigger_controller_dag.py
[2025-03-11T03:28:59.587+0000] {processor.py:840} INFO - DAG(s) 'example_trigger_controller_dag' retrieved from /home/airflow/.local/lib/python3.12/site-packages/airflow/example_dags/example_trigger_controller_dag.py
[2025-03-11T03:28:59.611+0000] {logging_mixin.py:188} INFO - [2025-03-11T03:28:59.610+0000] {dag.py:3096} INFO - Sync 1 DAGs
[2025-03-11T03:28:59.639+0000] {logging_mixin.py:188} INFO - [2025-03-11T03:28:59.639+0000] {dag.py:3954} INFO - Setting next_dagrun for example_trigger_controller_dag to 2021-01-01 00:00:00+00:00, run_after=2021-01-01 00:00:00+00:00
[2025-03-11T03:28:59.671+0000] {processor.py:183} INFO - Processing /home/airflow/.local/lib/python3.12/site-packages/airflow/example_dags/example_trigger_controller_dag.py took 0.102 seconds
[2025-03-11T03:29:31.666+0000] {processor.py:161} INFO - Started process (PID=71510) to work on /home/airflow/.local/lib/python3.12/site-packages/airflow/example_dags/example_trigger_controller_dag.py
[2025-03-11T03:29:31.667+0000] {processor.py:830} INFO - Processing file /home/airflow/.local/lib/python3.12/site-packages/airflow/example_dags/example_trigger_controller_dag.py for tasks to queue
[2025-03-11T03:29:31.673+0000] {logging_mixin.py:188} INFO - [2025-03-11T03:29:31.672+0000] {dagbag.py:545} INFO - Filling up the DagBag from /home/airflow/.local/lib/python3.12/site-packages/airflow/example_dags/example_trigger_controller_dag.py
[2025-03-11T03:29:31.692+0000] {processor.py:840} INFO - DAG(s) 'example_trigger_controller_dag' retrieved from /home/airflow/.local/lib/python3.12/site-packages/airflow/example_dags/example_trigger_controller_dag.py
[2025-03-11T03:29:31.726+0000] {logging_mixin.py:188} INFO - [2025-03-11T03:29:31.725+0000] {dag.py:3096} INFO - Sync 1 DAGs
[2025-03-11T03:29:31.753+0000] {logging_mixin.py:188} INFO - [2025-03-11T03:29:31.753+0000] {dag.py:3954} INFO - Setting next_dagrun for example_trigger_controller_dag to 2021-01-01 00:00:00+00:00, run_after=2021-01-01 00:00:00+00:00
[2025-03-11T03:29:31.799+0000] {processor.py:183} INFO - Processing /home/airflow/.local/lib/python3.12/site-packages/airflow/example_dags/example_trigger_controller_dag.py took 0.142 seconds
[2025-03-11T03:30:03.496+0000] {processor.py:161} INFO - Started process (PID=71772) to work on /home/airflow/.local/lib/python3.12/site-packages/airflow/example_dags/example_trigger_controller_dag.py
[2025-03-11T03:30:03.510+0000] {processor.py:830} INFO - Processing file /home/airflow/.local/lib/python3.12/site-packages/airflow/example_dags/example_trigger_controller_dag.py for tasks to queue
[2025-03-11T03:30:03.528+0000] {logging_mixin.py:188} INFO - [2025-03-11T03:30:03.527+0000] {dagbag.py:545} INFO - Filling up the DagBag from /home/airflow/.local/lib/python3.12/site-packages/airflow/example_dags/example_trigger_controller_dag.py
[2025-03-11T03:30:03.562+0000] {processor.py:840} INFO - DAG(s) 'example_trigger_controller_dag' retrieved from /home/airflow/.local/lib/python3.12/site-packages/airflow/example_dags/example_trigger_controller_dag.py
[2025-03-11T03:30:03.610+0000] {logging_mixin.py:188} INFO - [2025-03-11T03:30:03.610+0000] {dag.py:3096} INFO - Sync 1 DAGs
[2025-03-11T03:30:03.666+0000] {logging_mixin.py:188} INFO - [2025-03-11T03:30:03.666+0000] {dag.py:3954} INFO - Setting next_dagrun for example_trigger_controller_dag to 2021-01-01 00:00:00+00:00, run_after=2021-01-01 00:00:00+00:00
[2025-03-11T03:30:03.718+0000] {processor.py:183} INFO - Processing /home/airflow/.local/lib/python3.12/site-packages/airflow/example_dags/example_trigger_controller_dag.py took 0.239 seconds
[2025-03-11T03:30:36.183+0000] {processor.py:161} INFO - Started process (PID=72032) to work on /home/airflow/.local/lib/python3.12/site-packages/airflow/example_dags/example_trigger_controller_dag.py
[2025-03-11T03:30:36.184+0000] {processor.py:830} INFO - Processing file /home/airflow/.local/lib/python3.12/site-packages/airflow/example_dags/example_trigger_controller_dag.py for tasks to queue
[2025-03-11T03:30:36.187+0000] {logging_mixin.py:188} INFO - [2025-03-11T03:30:36.186+0000] {dagbag.py:545} INFO - Filling up the DagBag from /home/airflow/.local/lib/python3.12/site-packages/airflow/example_dags/example_trigger_controller_dag.py
[2025-03-11T03:30:36.191+0000] {processor.py:840} INFO - DAG(s) 'example_trigger_controller_dag' retrieved from /home/airflow/.local/lib/python3.12/site-packages/airflow/example_dags/example_trigger_controller_dag.py
[2025-03-11T03:30:36.211+0000] {logging_mixin.py:188} INFO - [2025-03-11T03:30:36.210+0000] {dag.py:3096} INFO - Sync 1 DAGs
[2025-03-11T03:30:36.237+0000] {logging_mixin.py:188} INFO - [2025-03-11T03:30:36.237+0000] {dag.py:3954} INFO - Setting next_dagrun for example_trigger_controller_dag to 2021-01-01 00:00:00+00:00, run_after=2021-01-01 00:00:00+00:00
[2025-03-11T03:30:36.266+0000] {processor.py:183} INFO - Processing /home/airflow/.local/lib/python3.12/site-packages/airflow/example_dags/example_trigger_controller_dag.py took 0.089 seconds
[2025-03-11T03:31:06.771+0000] {processor.py:161} INFO - Started process (PID=72294) to work on /home/airflow/.local/lib/python3.12/site-packages/airflow/example_dags/example_trigger_controller_dag.py
[2025-03-11T03:31:06.773+0000] {processor.py:830} INFO - Processing file /home/airflow/.local/lib/python3.12/site-packages/airflow/example_dags/example_trigger_controller_dag.py for tasks to queue
[2025-03-11T03:31:06.776+0000] {logging_mixin.py:188} INFO - [2025-03-11T03:31:06.775+0000] {dagbag.py:545} INFO - Filling up the DagBag from /home/airflow/.local/lib/python3.12/site-packages/airflow/example_dags/example_trigger_controller_dag.py
[2025-03-11T03:31:06.781+0000] {processor.py:840} INFO - DAG(s) 'example_trigger_controller_dag' retrieved from /home/airflow/.local/lib/python3.12/site-packages/airflow/example_dags/example_trigger_controller_dag.py
[2025-03-11T03:31:06.802+0000] {logging_mixin.py:188} INFO - [2025-03-11T03:31:06.801+0000] {dag.py:3096} INFO - Sync 1 DAGs
[2025-03-11T03:31:06.824+0000] {logging_mixin.py:188} INFO - [2025-03-11T03:31:06.824+0000] {dag.py:3954} INFO - Setting next_dagrun for example_trigger_controller_dag to 2021-01-01 00:00:00+00:00, run_after=2021-01-01 00:00:00+00:00
[2025-03-11T03:31:06.843+0000] {processor.py:183} INFO - Processing /home/airflow/.local/lib/python3.12/site-packages/airflow/example_dags/example_trigger_controller_dag.py took 0.078 seconds
[2025-03-11T03:31:39.701+0000] {processor.py:161} INFO - Started process (PID=72556) to work on /home/airflow/.local/lib/python3.12/site-packages/airflow/example_dags/example_trigger_controller_dag.py
[2025-03-11T03:31:39.703+0000] {processor.py:830} INFO - Processing file /home/airflow/.local/lib/python3.12/site-packages/airflow/example_dags/example_trigger_controller_dag.py for tasks to queue
[2025-03-11T03:31:39.707+0000] {logging_mixin.py:188} INFO - [2025-03-11T03:31:39.706+0000] {dagbag.py:545} INFO - Filling up the DagBag from /home/airflow/.local/lib/python3.12/site-packages/airflow/example_dags/example_trigger_controller_dag.py
[2025-03-11T03:31:39.714+0000] {processor.py:840} INFO - DAG(s) 'example_trigger_controller_dag' retrieved from /home/airflow/.local/lib/python3.12/site-packages/airflow/example_dags/example_trigger_controller_dag.py
[2025-03-11T03:31:39.739+0000] {logging_mixin.py:188} INFO - [2025-03-11T03:31:39.738+0000] {dag.py:3096} INFO - Sync 1 DAGs
[2025-03-11T03:31:39.760+0000] {logging_mixin.py:188} INFO - [2025-03-11T03:31:39.759+0000] {dag.py:3954} INFO - Setting next_dagrun for example_trigger_controller_dag to 2021-01-01 00:00:00+00:00, run_after=2021-01-01 00:00:00+00:00
[2025-03-11T03:31:39.783+0000] {processor.py:183} INFO - Processing /home/airflow/.local/lib/python3.12/site-packages/airflow/example_dags/example_trigger_controller_dag.py took 0.101 seconds
[2025-03-11T03:32:11.086+0000] {processor.py:161} INFO - Started process (PID=72818) to work on /home/airflow/.local/lib/python3.12/site-packages/airflow/example_dags/example_trigger_controller_dag.py
[2025-03-11T03:32:11.088+0000] {processor.py:830} INFO - Processing file /home/airflow/.local/lib/python3.12/site-packages/airflow/example_dags/example_trigger_controller_dag.py for tasks to queue
[2025-03-11T03:32:11.090+0000] {logging_mixin.py:188} INFO - [2025-03-11T03:32:11.090+0000] {dagbag.py:545} INFO - Filling up the DagBag from /home/airflow/.local/lib/python3.12/site-packages/airflow/example_dags/example_trigger_controller_dag.py
[2025-03-11T03:32:11.096+0000] {processor.py:840} INFO - DAG(s) 'example_trigger_controller_dag' retrieved from /home/airflow/.local/lib/python3.12/site-packages/airflow/example_dags/example_trigger_controller_dag.py
[2025-03-11T03:32:11.118+0000] {logging_mixin.py:188} INFO - [2025-03-11T03:32:11.118+0000] {dag.py:3096} INFO - Sync 1 DAGs
[2025-03-11T03:32:11.145+0000] {logging_mixin.py:188} INFO - [2025-03-11T03:32:11.145+0000] {dag.py:3954} INFO - Setting next_dagrun for example_trigger_controller_dag to 2021-01-01 00:00:00+00:00, run_after=2021-01-01 00:00:00+00:00
[2025-03-11T03:32:11.166+0000] {processor.py:183} INFO - Processing /home/airflow/.local/lib/python3.12/site-packages/airflow/example_dags/example_trigger_controller_dag.py took 0.086 seconds
[2025-03-11T03:32:43.312+0000] {processor.py:161} INFO - Started process (PID=73080) to work on /home/airflow/.local/lib/python3.12/site-packages/airflow/example_dags/example_trigger_controller_dag.py
[2025-03-11T03:32:43.313+0000] {processor.py:830} INFO - Processing file /home/airflow/.local/lib/python3.12/site-packages/airflow/example_dags/example_trigger_controller_dag.py for tasks to queue
[2025-03-11T03:32:43.316+0000] {logging_mixin.py:188} INFO - [2025-03-11T03:32:43.316+0000] {dagbag.py:545} INFO - Filling up the DagBag from /home/airflow/.local/lib/python3.12/site-packages/airflow/example_dags/example_trigger_controller_dag.py
[2025-03-11T03:32:43.323+0000] {processor.py:840} INFO - DAG(s) 'example_trigger_controller_dag' retrieved from /home/airflow/.local/lib/python3.12/site-packages/airflow/example_dags/example_trigger_controller_dag.py
[2025-03-11T03:32:43.354+0000] {logging_mixin.py:188} INFO - [2025-03-11T03:32:43.354+0000] {dag.py:3096} INFO - Sync 1 DAGs
[2025-03-11T03:32:43.377+0000] {logging_mixin.py:188} INFO - [2025-03-11T03:32:43.377+0000] {dag.py:3954} INFO - Setting next_dagrun for example_trigger_controller_dag to 2021-01-01 00:00:00+00:00, run_after=2021-01-01 00:00:00+00:00
[2025-03-11T03:32:43.400+0000] {processor.py:183} INFO - Processing /home/airflow/.local/lib/python3.12/site-packages/airflow/example_dags/example_trigger_controller_dag.py took 0.097 seconds
