[2025-03-11T03:05:15.366+0000] {processor.py:161} INFO - Started process (PID=59455) to work on /home/airflow/.local/lib/python3.12/site-packages/airflow/example_dags/tutorial.py
[2025-03-11T03:05:15.369+0000] {processor.py:830} INFO - Processing file /home/airflow/.local/lib/python3.12/site-packages/airflow/example_dags/tutorial.py for tasks to queue
[2025-03-11T03:05:15.375+0000] {logging_mixin.py:188} INFO - [2025-03-11T03:05:15.374+0000] {dagbag.py:545} INFO - Filling up the DagBag from /home/airflow/.local/lib/python3.12/site-packages/airflow/example_dags/tutorial.py
[2025-03-11T03:05:15.388+0000] {processor.py:840} INFO - DAG(s) 'tutorial' retrieved from /home/airflow/.local/lib/python3.12/site-packages/airflow/example_dags/tutorial.py
[2025-03-11T03:05:15.419+0000] {logging_mixin.py:188} INFO - [2025-03-11T03:05:15.418+0000] {dag.py:3096} INFO - Sync 1 DAGs
[2025-03-11T03:05:15.449+0000] {logging_mixin.py:188} INFO - [2025-03-11T03:05:15.449+0000] {dag.py:3954} INFO - Setting next_dagrun for tutorial to 2025-03-10 00:00:00+00:00, run_after=2025-03-11 00:00:00+00:00
[2025-03-11T03:05:15.475+0000] {processor.py:183} INFO - Processing /home/airflow/.local/lib/python3.12/site-packages/airflow/example_dags/tutorial.py took 0.114 seconds
[2025-03-11T03:05:46.014+0000] {processor.py:161} INFO - Started process (PID=59717) to work on /home/airflow/.local/lib/python3.12/site-packages/airflow/example_dags/tutorial.py
[2025-03-11T03:05:46.015+0000] {processor.py:830} INFO - Processing file /home/airflow/.local/lib/python3.12/site-packages/airflow/example_dags/tutorial.py for tasks to queue
[2025-03-11T03:05:46.019+0000] {logging_mixin.py:188} INFO - [2025-03-11T03:05:46.019+0000] {dagbag.py:545} INFO - Filling up the DagBag from /home/airflow/.local/lib/python3.12/site-packages/airflow/example_dags/tutorial.py
[2025-03-11T03:05:46.026+0000] {processor.py:840} INFO - DAG(s) 'tutorial' retrieved from /home/airflow/.local/lib/python3.12/site-packages/airflow/example_dags/tutorial.py
[2025-03-11T03:05:46.058+0000] {logging_mixin.py:188} INFO - [2025-03-11T03:05:46.058+0000] {dag.py:3096} INFO - Sync 1 DAGs
[2025-03-11T03:05:46.091+0000] {logging_mixin.py:188} INFO - [2025-03-11T03:05:46.091+0000] {dag.py:3954} INFO - Setting next_dagrun for tutorial to 2025-03-10 00:00:00+00:00, run_after=2025-03-11 00:00:00+00:00
[2025-03-11T03:05:46.288+0000] {processor.py:183} INFO - Processing /home/airflow/.local/lib/python3.12/site-packages/airflow/example_dags/tutorial.py took 0.281 seconds
[2025-03-11T03:06:16.407+0000] {processor.py:161} INFO - Started process (PID=59984) to work on /home/airflow/.local/lib/python3.12/site-packages/airflow/example_dags/tutorial.py
[2025-03-11T03:06:16.408+0000] {processor.py:830} INFO - Processing file /home/airflow/.local/lib/python3.12/site-packages/airflow/example_dags/tutorial.py for tasks to queue
[2025-03-11T03:06:16.410+0000] {logging_mixin.py:188} INFO - [2025-03-11T03:06:16.409+0000] {dagbag.py:545} INFO - Filling up the DagBag from /home/airflow/.local/lib/python3.12/site-packages/airflow/example_dags/tutorial.py
[2025-03-11T03:06:16.415+0000] {processor.py:840} INFO - DAG(s) 'tutorial' retrieved from /home/airflow/.local/lib/python3.12/site-packages/airflow/example_dags/tutorial.py
[2025-03-11T03:06:16.434+0000] {logging_mixin.py:188} INFO - [2025-03-11T03:06:16.434+0000] {dag.py:3096} INFO - Sync 1 DAGs
[2025-03-11T03:06:16.452+0000] {logging_mixin.py:188} INFO - [2025-03-11T03:06:16.451+0000] {dag.py:3954} INFO - Setting next_dagrun for tutorial to 2025-03-10 00:00:00+00:00, run_after=2025-03-11 00:00:00+00:00
[2025-03-11T03:06:16.470+0000] {processor.py:183} INFO - Processing /home/airflow/.local/lib/python3.12/site-packages/airflow/example_dags/tutorial.py took 0.070 seconds
[2025-03-11T03:06:46.956+0000] {processor.py:161} INFO - Started process (PID=60241) to work on /home/airflow/.local/lib/python3.12/site-packages/airflow/example_dags/tutorial.py
[2025-03-11T03:06:46.958+0000] {processor.py:830} INFO - Processing file /home/airflow/.local/lib/python3.12/site-packages/airflow/example_dags/tutorial.py for tasks to queue
[2025-03-11T03:06:46.962+0000] {logging_mixin.py:188} INFO - [2025-03-11T03:06:46.961+0000] {dagbag.py:545} INFO - Filling up the DagBag from /home/airflow/.local/lib/python3.12/site-packages/airflow/example_dags/tutorial.py
[2025-03-11T03:06:46.971+0000] {processor.py:840} INFO - DAG(s) 'tutorial' retrieved from /home/airflow/.local/lib/python3.12/site-packages/airflow/example_dags/tutorial.py
[2025-03-11T03:06:46.999+0000] {logging_mixin.py:188} INFO - [2025-03-11T03:06:46.998+0000] {dag.py:3096} INFO - Sync 1 DAGs
[2025-03-11T03:06:47.021+0000] {logging_mixin.py:188} INFO - [2025-03-11T03:06:47.020+0000] {dag.py:3954} INFO - Setting next_dagrun for tutorial to 2025-03-10 00:00:00+00:00, run_after=2025-03-11 00:00:00+00:00
[2025-03-11T03:06:47.040+0000] {processor.py:183} INFO - Processing /home/airflow/.local/lib/python3.12/site-packages/airflow/example_dags/tutorial.py took 0.092 seconds
[2025-03-11T03:07:17.585+0000] {processor.py:161} INFO - Started process (PID=60503) to work on /home/airflow/.local/lib/python3.12/site-packages/airflow/example_dags/tutorial.py
[2025-03-11T03:07:17.587+0000] {processor.py:830} INFO - Processing file /home/airflow/.local/lib/python3.12/site-packages/airflow/example_dags/tutorial.py for tasks to queue
[2025-03-11T03:07:17.592+0000] {logging_mixin.py:188} INFO - [2025-03-11T03:07:17.592+0000] {dagbag.py:545} INFO - Filling up the DagBag from /home/airflow/.local/lib/python3.12/site-packages/airflow/example_dags/tutorial.py
[2025-03-11T03:07:17.602+0000] {processor.py:840} INFO - DAG(s) 'tutorial' retrieved from /home/airflow/.local/lib/python3.12/site-packages/airflow/example_dags/tutorial.py
[2025-03-11T03:07:17.630+0000] {logging_mixin.py:188} INFO - [2025-03-11T03:07:17.630+0000] {dag.py:3096} INFO - Sync 1 DAGs
[2025-03-11T03:07:17.662+0000] {logging_mixin.py:188} INFO - [2025-03-11T03:07:17.661+0000] {dag.py:3954} INFO - Setting next_dagrun for tutorial to 2025-03-10 00:00:00+00:00, run_after=2025-03-11 00:00:00+00:00
[2025-03-11T03:07:17.695+0000] {processor.py:183} INFO - Processing /home/airflow/.local/lib/python3.12/site-packages/airflow/example_dags/tutorial.py took 0.117 seconds
[2025-03-11T03:07:47.838+0000] {processor.py:161} INFO - Started process (PID=60757) to work on /home/airflow/.local/lib/python3.12/site-packages/airflow/example_dags/tutorial.py
[2025-03-11T03:07:47.839+0000] {processor.py:830} INFO - Processing file /home/airflow/.local/lib/python3.12/site-packages/airflow/example_dags/tutorial.py for tasks to queue
[2025-03-11T03:07:47.841+0000] {logging_mixin.py:188} INFO - [2025-03-11T03:07:47.841+0000] {dagbag.py:545} INFO - Filling up the DagBag from /home/airflow/.local/lib/python3.12/site-packages/airflow/example_dags/tutorial.py
[2025-03-11T03:07:47.847+0000] {processor.py:840} INFO - DAG(s) 'tutorial' retrieved from /home/airflow/.local/lib/python3.12/site-packages/airflow/example_dags/tutorial.py
[2025-03-11T03:07:47.865+0000] {logging_mixin.py:188} INFO - [2025-03-11T03:07:47.864+0000] {dag.py:3096} INFO - Sync 1 DAGs
[2025-03-11T03:07:47.885+0000] {logging_mixin.py:188} INFO - [2025-03-11T03:07:47.885+0000] {dag.py:3954} INFO - Setting next_dagrun for tutorial to 2025-03-10 00:00:00+00:00, run_after=2025-03-11 00:00:00+00:00
[2025-03-11T03:07:47.902+0000] {processor.py:183} INFO - Processing /home/airflow/.local/lib/python3.12/site-packages/airflow/example_dags/tutorial.py took 0.069 seconds
[2025-03-11T03:08:18.384+0000] {processor.py:161} INFO - Started process (PID=61019) to work on /home/airflow/.local/lib/python3.12/site-packages/airflow/example_dags/tutorial.py
[2025-03-11T03:08:18.386+0000] {processor.py:830} INFO - Processing file /home/airflow/.local/lib/python3.12/site-packages/airflow/example_dags/tutorial.py for tasks to queue
[2025-03-11T03:08:18.393+0000] {logging_mixin.py:188} INFO - [2025-03-11T03:08:18.392+0000] {dagbag.py:545} INFO - Filling up the DagBag from /home/airflow/.local/lib/python3.12/site-packages/airflow/example_dags/tutorial.py
[2025-03-11T03:08:18.405+0000] {processor.py:840} INFO - DAG(s) 'tutorial' retrieved from /home/airflow/.local/lib/python3.12/site-packages/airflow/example_dags/tutorial.py
[2025-03-11T03:08:18.442+0000] {logging_mixin.py:188} INFO - [2025-03-11T03:08:18.442+0000] {dag.py:3096} INFO - Sync 1 DAGs
[2025-03-11T03:08:18.467+0000] {logging_mixin.py:188} INFO - [2025-03-11T03:08:18.467+0000] {dag.py:3954} INFO - Setting next_dagrun for tutorial to 2025-03-10 00:00:00+00:00, run_after=2025-03-11 00:00:00+00:00
[2025-03-11T03:08:18.487+0000] {processor.py:183} INFO - Processing /home/airflow/.local/lib/python3.12/site-packages/airflow/example_dags/tutorial.py took 0.123 seconds
[2025-03-11T03:08:48.989+0000] {processor.py:161} INFO - Started process (PID=61283) to work on /home/airflow/.local/lib/python3.12/site-packages/airflow/example_dags/tutorial.py
[2025-03-11T03:08:48.990+0000] {processor.py:830} INFO - Processing file /home/airflow/.local/lib/python3.12/site-packages/airflow/example_dags/tutorial.py for tasks to queue
[2025-03-11T03:08:48.993+0000] {logging_mixin.py:188} INFO - [2025-03-11T03:08:48.992+0000] {dagbag.py:545} INFO - Filling up the DagBag from /home/airflow/.local/lib/python3.12/site-packages/airflow/example_dags/tutorial.py
[2025-03-11T03:08:48.999+0000] {processor.py:840} INFO - DAG(s) 'tutorial' retrieved from /home/airflow/.local/lib/python3.12/site-packages/airflow/example_dags/tutorial.py
[2025-03-11T03:08:49.019+0000] {logging_mixin.py:188} INFO - [2025-03-11T03:08:49.018+0000] {dag.py:3096} INFO - Sync 1 DAGs
[2025-03-11T03:08:49.042+0000] {logging_mixin.py:188} INFO - [2025-03-11T03:08:49.041+0000] {dag.py:3954} INFO - Setting next_dagrun for tutorial to 2025-03-10 00:00:00+00:00, run_after=2025-03-11 00:00:00+00:00
[2025-03-11T03:08:49.063+0000] {processor.py:183} INFO - Processing /home/airflow/.local/lib/python3.12/site-packages/airflow/example_dags/tutorial.py took 0.079 seconds
[2025-03-11T03:09:19.892+0000] {processor.py:161} INFO - Started process (PID=61543) to work on /home/airflow/.local/lib/python3.12/site-packages/airflow/example_dags/tutorial.py
[2025-03-11T03:09:19.893+0000] {processor.py:830} INFO - Processing file /home/airflow/.local/lib/python3.12/site-packages/airflow/example_dags/tutorial.py for tasks to queue
[2025-03-11T03:09:19.895+0000] {logging_mixin.py:188} INFO - [2025-03-11T03:09:19.895+0000] {dagbag.py:545} INFO - Filling up the DagBag from /home/airflow/.local/lib/python3.12/site-packages/airflow/example_dags/tutorial.py
[2025-03-11T03:09:19.901+0000] {processor.py:840} INFO - DAG(s) 'tutorial' retrieved from /home/airflow/.local/lib/python3.12/site-packages/airflow/example_dags/tutorial.py
[2025-03-11T03:09:19.926+0000] {logging_mixin.py:188} INFO - [2025-03-11T03:09:19.926+0000] {dag.py:3096} INFO - Sync 1 DAGs
[2025-03-11T03:09:19.958+0000] {logging_mixin.py:188} INFO - [2025-03-11T03:09:19.958+0000] {dag.py:3954} INFO - Setting next_dagrun for tutorial to 2025-03-10 00:00:00+00:00, run_after=2025-03-11 00:00:00+00:00
[2025-03-11T03:09:19.981+0000] {processor.py:183} INFO - Processing /home/airflow/.local/lib/python3.12/site-packages/airflow/example_dags/tutorial.py took 0.095 seconds
[2025-03-11T03:09:50.602+0000] {processor.py:161} INFO - Started process (PID=61806) to work on /home/airflow/.local/lib/python3.12/site-packages/airflow/example_dags/tutorial.py
[2025-03-11T03:09:50.603+0000] {processor.py:830} INFO - Processing file /home/airflow/.local/lib/python3.12/site-packages/airflow/example_dags/tutorial.py for tasks to queue
[2025-03-11T03:09:50.606+0000] {logging_mixin.py:188} INFO - [2025-03-11T03:09:50.605+0000] {dagbag.py:545} INFO - Filling up the DagBag from /home/airflow/.local/lib/python3.12/site-packages/airflow/example_dags/tutorial.py
[2025-03-11T03:09:50.612+0000] {processor.py:840} INFO - DAG(s) 'tutorial' retrieved from /home/airflow/.local/lib/python3.12/site-packages/airflow/example_dags/tutorial.py
[2025-03-11T03:09:50.632+0000] {logging_mixin.py:188} INFO - [2025-03-11T03:09:50.632+0000] {dag.py:3096} INFO - Sync 1 DAGs
[2025-03-11T03:09:50.656+0000] {logging_mixin.py:188} INFO - [2025-03-11T03:09:50.656+0000] {dag.py:3954} INFO - Setting next_dagrun for tutorial to 2025-03-10 00:00:00+00:00, run_after=2025-03-11 00:00:00+00:00
[2025-03-11T03:09:50.678+0000] {processor.py:183} INFO - Processing /home/airflow/.local/lib/python3.12/site-packages/airflow/example_dags/tutorial.py took 0.087 seconds
[2025-03-11T03:10:21.595+0000] {processor.py:161} INFO - Started process (PID=62068) to work on /home/airflow/.local/lib/python3.12/site-packages/airflow/example_dags/tutorial.py
[2025-03-11T03:10:21.596+0000] {processor.py:830} INFO - Processing file /home/airflow/.local/lib/python3.12/site-packages/airflow/example_dags/tutorial.py for tasks to queue
[2025-03-11T03:10:21.599+0000] {logging_mixin.py:188} INFO - [2025-03-11T03:10:21.598+0000] {dagbag.py:545} INFO - Filling up the DagBag from /home/airflow/.local/lib/python3.12/site-packages/airflow/example_dags/tutorial.py
[2025-03-11T03:10:21.605+0000] {processor.py:840} INFO - DAG(s) 'tutorial' retrieved from /home/airflow/.local/lib/python3.12/site-packages/airflow/example_dags/tutorial.py
[2025-03-11T03:10:21.627+0000] {logging_mixin.py:188} INFO - [2025-03-11T03:10:21.627+0000] {dag.py:3096} INFO - Sync 1 DAGs
[2025-03-11T03:10:21.647+0000] {logging_mixin.py:188} INFO - [2025-03-11T03:10:21.647+0000] {dag.py:3954} INFO - Setting next_dagrun for tutorial to 2025-03-10 00:00:00+00:00, run_after=2025-03-11 00:00:00+00:00
[2025-03-11T03:10:21.672+0000] {processor.py:183} INFO - Processing /home/airflow/.local/lib/python3.12/site-packages/airflow/example_dags/tutorial.py took 0.085 seconds
[2025-03-11T03:10:52.443+0000] {processor.py:161} INFO - Started process (PID=62330) to work on /home/airflow/.local/lib/python3.12/site-packages/airflow/example_dags/tutorial.py
[2025-03-11T03:10:52.444+0000] {processor.py:830} INFO - Processing file /home/airflow/.local/lib/python3.12/site-packages/airflow/example_dags/tutorial.py for tasks to queue
[2025-03-11T03:10:52.446+0000] {logging_mixin.py:188} INFO - [2025-03-11T03:10:52.446+0000] {dagbag.py:545} INFO - Filling up the DagBag from /home/airflow/.local/lib/python3.12/site-packages/airflow/example_dags/tutorial.py
[2025-03-11T03:10:52.452+0000] {processor.py:840} INFO - DAG(s) 'tutorial' retrieved from /home/airflow/.local/lib/python3.12/site-packages/airflow/example_dags/tutorial.py
[2025-03-11T03:10:52.475+0000] {logging_mixin.py:188} INFO - [2025-03-11T03:10:52.475+0000] {dag.py:3096} INFO - Sync 1 DAGs
[2025-03-11T03:10:52.496+0000] {logging_mixin.py:188} INFO - [2025-03-11T03:10:52.496+0000] {dag.py:3954} INFO - Setting next_dagrun for tutorial to 2025-03-10 00:00:00+00:00, run_after=2025-03-11 00:00:00+00:00
[2025-03-11T03:10:52.514+0000] {processor.py:183} INFO - Processing /home/airflow/.local/lib/python3.12/site-packages/airflow/example_dags/tutorial.py took 0.077 seconds
[2025-03-11T03:11:23.259+0000] {processor.py:161} INFO - Started process (PID=62592) to work on /home/airflow/.local/lib/python3.12/site-packages/airflow/example_dags/tutorial.py
[2025-03-11T03:11:23.261+0000] {processor.py:830} INFO - Processing file /home/airflow/.local/lib/python3.12/site-packages/airflow/example_dags/tutorial.py for tasks to queue
[2025-03-11T03:11:23.269+0000] {logging_mixin.py:188} INFO - [2025-03-11T03:11:23.267+0000] {dagbag.py:545} INFO - Filling up the DagBag from /home/airflow/.local/lib/python3.12/site-packages/airflow/example_dags/tutorial.py
[2025-03-11T03:11:23.287+0000] {processor.py:840} INFO - DAG(s) 'tutorial' retrieved from /home/airflow/.local/lib/python3.12/site-packages/airflow/example_dags/tutorial.py
[2025-03-11T03:11:23.330+0000] {logging_mixin.py:188} INFO - [2025-03-11T03:11:23.329+0000] {dag.py:3096} INFO - Sync 1 DAGs
[2025-03-11T03:11:23.389+0000] {logging_mixin.py:188} INFO - [2025-03-11T03:11:23.389+0000] {dag.py:3954} INFO - Setting next_dagrun for tutorial to 2025-03-10 00:00:00+00:00, run_after=2025-03-11 00:00:00+00:00
[2025-03-11T03:11:23.449+0000] {processor.py:183} INFO - Processing /home/airflow/.local/lib/python3.12/site-packages/airflow/example_dags/tutorial.py took 0.210 seconds
[2025-03-11T03:11:54.104+0000] {processor.py:161} INFO - Started process (PID=62854) to work on /home/airflow/.local/lib/python3.12/site-packages/airflow/example_dags/tutorial.py
[2025-03-11T03:11:54.106+0000] {processor.py:830} INFO - Processing file /home/airflow/.local/lib/python3.12/site-packages/airflow/example_dags/tutorial.py for tasks to queue
[2025-03-11T03:11:54.108+0000] {logging_mixin.py:188} INFO - [2025-03-11T03:11:54.108+0000] {dagbag.py:545} INFO - Filling up the DagBag from /home/airflow/.local/lib/python3.12/site-packages/airflow/example_dags/tutorial.py
[2025-03-11T03:11:54.115+0000] {processor.py:840} INFO - DAG(s) 'tutorial' retrieved from /home/airflow/.local/lib/python3.12/site-packages/airflow/example_dags/tutorial.py
[2025-03-11T03:11:54.135+0000] {logging_mixin.py:188} INFO - [2025-03-11T03:11:54.135+0000] {dag.py:3096} INFO - Sync 1 DAGs
[2025-03-11T03:11:54.158+0000] {logging_mixin.py:188} INFO - [2025-03-11T03:11:54.158+0000] {dag.py:3954} INFO - Setting next_dagrun for tutorial to 2025-03-10 00:00:00+00:00, run_after=2025-03-11 00:00:00+00:00
[2025-03-11T03:11:54.186+0000] {processor.py:183} INFO - Processing /home/airflow/.local/lib/python3.12/site-packages/airflow/example_dags/tutorial.py took 0.089 seconds
[2025-03-11T03:12:24.644+0000] {processor.py:161} INFO - Started process (PID=63116) to work on /home/airflow/.local/lib/python3.12/site-packages/airflow/example_dags/tutorial.py
[2025-03-11T03:12:24.646+0000] {processor.py:830} INFO - Processing file /home/airflow/.local/lib/python3.12/site-packages/airflow/example_dags/tutorial.py for tasks to queue
[2025-03-11T03:12:24.648+0000] {logging_mixin.py:188} INFO - [2025-03-11T03:12:24.647+0000] {dagbag.py:545} INFO - Filling up the DagBag from /home/airflow/.local/lib/python3.12/site-packages/airflow/example_dags/tutorial.py
[2025-03-11T03:12:24.655+0000] {processor.py:840} INFO - DAG(s) 'tutorial' retrieved from /home/airflow/.local/lib/python3.12/site-packages/airflow/example_dags/tutorial.py
[2025-03-11T03:12:24.680+0000] {logging_mixin.py:188} INFO - [2025-03-11T03:12:24.679+0000] {dag.py:3096} INFO - Sync 1 DAGs
[2025-03-11T03:12:24.707+0000] {logging_mixin.py:188} INFO - [2025-03-11T03:12:24.706+0000] {dag.py:3954} INFO - Setting next_dagrun for tutorial to 2025-03-10 00:00:00+00:00, run_after=2025-03-11 00:00:00+00:00
[2025-03-11T03:12:24.735+0000] {processor.py:183} INFO - Processing /home/airflow/.local/lib/python3.12/site-packages/airflow/example_dags/tutorial.py took 0.097 seconds
[2025-03-11T03:12:55.005+0000] {processor.py:161} INFO - Started process (PID=63379) to work on /home/airflow/.local/lib/python3.12/site-packages/airflow/example_dags/tutorial.py
[2025-03-11T03:12:55.007+0000] {processor.py:830} INFO - Processing file /home/airflow/.local/lib/python3.12/site-packages/airflow/example_dags/tutorial.py for tasks to queue
[2025-03-11T03:12:55.010+0000] {logging_mixin.py:188} INFO - [2025-03-11T03:12:55.009+0000] {dagbag.py:545} INFO - Filling up the DagBag from /home/airflow/.local/lib/python3.12/site-packages/airflow/example_dags/tutorial.py
[2025-03-11T03:12:55.018+0000] {processor.py:840} INFO - DAG(s) 'tutorial' retrieved from /home/airflow/.local/lib/python3.12/site-packages/airflow/example_dags/tutorial.py
[2025-03-11T03:12:55.039+0000] {logging_mixin.py:188} INFO - [2025-03-11T03:12:55.039+0000] {dag.py:3096} INFO - Sync 1 DAGs
[2025-03-11T03:12:55.066+0000] {logging_mixin.py:188} INFO - [2025-03-11T03:12:55.065+0000] {dag.py:3954} INFO - Setting next_dagrun for tutorial to 2025-03-10 00:00:00+00:00, run_after=2025-03-11 00:00:00+00:00
[2025-03-11T03:12:55.088+0000] {processor.py:183} INFO - Processing /home/airflow/.local/lib/python3.12/site-packages/airflow/example_dags/tutorial.py took 0.089 seconds
[2025-03-11T03:13:26.391+0000] {processor.py:161} INFO - Started process (PID=63640) to work on /home/airflow/.local/lib/python3.12/site-packages/airflow/example_dags/tutorial.py
[2025-03-11T03:13:26.393+0000] {processor.py:830} INFO - Processing file /home/airflow/.local/lib/python3.12/site-packages/airflow/example_dags/tutorial.py for tasks to queue
[2025-03-11T03:13:26.396+0000] {logging_mixin.py:188} INFO - [2025-03-11T03:13:26.396+0000] {dagbag.py:545} INFO - Filling up the DagBag from /home/airflow/.local/lib/python3.12/site-packages/airflow/example_dags/tutorial.py
[2025-03-11T03:13:26.402+0000] {processor.py:840} INFO - DAG(s) 'tutorial' retrieved from /home/airflow/.local/lib/python3.12/site-packages/airflow/example_dags/tutorial.py
[2025-03-11T03:13:26.423+0000] {logging_mixin.py:188} INFO - [2025-03-11T03:13:26.422+0000] {dag.py:3096} INFO - Sync 1 DAGs
[2025-03-11T03:13:26.445+0000] {logging_mixin.py:188} INFO - [2025-03-11T03:13:26.445+0000] {dag.py:3954} INFO - Setting next_dagrun for tutorial to 2025-03-10 00:00:00+00:00, run_after=2025-03-11 00:00:00+00:00
[2025-03-11T03:13:26.470+0000] {processor.py:183} INFO - Processing /home/airflow/.local/lib/python3.12/site-packages/airflow/example_dags/tutorial.py took 0.085 seconds
[2025-03-11T03:13:59.422+0000] {processor.py:161} INFO - Started process (PID=63903) to work on /home/airflow/.local/lib/python3.12/site-packages/airflow/example_dags/tutorial.py
[2025-03-11T03:13:59.425+0000] {processor.py:830} INFO - Processing file /home/airflow/.local/lib/python3.12/site-packages/airflow/example_dags/tutorial.py for tasks to queue
[2025-03-11T03:13:59.430+0000] {logging_mixin.py:188} INFO - [2025-03-11T03:13:59.430+0000] {dagbag.py:545} INFO - Filling up the DagBag from /home/airflow/.local/lib/python3.12/site-packages/airflow/example_dags/tutorial.py
[2025-03-11T03:13:59.441+0000] {processor.py:840} INFO - DAG(s) 'tutorial' retrieved from /home/airflow/.local/lib/python3.12/site-packages/airflow/example_dags/tutorial.py
[2025-03-11T03:13:59.468+0000] {logging_mixin.py:188} INFO - [2025-03-11T03:13:59.468+0000] {dag.py:3096} INFO - Sync 1 DAGs
[2025-03-11T03:13:59.493+0000] {logging_mixin.py:188} INFO - [2025-03-11T03:13:59.493+0000] {dag.py:3954} INFO - Setting next_dagrun for tutorial to 2025-03-10 00:00:00+00:00, run_after=2025-03-11 00:00:00+00:00
[2025-03-11T03:13:59.513+0000] {processor.py:183} INFO - Processing /home/airflow/.local/lib/python3.12/site-packages/airflow/example_dags/tutorial.py took 0.109 seconds
[2025-03-11T03:14:30.898+0000] {processor.py:161} INFO - Started process (PID=64163) to work on /home/airflow/.local/lib/python3.12/site-packages/airflow/example_dags/tutorial.py
[2025-03-11T03:14:30.899+0000] {processor.py:830} INFO - Processing file /home/airflow/.local/lib/python3.12/site-packages/airflow/example_dags/tutorial.py for tasks to queue
[2025-03-11T03:14:30.903+0000] {logging_mixin.py:188} INFO - [2025-03-11T03:14:30.902+0000] {dagbag.py:545} INFO - Filling up the DagBag from /home/airflow/.local/lib/python3.12/site-packages/airflow/example_dags/tutorial.py
[2025-03-11T03:14:30.911+0000] {processor.py:840} INFO - DAG(s) 'tutorial' retrieved from /home/airflow/.local/lib/python3.12/site-packages/airflow/example_dags/tutorial.py
[2025-03-11T03:14:30.935+0000] {logging_mixin.py:188} INFO - [2025-03-11T03:14:30.935+0000] {dag.py:3096} INFO - Sync 1 DAGs
[2025-03-11T03:14:30.957+0000] {logging_mixin.py:188} INFO - [2025-03-11T03:14:30.956+0000] {dag.py:3954} INFO - Setting next_dagrun for tutorial to 2025-03-10 00:00:00+00:00, run_after=2025-03-11 00:00:00+00:00
[2025-03-11T03:14:30.978+0000] {processor.py:183} INFO - Processing /home/airflow/.local/lib/python3.12/site-packages/airflow/example_dags/tutorial.py took 0.092 seconds
[2025-03-11T03:15:04.103+0000] {processor.py:161} INFO - Started process (PID=64435) to work on /home/airflow/.local/lib/python3.12/site-packages/airflow/example_dags/tutorial.py
[2025-03-11T03:15:04.104+0000] {processor.py:830} INFO - Processing file /home/airflow/.local/lib/python3.12/site-packages/airflow/example_dags/tutorial.py for tasks to queue
[2025-03-11T03:15:04.106+0000] {logging_mixin.py:188} INFO - [2025-03-11T03:15:04.106+0000] {dagbag.py:545} INFO - Filling up the DagBag from /home/airflow/.local/lib/python3.12/site-packages/airflow/example_dags/tutorial.py
[2025-03-11T03:15:04.114+0000] {processor.py:840} INFO - DAG(s) 'tutorial' retrieved from /home/airflow/.local/lib/python3.12/site-packages/airflow/example_dags/tutorial.py
[2025-03-11T03:15:04.138+0000] {logging_mixin.py:188} INFO - [2025-03-11T03:15:04.137+0000] {dag.py:3096} INFO - Sync 1 DAGs
[2025-03-11T03:15:04.164+0000] {logging_mixin.py:188} INFO - [2025-03-11T03:15:04.164+0000] {dag.py:3954} INFO - Setting next_dagrun for tutorial to 2025-03-10 00:00:00+00:00, run_after=2025-03-11 00:00:00+00:00
[2025-03-11T03:15:04.195+0000] {processor.py:183} INFO - Processing /home/airflow/.local/lib/python3.12/site-packages/airflow/example_dags/tutorial.py took 0.099 seconds
[2025-03-11T03:15:36.464+0000] {processor.py:161} INFO - Started process (PID=64697) to work on /home/airflow/.local/lib/python3.12/site-packages/airflow/example_dags/tutorial.py
[2025-03-11T03:15:36.465+0000] {processor.py:830} INFO - Processing file /home/airflow/.local/lib/python3.12/site-packages/airflow/example_dags/tutorial.py for tasks to queue
[2025-03-11T03:15:36.467+0000] {logging_mixin.py:188} INFO - [2025-03-11T03:15:36.467+0000] {dagbag.py:545} INFO - Filling up the DagBag from /home/airflow/.local/lib/python3.12/site-packages/airflow/example_dags/tutorial.py
[2025-03-11T03:15:36.475+0000] {processor.py:840} INFO - DAG(s) 'tutorial' retrieved from /home/airflow/.local/lib/python3.12/site-packages/airflow/example_dags/tutorial.py
[2025-03-11T03:15:36.496+0000] {logging_mixin.py:188} INFO - [2025-03-11T03:15:36.495+0000] {dag.py:3096} INFO - Sync 1 DAGs
[2025-03-11T03:15:36.521+0000] {logging_mixin.py:188} INFO - [2025-03-11T03:15:36.521+0000] {dag.py:3954} INFO - Setting next_dagrun for tutorial to 2025-03-10 00:00:00+00:00, run_after=2025-03-11 00:00:00+00:00
[2025-03-11T03:15:36.670+0000] {processor.py:183} INFO - Processing /home/airflow/.local/lib/python3.12/site-packages/airflow/example_dags/tutorial.py took 0.216 seconds
[2025-03-11T03:16:07.889+0000] {processor.py:161} INFO - Started process (PID=64959) to work on /home/airflow/.local/lib/python3.12/site-packages/airflow/example_dags/tutorial.py
[2025-03-11T03:16:07.891+0000] {processor.py:830} INFO - Processing file /home/airflow/.local/lib/python3.12/site-packages/airflow/example_dags/tutorial.py for tasks to queue
[2025-03-11T03:16:07.893+0000] {logging_mixin.py:188} INFO - [2025-03-11T03:16:07.893+0000] {dagbag.py:545} INFO - Filling up the DagBag from /home/airflow/.local/lib/python3.12/site-packages/airflow/example_dags/tutorial.py
[2025-03-11T03:16:07.901+0000] {processor.py:840} INFO - DAG(s) 'tutorial' retrieved from /home/airflow/.local/lib/python3.12/site-packages/airflow/example_dags/tutorial.py
[2025-03-11T03:16:07.925+0000] {logging_mixin.py:188} INFO - [2025-03-11T03:16:07.924+0000] {dag.py:3096} INFO - Sync 1 DAGs
[2025-03-11T03:16:07.951+0000] {logging_mixin.py:188} INFO - [2025-03-11T03:16:07.951+0000] {dag.py:3954} INFO - Setting next_dagrun for tutorial to 2025-03-10 00:00:00+00:00, run_after=2025-03-11 00:00:00+00:00
[2025-03-11T03:16:07.976+0000] {processor.py:183} INFO - Processing /home/airflow/.local/lib/python3.12/site-packages/airflow/example_dags/tutorial.py took 0.095 seconds
[2025-03-11T03:16:41.911+0000] {processor.py:161} INFO - Started process (PID=65223) to work on /home/airflow/.local/lib/python3.12/site-packages/airflow/example_dags/tutorial.py
[2025-03-11T03:16:41.912+0000] {processor.py:830} INFO - Processing file /home/airflow/.local/lib/python3.12/site-packages/airflow/example_dags/tutorial.py for tasks to queue
[2025-03-11T03:16:41.914+0000] {logging_mixin.py:188} INFO - [2025-03-11T03:16:41.913+0000] {dagbag.py:545} INFO - Filling up the DagBag from /home/airflow/.local/lib/python3.12/site-packages/airflow/example_dags/tutorial.py
[2025-03-11T03:16:41.920+0000] {processor.py:840} INFO - DAG(s) 'tutorial' retrieved from /home/airflow/.local/lib/python3.12/site-packages/airflow/example_dags/tutorial.py
[2025-03-11T03:16:41.940+0000] {logging_mixin.py:188} INFO - [2025-03-11T03:16:41.940+0000] {dag.py:3096} INFO - Sync 1 DAGs
[2025-03-11T03:16:41.962+0000] {logging_mixin.py:188} INFO - [2025-03-11T03:16:41.962+0000] {dag.py:3954} INFO - Setting next_dagrun for tutorial to 2025-03-10 00:00:00+00:00, run_after=2025-03-11 00:00:00+00:00
[2025-03-11T03:16:41.982+0000] {processor.py:183} INFO - Processing /home/airflow/.local/lib/python3.12/site-packages/airflow/example_dags/tutorial.py took 0.077 seconds
[2025-03-11T03:17:12.816+0000] {processor.py:161} INFO - Started process (PID=65483) to work on /home/airflow/.local/lib/python3.12/site-packages/airflow/example_dags/tutorial.py
[2025-03-11T03:17:12.818+0000] {processor.py:830} INFO - Processing file /home/airflow/.local/lib/python3.12/site-packages/airflow/example_dags/tutorial.py for tasks to queue
[2025-03-11T03:17:12.820+0000] {logging_mixin.py:188} INFO - [2025-03-11T03:17:12.820+0000] {dagbag.py:545} INFO - Filling up the DagBag from /home/airflow/.local/lib/python3.12/site-packages/airflow/example_dags/tutorial.py
[2025-03-11T03:17:12.828+0000] {processor.py:840} INFO - DAG(s) 'tutorial' retrieved from /home/airflow/.local/lib/python3.12/site-packages/airflow/example_dags/tutorial.py
[2025-03-11T03:17:12.853+0000] {logging_mixin.py:188} INFO - [2025-03-11T03:17:12.852+0000] {dag.py:3096} INFO - Sync 1 DAGs
[2025-03-11T03:17:12.881+0000] {logging_mixin.py:188} INFO - [2025-03-11T03:17:12.881+0000] {dag.py:3954} INFO - Setting next_dagrun for tutorial to 2025-03-10 00:00:00+00:00, run_after=2025-03-11 00:00:00+00:00
[2025-03-11T03:17:13.031+0000] {processor.py:183} INFO - Processing /home/airflow/.local/lib/python3.12/site-packages/airflow/example_dags/tutorial.py took 0.225 seconds
[2025-03-11T03:17:44.587+0000] {processor.py:161} INFO - Started process (PID=65745) to work on /home/airflow/.local/lib/python3.12/site-packages/airflow/example_dags/tutorial.py
[2025-03-11T03:17:44.588+0000] {processor.py:830} INFO - Processing file /home/airflow/.local/lib/python3.12/site-packages/airflow/example_dags/tutorial.py for tasks to queue
[2025-03-11T03:17:44.591+0000] {logging_mixin.py:188} INFO - [2025-03-11T03:17:44.590+0000] {dagbag.py:545} INFO - Filling up the DagBag from /home/airflow/.local/lib/python3.12/site-packages/airflow/example_dags/tutorial.py
[2025-03-11T03:17:44.600+0000] {processor.py:840} INFO - DAG(s) 'tutorial' retrieved from /home/airflow/.local/lib/python3.12/site-packages/airflow/example_dags/tutorial.py
[2025-03-11T03:17:44.627+0000] {logging_mixin.py:188} INFO - [2025-03-11T03:17:44.626+0000] {dag.py:3096} INFO - Sync 1 DAGs
[2025-03-11T03:17:44.652+0000] {logging_mixin.py:188} INFO - [2025-03-11T03:17:44.652+0000] {dag.py:3954} INFO - Setting next_dagrun for tutorial to 2025-03-10 00:00:00+00:00, run_after=2025-03-11 00:00:00+00:00
[2025-03-11T03:17:44.678+0000] {processor.py:183} INFO - Processing /home/airflow/.local/lib/python3.12/site-packages/airflow/example_dags/tutorial.py took 0.098 seconds
[2025-03-11T03:18:18.074+0000] {processor.py:161} INFO - Started process (PID=66007) to work on /home/airflow/.local/lib/python3.12/site-packages/airflow/example_dags/tutorial.py
[2025-03-11T03:18:18.075+0000] {processor.py:830} INFO - Processing file /home/airflow/.local/lib/python3.12/site-packages/airflow/example_dags/tutorial.py for tasks to queue
[2025-03-11T03:18:18.078+0000] {logging_mixin.py:188} INFO - [2025-03-11T03:18:18.078+0000] {dagbag.py:545} INFO - Filling up the DagBag from /home/airflow/.local/lib/python3.12/site-packages/airflow/example_dags/tutorial.py
[2025-03-11T03:18:18.085+0000] {processor.py:840} INFO - DAG(s) 'tutorial' retrieved from /home/airflow/.local/lib/python3.12/site-packages/airflow/example_dags/tutorial.py
[2025-03-11T03:18:18.255+0000] {logging_mixin.py:188} INFO - [2025-03-11T03:18:18.255+0000] {dag.py:3096} INFO - Sync 1 DAGs
[2025-03-11T03:18:18.277+0000] {logging_mixin.py:188} INFO - [2025-03-11T03:18:18.276+0000] {dag.py:3954} INFO - Setting next_dagrun for tutorial to 2025-03-10 00:00:00+00:00, run_after=2025-03-11 00:00:00+00:00
[2025-03-11T03:18:18.297+0000] {processor.py:183} INFO - Processing /home/airflow/.local/lib/python3.12/site-packages/airflow/example_dags/tutorial.py took 0.230 seconds
[2025-03-11T03:18:49.128+0000] {processor.py:161} INFO - Started process (PID=66271) to work on /home/airflow/.local/lib/python3.12/site-packages/airflow/example_dags/tutorial.py
[2025-03-11T03:18:49.130+0000] {processor.py:830} INFO - Processing file /home/airflow/.local/lib/python3.12/site-packages/airflow/example_dags/tutorial.py for tasks to queue
[2025-03-11T03:18:49.132+0000] {logging_mixin.py:188} INFO - [2025-03-11T03:18:49.132+0000] {dagbag.py:545} INFO - Filling up the DagBag from /home/airflow/.local/lib/python3.12/site-packages/airflow/example_dags/tutorial.py
[2025-03-11T03:18:49.138+0000] {processor.py:840} INFO - DAG(s) 'tutorial' retrieved from /home/airflow/.local/lib/python3.12/site-packages/airflow/example_dags/tutorial.py
[2025-03-11T03:18:49.157+0000] {logging_mixin.py:188} INFO - [2025-03-11T03:18:49.156+0000] {dag.py:3096} INFO - Sync 1 DAGs
[2025-03-11T03:18:49.184+0000] {logging_mixin.py:188} INFO - [2025-03-11T03:18:49.184+0000] {dag.py:3954} INFO - Setting next_dagrun for tutorial to 2025-03-10 00:00:00+00:00, run_after=2025-03-11 00:00:00+00:00
[2025-03-11T03:18:49.206+0000] {processor.py:183} INFO - Processing /home/airflow/.local/lib/python3.12/site-packages/airflow/example_dags/tutorial.py took 0.085 seconds
[2025-03-11T03:19:21.352+0000] {processor.py:161} INFO - Started process (PID=66531) to work on /home/airflow/.local/lib/python3.12/site-packages/airflow/example_dags/tutorial.py
[2025-03-11T03:19:21.353+0000] {processor.py:830} INFO - Processing file /home/airflow/.local/lib/python3.12/site-packages/airflow/example_dags/tutorial.py for tasks to queue
[2025-03-11T03:19:21.355+0000] {logging_mixin.py:188} INFO - [2025-03-11T03:19:21.355+0000] {dagbag.py:545} INFO - Filling up the DagBag from /home/airflow/.local/lib/python3.12/site-packages/airflow/example_dags/tutorial.py
[2025-03-11T03:19:21.362+0000] {processor.py:840} INFO - DAG(s) 'tutorial' retrieved from /home/airflow/.local/lib/python3.12/site-packages/airflow/example_dags/tutorial.py
[2025-03-11T03:19:21.384+0000] {logging_mixin.py:188} INFO - [2025-03-11T03:19:21.384+0000] {dag.py:3096} INFO - Sync 1 DAGs
[2025-03-11T03:19:21.412+0000] {logging_mixin.py:188} INFO - [2025-03-11T03:19:21.412+0000] {dag.py:3954} INFO - Setting next_dagrun for tutorial to 2025-03-10 00:00:00+00:00, run_after=2025-03-11 00:00:00+00:00
[2025-03-11T03:19:21.438+0000] {processor.py:183} INFO - Processing /home/airflow/.local/lib/python3.12/site-packages/airflow/example_dags/tutorial.py took 0.093 seconds
[2025-03-11T03:19:52.446+0000] {processor.py:161} INFO - Started process (PID=66793) to work on /home/airflow/.local/lib/python3.12/site-packages/airflow/example_dags/tutorial.py
[2025-03-11T03:19:52.447+0000] {processor.py:830} INFO - Processing file /home/airflow/.local/lib/python3.12/site-packages/airflow/example_dags/tutorial.py for tasks to queue
[2025-03-11T03:19:52.449+0000] {logging_mixin.py:188} INFO - [2025-03-11T03:19:52.449+0000] {dagbag.py:545} INFO - Filling up the DagBag from /home/airflow/.local/lib/python3.12/site-packages/airflow/example_dags/tutorial.py
[2025-03-11T03:19:52.455+0000] {processor.py:840} INFO - DAG(s) 'tutorial' retrieved from /home/airflow/.local/lib/python3.12/site-packages/airflow/example_dags/tutorial.py
[2025-03-11T03:19:52.477+0000] {logging_mixin.py:188} INFO - [2025-03-11T03:19:52.477+0000] {dag.py:3096} INFO - Sync 1 DAGs
[2025-03-11T03:19:52.499+0000] {logging_mixin.py:188} INFO - [2025-03-11T03:19:52.499+0000] {dag.py:3954} INFO - Setting next_dagrun for tutorial to 2025-03-10 00:00:00+00:00, run_after=2025-03-11 00:00:00+00:00
[2025-03-11T03:19:52.521+0000] {processor.py:183} INFO - Processing /home/airflow/.local/lib/python3.12/site-packages/airflow/example_dags/tutorial.py took 0.082 seconds
[2025-03-11T03:20:25.399+0000] {processor.py:161} INFO - Started process (PID=67054) to work on /home/airflow/.local/lib/python3.12/site-packages/airflow/example_dags/tutorial.py
[2025-03-11T03:20:25.401+0000] {processor.py:830} INFO - Processing file /home/airflow/.local/lib/python3.12/site-packages/airflow/example_dags/tutorial.py for tasks to queue
[2025-03-11T03:20:25.406+0000] {logging_mixin.py:188} INFO - [2025-03-11T03:20:25.405+0000] {dagbag.py:545} INFO - Filling up the DagBag from /home/airflow/.local/lib/python3.12/site-packages/airflow/example_dags/tutorial.py
[2025-03-11T03:20:25.416+0000] {processor.py:840} INFO - DAG(s) 'tutorial' retrieved from /home/airflow/.local/lib/python3.12/site-packages/airflow/example_dags/tutorial.py
[2025-03-11T03:20:25.451+0000] {logging_mixin.py:188} INFO - [2025-03-11T03:20:25.451+0000] {dag.py:3096} INFO - Sync 1 DAGs
[2025-03-11T03:20:25.479+0000] {logging_mixin.py:188} INFO - [2025-03-11T03:20:25.479+0000] {dag.py:3954} INFO - Setting next_dagrun for tutorial to 2025-03-10 00:00:00+00:00, run_after=2025-03-11 00:00:00+00:00
[2025-03-11T03:20:25.501+0000] {processor.py:183} INFO - Processing /home/airflow/.local/lib/python3.12/site-packages/airflow/example_dags/tutorial.py took 0.113 seconds
[2025-03-11T03:20:56.839+0000] {processor.py:161} INFO - Started process (PID=67321) to work on /home/airflow/.local/lib/python3.12/site-packages/airflow/example_dags/tutorial.py
[2025-03-11T03:20:56.840+0000] {processor.py:830} INFO - Processing file /home/airflow/.local/lib/python3.12/site-packages/airflow/example_dags/tutorial.py for tasks to queue
[2025-03-11T03:20:56.842+0000] {logging_mixin.py:188} INFO - [2025-03-11T03:20:56.841+0000] {dagbag.py:545} INFO - Filling up the DagBag from /home/airflow/.local/lib/python3.12/site-packages/airflow/example_dags/tutorial.py
[2025-03-11T03:20:56.847+0000] {processor.py:840} INFO - DAG(s) 'tutorial' retrieved from /home/airflow/.local/lib/python3.12/site-packages/airflow/example_dags/tutorial.py
[2025-03-11T03:20:56.867+0000] {logging_mixin.py:188} INFO - [2025-03-11T03:20:56.867+0000] {dag.py:3096} INFO - Sync 1 DAGs
[2025-03-11T03:20:56.889+0000] {logging_mixin.py:188} INFO - [2025-03-11T03:20:56.889+0000] {dag.py:3954} INFO - Setting next_dagrun for tutorial to 2025-03-10 00:00:00+00:00, run_after=2025-03-11 00:00:00+00:00
[2025-03-11T03:20:56.909+0000] {processor.py:183} INFO - Processing /home/airflow/.local/lib/python3.12/site-packages/airflow/example_dags/tutorial.py took 0.076 seconds
[2025-03-11T03:21:30.070+0000] {processor.py:161} INFO - Started process (PID=67585) to work on /home/airflow/.local/lib/python3.12/site-packages/airflow/example_dags/tutorial.py
[2025-03-11T03:21:30.073+0000] {processor.py:830} INFO - Processing file /home/airflow/.local/lib/python3.12/site-packages/airflow/example_dags/tutorial.py for tasks to queue
[2025-03-11T03:21:30.077+0000] {logging_mixin.py:188} INFO - [2025-03-11T03:21:30.076+0000] {dagbag.py:545} INFO - Filling up the DagBag from /home/airflow/.local/lib/python3.12/site-packages/airflow/example_dags/tutorial.py
[2025-03-11T03:21:30.086+0000] {processor.py:840} INFO - DAG(s) 'tutorial' retrieved from /home/airflow/.local/lib/python3.12/site-packages/airflow/example_dags/tutorial.py
[2025-03-11T03:21:30.127+0000] {logging_mixin.py:188} INFO - [2025-03-11T03:21:30.126+0000] {dag.py:3096} INFO - Sync 1 DAGs
[2025-03-11T03:21:30.154+0000] {logging_mixin.py:188} INFO - [2025-03-11T03:21:30.154+0000] {dag.py:3954} INFO - Setting next_dagrun for tutorial to 2025-03-10 00:00:00+00:00, run_after=2025-03-11 00:00:00+00:00
[2025-03-11T03:21:30.177+0000] {processor.py:183} INFO - Processing /home/airflow/.local/lib/python3.12/site-packages/airflow/example_dags/tutorial.py took 0.129 seconds
[2025-03-11T03:22:01.938+0000] {processor.py:161} INFO - Started process (PID=67845) to work on /home/airflow/.local/lib/python3.12/site-packages/airflow/example_dags/tutorial.py
[2025-03-11T03:22:01.940+0000] {processor.py:830} INFO - Processing file /home/airflow/.local/lib/python3.12/site-packages/airflow/example_dags/tutorial.py for tasks to queue
[2025-03-11T03:22:01.943+0000] {logging_mixin.py:188} INFO - [2025-03-11T03:22:01.942+0000] {dagbag.py:545} INFO - Filling up the DagBag from /home/airflow/.local/lib/python3.12/site-packages/airflow/example_dags/tutorial.py
[2025-03-11T03:22:01.951+0000] {processor.py:840} INFO - DAG(s) 'tutorial' retrieved from /home/airflow/.local/lib/python3.12/site-packages/airflow/example_dags/tutorial.py
[2025-03-11T03:22:01.971+0000] {logging_mixin.py:188} INFO - [2025-03-11T03:22:01.971+0000] {dag.py:3096} INFO - Sync 1 DAGs
[2025-03-11T03:22:01.998+0000] {logging_mixin.py:188} INFO - [2025-03-11T03:22:01.998+0000] {dag.py:3954} INFO - Setting next_dagrun for tutorial to 2025-03-10 00:00:00+00:00, run_after=2025-03-11 00:00:00+00:00
[2025-03-11T03:22:02.024+0000] {processor.py:183} INFO - Processing /home/airflow/.local/lib/python3.12/site-packages/airflow/example_dags/tutorial.py took 0.091 seconds
[2025-03-11T03:22:34.638+0000] {processor.py:161} INFO - Started process (PID=68107) to work on /home/airflow/.local/lib/python3.12/site-packages/airflow/example_dags/tutorial.py
[2025-03-11T03:22:34.640+0000] {processor.py:830} INFO - Processing file /home/airflow/.local/lib/python3.12/site-packages/airflow/example_dags/tutorial.py for tasks to queue
[2025-03-11T03:22:34.644+0000] {logging_mixin.py:188} INFO - [2025-03-11T03:22:34.643+0000] {dagbag.py:545} INFO - Filling up the DagBag from /home/airflow/.local/lib/python3.12/site-packages/airflow/example_dags/tutorial.py
[2025-03-11T03:22:34.653+0000] {processor.py:840} INFO - DAG(s) 'tutorial' retrieved from /home/airflow/.local/lib/python3.12/site-packages/airflow/example_dags/tutorial.py
[2025-03-11T03:22:34.674+0000] {logging_mixin.py:188} INFO - [2025-03-11T03:22:34.673+0000] {dag.py:3096} INFO - Sync 1 DAGs
[2025-03-11T03:22:34.694+0000] {logging_mixin.py:188} INFO - [2025-03-11T03:22:34.694+0000] {dag.py:3954} INFO - Setting next_dagrun for tutorial to 2025-03-10 00:00:00+00:00, run_after=2025-03-11 00:00:00+00:00
[2025-03-11T03:22:34.719+0000] {processor.py:183} INFO - Processing /home/airflow/.local/lib/python3.12/site-packages/airflow/example_dags/tutorial.py took 0.096 seconds
[2025-03-11T03:23:06.619+0000] {processor.py:161} INFO - Started process (PID=68380) to work on /home/airflow/.local/lib/python3.12/site-packages/airflow/example_dags/tutorial.py
[2025-03-11T03:23:06.620+0000] {processor.py:830} INFO - Processing file /home/airflow/.local/lib/python3.12/site-packages/airflow/example_dags/tutorial.py for tasks to queue
[2025-03-11T03:23:06.622+0000] {logging_mixin.py:188} INFO - [2025-03-11T03:23:06.622+0000] {dagbag.py:545} INFO - Filling up the DagBag from /home/airflow/.local/lib/python3.12/site-packages/airflow/example_dags/tutorial.py
[2025-03-11T03:23:06.628+0000] {processor.py:840} INFO - DAG(s) 'tutorial' retrieved from /home/airflow/.local/lib/python3.12/site-packages/airflow/example_dags/tutorial.py
[2025-03-11T03:23:06.648+0000] {logging_mixin.py:188} INFO - [2025-03-11T03:23:06.647+0000] {dag.py:3096} INFO - Sync 1 DAGs
[2025-03-11T03:23:06.671+0000] {logging_mixin.py:188} INFO - [2025-03-11T03:23:06.671+0000] {dag.py:3954} INFO - Setting next_dagrun for tutorial to 2025-03-10 00:00:00+00:00, run_after=2025-03-11 00:00:00+00:00
[2025-03-11T03:23:06.692+0000] {processor.py:183} INFO - Processing /home/airflow/.local/lib/python3.12/site-packages/airflow/example_dags/tutorial.py took 0.078 seconds
[2025-03-11T03:23:38.156+0000] {processor.py:161} INFO - Started process (PID=68641) to work on /home/airflow/.local/lib/python3.12/site-packages/airflow/example_dags/tutorial.py
[2025-03-11T03:23:38.158+0000] {processor.py:830} INFO - Processing file /home/airflow/.local/lib/python3.12/site-packages/airflow/example_dags/tutorial.py for tasks to queue
[2025-03-11T03:23:38.160+0000] {logging_mixin.py:188} INFO - [2025-03-11T03:23:38.160+0000] {dagbag.py:545} INFO - Filling up the DagBag from /home/airflow/.local/lib/python3.12/site-packages/airflow/example_dags/tutorial.py
[2025-03-11T03:23:38.166+0000] {processor.py:840} INFO - DAG(s) 'tutorial' retrieved from /home/airflow/.local/lib/python3.12/site-packages/airflow/example_dags/tutorial.py
[2025-03-11T03:23:38.185+0000] {logging_mixin.py:188} INFO - [2025-03-11T03:23:38.184+0000] {dag.py:3096} INFO - Sync 1 DAGs
[2025-03-11T03:23:38.207+0000] {logging_mixin.py:188} INFO - [2025-03-11T03:23:38.206+0000] {dag.py:3954} INFO - Setting next_dagrun for tutorial to 2025-03-10 00:00:00+00:00, run_after=2025-03-11 00:00:00+00:00
[2025-03-11T03:23:38.225+0000] {processor.py:183} INFO - Processing /home/airflow/.local/lib/python3.12/site-packages/airflow/example_dags/tutorial.py took 0.074 seconds
[2025-03-11T03:24:10.841+0000] {processor.py:161} INFO - Started process (PID=68905) to work on /home/airflow/.local/lib/python3.12/site-packages/airflow/example_dags/tutorial.py
[2025-03-11T03:24:10.842+0000] {processor.py:830} INFO - Processing file /home/airflow/.local/lib/python3.12/site-packages/airflow/example_dags/tutorial.py for tasks to queue
[2025-03-11T03:24:10.844+0000] {logging_mixin.py:188} INFO - [2025-03-11T03:24:10.844+0000] {dagbag.py:545} INFO - Filling up the DagBag from /home/airflow/.local/lib/python3.12/site-packages/airflow/example_dags/tutorial.py
[2025-03-11T03:24:10.850+0000] {processor.py:840} INFO - DAG(s) 'tutorial' retrieved from /home/airflow/.local/lib/python3.12/site-packages/airflow/example_dags/tutorial.py
[2025-03-11T03:24:10.870+0000] {logging_mixin.py:188} INFO - [2025-03-11T03:24:10.870+0000] {dag.py:3096} INFO - Sync 1 DAGs
[2025-03-11T03:24:10.892+0000] {logging_mixin.py:188} INFO - [2025-03-11T03:24:10.892+0000] {dag.py:3954} INFO - Setting next_dagrun for tutorial to 2025-03-10 00:00:00+00:00, run_after=2025-03-11 00:00:00+00:00
[2025-03-11T03:24:10.914+0000] {processor.py:183} INFO - Processing /home/airflow/.local/lib/python3.12/site-packages/airflow/example_dags/tutorial.py took 0.079 seconds
[2025-03-11T03:24:42.856+0000] {processor.py:161} INFO - Started process (PID=69167) to work on /home/airflow/.local/lib/python3.12/site-packages/airflow/example_dags/tutorial.py
[2025-03-11T03:24:42.858+0000] {processor.py:830} INFO - Processing file /home/airflow/.local/lib/python3.12/site-packages/airflow/example_dags/tutorial.py for tasks to queue
[2025-03-11T03:24:42.860+0000] {logging_mixin.py:188} INFO - [2025-03-11T03:24:42.859+0000] {dagbag.py:545} INFO - Filling up the DagBag from /home/airflow/.local/lib/python3.12/site-packages/airflow/example_dags/tutorial.py
[2025-03-11T03:24:42.865+0000] {processor.py:840} INFO - DAG(s) 'tutorial' retrieved from /home/airflow/.local/lib/python3.12/site-packages/airflow/example_dags/tutorial.py
[2025-03-11T03:24:42.886+0000] {logging_mixin.py:188} INFO - [2025-03-11T03:24:42.886+0000] {dag.py:3096} INFO - Sync 1 DAGs
[2025-03-11T03:24:42.909+0000] {logging_mixin.py:188} INFO - [2025-03-11T03:24:42.908+0000] {dag.py:3954} INFO - Setting next_dagrun for tutorial to 2025-03-10 00:00:00+00:00, run_after=2025-03-11 00:00:00+00:00
[2025-03-11T03:24:42.926+0000] {processor.py:183} INFO - Processing /home/airflow/.local/lib/python3.12/site-packages/airflow/example_dags/tutorial.py took 0.076 seconds
[2025-03-11T03:25:14.642+0000] {processor.py:161} INFO - Started process (PID=69427) to work on /home/airflow/.local/lib/python3.12/site-packages/airflow/example_dags/tutorial.py
[2025-03-11T03:25:14.643+0000] {processor.py:830} INFO - Processing file /home/airflow/.local/lib/python3.12/site-packages/airflow/example_dags/tutorial.py for tasks to queue
[2025-03-11T03:25:14.647+0000] {logging_mixin.py:188} INFO - [2025-03-11T03:25:14.646+0000] {dagbag.py:545} INFO - Filling up the DagBag from /home/airflow/.local/lib/python3.12/site-packages/airflow/example_dags/tutorial.py
[2025-03-11T03:25:14.655+0000] {processor.py:840} INFO - DAG(s) 'tutorial' retrieved from /home/airflow/.local/lib/python3.12/site-packages/airflow/example_dags/tutorial.py
[2025-03-11T03:25:14.684+0000] {logging_mixin.py:188} INFO - [2025-03-11T03:25:14.684+0000] {dag.py:3096} INFO - Sync 1 DAGs
[2025-03-11T03:25:14.710+0000] {logging_mixin.py:188} INFO - [2025-03-11T03:25:14.710+0000] {dag.py:3954} INFO - Setting next_dagrun for tutorial to 2025-03-10 00:00:00+00:00, run_after=2025-03-11 00:00:00+00:00
[2025-03-11T03:25:14.730+0000] {processor.py:183} INFO - Processing /home/airflow/.local/lib/python3.12/site-packages/airflow/example_dags/tutorial.py took 0.101 seconds
[2025-03-11T03:25:46.773+0000] {processor.py:161} INFO - Started process (PID=69691) to work on /home/airflow/.local/lib/python3.12/site-packages/airflow/example_dags/tutorial.py
[2025-03-11T03:25:46.775+0000] {processor.py:830} INFO - Processing file /home/airflow/.local/lib/python3.12/site-packages/airflow/example_dags/tutorial.py for tasks to queue
[2025-03-11T03:25:46.777+0000] {logging_mixin.py:188} INFO - [2025-03-11T03:25:46.776+0000] {dagbag.py:545} INFO - Filling up the DagBag from /home/airflow/.local/lib/python3.12/site-packages/airflow/example_dags/tutorial.py
[2025-03-11T03:25:46.783+0000] {processor.py:840} INFO - DAG(s) 'tutorial' retrieved from /home/airflow/.local/lib/python3.12/site-packages/airflow/example_dags/tutorial.py
[2025-03-11T03:25:46.807+0000] {logging_mixin.py:188} INFO - [2025-03-11T03:25:46.807+0000] {dag.py:3096} INFO - Sync 1 DAGs
[2025-03-11T03:25:46.832+0000] {logging_mixin.py:188} INFO - [2025-03-11T03:25:46.832+0000] {dag.py:3954} INFO - Setting next_dagrun for tutorial to 2025-03-10 00:00:00+00:00, run_after=2025-03-11 00:00:00+00:00
[2025-03-11T03:25:46.851+0000] {processor.py:183} INFO - Processing /home/airflow/.local/lib/python3.12/site-packages/airflow/example_dags/tutorial.py took 0.085 seconds
[2025-03-11T03:26:19.496+0000] {processor.py:161} INFO - Started process (PID=69953) to work on /home/airflow/.local/lib/python3.12/site-packages/airflow/example_dags/tutorial.py
[2025-03-11T03:26:19.497+0000] {processor.py:830} INFO - Processing file /home/airflow/.local/lib/python3.12/site-packages/airflow/example_dags/tutorial.py for tasks to queue
[2025-03-11T03:26:19.500+0000] {logging_mixin.py:188} INFO - [2025-03-11T03:26:19.500+0000] {dagbag.py:545} INFO - Filling up the DagBag from /home/airflow/.local/lib/python3.12/site-packages/airflow/example_dags/tutorial.py
[2025-03-11T03:26:19.506+0000] {processor.py:840} INFO - DAG(s) 'tutorial' retrieved from /home/airflow/.local/lib/python3.12/site-packages/airflow/example_dags/tutorial.py
[2025-03-11T03:26:19.526+0000] {logging_mixin.py:188} INFO - [2025-03-11T03:26:19.526+0000] {dag.py:3096} INFO - Sync 1 DAGs
[2025-03-11T03:26:19.549+0000] {logging_mixin.py:188} INFO - [2025-03-11T03:26:19.549+0000] {dag.py:3954} INFO - Setting next_dagrun for tutorial to 2025-03-10 00:00:00+00:00, run_after=2025-03-11 00:00:00+00:00
[2025-03-11T03:26:19.570+0000] {processor.py:183} INFO - Processing /home/airflow/.local/lib/python3.12/site-packages/airflow/example_dags/tutorial.py took 0.081 seconds
[2025-03-11T03:26:50.392+0000] {processor.py:161} INFO - Started process (PID=70213) to work on /home/airflow/.local/lib/python3.12/site-packages/airflow/example_dags/tutorial.py
[2025-03-11T03:26:50.394+0000] {processor.py:830} INFO - Processing file /home/airflow/.local/lib/python3.12/site-packages/airflow/example_dags/tutorial.py for tasks to queue
[2025-03-11T03:26:50.397+0000] {logging_mixin.py:188} INFO - [2025-03-11T03:26:50.397+0000] {dagbag.py:545} INFO - Filling up the DagBag from /home/airflow/.local/lib/python3.12/site-packages/airflow/example_dags/tutorial.py
[2025-03-11T03:26:50.405+0000] {processor.py:840} INFO - DAG(s) 'tutorial' retrieved from /home/airflow/.local/lib/python3.12/site-packages/airflow/example_dags/tutorial.py
[2025-03-11T03:26:50.428+0000] {logging_mixin.py:188} INFO - [2025-03-11T03:26:50.428+0000] {dag.py:3096} INFO - Sync 1 DAGs
[2025-03-11T03:26:50.454+0000] {logging_mixin.py:188} INFO - [2025-03-11T03:26:50.454+0000] {dag.py:3954} INFO - Setting next_dagrun for tutorial to 2025-03-10 00:00:00+00:00, run_after=2025-03-11 00:00:00+00:00
[2025-03-11T03:26:50.478+0000] {processor.py:183} INFO - Processing /home/airflow/.local/lib/python3.12/site-packages/airflow/example_dags/tutorial.py took 0.097 seconds
[2025-03-11T03:27:23.202+0000] {processor.py:161} INFO - Started process (PID=70475) to work on /home/airflow/.local/lib/python3.12/site-packages/airflow/example_dags/tutorial.py
[2025-03-11T03:27:23.204+0000] {processor.py:830} INFO - Processing file /home/airflow/.local/lib/python3.12/site-packages/airflow/example_dags/tutorial.py for tasks to queue
[2025-03-11T03:27:23.206+0000] {logging_mixin.py:188} INFO - [2025-03-11T03:27:23.206+0000] {dagbag.py:545} INFO - Filling up the DagBag from /home/airflow/.local/lib/python3.12/site-packages/airflow/example_dags/tutorial.py
[2025-03-11T03:27:23.212+0000] {processor.py:840} INFO - DAG(s) 'tutorial' retrieved from /home/airflow/.local/lib/python3.12/site-packages/airflow/example_dags/tutorial.py
[2025-03-11T03:27:23.233+0000] {logging_mixin.py:188} INFO - [2025-03-11T03:27:23.232+0000] {dag.py:3096} INFO - Sync 1 DAGs
[2025-03-11T03:27:23.258+0000] {logging_mixin.py:188} INFO - [2025-03-11T03:27:23.257+0000] {dag.py:3954} INFO - Setting next_dagrun for tutorial to 2025-03-10 00:00:00+00:00, run_after=2025-03-11 00:00:00+00:00
[2025-03-11T03:27:23.280+0000] {processor.py:183} INFO - Processing /home/airflow/.local/lib/python3.12/site-packages/airflow/example_dags/tutorial.py took 0.086 seconds
[2025-03-11T03:27:55.038+0000] {processor.py:161} INFO - Started process (PID=70737) to work on /home/airflow/.local/lib/python3.12/site-packages/airflow/example_dags/tutorial.py
[2025-03-11T03:27:55.039+0000] {processor.py:830} INFO - Processing file /home/airflow/.local/lib/python3.12/site-packages/airflow/example_dags/tutorial.py for tasks to queue
[2025-03-11T03:27:55.042+0000] {logging_mixin.py:188} INFO - [2025-03-11T03:27:55.041+0000] {dagbag.py:545} INFO - Filling up the DagBag from /home/airflow/.local/lib/python3.12/site-packages/airflow/example_dags/tutorial.py
[2025-03-11T03:27:55.047+0000] {processor.py:840} INFO - DAG(s) 'tutorial' retrieved from /home/airflow/.local/lib/python3.12/site-packages/airflow/example_dags/tutorial.py
[2025-03-11T03:27:55.067+0000] {logging_mixin.py:188} INFO - [2025-03-11T03:27:55.066+0000] {dag.py:3096} INFO - Sync 1 DAGs
[2025-03-11T03:27:55.089+0000] {logging_mixin.py:188} INFO - [2025-03-11T03:27:55.089+0000] {dag.py:3954} INFO - Setting next_dagrun for tutorial to 2025-03-10 00:00:00+00:00, run_after=2025-03-11 00:00:00+00:00
[2025-03-11T03:27:55.111+0000] {processor.py:183} INFO - Processing /home/airflow/.local/lib/python3.12/site-packages/airflow/example_dags/tutorial.py took 0.078 seconds
[2025-03-11T03:28:27.888+0000] {processor.py:161} INFO - Started process (PID=70999) to work on /home/airflow/.local/lib/python3.12/site-packages/airflow/example_dags/tutorial.py
[2025-03-11T03:28:27.889+0000] {processor.py:830} INFO - Processing file /home/airflow/.local/lib/python3.12/site-packages/airflow/example_dags/tutorial.py for tasks to queue
[2025-03-11T03:28:27.893+0000] {logging_mixin.py:188} INFO - [2025-03-11T03:28:27.892+0000] {dagbag.py:545} INFO - Filling up the DagBag from /home/airflow/.local/lib/python3.12/site-packages/airflow/example_dags/tutorial.py
[2025-03-11T03:28:27.902+0000] {processor.py:840} INFO - DAG(s) 'tutorial' retrieved from /home/airflow/.local/lib/python3.12/site-packages/airflow/example_dags/tutorial.py
[2025-03-11T03:28:27.927+0000] {logging_mixin.py:188} INFO - [2025-03-11T03:28:27.927+0000] {dag.py:3096} INFO - Sync 1 DAGs
[2025-03-11T03:28:27.958+0000] {logging_mixin.py:188} INFO - [2025-03-11T03:28:27.957+0000] {dag.py:3954} INFO - Setting next_dagrun for tutorial to 2025-03-10 00:00:00+00:00, run_after=2025-03-11 00:00:00+00:00
[2025-03-11T03:28:27.984+0000] {processor.py:183} INFO - Processing /home/airflow/.local/lib/python3.12/site-packages/airflow/example_dags/tutorial.py took 0.107 seconds
[2025-03-11T03:28:59.954+0000] {processor.py:161} INFO - Started process (PID=71263) to work on /home/airflow/.local/lib/python3.12/site-packages/airflow/example_dags/tutorial.py
[2025-03-11T03:28:59.957+0000] {processor.py:830} INFO - Processing file /home/airflow/.local/lib/python3.12/site-packages/airflow/example_dags/tutorial.py for tasks to queue
[2025-03-11T03:28:59.963+0000] {logging_mixin.py:188} INFO - [2025-03-11T03:28:59.962+0000] {dagbag.py:545} INFO - Filling up the DagBag from /home/airflow/.local/lib/python3.12/site-packages/airflow/example_dags/tutorial.py
[2025-03-11T03:28:59.972+0000] {processor.py:840} INFO - DAG(s) 'tutorial' retrieved from /home/airflow/.local/lib/python3.12/site-packages/airflow/example_dags/tutorial.py
[2025-03-11T03:28:59.997+0000] {logging_mixin.py:188} INFO - [2025-03-11T03:28:59.997+0000] {dag.py:3096} INFO - Sync 1 DAGs
[2025-03-11T03:29:00.022+0000] {logging_mixin.py:188} INFO - [2025-03-11T03:29:00.022+0000] {dag.py:3954} INFO - Setting next_dagrun for tutorial to 2025-03-10 00:00:00+00:00, run_after=2025-03-11 00:00:00+00:00
[2025-03-11T03:29:00.045+0000] {processor.py:183} INFO - Processing /home/airflow/.local/lib/python3.12/site-packages/airflow/example_dags/tutorial.py took 0.110 seconds
[2025-03-11T03:29:32.009+0000] {processor.py:161} INFO - Started process (PID=71523) to work on /home/airflow/.local/lib/python3.12/site-packages/airflow/example_dags/tutorial.py
[2025-03-11T03:29:32.010+0000] {processor.py:830} INFO - Processing file /home/airflow/.local/lib/python3.12/site-packages/airflow/example_dags/tutorial.py for tasks to queue
[2025-03-11T03:29:32.013+0000] {logging_mixin.py:188} INFO - [2025-03-11T03:29:32.012+0000] {dagbag.py:545} INFO - Filling up the DagBag from /home/airflow/.local/lib/python3.12/site-packages/airflow/example_dags/tutorial.py
[2025-03-11T03:29:32.020+0000] {processor.py:840} INFO - DAG(s) 'tutorial' retrieved from /home/airflow/.local/lib/python3.12/site-packages/airflow/example_dags/tutorial.py
[2025-03-11T03:29:32.042+0000] {logging_mixin.py:188} INFO - [2025-03-11T03:29:32.042+0000] {dag.py:3096} INFO - Sync 1 DAGs
[2025-03-11T03:29:32.066+0000] {logging_mixin.py:188} INFO - [2025-03-11T03:29:32.066+0000] {dag.py:3954} INFO - Setting next_dagrun for tutorial to 2025-03-10 00:00:00+00:00, run_after=2025-03-11 00:00:00+00:00
[2025-03-11T03:29:32.087+0000] {processor.py:183} INFO - Processing /home/airflow/.local/lib/python3.12/site-packages/airflow/example_dags/tutorial.py took 0.086 seconds
[2025-03-11T03:30:04.166+0000] {processor.py:161} INFO - Started process (PID=71787) to work on /home/airflow/.local/lib/python3.12/site-packages/airflow/example_dags/tutorial.py
[2025-03-11T03:30:04.170+0000] {processor.py:830} INFO - Processing file /home/airflow/.local/lib/python3.12/site-packages/airflow/example_dags/tutorial.py for tasks to queue
[2025-03-11T03:30:04.175+0000] {logging_mixin.py:188} INFO - [2025-03-11T03:30:04.174+0000] {dagbag.py:545} INFO - Filling up the DagBag from /home/airflow/.local/lib/python3.12/site-packages/airflow/example_dags/tutorial.py
[2025-03-11T03:30:04.185+0000] {processor.py:840} INFO - DAG(s) 'tutorial' retrieved from /home/airflow/.local/lib/python3.12/site-packages/airflow/example_dags/tutorial.py
[2025-03-11T03:30:04.218+0000] {logging_mixin.py:188} INFO - [2025-03-11T03:30:04.218+0000] {dag.py:3096} INFO - Sync 1 DAGs
[2025-03-11T03:30:04.243+0000] {logging_mixin.py:188} INFO - [2025-03-11T03:30:04.243+0000] {dag.py:3954} INFO - Setting next_dagrun for tutorial to 2025-03-10 00:00:00+00:00, run_after=2025-03-11 00:00:00+00:00
[2025-03-11T03:30:04.269+0000] {processor.py:183} INFO - Processing /home/airflow/.local/lib/python3.12/site-packages/airflow/example_dags/tutorial.py took 0.113 seconds
[2025-03-11T03:30:36.486+0000] {processor.py:161} INFO - Started process (PID=72047) to work on /home/airflow/.local/lib/python3.12/site-packages/airflow/example_dags/tutorial.py
[2025-03-11T03:30:36.487+0000] {processor.py:830} INFO - Processing file /home/airflow/.local/lib/python3.12/site-packages/airflow/example_dags/tutorial.py for tasks to queue
[2025-03-11T03:30:36.490+0000] {logging_mixin.py:188} INFO - [2025-03-11T03:30:36.490+0000] {dagbag.py:545} INFO - Filling up the DagBag from /home/airflow/.local/lib/python3.12/site-packages/airflow/example_dags/tutorial.py
[2025-03-11T03:30:36.499+0000] {processor.py:840} INFO - DAG(s) 'tutorial' retrieved from /home/airflow/.local/lib/python3.12/site-packages/airflow/example_dags/tutorial.py
[2025-03-11T03:30:36.530+0000] {logging_mixin.py:188} INFO - [2025-03-11T03:30:36.529+0000] {dag.py:3096} INFO - Sync 1 DAGs
[2025-03-11T03:30:36.557+0000] {logging_mixin.py:188} INFO - [2025-03-11T03:30:36.556+0000] {dag.py:3954} INFO - Setting next_dagrun for tutorial to 2025-03-10 00:00:00+00:00, run_after=2025-03-11 00:00:00+00:00
[2025-03-11T03:30:36.579+0000] {processor.py:183} INFO - Processing /home/airflow/.local/lib/python3.12/site-packages/airflow/example_dags/tutorial.py took 0.102 seconds
[2025-03-11T03:31:06.984+0000] {processor.py:161} INFO - Started process (PID=72309) to work on /home/airflow/.local/lib/python3.12/site-packages/airflow/example_dags/tutorial.py
[2025-03-11T03:31:06.986+0000] {processor.py:830} INFO - Processing file /home/airflow/.local/lib/python3.12/site-packages/airflow/example_dags/tutorial.py for tasks to queue
[2025-03-11T03:31:06.989+0000] {logging_mixin.py:188} INFO - [2025-03-11T03:31:06.988+0000] {dagbag.py:545} INFO - Filling up the DagBag from /home/airflow/.local/lib/python3.12/site-packages/airflow/example_dags/tutorial.py
[2025-03-11T03:31:06.996+0000] {processor.py:840} INFO - DAG(s) 'tutorial' retrieved from /home/airflow/.local/lib/python3.12/site-packages/airflow/example_dags/tutorial.py
[2025-03-11T03:31:07.017+0000] {logging_mixin.py:188} INFO - [2025-03-11T03:31:07.017+0000] {dag.py:3096} INFO - Sync 1 DAGs
[2025-03-11T03:31:07.041+0000] {logging_mixin.py:188} INFO - [2025-03-11T03:31:07.041+0000] {dag.py:3954} INFO - Setting next_dagrun for tutorial to 2025-03-10 00:00:00+00:00, run_after=2025-03-11 00:00:00+00:00
[2025-03-11T03:31:07.064+0000] {processor.py:183} INFO - Processing /home/airflow/.local/lib/python3.12/site-packages/airflow/example_dags/tutorial.py took 0.086 seconds
[2025-03-11T03:31:40.080+0000] {processor.py:161} INFO - Started process (PID=72571) to work on /home/airflow/.local/lib/python3.12/site-packages/airflow/example_dags/tutorial.py
[2025-03-11T03:31:40.082+0000] {processor.py:830} INFO - Processing file /home/airflow/.local/lib/python3.12/site-packages/airflow/example_dags/tutorial.py for tasks to queue
[2025-03-11T03:31:40.086+0000] {logging_mixin.py:188} INFO - [2025-03-11T03:31:40.086+0000] {dagbag.py:545} INFO - Filling up the DagBag from /home/airflow/.local/lib/python3.12/site-packages/airflow/example_dags/tutorial.py
[2025-03-11T03:31:40.095+0000] {processor.py:840} INFO - DAG(s) 'tutorial' retrieved from /home/airflow/.local/lib/python3.12/site-packages/airflow/example_dags/tutorial.py
[2025-03-11T03:31:40.130+0000] {logging_mixin.py:188} INFO - [2025-03-11T03:31:40.129+0000] {dag.py:3096} INFO - Sync 1 DAGs
[2025-03-11T03:31:40.155+0000] {logging_mixin.py:188} INFO - [2025-03-11T03:31:40.154+0000] {dag.py:3954} INFO - Setting next_dagrun for tutorial to 2025-03-10 00:00:00+00:00, run_after=2025-03-11 00:00:00+00:00
[2025-03-11T03:31:40.177+0000] {processor.py:183} INFO - Processing /home/airflow/.local/lib/python3.12/site-packages/airflow/example_dags/tutorial.py took 0.111 seconds
[2025-03-11T03:32:11.293+0000] {processor.py:161} INFO - Started process (PID=72833) to work on /home/airflow/.local/lib/python3.12/site-packages/airflow/example_dags/tutorial.py
[2025-03-11T03:32:11.295+0000] {processor.py:830} INFO - Processing file /home/airflow/.local/lib/python3.12/site-packages/airflow/example_dags/tutorial.py for tasks to queue
[2025-03-11T03:32:11.297+0000] {logging_mixin.py:188} INFO - [2025-03-11T03:32:11.296+0000] {dagbag.py:545} INFO - Filling up the DagBag from /home/airflow/.local/lib/python3.12/site-packages/airflow/example_dags/tutorial.py
[2025-03-11T03:32:11.305+0000] {processor.py:840} INFO - DAG(s) 'tutorial' retrieved from /home/airflow/.local/lib/python3.12/site-packages/airflow/example_dags/tutorial.py
[2025-03-11T03:32:11.324+0000] {logging_mixin.py:188} INFO - [2025-03-11T03:32:11.324+0000] {dag.py:3096} INFO - Sync 1 DAGs
[2025-03-11T03:32:11.350+0000] {logging_mixin.py:188} INFO - [2025-03-11T03:32:11.350+0000] {dag.py:3954} INFO - Setting next_dagrun for tutorial to 2025-03-10 00:00:00+00:00, run_after=2025-03-11 00:00:00+00:00
[2025-03-11T03:32:11.371+0000] {processor.py:183} INFO - Processing /home/airflow/.local/lib/python3.12/site-packages/airflow/example_dags/tutorial.py took 0.084 seconds
[2025-03-11T03:32:43.642+0000] {processor.py:161} INFO - Started process (PID=73095) to work on /home/airflow/.local/lib/python3.12/site-packages/airflow/example_dags/tutorial.py
[2025-03-11T03:32:43.644+0000] {processor.py:830} INFO - Processing file /home/airflow/.local/lib/python3.12/site-packages/airflow/example_dags/tutorial.py for tasks to queue
[2025-03-11T03:32:43.649+0000] {logging_mixin.py:188} INFO - [2025-03-11T03:32:43.648+0000] {dagbag.py:545} INFO - Filling up the DagBag from /home/airflow/.local/lib/python3.12/site-packages/airflow/example_dags/tutorial.py
[2025-03-11T03:32:43.660+0000] {processor.py:840} INFO - DAG(s) 'tutorial' retrieved from /home/airflow/.local/lib/python3.12/site-packages/airflow/example_dags/tutorial.py
[2025-03-11T03:32:43.689+0000] {logging_mixin.py:188} INFO - [2025-03-11T03:32:43.689+0000] {dag.py:3096} INFO - Sync 1 DAGs
[2025-03-11T03:32:43.715+0000] {logging_mixin.py:188} INFO - [2025-03-11T03:32:43.714+0000] {dag.py:3954} INFO - Setting next_dagrun for tutorial to 2025-03-10 00:00:00+00:00, run_after=2025-03-11 00:00:00+00:00
[2025-03-11T03:32:43.739+0000] {processor.py:183} INFO - Processing /home/airflow/.local/lib/python3.12/site-packages/airflow/example_dags/tutorial.py took 0.112 seconds
