[2025-03-11T03:05:18.137+0000] {processor.py:161} INFO - Started process (PID=59485) to work on /home/airflow/.local/lib/python3.12/site-packages/airflow/example_dags/tutorial_dag.py
[2025-03-11T03:05:18.139+0000] {processor.py:830} INFO - Processing file /home/airflow/.local/lib/python3.12/site-packages/airflow/example_dags/tutorial_dag.py for tasks to queue
[2025-03-11T03:05:18.141+0000] {logging_mixin.py:188} INFO - [2025-03-11T03:05:18.140+0000] {dagbag.py:545} INFO - Filling up the DagBag from /home/airflow/.local/lib/python3.12/site-packages/airflow/example_dags/tutorial_dag.py
[2025-03-11T03:05:18.146+0000] {processor.py:840} INFO - DAG(s) 'tutorial_dag' retrieved from /home/airflow/.local/lib/python3.12/site-packages/airflow/example_dags/tutorial_dag.py
[2025-03-11T03:05:18.168+0000] {logging_mixin.py:188} INFO - [2025-03-11T03:05:18.168+0000] {dag.py:3096} INFO - Sync 1 DAGs
[2025-03-11T03:05:18.181+0000] {logging_mixin.py:188} INFO - [2025-03-11T03:05:18.181+0000] {dag.py:3954} INFO - Setting next_dagrun for tutorial_dag to None, run_after=None
[2025-03-11T03:05:18.284+0000] {processor.py:183} INFO - Processing /home/airflow/.local/lib/python3.12/site-packages/airflow/example_dags/tutorial_dag.py took 0.152 seconds
[2025-03-11T03:05:48.496+0000] {processor.py:161} INFO - Started process (PID=59745) to work on /home/airflow/.local/lib/python3.12/site-packages/airflow/example_dags/tutorial_dag.py
[2025-03-11T03:05:48.497+0000] {processor.py:830} INFO - Processing file /home/airflow/.local/lib/python3.12/site-packages/airflow/example_dags/tutorial_dag.py for tasks to queue
[2025-03-11T03:05:48.500+0000] {logging_mixin.py:188} INFO - [2025-03-11T03:05:48.499+0000] {dagbag.py:545} INFO - Filling up the DagBag from /home/airflow/.local/lib/python3.12/site-packages/airflow/example_dags/tutorial_dag.py
[2025-03-11T03:05:48.507+0000] {processor.py:840} INFO - DAG(s) 'tutorial_dag' retrieved from /home/airflow/.local/lib/python3.12/site-packages/airflow/example_dags/tutorial_dag.py
[2025-03-11T03:05:48.538+0000] {logging_mixin.py:188} INFO - [2025-03-11T03:05:48.538+0000] {dag.py:3096} INFO - Sync 1 DAGs
[2025-03-11T03:05:48.555+0000] {logging_mixin.py:188} INFO - [2025-03-11T03:05:48.555+0000] {dag.py:3954} INFO - Setting next_dagrun for tutorial_dag to None, run_after=None
[2025-03-11T03:05:48.584+0000] {processor.py:183} INFO - Processing /home/airflow/.local/lib/python3.12/site-packages/airflow/example_dags/tutorial_dag.py took 0.094 seconds
[2025-03-11T03:06:18.757+0000] {processor.py:161} INFO - Started process (PID=60009) to work on /home/airflow/.local/lib/python3.12/site-packages/airflow/example_dags/tutorial_dag.py
[2025-03-11T03:06:18.758+0000] {processor.py:830} INFO - Processing file /home/airflow/.local/lib/python3.12/site-packages/airflow/example_dags/tutorial_dag.py for tasks to queue
[2025-03-11T03:06:18.761+0000] {logging_mixin.py:188} INFO - [2025-03-11T03:06:18.760+0000] {dagbag.py:545} INFO - Filling up the DagBag from /home/airflow/.local/lib/python3.12/site-packages/airflow/example_dags/tutorial_dag.py
[2025-03-11T03:06:18.767+0000] {processor.py:840} INFO - DAG(s) 'tutorial_dag' retrieved from /home/airflow/.local/lib/python3.12/site-packages/airflow/example_dags/tutorial_dag.py
[2025-03-11T03:06:18.788+0000] {logging_mixin.py:188} INFO - [2025-03-11T03:06:18.788+0000] {dag.py:3096} INFO - Sync 1 DAGs
[2025-03-11T03:06:18.799+0000] {logging_mixin.py:188} INFO - [2025-03-11T03:06:18.798+0000] {dag.py:3954} INFO - Setting next_dagrun for tutorial_dag to None, run_after=None
[2025-03-11T03:06:18.817+0000] {processor.py:183} INFO - Processing /home/airflow/.local/lib/python3.12/site-packages/airflow/example_dags/tutorial_dag.py took 0.071 seconds
[2025-03-11T03:06:49.475+0000] {processor.py:161} INFO - Started process (PID=60271) to work on /home/airflow/.local/lib/python3.12/site-packages/airflow/example_dags/tutorial_dag.py
[2025-03-11T03:06:49.477+0000] {processor.py:830} INFO - Processing file /home/airflow/.local/lib/python3.12/site-packages/airflow/example_dags/tutorial_dag.py for tasks to queue
[2025-03-11T03:06:49.479+0000] {logging_mixin.py:188} INFO - [2025-03-11T03:06:49.479+0000] {dagbag.py:545} INFO - Filling up the DagBag from /home/airflow/.local/lib/python3.12/site-packages/airflow/example_dags/tutorial_dag.py
[2025-03-11T03:06:49.486+0000] {processor.py:840} INFO - DAG(s) 'tutorial_dag' retrieved from /home/airflow/.local/lib/python3.12/site-packages/airflow/example_dags/tutorial_dag.py
[2025-03-11T03:06:49.513+0000] {logging_mixin.py:188} INFO - [2025-03-11T03:06:49.513+0000] {dag.py:3096} INFO - Sync 1 DAGs
[2025-03-11T03:06:49.529+0000] {logging_mixin.py:188} INFO - [2025-03-11T03:06:49.529+0000] {dag.py:3954} INFO - Setting next_dagrun for tutorial_dag to None, run_after=None
[2025-03-11T03:06:49.552+0000] {processor.py:183} INFO - Processing /home/airflow/.local/lib/python3.12/site-packages/airflow/example_dags/tutorial_dag.py took 0.083 seconds
[2025-03-11T03:07:20.193+0000] {processor.py:161} INFO - Started process (PID=60533) to work on /home/airflow/.local/lib/python3.12/site-packages/airflow/example_dags/tutorial_dag.py
[2025-03-11T03:07:20.195+0000] {processor.py:830} INFO - Processing file /home/airflow/.local/lib/python3.12/site-packages/airflow/example_dags/tutorial_dag.py for tasks to queue
[2025-03-11T03:07:20.197+0000] {logging_mixin.py:188} INFO - [2025-03-11T03:07:20.197+0000] {dagbag.py:545} INFO - Filling up the DagBag from /home/airflow/.local/lib/python3.12/site-packages/airflow/example_dags/tutorial_dag.py
[2025-03-11T03:07:20.203+0000] {processor.py:840} INFO - DAG(s) 'tutorial_dag' retrieved from /home/airflow/.local/lib/python3.12/site-packages/airflow/example_dags/tutorial_dag.py
[2025-03-11T03:07:20.223+0000] {logging_mixin.py:188} INFO - [2025-03-11T03:07:20.223+0000] {dag.py:3096} INFO - Sync 1 DAGs
[2025-03-11T03:07:20.236+0000] {logging_mixin.py:188} INFO - [2025-03-11T03:07:20.236+0000] {dag.py:3954} INFO - Setting next_dagrun for tutorial_dag to None, run_after=None
[2025-03-11T03:07:20.269+0000] {processor.py:183} INFO - Processing /home/airflow/.local/lib/python3.12/site-packages/airflow/example_dags/tutorial_dag.py took 0.083 seconds
[2025-03-11T03:07:50.398+0000] {processor.py:161} INFO - Started process (PID=60795) to work on /home/airflow/.local/lib/python3.12/site-packages/airflow/example_dags/tutorial_dag.py
[2025-03-11T03:07:50.400+0000] {processor.py:830} INFO - Processing file /home/airflow/.local/lib/python3.12/site-packages/airflow/example_dags/tutorial_dag.py for tasks to queue
[2025-03-11T03:07:50.402+0000] {logging_mixin.py:188} INFO - [2025-03-11T03:07:50.402+0000] {dagbag.py:545} INFO - Filling up the DagBag from /home/airflow/.local/lib/python3.12/site-packages/airflow/example_dags/tutorial_dag.py
[2025-03-11T03:07:50.408+0000] {processor.py:840} INFO - DAG(s) 'tutorial_dag' retrieved from /home/airflow/.local/lib/python3.12/site-packages/airflow/example_dags/tutorial_dag.py
[2025-03-11T03:07:50.430+0000] {logging_mixin.py:188} INFO - [2025-03-11T03:07:50.430+0000] {dag.py:3096} INFO - Sync 1 DAGs
[2025-03-11T03:07:50.443+0000] {logging_mixin.py:188} INFO - [2025-03-11T03:07:50.443+0000] {dag.py:3954} INFO - Setting next_dagrun for tutorial_dag to None, run_after=None
[2025-03-11T03:07:50.464+0000] {processor.py:183} INFO - Processing /home/airflow/.local/lib/python3.12/site-packages/airflow/example_dags/tutorial_dag.py took 0.078 seconds
[2025-03-11T03:08:21.021+0000] {processor.py:161} INFO - Started process (PID=61057) to work on /home/airflow/.local/lib/python3.12/site-packages/airflow/example_dags/tutorial_dag.py
[2025-03-11T03:08:21.022+0000] {processor.py:830} INFO - Processing file /home/airflow/.local/lib/python3.12/site-packages/airflow/example_dags/tutorial_dag.py for tasks to queue
[2025-03-11T03:08:21.024+0000] {logging_mixin.py:188} INFO - [2025-03-11T03:08:21.024+0000] {dagbag.py:545} INFO - Filling up the DagBag from /home/airflow/.local/lib/python3.12/site-packages/airflow/example_dags/tutorial_dag.py
[2025-03-11T03:08:21.030+0000] {processor.py:840} INFO - DAG(s) 'tutorial_dag' retrieved from /home/airflow/.local/lib/python3.12/site-packages/airflow/example_dags/tutorial_dag.py
[2025-03-11T03:08:21.050+0000] {logging_mixin.py:188} INFO - [2025-03-11T03:08:21.049+0000] {dag.py:3096} INFO - Sync 1 DAGs
[2025-03-11T03:08:21.062+0000] {logging_mixin.py:188} INFO - [2025-03-11T03:08:21.061+0000] {dag.py:3954} INFO - Setting next_dagrun for tutorial_dag to None, run_after=None
[2025-03-11T03:08:21.081+0000] {processor.py:183} INFO - Processing /home/airflow/.local/lib/python3.12/site-packages/airflow/example_dags/tutorial_dag.py took 0.068 seconds
[2025-03-11T03:08:51.539+0000] {processor.py:161} INFO - Started process (PID=61313) to work on /home/airflow/.local/lib/python3.12/site-packages/airflow/example_dags/tutorial_dag.py
[2025-03-11T03:08:51.543+0000] {processor.py:830} INFO - Processing file /home/airflow/.local/lib/python3.12/site-packages/airflow/example_dags/tutorial_dag.py for tasks to queue
[2025-03-11T03:08:51.548+0000] {logging_mixin.py:188} INFO - [2025-03-11T03:08:51.547+0000] {dagbag.py:545} INFO - Filling up the DagBag from /home/airflow/.local/lib/python3.12/site-packages/airflow/example_dags/tutorial_dag.py
[2025-03-11T03:08:51.556+0000] {processor.py:840} INFO - DAG(s) 'tutorial_dag' retrieved from /home/airflow/.local/lib/python3.12/site-packages/airflow/example_dags/tutorial_dag.py
[2025-03-11T03:08:51.576+0000] {logging_mixin.py:188} INFO - [2025-03-11T03:08:51.575+0000] {dag.py:3096} INFO - Sync 1 DAGs
[2025-03-11T03:08:51.588+0000] {logging_mixin.py:188} INFO - [2025-03-11T03:08:51.588+0000] {dag.py:3954} INFO - Setting next_dagrun for tutorial_dag to None, run_after=None
[2025-03-11T03:08:51.609+0000] {processor.py:183} INFO - Processing /home/airflow/.local/lib/python3.12/site-packages/airflow/example_dags/tutorial_dag.py took 0.096 seconds
[2025-03-11T03:09:22.390+0000] {processor.py:161} INFO - Started process (PID=61575) to work on /home/airflow/.local/lib/python3.12/site-packages/airflow/example_dags/tutorial_dag.py
[2025-03-11T03:09:22.391+0000] {processor.py:830} INFO - Processing file /home/airflow/.local/lib/python3.12/site-packages/airflow/example_dags/tutorial_dag.py for tasks to queue
[2025-03-11T03:09:22.393+0000] {logging_mixin.py:188} INFO - [2025-03-11T03:09:22.393+0000] {dagbag.py:545} INFO - Filling up the DagBag from /home/airflow/.local/lib/python3.12/site-packages/airflow/example_dags/tutorial_dag.py
[2025-03-11T03:09:22.399+0000] {processor.py:840} INFO - DAG(s) 'tutorial_dag' retrieved from /home/airflow/.local/lib/python3.12/site-packages/airflow/example_dags/tutorial_dag.py
[2025-03-11T03:09:22.422+0000] {logging_mixin.py:188} INFO - [2025-03-11T03:09:22.422+0000] {dag.py:3096} INFO - Sync 1 DAGs
[2025-03-11T03:09:22.434+0000] {logging_mixin.py:188} INFO - [2025-03-11T03:09:22.434+0000] {dag.py:3954} INFO - Setting next_dagrun for tutorial_dag to None, run_after=None
[2025-03-11T03:09:22.452+0000] {processor.py:183} INFO - Processing /home/airflow/.local/lib/python3.12/site-packages/airflow/example_dags/tutorial_dag.py took 0.068 seconds
[2025-03-11T03:09:53.180+0000] {processor.py:161} INFO - Started process (PID=61838) to work on /home/airflow/.local/lib/python3.12/site-packages/airflow/example_dags/tutorial_dag.py
[2025-03-11T03:09:53.182+0000] {processor.py:830} INFO - Processing file /home/airflow/.local/lib/python3.12/site-packages/airflow/example_dags/tutorial_dag.py for tasks to queue
[2025-03-11T03:09:53.184+0000] {logging_mixin.py:188} INFO - [2025-03-11T03:09:53.184+0000] {dagbag.py:545} INFO - Filling up the DagBag from /home/airflow/.local/lib/python3.12/site-packages/airflow/example_dags/tutorial_dag.py
[2025-03-11T03:09:53.190+0000] {processor.py:840} INFO - DAG(s) 'tutorial_dag' retrieved from /home/airflow/.local/lib/python3.12/site-packages/airflow/example_dags/tutorial_dag.py
[2025-03-11T03:09:53.211+0000] {logging_mixin.py:188} INFO - [2025-03-11T03:09:53.211+0000] {dag.py:3096} INFO - Sync 1 DAGs
[2025-03-11T03:09:53.225+0000] {logging_mixin.py:188} INFO - [2025-03-11T03:09:53.224+0000] {dag.py:3954} INFO - Setting next_dagrun for tutorial_dag to None, run_after=None
[2025-03-11T03:09:53.247+0000] {processor.py:183} INFO - Processing /home/airflow/.local/lib/python3.12/site-packages/airflow/example_dags/tutorial_dag.py took 0.073 seconds
[2025-03-11T03:10:24.017+0000] {processor.py:161} INFO - Started process (PID=62098) to work on /home/airflow/.local/lib/python3.12/site-packages/airflow/example_dags/tutorial_dag.py
[2025-03-11T03:10:24.019+0000] {processor.py:830} INFO - Processing file /home/airflow/.local/lib/python3.12/site-packages/airflow/example_dags/tutorial_dag.py for tasks to queue
[2025-03-11T03:10:24.021+0000] {logging_mixin.py:188} INFO - [2025-03-11T03:10:24.020+0000] {dagbag.py:545} INFO - Filling up the DagBag from /home/airflow/.local/lib/python3.12/site-packages/airflow/example_dags/tutorial_dag.py
[2025-03-11T03:10:24.026+0000] {processor.py:840} INFO - DAG(s) 'tutorial_dag' retrieved from /home/airflow/.local/lib/python3.12/site-packages/airflow/example_dags/tutorial_dag.py
[2025-03-11T03:10:24.050+0000] {logging_mixin.py:188} INFO - [2025-03-11T03:10:24.050+0000] {dag.py:3096} INFO - Sync 1 DAGs
[2025-03-11T03:10:24.065+0000] {logging_mixin.py:188} INFO - [2025-03-11T03:10:24.065+0000] {dag.py:3954} INFO - Setting next_dagrun for tutorial_dag to None, run_after=None
[2025-03-11T03:10:24.086+0000] {processor.py:183} INFO - Processing /home/airflow/.local/lib/python3.12/site-packages/airflow/example_dags/tutorial_dag.py took 0.082 seconds
[2025-03-11T03:10:55.026+0000] {processor.py:161} INFO - Started process (PID=62362) to work on /home/airflow/.local/lib/python3.12/site-packages/airflow/example_dags/tutorial_dag.py
[2025-03-11T03:10:55.027+0000] {processor.py:830} INFO - Processing file /home/airflow/.local/lib/python3.12/site-packages/airflow/example_dags/tutorial_dag.py for tasks to queue
[2025-03-11T03:10:55.029+0000] {logging_mixin.py:188} INFO - [2025-03-11T03:10:55.029+0000] {dagbag.py:545} INFO - Filling up the DagBag from /home/airflow/.local/lib/python3.12/site-packages/airflow/example_dags/tutorial_dag.py
[2025-03-11T03:10:55.034+0000] {processor.py:840} INFO - DAG(s) 'tutorial_dag' retrieved from /home/airflow/.local/lib/python3.12/site-packages/airflow/example_dags/tutorial_dag.py
[2025-03-11T03:10:55.054+0000] {logging_mixin.py:188} INFO - [2025-03-11T03:10:55.054+0000] {dag.py:3096} INFO - Sync 1 DAGs
[2025-03-11T03:10:55.066+0000] {logging_mixin.py:188} INFO - [2025-03-11T03:10:55.066+0000] {dag.py:3954} INFO - Setting next_dagrun for tutorial_dag to None, run_after=None
[2025-03-11T03:10:55.086+0000] {processor.py:183} INFO - Processing /home/airflow/.local/lib/python3.12/site-packages/airflow/example_dags/tutorial_dag.py took 0.066 seconds
[2025-03-11T03:11:25.887+0000] {processor.py:161} INFO - Started process (PID=62622) to work on /home/airflow/.local/lib/python3.12/site-packages/airflow/example_dags/tutorial_dag.py
[2025-03-11T03:11:25.889+0000] {processor.py:830} INFO - Processing file /home/airflow/.local/lib/python3.12/site-packages/airflow/example_dags/tutorial_dag.py for tasks to queue
[2025-03-11T03:11:25.891+0000] {logging_mixin.py:188} INFO - [2025-03-11T03:11:25.891+0000] {dagbag.py:545} INFO - Filling up the DagBag from /home/airflow/.local/lib/python3.12/site-packages/airflow/example_dags/tutorial_dag.py
[2025-03-11T03:11:25.896+0000] {processor.py:840} INFO - DAG(s) 'tutorial_dag' retrieved from /home/airflow/.local/lib/python3.12/site-packages/airflow/example_dags/tutorial_dag.py
[2025-03-11T03:11:25.924+0000] {logging_mixin.py:188} INFO - [2025-03-11T03:11:25.924+0000] {dag.py:3096} INFO - Sync 1 DAGs
[2025-03-11T03:11:25.945+0000] {logging_mixin.py:188} INFO - [2025-03-11T03:11:25.944+0000] {dag.py:3954} INFO - Setting next_dagrun for tutorial_dag to None, run_after=None
[2025-03-11T03:11:26.019+0000] {processor.py:183} INFO - Processing /home/airflow/.local/lib/python3.12/site-packages/airflow/example_dags/tutorial_dag.py took 0.143 seconds
[2025-03-11T03:11:56.530+0000] {processor.py:161} INFO - Started process (PID=62884) to work on /home/airflow/.local/lib/python3.12/site-packages/airflow/example_dags/tutorial_dag.py
[2025-03-11T03:11:56.532+0000] {processor.py:830} INFO - Processing file /home/airflow/.local/lib/python3.12/site-packages/airflow/example_dags/tutorial_dag.py for tasks to queue
[2025-03-11T03:11:56.534+0000] {logging_mixin.py:188} INFO - [2025-03-11T03:11:56.534+0000] {dagbag.py:545} INFO - Filling up the DagBag from /home/airflow/.local/lib/python3.12/site-packages/airflow/example_dags/tutorial_dag.py
[2025-03-11T03:11:56.545+0000] {processor.py:840} INFO - DAG(s) 'tutorial_dag' retrieved from /home/airflow/.local/lib/python3.12/site-packages/airflow/example_dags/tutorial_dag.py
[2025-03-11T03:11:56.576+0000] {logging_mixin.py:188} INFO - [2025-03-11T03:11:56.576+0000] {dag.py:3096} INFO - Sync 1 DAGs
[2025-03-11T03:11:56.589+0000] {logging_mixin.py:188} INFO - [2025-03-11T03:11:56.589+0000] {dag.py:3954} INFO - Setting next_dagrun for tutorial_dag to None, run_after=None
[2025-03-11T03:11:56.610+0000] {processor.py:183} INFO - Processing /home/airflow/.local/lib/python3.12/site-packages/airflow/example_dags/tutorial_dag.py took 0.094 seconds
[2025-03-11T03:12:27.272+0000] {processor.py:161} INFO - Started process (PID=63148) to work on /home/airflow/.local/lib/python3.12/site-packages/airflow/example_dags/tutorial_dag.py
[2025-03-11T03:12:27.273+0000] {processor.py:830} INFO - Processing file /home/airflow/.local/lib/python3.12/site-packages/airflow/example_dags/tutorial_dag.py for tasks to queue
[2025-03-11T03:12:27.275+0000] {logging_mixin.py:188} INFO - [2025-03-11T03:12:27.275+0000] {dagbag.py:545} INFO - Filling up the DagBag from /home/airflow/.local/lib/python3.12/site-packages/airflow/example_dags/tutorial_dag.py
[2025-03-11T03:12:27.280+0000] {processor.py:840} INFO - DAG(s) 'tutorial_dag' retrieved from /home/airflow/.local/lib/python3.12/site-packages/airflow/example_dags/tutorial_dag.py
[2025-03-11T03:12:27.301+0000] {logging_mixin.py:188} INFO - [2025-03-11T03:12:27.300+0000] {dag.py:3096} INFO - Sync 1 DAGs
[2025-03-11T03:12:27.313+0000] {logging_mixin.py:188} INFO - [2025-03-11T03:12:27.313+0000] {dag.py:3954} INFO - Setting next_dagrun for tutorial_dag to None, run_after=None
[2025-03-11T03:12:27.347+0000] {processor.py:183} INFO - Processing /home/airflow/.local/lib/python3.12/site-packages/airflow/example_dags/tutorial_dag.py took 0.081 seconds
[2025-03-11T03:12:57.768+0000] {processor.py:161} INFO - Started process (PID=63417) to work on /home/airflow/.local/lib/python3.12/site-packages/airflow/example_dags/tutorial_dag.py
[2025-03-11T03:12:57.770+0000] {processor.py:830} INFO - Processing file /home/airflow/.local/lib/python3.12/site-packages/airflow/example_dags/tutorial_dag.py for tasks to queue
[2025-03-11T03:12:57.772+0000] {logging_mixin.py:188} INFO - [2025-03-11T03:12:57.771+0000] {dagbag.py:545} INFO - Filling up the DagBag from /home/airflow/.local/lib/python3.12/site-packages/airflow/example_dags/tutorial_dag.py
[2025-03-11T03:12:57.777+0000] {processor.py:840} INFO - DAG(s) 'tutorial_dag' retrieved from /home/airflow/.local/lib/python3.12/site-packages/airflow/example_dags/tutorial_dag.py
[2025-03-11T03:12:57.796+0000] {logging_mixin.py:188} INFO - [2025-03-11T03:12:57.795+0000] {dag.py:3096} INFO - Sync 1 DAGs
[2025-03-11T03:12:57.808+0000] {logging_mixin.py:188} INFO - [2025-03-11T03:12:57.808+0000] {dag.py:3954} INFO - Setting next_dagrun for tutorial_dag to None, run_after=None
[2025-03-11T03:12:57.829+0000] {processor.py:183} INFO - Processing /home/airflow/.local/lib/python3.12/site-packages/airflow/example_dags/tutorial_dag.py took 0.067 seconds
[2025-03-11T03:13:28.240+0000] {processor.py:161} INFO - Started process (PID=63679) to work on /home/airflow/.local/lib/python3.12/site-packages/airflow/example_dags/tutorial_dag.py
[2025-03-11T03:13:28.242+0000] {processor.py:830} INFO - Processing file /home/airflow/.local/lib/python3.12/site-packages/airflow/example_dags/tutorial_dag.py for tasks to queue
[2025-03-11T03:13:28.246+0000] {logging_mixin.py:188} INFO - [2025-03-11T03:13:28.245+0000] {dagbag.py:545} INFO - Filling up the DagBag from /home/airflow/.local/lib/python3.12/site-packages/airflow/example_dags/tutorial_dag.py
[2025-03-11T03:13:28.252+0000] {processor.py:840} INFO - DAG(s) 'tutorial_dag' retrieved from /home/airflow/.local/lib/python3.12/site-packages/airflow/example_dags/tutorial_dag.py
[2025-03-11T03:13:28.287+0000] {logging_mixin.py:188} INFO - [2025-03-11T03:13:28.287+0000] {dag.py:3096} INFO - Sync 1 DAGs
[2025-03-11T03:13:28.305+0000] {logging_mixin.py:188} INFO - [2025-03-11T03:13:28.305+0000] {dag.py:3954} INFO - Setting next_dagrun for tutorial_dag to None, run_after=None
[2025-03-11T03:13:28.325+0000] {processor.py:183} INFO - Processing /home/airflow/.local/lib/python3.12/site-packages/airflow/example_dags/tutorial_dag.py took 0.095 seconds
[2025-03-11T03:14:00.296+0000] {processor.py:161} INFO - Started process (PID=63943) to work on /home/airflow/.local/lib/python3.12/site-packages/airflow/example_dags/tutorial_dag.py
[2025-03-11T03:14:00.299+0000] {processor.py:830} INFO - Processing file /home/airflow/.local/lib/python3.12/site-packages/airflow/example_dags/tutorial_dag.py for tasks to queue
[2025-03-11T03:14:00.302+0000] {logging_mixin.py:188} INFO - [2025-03-11T03:14:00.301+0000] {dagbag.py:545} INFO - Filling up the DagBag from /home/airflow/.local/lib/python3.12/site-packages/airflow/example_dags/tutorial_dag.py
[2025-03-11T03:14:00.309+0000] {processor.py:840} INFO - DAG(s) 'tutorial_dag' retrieved from /home/airflow/.local/lib/python3.12/site-packages/airflow/example_dags/tutorial_dag.py
[2025-03-11T03:14:00.339+0000] {logging_mixin.py:188} INFO - [2025-03-11T03:14:00.339+0000] {dag.py:3096} INFO - Sync 1 DAGs
[2025-03-11T03:14:00.353+0000] {logging_mixin.py:188} INFO - [2025-03-11T03:14:00.353+0000] {dag.py:3954} INFO - Setting next_dagrun for tutorial_dag to None, run_after=None
[2025-03-11T03:14:00.375+0000] {processor.py:183} INFO - Processing /home/airflow/.local/lib/python3.12/site-packages/airflow/example_dags/tutorial_dag.py took 0.096 seconds
[2025-03-11T03:14:31.419+0000] {processor.py:161} INFO - Started process (PID=64203) to work on /home/airflow/.local/lib/python3.12/site-packages/airflow/example_dags/tutorial_dag.py
[2025-03-11T03:14:31.420+0000] {processor.py:830} INFO - Processing file /home/airflow/.local/lib/python3.12/site-packages/airflow/example_dags/tutorial_dag.py for tasks to queue
[2025-03-11T03:14:31.423+0000] {logging_mixin.py:188} INFO - [2025-03-11T03:14:31.422+0000] {dagbag.py:545} INFO - Filling up the DagBag from /home/airflow/.local/lib/python3.12/site-packages/airflow/example_dags/tutorial_dag.py
[2025-03-11T03:14:31.429+0000] {processor.py:840} INFO - DAG(s) 'tutorial_dag' retrieved from /home/airflow/.local/lib/python3.12/site-packages/airflow/example_dags/tutorial_dag.py
[2025-03-11T03:14:31.450+0000] {logging_mixin.py:188} INFO - [2025-03-11T03:14:31.449+0000] {dag.py:3096} INFO - Sync 1 DAGs
[2025-03-11T03:14:31.464+0000] {logging_mixin.py:188} INFO - [2025-03-11T03:14:31.463+0000] {dag.py:3954} INFO - Setting next_dagrun for tutorial_dag to None, run_after=None
[2025-03-11T03:14:31.486+0000] {processor.py:183} INFO - Processing /home/airflow/.local/lib/python3.12/site-packages/airflow/example_dags/tutorial_dag.py took 0.073 seconds
[2025-03-11T03:15:04.565+0000] {processor.py:161} INFO - Started process (PID=64465) to work on /home/airflow/.local/lib/python3.12/site-packages/airflow/example_dags/tutorial_dag.py
[2025-03-11T03:15:04.567+0000] {processor.py:830} INFO - Processing file /home/airflow/.local/lib/python3.12/site-packages/airflow/example_dags/tutorial_dag.py for tasks to queue
[2025-03-11T03:15:04.569+0000] {logging_mixin.py:188} INFO - [2025-03-11T03:15:04.568+0000] {dagbag.py:545} INFO - Filling up the DagBag from /home/airflow/.local/lib/python3.12/site-packages/airflow/example_dags/tutorial_dag.py
[2025-03-11T03:15:04.575+0000] {processor.py:840} INFO - DAG(s) 'tutorial_dag' retrieved from /home/airflow/.local/lib/python3.12/site-packages/airflow/example_dags/tutorial_dag.py
[2025-03-11T03:15:04.600+0000] {logging_mixin.py:188} INFO - [2025-03-11T03:15:04.600+0000] {dag.py:3096} INFO - Sync 1 DAGs
[2025-03-11T03:15:04.616+0000] {logging_mixin.py:188} INFO - [2025-03-11T03:15:04.615+0000] {dag.py:3954} INFO - Setting next_dagrun for tutorial_dag to None, run_after=None
[2025-03-11T03:15:04.655+0000] {processor.py:183} INFO - Processing /home/airflow/.local/lib/python3.12/site-packages/airflow/example_dags/tutorial_dag.py took 0.096 seconds
[2025-03-11T03:15:37.342+0000] {processor.py:161} INFO - Started process (PID=64727) to work on /home/airflow/.local/lib/python3.12/site-packages/airflow/example_dags/tutorial_dag.py
[2025-03-11T03:15:37.346+0000] {processor.py:830} INFO - Processing file /home/airflow/.local/lib/python3.12/site-packages/airflow/example_dags/tutorial_dag.py for tasks to queue
[2025-03-11T03:15:37.351+0000] {logging_mixin.py:188} INFO - [2025-03-11T03:15:37.350+0000] {dagbag.py:545} INFO - Filling up the DagBag from /home/airflow/.local/lib/python3.12/site-packages/airflow/example_dags/tutorial_dag.py
[2025-03-11T03:15:37.363+0000] {processor.py:840} INFO - DAG(s) 'tutorial_dag' retrieved from /home/airflow/.local/lib/python3.12/site-packages/airflow/example_dags/tutorial_dag.py
[2025-03-11T03:15:37.399+0000] {logging_mixin.py:188} INFO - [2025-03-11T03:15:37.399+0000] {dag.py:3096} INFO - Sync 1 DAGs
[2025-03-11T03:15:37.414+0000] {logging_mixin.py:188} INFO - [2025-03-11T03:15:37.414+0000] {dag.py:3954} INFO - Setting next_dagrun for tutorial_dag to None, run_after=None
[2025-03-11T03:15:37.565+0000] {processor.py:183} INFO - Processing /home/airflow/.local/lib/python3.12/site-packages/airflow/example_dags/tutorial_dag.py took 0.249 seconds
[2025-03-11T03:16:08.317+0000] {processor.py:161} INFO - Started process (PID=64989) to work on /home/airflow/.local/lib/python3.12/site-packages/airflow/example_dags/tutorial_dag.py
[2025-03-11T03:16:08.318+0000] {processor.py:830} INFO - Processing file /home/airflow/.local/lib/python3.12/site-packages/airflow/example_dags/tutorial_dag.py for tasks to queue
[2025-03-11T03:16:08.321+0000] {logging_mixin.py:188} INFO - [2025-03-11T03:16:08.320+0000] {dagbag.py:545} INFO - Filling up the DagBag from /home/airflow/.local/lib/python3.12/site-packages/airflow/example_dags/tutorial_dag.py
[2025-03-11T03:16:08.328+0000] {processor.py:840} INFO - DAG(s) 'tutorial_dag' retrieved from /home/airflow/.local/lib/python3.12/site-packages/airflow/example_dags/tutorial_dag.py
[2025-03-11T03:16:08.351+0000] {logging_mixin.py:188} INFO - [2025-03-11T03:16:08.350+0000] {dag.py:3096} INFO - Sync 1 DAGs
[2025-03-11T03:16:08.365+0000] {logging_mixin.py:188} INFO - [2025-03-11T03:16:08.364+0000] {dag.py:3954} INFO - Setting next_dagrun for tutorial_dag to None, run_after=None
[2025-03-11T03:16:08.390+0000] {processor.py:183} INFO - Processing /home/airflow/.local/lib/python3.12/site-packages/airflow/example_dags/tutorial_dag.py took 0.080 seconds
[2025-03-11T03:16:42.585+0000] {processor.py:161} INFO - Started process (PID=65253) to work on /home/airflow/.local/lib/python3.12/site-packages/airflow/example_dags/tutorial_dag.py
[2025-03-11T03:16:42.586+0000] {processor.py:830} INFO - Processing file /home/airflow/.local/lib/python3.12/site-packages/airflow/example_dags/tutorial_dag.py for tasks to queue
[2025-03-11T03:16:42.589+0000] {logging_mixin.py:188} INFO - [2025-03-11T03:16:42.588+0000] {dagbag.py:545} INFO - Filling up the DagBag from /home/airflow/.local/lib/python3.12/site-packages/airflow/example_dags/tutorial_dag.py
[2025-03-11T03:16:42.594+0000] {processor.py:840} INFO - DAG(s) 'tutorial_dag' retrieved from /home/airflow/.local/lib/python3.12/site-packages/airflow/example_dags/tutorial_dag.py
[2025-03-11T03:16:42.616+0000] {logging_mixin.py:188} INFO - [2025-03-11T03:16:42.616+0000] {dag.py:3096} INFO - Sync 1 DAGs
[2025-03-11T03:16:42.628+0000] {logging_mixin.py:188} INFO - [2025-03-11T03:16:42.628+0000] {dag.py:3954} INFO - Setting next_dagrun for tutorial_dag to None, run_after=None
[2025-03-11T03:16:42.649+0000] {processor.py:183} INFO - Processing /home/airflow/.local/lib/python3.12/site-packages/airflow/example_dags/tutorial_dag.py took 0.069 seconds
[2025-03-11T03:17:13.431+0000] {processor.py:161} INFO - Started process (PID=65513) to work on /home/airflow/.local/lib/python3.12/site-packages/airflow/example_dags/tutorial_dag.py
[2025-03-11T03:17:13.433+0000] {processor.py:830} INFO - Processing file /home/airflow/.local/lib/python3.12/site-packages/airflow/example_dags/tutorial_dag.py for tasks to queue
[2025-03-11T03:17:13.435+0000] {logging_mixin.py:188} INFO - [2025-03-11T03:17:13.434+0000] {dagbag.py:545} INFO - Filling up the DagBag from /home/airflow/.local/lib/python3.12/site-packages/airflow/example_dags/tutorial_dag.py
[2025-03-11T03:17:13.439+0000] {processor.py:840} INFO - DAG(s) 'tutorial_dag' retrieved from /home/airflow/.local/lib/python3.12/site-packages/airflow/example_dags/tutorial_dag.py
[2025-03-11T03:17:13.462+0000] {logging_mixin.py:188} INFO - [2025-03-11T03:17:13.461+0000] {dag.py:3096} INFO - Sync 1 DAGs
[2025-03-11T03:17:13.477+0000] {logging_mixin.py:188} INFO - [2025-03-11T03:17:13.476+0000] {dag.py:3954} INFO - Setting next_dagrun for tutorial_dag to None, run_after=None
[2025-03-11T03:17:13.614+0000] {processor.py:183} INFO - Processing /home/airflow/.local/lib/python3.12/site-packages/airflow/example_dags/tutorial_dag.py took 0.189 seconds
[2025-03-11T03:17:45.011+0000] {processor.py:161} INFO - Started process (PID=65775) to work on /home/airflow/.local/lib/python3.12/site-packages/airflow/example_dags/tutorial_dag.py
[2025-03-11T03:17:45.013+0000] {processor.py:830} INFO - Processing file /home/airflow/.local/lib/python3.12/site-packages/airflow/example_dags/tutorial_dag.py for tasks to queue
[2025-03-11T03:17:45.015+0000] {logging_mixin.py:188} INFO - [2025-03-11T03:17:45.015+0000] {dagbag.py:545} INFO - Filling up the DagBag from /home/airflow/.local/lib/python3.12/site-packages/airflow/example_dags/tutorial_dag.py
[2025-03-11T03:17:45.022+0000] {processor.py:840} INFO - DAG(s) 'tutorial_dag' retrieved from /home/airflow/.local/lib/python3.12/site-packages/airflow/example_dags/tutorial_dag.py
[2025-03-11T03:17:45.047+0000] {logging_mixin.py:188} INFO - [2025-03-11T03:17:45.047+0000] {dag.py:3096} INFO - Sync 1 DAGs
[2025-03-11T03:17:45.063+0000] {logging_mixin.py:188} INFO - [2025-03-11T03:17:45.062+0000] {dag.py:3954} INFO - Setting next_dagrun for tutorial_dag to None, run_after=None
[2025-03-11T03:17:45.087+0000] {processor.py:183} INFO - Processing /home/airflow/.local/lib/python3.12/site-packages/airflow/example_dags/tutorial_dag.py took 0.082 seconds
[2025-03-11T03:18:18.866+0000] {processor.py:161} INFO - Started process (PID=66037) to work on /home/airflow/.local/lib/python3.12/site-packages/airflow/example_dags/tutorial_dag.py
[2025-03-11T03:18:18.867+0000] {processor.py:830} INFO - Processing file /home/airflow/.local/lib/python3.12/site-packages/airflow/example_dags/tutorial_dag.py for tasks to queue
[2025-03-11T03:18:18.870+0000] {logging_mixin.py:188} INFO - [2025-03-11T03:18:18.870+0000] {dagbag.py:545} INFO - Filling up the DagBag from /home/airflow/.local/lib/python3.12/site-packages/airflow/example_dags/tutorial_dag.py
[2025-03-11T03:18:18.876+0000] {processor.py:840} INFO - DAG(s) 'tutorial_dag' retrieved from /home/airflow/.local/lib/python3.12/site-packages/airflow/example_dags/tutorial_dag.py
[2025-03-11T03:18:19.029+0000] {logging_mixin.py:188} INFO - [2025-03-11T03:18:19.029+0000] {dag.py:3096} INFO - Sync 1 DAGs
[2025-03-11T03:18:19.041+0000] {logging_mixin.py:188} INFO - [2025-03-11T03:18:19.041+0000] {dag.py:3954} INFO - Setting next_dagrun for tutorial_dag to None, run_after=None
[2025-03-11T03:18:19.063+0000] {processor.py:183} INFO - Processing /home/airflow/.local/lib/python3.12/site-packages/airflow/example_dags/tutorial_dag.py took 0.203 seconds
[2025-03-11T03:18:49.570+0000] {processor.py:161} INFO - Started process (PID=66299) to work on /home/airflow/.local/lib/python3.12/site-packages/airflow/example_dags/tutorial_dag.py
[2025-03-11T03:18:49.572+0000] {processor.py:830} INFO - Processing file /home/airflow/.local/lib/python3.12/site-packages/airflow/example_dags/tutorial_dag.py for tasks to queue
[2025-03-11T03:18:49.575+0000] {logging_mixin.py:188} INFO - [2025-03-11T03:18:49.575+0000] {dagbag.py:545} INFO - Filling up the DagBag from /home/airflow/.local/lib/python3.12/site-packages/airflow/example_dags/tutorial_dag.py
[2025-03-11T03:18:49.582+0000] {processor.py:840} INFO - DAG(s) 'tutorial_dag' retrieved from /home/airflow/.local/lib/python3.12/site-packages/airflow/example_dags/tutorial_dag.py
[2025-03-11T03:18:49.604+0000] {logging_mixin.py:188} INFO - [2025-03-11T03:18:49.604+0000] {dag.py:3096} INFO - Sync 1 DAGs
[2025-03-11T03:18:49.620+0000] {logging_mixin.py:188} INFO - [2025-03-11T03:18:49.619+0000] {dag.py:3954} INFO - Setting next_dagrun for tutorial_dag to None, run_after=None
[2025-03-11T03:18:49.648+0000] {processor.py:183} INFO - Processing /home/airflow/.local/lib/python3.12/site-packages/airflow/example_dags/tutorial_dag.py took 0.086 seconds
[2025-03-11T03:19:21.741+0000] {processor.py:161} INFO - Started process (PID=66561) to work on /home/airflow/.local/lib/python3.12/site-packages/airflow/example_dags/tutorial_dag.py
[2025-03-11T03:19:21.743+0000] {processor.py:830} INFO - Processing file /home/airflow/.local/lib/python3.12/site-packages/airflow/example_dags/tutorial_dag.py for tasks to queue
[2025-03-11T03:19:21.745+0000] {logging_mixin.py:188} INFO - [2025-03-11T03:19:21.745+0000] {dagbag.py:545} INFO - Filling up the DagBag from /home/airflow/.local/lib/python3.12/site-packages/airflow/example_dags/tutorial_dag.py
[2025-03-11T03:19:21.751+0000] {processor.py:840} INFO - DAG(s) 'tutorial_dag' retrieved from /home/airflow/.local/lib/python3.12/site-packages/airflow/example_dags/tutorial_dag.py
[2025-03-11T03:19:21.774+0000] {logging_mixin.py:188} INFO - [2025-03-11T03:19:21.773+0000] {dag.py:3096} INFO - Sync 1 DAGs
[2025-03-11T03:19:21.788+0000] {logging_mixin.py:188} INFO - [2025-03-11T03:19:21.787+0000] {dag.py:3954} INFO - Setting next_dagrun for tutorial_dag to None, run_after=None
[2025-03-11T03:19:21.810+0000] {processor.py:183} INFO - Processing /home/airflow/.local/lib/python3.12/site-packages/airflow/example_dags/tutorial_dag.py took 0.076 seconds
[2025-03-11T03:19:52.862+0000] {processor.py:161} INFO - Started process (PID=66823) to work on /home/airflow/.local/lib/python3.12/site-packages/airflow/example_dags/tutorial_dag.py
[2025-03-11T03:19:52.864+0000] {processor.py:830} INFO - Processing file /home/airflow/.local/lib/python3.12/site-packages/airflow/example_dags/tutorial_dag.py for tasks to queue
[2025-03-11T03:19:52.866+0000] {logging_mixin.py:188} INFO - [2025-03-11T03:19:52.866+0000] {dagbag.py:545} INFO - Filling up the DagBag from /home/airflow/.local/lib/python3.12/site-packages/airflow/example_dags/tutorial_dag.py
[2025-03-11T03:19:52.871+0000] {processor.py:840} INFO - DAG(s) 'tutorial_dag' retrieved from /home/airflow/.local/lib/python3.12/site-packages/airflow/example_dags/tutorial_dag.py
[2025-03-11T03:19:52.892+0000] {logging_mixin.py:188} INFO - [2025-03-11T03:19:52.892+0000] {dag.py:3096} INFO - Sync 1 DAGs
[2025-03-11T03:19:52.905+0000] {logging_mixin.py:188} INFO - [2025-03-11T03:19:52.905+0000] {dag.py:3954} INFO - Setting next_dagrun for tutorial_dag to None, run_after=None
[2025-03-11T03:19:52.926+0000] {processor.py:183} INFO - Processing /home/airflow/.local/lib/python3.12/site-packages/airflow/example_dags/tutorial_dag.py took 0.071 seconds
[2025-03-11T03:20:25.818+0000] {processor.py:161} INFO - Started process (PID=67084) to work on /home/airflow/.local/lib/python3.12/site-packages/airflow/example_dags/tutorial_dag.py
[2025-03-11T03:20:25.820+0000] {processor.py:830} INFO - Processing file /home/airflow/.local/lib/python3.12/site-packages/airflow/example_dags/tutorial_dag.py for tasks to queue
[2025-03-11T03:20:25.822+0000] {logging_mixin.py:188} INFO - [2025-03-11T03:20:25.822+0000] {dagbag.py:545} INFO - Filling up the DagBag from /home/airflow/.local/lib/python3.12/site-packages/airflow/example_dags/tutorial_dag.py
[2025-03-11T03:20:25.827+0000] {processor.py:840} INFO - DAG(s) 'tutorial_dag' retrieved from /home/airflow/.local/lib/python3.12/site-packages/airflow/example_dags/tutorial_dag.py
[2025-03-11T03:20:25.849+0000] {logging_mixin.py:188} INFO - [2025-03-11T03:20:25.849+0000] {dag.py:3096} INFO - Sync 1 DAGs
[2025-03-11T03:20:25.862+0000] {logging_mixin.py:188} INFO - [2025-03-11T03:20:25.862+0000] {dag.py:3954} INFO - Setting next_dagrun for tutorial_dag to None, run_after=None
[2025-03-11T03:20:25.886+0000] {processor.py:183} INFO - Processing /home/airflow/.local/lib/python3.12/site-packages/airflow/example_dags/tutorial_dag.py took 0.074 seconds
[2025-03-11T03:20:57.210+0000] {processor.py:161} INFO - Started process (PID=67351) to work on /home/airflow/.local/lib/python3.12/site-packages/airflow/example_dags/tutorial_dag.py
[2025-03-11T03:20:57.211+0000] {processor.py:830} INFO - Processing file /home/airflow/.local/lib/python3.12/site-packages/airflow/example_dags/tutorial_dag.py for tasks to queue
[2025-03-11T03:20:57.214+0000] {logging_mixin.py:188} INFO - [2025-03-11T03:20:57.213+0000] {dagbag.py:545} INFO - Filling up the DagBag from /home/airflow/.local/lib/python3.12/site-packages/airflow/example_dags/tutorial_dag.py
[2025-03-11T03:20:57.219+0000] {processor.py:840} INFO - DAG(s) 'tutorial_dag' retrieved from /home/airflow/.local/lib/python3.12/site-packages/airflow/example_dags/tutorial_dag.py
[2025-03-11T03:20:57.238+0000] {logging_mixin.py:188} INFO - [2025-03-11T03:20:57.238+0000] {dag.py:3096} INFO - Sync 1 DAGs
[2025-03-11T03:20:57.251+0000] {logging_mixin.py:188} INFO - [2025-03-11T03:20:57.251+0000] {dag.py:3954} INFO - Setting next_dagrun for tutorial_dag to None, run_after=None
[2025-03-11T03:20:57.270+0000] {processor.py:183} INFO - Processing /home/airflow/.local/lib/python3.12/site-packages/airflow/example_dags/tutorial_dag.py took 0.066 seconds
[2025-03-11T03:21:30.560+0000] {processor.py:161} INFO - Started process (PID=67613) to work on /home/airflow/.local/lib/python3.12/site-packages/airflow/example_dags/tutorial_dag.py
[2025-03-11T03:21:30.561+0000] {processor.py:830} INFO - Processing file /home/airflow/.local/lib/python3.12/site-packages/airflow/example_dags/tutorial_dag.py for tasks to queue
[2025-03-11T03:21:30.563+0000] {logging_mixin.py:188} INFO - [2025-03-11T03:21:30.563+0000] {dagbag.py:545} INFO - Filling up the DagBag from /home/airflow/.local/lib/python3.12/site-packages/airflow/example_dags/tutorial_dag.py
[2025-03-11T03:21:30.571+0000] {processor.py:840} INFO - DAG(s) 'tutorial_dag' retrieved from /home/airflow/.local/lib/python3.12/site-packages/airflow/example_dags/tutorial_dag.py
[2025-03-11T03:21:30.591+0000] {logging_mixin.py:188} INFO - [2025-03-11T03:21:30.591+0000] {dag.py:3096} INFO - Sync 1 DAGs
[2025-03-11T03:21:30.611+0000] {logging_mixin.py:188} INFO - [2025-03-11T03:21:30.611+0000] {dag.py:3954} INFO - Setting next_dagrun for tutorial_dag to None, run_after=None
[2025-03-11T03:21:30.632+0000] {processor.py:183} INFO - Processing /home/airflow/.local/lib/python3.12/site-packages/airflow/example_dags/tutorial_dag.py took 0.078 seconds
[2025-03-11T03:22:02.314+0000] {processor.py:161} INFO - Started process (PID=67875) to work on /home/airflow/.local/lib/python3.12/site-packages/airflow/example_dags/tutorial_dag.py
[2025-03-11T03:22:02.315+0000] {processor.py:830} INFO - Processing file /home/airflow/.local/lib/python3.12/site-packages/airflow/example_dags/tutorial_dag.py for tasks to queue
[2025-03-11T03:22:02.318+0000] {logging_mixin.py:188} INFO - [2025-03-11T03:22:02.318+0000] {dagbag.py:545} INFO - Filling up the DagBag from /home/airflow/.local/lib/python3.12/site-packages/airflow/example_dags/tutorial_dag.py
[2025-03-11T03:22:02.324+0000] {processor.py:840} INFO - DAG(s) 'tutorial_dag' retrieved from /home/airflow/.local/lib/python3.12/site-packages/airflow/example_dags/tutorial_dag.py
[2025-03-11T03:22:02.345+0000] {logging_mixin.py:188} INFO - [2025-03-11T03:22:02.344+0000] {dag.py:3096} INFO - Sync 1 DAGs
[2025-03-11T03:22:02.358+0000] {logging_mixin.py:188} INFO - [2025-03-11T03:22:02.358+0000] {dag.py:3954} INFO - Setting next_dagrun for tutorial_dag to None, run_after=None
[2025-03-11T03:22:02.379+0000] {processor.py:183} INFO - Processing /home/airflow/.local/lib/python3.12/site-packages/airflow/example_dags/tutorial_dag.py took 0.073 seconds
[2025-03-11T03:22:35.181+0000] {processor.py:161} INFO - Started process (PID=68147) to work on /home/airflow/.local/lib/python3.12/site-packages/airflow/example_dags/tutorial_dag.py
[2025-03-11T03:22:35.182+0000] {processor.py:830} INFO - Processing file /home/airflow/.local/lib/python3.12/site-packages/airflow/example_dags/tutorial_dag.py for tasks to queue
[2025-03-11T03:22:35.184+0000] {logging_mixin.py:188} INFO - [2025-03-11T03:22:35.184+0000] {dagbag.py:545} INFO - Filling up the DagBag from /home/airflow/.local/lib/python3.12/site-packages/airflow/example_dags/tutorial_dag.py
[2025-03-11T03:22:35.189+0000] {processor.py:840} INFO - DAG(s) 'tutorial_dag' retrieved from /home/airflow/.local/lib/python3.12/site-packages/airflow/example_dags/tutorial_dag.py
[2025-03-11T03:22:35.209+0000] {logging_mixin.py:188} INFO - [2025-03-11T03:22:35.209+0000] {dag.py:3096} INFO - Sync 1 DAGs
[2025-03-11T03:22:35.221+0000] {logging_mixin.py:188} INFO - [2025-03-11T03:22:35.221+0000] {dag.py:3954} INFO - Setting next_dagrun for tutorial_dag to None, run_after=None
[2025-03-11T03:22:35.245+0000] {processor.py:183} INFO - Processing /home/airflow/.local/lib/python3.12/site-packages/airflow/example_dags/tutorial_dag.py took 0.070 seconds
[2025-03-11T03:23:07.115+0000] {processor.py:161} INFO - Started process (PID=68409) to work on /home/airflow/.local/lib/python3.12/site-packages/airflow/example_dags/tutorial_dag.py
[2025-03-11T03:23:07.116+0000] {processor.py:830} INFO - Processing file /home/airflow/.local/lib/python3.12/site-packages/airflow/example_dags/tutorial_dag.py for tasks to queue
[2025-03-11T03:23:07.119+0000] {logging_mixin.py:188} INFO - [2025-03-11T03:23:07.118+0000] {dagbag.py:545} INFO - Filling up the DagBag from /home/airflow/.local/lib/python3.12/site-packages/airflow/example_dags/tutorial_dag.py
[2025-03-11T03:23:07.124+0000] {processor.py:840} INFO - DAG(s) 'tutorial_dag' retrieved from /home/airflow/.local/lib/python3.12/site-packages/airflow/example_dags/tutorial_dag.py
[2025-03-11T03:23:07.146+0000] {logging_mixin.py:188} INFO - [2025-03-11T03:23:07.145+0000] {dag.py:3096} INFO - Sync 1 DAGs
[2025-03-11T03:23:07.159+0000] {logging_mixin.py:188} INFO - [2025-03-11T03:23:07.159+0000] {dag.py:3954} INFO - Setting next_dagrun for tutorial_dag to None, run_after=None
[2025-03-11T03:23:07.190+0000] {processor.py:183} INFO - Processing /home/airflow/.local/lib/python3.12/site-packages/airflow/example_dags/tutorial_dag.py took 0.085 seconds
[2025-03-11T03:23:38.478+0000] {processor.py:161} INFO - Started process (PID=68671) to work on /home/airflow/.local/lib/python3.12/site-packages/airflow/example_dags/tutorial_dag.py
[2025-03-11T03:23:38.480+0000] {processor.py:830} INFO - Processing file /home/airflow/.local/lib/python3.12/site-packages/airflow/example_dags/tutorial_dag.py for tasks to queue
[2025-03-11T03:23:38.482+0000] {logging_mixin.py:188} INFO - [2025-03-11T03:23:38.482+0000] {dagbag.py:545} INFO - Filling up the DagBag from /home/airflow/.local/lib/python3.12/site-packages/airflow/example_dags/tutorial_dag.py
[2025-03-11T03:23:38.488+0000] {processor.py:840} INFO - DAG(s) 'tutorial_dag' retrieved from /home/airflow/.local/lib/python3.12/site-packages/airflow/example_dags/tutorial_dag.py
[2025-03-11T03:23:38.510+0000] {logging_mixin.py:188} INFO - [2025-03-11T03:23:38.510+0000] {dag.py:3096} INFO - Sync 1 DAGs
[2025-03-11T03:23:38.523+0000] {logging_mixin.py:188} INFO - [2025-03-11T03:23:38.522+0000] {dag.py:3954} INFO - Setting next_dagrun for tutorial_dag to None, run_after=None
[2025-03-11T03:23:38.543+0000] {processor.py:183} INFO - Processing /home/airflow/.local/lib/python3.12/site-packages/airflow/example_dags/tutorial_dag.py took 0.072 seconds
[2025-03-11T03:24:11.618+0000] {processor.py:161} INFO - Started process (PID=68935) to work on /home/airflow/.local/lib/python3.12/site-packages/airflow/example_dags/tutorial_dag.py
[2025-03-11T03:24:11.619+0000] {processor.py:830} INFO - Processing file /home/airflow/.local/lib/python3.12/site-packages/airflow/example_dags/tutorial_dag.py for tasks to queue
[2025-03-11T03:24:11.621+0000] {logging_mixin.py:188} INFO - [2025-03-11T03:24:11.621+0000] {dagbag.py:545} INFO - Filling up the DagBag from /home/airflow/.local/lib/python3.12/site-packages/airflow/example_dags/tutorial_dag.py
[2025-03-11T03:24:11.626+0000] {processor.py:840} INFO - DAG(s) 'tutorial_dag' retrieved from /home/airflow/.local/lib/python3.12/site-packages/airflow/example_dags/tutorial_dag.py
[2025-03-11T03:24:11.646+0000] {logging_mixin.py:188} INFO - [2025-03-11T03:24:11.646+0000] {dag.py:3096} INFO - Sync 1 DAGs
[2025-03-11T03:24:11.658+0000] {logging_mixin.py:188} INFO - [2025-03-11T03:24:11.658+0000] {dag.py:3954} INFO - Setting next_dagrun for tutorial_dag to None, run_after=None
[2025-03-11T03:24:11.679+0000] {processor.py:183} INFO - Processing /home/airflow/.local/lib/python3.12/site-packages/airflow/example_dags/tutorial_dag.py took 0.066 seconds
[2025-03-11T03:24:43.554+0000] {processor.py:161} INFO - Started process (PID=69197) to work on /home/airflow/.local/lib/python3.12/site-packages/airflow/example_dags/tutorial_dag.py
[2025-03-11T03:24:43.556+0000] {processor.py:830} INFO - Processing file /home/airflow/.local/lib/python3.12/site-packages/airflow/example_dags/tutorial_dag.py for tasks to queue
[2025-03-11T03:24:43.559+0000] {logging_mixin.py:188} INFO - [2025-03-11T03:24:43.558+0000] {dagbag.py:545} INFO - Filling up the DagBag from /home/airflow/.local/lib/python3.12/site-packages/airflow/example_dags/tutorial_dag.py
[2025-03-11T03:24:43.565+0000] {processor.py:840} INFO - DAG(s) 'tutorial_dag' retrieved from /home/airflow/.local/lib/python3.12/site-packages/airflow/example_dags/tutorial_dag.py
[2025-03-11T03:24:43.590+0000] {logging_mixin.py:188} INFO - [2025-03-11T03:24:43.589+0000] {dag.py:3096} INFO - Sync 1 DAGs
[2025-03-11T03:24:43.602+0000] {logging_mixin.py:188} INFO - [2025-03-11T03:24:43.602+0000] {dag.py:3954} INFO - Setting next_dagrun for tutorial_dag to None, run_after=None
[2025-03-11T03:24:43.652+0000] {processor.py:183} INFO - Processing /home/airflow/.local/lib/python3.12/site-packages/airflow/example_dags/tutorial_dag.py took 0.106 seconds
[2025-03-11T03:25:15.059+0000] {processor.py:161} INFO - Started process (PID=69457) to work on /home/airflow/.local/lib/python3.12/site-packages/airflow/example_dags/tutorial_dag.py
[2025-03-11T03:25:15.060+0000] {processor.py:830} INFO - Processing file /home/airflow/.local/lib/python3.12/site-packages/airflow/example_dags/tutorial_dag.py for tasks to queue
[2025-03-11T03:25:15.063+0000] {logging_mixin.py:188} INFO - [2025-03-11T03:25:15.063+0000] {dagbag.py:545} INFO - Filling up the DagBag from /home/airflow/.local/lib/python3.12/site-packages/airflow/example_dags/tutorial_dag.py
[2025-03-11T03:25:15.070+0000] {processor.py:840} INFO - DAG(s) 'tutorial_dag' retrieved from /home/airflow/.local/lib/python3.12/site-packages/airflow/example_dags/tutorial_dag.py
[2025-03-11T03:25:15.091+0000] {logging_mixin.py:188} INFO - [2025-03-11T03:25:15.091+0000] {dag.py:3096} INFO - Sync 1 DAGs
[2025-03-11T03:25:15.105+0000] {logging_mixin.py:188} INFO - [2025-03-11T03:25:15.105+0000] {dag.py:3954} INFO - Setting next_dagrun for tutorial_dag to None, run_after=None
[2025-03-11T03:25:15.125+0000] {processor.py:183} INFO - Processing /home/airflow/.local/lib/python3.12/site-packages/airflow/example_dags/tutorial_dag.py took 0.072 seconds
[2025-03-11T03:25:47.313+0000] {processor.py:161} INFO - Started process (PID=69719) to work on /home/airflow/.local/lib/python3.12/site-packages/airflow/example_dags/tutorial_dag.py
[2025-03-11T03:25:47.315+0000] {processor.py:830} INFO - Processing file /home/airflow/.local/lib/python3.12/site-packages/airflow/example_dags/tutorial_dag.py for tasks to queue
[2025-03-11T03:25:47.318+0000] {logging_mixin.py:188} INFO - [2025-03-11T03:25:47.318+0000] {dagbag.py:545} INFO - Filling up the DagBag from /home/airflow/.local/lib/python3.12/site-packages/airflow/example_dags/tutorial_dag.py
[2025-03-11T03:25:47.326+0000] {processor.py:840} INFO - DAG(s) 'tutorial_dag' retrieved from /home/airflow/.local/lib/python3.12/site-packages/airflow/example_dags/tutorial_dag.py
[2025-03-11T03:25:47.349+0000] {logging_mixin.py:188} INFO - [2025-03-11T03:25:47.349+0000] {dag.py:3096} INFO - Sync 1 DAGs
[2025-03-11T03:25:47.363+0000] {logging_mixin.py:188} INFO - [2025-03-11T03:25:47.362+0000] {dag.py:3954} INFO - Setting next_dagrun for tutorial_dag to None, run_after=None
[2025-03-11T03:25:47.384+0000] {processor.py:183} INFO - Processing /home/airflow/.local/lib/python3.12/site-packages/airflow/example_dags/tutorial_dag.py took 0.081 seconds
[2025-03-11T03:26:19.970+0000] {processor.py:161} INFO - Started process (PID=69983) to work on /home/airflow/.local/lib/python3.12/site-packages/airflow/example_dags/tutorial_dag.py
[2025-03-11T03:26:19.972+0000] {processor.py:830} INFO - Processing file /home/airflow/.local/lib/python3.12/site-packages/airflow/example_dags/tutorial_dag.py for tasks to queue
[2025-03-11T03:26:19.974+0000] {logging_mixin.py:188} INFO - [2025-03-11T03:26:19.973+0000] {dagbag.py:545} INFO - Filling up the DagBag from /home/airflow/.local/lib/python3.12/site-packages/airflow/example_dags/tutorial_dag.py
[2025-03-11T03:26:19.978+0000] {processor.py:840} INFO - DAG(s) 'tutorial_dag' retrieved from /home/airflow/.local/lib/python3.12/site-packages/airflow/example_dags/tutorial_dag.py
[2025-03-11T03:26:20.002+0000] {logging_mixin.py:188} INFO - [2025-03-11T03:26:20.002+0000] {dag.py:3096} INFO - Sync 1 DAGs
[2025-03-11T03:26:20.014+0000] {logging_mixin.py:188} INFO - [2025-03-11T03:26:20.014+0000] {dag.py:3954} INFO - Setting next_dagrun for tutorial_dag to None, run_after=None
[2025-03-11T03:26:20.034+0000] {processor.py:183} INFO - Processing /home/airflow/.local/lib/python3.12/site-packages/airflow/example_dags/tutorial_dag.py took 0.069 seconds
[2025-03-11T03:26:50.755+0000] {processor.py:161} INFO - Started process (PID=70243) to work on /home/airflow/.local/lib/python3.12/site-packages/airflow/example_dags/tutorial_dag.py
[2025-03-11T03:26:50.757+0000] {processor.py:830} INFO - Processing file /home/airflow/.local/lib/python3.12/site-packages/airflow/example_dags/tutorial_dag.py for tasks to queue
[2025-03-11T03:26:50.759+0000] {logging_mixin.py:188} INFO - [2025-03-11T03:26:50.759+0000] {dagbag.py:545} INFO - Filling up the DagBag from /home/airflow/.local/lib/python3.12/site-packages/airflow/example_dags/tutorial_dag.py
[2025-03-11T03:26:50.765+0000] {processor.py:840} INFO - DAG(s) 'tutorial_dag' retrieved from /home/airflow/.local/lib/python3.12/site-packages/airflow/example_dags/tutorial_dag.py
[2025-03-11T03:26:50.785+0000] {logging_mixin.py:188} INFO - [2025-03-11T03:26:50.784+0000] {dag.py:3096} INFO - Sync 1 DAGs
[2025-03-11T03:26:50.798+0000] {logging_mixin.py:188} INFO - [2025-03-11T03:26:50.798+0000] {dag.py:3954} INFO - Setting next_dagrun for tutorial_dag to None, run_after=None
[2025-03-11T03:26:50.818+0000] {processor.py:183} INFO - Processing /home/airflow/.local/lib/python3.12/site-packages/airflow/example_dags/tutorial_dag.py took 0.068 seconds
[2025-03-11T03:27:23.653+0000] {processor.py:161} INFO - Started process (PID=70505) to work on /home/airflow/.local/lib/python3.12/site-packages/airflow/example_dags/tutorial_dag.py
[2025-03-11T03:27:23.654+0000] {processor.py:830} INFO - Processing file /home/airflow/.local/lib/python3.12/site-packages/airflow/example_dags/tutorial_dag.py for tasks to queue
[2025-03-11T03:27:23.656+0000] {logging_mixin.py:188} INFO - [2025-03-11T03:27:23.656+0000] {dagbag.py:545} INFO - Filling up the DagBag from /home/airflow/.local/lib/python3.12/site-packages/airflow/example_dags/tutorial_dag.py
[2025-03-11T03:27:23.664+0000] {processor.py:840} INFO - DAG(s) 'tutorial_dag' retrieved from /home/airflow/.local/lib/python3.12/site-packages/airflow/example_dags/tutorial_dag.py
[2025-03-11T03:27:23.684+0000] {logging_mixin.py:188} INFO - [2025-03-11T03:27:23.684+0000] {dag.py:3096} INFO - Sync 1 DAGs
[2025-03-11T03:27:23.697+0000] {logging_mixin.py:188} INFO - [2025-03-11T03:27:23.697+0000] {dag.py:3954} INFO - Setting next_dagrun for tutorial_dag to None, run_after=None
[2025-03-11T03:27:23.720+0000] {processor.py:183} INFO - Processing /home/airflow/.local/lib/python3.12/site-packages/airflow/example_dags/tutorial_dag.py took 0.074 seconds
[2025-03-11T03:27:55.405+0000] {processor.py:161} INFO - Started process (PID=70767) to work on /home/airflow/.local/lib/python3.12/site-packages/airflow/example_dags/tutorial_dag.py
[2025-03-11T03:27:55.406+0000] {processor.py:830} INFO - Processing file /home/airflow/.local/lib/python3.12/site-packages/airflow/example_dags/tutorial_dag.py for tasks to queue
[2025-03-11T03:27:55.408+0000] {logging_mixin.py:188} INFO - [2025-03-11T03:27:55.408+0000] {dagbag.py:545} INFO - Filling up the DagBag from /home/airflow/.local/lib/python3.12/site-packages/airflow/example_dags/tutorial_dag.py
[2025-03-11T03:27:55.414+0000] {processor.py:840} INFO - DAG(s) 'tutorial_dag' retrieved from /home/airflow/.local/lib/python3.12/site-packages/airflow/example_dags/tutorial_dag.py
[2025-03-11T03:27:55.437+0000] {logging_mixin.py:188} INFO - [2025-03-11T03:27:55.436+0000] {dag.py:3096} INFO - Sync 1 DAGs
[2025-03-11T03:27:55.449+0000] {logging_mixin.py:188} INFO - [2025-03-11T03:27:55.448+0000] {dag.py:3954} INFO - Setting next_dagrun for tutorial_dag to None, run_after=None
[2025-03-11T03:27:55.468+0000] {processor.py:183} INFO - Processing /home/airflow/.local/lib/python3.12/site-packages/airflow/example_dags/tutorial_dag.py took 0.071 seconds
[2025-03-11T03:28:28.485+0000] {processor.py:161} INFO - Started process (PID=71031) to work on /home/airflow/.local/lib/python3.12/site-packages/airflow/example_dags/tutorial_dag.py
[2025-03-11T03:28:28.487+0000] {processor.py:830} INFO - Processing file /home/airflow/.local/lib/python3.12/site-packages/airflow/example_dags/tutorial_dag.py for tasks to queue
[2025-03-11T03:28:28.490+0000] {logging_mixin.py:188} INFO - [2025-03-11T03:28:28.489+0000] {dagbag.py:545} INFO - Filling up the DagBag from /home/airflow/.local/lib/python3.12/site-packages/airflow/example_dags/tutorial_dag.py
[2025-03-11T03:28:28.495+0000] {processor.py:840} INFO - DAG(s) 'tutorial_dag' retrieved from /home/airflow/.local/lib/python3.12/site-packages/airflow/example_dags/tutorial_dag.py
[2025-03-11T03:28:28.518+0000] {logging_mixin.py:188} INFO - [2025-03-11T03:28:28.518+0000] {dag.py:3096} INFO - Sync 1 DAGs
[2025-03-11T03:28:28.534+0000] {logging_mixin.py:188} INFO - [2025-03-11T03:28:28.534+0000] {dag.py:3954} INFO - Setting next_dagrun for tutorial_dag to None, run_after=None
[2025-03-11T03:28:28.563+0000] {processor.py:183} INFO - Processing /home/airflow/.local/lib/python3.12/site-packages/airflow/example_dags/tutorial_dag.py took 0.084 seconds
[2025-03-11T03:29:00.652+0000] {processor.py:161} INFO - Started process (PID=71293) to work on /home/airflow/.local/lib/python3.12/site-packages/airflow/example_dags/tutorial_dag.py
[2025-03-11T03:29:00.654+0000] {processor.py:830} INFO - Processing file /home/airflow/.local/lib/python3.12/site-packages/airflow/example_dags/tutorial_dag.py for tasks to queue
[2025-03-11T03:29:00.658+0000] {logging_mixin.py:188} INFO - [2025-03-11T03:29:00.657+0000] {dagbag.py:545} INFO - Filling up the DagBag from /home/airflow/.local/lib/python3.12/site-packages/airflow/example_dags/tutorial_dag.py
[2025-03-11T03:29:00.664+0000] {processor.py:840} INFO - DAG(s) 'tutorial_dag' retrieved from /home/airflow/.local/lib/python3.12/site-packages/airflow/example_dags/tutorial_dag.py
[2025-03-11T03:29:00.690+0000] {logging_mixin.py:188} INFO - [2025-03-11T03:29:00.690+0000] {dag.py:3096} INFO - Sync 1 DAGs
[2025-03-11T03:29:00.706+0000] {logging_mixin.py:188} INFO - [2025-03-11T03:29:00.705+0000] {dag.py:3954} INFO - Setting next_dagrun for tutorial_dag to None, run_after=None
[2025-03-11T03:29:00.731+0000] {processor.py:183} INFO - Processing /home/airflow/.local/lib/python3.12/site-packages/airflow/example_dags/tutorial_dag.py took 0.087 seconds
[2025-03-11T03:29:32.429+0000] {processor.py:161} INFO - Started process (PID=71553) to work on /home/airflow/.local/lib/python3.12/site-packages/airflow/example_dags/tutorial_dag.py
[2025-03-11T03:29:32.431+0000] {processor.py:830} INFO - Processing file /home/airflow/.local/lib/python3.12/site-packages/airflow/example_dags/tutorial_dag.py for tasks to queue
[2025-03-11T03:29:32.435+0000] {logging_mixin.py:188} INFO - [2025-03-11T03:29:32.434+0000] {dagbag.py:545} INFO - Filling up the DagBag from /home/airflow/.local/lib/python3.12/site-packages/airflow/example_dags/tutorial_dag.py
[2025-03-11T03:29:32.443+0000] {processor.py:840} INFO - DAG(s) 'tutorial_dag' retrieved from /home/airflow/.local/lib/python3.12/site-packages/airflow/example_dags/tutorial_dag.py
[2025-03-11T03:29:32.467+0000] {logging_mixin.py:188} INFO - [2025-03-11T03:29:32.467+0000] {dag.py:3096} INFO - Sync 1 DAGs
[2025-03-11T03:29:32.479+0000] {logging_mixin.py:188} INFO - [2025-03-11T03:29:32.479+0000] {dag.py:3954} INFO - Setting next_dagrun for tutorial_dag to None, run_after=None
[2025-03-11T03:29:32.503+0000] {processor.py:183} INFO - Processing /home/airflow/.local/lib/python3.12/site-packages/airflow/example_dags/tutorial_dag.py took 0.081 seconds
[2025-03-11T03:30:04.848+0000] {processor.py:161} INFO - Started process (PID=71817) to work on /home/airflow/.local/lib/python3.12/site-packages/airflow/example_dags/tutorial_dag.py
[2025-03-11T03:30:04.851+0000] {processor.py:830} INFO - Processing file /home/airflow/.local/lib/python3.12/site-packages/airflow/example_dags/tutorial_dag.py for tasks to queue
[2025-03-11T03:30:04.853+0000] {logging_mixin.py:188} INFO - [2025-03-11T03:30:04.853+0000] {dagbag.py:545} INFO - Filling up the DagBag from /home/airflow/.local/lib/python3.12/site-packages/airflow/example_dags/tutorial_dag.py
[2025-03-11T03:30:04.860+0000] {processor.py:840} INFO - DAG(s) 'tutorial_dag' retrieved from /home/airflow/.local/lib/python3.12/site-packages/airflow/example_dags/tutorial_dag.py
[2025-03-11T03:30:04.882+0000] {logging_mixin.py:188} INFO - [2025-03-11T03:30:04.881+0000] {dag.py:3096} INFO - Sync 1 DAGs
[2025-03-11T03:30:04.895+0000] {logging_mixin.py:188} INFO - [2025-03-11T03:30:04.895+0000] {dag.py:3954} INFO - Setting next_dagrun for tutorial_dag to None, run_after=None
[2025-03-11T03:30:04.917+0000] {processor.py:183} INFO - Processing /home/airflow/.local/lib/python3.12/site-packages/airflow/example_dags/tutorial_dag.py took 0.086 seconds
[2025-03-11T03:30:37.227+0000] {processor.py:161} INFO - Started process (PID=72079) to work on /home/airflow/.local/lib/python3.12/site-packages/airflow/example_dags/tutorial_dag.py
[2025-03-11T03:30:37.228+0000] {processor.py:830} INFO - Processing file /home/airflow/.local/lib/python3.12/site-packages/airflow/example_dags/tutorial_dag.py for tasks to queue
[2025-03-11T03:30:37.231+0000] {logging_mixin.py:188} INFO - [2025-03-11T03:30:37.230+0000] {dagbag.py:545} INFO - Filling up the DagBag from /home/airflow/.local/lib/python3.12/site-packages/airflow/example_dags/tutorial_dag.py
[2025-03-11T03:30:37.239+0000] {processor.py:840} INFO - DAG(s) 'tutorial_dag' retrieved from /home/airflow/.local/lib/python3.12/site-packages/airflow/example_dags/tutorial_dag.py
[2025-03-11T03:30:37.265+0000] {logging_mixin.py:188} INFO - [2025-03-11T03:30:37.265+0000] {dag.py:3096} INFO - Sync 1 DAGs
[2025-03-11T03:30:37.284+0000] {logging_mixin.py:188} INFO - [2025-03-11T03:30:37.283+0000] {dag.py:3954} INFO - Setting next_dagrun for tutorial_dag to None, run_after=None
[2025-03-11T03:30:37.309+0000] {processor.py:183} INFO - Processing /home/airflow/.local/lib/python3.12/site-packages/airflow/example_dags/tutorial_dag.py took 0.098 seconds
[2025-03-11T03:31:07.368+0000] {processor.py:161} INFO - Started process (PID=72339) to work on /home/airflow/.local/lib/python3.12/site-packages/airflow/example_dags/tutorial_dag.py
[2025-03-11T03:31:07.370+0000] {processor.py:830} INFO - Processing file /home/airflow/.local/lib/python3.12/site-packages/airflow/example_dags/tutorial_dag.py for tasks to queue
[2025-03-11T03:31:07.372+0000] {logging_mixin.py:188} INFO - [2025-03-11T03:31:07.372+0000] {dagbag.py:545} INFO - Filling up the DagBag from /home/airflow/.local/lib/python3.12/site-packages/airflow/example_dags/tutorial_dag.py
[2025-03-11T03:31:07.378+0000] {processor.py:840} INFO - DAG(s) 'tutorial_dag' retrieved from /home/airflow/.local/lib/python3.12/site-packages/airflow/example_dags/tutorial_dag.py
[2025-03-11T03:31:07.398+0000] {logging_mixin.py:188} INFO - [2025-03-11T03:31:07.398+0000] {dag.py:3096} INFO - Sync 1 DAGs
[2025-03-11T03:31:07.412+0000] {logging_mixin.py:188} INFO - [2025-03-11T03:31:07.411+0000] {dag.py:3954} INFO - Setting next_dagrun for tutorial_dag to None, run_after=None
[2025-03-11T03:31:07.434+0000] {processor.py:183} INFO - Processing /home/airflow/.local/lib/python3.12/site-packages/airflow/example_dags/tutorial_dag.py took 0.072 seconds
[2025-03-11T03:31:40.481+0000] {processor.py:161} INFO - Started process (PID=72601) to work on /home/airflow/.local/lib/python3.12/site-packages/airflow/example_dags/tutorial_dag.py
[2025-03-11T03:31:40.482+0000] {processor.py:830} INFO - Processing file /home/airflow/.local/lib/python3.12/site-packages/airflow/example_dags/tutorial_dag.py for tasks to queue
[2025-03-11T03:31:40.484+0000] {logging_mixin.py:188} INFO - [2025-03-11T03:31:40.484+0000] {dagbag.py:545} INFO - Filling up the DagBag from /home/airflow/.local/lib/python3.12/site-packages/airflow/example_dags/tutorial_dag.py
[2025-03-11T03:31:40.491+0000] {processor.py:840} INFO - DAG(s) 'tutorial_dag' retrieved from /home/airflow/.local/lib/python3.12/site-packages/airflow/example_dags/tutorial_dag.py
[2025-03-11T03:31:40.511+0000] {logging_mixin.py:188} INFO - [2025-03-11T03:31:40.511+0000] {dag.py:3096} INFO - Sync 1 DAGs
[2025-03-11T03:31:40.524+0000] {logging_mixin.py:188} INFO - [2025-03-11T03:31:40.524+0000] {dag.py:3954} INFO - Setting next_dagrun for tutorial_dag to None, run_after=None
[2025-03-11T03:31:40.544+0000] {processor.py:183} INFO - Processing /home/airflow/.local/lib/python3.12/site-packages/airflow/example_dags/tutorial_dag.py took 0.072 seconds
[2025-03-11T03:32:11.650+0000] {processor.py:161} INFO - Started process (PID=72863) to work on /home/airflow/.local/lib/python3.12/site-packages/airflow/example_dags/tutorial_dag.py
[2025-03-11T03:32:11.651+0000] {processor.py:830} INFO - Processing file /home/airflow/.local/lib/python3.12/site-packages/airflow/example_dags/tutorial_dag.py for tasks to queue
[2025-03-11T03:32:11.654+0000] {logging_mixin.py:188} INFO - [2025-03-11T03:32:11.653+0000] {dagbag.py:545} INFO - Filling up the DagBag from /home/airflow/.local/lib/python3.12/site-packages/airflow/example_dags/tutorial_dag.py
[2025-03-11T03:32:11.659+0000] {processor.py:840} INFO - DAG(s) 'tutorial_dag' retrieved from /home/airflow/.local/lib/python3.12/site-packages/airflow/example_dags/tutorial_dag.py
[2025-03-11T03:32:11.680+0000] {logging_mixin.py:188} INFO - [2025-03-11T03:32:11.680+0000] {dag.py:3096} INFO - Sync 1 DAGs
[2025-03-11T03:32:11.693+0000] {logging_mixin.py:188} INFO - [2025-03-11T03:32:11.693+0000] {dag.py:3954} INFO - Setting next_dagrun for tutorial_dag to None, run_after=None
[2025-03-11T03:32:11.713+0000] {processor.py:183} INFO - Processing /home/airflow/.local/lib/python3.12/site-packages/airflow/example_dags/tutorial_dag.py took 0.069 seconds
[2025-03-11T03:32:44.104+0000] {processor.py:161} INFO - Started process (PID=73125) to work on /home/airflow/.local/lib/python3.12/site-packages/airflow/example_dags/tutorial_dag.py
[2025-03-11T03:32:44.106+0000] {processor.py:830} INFO - Processing file /home/airflow/.local/lib/python3.12/site-packages/airflow/example_dags/tutorial_dag.py for tasks to queue
[2025-03-11T03:32:44.108+0000] {logging_mixin.py:188} INFO - [2025-03-11T03:32:44.108+0000] {dagbag.py:545} INFO - Filling up the DagBag from /home/airflow/.local/lib/python3.12/site-packages/airflow/example_dags/tutorial_dag.py
[2025-03-11T03:32:44.114+0000] {processor.py:840} INFO - DAG(s) 'tutorial_dag' retrieved from /home/airflow/.local/lib/python3.12/site-packages/airflow/example_dags/tutorial_dag.py
[2025-03-11T03:32:44.141+0000] {logging_mixin.py:188} INFO - [2025-03-11T03:32:44.140+0000] {dag.py:3096} INFO - Sync 1 DAGs
[2025-03-11T03:32:44.157+0000] {logging_mixin.py:188} INFO - [2025-03-11T03:32:44.156+0000] {dag.py:3954} INFO - Setting next_dagrun for tutorial_dag to None, run_after=None
[2025-03-11T03:32:44.180+0000] {processor.py:183} INFO - Processing /home/airflow/.local/lib/python3.12/site-packages/airflow/example_dags/tutorial_dag.py took 0.083 seconds
