[2025-03-16T13:52:23.696+0000] {processor.py:161} INFO - Started process (PID=245) to work on /home/airflow/.local/lib/python3.12/site-packages/airflow/example_dags/example_datasets.py
[2025-03-16T13:52:23.697+0000] {processor.py:830} INFO - Processing file /home/airflow/.local/lib/python3.12/site-packages/airflow/example_dags/example_datasets.py for tasks to queue
[2025-03-16T13:52:23.700+0000] {logging_mixin.py:188} INFO - [2025-03-16T13:52:23.699+0000] {dagbag.py:545} INFO - Filling up the DagBag from /home/airflow/.local/lib/python3.12/site-packages/airflow/example_dags/example_datasets.py
[2025-03-16T13:52:23.719+0000] {processor.py:840} INFO - DAG(s) 'dataset_consumes_1', 'dataset_consumes_1_and_2', 'dataset_consumes_unknown_never_scheduled', 'dataset_produces_2', 'dataset_produces_1', 'conditional_dataset_and_time_based_timetable', 'consume_1_or_2_with_dataset_expressions', 'consume_1_or_both_2_and_3_with_dataset_expressions', 'dataset_consumes_1_never_scheduled', 'consume_1_and_2_with_dataset_expressions' retrieved from /home/airflow/.local/lib/python3.12/site-packages/airflow/example_dags/example_datasets.py
[2025-03-16T13:52:23.791+0000] {logging_mixin.py:188} INFO - [2025-03-16T13:52:23.791+0000] {dag.py:3096} INFO - Sync 10 DAGs
[2025-03-16T13:52:23.822+0000] {logging_mixin.py:188} INFO - [2025-03-16T13:52:23.822+0000] {dag.py:3954} INFO - Setting next_dagrun for conditional_dataset_and_time_based_timetable to 2025-03-12 01:00:00+00:00, run_after=2025-03-12 01:00:00+00:00
[2025-03-16T13:52:23.826+0000] {logging_mixin.py:188} INFO - [2025-03-16T13:52:23.826+0000] {dag.py:3954} INFO - Setting next_dagrun for consume_1_and_2_with_dataset_expressions to None, run_after=None
[2025-03-16T13:52:23.829+0000] {logging_mixin.py:188} INFO - [2025-03-16T13:52:23.829+0000] {dag.py:3954} INFO - Setting next_dagrun for consume_1_or_2_with_dataset_expressions to None, run_after=None
[2025-03-16T13:52:23.832+0000] {logging_mixin.py:188} INFO - [2025-03-16T13:52:23.831+0000] {dag.py:3954} INFO - Setting next_dagrun for consume_1_or_both_2_and_3_with_dataset_expressions to None, run_after=None
[2025-03-16T13:52:23.834+0000] {logging_mixin.py:188} INFO - [2025-03-16T13:52:23.834+0000] {dag.py:3954} INFO - Setting next_dagrun for dataset_consumes_1 to None, run_after=None
[2025-03-16T13:52:23.836+0000] {logging_mixin.py:188} INFO - [2025-03-16T13:52:23.836+0000] {dag.py:3954} INFO - Setting next_dagrun for dataset_consumes_1_and_2 to None, run_after=None
[2025-03-16T13:52:23.838+0000] {logging_mixin.py:188} INFO - [2025-03-16T13:52:23.838+0000] {dag.py:3954} INFO - Setting next_dagrun for dataset_consumes_1_never_scheduled to None, run_after=None
[2025-03-16T13:52:23.841+0000] {logging_mixin.py:188} INFO - [2025-03-16T13:52:23.840+0000] {dag.py:3954} INFO - Setting next_dagrun for dataset_consumes_unknown_never_scheduled to None, run_after=None
[2025-03-16T13:52:23.844+0000] {logging_mixin.py:188} INFO - [2025-03-16T13:52:23.844+0000] {dag.py:3954} INFO - Setting next_dagrun for dataset_produces_1 to 2025-03-15 00:00:00+00:00, run_after=2025-03-16 00:00:00+00:00
[2025-03-16T13:52:23.847+0000] {logging_mixin.py:188} INFO - [2025-03-16T13:52:23.846+0000] {dag.py:3954} INFO - Setting next_dagrun for dataset_produces_2 to None, run_after=None
[2025-03-16T13:52:23.906+0000] {processor.py:183} INFO - Processing /home/airflow/.local/lib/python3.12/site-packages/airflow/example_dags/example_datasets.py took 0.216 seconds
[2025-03-16T13:52:54.004+0000] {processor.py:161} INFO - Started process (PID=507) to work on /home/airflow/.local/lib/python3.12/site-packages/airflow/example_dags/example_datasets.py
[2025-03-16T13:52:54.007+0000] {processor.py:830} INFO - Processing file /home/airflow/.local/lib/python3.12/site-packages/airflow/example_dags/example_datasets.py for tasks to queue
[2025-03-16T13:52:54.010+0000] {logging_mixin.py:188} INFO - [2025-03-16T13:52:54.010+0000] {dagbag.py:545} INFO - Filling up the DagBag from /home/airflow/.local/lib/python3.12/site-packages/airflow/example_dags/example_datasets.py
[2025-03-16T13:52:54.027+0000] {processor.py:840} INFO - DAG(s) 'dataset_consumes_unknown_never_scheduled', 'consume_1_or_both_2_and_3_with_dataset_expressions', 'dataset_consumes_1_and_2', 'dataset_produces_1', 'consume_1_or_2_with_dataset_expressions', 'dataset_consumes_1', 'consume_1_and_2_with_dataset_expressions', 'dataset_produces_2', 'conditional_dataset_and_time_based_timetable', 'dataset_consumes_1_never_scheduled' retrieved from /home/airflow/.local/lib/python3.12/site-packages/airflow/example_dags/example_datasets.py
[2025-03-16T13:52:54.091+0000] {logging_mixin.py:188} INFO - [2025-03-16T13:52:54.090+0000] {dag.py:3096} INFO - Sync 10 DAGs
[2025-03-16T13:52:54.123+0000] {logging_mixin.py:188} INFO - [2025-03-16T13:52:54.122+0000] {dag.py:3954} INFO - Setting next_dagrun for conditional_dataset_and_time_based_timetable to 2025-03-12 01:00:00+00:00, run_after=2025-03-12 01:00:00+00:00
[2025-03-16T13:52:54.128+0000] {logging_mixin.py:188} INFO - [2025-03-16T13:52:54.127+0000] {dag.py:3954} INFO - Setting next_dagrun for consume_1_and_2_with_dataset_expressions to None, run_after=None
[2025-03-16T13:52:54.130+0000] {logging_mixin.py:188} INFO - [2025-03-16T13:52:54.130+0000] {dag.py:3954} INFO - Setting next_dagrun for consume_1_or_2_with_dataset_expressions to None, run_after=None
[2025-03-16T13:52:54.132+0000] {logging_mixin.py:188} INFO - [2025-03-16T13:52:54.132+0000] {dag.py:3954} INFO - Setting next_dagrun for consume_1_or_both_2_and_3_with_dataset_expressions to None, run_after=None
[2025-03-16T13:52:54.135+0000] {logging_mixin.py:188} INFO - [2025-03-16T13:52:54.134+0000] {dag.py:3954} INFO - Setting next_dagrun for dataset_consumes_1 to None, run_after=None
[2025-03-16T13:52:54.137+0000] {logging_mixin.py:188} INFO - [2025-03-16T13:52:54.137+0000] {dag.py:3954} INFO - Setting next_dagrun for dataset_consumes_1_and_2 to None, run_after=None
[2025-03-16T13:52:54.139+0000] {logging_mixin.py:188} INFO - [2025-03-16T13:52:54.139+0000] {dag.py:3954} INFO - Setting next_dagrun for dataset_consumes_1_never_scheduled to None, run_after=None
[2025-03-16T13:52:54.142+0000] {logging_mixin.py:188} INFO - [2025-03-16T13:52:54.142+0000] {dag.py:3954} INFO - Setting next_dagrun for dataset_consumes_unknown_never_scheduled to None, run_after=None
[2025-03-16T13:52:54.146+0000] {logging_mixin.py:188} INFO - [2025-03-16T13:52:54.145+0000] {dag.py:3954} INFO - Setting next_dagrun for dataset_produces_1 to 2025-03-15 00:00:00+00:00, run_after=2025-03-16 00:00:00+00:00
[2025-03-16T13:52:54.148+0000] {logging_mixin.py:188} INFO - [2025-03-16T13:52:54.148+0000] {dag.py:3954} INFO - Setting next_dagrun for dataset_produces_2 to None, run_after=None
[2025-03-16T13:52:54.197+0000] {processor.py:183} INFO - Processing /home/airflow/.local/lib/python3.12/site-packages/airflow/example_dags/example_datasets.py took 0.202 seconds
