[2025-03-16T13:52:23.505+0000] {processor.py:161} INFO - Started process (PID=232) to work on /home/airflow/.local/lib/python3.12/site-packages/airflow/example_dags/example_subdag_operator.py
[2025-03-16T13:52:23.507+0000] {processor.py:830} INFO - Processing file /home/airflow/.local/lib/python3.12/site-packages/airflow/example_dags/example_subdag_operator.py for tasks to queue
[2025-03-16T13:52:23.509+0000] {logging_mixin.py:188} INFO - [2025-03-16T13:52:23.509+0000] {dagbag.py:545} INFO - Filling up the DagBag from /home/airflow/.local/lib/python3.12/site-packages/airflow/example_dags/example_subdag_operator.py
[2025-03-16T13:52:23.539+0000] {processor.py:840} INFO - DAG(s) 'example_subdag_operator.section-1', 'example_subdag_operator.section-2', 'example_subdag_operator' retrieved from /home/airflow/.local/lib/python3.12/site-packages/airflow/example_dags/example_subdag_operator.py
[2025-03-16T13:52:23.559+0000] {logging_mixin.py:188} INFO - [2025-03-16T13:52:23.559+0000] {dag.py:3096} INFO - Sync 3 DAGs
[2025-03-16T13:52:23.590+0000] {logging_mixin.py:188} INFO - [2025-03-16T13:52:23.589+0000] {dag.py:3954} INFO - Setting next_dagrun for example_subdag_operator to 2022-01-01 00:00:00+00:00, run_after=2022-01-01 00:00:00+00:00
[2025-03-16T13:52:23.596+0000] {logging_mixin.py:188} INFO - [2025-03-16T13:52:23.595+0000] {dag.py:3954} INFO - Setting next_dagrun for example_subdag_operator.section-1 to None, run_after=None
[2025-03-16T13:52:23.598+0000] {logging_mixin.py:188} INFO - [2025-03-16T13:52:23.598+0000] {dag.py:3954} INFO - Setting next_dagrun for example_subdag_operator.section-2 to None, run_after=None
[2025-03-16T13:52:23.610+0000] {logging_mixin.py:188} INFO - [2025-03-16T13:52:23.610+0000] {dag.py:3096} INFO - Sync 2 DAGs
[2025-03-16T13:52:23.618+0000] {logging_mixin.py:188} INFO - [2025-03-16T13:52:23.618+0000] {dag.py:3954} INFO - Setting next_dagrun for example_subdag_operator.section-1 to None, run_after=None
[2025-03-16T13:52:23.619+0000] {logging_mixin.py:188} INFO - [2025-03-16T13:52:23.619+0000] {dag.py:3954} INFO - Setting next_dagrun for example_subdag_operator.section-2 to None, run_after=None
[2025-03-16T13:52:23.641+0000] {processor.py:183} INFO - Processing /home/airflow/.local/lib/python3.12/site-packages/airflow/example_dags/example_subdag_operator.py took 0.142 seconds
[2025-03-16T13:52:53.805+0000] {processor.py:161} INFO - Started process (PID=497) to work on /home/airflow/.local/lib/python3.12/site-packages/airflow/example_dags/example_subdag_operator.py
[2025-03-16T13:52:53.806+0000] {processor.py:830} INFO - Processing file /home/airflow/.local/lib/python3.12/site-packages/airflow/example_dags/example_subdag_operator.py for tasks to queue
[2025-03-16T13:52:53.811+0000] {logging_mixin.py:188} INFO - [2025-03-16T13:52:53.809+0000] {dagbag.py:545} INFO - Filling up the DagBag from /home/airflow/.local/lib/python3.12/site-packages/airflow/example_dags/example_subdag_operator.py
[2025-03-16T13:52:53.845+0000] {processor.py:840} INFO - DAG(s) 'example_subdag_operator.section-1', 'example_subdag_operator.section-2', 'example_subdag_operator' retrieved from /home/airflow/.local/lib/python3.12/site-packages/airflow/example_dags/example_subdag_operator.py
[2025-03-16T13:52:53.863+0000] {logging_mixin.py:188} INFO - [2025-03-16T13:52:53.863+0000] {dag.py:3096} INFO - Sync 3 DAGs
[2025-03-16T13:52:53.894+0000] {logging_mixin.py:188} INFO - [2025-03-16T13:52:53.894+0000] {dag.py:3954} INFO - Setting next_dagrun for example_subdag_operator to 2022-01-01 00:00:00+00:00, run_after=2022-01-01 00:00:00+00:00
[2025-03-16T13:52:53.900+0000] {logging_mixin.py:188} INFO - [2025-03-16T13:52:53.899+0000] {dag.py:3954} INFO - Setting next_dagrun for example_subdag_operator.section-1 to None, run_after=None
[2025-03-16T13:52:53.903+0000] {logging_mixin.py:188} INFO - [2025-03-16T13:52:53.903+0000] {dag.py:3954} INFO - Setting next_dagrun for example_subdag_operator.section-2 to None, run_after=None
[2025-03-16T13:52:53.917+0000] {logging_mixin.py:188} INFO - [2025-03-16T13:52:53.917+0000] {dag.py:3096} INFO - Sync 2 DAGs
[2025-03-16T13:52:53.929+0000] {logging_mixin.py:188} INFO - [2025-03-16T13:52:53.928+0000] {dag.py:3954} INFO - Setting next_dagrun for example_subdag_operator.section-1 to None, run_after=None
[2025-03-16T13:52:53.930+0000] {logging_mixin.py:188} INFO - [2025-03-16T13:52:53.930+0000] {dag.py:3954} INFO - Setting next_dagrun for example_subdag_operator.section-2 to None, run_after=None
[2025-03-16T13:52:53.950+0000] {processor.py:183} INFO - Processing /home/airflow/.local/lib/python3.12/site-packages/airflow/example_dags/example_subdag_operator.py took 0.154 seconds
